<!DOCTYPE html>
<html lang="en">
  <head>
    <meta charset="UTF-8" />
    <link rel="shortcut icon" href="data:image/png;base64,iVBORw0KGgoAAAANSUhEUgAAADAAAAAwCAYAAABXAvmHAAAABHNCSVQICAgIfAhkiAAAAAlwSFlzAAAC1QAAAtUBwMJvJQAAABl0RVh0U29mdHdhcmUAd3d3Lmlua3NjYXBlLm9yZ5vuPBoAAAf5SURBVGiB7Zp7UFT3Fcc/v3vv8kaQgA8CEmtE8ZEYiVETjS+UkUcm09FM0rE2iRPttOOjY60WbLwNQoI6I9HONNo2rbZpxmo7RkBH8Z34qJpEx2cdoxHREZ8gu+yyu9xf/4BddoFdFlzTOu33r7vnd37nnO+9v9c5vxUEGfp4PcwWpb1pSDFTQBqAhPNCig3h9fYN+n7dFkx/IpjGFucsz0WKEuB7PlSqEOQXl+X9GYQMhs+gEPhFdkGaQFkNZAbkVHJAKur84rIlpx7W90MR+FmmHhdqClkmpfwpoLrkIWEhjJs2iuEThgLw1b7THNhyFLvN7tndEEJ+oihiUdG2/OquxtAlArPT15niet15S0IhEO82JmDIS2lkz5pEbEI3rz5198xU/PVzju88iZReo6dGwAcWI7pk7Y55DY+cwJLsggwDZbWAIZ7ypP69yZ09mZS0JL/9r1+6ybb1u7h6rqp100VDioUrt+eVdSaegAksyinor0i1EOR0T3m3uCgyfjCWEZnDECIwc1LCmUPn2f7xXu7fqm0d0m4U54Li0nfPBmKrQ4/6dD3KZjX9XEqWAKEuuaqpjMoazpQfjiM0PCSgwFvD0eDgwN+PcmDLERx2p1eTEOK3Ns2+rGSrXtMlArquK9YTphlIVgA9PdvSXuhP7uzJxPWK7VLgrVF7p46dG/fz9b7TeE8P7iF473J4/99s3vxaY3t92yWwKLtorIJcAwzzlPdIjifnnQxSh/ta5h8Ol89UUra+ghuX2yxKJw3EvJXleZ+3bmhDYHF20bsglwGKSxYRHc6kN8YwOud5FMX/qLOabVRfvY3R6lUqQtAzJYHwqDC//aWUfL3vLNs/3oO5xuLZZEjQV5TnF/gksDiraA5CfuT6rWoK6RnPkjlzHJHdIvw6djnf8cd91NdZ222PiA5n6lsTAprsVouN/ZuPcOizYzgdLaNHwJwPyvPXtyGg5+oRVsNUBXQHSElLYtr8bBKSnujQmQt2m51t6yr86rwyZzIhYYFP+ttVd9lcUkblhesuUU2jIyRp1a5FFvAYJjap5bqCj03oxqyC1zsV/KNCQtITzCp4g5h498YYq5kaslw/3ASkVAa4ngePHtCpt/SoERoewuDRqe7fBmKg61lpUTOiXU9hEaH8tyE8smXyC6T7cyjtaj9GCCoB1aShqL5NKqqCatKC6ZKgWlNVhRFTnuXquSoMQ3Lr2h2gaQNUFEHKoCRUPwS7guC+DiA5NZHk1EQMQ/KPtdsBGPPqCx1ugF3FYz8HuvwFzLX1OBocPtul0XKUqLlVi/DzBUJCTUTGdLzTt4cuEThRcYpv2yYkPrF306EOdfoOTiY945lOx9JpAubaer49V4WiKv4PZhIsD+oBms5RfqaA1WzjytlrDBzxdKe/RKcJOJoT86jYSKbMeNmnnuckzvzReL+TeNdfDvLgbh12m73TBP53JrGUEqvZhtXcVFgzGg0stfVoIVqblNJqseG0txyBm/RUr+MAwP1bNVhqrdQ/sNJgtXPz6m1sVjs9+8SjKIG924AIOB1O9m46zIO7dW6ZucbCjj/tA2DQqFQGjewPwOHSE20yqp0b9wPwZL9ejM5JB+DTFVs5dfCcl97pL84DEBkTwcKPfkxEtP/kBwIcQvdv1XoF3xquEomjwdleOujG9W9uupP3iycu+9Sz1NZz8ctLgYQWGAHPNb3d9ub0UUojAFtNOkYHuk5nuzl8Gzz2k/j/BP7TaCEgFXeNr3VVoaMlzbVJBbL0uXT85Q0Amua9QJpr6z2t3Hc/uR6EYrhrkacPXfAi0b1XLPGJcT6D7zfsqSanIRpPDU5ut2wihKDv4GS0kKbAnhk7yOcBL65nDGnNyzI0HUnOHvlXi4JsidVtYe7UNaERqrkSKXsA9OgTz7R52fQZ+KS7n9PubFOw0jS1zdtsdDbS2Oi9yqiqgqqpXjK7zYHV4n3jpGmq13Gi8sJ1tnxY7k6OgOrwCEcffbNu9yIAsCR7+XSJ+JubXXO9P+vtiXTvEcN3iQf3zOxue58gpRCvrSjL2+KOsXXH5urch3hUok2hJl7MfZ5Jr7/0yMstDruTw9uOs3fTIRqsXjc6DQgxt7gs73eewnYHYV524ZBGKAEmecpj4qPJnDmB5yYMIcCrgE7h/LFLlK7bxb3qNhX1PSosKCrPP9O6wW8YzbeOq4F+nvLkAYm8MnsKyQMSHzpogBuXqyldX8GVM5Vecim5JhSWFpflb/TVt8P3ODt9nal77zs/QfIe4C4oCSF4bsIQst6eSFRsZJcCr6+zsufTLzhSdgLD+7hiEYJVYWbHBx3dKwc8EPIyC3s7NXQBs2h1I/ny90cyfvqLaCbVj4UWNDoNjm7/kopPDmKzeN3rSRBbNM1YWPjZ0muB2OrCJd/76RKjBBjjKY9PjCNz5jiGjknz2//SySuUrt9NdeVt7wbJcUUR898vyzvSmXi6PBUX5yzPFVKslZDiKX96WF9y38mgZ0qCl/6d6/co/8Nuzh9rc0y+IeDXYSMcv9d1vePjbCs81Fqi5+oRNsM0V8JSIMolVzWFkVOHM3zi0OYblzP8c8dXNDq94rNKWIOqFa7Ytth3stEBgvNXg6nFSYrqKJJSzAjEphCyzCnkvFWlv7rysL6Dupr/MqtopKHIEiSjfKicNBSxYGVp3oFg+Qz6dqTrulJ/PORVIeWbCAYBIDknkBu+iUzd6uu6tKv4N+243iwIA9v6AAAAAElFTkSuQmCC" />
    <meta name="viewport" content="width=device-width, initial-scale=1.0" />
    <title>Postgres EXPLAIN Visualizer 2 (pev2)</title>
    <script type="module" crossorigin>(function(){const e=document.createElement("link").relList;if(e&&e.supports&&e.supports("modulepreload"))return;for(const i of document.querySelectorAll('link[rel="modulepreload"]'))r(i);new MutationObserver(i=>{for(const o of i)if(o.type==="childList")for(const l of o.addedNodes)l.tagName==="LINK"&&l.rel==="modulepreload"&&r(l)}).observe(document,{childList:!0,subtree:!0});function n(i){const o={};return i.integrity&&(o.integrity=i.integrity),i.referrerPolicy&&(o.referrerPolicy=i.referrerPolicy),i.crossOrigin==="use-credentials"?o.credentials="include":i.crossOrigin==="anonymous"?o.credentials="omit":o.credentials="same-origin",o}function r(i){if(i.ep)return;i.ep=!0;const o=n(i);fetch(i.href,o)}})();/**
* @vue/shared v3.5.13
* (c) 2018-present Yuxi (Evan) You and Vue contributors
* @license MIT
**//*! #__NO_SIDE_EFFECTS__ */function S0(t){const e=Object.create(null);for(const n of t.split(","))e[n]=1;return n=>n in e}const qe={},aa=[],Ai=()=>{},$2=()=>!1,vd=t=>t.charCodeAt(0)===111&&t.charCodeAt(1)===110&&(t.charCodeAt(2)>122||t.charCodeAt(2)<97),A0=t=>t.startsWith("onUpdate:"),$n=Object.assign,R0=(t,e)=>{const n=t.indexOf(e);n>-1&&t.splice(n,1)},F2=Object.prototype.hasOwnProperty,Fe=(t,e)=>F2.call(t,e),pe=Array.isArray,la=t=>Sd(t)==="[object Map]",FT=t=>Sd(t)==="[object Set]",_e=t=>typeof t=="function",En=t=>typeof t=="string",ns=t=>typeof t=="symbol",an=t=>t!==null&&typeof t=="object",VT=t=>(an(t)||_e(t))&&_e(t.then)&&_e(t.catch),zT=Object.prototype.toString,Sd=t=>zT.call(t),V2=t=>Sd(t).slice(8,-1),GT=t=>Sd(t)==="[object Object]",b0=t=>En(t)&&t!=="NaN"&&t[0]!=="-"&&""+parseInt(t,10)===t,bl=S0(",key,ref,ref_for,ref_key,onVnodeBeforeMount,onVnodeMounted,onVnodeBeforeUpdate,onVnodeUpdated,onVnodeBeforeUnmount,onVnodeUnmounted"),Ad=t=>{const e=Object.create(null);return n=>e[n]||(e[n]=t(n))},z2=/-(\w)/g,Hr=Ad(t=>t.replace(z2,(e,n)=>n?n.toUpperCase():"")),G2=/\B([A-Z])/g,Lo=Ad(t=>t.replace(G2,"-$1").toLowerCase()),Rd=Ad(t=>t.charAt(0).toUpperCase()+t.slice(1)),vp=Ad(t=>t?`on${Rd(t)}`:""),As=(t,e)=>!Object.is(t,e),Cu=(t,...e)=>{for(let n=0;n<t.length;n++)t[n](...e)},XT=(t,e,n,r=!1)=>{Object.defineProperty(t,e,{configurable:!0,enumerable:!1,writable:r,value:n})},hh=t=>{const e=parseFloat(t);return isNaN(e)?t:e};let zE;const bd=()=>zE||(zE=typeof globalThis<"u"?globalThis:typeof self<"u"?self:typeof window<"u"?window:typeof global<"u"?global:{});function Qe(t){if(pe(t)){const e={};for(let n=0;n<t.length;n++){const r=t[n],i=En(r)?q2(r):Qe(r);if(i)for(const o in i)e[o]=i[o]}return e}else if(En(t)||an(t))return t}const X2=/;(?![^(]*\))/g,K2=/:([^]+)/,Y2=/\/\*[^]*?\*\//g;function q2(t){const e={};return t.replace(Y2,"").split(X2).forEach(n=>{if(n){const r=n.split(K2);r.length>1&&(e[r[0].trim()]=r[1].trim())}}),e}function Pt(t){let e="";if(En(t))e=t;else if(pe(t))for(let n=0;n<t.length;n++){const r=Pt(t[n]);r&&(e+=r+" ")}else if(an(t))for(const n in t)t[n]&&(e+=n+" ");return e.trim()}const j2="itemscope,allowfullscreen,formnovalidate,ismap,nomodule,novalidate,readonly",J2=S0(j2);function KT(t){return!!t||t===""}const YT=t=>!!(t&&t.__v_isRef===!0),mt=t=>En(t)?t:t==null?"":pe(t)||an(t)&&(t.toString===zT||!_e(t.toString))?YT(t)?mt(t.value):JSON.stringify(t,qT,2):String(t),qT=(t,e)=>YT(e)?qT(t,e.value):la(e)?{[`Map(${e.size})`]:[...e.entries()].reduce((n,[r,i],o)=>(n[Sp(r,o)+" =>"]=i,n),{})}:FT(e)?{[`Set(${e.size})`]:[...e.values()].map(n=>Sp(n))}:ns(e)?Sp(e):an(e)&&!pe(e)&&!GT(e)?String(e):e,Sp=(t,e="")=>{var n;return ns(t)?`Symbol(${(n=t.description)!=null?n:e})`:t};/**
* @vue/reactivity v3.5.13
* (c) 2018-present Yuxi (Evan) You and Vue contributors
* @license MIT
**/let gr;class Q2{constructor(e=!1){this.detached=e,this._active=!0,this.effects=[],this.cleanups=[],this._isPaused=!1,this.parent=gr,!e&&gr&&(this.index=(gr.scopes||(gr.scopes=[])).push(this)-1)}get active(){return this._active}pause(){if(this._active){this._isPaused=!0;let e,n;if(this.scopes)for(e=0,n=this.scopes.length;e<n;e++)this.scopes[e].pause();for(e=0,n=this.effects.length;e<n;e++)this.effects[e].pause()}}resume(){if(this._active&&this._isPaused){this._isPaused=!1;let e,n;if(this.scopes)for(e=0,n=this.scopes.length;e<n;e++)this.scopes[e].resume();for(e=0,n=this.effects.length;e<n;e++)this.effects[e].resume()}}run(e){if(this._active){const n=gr;try{return gr=this,e()}finally{gr=n}}}on(){gr=this}off(){gr=this.parent}stop(e){if(this._active){this._active=!1;let n,r;for(n=0,r=this.effects.length;n<r;n++)this.effects[n].stop();for(this.effects.length=0,n=0,r=this.cleanups.length;n<r;n++)this.cleanups[n]();if(this.cleanups.length=0,this.scopes){for(n=0,r=this.scopes.length;n<r;n++)this.scopes[n].stop(!0);this.scopes.length=0}if(!this.detached&&this.parent&&!e){const i=this.parent.scopes.pop();i&&i!==this&&(this.parent.scopes[this.index]=i,i.index=this.index)}this.parent=void 0}}}function Z2(){return gr}let Ze;const Ap=new WeakSet;class jT{constructor(e){this.fn=e,this.deps=void 0,this.depsTail=void 0,this.flags=5,this.next=void 0,this.cleanup=void 0,this.scheduler=void 0,gr&&gr.active&&gr.effects.push(this)}pause(){this.flags|=64}resume(){this.flags&64&&(this.flags&=-65,Ap.has(this)&&(Ap.delete(this),this.trigger()))}notify(){this.flags&2&&!(this.flags&32)||this.flags&8||QT(this)}run(){if(!(this.flags&1))return this.fn();this.flags|=2,GE(this),ZT(this);const e=Ze,n=ni;Ze=this,ni=!0;try{return this.fn()}finally{tv(this),Ze=e,ni=n,this.flags&=-3}}stop(){if(this.flags&1){for(let e=this.deps;e;e=e.nextDep)y0(e);this.deps=this.depsTail=void 0,GE(this),this.onStop&&this.onStop(),this.flags&=-2}}trigger(){this.flags&64?Ap.add(this):this.scheduler?this.scheduler():this.runIfDirty()}runIfDirty(){mh(this)&&this.run()}get dirty(){return mh(this)}}let JT=0,Ol,Ll;function QT(t,e=!1){if(t.flags|=8,e){t.next=Ll,Ll=t;return}t.next=Ol,Ol=t}function O0(){JT++}function L0(){if(--JT>0)return;if(Ll){let e=Ll;for(Ll=void 0;e;){const n=e.next;e.next=void 0,e.flags&=-9,e=n}}let t;for(;Ol;){let e=Ol;for(Ol=void 0;e;){const n=e.next;if(e.next=void 0,e.flags&=-9,e.flags&1)try{e.trigger()}catch(r){t||(t=r)}e=n}}if(t)throw t}function ZT(t){for(let e=t.deps;e;e=e.nextDep)e.version=-1,e.prevActiveLink=e.dep.activeLink,e.dep.activeLink=e}function tv(t){let e,n=t.depsTail,r=n;for(;r;){const i=r.prevDep;r.version===-1?(r===n&&(n=i),y0(r),tw(r)):e=r,r.dep.activeLink=r.prevActiveLink,r.prevActiveLink=void 0,r=i}t.deps=e,t.depsTail=n}function mh(t){for(let e=t.deps;e;e=e.nextDep)if(e.dep.version!==e.version||e.dep.computed&&(ev(e.dep.computed)||e.dep.version!==e.version))return!0;return!!t._dirty}function ev(t){if(t.flags&4&&!(t.flags&16)||(t.flags&=-17,t.globalVersion===Dl))return;t.globalVersion=Dl;const e=t.dep;if(t.flags|=2,e.version>0&&!t.isSSR&&t.deps&&!mh(t)){t.flags&=-3;return}const n=Ze,r=ni;Ze=t,ni=!0;try{ZT(t);const i=t.fn(t._value);(e.version===0||As(i,t._value))&&(t._value=i,e.version++)}catch(i){throw e.version++,i}finally{Ze=n,ni=r,tv(t),t.flags&=-3}}function y0(t,e=!1){const{dep:n,prevSub:r,nextSub:i}=t;if(r&&(r.nextSub=i,t.prevSub=void 0),i&&(i.prevSub=r,t.nextSub=void 0),n.subs===t&&(n.subs=r,!r&&n.computed)){n.computed.flags&=-5;for(let o=n.computed.deps;o;o=o.nextDep)y0(o,!0)}!e&&!--n.sc&&n.map&&n.map.delete(n.key)}function tw(t){const{prevDep:e,nextDep:n}=t;e&&(e.nextDep=n,t.prevDep=void 0),n&&(n.prevDep=e,t.nextDep=void 0)}let ni=!0;const nv=[];function xs(){nv.push(ni),ni=!1}function Is(){const t=nv.pop();ni=t===void 0?!0:t}function GE(t){const{cleanup:e}=t;if(t.cleanup=void 0,e){const n=Ze;Ze=void 0;try{e()}finally{Ze=n}}}let Dl=0;class ew{constructor(e,n){this.sub=e,this.dep=n,this.version=n.version,this.nextDep=this.prevDep=this.nextSub=this.prevSub=this.prevActiveLink=void 0}}class N0{constructor(e){this.computed=e,this.version=0,this.activeLink=void 0,this.subs=void 0,this.map=void 0,this.key=void 0,this.sc=0}track(e){if(!Ze||!ni||Ze===this.computed)return;let n=this.activeLink;if(n===void 0||n.sub!==Ze)n=this.activeLink=new ew(Ze,this),Ze.deps?(n.prevDep=Ze.depsTail,Ze.depsTail.nextDep=n,Ze.depsTail=n):Ze.deps=Ze.depsTail=n,rv(n);else if(n.version===-1&&(n.version=this.version,n.nextDep)){const r=n.nextDep;r.prevDep=n.prevDep,n.prevDep&&(n.prevDep.nextDep=r),n.prevDep=Ze.depsTail,n.nextDep=void 0,Ze.depsTail.nextDep=n,Ze.depsTail=n,Ze.deps===n&&(Ze.deps=r)}return n}trigger(e){this.version++,Dl++,this.notify(e)}notify(e){O0();try{for(let n=this.subs;n;n=n.prevSub)n.sub.notify()&&n.sub.dep.notify()}finally{L0()}}}function rv(t){if(t.dep.sc++,t.sub.flags&4){const e=t.dep.computed;if(e&&!t.dep.subs){e.flags|=20;for(let r=e.deps;r;r=r.nextDep)rv(r)}const n=t.dep.subs;n!==t&&(t.prevSub=n,n&&(n.nextSub=t)),t.dep.subs=t}}const _h=new WeakMap,po=Symbol(""),Eh=Symbol(""),Pl=Symbol("");function Mn(t,e,n){if(ni&&Ze){let r=_h.get(t);r||_h.set(t,r=new Map);let i=r.get(n);i||(r.set(n,i=new N0),i.map=r,i.key=n),i.track()}}function Gi(t,e,n,r,i,o){const l=_h.get(t);if(!l){Dl++;return}const c=d=>{d&&d.trigger()};if(O0(),e==="clear")l.forEach(c);else{const d=pe(t),p=d&&b0(n);if(d&&n==="length"){const f=Number(r);l.forEach((E,R)=>{(R==="length"||R===Pl||!ns(R)&&R>=f)&&c(E)})}else switch((n!==void 0||l.has(void 0))&&c(l.get(n)),p&&c(l.get(Pl)),e){case"add":d?p&&c(l.get("length")):(c(l.get(po)),la(t)&&c(l.get(Eh)));break;case"delete":d||(c(l.get(po)),la(t)&&c(l.get(Eh)));break;case"set":la(t)&&c(l.get(po));break}}L0()}function qo(t){const e=$e(t);return e===t?e:(Mn(e,"iterate",Pl),Dr(t)?e:e.map(Hn))}function Od(t){return Mn(t=$e(t),"iterate",Pl),t}const nw={__proto__:null,[Symbol.iterator](){return Rp(this,Symbol.iterator,Hn)},concat(...t){return qo(this).concat(...t.map(e=>pe(e)?qo(e):e))},entries(){return Rp(this,"entries",t=>(t[1]=Hn(t[1]),t))},every(t,e){return Fi(this,"every",t,e,void 0,arguments)},filter(t,e){return Fi(this,"filter",t,e,n=>n.map(Hn),arguments)},find(t,e){return Fi(this,"find",t,e,Hn,arguments)},findIndex(t,e){return Fi(this,"findIndex",t,e,void 0,arguments)},findLast(t,e){return Fi(this,"findLast",t,e,Hn,arguments)},findLastIndex(t,e){return Fi(this,"findLastIndex",t,e,void 0,arguments)},forEach(t,e){return Fi(this,"forEach",t,e,void 0,arguments)},includes(...t){return bp(this,"includes",t)},indexOf(...t){return bp(this,"indexOf",t)},join(t){return qo(this).join(t)},lastIndexOf(...t){return bp(this,"lastIndexOf",t)},map(t,e){return Fi(this,"map",t,e,void 0,arguments)},pop(){return ul(this,"pop")},push(...t){return ul(this,"push",t)},reduce(t,...e){return XE(this,"reduce",t,e)},reduceRight(t,...e){return XE(this,"reduceRight",t,e)},shift(){return ul(this,"shift")},some(t,e){return Fi(this,"some",t,e,void 0,arguments)},splice(...t){return ul(this,"splice",t)},toReversed(){return qo(this).toReversed()},toSorted(t){return qo(this).toSorted(t)},toSpliced(...t){return qo(this).toSpliced(...t)},unshift(...t){return ul(this,"unshift",t)},values(){return Rp(this,"values",Hn)}};function Rp(t,e,n){const r=Od(t),i=r[e]();return r!==t&&!Dr(t)&&(i._next=i.next,i.next=()=>{const o=i._next();return o.value&&(o.value=n(o.value)),o}),i}const rw=Array.prototype;function Fi(t,e,n,r,i,o){const l=Od(t),c=l!==t&&!Dr(t),d=l[e];if(d!==rw[e]){const E=d.apply(t,o);return c?Hn(E):E}let p=n;l!==t&&(c?p=function(E,R){return n.call(this,Hn(E),R,t)}:n.length>2&&(p=function(E,R){return n.call(this,E,R,t)}));const f=d.call(l,p,r);return c&&i?i(f):f}function XE(t,e,n,r){const i=Od(t);let o=n;return i!==t&&(Dr(t)?n.length>3&&(o=function(l,c,d){return n.call(this,l,c,d,t)}):o=function(l,c,d){return n.call(this,l,Hn(c),d,t)}),i[e](o,...r)}function bp(t,e,n){const r=$e(t);Mn(r,"iterate",Pl);const i=r[e](...n);return(i===-1||i===!1)&&x0(n[0])?(n[0]=$e(n[0]),r[e](...n)):i}function ul(t,e,n=[]){xs(),O0();const r=$e(t)[e].apply(t,n);return L0(),Is(),r}const iw=S0("__proto__,__v_isRef,__isVue"),iv=new Set(Object.getOwnPropertyNames(Symbol).filter(t=>t!=="arguments"&&t!=="caller").map(t=>Symbol[t]).filter(ns));function sw(t){ns(t)||(t=String(t));const e=$e(this);return Mn(e,"has",t),e.hasOwnProperty(t)}class sv{constructor(e=!1,n=!1){this._isReadonly=e,this._isShallow=n}get(e,n,r){if(n==="__v_skip")return e.__v_skip;const i=this._isReadonly,o=this._isShallow;if(n==="__v_isReactive")return!i;if(n==="__v_isReadonly")return i;if(n==="__v_isShallow")return o;if(n==="__v_raw")return r===(i?o?mw:cv:o?lv:av).get(e)||Object.getPrototypeOf(e)===Object.getPrototypeOf(r)?e:void 0;const l=pe(e);if(!i){let d;if(l&&(d=nw[n]))return d;if(n==="hasOwnProperty")return sw}const c=Reflect.get(e,n,on(e)?e:r);return(ns(n)?iv.has(n):iw(n))||(i||Mn(e,"get",n),o)?c:on(c)?l&&b0(n)?c:c.value:an(c)?i?uv(c):lr(c):c}}class ov extends sv{constructor(e=!1){super(!1,e)}set(e,n,r,i){let o=e[n];if(!this._isShallow){const d=go(o);if(!Dr(r)&&!go(r)&&(o=$e(o),r=$e(r)),!pe(e)&&on(o)&&!on(r))return d?!1:(o.value=r,!0)}const l=pe(e)&&b0(n)?Number(n)<e.length:Fe(e,n),c=Reflect.set(e,n,r,on(e)?e:i);return e===$e(i)&&(l?As(r,o)&&Gi(e,"set",n,r):Gi(e,"add",n,r)),c}deleteProperty(e,n){const r=Fe(e,n);e[n];const i=Reflect.deleteProperty(e,n);return i&&r&&Gi(e,"delete",n,void 0),i}has(e,n){const r=Reflect.has(e,n);return(!ns(n)||!iv.has(n))&&Mn(e,"has",n),r}ownKeys(e){return Mn(e,"iterate",pe(e)?"length":po),Reflect.ownKeys(e)}}class ow extends sv{constructor(e=!1){super(!0,e)}set(e,n){return!0}deleteProperty(e,n){return!0}}const aw=new ov,lw=new ow,cw=new ov(!0);const gh=t=>t,su=t=>Reflect.getPrototypeOf(t);function uw(t,e,n){return function(...r){const i=this.__v_raw,o=$e(i),l=la(o),c=t==="entries"||t===Symbol.iterator&&l,d=t==="keys"&&l,p=i[t](...r),f=n?gh:e?Th:Hn;return!e&&Mn(o,"iterate",d?Eh:po),{next(){const{value:E,done:R}=p.next();return R?{value:E,done:R}:{value:c?[f(E[0]),f(E[1])]:f(E),done:R}},[Symbol.iterator](){return this}}}}function ou(t){return function(...e){return t==="delete"?!1:t==="clear"?void 0:this}}function dw(t,e){const n={get(i){const o=this.__v_raw,l=$e(o),c=$e(i);t||(As(i,c)&&Mn(l,"get",i),Mn(l,"get",c));const{has:d}=su(l),p=e?gh:t?Th:Hn;if(d.call(l,i))return p(o.get(i));if(d.call(l,c))return p(o.get(c));o!==l&&o.get(i)},get size(){const i=this.__v_raw;return!t&&Mn($e(i),"iterate",po),Reflect.get(i,"size",i)},has(i){const o=this.__v_raw,l=$e(o),c=$e(i);return t||(As(i,c)&&Mn(l,"has",i),Mn(l,"has",c)),i===c?o.has(i):o.has(i)||o.has(c)},forEach(i,o){const l=this,c=l.__v_raw,d=$e(c),p=e?gh:t?Th:Hn;return!t&&Mn(d,"iterate",po),c.forEach((f,E)=>i.call(o,p(f),p(E),l))}};return $n(n,t?{add:ou("add"),set:ou("set"),delete:ou("delete"),clear:ou("clear")}:{add(i){!e&&!Dr(i)&&!go(i)&&(i=$e(i));const o=$e(this);return su(o).has.call(o,i)||(o.add(i),Gi(o,"add",i,i)),this},set(i,o){!e&&!Dr(o)&&!go(o)&&(o=$e(o));const l=$e(this),{has:c,get:d}=su(l);let p=c.call(l,i);p||(i=$e(i),p=c.call(l,i));const f=d.call(l,i);return l.set(i,o),p?As(o,f)&&Gi(l,"set",i,o):Gi(l,"add",i,o),this},delete(i){const o=$e(this),{has:l,get:c}=su(o);let d=l.call(o,i);d||(i=$e(i),d=l.call(o,i)),c&&c.call(o,i);const p=o.delete(i);return d&&Gi(o,"delete",i,void 0),p},clear(){const i=$e(this),o=i.size!==0,l=i.clear();return o&&Gi(i,"clear",void 0,void 0),l}}),["keys","values","entries",Symbol.iterator].forEach(i=>{n[i]=uw(i,t,e)}),n}function C0(t,e){const n=dw(t,e);return(r,i,o)=>i==="__v_isReactive"?!t:i==="__v_isReadonly"?t:i==="__v_raw"?r:Reflect.get(Fe(n,i)&&i in r?n:r,i,o)}const fw={get:C0(!1,!1)},pw={get:C0(!1,!0)},hw={get:C0(!0,!1)};const av=new WeakMap,lv=new WeakMap,cv=new WeakMap,mw=new WeakMap;function _w(t){switch(t){case"Object":case"Array":return 1;case"Map":case"Set":case"WeakMap":case"WeakSet":return 2;default:return 0}}function Ew(t){return t.__v_skip||!Object.isExtensible(t)?0:_w(V2(t))}function lr(t){return go(t)?t:w0(t,!1,aw,fw,av)}function gw(t){return w0(t,!1,cw,pw,lv)}function uv(t){return w0(t,!0,lw,hw,cv)}function w0(t,e,n,r,i){if(!an(t)||t.__v_raw&&!(e&&t.__v_isReactive))return t;const o=i.get(t);if(o)return o;const l=Ew(t);if(l===0)return t;const c=new Proxy(t,l===2?r:n);return i.set(t,c),c}function Rs(t){return go(t)?Rs(t.__v_raw):!!(t&&t.__v_isReactive)}function go(t){return!!(t&&t.__v_isReadonly)}function Dr(t){return!!(t&&t.__v_isShallow)}function x0(t){return t?!!t.__v_raw:!1}function $e(t){const e=t&&t.__v_raw;return e?$e(e):t}function Tw(t){return!Fe(t,"__v_skip")&&Object.isExtensible(t)&&XT(t,"__v_skip",!0),t}const Hn=t=>an(t)?lr(t):t,Th=t=>an(t)?uv(t):t;function on(t){return t?t.__v_isRef===!0:!1}function le(t){return dv(t,!1)}function vw(t){return dv(t,!0)}function dv(t,e){return on(t)?t:new Sw(t,e)}class Sw{constructor(e,n){this.dep=new N0,this.__v_isRef=!0,this.__v_isShallow=!1,this._rawValue=n?e:$e(e),this._value=n?e:Hn(e),this.__v_isShallow=n}get value(){return this.dep.track(),this._value}set value(e){const n=this._rawValue,r=this.__v_isShallow||Dr(e)||go(e);e=r?e:$e(e),As(e,n)&&(this._rawValue=e,this._value=r?e:Hn(e),this.dep.trigger())}}function h(t){return on(t)?t.value:t}const Aw={get:(t,e,n)=>e==="__v_raw"?t:h(Reflect.get(t,e,n)),set:(t,e,n,r)=>{const i=t[e];return on(i)&&!on(n)?(i.value=n,!0):Reflect.set(t,e,n,r)}};function fv(t){return Rs(t)?t:new Proxy(t,Aw)}class Rw{constructor(e,n,r){this.fn=e,this.setter=n,this._value=void 0,this.dep=new N0(this),this.__v_isRef=!0,this.deps=void 0,this.depsTail=void 0,this.flags=16,this.globalVersion=Dl-1,this.next=void 0,this.effect=this,this.__v_isReadonly=!n,this.isSSR=r}notify(){if(this.flags|=16,!(this.flags&8)&&Ze!==this)return QT(this,!0),!0}get value(){const e=this.dep.track();return ev(this),e&&(e.version=this.dep.version),this._value}set value(e){this.setter&&this.setter(e)}}function bw(t,e,n=!1){let r,i;return _e(t)?r=t:(r=t.get,i=t.set),new Rw(r,i,n)}const au={},Xu=new WeakMap;let no;function Ow(t,e=!1,n=no){if(n){let r=Xu.get(n);r||Xu.set(n,r=[]),r.push(t)}}function Lw(t,e,n=qe){const{immediate:r,deep:i,once:o,scheduler:l,augmentJob:c,call:d}=n,p=g=>i?g:Dr(g)||i===!1||i===0?Xi(g,1):Xi(g);let f,E,R,O,I=!1,b=!1;if(on(t)?(E=()=>t.value,I=Dr(t)):Rs(t)?(E=()=>p(t),I=!0):pe(t)?(b=!0,I=t.some(g=>Rs(g)||Dr(g)),E=()=>t.map(g=>{if(on(g))return g.value;if(Rs(g))return p(g);if(_e(g))return d?d(g,2):g()})):_e(t)?e?E=d?()=>d(t,2):t:E=()=>{if(R){xs();try{R()}finally{Is()}}const g=no;no=f;try{return d?d(t,3,[O]):t(O)}finally{no=g}}:E=Ai,e&&i){const g=E,z=i===!0?1/0:i;E=()=>Xi(g(),z)}const k=Z2(),A=()=>{f.stop(),k&&k.active&&R0(k.effects,f)};if(o&&e){const g=e;e=(...z)=>{g(...z),A()}}let N=b?new Array(t.length).fill(au):au;const K=g=>{if(!(!(f.flags&1)||!f.dirty&&!g))if(e){const z=f.run();if(i||I||(b?z.some((x,U)=>As(x,N[U])):As(z,N))){R&&R();const x=no;no=f;try{const U=[z,N===au?void 0:b&&N[0]===au?[]:N,O];d?d(e,3,U):e(...U),N=z}finally{no=x}}}else f.run()};return c&&c(K),f=new jT(E),f.scheduler=l?()=>l(K,!1):K,O=g=>Ow(g,!1,f),R=f.onStop=()=>{const g=Xu.get(f);if(g){if(d)d(g,4);else for(const z of g)z();Xu.delete(f)}},e?r?K(!0):N=f.run():l?l(K.bind(null,!0),!0):f.run(),A.pause=f.pause.bind(f),A.resume=f.resume.bind(f),A.stop=A,A}function Xi(t,e=1/0,n){if(e<=0||!an(t)||t.__v_skip||(n=n||new Set,n.has(t)))return t;if(n.add(t),e--,on(t))Xi(t.value,e,n);else if(pe(t))for(let r=0;r<t.length;r++)Xi(t[r],e,n);else if(FT(t)||la(t))t.forEach(r=>{Xi(r,e,n)});else if(GT(t)){for(const r in t)Xi(t[r],e,n);for(const r of Object.getOwnPropertySymbols(t))Object.prototype.propertyIsEnumerable.call(t,r)&&Xi(t[r],e,n)}return t}/**
* @vue/runtime-core v3.5.13
* (c) 2018-present Yuxi (Evan) You and Vue contributors
* @license MIT
**/function Ql(t,e,n,r){try{return r?t(...r):t()}catch(i){Ld(i,e,n)}}function Ni(t,e,n,r){if(_e(t)){const i=Ql(t,e,n,r);return i&&VT(i)&&i.catch(o=>{Ld(o,e,n)}),i}if(pe(t)){const i=[];for(let o=0;o<t.length;o++)i.push(Ni(t[o],e,n,r));return i}}function Ld(t,e,n,r=!0){const i=e?e.vnode:null,{errorHandler:o,throwUnhandledErrorInProduction:l}=e&&e.appContext.config||qe;if(e){let c=e.parent;const d=e.proxy,p=`https://vuejs.org/error-reference/#runtime-${n}`;for(;c;){const f=c.ec;if(f){for(let E=0;E<f.length;E++)if(f[E](t,d,p)===!1)return}c=c.parent}if(o){xs(),Ql(o,null,10,[t,d,p]),Is();return}}yw(t,n,i,r,l)}function yw(t,e,n,r=!0,i=!1){if(i)throw t;console.error(t)}const Yn=[];let hi=-1;const ca=[];let gs=null,Qo=0;const pv=Promise.resolve();let Ku=null;function Ml(t){const e=Ku||pv;return t?e.then(this?t.bind(this):t):e}function Nw(t){let e=hi+1,n=Yn.length;for(;e<n;){const r=e+n>>>1,i=Yn[r],o=Hl(i);o<t||o===t&&i.flags&2?e=r+1:n=r}return e}function I0(t){if(!(t.flags&1)){const e=Hl(t),n=Yn[Yn.length-1];!n||!(t.flags&2)&&e>=Hl(n)?Yn.push(t):Yn.splice(Nw(e),0,t),t.flags|=1,hv()}}function hv(){Ku||(Ku=pv.then(_v))}function Cw(t){pe(t)?ca.push(...t):gs&&t.id===-1?gs.splice(Qo+1,0,t):t.flags&1||(ca.push(t),t.flags|=1),hv()}function KE(t,e,n=hi+1){for(;n<Yn.length;n++){const r=Yn[n];if(r&&r.flags&2){if(t&&r.id!==t.uid)continue;Yn.splice(n,1),n--,r.flags&4&&(r.flags&=-2),r(),r.flags&4||(r.flags&=-2)}}}function mv(t){if(ca.length){const e=[...new Set(ca)].sort((n,r)=>Hl(n)-Hl(r));if(ca.length=0,gs){gs.push(...e);return}for(gs=e,Qo=0;Qo<gs.length;Qo++){const n=gs[Qo];n.flags&4&&(n.flags&=-2),n.flags&8||n(),n.flags&=-2}gs=null,Qo=0}}const Hl=t=>t.id==null?t.flags&2?-1:1/0:t.id;function _v(t){try{for(hi=0;hi<Yn.length;hi++){const e=Yn[hi];e&&!(e.flags&8)&&(e.flags&4&&(e.flags&=-2),Ql(e,e.i,e.i?15:14),e.flags&4||(e.flags&=-2))}}finally{for(;hi<Yn.length;hi++){const e=Yn[hi];e&&(e.flags&=-2)}hi=-1,Yn.length=0,mv(),Ku=null,(Yn.length||ca.length)&&_v()}}let Ln=null,Ev=null;function Yu(t){const e=Ln;return Ln=t,Ev=t&&t.type.__scopeId||null,e}function ze(t,e=Ln,n){if(!e||t._n)return t;const r=(...i)=>{r._d&&rg(-1);const o=Yu(e);let l;try{l=t(...i)}finally{Yu(o),r._d&&rg(1)}return l};return r._n=!0,r._c=!0,r._d=!0,r}function Se(t,e){if(Ln===null)return t;const n=wd(Ln),r=t.dirs||(t.dirs=[]);for(let i=0;i<e.length;i++){let[o,l,c,d=qe]=e[i];o&&(_e(o)&&(o={mounted:o,updated:o}),o.deep&&Xi(l),r.push({dir:o,instance:n,value:l,oldValue:void 0,arg:c,modifiers:d}))}return t}function Zs(t,e,n,r){const i=t.dirs,o=e&&e.dirs;for(let l=0;l<i.length;l++){const c=i[l];o&&(c.oldValue=o[l].value);let d=c.dir[r];d&&(xs(),Ni(d,n,8,[t.el,c,t,e]),Is())}}const ww=Symbol("_vte"),xw=t=>t.__isTeleport;function k0(t,e){t.shapeFlag&6&&t.component?(t.transition=e,k0(t.component.subTree,e)):t.shapeFlag&128?(t.ssContent.transition=e.clone(t.ssContent),t.ssFallback.transition=e.clone(t.ssFallback)):t.transition=e}/*! #__NO_SIDE_EFFECTS__ */function Ke(t,e){return _e(t)?$n({name:t.name},e,{setup:t}):t}function gv(t){t.ids=[t.ids[0]+t.ids[2]+++"-",0,0]}function qu(t,e,n,r,i=!1){if(pe(t)){t.forEach((I,b)=>qu(I,e&&(pe(e)?e[b]:e),n,r,i));return}if(ua(r)&&!i){r.shapeFlag&512&&r.type.__asyncResolved&&r.component.subTree.component&&qu(t,e,n,r.component.subTree);return}const o=r.shapeFlag&4?wd(r.component):r.el,l=i?null:o,{i:c,r:d}=t,p=e&&e.r,f=c.refs===qe?c.refs={}:c.refs,E=c.setupState,R=$e(E),O=E===qe?()=>!1:I=>Fe(R,I);if(p!=null&&p!==d&&(En(p)?(f[p]=null,O(p)&&(E[p]=null)):on(p)&&(p.value=null)),_e(d))Ql(d,c,12,[l,f]);else{const I=En(d),b=on(d);if(I||b){const k=()=>{if(t.f){const A=I?O(d)?E[d]:f[d]:d.value;i?pe(A)&&R0(A,o):pe(A)?A.includes(o)||A.push(o):I?(f[d]=[o],O(d)&&(E[d]=f[d])):(d.value=[o],t.k&&(f[t.k]=d.value))}else I?(f[d]=l,O(d)&&(E[d]=l)):b&&(d.value=l,t.k&&(f[t.k]=l))};l?(k.id=-1,Er(k,n)):k()}}}bd().requestIdleCallback;bd().cancelIdleCallback;const ua=t=>!!t.type.__asyncLoader,Tv=t=>t.type.__isKeepAlive;function Iw(t,e){vv(t,"a",e)}function kw(t,e){vv(t,"da",e)}function vv(t,e,n=In){const r=t.__wdc||(t.__wdc=()=>{let i=n;for(;i;){if(i.isDeactivated)return;i=i.parent}return t()});if(yd(e,r,n),n){let i=n.parent;for(;i&&i.parent;)Tv(i.parent.vnode)&&Bw(r,e,n,i),i=i.parent}}function Bw(t,e,n,r){const i=yd(e,t,r,!0);B0(()=>{R0(r[e],i)},n)}function yd(t,e,n=In,r=!1){if(n){const i=n[t]||(n[t]=[]),o=e.__weh||(e.__weh=(...l)=>{xs();const c=Zl(n),d=Ni(e,n,t,l);return c(),Is(),d});return r?i.unshift(o):i.push(o),o}}const rs=t=>(e,n=In)=>{(!Ul||t==="sp")&&yd(t,(...r)=>e(...r),n)},ks=rs("bm"),yo=rs("m"),Dw=rs("bu"),Pw=rs("u"),Sv=rs("bum"),B0=rs("um"),Mw=rs("sp"),Hw=rs("rtg"),Ww=rs("rtc");function Uw(t,e=In){yd("ec",t,e)}const $w="components",Av=Symbol.for("v-ndc");function Fw(t){return En(t)?Vw($w,t,!1)||t:t||Av}function Vw(t,e,n=!0,r=!1){const i=Ln||In;if(i){const o=i.type;{const c=xx(o,!1);if(c&&(c===e||c===Hr(e)||c===Rd(Hr(e))))return o}const l=YE(i[t]||o[t],e)||YE(i.appContext[t],e);return!l&&r?o:l}}function YE(t,e){return t&&(t[e]||t[Hr(e)]||t[Rd(Hr(e))])}function je(t,e,n,r){let i;const o=n,l=pe(t);if(l||En(t)){const c=l&&Rs(t);let d=!1;c&&(d=!Dr(t),t=Od(t)),i=new Array(t.length);for(let p=0,f=t.length;p<f;p++)i[p]=e(d?Hn(t[p]):t[p],p,void 0,o)}else if(typeof t=="number"){i=new Array(t);for(let c=0;c<t;c++)i[c]=e(c+1,c,void 0,o)}else if(an(t))if(t[Symbol.iterator])i=Array.from(t,(c,d)=>e(c,d,void 0,o));else{const c=Object.keys(t);i=new Array(c.length);for(let d=0,p=c.length;d<p;d++){const f=c[d];i[d]=e(t[f],f,d,o)}}else i=[];return i}function vs(t,e,n={},r,i){if(Ln.ce||Ln.parent&&ua(Ln.parent)&&Ln.parent.ce)return e!=="default"&&(n.name=e),w(),Be($t,null,[Lt("slot",n,r&&r())],64);let o=t[e];o&&o._c&&(o._d=!1),w();const l=o&&Rv(o(n)),c=n.key||l&&l.key,d=Be($t,{key:(c&&!ns(c)?c:`_${e}`)+(!l&&r?"_fb":"")},l||(r?r():[]),l&&t._===1?64:-2);return d.scopeId&&(d.slotScopeIds=[d.scopeId+"-s"]),o&&o._c&&(o._d=!0),d}function Rv(t){return t.some(e=>_a(e)?!(e.type===bs||e.type===$t&&!Rv(e.children)):!0)?t:null}const vh=t=>t?zv(t)?wd(t):vh(t.parent):null,yl=$n(Object.create(null),{$:t=>t,$el:t=>t.vnode.el,$data:t=>t.data,$props:t=>t.props,$attrs:t=>t.attrs,$slots:t=>t.slots,$refs:t=>t.refs,$parent:t=>vh(t.parent),$root:t=>vh(t.root),$host:t=>t.ce,$emit:t=>t.emit,$options:t=>Ov(t),$forceUpdate:t=>t.f||(t.f=()=>{I0(t.update)}),$nextTick:t=>t.n||(t.n=Ml.bind(t.proxy)),$watch:t=>ux.bind(t)}),Op=(t,e)=>t!==qe&&!t.__isScriptSetup&&Fe(t,e),zw={get({_:t},e){if(e==="__v_skip")return!0;const{ctx:n,setupState:r,data:i,props:o,accessCache:l,type:c,appContext:d}=t;let p;if(e[0]!=="$"){const O=l[e];if(O!==void 0)switch(O){case 1:return r[e];case 2:return i[e];case 4:return n[e];case 3:return o[e]}else{if(Op(r,e))return l[e]=1,r[e];if(i!==qe&&Fe(i,e))return l[e]=2,i[e];if((p=t.propsOptions[0])&&Fe(p,e))return l[e]=3,o[e];if(n!==qe&&Fe(n,e))return l[e]=4,n[e];Sh&&(l[e]=0)}}const f=yl[e];let E,R;if(f)return e==="$attrs"&&Mn(t.attrs,"get",""),f(t);if((E=c.__cssModules)&&(E=E[e]))return E;if(n!==qe&&Fe(n,e))return l[e]=4,n[e];if(R=d.config.globalProperties,Fe(R,e))return R[e]},set({_:t},e,n){const{data:r,setupState:i,ctx:o}=t;return Op(i,e)?(i[e]=n,!0):r!==qe&&Fe(r,e)?(r[e]=n,!0):Fe(t.props,e)||e[0]==="$"&&e.slice(1)in t?!1:(o[e]=n,!0)},has({_:{data:t,setupState:e,accessCache:n,ctx:r,appContext:i,propsOptions:o}},l){let c;return!!n[l]||t!==qe&&Fe(t,l)||Op(e,l)||(c=o[0])&&Fe(c,l)||Fe(r,l)||Fe(yl,l)||Fe(i.config.globalProperties,l)},defineProperty(t,e,n){return n.get!=null?t._.accessCache[e]=0:Fe(n,"value")&&this.set(t,e,n.value,null),Reflect.defineProperty(t,e,n)}};function qE(t){return pe(t)?t.reduce((e,n)=>(e[n]=null,e),{}):t}let Sh=!0;function Gw(t){const e=Ov(t),n=t.proxy,r=t.ctx;Sh=!1,e.beforeCreate&&jE(e.beforeCreate,t,"bc");const{data:i,computed:o,methods:l,watch:c,provide:d,inject:p,created:f,beforeMount:E,mounted:R,beforeUpdate:O,updated:I,activated:b,deactivated:k,beforeDestroy:A,beforeUnmount:N,destroyed:K,unmounted:g,render:z,renderTracked:x,renderTriggered:U,errorCaptured:et,serverPrefetch:It,expose:Bt,inheritAttrs:dt,components:Ct,directives:B,filters:q}=e;if(p&&Xw(p,r,null),l)for(const W in l){const ct=l[W];_e(ct)&&(r[W]=ct.bind(n))}if(i){const W=i.call(n,n);an(W)&&(t.data=lr(W))}if(Sh=!0,o)for(const W in o){const ct=o[W],bt=_e(ct)?ct.bind(n,n):_e(ct.get)?ct.get.bind(n,n):Ai,Rt=!_e(ct)&&_e(ct.set)?ct.set.bind(n):Ai,st=Dt({get:bt,set:Rt});Object.defineProperty(r,W,{enumerable:!0,configurable:!0,get:()=>st.value,set:Y=>st.value=Y})}if(c)for(const W in c)bv(c[W],r,n,W);if(d){const W=_e(d)?d.call(n):d;Reflect.ownKeys(W).forEach(ct=>{qn(ct,W[ct])})}f&&jE(f,t,"c");function H(W,ct){pe(ct)?ct.forEach(bt=>W(bt.bind(n))):ct&&W(ct.bind(n))}if(H(ks,E),H(yo,R),H(Dw,O),H(Pw,I),H(Iw,b),H(kw,k),H(Uw,et),H(Ww,x),H(Hw,U),H(Sv,N),H(B0,g),H(Mw,It),pe(Bt))if(Bt.length){const W=t.exposed||(t.exposed={});Bt.forEach(ct=>{Object.defineProperty(W,ct,{get:()=>n[ct],set:bt=>n[ct]=bt})})}else t.exposed||(t.exposed={});z&&t.render===Ai&&(t.render=z),dt!=null&&(t.inheritAttrs=dt),Ct&&(t.components=Ct),B&&(t.directives=B),It&&gv(t)}function Xw(t,e,n=Ai){pe(t)&&(t=Ah(t));for(const r in t){const i=t[r];let o;an(i)?"default"in i?o=Oe(i.from||r,i.default,!0):o=Oe(i.from||r):o=Oe(i),on(o)?Object.defineProperty(e,r,{enumerable:!0,configurable:!0,get:()=>o.value,set:l=>o.value=l}):e[r]=o}}function jE(t,e,n){Ni(pe(t)?t.map(r=>r.bind(e.proxy)):t.bind(e.proxy),e,n)}function bv(t,e,n,r){let i=r.includes(".")?Wv(n,r):()=>n[r];if(En(t)){const o=e[t];_e(o)&&Un(i,o)}else if(_e(t))Un(i,t.bind(n));else if(an(t))if(pe(t))t.forEach(o=>bv(o,e,n,r));else{const o=_e(t.handler)?t.handler.bind(n):e[t.handler];_e(o)&&Un(i,o,t)}}function Ov(t){const e=t.type,{mixins:n,extends:r}=e,{mixins:i,optionsCache:o,config:{optionMergeStrategies:l}}=t.appContext,c=o.get(e);let d;return c?d=c:!i.length&&!n&&!r?d=e:(d={},i.length&&i.forEach(p=>ju(d,p,l,!0)),ju(d,e,l)),an(e)&&o.set(e,d),d}function ju(t,e,n,r=!1){const{mixins:i,extends:o}=e;o&&ju(t,o,n,!0),i&&i.forEach(l=>ju(t,l,n,!0));for(const l in e)if(!(r&&l==="expose")){const c=Kw[l]||n&&n[l];t[l]=c?c(t[l],e[l]):e[l]}return t}const Kw={data:JE,props:QE,emits:QE,methods:Tl,computed:Tl,beforeCreate:Kn,created:Kn,beforeMount:Kn,mounted:Kn,beforeUpdate:Kn,updated:Kn,beforeDestroy:Kn,beforeUnmount:Kn,destroyed:Kn,unmounted:Kn,activated:Kn,deactivated:Kn,errorCaptured:Kn,serverPrefetch:Kn,components:Tl,directives:Tl,watch:qw,provide:JE,inject:Yw};function JE(t,e){return e?t?function(){return $n(_e(t)?t.call(this,this):t,_e(e)?e.call(this,this):e)}:e:t}function Yw(t,e){return Tl(Ah(t),Ah(e))}function Ah(t){if(pe(t)){const e={};for(let n=0;n<t.length;n++)e[t[n]]=t[n];return e}return t}function Kn(t,e){return t?[...new Set([].concat(t,e))]:e}function Tl(t,e){return t?$n(Object.create(null),t,e):e}function QE(t,e){return t?pe(t)&&pe(e)?[...new Set([...t,...e])]:$n(Object.create(null),qE(t),qE(e??{})):e}function qw(t,e){if(!t)return e;if(!e)return t;const n=$n(Object.create(null),t);for(const r in e)n[r]=Kn(t[r],e[r]);return n}function Lv(){return{app:null,config:{isNativeTag:$2,performance:!1,globalProperties:{},optionMergeStrategies:{},errorHandler:void 0,warnHandler:void 0,compilerOptions:{}},mixins:[],components:{},directives:{},provides:Object.create(null),optionsCache:new WeakMap,propsCache:new WeakMap,emitsCache:new WeakMap}}let jw=0;function Jw(t,e){return function(r,i=null){_e(r)||(r=$n({},r)),i!=null&&!an(i)&&(i=null);const o=Lv(),l=new WeakSet,c=[];let d=!1;const p=o.app={_uid:jw++,_component:r,_props:i,_container:null,_context:o,_instance:null,version:kx,get config(){return o.config},set config(f){},use(f,...E){return l.has(f)||(f&&_e(f.install)?(l.add(f),f.install(p,...E)):_e(f)&&(l.add(f),f(p,...E))),p},mixin(f){return o.mixins.includes(f)||o.mixins.push(f),p},component(f,E){return E?(o.components[f]=E,p):o.components[f]},directive(f,E){return E?(o.directives[f]=E,p):o.directives[f]},mount(f,E,R){if(!d){const O=p._ceVNode||Lt(r,i);return O.appContext=o,R===!0?R="svg":R===!1&&(R=void 0),t(O,f,R),d=!0,p._container=f,f.__vue_app__=p,wd(O.component)}},onUnmount(f){c.push(f)},unmount(){d&&(Ni(c,p._instance,16),t(null,p._container),delete p._container.__vue_app__)},provide(f,E){return o.provides[f]=E,p},runWithContext(f){const E=da;da=p;try{return f()}finally{da=E}}};return p}}let da=null;function qn(t,e){if(In){let n=In.provides;const r=In.parent&&In.parent.provides;r===n&&(n=In.provides=Object.create(r)),n[t]=e}}function Oe(t,e,n=!1){const r=In||Ln;if(r||da){const i=da?da._context.provides:r?r.parent==null?r.vnode.appContext&&r.vnode.appContext.provides:r.parent.provides:void 0;if(i&&t in i)return i[t];if(arguments.length>1)return n&&_e(e)?e.call(r&&r.proxy):e}}const yv={},Nv=()=>Object.create(yv),Cv=t=>Object.getPrototypeOf(t)===yv;function Qw(t,e,n,r=!1){const i={},o=Nv();t.propsDefaults=Object.create(null),wv(t,e,i,o);for(const l in t.propsOptions[0])l in i||(i[l]=void 0);n?t.props=r?i:gw(i):t.type.props?t.props=i:t.props=o,t.attrs=o}function Zw(t,e,n,r){const{props:i,attrs:o,vnode:{patchFlag:l}}=t,c=$e(i),[d]=t.propsOptions;let p=!1;if((r||l>0)&&!(l&16)){if(l&8){const f=t.vnode.dynamicProps;for(let E=0;E<f.length;E++){let R=f[E];if(Nd(t.emitsOptions,R))continue;const O=e[R];if(d)if(Fe(o,R))O!==o[R]&&(o[R]=O,p=!0);else{const I=Hr(R);i[I]=Rh(d,c,I,O,t,!1)}else O!==o[R]&&(o[R]=O,p=!0)}}}else{wv(t,e,i,o)&&(p=!0);let f;for(const E in c)(!e||!Fe(e,E)&&((f=Lo(E))===E||!Fe(e,f)))&&(d?n&&(n[E]!==void 0||n[f]!==void 0)&&(i[E]=Rh(d,c,E,void 0,t,!0)):delete i[E]);if(o!==c)for(const E in o)(!e||!Fe(e,E))&&(delete o[E],p=!0)}p&&Gi(t.attrs,"set","")}function wv(t,e,n,r){const[i,o]=t.propsOptions;let l=!1,c;if(e)for(let d in e){if(bl(d))continue;const p=e[d];let f;i&&Fe(i,f=Hr(d))?!o||!o.includes(f)?n[f]=p:(c||(c={}))[f]=p:Nd(t.emitsOptions,d)||(!(d in r)||p!==r[d])&&(r[d]=p,l=!0)}if(o){const d=$e(n),p=c||qe;for(let f=0;f<o.length;f++){const E=o[f];n[E]=Rh(i,d,E,p[E],t,!Fe(p,E))}}return l}function Rh(t,e,n,r,i,o){const l=t[n];if(l!=null){const c=Fe(l,"default");if(c&&r===void 0){const d=l.default;if(l.type!==Function&&!l.skipFactory&&_e(d)){const{propsDefaults:p}=i;if(n in p)r=p[n];else{const f=Zl(i);r=p[n]=d.call(null,e),f()}}else r=d;i.ce&&i.ce._setProp(n,r)}l[0]&&(o&&!c?r=!1:l[1]&&(r===""||r===Lo(n))&&(r=!0))}return r}const tx=new WeakMap;function xv(t,e,n=!1){const r=n?tx:e.propsCache,i=r.get(t);if(i)return i;const o=t.props,l={},c=[];let d=!1;if(!_e(t)){const f=E=>{d=!0;const[R,O]=xv(E,e,!0);$n(l,R),O&&c.push(...O)};!n&&e.mixins.length&&e.mixins.forEach(f),t.extends&&f(t.extends),t.mixins&&t.mixins.forEach(f)}if(!o&&!d)return an(t)&&r.set(t,aa),aa;if(pe(o))for(let f=0;f<o.length;f++){const E=Hr(o[f]);ZE(E)&&(l[E]=qe)}else if(o)for(const f in o){const E=Hr(f);if(ZE(E)){const R=o[f],O=l[E]=pe(R)||_e(R)?{type:R}:$n({},R),I=O.type;let b=!1,k=!0;if(pe(I))for(let A=0;A<I.length;++A){const N=I[A],K=_e(N)&&N.name;if(K==="Boolean"){b=!0;break}else K==="String"&&(k=!1)}else b=_e(I)&&I.name==="Boolean";O[0]=b,O[1]=k,(b||Fe(O,"default"))&&c.push(E)}}const p=[l,c];return an(t)&&r.set(t,p),p}function ZE(t){return t[0]!=="$"&&!bl(t)}const Iv=t=>t[0]==="_"||t==="$stable",D0=t=>pe(t)?t.map(mi):[mi(t)],ex=(t,e,n)=>{if(e._n)return e;const r=ze((...i)=>D0(e(...i)),n);return r._c=!1,r},kv=(t,e,n)=>{const r=t._ctx;for(const i in t){if(Iv(i))continue;const o=t[i];if(_e(o))e[i]=ex(i,o,r);else if(o!=null){const l=D0(o);e[i]=()=>l}}},Bv=(t,e)=>{const n=D0(e);t.slots.default=()=>n},Dv=(t,e,n)=>{for(const r in e)(n||r!=="_")&&(t[r]=e[r])},nx=(t,e,n)=>{const r=t.slots=Nv();if(t.vnode.shapeFlag&32){const i=e._;i?(Dv(r,e,n),n&&XT(r,"_",i,!0)):kv(e,r)}else e&&Bv(t,e)},rx=(t,e,n)=>{const{vnode:r,slots:i}=t;let o=!0,l=qe;if(r.shapeFlag&32){const c=e._;c?n&&c===1?o=!1:Dv(i,e,n):(o=!e.$stable,kv(e,i)),l=e}else e&&(Bv(t,e),l={default:1});if(o)for(const c in i)!Iv(c)&&l[c]==null&&delete i[c]},Er=Ex;function ix(t){return sx(t)}function sx(t,e){const n=bd();n.__VUE__=!0;const{insert:r,remove:i,patchProp:o,createElement:l,createText:c,createComment:d,setText:p,setElementText:f,parentNode:E,nextSibling:R,setScopeId:O=Ai,insertStaticContent:I}=t,b=(F,G,it,vt=null,Et=null,_t=null,rt=void 0,ot=null,ft=!!G.dynamicChildren)=>{if(F===G)return;F&&!dl(F,G)&&(vt=Mt(F),Y(F,Et,_t,!0),F=null),G.patchFlag===-2&&(ft=!1,G.dynamicChildren=null);const{type:ut,ref:Ht,shapeFlag:Nt}=G;switch(ut){case Cd:k(F,G,it,vt);break;case bs:A(F,G,it,vt);break;case wu:F==null&&N(G,it,vt,rt);break;case $t:Ct(F,G,it,vt,Et,_t,rt,ot,ft);break;default:Nt&1?z(F,G,it,vt,Et,_t,rt,ot,ft):Nt&6?B(F,G,it,vt,Et,_t,rt,ot,ft):(Nt&64||Nt&128)&&ut.process(F,G,it,vt,Et,_t,rt,ot,ft,xe)}Ht!=null&&Et&&qu(Ht,F&&F.ref,_t,G||F,!G)},k=(F,G,it,vt)=>{if(F==null)r(G.el=c(G.children),it,vt);else{const Et=G.el=F.el;G.children!==F.children&&p(Et,G.children)}},A=(F,G,it,vt)=>{F==null?r(G.el=d(G.children||""),it,vt):G.el=F.el},N=(F,G,it,vt)=>{[F.el,F.anchor]=I(F.children,G,it,vt,F.el,F.anchor)},K=({el:F,anchor:G},it,vt)=>{let Et;for(;F&&F!==G;)Et=R(F),r(F,it,vt),F=Et;r(G,it,vt)},g=({el:F,anchor:G})=>{let it;for(;F&&F!==G;)it=R(F),i(F),F=it;i(G)},z=(F,G,it,vt,Et,_t,rt,ot,ft)=>{G.type==="svg"?rt="svg":G.type==="math"&&(rt="mathml"),F==null?x(G,it,vt,Et,_t,rt,ot,ft):It(F,G,Et,_t,rt,ot,ft)},x=(F,G,it,vt,Et,_t,rt,ot)=>{let ft,ut;const{props:Ht,shapeFlag:Nt,transition:Ft,dirs:Yt}=F;if(ft=F.el=l(F.type,_t,Ht&&Ht.is,Ht),Nt&8?f(ft,F.children):Nt&16&&et(F.children,ft,null,vt,Et,Lp(F,_t),rt,ot),Yt&&Zs(F,null,vt,"created"),U(ft,F,F.scopeId,rt,vt),Ht){for(const fe in Ht)fe!=="value"&&!bl(fe)&&o(ft,fe,null,Ht[fe],_t,vt);"value"in Ht&&o(ft,"value",null,Ht.value,_t),(ut=Ht.onVnodeBeforeMount)&&fi(ut,vt,F)}Yt&&Zs(F,null,vt,"beforeMount");const te=ox(Et,Ft);te&&Ft.beforeEnter(ft),r(ft,G,it),((ut=Ht&&Ht.onVnodeMounted)||te||Yt)&&Er(()=>{ut&&fi(ut,vt,F),te&&Ft.enter(ft),Yt&&Zs(F,null,vt,"mounted")},Et)},U=(F,G,it,vt,Et)=>{if(it&&O(F,it),vt)for(let _t=0;_t<vt.length;_t++)O(F,vt[_t]);if(Et){let _t=Et.subTree;if(G===_t||$v(_t.type)&&(_t.ssContent===G||_t.ssFallback===G)){const rt=Et.vnode;U(F,rt,rt.scopeId,rt.slotScopeIds,Et.parent)}}},et=(F,G,it,vt,Et,_t,rt,ot,ft=0)=>{for(let ut=ft;ut<F.length;ut++){const Ht=F[ut]=ot?Ts(F[ut]):mi(F[ut]);b(null,Ht,G,it,vt,Et,_t,rt,ot)}},It=(F,G,it,vt,Et,_t,rt)=>{const ot=G.el=F.el;let{patchFlag:ft,dynamicChildren:ut,dirs:Ht}=G;ft|=F.patchFlag&16;const Nt=F.props||qe,Ft=G.props||qe;let Yt;if(it&&to(it,!1),(Yt=Ft.onVnodeBeforeUpdate)&&fi(Yt,it,G,F),Ht&&Zs(G,F,it,"beforeUpdate"),it&&to(it,!0),(Nt.innerHTML&&Ft.innerHTML==null||Nt.textContent&&Ft.textContent==null)&&f(ot,""),ut?Bt(F.dynamicChildren,ut,ot,it,vt,Lp(G,Et),_t):rt||ct(F,G,ot,null,it,vt,Lp(G,Et),_t,!1),ft>0){if(ft&16)dt(ot,Nt,Ft,it,Et);else if(ft&2&&Nt.class!==Ft.class&&o(ot,"class",null,Ft.class,Et),ft&4&&o(ot,"style",Nt.style,Ft.style,Et),ft&8){const te=G.dynamicProps;for(let fe=0;fe<te.length;fe++){const ce=te[fe],cn=Nt[ce],nn=Ft[ce];(nn!==cn||ce==="value")&&o(ot,ce,cn,nn,Et,it)}}ft&1&&F.children!==G.children&&f(ot,G.children)}else!rt&&ut==null&&dt(ot,Nt,Ft,it,Et);((Yt=Ft.onVnodeUpdated)||Ht)&&Er(()=>{Yt&&fi(Yt,it,G,F),Ht&&Zs(G,F,it,"updated")},vt)},Bt=(F,G,it,vt,Et,_t,rt)=>{for(let ot=0;ot<G.length;ot++){const ft=F[ot],ut=G[ot],Ht=ft.el&&(ft.type===$t||!dl(ft,ut)||ft.shapeFlag&70)?E(ft.el):it;b(ft,ut,Ht,null,vt,Et,_t,rt,!0)}},dt=(F,G,it,vt,Et)=>{if(G!==it){if(G!==qe)for(const _t in G)!bl(_t)&&!(_t in it)&&o(F,_t,G[_t],null,Et,vt);for(const _t in it){if(bl(_t))continue;const rt=it[_t],ot=G[_t];rt!==ot&&_t!=="value"&&o(F,_t,ot,rt,Et,vt)}"value"in it&&o(F,"value",G.value,it.value,Et)}},Ct=(F,G,it,vt,Et,_t,rt,ot,ft)=>{const ut=G.el=F?F.el:c(""),Ht=G.anchor=F?F.anchor:c("");let{patchFlag:Nt,dynamicChildren:Ft,slotScopeIds:Yt}=G;Yt&&(ot=ot?ot.concat(Yt):Yt),F==null?(r(ut,it,vt),r(Ht,it,vt),et(G.children||[],it,Ht,Et,_t,rt,ot,ft)):Nt>0&&Nt&64&&Ft&&F.dynamicChildren?(Bt(F.dynamicChildren,Ft,it,Et,_t,rt,ot),(G.key!=null||Et&&G===Et.subTree)&&Pv(F,G,!0)):ct(F,G,it,Ht,Et,_t,rt,ot,ft)},B=(F,G,it,vt,Et,_t,rt,ot,ft)=>{G.slotScopeIds=ot,F==null?G.shapeFlag&512?Et.ctx.activate(G,it,vt,rt,ft):q(G,it,vt,Et,_t,rt,ft):At(F,G,ft)},q=(F,G,it,vt,Et,_t,rt)=>{const ot=F.component=Ox(F,vt,Et);if(Tv(F)&&(ot.ctx.renderer=xe),yx(ot,!1,rt),ot.asyncDep){if(Et&&Et.registerDep(ot,H,rt),!F.el){const ft=ot.subTree=Lt(bs);A(null,ft,G,it)}}else H(ot,F,G,it,Et,_t,rt)},At=(F,G,it)=>{const vt=G.component=F.component;if(mx(F,G,it))if(vt.asyncDep&&!vt.asyncResolved){W(vt,G,it);return}else vt.next=G,vt.update();else G.el=F.el,vt.vnode=G},H=(F,G,it,vt,Et,_t,rt)=>{const ot=()=>{if(F.isMounted){let{next:Nt,bu:Ft,u:Yt,parent:te,vnode:fe}=F;{const Tn=Mv(F);if(Tn){Nt&&(Nt.el=fe.el,W(F,Nt,rt)),Tn.asyncDep.then(()=>{F.isUnmounted||ot()});return}}let ce=Nt,cn;to(F,!1),Nt?(Nt.el=fe.el,W(F,Nt,rt)):Nt=fe,Ft&&Cu(Ft),(cn=Nt.props&&Nt.props.onVnodeBeforeUpdate)&&fi(cn,te,Nt,fe),to(F,!0);const nn=eg(F),gn=F.subTree;F.subTree=nn,b(gn,nn,E(gn.el),Mt(gn),F,Et,_t),Nt.el=nn.el,ce===null&&_x(F,nn.el),Yt&&Er(Yt,Et),(cn=Nt.props&&Nt.props.onVnodeUpdated)&&Er(()=>fi(cn,te,Nt,fe),Et)}else{let Nt;const{el:Ft,props:Yt}=G,{bm:te,m:fe,parent:ce,root:cn,type:nn}=F,gn=ua(G);to(F,!1),te&&Cu(te),!gn&&(Nt=Yt&&Yt.onVnodeBeforeMount)&&fi(Nt,ce,G),to(F,!0);{cn.ce&&cn.ce._injectChildStyle(nn);const Tn=F.subTree=eg(F);b(null,Tn,it,vt,F,Et,_t),G.el=Tn.el}if(fe&&Er(fe,Et),!gn&&(Nt=Yt&&Yt.onVnodeMounted)){const Tn=G;Er(()=>fi(Nt,ce,Tn),Et)}(G.shapeFlag&256||ce&&ua(ce.vnode)&&ce.vnode.shapeFlag&256)&&F.a&&Er(F.a,Et),F.isMounted=!0,G=it=vt=null}};F.scope.on();const ft=F.effect=new jT(ot);F.scope.off();const ut=F.update=ft.run.bind(ft),Ht=F.job=ft.runIfDirty.bind(ft);Ht.i=F,Ht.id=F.uid,ft.scheduler=()=>I0(Ht),to(F,!0),ut()},W=(F,G,it)=>{G.component=F;const vt=F.vnode.props;F.vnode=G,F.next=null,Zw(F,G.props,vt,it),rx(F,G.children,it),xs(),KE(F),Is()},ct=(F,G,it,vt,Et,_t,rt,ot,ft=!1)=>{const ut=F&&F.children,Ht=F?F.shapeFlag:0,Nt=G.children,{patchFlag:Ft,shapeFlag:Yt}=G;if(Ft>0){if(Ft&128){Rt(ut,Nt,it,vt,Et,_t,rt,ot,ft);return}else if(Ft&256){bt(ut,Nt,it,vt,Et,_t,rt,ot,ft);return}}Yt&8?(Ht&16&&C(ut,Et,_t),Nt!==ut&&f(it,Nt)):Ht&16?Yt&16?Rt(ut,Nt,it,vt,Et,_t,rt,ot,ft):C(ut,Et,_t,!0):(Ht&8&&f(it,""),Yt&16&&et(Nt,it,vt,Et,_t,rt,ot,ft))},bt=(F,G,it,vt,Et,_t,rt,ot,ft)=>{F=F||aa,G=G||aa;const ut=F.length,Ht=G.length,Nt=Math.min(ut,Ht);let Ft;for(Ft=0;Ft<Nt;Ft++){const Yt=G[Ft]=ft?Ts(G[Ft]):mi(G[Ft]);b(F[Ft],Yt,it,null,Et,_t,rt,ot,ft)}ut>Ht?C(F,Et,_t,!0,!1,Nt):et(G,it,vt,Et,_t,rt,ot,ft,Nt)},Rt=(F,G,it,vt,Et,_t,rt,ot,ft)=>{let ut=0;const Ht=G.length;let Nt=F.length-1,Ft=Ht-1;for(;ut<=Nt&&ut<=Ft;){const Yt=F[ut],te=G[ut]=ft?Ts(G[ut]):mi(G[ut]);if(dl(Yt,te))b(Yt,te,it,null,Et,_t,rt,ot,ft);else break;ut++}for(;ut<=Nt&&ut<=Ft;){const Yt=F[Nt],te=G[Ft]=ft?Ts(G[Ft]):mi(G[Ft]);if(dl(Yt,te))b(Yt,te,it,null,Et,_t,rt,ot,ft);else break;Nt--,Ft--}if(ut>Nt){if(ut<=Ft){const Yt=Ft+1,te=Yt<Ht?G[Yt].el:vt;for(;ut<=Ft;)b(null,G[ut]=ft?Ts(G[ut]):mi(G[ut]),it,te,Et,_t,rt,ot,ft),ut++}}else if(ut>Ft)for(;ut<=Nt;)Y(F[ut],Et,_t,!0),ut++;else{const Yt=ut,te=ut,fe=new Map;for(ut=te;ut<=Ft;ut++){const at=G[ut]=ft?Ts(G[ut]):mi(G[ut]);at.key!=null&&fe.set(at.key,ut)}let ce,cn=0;const nn=Ft-te+1;let gn=!1,Tn=0;const Vn=new Array(nn);for(ut=0;ut<nn;ut++)Vn[ut]=0;for(ut=Yt;ut<=Nt;ut++){const at=F[ut];if(cn>=nn){Y(at,Et,_t,!0);continue}let St;if(at.key!=null)St=fe.get(at.key);else for(ce=te;ce<=Ft;ce++)if(Vn[ce-te]===0&&dl(at,G[ce])){St=ce;break}St===void 0?Y(at,Et,_t,!0):(Vn[St-te]=ut+1,St>=Tn?Tn=St:gn=!0,b(at,G[St],it,null,Et,_t,rt,ot,ft),cn++)}const M=gn?ax(Vn):aa;for(ce=M.length-1,ut=nn-1;ut>=0;ut--){const at=te+ut,St=G[at],Gt=at+1<Ht?G[at+1].el:vt;Vn[ut]===0?b(null,St,it,Gt,Et,_t,rt,ot,ft):gn&&(ce<0||ut!==M[ce]?st(St,it,Gt,2):ce--)}}},st=(F,G,it,vt,Et=null)=>{const{el:_t,type:rt,transition:ot,children:ft,shapeFlag:ut}=F;if(ut&6){st(F.component.subTree,G,it,vt);return}if(ut&128){F.suspense.move(G,it,vt);return}if(ut&64){rt.move(F,G,it,xe);return}if(rt===$t){r(_t,G,it);for(let Nt=0;Nt<ft.length;Nt++)st(ft[Nt],G,it,vt);r(F.anchor,G,it);return}if(rt===wu){K(F,G,it);return}if(vt!==2&&ut&1&&ot)if(vt===0)ot.beforeEnter(_t),r(_t,G,it),Er(()=>ot.enter(_t),Et);else{const{leave:Nt,delayLeave:Ft,afterLeave:Yt}=ot,te=()=>r(_t,G,it),fe=()=>{Nt(_t,()=>{te(),Yt&&Yt()})};Ft?Ft(_t,te,fe):fe()}else r(_t,G,it)},Y=(F,G,it,vt=!1,Et=!1)=>{const{type:_t,props:rt,ref:ot,children:ft,dynamicChildren:ut,shapeFlag:Ht,patchFlag:Nt,dirs:Ft,cacheIndex:Yt}=F;if(Nt===-2&&(Et=!1),ot!=null&&qu(ot,null,it,F,!0),Yt!=null&&(G.renderCache[Yt]=void 0),Ht&256){G.ctx.deactivate(F);return}const te=Ht&1&&Ft,fe=!ua(F);let ce;if(fe&&(ce=rt&&rt.onVnodeBeforeUnmount)&&fi(ce,G,F),Ht&6)Z(F.component,it,vt);else{if(Ht&128){F.suspense.unmount(it,vt);return}te&&Zs(F,null,G,"beforeUnmount"),Ht&64?F.type.remove(F,G,it,xe,vt):ut&&!ut.hasOnce&&(_t!==$t||Nt>0&&Nt&64)?C(ut,G,it,!1,!0):(_t===$t&&Nt&384||!Et&&Ht&16)&&C(ft,G,it),vt&&P(F)}(fe&&(ce=rt&&rt.onVnodeUnmounted)||te)&&Er(()=>{ce&&fi(ce,G,F),te&&Zs(F,null,G,"unmounted")},it)},P=F=>{const{type:G,el:it,anchor:vt,transition:Et}=F;if(G===$t){J(it,vt);return}if(G===wu){g(F);return}const _t=()=>{i(it),Et&&!Et.persisted&&Et.afterLeave&&Et.afterLeave()};if(F.shapeFlag&1&&Et&&!Et.persisted){const{leave:rt,delayLeave:ot}=Et,ft=()=>rt(it,_t);ot?ot(F.el,_t,ft):ft()}else _t()},J=(F,G)=>{let it;for(;F!==G;)it=R(F),i(F),F=it;i(G)},Z=(F,G,it)=>{const{bum:vt,scope:Et,job:_t,subTree:rt,um:ot,m:ft,a:ut}=F;tg(ft),tg(ut),vt&&Cu(vt),Et.stop(),_t&&(_t.flags|=8,Y(rt,F,G,it)),ot&&Er(ot,G),Er(()=>{F.isUnmounted=!0},G),G&&G.pendingBranch&&!G.isUnmounted&&F.asyncDep&&!F.asyncResolved&&F.suspenseId===G.pendingId&&(G.deps--,G.deps===0&&G.resolve())},C=(F,G,it,vt=!1,Et=!1,_t=0)=>{for(let rt=_t;rt<F.length;rt++)Y(F[rt],G,it,vt,Et)},Mt=F=>{if(F.shapeFlag&6)return Mt(F.component.subTree);if(F.shapeFlag&128)return F.suspense.next();const G=R(F.anchor||F.el),it=G&&G[ww];return it?R(it):G};let ne=!1;const He=(F,G,it)=>{F==null?G._vnode&&Y(G._vnode,null,null,!0):b(G._vnode||null,F,G,null,null,null,it),G._vnode=F,ne||(ne=!0,KE(),mv(),ne=!1)},xe={p:b,um:Y,m:st,r:P,mt:q,mc:et,pc:ct,pbc:Bt,n:Mt,o:t};return{render:He,hydrate:void 0,createApp:Jw(He)}}function Lp({type:t,props:e},n){return n==="svg"&&t==="foreignObject"||n==="mathml"&&t==="annotation-xml"&&e&&e.encoding&&e.encoding.includes("html")?void 0:n}function to({effect:t,job:e},n){n?(t.flags|=32,e.flags|=4):(t.flags&=-33,e.flags&=-5)}function ox(t,e){return(!t||t&&!t.pendingBranch)&&e&&!e.persisted}function Pv(t,e,n=!1){const r=t.children,i=e.children;if(pe(r)&&pe(i))for(let o=0;o<r.length;o++){const l=r[o];let c=i[o];c.shapeFlag&1&&!c.dynamicChildren&&((c.patchFlag<=0||c.patchFlag===32)&&(c=i[o]=Ts(i[o]),c.el=l.el),!n&&c.patchFlag!==-2&&Pv(l,c)),c.type===Cd&&(c.el=l.el)}}function ax(t){const e=t.slice(),n=[0];let r,i,o,l,c;const d=t.length;for(r=0;r<d;r++){const p=t[r];if(p!==0){if(i=n[n.length-1],t[i]<p){e[r]=i,n.push(r);continue}for(o=0,l=n.length-1;o<l;)c=o+l>>1,t[n[c]]<p?o=c+1:l=c;p<t[n[o]]&&(o>0&&(e[r]=n[o-1]),n[o]=r)}}for(o=n.length,l=n[o-1];o-- >0;)n[o]=l,l=e[l];return n}function Mv(t){const e=t.subTree.component;if(e)return e.asyncDep&&!e.asyncResolved?e:Mv(e)}function tg(t){if(t)for(let e=0;e<t.length;e++)t[e].flags|=8}const lx=Symbol.for("v-scx"),cx=()=>Oe(lx);function Un(t,e,n){return Hv(t,e,n)}function Hv(t,e,n=qe){const{immediate:r,deep:i,flush:o,once:l}=n,c=$n({},n),d=e&&r||!e&&o!=="post";let p;if(Ul){if(o==="sync"){const O=cx();p=O.__watcherHandles||(O.__watcherHandles=[])}else if(!d){const O=()=>{};return O.stop=Ai,O.resume=Ai,O.pause=Ai,O}}const f=In;c.call=(O,I,b)=>Ni(O,f,I,b);let E=!1;o==="post"?c.scheduler=O=>{Er(O,f&&f.suspense)}:o!=="sync"&&(E=!0,c.scheduler=(O,I)=>{I?O():I0(O)}),c.augmentJob=O=>{e&&(O.flags|=4),E&&(O.flags|=2,f&&(O.id=f.uid,O.i=f))};const R=Lw(t,e,c);return Ul&&(p?p.push(R):d&&R()),R}function ux(t,e,n){const r=this.proxy,i=En(t)?t.includes(".")?Wv(r,t):()=>r[t]:t.bind(r,r);let o;_e(e)?o=e:(o=e.handler,n=e);const l=Zl(this),c=Hv(i,o.bind(r),n);return l(),c}function Wv(t,e){const n=e.split(".");return()=>{let r=t;for(let i=0;i<n.length&&r;i++)r=r[n[i]];return r}}const dx=(t,e)=>e==="modelValue"||e==="model-value"?t.modelModifiers:t[`${e}Modifiers`]||t[`${Hr(e)}Modifiers`]||t[`${Lo(e)}Modifiers`];function fx(t,e,...n){if(t.isUnmounted)return;const r=t.vnode.props||qe;let i=n;const o=e.startsWith("update:"),l=o&&dx(r,e.slice(7));l&&(l.trim&&(i=n.map(f=>En(f)?f.trim():f)),l.number&&(i=n.map(hh)));let c,d=r[c=vp(e)]||r[c=vp(Hr(e))];!d&&o&&(d=r[c=vp(Lo(e))]),d&&Ni(d,t,6,i);const p=r[c+"Once"];if(p){if(!t.emitted)t.emitted={};else if(t.emitted[c])return;t.emitted[c]=!0,Ni(p,t,6,i)}}function Uv(t,e,n=!1){const r=e.emitsCache,i=r.get(t);if(i!==void 0)return i;const o=t.emits;let l={},c=!1;if(!_e(t)){const d=p=>{const f=Uv(p,e,!0);f&&(c=!0,$n(l,f))};!n&&e.mixins.length&&e.mixins.forEach(d),t.extends&&d(t.extends),t.mixins&&t.mixins.forEach(d)}return!o&&!c?(an(t)&&r.set(t,null),null):(pe(o)?o.forEach(d=>l[d]=null):$n(l,o),an(t)&&r.set(t,l),l)}function Nd(t,e){return!t||!vd(e)?!1:(e=e.slice(2).replace(/Once$/,""),Fe(t,e[0].toLowerCase()+e.slice(1))||Fe(t,Lo(e))||Fe(t,e))}function eg(t){const{type:e,vnode:n,proxy:r,withProxy:i,propsOptions:[o],slots:l,attrs:c,emit:d,render:p,renderCache:f,props:E,data:R,setupState:O,ctx:I,inheritAttrs:b}=t,k=Yu(t);let A,N;try{if(n.shapeFlag&4){const g=i||r,z=g;A=mi(p.call(z,g,f,E,O,R,I)),N=c}else{const g=e;A=mi(g.length>1?g(E,{attrs:c,slots:l,emit:d}):g(E,null)),N=e.props?c:px(c)}}catch(g){Nl.length=0,Ld(g,t,1),A=Lt(bs)}let K=A;if(N&&b!==!1){const g=Object.keys(N),{shapeFlag:z}=K;g.length&&z&7&&(o&&g.some(A0)&&(N=hx(N,o)),K=Ea(K,N,!1,!0))}return n.dirs&&(K=Ea(K,null,!1,!0),K.dirs=K.dirs?K.dirs.concat(n.dirs):n.dirs),n.transition&&k0(K,n.transition),A=K,Yu(k),A}const px=t=>{let e;for(const n in t)(n==="class"||n==="style"||vd(n))&&((e||(e={}))[n]=t[n]);return e},hx=(t,e)=>{const n={};for(const r in t)(!A0(r)||!(r.slice(9)in e))&&(n[r]=t[r]);return n};function mx(t,e,n){const{props:r,children:i,component:o}=t,{props:l,children:c,patchFlag:d}=e,p=o.emitsOptions;if(e.dirs||e.transition)return!0;if(n&&d>=0){if(d&1024)return!0;if(d&16)return r?ng(r,l,p):!!l;if(d&8){const f=e.dynamicProps;for(let E=0;E<f.length;E++){const R=f[E];if(l[R]!==r[R]&&!Nd(p,R))return!0}}}else return(i||c)&&(!c||!c.$stable)?!0:r===l?!1:r?l?ng(r,l,p):!0:!!l;return!1}function ng(t,e,n){const r=Object.keys(e);if(r.length!==Object.keys(t).length)return!0;for(let i=0;i<r.length;i++){const o=r[i];if(e[o]!==t[o]&&!Nd(n,o))return!0}return!1}function _x({vnode:t,parent:e},n){for(;e;){const r=e.subTree;if(r.suspense&&r.suspense.activeBranch===t&&(r.el=t.el),r===t)(t=e.vnode).el=n,e=e.parent;else break}}const $v=t=>t.__isSuspense;function Ex(t,e){e&&e.pendingBranch?pe(t)?e.effects.push(...t):e.effects.push(t):Cw(t)}const $t=Symbol.for("v-fgt"),Cd=Symbol.for("v-txt"),bs=Symbol.for("v-cmt"),wu=Symbol.for("v-stc"),Nl=[];let vr=null;function w(t=!1){Nl.push(vr=t?null:[])}function gx(){Nl.pop(),vr=Nl[Nl.length-1]||null}let Wl=1;function rg(t,e=!1){Wl+=t,t<0&&vr&&e&&(vr.hasOnce=!0)}function Fv(t){return t.dynamicChildren=Wl>0?vr||aa:null,gx(),Wl>0&&vr&&vr.push(t),t}function D(t,e,n,r,i,o){return Fv(v(t,e,n,r,i,o,!0))}function Be(t,e,n,r,i){return Fv(Lt(t,e,n,r,i,!0))}function _a(t){return t?t.__v_isVNode===!0:!1}function dl(t,e){return t.type===e.type&&t.key===e.key}const Vv=({key:t})=>t??null,xu=({ref:t,ref_key:e,ref_for:n})=>(typeof t=="number"&&(t=""+t),t!=null?En(t)||on(t)||_e(t)?{i:Ln,r:t,k:e,f:!!n}:t:null);function v(t,e=null,n=null,r=0,i=null,o=t===$t?0:1,l=!1,c=!1){const d={__v_isVNode:!0,__v_skip:!0,type:t,props:e,key:e&&Vv(e),ref:e&&xu(e),scopeId:Ev,slotScopeIds:null,children:n,component:null,suspense:null,ssContent:null,ssFallback:null,dirs:null,transition:null,el:null,anchor:null,target:null,targetStart:null,targetAnchor:null,staticCount:0,shapeFlag:o,patchFlag:r,dynamicProps:i,dynamicChildren:null,appContext:null,ctx:Ln};return c?(P0(d,n),o&128&&t.normalize(d)):n&&(d.shapeFlag|=En(n)?8:16),Wl>0&&!l&&vr&&(d.patchFlag>0||o&6)&&d.patchFlag!==32&&vr.push(d),d}const Lt=Tx;function Tx(t,e=null,n=null,r=0,i=null,o=!1){if((!t||t===Av)&&(t=bs),_a(t)){const c=Ea(t,e,!0);return n&&P0(c,n),Wl>0&&!o&&vr&&(c.shapeFlag&6?vr[vr.indexOf(t)]=c:vr.push(c)),c.patchFlag=-2,c}if(Ix(t)&&(t=t.__vccOpts),e){e=vx(e);let{class:c,style:d}=e;c&&!En(c)&&(e.class=Pt(c)),an(d)&&(x0(d)&&!pe(d)&&(d=$n({},d)),e.style=Qe(d))}const l=En(t)?1:$v(t)?128:xw(t)?64:an(t)?4:_e(t)?2:0;return v(t,e,n,r,i,l,o,!0)}function vx(t){return t?x0(t)||Cv(t)?$n({},t):t:null}function Ea(t,e,n=!1,r=!1){const{props:i,ref:o,patchFlag:l,children:c,transition:d}=t,p=e?Ax(i||{},e):i,f={__v_isVNode:!0,__v_skip:!0,type:t.type,props:p,key:p&&Vv(p),ref:e&&e.ref?n&&o?pe(o)?o.concat(xu(e)):[o,xu(e)]:xu(e):o,scopeId:t.scopeId,slotScopeIds:t.slotScopeIds,children:c,target:t.target,targetStart:t.targetStart,targetAnchor:t.targetAnchor,staticCount:t.staticCount,shapeFlag:t.shapeFlag,patchFlag:e&&t.type!==$t?l===-1?16:l|16:l,dynamicProps:t.dynamicProps,dynamicChildren:t.dynamicChildren,appContext:t.appContext,dirs:t.dirs,transition:d,component:t.component,suspense:t.suspense,ssContent:t.ssContent&&Ea(t.ssContent),ssFallback:t.ssFallback&&Ea(t.ssFallback),el:t.el,anchor:t.anchor,ctx:t.ctx,ce:t.ce};return d&&r&&k0(f,d.clone(f)),f}function T(t=" ",e=0){return Lt(Cd,null,t,e)}function Sx(t,e){const n=Lt(wu,null,t);return n.staticCount=e,n}function nt(t="",e=!1){return e?(w(),Be(bs,null,t)):Lt(bs,null,t)}function mi(t){return t==null||typeof t=="boolean"?Lt(bs):pe(t)?Lt($t,null,t.slice()):_a(t)?Ts(t):Lt(Cd,null,String(t))}function Ts(t){return t.el===null&&t.patchFlag!==-1||t.memo?t:Ea(t)}function P0(t,e){let n=0;const{shapeFlag:r}=t;if(e==null)e=null;else if(pe(e))n=16;else if(typeof e=="object")if(r&65){const i=e.default;i&&(i._c&&(i._d=!1),P0(t,i()),i._c&&(i._d=!0));return}else{n=32;const i=e._;!i&&!Cv(e)?e._ctx=Ln:i===3&&Ln&&(Ln.slots._===1?e._=1:(e._=2,t.patchFlag|=1024))}else _e(e)?(e={default:e,_ctx:Ln},n=32):(e=String(e),r&64?(n=16,e=[T(e)]):n=8);t.children=e,t.shapeFlag|=n}function Ax(...t){const e={};for(let n=0;n<t.length;n++){const r=t[n];for(const i in r)if(i==="class")e.class!==r.class&&(e.class=Pt([e.class,r.class]));else if(i==="style")e.style=Qe([e.style,r.style]);else if(vd(i)){const o=e[i],l=r[i];l&&o!==l&&!(pe(o)&&o.includes(l))&&(e[i]=o?[].concat(o,l):l)}else i!==""&&(e[i]=r[i])}return e}function fi(t,e,n,r=null){Ni(t,e,7,[n,r])}const Rx=Lv();let bx=0;function Ox(t,e,n){const r=t.type,i=(e?e.appContext:t.appContext)||Rx,o={uid:bx++,vnode:t,type:r,parent:e,appContext:i,root:null,next:null,subTree:null,effect:null,update:null,job:null,scope:new Q2(!0),render:null,proxy:null,exposed:null,exposeProxy:null,withProxy:null,provides:e?e.provides:Object.create(i.provides),ids:e?e.ids:["",0,0],accessCache:null,renderCache:[],components:null,directives:null,propsOptions:xv(r,i),emitsOptions:Uv(r,i),emit:null,emitted:null,propsDefaults:qe,inheritAttrs:r.inheritAttrs,ctx:qe,data:qe,props:qe,attrs:qe,slots:qe,refs:qe,setupState:qe,setupContext:null,suspense:n,suspenseId:n?n.pendingId:0,asyncDep:null,asyncResolved:!1,isMounted:!1,isUnmounted:!1,isDeactivated:!1,bc:null,c:null,bm:null,m:null,bu:null,u:null,um:null,bum:null,da:null,a:null,rtg:null,rtc:null,ec:null,sp:null};return o.ctx={_:o},o.root=e?e.root:o,o.emit=fx.bind(null,o),t.ce&&t.ce(o),o}let In=null;const Lx=()=>In||Ln;let Ju,bh;{const t=bd(),e=(n,r)=>{let i;return(i=t[n])||(i=t[n]=[]),i.push(r),o=>{i.length>1?i.forEach(l=>l(o)):i[0](o)}};Ju=e("__VUE_INSTANCE_SETTERS__",n=>In=n),bh=e("__VUE_SSR_SETTERS__",n=>Ul=n)}const Zl=t=>{const e=In;return Ju(t),t.scope.on(),()=>{t.scope.off(),Ju(e)}},ig=()=>{In&&In.scope.off(),Ju(null)};function zv(t){return t.vnode.shapeFlag&4}let Ul=!1;function yx(t,e=!1,n=!1){e&&bh(e);const{props:r,children:i}=t.vnode,o=zv(t);Qw(t,r,o,e),nx(t,i,n);const l=o?Nx(t,e):void 0;return e&&bh(!1),l}function Nx(t,e){const n=t.type;t.accessCache=Object.create(null),t.proxy=new Proxy(t.ctx,zw);const{setup:r}=n;if(r){xs();const i=t.setupContext=r.length>1?wx(t):null,o=Zl(t),l=Ql(r,t,0,[t.props,i]),c=VT(l);if(Is(),o(),(c||t.sp)&&!ua(t)&&gv(t),c){if(l.then(ig,ig),e)return l.then(d=>{sg(t,d)}).catch(d=>{Ld(d,t,0)});t.asyncDep=l}else sg(t,l)}else Gv(t)}function sg(t,e,n){_e(e)?t.type.__ssrInlineRender?t.ssrRender=e:t.render=e:an(e)&&(t.setupState=fv(e)),Gv(t)}function Gv(t,e,n){const r=t.type;t.render||(t.render=r.render||Ai);{const i=Zl(t);xs();try{Gw(t)}finally{Is(),i()}}}const Cx={get(t,e){return Mn(t,"get",""),t[e]}};function wx(t){const e=n=>{t.exposed=n||{}};return{attrs:new Proxy(t.attrs,Cx),slots:t.slots,emit:t.emit,expose:e}}function wd(t){return t.exposed?t.exposeProxy||(t.exposeProxy=new Proxy(fv(Tw(t.exposed)),{get(e,n){if(n in e)return e[n];if(n in yl)return yl[n](t)},has(e,n){return n in e||n in yl}})):t.proxy}function xx(t,e=!0){return _e(t)?t.displayName||t.name:t.name||e&&t.__name}function Ix(t){return _e(t)&&"__vccOpts"in t}const Dt=(t,e)=>bw(t,e,Ul);function M0(t,e,n){const r=arguments.length;return r===2?an(e)&&!pe(e)?_a(e)?Lt(t,null,[e]):Lt(t,e):Lt(t,null,e):(r>3?n=Array.prototype.slice.call(arguments,2):r===3&&_a(n)&&(n=[n]),Lt(t,e,n))}const kx="3.5.13";/**
* @vue/runtime-dom v3.5.13
* (c) 2018-present Yuxi (Evan) You and Vue contributors
* @license MIT
**/let Oh;const og=typeof window<"u"&&window.trustedTypes;if(og)try{Oh=og.createPolicy("vue",{createHTML:t=>t})}catch{}const Xv=Oh?t=>Oh.createHTML(t):t=>t,Bx="http://www.w3.org/2000/svg",Dx="http://www.w3.org/1998/Math/MathML",zi=typeof document<"u"?document:null,ag=zi&&zi.createElement("template"),Px={insert:(t,e,n)=>{e.insertBefore(t,n||null)},remove:t=>{const e=t.parentNode;e&&e.removeChild(t)},createElement:(t,e,n,r)=>{const i=e==="svg"?zi.createElementNS(Bx,t):e==="mathml"?zi.createElementNS(Dx,t):n?zi.createElement(t,{is:n}):zi.createElement(t);return t==="select"&&r&&r.multiple!=null&&i.setAttribute("multiple",r.multiple),i},createText:t=>zi.createTextNode(t),createComment:t=>zi.createComment(t),setText:(t,e)=>{t.nodeValue=e},setElementText:(t,e)=>{t.textContent=e},parentNode:t=>t.parentNode,nextSibling:t=>t.nextSibling,querySelector:t=>zi.querySelector(t),setScopeId(t,e){t.setAttribute(e,"")},insertStaticContent(t,e,n,r,i,o){const l=n?n.previousSibling:e.lastChild;if(i&&(i===o||i.nextSibling))for(;e.insertBefore(i.cloneNode(!0),n),!(i===o||!(i=i.nextSibling)););else{ag.innerHTML=Xv(r==="svg"?`<svg>${t}</svg>`:r==="mathml"?`<math>${t}</math>`:t);const c=ag.content;if(r==="svg"||r==="mathml"){const d=c.firstChild;for(;d.firstChild;)c.appendChild(d.firstChild);c.removeChild(d)}e.insertBefore(c,n)}return[l?l.nextSibling:e.firstChild,n?n.previousSibling:e.lastChild]}},Mx=Symbol("_vtc");function Hx(t,e,n){const r=t[Mx];r&&(e=(e?[e,...r]:[...r]).join(" ")),e==null?t.removeAttribute("class"):n?t.setAttribute("class",e):t.className=e}const lg=Symbol("_vod"),Wx=Symbol("_vsh"),Ux=Symbol(""),$x=/(^|;)\s*display\s*:/;function Fx(t,e,n){const r=t.style,i=En(n);let o=!1;if(n&&!i){if(e)if(En(e))for(const l of e.split(";")){const c=l.slice(0,l.indexOf(":")).trim();n[c]==null&&Iu(r,c,"")}else for(const l in e)n[l]==null&&Iu(r,l,"");for(const l in n)l==="display"&&(o=!0),Iu(r,l,n[l])}else if(i){if(e!==n){const l=r[Ux];l&&(n+=";"+l),r.cssText=n,o=$x.test(n)}}else e&&t.removeAttribute("style");lg in t&&(t[lg]=o?r.display:"",t[Wx]&&(r.display="none"))}const cg=/\s*!important$/;function Iu(t,e,n){if(pe(n))n.forEach(r=>Iu(t,e,r));else if(n==null&&(n=""),e.startsWith("--"))t.setProperty(e,n);else{const r=Vx(t,e);cg.test(n)?t.setProperty(Lo(r),n.replace(cg,""),"important"):t[r]=n}}const ug=["Webkit","Moz","ms"],yp={};function Vx(t,e){const n=yp[e];if(n)return n;let r=Hr(e);if(r!=="filter"&&r in t)return yp[e]=r;r=Rd(r);for(let i=0;i<ug.length;i++){const o=ug[i]+r;if(o in t)return yp[e]=o}return e}const dg="http://www.w3.org/1999/xlink";function fg(t,e,n,r,i,o=J2(e)){r&&e.startsWith("xlink:")?n==null?t.removeAttributeNS(dg,e.slice(6,e.length)):t.setAttributeNS(dg,e,n):n==null||o&&!KT(n)?t.removeAttribute(e):t.setAttribute(e,o?"":ns(n)?String(n):n)}function pg(t,e,n,r,i){if(e==="innerHTML"||e==="textContent"){n!=null&&(t[e]=e==="innerHTML"?Xv(n):n);return}const o=t.tagName;if(e==="value"&&o!=="PROGRESS"&&!o.includes("-")){const c=o==="OPTION"?t.getAttribute("value")||"":t.value,d=n==null?t.type==="checkbox"?"on":"":String(n);(c!==d||!("_value"in t))&&(t.value=d),n==null&&t.removeAttribute(e),t._value=n;return}let l=!1;if(n===""||n==null){const c=typeof t[e];c==="boolean"?n=KT(n):n==null&&c==="string"?(n="",l=!0):c==="number"&&(n=0,l=!0)}try{t[e]=n}catch{}l&&t.removeAttribute(i||e)}function Zo(t,e,n,r){t.addEventListener(e,n,r)}function zx(t,e,n,r){t.removeEventListener(e,n,r)}const hg=Symbol("_vei");function Gx(t,e,n,r,i=null){const o=t[hg]||(t[hg]={}),l=o[e];if(r&&l)l.value=r;else{const[c,d]=Xx(e);if(r){const p=o[e]=qx(r,i);Zo(t,c,p,d)}else l&&(zx(t,c,l,d),o[e]=void 0)}}const mg=/(?:Once|Passive|Capture)$/;function Xx(t){let e;if(mg.test(t)){e={};let r;for(;r=t.match(mg);)t=t.slice(0,t.length-r[0].length),e[r[0].toLowerCase()]=!0}return[t[2]===":"?t.slice(3):Lo(t.slice(2)),e]}let Np=0;const Kx=Promise.resolve(),Yx=()=>Np||(Kx.then(()=>Np=0),Np=Date.now());function qx(t,e){const n=r=>{if(!r._vts)r._vts=Date.now();else if(r._vts<=n.attached)return;Ni(jx(r,n.value),e,5,[r])};return n.value=t,n.attached=Yx(),n}function jx(t,e){if(pe(e)){const n=t.stopImmediatePropagation;return t.stopImmediatePropagation=()=>{n.call(t),t._stopped=!0},e.map(r=>i=>!i._stopped&&r&&r(i))}else return e}const _g=t=>t.charCodeAt(0)===111&&t.charCodeAt(1)===110&&t.charCodeAt(2)>96&&t.charCodeAt(2)<123,Jx=(t,e,n,r,i,o)=>{const l=i==="svg";e==="class"?Hx(t,r,l):e==="style"?Fx(t,n,r):vd(e)?A0(e)||Gx(t,e,n,r,o):(e[0]==="."?(e=e.slice(1),!0):e[0]==="^"?(e=e.slice(1),!1):Qx(t,e,r,l))?(pg(t,e,r),!t.tagName.includes("-")&&(e==="value"||e==="checked"||e==="selected")&&fg(t,e,r,l,o,e!=="value")):t._isVueCE&&(/[A-Z]/.test(e)||!En(r))?pg(t,Hr(e),r,o,e):(e==="true-value"?t._trueValue=r:e==="false-value"&&(t._falseValue=r),fg(t,e,r,l))};function Qx(t,e,n,r){if(r)return!!(e==="innerHTML"||e==="textContent"||e in t&&_g(e)&&_e(n));if(e==="spellcheck"||e==="draggable"||e==="translate"||e==="form"||e==="list"&&t.tagName==="INPUT"||e==="type"&&t.tagName==="TEXTAREA")return!1;if(e==="width"||e==="height"){const i=t.tagName;if(i==="IMG"||i==="VIDEO"||i==="CANVAS"||i==="SOURCE")return!1}return _g(e)&&En(n)?!1:e in t}const Eg=t=>{const e=t.props["onUpdate:modelValue"]||!1;return pe(e)?n=>Cu(e,n):e};function Zx(t){t.target.composing=!0}function gg(t){const e=t.target;e.composing&&(e.composing=!1,e.dispatchEvent(new Event("input")))}const Cp=Symbol("_assign"),wp={created(t,{modifiers:{lazy:e,trim:n,number:r}},i){t[Cp]=Eg(i);const o=r||i.props&&i.props.type==="number";Zo(t,e?"change":"input",l=>{if(l.target.composing)return;let c=t.value;n&&(c=c.trim()),o&&(c=hh(c)),t[Cp](c)}),n&&Zo(t,"change",()=>{t.value=t.value.trim()}),e||(Zo(t,"compositionstart",Zx),Zo(t,"compositionend",gg),Zo(t,"change",gg))},mounted(t,{value:e}){t.value=e??""},beforeUpdate(t,{value:e,oldValue:n,modifiers:{lazy:r,trim:i,number:o}},l){if(t[Cp]=Eg(l),t.composing)return;const c=(o||t.type==="number")&&!/^0\d/.test(t.value)?hh(t.value):t.value,d=e??"";c!==d&&(document.activeElement===t&&t.type!=="range"&&(r&&e===n||i&&t.value.trim()===d)||(t.value=d))}},tI=["ctrl","shift","alt","meta"],eI={stop:t=>t.stopPropagation(),prevent:t=>t.preventDefault(),self:t=>t.target!==t.currentTarget,ctrl:t=>!t.ctrlKey,shift:t=>!t.shiftKey,alt:t=>!t.altKey,meta:t=>!t.metaKey,left:t=>"button"in t&&t.button!==0,middle:t=>"button"in t&&t.button!==1,right:t=>"button"in t&&t.button!==2,exact:(t,e)=>tI.some(n=>t[`${n}Key`]&&!e.includes(n))},Me=(t,e)=>{const n=t._withMods||(t._withMods={}),r=e.join(".");return n[r]||(n[r]=(i,...o)=>{for(let l=0;l<e.length;l++){const c=eI[e[l]];if(c&&c(i,e))return}return t(i,...o)})},nI=$n({patchProp:Jx},Px);let Tg;function rI(){return Tg||(Tg=ix(nI))}const $l=(...t)=>{const e=rI().createApp(...t),{mount:n}=e;return e.mount=r=>{const i=sI(r);if(!i)return;const o=e._component;!_e(o)&&!o.render&&!o.template&&(o.template=i.innerHTML),i.nodeType===1&&(i.textContent="");const l=n(i,!1,iI(i));return i instanceof Element&&(i.removeAttribute("v-cloak"),i.setAttribute("data-v-app","")),l},e};function iI(t){if(t instanceof SVGElement)return"svg";if(typeof MathMLElement=="function"&&t instanceof MathMLElement)return"mathml"}function sI(t){return En(t)?document.querySelector(t):t}var jn="top",Sr="bottom",Ar="right",Jn="left",xd="auto",Da=[jn,Sr,Ar,Jn],To="start",ga="end",Kv="clippingParents",H0="viewport",ta="popper",Yv="reference",Lh=Da.reduce(function(t,e){return t.concat([e+"-"+To,e+"-"+ga])},[]),W0=[].concat(Da,[xd]).reduce(function(t,e){return t.concat([e,e+"-"+To,e+"-"+ga])},[]),qv="beforeRead",jv="read",Jv="afterRead",Qv="beforeMain",Zv="main",tS="afterMain",eS="beforeWrite",nS="write",rS="afterWrite",iS=[qv,jv,Jv,Qv,Zv,tS,eS,nS,rS];function Ci(t){return t?(t.nodeName||"").toLowerCase():null}function Rr(t){if(t==null)return window;if(t.toString()!=="[object Window]"){var e=t.ownerDocument;return e&&e.defaultView||window}return t}function vo(t){var e=Rr(t).Element;return t instanceof e||t instanceof Element}function Pr(t){var e=Rr(t).HTMLElement;return t instanceof e||t instanceof HTMLElement}function U0(t){if(typeof ShadowRoot>"u")return!1;var e=Rr(t).ShadowRoot;return t instanceof e||t instanceof ShadowRoot}function oI(t){var e=t.state;Object.keys(e.elements).forEach(function(n){var r=e.styles[n]||{},i=e.attributes[n]||{},o=e.elements[n];!Pr(o)||!Ci(o)||(Object.assign(o.style,r),Object.keys(i).forEach(function(l){var c=i[l];c===!1?o.removeAttribute(l):o.setAttribute(l,c===!0?"":c)}))})}function aI(t){var e=t.state,n={popper:{position:e.options.strategy,left:"0",top:"0",margin:"0"},arrow:{position:"absolute"},reference:{}};return Object.assign(e.elements.popper.style,n.popper),e.styles=n,e.elements.arrow&&Object.assign(e.elements.arrow.style,n.arrow),function(){Object.keys(e.elements).forEach(function(r){var i=e.elements[r],o=e.attributes[r]||{},l=Object.keys(e.styles.hasOwnProperty(r)?e.styles[r]:n[r]),c=l.reduce(function(d,p){return d[p]="",d},{});!Pr(i)||!Ci(i)||(Object.assign(i.style,c),Object.keys(o).forEach(function(d){i.removeAttribute(d)}))})}}const Id={name:"applyStyles",enabled:!0,phase:"write",fn:oI,effect:aI,requires:["computeStyles"]};function Ri(t){return t.split("-")[0]}var ho=Math.max,Qu=Math.min,Ta=Math.round;function yh(){var t=navigator.userAgentData;return t!=null&&t.brands&&Array.isArray(t.brands)?t.brands.map(function(e){return e.brand+"/"+e.version}).join(" "):navigator.userAgent}function sS(){return!/^((?!chrome|android).)*safari/i.test(yh())}function va(t,e,n){e===void 0&&(e=!1),n===void 0&&(n=!1);var r=t.getBoundingClientRect(),i=1,o=1;e&&Pr(t)&&(i=t.offsetWidth>0&&Ta(r.width)/t.offsetWidth||1,o=t.offsetHeight>0&&Ta(r.height)/t.offsetHeight||1);var l=vo(t)?Rr(t):window,c=l.visualViewport,d=!sS()&&n,p=(r.left+(d&&c?c.offsetLeft:0))/i,f=(r.top+(d&&c?c.offsetTop:0))/o,E=r.width/i,R=r.height/o;return{width:E,height:R,top:f,right:p+E,bottom:f+R,left:p,x:p,y:f}}function $0(t){var e=va(t),n=t.offsetWidth,r=t.offsetHeight;return Math.abs(e.width-n)<=1&&(n=e.width),Math.abs(e.height-r)<=1&&(r=e.height),{x:t.offsetLeft,y:t.offsetTop,width:n,height:r}}function oS(t,e){var n=e.getRootNode&&e.getRootNode();if(t.contains(e))return!0;if(n&&U0(n)){var r=e;do{if(r&&t.isSameNode(r))return!0;r=r.parentNode||r.host}while(r)}return!1}function Qi(t){return Rr(t).getComputedStyle(t)}function lI(t){return["table","td","th"].indexOf(Ci(t))>=0}function Bs(t){return((vo(t)?t.ownerDocument:t.document)||window.document).documentElement}function kd(t){return Ci(t)==="html"?t:t.assignedSlot||t.parentNode||(U0(t)?t.host:null)||Bs(t)}function vg(t){return!Pr(t)||Qi(t).position==="fixed"?null:t.offsetParent}function cI(t){var e=/firefox/i.test(yh()),n=/Trident/i.test(yh());if(n&&Pr(t)){var r=Qi(t);if(r.position==="fixed")return null}var i=kd(t);for(U0(i)&&(i=i.host);Pr(i)&&["html","body"].indexOf(Ci(i))<0;){var o=Qi(i);if(o.transform!=="none"||o.perspective!=="none"||o.contain==="paint"||["transform","perspective"].indexOf(o.willChange)!==-1||e&&o.willChange==="filter"||e&&o.filter&&o.filter!=="none")return i;i=i.parentNode}return null}function tc(t){for(var e=Rr(t),n=vg(t);n&&lI(n)&&Qi(n).position==="static";)n=vg(n);return n&&(Ci(n)==="html"||Ci(n)==="body"&&Qi(n).position==="static")?e:n||cI(t)||e}function F0(t){return["top","bottom"].indexOf(t)>=0?"x":"y"}function Cl(t,e,n){return ho(t,Qu(e,n))}function uI(t,e,n){var r=Cl(t,e,n);return r>n?n:r}function aS(){return{top:0,right:0,bottom:0,left:0}}function lS(t){return Object.assign({},aS(),t)}function cS(t,e){return e.reduce(function(n,r){return n[r]=t,n},{})}var dI=function(e,n){return e=typeof e=="function"?e(Object.assign({},n.rects,{placement:n.placement})):e,lS(typeof e!="number"?e:cS(e,Da))};function fI(t){var e,n=t.state,r=t.name,i=t.options,o=n.elements.arrow,l=n.modifiersData.popperOffsets,c=Ri(n.placement),d=F0(c),p=[Jn,Ar].indexOf(c)>=0,f=p?"height":"width";if(!(!o||!l)){var E=dI(i.padding,n),R=$0(o),O=d==="y"?jn:Jn,I=d==="y"?Sr:Ar,b=n.rects.reference[f]+n.rects.reference[d]-l[d]-n.rects.popper[f],k=l[d]-n.rects.reference[d],A=tc(o),N=A?d==="y"?A.clientHeight||0:A.clientWidth||0:0,K=b/2-k/2,g=E[O],z=N-R[f]-E[I],x=N/2-R[f]/2+K,U=Cl(g,x,z),et=d;n.modifiersData[r]=(e={},e[et]=U,e.centerOffset=U-x,e)}}function pI(t){var e=t.state,n=t.options,r=n.element,i=r===void 0?"[data-popper-arrow]":r;i!=null&&(typeof i=="string"&&(i=e.elements.popper.querySelector(i),!i)||oS(e.elements.popper,i)&&(e.elements.arrow=i))}const uS={name:"arrow",enabled:!0,phase:"main",fn:fI,effect:pI,requires:["popperOffsets"],requiresIfExists:["preventOverflow"]};function Sa(t){return t.split("-")[1]}var hI={top:"auto",right:"auto",bottom:"auto",left:"auto"};function mI(t,e){var n=t.x,r=t.y,i=e.devicePixelRatio||1;return{x:Ta(n*i)/i||0,y:Ta(r*i)/i||0}}function Sg(t){var e,n=t.popper,r=t.popperRect,i=t.placement,o=t.variation,l=t.offsets,c=t.position,d=t.gpuAcceleration,p=t.adaptive,f=t.roundOffsets,E=t.isFixed,R=l.x,O=R===void 0?0:R,I=l.y,b=I===void 0?0:I,k=typeof f=="function"?f({x:O,y:b}):{x:O,y:b};O=k.x,b=k.y;var A=l.hasOwnProperty("x"),N=l.hasOwnProperty("y"),K=Jn,g=jn,z=window;if(p){var x=tc(n),U="clientHeight",et="clientWidth";if(x===Rr(n)&&(x=Bs(n),Qi(x).position!=="static"&&c==="absolute"&&(U="scrollHeight",et="scrollWidth")),x=x,i===jn||(i===Jn||i===Ar)&&o===ga){g=Sr;var It=E&&x===z&&z.visualViewport?z.visualViewport.height:x[U];b-=It-r.height,b*=d?1:-1}if(i===Jn||(i===jn||i===Sr)&&o===ga){K=Ar;var Bt=E&&x===z&&z.visualViewport?z.visualViewport.width:x[et];O-=Bt-r.width,O*=d?1:-1}}var dt=Object.assign({position:c},p&&hI),Ct=f===!0?mI({x:O,y:b},Rr(n)):{x:O,y:b};if(O=Ct.x,b=Ct.y,d){var B;return Object.assign({},dt,(B={},B[g]=N?"0":"",B[K]=A?"0":"",B.transform=(z.devicePixelRatio||1)<=1?"translate("+O+"px, "+b+"px)":"translate3d("+O+"px, "+b+"px, 0)",B))}return Object.assign({},dt,(e={},e[g]=N?b+"px":"",e[K]=A?O+"px":"",e.transform="",e))}function _I(t){var e=t.state,n=t.options,r=n.gpuAcceleration,i=r===void 0?!0:r,o=n.adaptive,l=o===void 0?!0:o,c=n.roundOffsets,d=c===void 0?!0:c,p={placement:Ri(e.placement),variation:Sa(e.placement),popper:e.elements.popper,popperRect:e.rects.popper,gpuAcceleration:i,isFixed:e.options.strategy==="fixed"};e.modifiersData.popperOffsets!=null&&(e.styles.popper=Object.assign({},e.styles.popper,Sg(Object.assign({},p,{offsets:e.modifiersData.popperOffsets,position:e.options.strategy,adaptive:l,roundOffsets:d})))),e.modifiersData.arrow!=null&&(e.styles.arrow=Object.assign({},e.styles.arrow,Sg(Object.assign({},p,{offsets:e.modifiersData.arrow,position:"absolute",adaptive:!1,roundOffsets:d})))),e.attributes.popper=Object.assign({},e.attributes.popper,{"data-popper-placement":e.placement})}const V0={name:"computeStyles",enabled:!0,phase:"beforeWrite",fn:_I,data:{}};var lu={passive:!0};function EI(t){var e=t.state,n=t.instance,r=t.options,i=r.scroll,o=i===void 0?!0:i,l=r.resize,c=l===void 0?!0:l,d=Rr(e.elements.popper),p=[].concat(e.scrollParents.reference,e.scrollParents.popper);return o&&p.forEach(function(f){f.addEventListener("scroll",n.update,lu)}),c&&d.addEventListener("resize",n.update,lu),function(){o&&p.forEach(function(f){f.removeEventListener("scroll",n.update,lu)}),c&&d.removeEventListener("resize",n.update,lu)}}const z0={name:"eventListeners",enabled:!0,phase:"write",fn:function(){},effect:EI,data:{}};var gI={left:"right",right:"left",bottom:"top",top:"bottom"};function ku(t){return t.replace(/left|right|bottom|top/g,function(e){return gI[e]})}var TI={start:"end",end:"start"};function Ag(t){return t.replace(/start|end/g,function(e){return TI[e]})}function G0(t){var e=Rr(t),n=e.pageXOffset,r=e.pageYOffset;return{scrollLeft:n,scrollTop:r}}function X0(t){return va(Bs(t)).left+G0(t).scrollLeft}function vI(t,e){var n=Rr(t),r=Bs(t),i=n.visualViewport,o=r.clientWidth,l=r.clientHeight,c=0,d=0;if(i){o=i.width,l=i.height;var p=sS();(p||!p&&e==="fixed")&&(c=i.offsetLeft,d=i.offsetTop)}return{width:o,height:l,x:c+X0(t),y:d}}function SI(t){var e,n=Bs(t),r=G0(t),i=(e=t.ownerDocument)==null?void 0:e.body,o=ho(n.scrollWidth,n.clientWidth,i?i.scrollWidth:0,i?i.clientWidth:0),l=ho(n.scrollHeight,n.clientHeight,i?i.scrollHeight:0,i?i.clientHeight:0),c=-r.scrollLeft+X0(t),d=-r.scrollTop;return Qi(i||n).direction==="rtl"&&(c+=ho(n.clientWidth,i?i.clientWidth:0)-o),{width:o,height:l,x:c,y:d}}function K0(t){var e=Qi(t),n=e.overflow,r=e.overflowX,i=e.overflowY;return/auto|scroll|overlay|hidden/.test(n+i+r)}function dS(t){return["html","body","#document"].indexOf(Ci(t))>=0?t.ownerDocument.body:Pr(t)&&K0(t)?t:dS(kd(t))}function wl(t,e){var n;e===void 0&&(e=[]);var r=dS(t),i=r===((n=t.ownerDocument)==null?void 0:n.body),o=Rr(r),l=i?[o].concat(o.visualViewport||[],K0(r)?r:[]):r,c=e.concat(l);return i?c:c.concat(wl(kd(l)))}function Nh(t){return Object.assign({},t,{left:t.x,top:t.y,right:t.x+t.width,bottom:t.y+t.height})}function AI(t,e){var n=va(t,!1,e==="fixed");return n.top=n.top+t.clientTop,n.left=n.left+t.clientLeft,n.bottom=n.top+t.clientHeight,n.right=n.left+t.clientWidth,n.width=t.clientWidth,n.height=t.clientHeight,n.x=n.left,n.y=n.top,n}function Rg(t,e,n){return e===H0?Nh(vI(t,n)):vo(e)?AI(e,n):Nh(SI(Bs(t)))}function RI(t){var e=wl(kd(t)),n=["absolute","fixed"].indexOf(Qi(t).position)>=0,r=n&&Pr(t)?tc(t):t;return vo(r)?e.filter(function(i){return vo(i)&&oS(i,r)&&Ci(i)!=="body"}):[]}function bI(t,e,n,r){var i=e==="clippingParents"?RI(t):[].concat(e),o=[].concat(i,[n]),l=o[0],c=o.reduce(function(d,p){var f=Rg(t,p,r);return d.top=ho(f.top,d.top),d.right=Qu(f.right,d.right),d.bottom=Qu(f.bottom,d.bottom),d.left=ho(f.left,d.left),d},Rg(t,l,r));return c.width=c.right-c.left,c.height=c.bottom-c.top,c.x=c.left,c.y=c.top,c}function fS(t){var e=t.reference,n=t.element,r=t.placement,i=r?Ri(r):null,o=r?Sa(r):null,l=e.x+e.width/2-n.width/2,c=e.y+e.height/2-n.height/2,d;switch(i){case jn:d={x:l,y:e.y-n.height};break;case Sr:d={x:l,y:e.y+e.height};break;case Ar:d={x:e.x+e.width,y:c};break;case Jn:d={x:e.x-n.width,y:c};break;default:d={x:e.x,y:e.y}}var p=i?F0(i):null;if(p!=null){var f=p==="y"?"height":"width";switch(o){case To:d[p]=d[p]-(e[f]/2-n[f]/2);break;case ga:d[p]=d[p]+(e[f]/2-n[f]/2);break}}return d}function Aa(t,e){e===void 0&&(e={});var n=e,r=n.placement,i=r===void 0?t.placement:r,o=n.strategy,l=o===void 0?t.strategy:o,c=n.boundary,d=c===void 0?Kv:c,p=n.rootBoundary,f=p===void 0?H0:p,E=n.elementContext,R=E===void 0?ta:E,O=n.altBoundary,I=O===void 0?!1:O,b=n.padding,k=b===void 0?0:b,A=lS(typeof k!="number"?k:cS(k,Da)),N=R===ta?Yv:ta,K=t.rects.popper,g=t.elements[I?N:R],z=bI(vo(g)?g:g.contextElement||Bs(t.elements.popper),d,f,l),x=va(t.elements.reference),U=fS({reference:x,element:K,placement:i}),et=Nh(Object.assign({},K,U)),It=R===ta?et:x,Bt={top:z.top-It.top+A.top,bottom:It.bottom-z.bottom+A.bottom,left:z.left-It.left+A.left,right:It.right-z.right+A.right},dt=t.modifiersData.offset;if(R===ta&&dt){var Ct=dt[i];Object.keys(Bt).forEach(function(B){var q=[Ar,Sr].indexOf(B)>=0?1:-1,At=[jn,Sr].indexOf(B)>=0?"y":"x";Bt[B]+=Ct[At]*q})}return Bt}function OI(t,e){e===void 0&&(e={});var n=e,r=n.placement,i=n.boundary,o=n.rootBoundary,l=n.padding,c=n.flipVariations,d=n.allowedAutoPlacements,p=d===void 0?W0:d,f=Sa(r),E=f?c?Lh:Lh.filter(function(I){return Sa(I)===f}):Da,R=E.filter(function(I){return p.indexOf(I)>=0});R.length===0&&(R=E);var O=R.reduce(function(I,b){return I[b]=Aa(t,{placement:b,boundary:i,rootBoundary:o,padding:l})[Ri(b)],I},{});return Object.keys(O).sort(function(I,b){return O[I]-O[b]})}function LI(t){if(Ri(t)===xd)return[];var e=ku(t);return[Ag(t),e,Ag(e)]}function yI(t){var e=t.state,n=t.options,r=t.name;if(!e.modifiersData[r]._skip){for(var i=n.mainAxis,o=i===void 0?!0:i,l=n.altAxis,c=l===void 0?!0:l,d=n.fallbackPlacements,p=n.padding,f=n.boundary,E=n.rootBoundary,R=n.altBoundary,O=n.flipVariations,I=O===void 0?!0:O,b=n.allowedAutoPlacements,k=e.options.placement,A=Ri(k),N=A===k,K=d||(N||!I?[ku(k)]:LI(k)),g=[k].concat(K).reduce(function(J,Z){return J.concat(Ri(Z)===xd?OI(e,{placement:Z,boundary:f,rootBoundary:E,padding:p,flipVariations:I,allowedAutoPlacements:b}):Z)},[]),z=e.rects.reference,x=e.rects.popper,U=new Map,et=!0,It=g[0],Bt=0;Bt<g.length;Bt++){var dt=g[Bt],Ct=Ri(dt),B=Sa(dt)===To,q=[jn,Sr].indexOf(Ct)>=0,At=q?"width":"height",H=Aa(e,{placement:dt,boundary:f,rootBoundary:E,altBoundary:R,padding:p}),W=q?B?Ar:Jn:B?Sr:jn;z[At]>x[At]&&(W=ku(W));var ct=ku(W),bt=[];if(o&&bt.push(H[Ct]<=0),c&&bt.push(H[W]<=0,H[ct]<=0),bt.every(function(J){return J})){It=dt,et=!1;break}U.set(dt,bt)}if(et)for(var Rt=I?3:1,st=function(Z){var C=g.find(function(Mt){var ne=U.get(Mt);if(ne)return ne.slice(0,Z).every(function(He){return He})});if(C)return It=C,"break"},Y=Rt;Y>0;Y--){var P=st(Y);if(P==="break")break}e.placement!==It&&(e.modifiersData[r]._skip=!0,e.placement=It,e.reset=!0)}}const pS={name:"flip",enabled:!0,phase:"main",fn:yI,requiresIfExists:["offset"],data:{_skip:!1}};function bg(t,e,n){return n===void 0&&(n={x:0,y:0}),{top:t.top-e.height-n.y,right:t.right-e.width+n.x,bottom:t.bottom-e.height+n.y,left:t.left-e.width-n.x}}function Og(t){return[jn,Ar,Sr,Jn].some(function(e){return t[e]>=0})}function NI(t){var e=t.state,n=t.name,r=e.rects.reference,i=e.rects.popper,o=e.modifiersData.preventOverflow,l=Aa(e,{elementContext:"reference"}),c=Aa(e,{altBoundary:!0}),d=bg(l,r),p=bg(c,i,o),f=Og(d),E=Og(p);e.modifiersData[n]={referenceClippingOffsets:d,popperEscapeOffsets:p,isReferenceHidden:f,hasPopperEscaped:E},e.attributes.popper=Object.assign({},e.attributes.popper,{"data-popper-reference-hidden":f,"data-popper-escaped":E})}const hS={name:"hide",enabled:!0,phase:"main",requiresIfExists:["preventOverflow"],fn:NI};function CI(t,e,n){var r=Ri(t),i=[Jn,jn].indexOf(r)>=0?-1:1,o=typeof n=="function"?n(Object.assign({},e,{placement:t})):n,l=o[0],c=o[1];return l=l||0,c=(c||0)*i,[Jn,Ar].indexOf(r)>=0?{x:c,y:l}:{x:l,y:c}}function wI(t){var e=t.state,n=t.options,r=t.name,i=n.offset,o=i===void 0?[0,0]:i,l=W0.reduce(function(f,E){return f[E]=CI(E,e.rects,o),f},{}),c=l[e.placement],d=c.x,p=c.y;e.modifiersData.popperOffsets!=null&&(e.modifiersData.popperOffsets.x+=d,e.modifiersData.popperOffsets.y+=p),e.modifiersData[r]=l}const mS={name:"offset",enabled:!0,phase:"main",requires:["popperOffsets"],fn:wI};function xI(t){var e=t.state,n=t.name;e.modifiersData[n]=fS({reference:e.rects.reference,element:e.rects.popper,placement:e.placement})}const Y0={name:"popperOffsets",enabled:!0,phase:"read",fn:xI,data:{}};function II(t){return t==="x"?"y":"x"}function kI(t){var e=t.state,n=t.options,r=t.name,i=n.mainAxis,o=i===void 0?!0:i,l=n.altAxis,c=l===void 0?!1:l,d=n.boundary,p=n.rootBoundary,f=n.altBoundary,E=n.padding,R=n.tether,O=R===void 0?!0:R,I=n.tetherOffset,b=I===void 0?0:I,k=Aa(e,{boundary:d,rootBoundary:p,padding:E,altBoundary:f}),A=Ri(e.placement),N=Sa(e.placement),K=!N,g=F0(A),z=II(g),x=e.modifiersData.popperOffsets,U=e.rects.reference,et=e.rects.popper,It=typeof b=="function"?b(Object.assign({},e.rects,{placement:e.placement})):b,Bt=typeof It=="number"?{mainAxis:It,altAxis:It}:Object.assign({mainAxis:0,altAxis:0},It),dt=e.modifiersData.offset?e.modifiersData.offset[e.placement]:null,Ct={x:0,y:0};if(x){if(o){var B,q=g==="y"?jn:Jn,At=g==="y"?Sr:Ar,H=g==="y"?"height":"width",W=x[g],ct=W+k[q],bt=W-k[At],Rt=O?-et[H]/2:0,st=N===To?U[H]:et[H],Y=N===To?-et[H]:-U[H],P=e.elements.arrow,J=O&&P?$0(P):{width:0,height:0},Z=e.modifiersData["arrow#persistent"]?e.modifiersData["arrow#persistent"].padding:aS(),C=Z[q],Mt=Z[At],ne=Cl(0,U[H],J[H]),He=K?U[H]/2-Rt-ne-C-Bt.mainAxis:st-ne-C-Bt.mainAxis,xe=K?-U[H]/2+Rt+ne+Mt+Bt.mainAxis:Y+ne+Mt+Bt.mainAxis,ln=e.elements.arrow&&tc(e.elements.arrow),F=ln?g==="y"?ln.clientTop||0:ln.clientLeft||0:0,G=(B=dt?.[g])!=null?B:0,it=W+He-G-F,vt=W+xe-G,Et=Cl(O?Qu(ct,it):ct,W,O?ho(bt,vt):bt);x[g]=Et,Ct[g]=Et-W}if(c){var _t,rt=g==="x"?jn:Jn,ot=g==="x"?Sr:Ar,ft=x[z],ut=z==="y"?"height":"width",Ht=ft+k[rt],Nt=ft-k[ot],Ft=[jn,Jn].indexOf(A)!==-1,Yt=(_t=dt?.[z])!=null?_t:0,te=Ft?Ht:ft-U[ut]-et[ut]-Yt+Bt.altAxis,fe=Ft?ft+U[ut]+et[ut]-Yt-Bt.altAxis:Nt,ce=O&&Ft?uI(te,ft,fe):Cl(O?te:Ht,ft,O?fe:Nt);x[z]=ce,Ct[z]=ce-ft}e.modifiersData[r]=Ct}}const _S={name:"preventOverflow",enabled:!0,phase:"main",fn:kI,requiresIfExists:["offset"]};function BI(t){return{scrollLeft:t.scrollLeft,scrollTop:t.scrollTop}}function DI(t){return t===Rr(t)||!Pr(t)?G0(t):BI(t)}function PI(t){var e=t.getBoundingClientRect(),n=Ta(e.width)/t.offsetWidth||1,r=Ta(e.height)/t.offsetHeight||1;return n!==1||r!==1}function MI(t,e,n){n===void 0&&(n=!1);var r=Pr(e),i=Pr(e)&&PI(e),o=Bs(e),l=va(t,i,n),c={scrollLeft:0,scrollTop:0},d={x:0,y:0};return(r||!r&&!n)&&((Ci(e)!=="body"||K0(o))&&(c=DI(e)),Pr(e)?(d=va(e,!0),d.x+=e.clientLeft,d.y+=e.clientTop):o&&(d.x=X0(o))),{x:l.left+c.scrollLeft-d.x,y:l.top+c.scrollTop-d.y,width:l.width,height:l.height}}function HI(t){var e=new Map,n=new Set,r=[];t.forEach(function(o){e.set(o.name,o)});function i(o){n.add(o.name);var l=[].concat(o.requires||[],o.requiresIfExists||[]);l.forEach(function(c){if(!n.has(c)){var d=e.get(c);d&&i(d)}}),r.push(o)}return t.forEach(function(o){n.has(o.name)||i(o)}),r}function WI(t){var e=HI(t);return iS.reduce(function(n,r){return n.concat(e.filter(function(i){return i.phase===r}))},[])}function UI(t){var e;return function(){return e||(e=new Promise(function(n){Promise.resolve().then(function(){e=void 0,n(t())})})),e}}function $I(t){var e=t.reduce(function(n,r){var i=n[r.name];return n[r.name]=i?Object.assign({},i,r,{options:Object.assign({},i.options,r.options),data:Object.assign({},i.data,r.data)}):r,n},{});return Object.keys(e).map(function(n){return e[n]})}var Lg={placement:"bottom",modifiers:[],strategy:"absolute"};function yg(){for(var t=arguments.length,e=new Array(t),n=0;n<t;n++)e[n]=arguments[n];return!e.some(function(r){return!(r&&typeof r.getBoundingClientRect=="function")})}function Bd(t){t===void 0&&(t={});var e=t,n=e.defaultModifiers,r=n===void 0?[]:n,i=e.defaultOptions,o=i===void 0?Lg:i;return function(c,d,p){p===void 0&&(p=o);var f={placement:"bottom",orderedModifiers:[],options:Object.assign({},Lg,o),modifiersData:{},elements:{reference:c,popper:d},attributes:{},styles:{}},E=[],R=!1,O={state:f,setOptions:function(A){var N=typeof A=="function"?A(f.options):A;b(),f.options=Object.assign({},o,f.options,N),f.scrollParents={reference:vo(c)?wl(c):c.contextElement?wl(c.contextElement):[],popper:wl(d)};var K=WI($I([].concat(r,f.options.modifiers)));return f.orderedModifiers=K.filter(function(g){return g.enabled}),I(),O.update()},forceUpdate:function(){if(!R){var A=f.elements,N=A.reference,K=A.popper;if(yg(N,K)){f.rects={reference:MI(N,tc(K),f.options.strategy==="fixed"),popper:$0(K)},f.reset=!1,f.placement=f.options.placement,f.orderedModifiers.forEach(function(Bt){return f.modifiersData[Bt.name]=Object.assign({},Bt.data)});for(var g=0;g<f.orderedModifiers.length;g++){if(f.reset===!0){f.reset=!1,g=-1;continue}var z=f.orderedModifiers[g],x=z.fn,U=z.options,et=U===void 0?{}:U,It=z.name;typeof x=="function"&&(f=x({state:f,options:et,name:It,instance:O})||f)}}}},update:UI(function(){return new Promise(function(k){O.forceUpdate(),k(f)})}),destroy:function(){b(),R=!0}};if(!yg(c,d))return O;O.setOptions(p).then(function(k){!R&&p.onFirstUpdate&&p.onFirstUpdate(k)});function I(){f.orderedModifiers.forEach(function(k){var A=k.name,N=k.options,K=N===void 0?{}:N,g=k.effect;if(typeof g=="function"){var z=g({state:f,name:A,instance:O,options:K}),x=function(){};E.push(z||x)}})}function b(){E.forEach(function(k){return k()}),E=[]}return O}}var FI=Bd(),VI=[z0,Y0,V0,Id],zI=Bd({defaultModifiers:VI}),GI=[z0,Y0,V0,Id,mS,pS,_S,uS,hS],Dd=Bd({defaultModifiers:GI});const ES=Object.freeze(Object.defineProperty({__proto__:null,afterMain:tS,afterRead:Jv,afterWrite:rS,applyStyles:Id,arrow:uS,auto:xd,basePlacements:Da,beforeMain:Qv,beforeRead:qv,beforeWrite:eS,bottom:Sr,clippingParents:Kv,computeStyles:V0,createPopper:Dd,createPopperBase:FI,createPopperLite:zI,detectOverflow:Aa,end:ga,eventListeners:z0,flip:pS,hide:hS,left:Jn,main:Zv,modifierPhases:iS,offset:mS,placements:W0,popper:ta,popperGenerator:Bd,popperOffsets:Y0,preventOverflow:_S,read:jv,reference:Yv,right:Ar,start:To,top:jn,variationPlacements:Lh,viewport:H0,write:nS},Symbol.toStringTag,{value:"Module"}));/*!
  * Bootstrap v5.3.3 (https://getbootstrap.com/)
  * Copyright 2011-2024 The Bootstrap Authors (https://github.com/twbs/bootstrap/graphs/contributors)
  * Licensed under MIT (https://github.com/twbs/bootstrap/blob/main/LICENSE)
  */const _s=new Map,xp={set(t,e,n){_s.has(t)||_s.set(t,new Map);const r=_s.get(t);if(!r.has(e)&&r.size!==0){console.error(`Bootstrap doesn't allow more than one instance per element. Bound instance: ${Array.from(r.keys())[0]}.`);return}r.set(e,n)},get(t,e){return _s.has(t)&&_s.get(t).get(e)||null},remove(t,e){if(!_s.has(t))return;const n=_s.get(t);n.delete(e),n.size===0&&_s.delete(t)}},XI=1e6,KI=1e3,Ch="transitionend",gS=t=>(t&&window.CSS&&window.CSS.escape&&(t=t.replace(/#([^\s"#']+)/g,(e,n)=>`#${CSS.escape(n)}`)),t),YI=t=>t==null?`${t}`:Object.prototype.toString.call(t).match(/\s([a-z]+)/i)[1].toLowerCase(),qI=t=>{do t+=Math.floor(Math.random()*XI);while(document.getElementById(t));return t},jI=t=>{if(!t)return 0;let{transitionDuration:e,transitionDelay:n}=window.getComputedStyle(t);const r=Number.parseFloat(e),i=Number.parseFloat(n);return!r&&!i?0:(e=e.split(",")[0],n=n.split(",")[0],(Number.parseFloat(e)+Number.parseFloat(n))*KI)},TS=t=>{t.dispatchEvent(new Event(Ch))},ji=t=>!t||typeof t!="object"?!1:(typeof t.jquery<"u"&&(t=t[0]),typeof t.nodeType<"u"),Os=t=>ji(t)?t.jquery?t[0]:t:typeof t=="string"&&t.length>0?document.querySelector(gS(t)):null,Pa=t=>{if(!ji(t)||t.getClientRects().length===0)return!1;const e=getComputedStyle(t).getPropertyValue("visibility")==="visible",n=t.closest("details:not([open])");if(!n)return e;if(n!==t){const r=t.closest("summary");if(r&&r.parentNode!==n||r===null)return!1}return e},Ls=t=>!t||t.nodeType!==Node.ELEMENT_NODE||t.classList.contains("disabled")?!0:typeof t.disabled<"u"?t.disabled:t.hasAttribute("disabled")&&t.getAttribute("disabled")!=="false",vS=t=>{if(!document.documentElement.attachShadow)return null;if(typeof t.getRootNode=="function"){const e=t.getRootNode();return e instanceof ShadowRoot?e:null}return t instanceof ShadowRoot?t:t.parentNode?vS(t.parentNode):null},Zu=()=>{},ec=t=>{t.offsetHeight},SS=()=>window.jQuery&&!document.body.hasAttribute("data-bs-no-jquery")?window.jQuery:null,Ip=[],JI=t=>{document.readyState==="loading"?(Ip.length||document.addEventListener("DOMContentLoaded",()=>{for(const e of Ip)e()}),Ip.push(t)):t()},Wr=()=>document.documentElement.dir==="rtl",Vr=t=>{JI(()=>{const e=SS();if(e){const n=t.NAME,r=e.fn[n];e.fn[n]=t.jQueryInterface,e.fn[n].Constructor=t,e.fn[n].noConflict=()=>(e.fn[n]=r,t.jQueryInterface)}})},ir=(t,e=[],n=t)=>typeof t=="function"?t(...e):n,AS=(t,e,n=!0)=>{if(!n){ir(t);return}const i=jI(e)+5;let o=!1;const l=({target:c})=>{c===e&&(o=!0,e.removeEventListener(Ch,l),ir(t))};e.addEventListener(Ch,l),setTimeout(()=>{o||TS(e)},i)},q0=(t,e,n,r)=>{const i=t.length;let o=t.indexOf(e);return o===-1?!n&&r?t[i-1]:t[0]:(o+=n?1:-1,r&&(o=(o+i)%i),t[Math.max(0,Math.min(o,i-1))])},QI=/[^.]*(?=\..*)\.|.*/,ZI=/\..*/,tk=/::\d+$/,kp={};let Ng=1;const RS={mouseenter:"mouseover",mouseleave:"mouseout"},ek=new Set(["click","dblclick","mouseup","mousedown","contextmenu","mousewheel","DOMMouseScroll","mouseover","mouseout","mousemove","selectstart","selectend","keydown","keypress","keyup","orientationchange","touchstart","touchmove","touchend","touchcancel","pointerdown","pointermove","pointerup","pointerleave","pointercancel","gesturestart","gesturechange","gestureend","focus","blur","change","reset","select","submit","focusin","focusout","load","unload","beforeunload","resize","move","DOMContentLoaded","readystatechange","error","abort","scroll"]);function bS(t,e){return e&&`${e}::${Ng++}`||t.uidEvent||Ng++}function OS(t){const e=bS(t);return t.uidEvent=e,kp[e]=kp[e]||{},kp[e]}function nk(t,e){return function n(r){return j0(r,{delegateTarget:t}),n.oneOff&&yt.off(t,r.type,e),e.apply(t,[r])}}function rk(t,e,n){return function r(i){const o=t.querySelectorAll(e);for(let{target:l}=i;l&&l!==this;l=l.parentNode)for(const c of o)if(c===l)return j0(i,{delegateTarget:l}),r.oneOff&&yt.off(t,i.type,e,n),n.apply(l,[i])}}function LS(t,e,n=null){return Object.values(t).find(r=>r.callable===e&&r.delegationSelector===n)}function yS(t,e,n){const r=typeof e=="string",i=r?n:e||n;let o=NS(t);return ek.has(o)||(o=t),[r,i,o]}function Cg(t,e,n,r,i){if(typeof e!="string"||!t)return;let[o,l,c]=yS(e,n,r);e in RS&&(l=(I=>function(b){if(!b.relatedTarget||b.relatedTarget!==b.delegateTarget&&!b.delegateTarget.contains(b.relatedTarget))return I.call(this,b)})(l));const d=OS(t),p=d[c]||(d[c]={}),f=LS(p,l,o?n:null);if(f){f.oneOff=f.oneOff&&i;return}const E=bS(l,e.replace(QI,"")),R=o?rk(t,n,l):nk(t,l);R.delegationSelector=o?n:null,R.callable=l,R.oneOff=i,R.uidEvent=E,p[E]=R,t.addEventListener(c,R,o)}function wh(t,e,n,r,i){const o=LS(e[n],r,i);o&&(t.removeEventListener(n,o,!!i),delete e[n][o.uidEvent])}function ik(t,e,n,r){const i=e[n]||{};for(const[o,l]of Object.entries(i))o.includes(r)&&wh(t,e,n,l.callable,l.delegationSelector)}function NS(t){return t=t.replace(ZI,""),RS[t]||t}const yt={on(t,e,n,r){Cg(t,e,n,r,!1)},one(t,e,n,r){Cg(t,e,n,r,!0)},off(t,e,n,r){if(typeof e!="string"||!t)return;const[i,o,l]=yS(e,n,r),c=l!==e,d=OS(t),p=d[l]||{},f=e.startsWith(".");if(typeof o<"u"){if(!Object.keys(p).length)return;wh(t,d,l,o,i?n:null);return}if(f)for(const E of Object.keys(d))ik(t,d,E,e.slice(1));for(const[E,R]of Object.entries(p)){const O=E.replace(tk,"");(!c||e.includes(O))&&wh(t,d,l,R.callable,R.delegationSelector)}},trigger(t,e,n){if(typeof e!="string"||!t)return null;const r=SS(),i=NS(e),o=e!==i;let l=null,c=!0,d=!0,p=!1;o&&r&&(l=r.Event(e,n),r(t).trigger(l),c=!l.isPropagationStopped(),d=!l.isImmediatePropagationStopped(),p=l.isDefaultPrevented());const f=j0(new Event(e,{bubbles:c,cancelable:!0}),n);return p&&f.preventDefault(),d&&t.dispatchEvent(f),f.defaultPrevented&&l&&l.preventDefault(),f}};function j0(t,e={}){for(const[n,r]of Object.entries(e))try{t[n]=r}catch{Object.defineProperty(t,n,{configurable:!0,get(){return r}})}return t}function wg(t){if(t==="true")return!0;if(t==="false")return!1;if(t===Number(t).toString())return Number(t);if(t===""||t==="null")return null;if(typeof t!="string")return t;try{return JSON.parse(decodeURIComponent(t))}catch{return t}}function Bp(t){return t.replace(/[A-Z]/g,e=>`-${e.toLowerCase()}`)}const Ji={setDataAttribute(t,e,n){t.setAttribute(`data-bs-${Bp(e)}`,n)},removeDataAttribute(t,e){t.removeAttribute(`data-bs-${Bp(e)}`)},getDataAttributes(t){if(!t)return{};const e={},n=Object.keys(t.dataset).filter(r=>r.startsWith("bs")&&!r.startsWith("bsConfig"));for(const r of n){let i=r.replace(/^bs/,"");i=i.charAt(0).toLowerCase()+i.slice(1,i.length),e[i]=wg(t.dataset[r])}return e},getDataAttribute(t,e){return wg(t.getAttribute(`data-bs-${Bp(e)}`))}};class nc{static get Default(){return{}}static get DefaultType(){return{}}static get NAME(){throw new Error('You have to implement the static method "NAME", for each component!')}_getConfig(e){return e=this._mergeConfigObj(e),e=this._configAfterMerge(e),this._typeCheckConfig(e),e}_configAfterMerge(e){return e}_mergeConfigObj(e,n){const r=ji(n)?Ji.getDataAttribute(n,"config"):{};return{...this.constructor.Default,...typeof r=="object"?r:{},...ji(n)?Ji.getDataAttributes(n):{},...typeof e=="object"?e:{}}}_typeCheckConfig(e,n=this.constructor.DefaultType){for(const[r,i]of Object.entries(n)){const o=e[r],l=ji(o)?"element":YI(o);if(!new RegExp(i).test(l))throw new TypeError(`${this.constructor.NAME.toUpperCase()}: Option "${r}" provided type "${l}" but expected type "${i}".`)}}}const sk="5.3.3";class ri extends nc{constructor(e,n){super(),e=Os(e),e&&(this._element=e,this._config=this._getConfig(n),xp.set(this._element,this.constructor.DATA_KEY,this))}dispose(){xp.remove(this._element,this.constructor.DATA_KEY),yt.off(this._element,this.constructor.EVENT_KEY);for(const e of Object.getOwnPropertyNames(this))this[e]=null}_queueCallback(e,n,r=!0){AS(e,n,r)}_getConfig(e){return e=this._mergeConfigObj(e,this._element),e=this._configAfterMerge(e),this._typeCheckConfig(e),e}static getInstance(e){return xp.get(Os(e),this.DATA_KEY)}static getOrCreateInstance(e,n={}){return this.getInstance(e)||new this(e,typeof n=="object"?n:null)}static get VERSION(){return sk}static get DATA_KEY(){return`bs.${this.NAME}`}static get EVENT_KEY(){return`.${this.DATA_KEY}`}static eventName(e){return`${e}${this.EVENT_KEY}`}}const Dp=t=>{let e=t.getAttribute("data-bs-target");if(!e||e==="#"){let n=t.getAttribute("href");if(!n||!n.includes("#")&&!n.startsWith("."))return null;n.includes("#")&&!n.startsWith("#")&&(n=`#${n.split("#")[1]}`),e=n&&n!=="#"?n.trim():null}return e?e.split(",").map(n=>gS(n)).join(","):null},ee={find(t,e=document.documentElement){return[].concat(...Element.prototype.querySelectorAll.call(e,t))},findOne(t,e=document.documentElement){return Element.prototype.querySelector.call(e,t)},children(t,e){return[].concat(...t.children).filter(n=>n.matches(e))},parents(t,e){const n=[];let r=t.parentNode.closest(e);for(;r;)n.push(r),r=r.parentNode.closest(e);return n},prev(t,e){let n=t.previousElementSibling;for(;n;){if(n.matches(e))return[n];n=n.previousElementSibling}return[]},next(t,e){let n=t.nextElementSibling;for(;n;){if(n.matches(e))return[n];n=n.nextElementSibling}return[]},focusableChildren(t){const e=["a","button","input","textarea","select","details","[tabindex]",'[contenteditable="true"]'].map(n=>`${n}:not([tabindex^="-"])`).join(",");return this.find(e,t).filter(n=>!Ls(n)&&Pa(n))},getSelectorFromElement(t){const e=Dp(t);return e&&ee.findOne(e)?e:null},getElementFromSelector(t){const e=Dp(t);return e?ee.findOne(e):null},getMultipleElementsFromSelector(t){const e=Dp(t);return e?ee.find(e):[]}},Pd=(t,e="hide")=>{const n=`click.dismiss${t.EVENT_KEY}`,r=t.NAME;yt.on(document,n,`[data-bs-dismiss="${r}"]`,function(i){if(["A","AREA"].includes(this.tagName)&&i.preventDefault(),Ls(this))return;const o=ee.getElementFromSelector(this)||this.closest(`.${r}`);t.getOrCreateInstance(o)[e]()})},ok="alert",ak="bs.alert",CS=`.${ak}`,lk=`close${CS}`,ck=`closed${CS}`,uk="fade",dk="show";class Md extends ri{static get NAME(){return ok}close(){if(yt.trigger(this._element,lk).defaultPrevented)return;this._element.classList.remove(dk);const n=this._element.classList.contains(uk);this._queueCallback(()=>this._destroyElement(),this._element,n)}_destroyElement(){this._element.remove(),yt.trigger(this._element,ck),this.dispose()}static jQueryInterface(e){return this.each(function(){const n=Md.getOrCreateInstance(this);if(typeof e=="string"){if(n[e]===void 0||e.startsWith("_")||e==="constructor")throw new TypeError(`No method named "${e}"`);n[e](this)}})}}Pd(Md,"close");Vr(Md);const fk="button",pk="bs.button",hk=`.${pk}`,mk=".data-api",_k="active",xg='[data-bs-toggle="button"]',Ek=`click${hk}${mk}`;class Hd extends ri{static get NAME(){return fk}toggle(){this._element.setAttribute("aria-pressed",this._element.classList.toggle(_k))}static jQueryInterface(e){return this.each(function(){const n=Hd.getOrCreateInstance(this);e==="toggle"&&n[e]()})}}yt.on(document,Ek,xg,t=>{t.preventDefault();const e=t.target.closest(xg);Hd.getOrCreateInstance(e).toggle()});Vr(Hd);const gk="swipe",Ma=".bs.swipe",Tk=`touchstart${Ma}`,vk=`touchmove${Ma}`,Sk=`touchend${Ma}`,Ak=`pointerdown${Ma}`,Rk=`pointerup${Ma}`,bk="touch",Ok="pen",Lk="pointer-event",yk=40,Nk={endCallback:null,leftCallback:null,rightCallback:null},Ck={endCallback:"(function|null)",leftCallback:"(function|null)",rightCallback:"(function|null)"};class td extends nc{constructor(e,n){super(),this._element=e,!(!e||!td.isSupported())&&(this._config=this._getConfig(n),this._deltaX=0,this._supportPointerEvents=!!window.PointerEvent,this._initEvents())}static get Default(){return Nk}static get DefaultType(){return Ck}static get NAME(){return gk}dispose(){yt.off(this._element,Ma)}_start(e){if(!this._supportPointerEvents){this._deltaX=e.touches[0].clientX;return}this._eventIsPointerPenTouch(e)&&(this._deltaX=e.clientX)}_end(e){this._eventIsPointerPenTouch(e)&&(this._deltaX=e.clientX-this._deltaX),this._handleSwipe(),ir(this._config.endCallback)}_move(e){this._deltaX=e.touches&&e.touches.length>1?0:e.touches[0].clientX-this._deltaX}_handleSwipe(){const e=Math.abs(this._deltaX);if(e<=yk)return;const n=e/this._deltaX;this._deltaX=0,n&&ir(n>0?this._config.rightCallback:this._config.leftCallback)}_initEvents(){this._supportPointerEvents?(yt.on(this._element,Ak,e=>this._start(e)),yt.on(this._element,Rk,e=>this._end(e)),this._element.classList.add(Lk)):(yt.on(this._element,Tk,e=>this._start(e)),yt.on(this._element,vk,e=>this._move(e)),yt.on(this._element,Sk,e=>this._end(e)))}_eventIsPointerPenTouch(e){return this._supportPointerEvents&&(e.pointerType===Ok||e.pointerType===bk)}static isSupported(){return"ontouchstart"in document.documentElement||navigator.maxTouchPoints>0}}const wk="carousel",xk="bs.carousel",Ds=`.${xk}`,wS=".data-api",Ik="ArrowLeft",kk="ArrowRight",Bk=500,fl="next",jo="prev",ea="left",Bu="right",Dk=`slide${Ds}`,Pp=`slid${Ds}`,Pk=`keydown${Ds}`,Mk=`mouseenter${Ds}`,Hk=`mouseleave${Ds}`,Wk=`dragstart${Ds}`,Uk=`load${Ds}${wS}`,$k=`click${Ds}${wS}`,xS="carousel",cu="active",Fk="slide",Vk="carousel-item-end",zk="carousel-item-start",Gk="carousel-item-next",Xk="carousel-item-prev",IS=".active",kS=".carousel-item",Kk=IS+kS,Yk=".carousel-item img",qk=".carousel-indicators",jk="[data-bs-slide], [data-bs-slide-to]",Jk='[data-bs-ride="carousel"]',Qk={[Ik]:Bu,[kk]:ea},Zk={interval:5e3,keyboard:!0,pause:"hover",ride:!1,touch:!0,wrap:!0},tB={interval:"(number|boolean)",keyboard:"boolean",pause:"(string|boolean)",ride:"(boolean|string)",touch:"boolean",wrap:"boolean"};class rc extends ri{constructor(e,n){super(e,n),this._interval=null,this._activeElement=null,this._isSliding=!1,this.touchTimeout=null,this._swipeHelper=null,this._indicatorsElement=ee.findOne(qk,this._element),this._addEventListeners(),this._config.ride===xS&&this.cycle()}static get Default(){return Zk}static get DefaultType(){return tB}static get NAME(){return wk}next(){this._slide(fl)}nextWhenVisible(){!document.hidden&&Pa(this._element)&&this.next()}prev(){this._slide(jo)}pause(){this._isSliding&&TS(this._element),this._clearInterval()}cycle(){this._clearInterval(),this._updateInterval(),this._interval=setInterval(()=>this.nextWhenVisible(),this._config.interval)}_maybeEnableCycle(){if(this._config.ride){if(this._isSliding){yt.one(this._element,Pp,()=>this.cycle());return}this.cycle()}}to(e){const n=this._getItems();if(e>n.length-1||e<0)return;if(this._isSliding){yt.one(this._element,Pp,()=>this.to(e));return}const r=this._getItemIndex(this._getActive());if(r===e)return;const i=e>r?fl:jo;this._slide(i,n[e])}dispose(){this._swipeHelper&&this._swipeHelper.dispose(),super.dispose()}_configAfterMerge(e){return e.defaultInterval=e.interval,e}_addEventListeners(){this._config.keyboard&&yt.on(this._element,Pk,e=>this._keydown(e)),this._config.pause==="hover"&&(yt.on(this._element,Mk,()=>this.pause()),yt.on(this._element,Hk,()=>this._maybeEnableCycle())),this._config.touch&&td.isSupported()&&this._addTouchEventListeners()}_addTouchEventListeners(){for(const r of ee.find(Yk,this._element))yt.on(r,Wk,i=>i.preventDefault());const n={leftCallback:()=>this._slide(this._directionToOrder(ea)),rightCallback:()=>this._slide(this._directionToOrder(Bu)),endCallback:()=>{this._config.pause==="hover"&&(this.pause(),this.touchTimeout&&clearTimeout(this.touchTimeout),this.touchTimeout=setTimeout(()=>this._maybeEnableCycle(),Bk+this._config.interval))}};this._swipeHelper=new td(this._element,n)}_keydown(e){if(/input|textarea/i.test(e.target.tagName))return;const n=Qk[e.key];n&&(e.preventDefault(),this._slide(this._directionToOrder(n)))}_getItemIndex(e){return this._getItems().indexOf(e)}_setActiveIndicatorElement(e){if(!this._indicatorsElement)return;const n=ee.findOne(IS,this._indicatorsElement);n.classList.remove(cu),n.removeAttribute("aria-current");const r=ee.findOne(`[data-bs-slide-to="${e}"]`,this._indicatorsElement);r&&(r.classList.add(cu),r.setAttribute("aria-current","true"))}_updateInterval(){const e=this._activeElement||this._getActive();if(!e)return;const n=Number.parseInt(e.getAttribute("data-bs-interval"),10);this._config.interval=n||this._config.defaultInterval}_slide(e,n=null){if(this._isSliding)return;const r=this._getActive(),i=e===fl,o=n||q0(this._getItems(),r,i,this._config.wrap);if(o===r)return;const l=this._getItemIndex(o),c=O=>yt.trigger(this._element,O,{relatedTarget:o,direction:this._orderToDirection(e),from:this._getItemIndex(r),to:l});if(c(Dk).defaultPrevented||!r||!o)return;const p=!!this._interval;this.pause(),this._isSliding=!0,this._setActiveIndicatorElement(l),this._activeElement=o;const f=i?zk:Vk,E=i?Gk:Xk;o.classList.add(E),ec(o),r.classList.add(f),o.classList.add(f);const R=()=>{o.classList.remove(f,E),o.classList.add(cu),r.classList.remove(cu,E,f),this._isSliding=!1,c(Pp)};this._queueCallback(R,r,this._isAnimated()),p&&this.cycle()}_isAnimated(){return this._element.classList.contains(Fk)}_getActive(){return ee.findOne(Kk,this._element)}_getItems(){return ee.find(kS,this._element)}_clearInterval(){this._interval&&(clearInterval(this._interval),this._interval=null)}_directionToOrder(e){return Wr()?e===ea?jo:fl:e===ea?fl:jo}_orderToDirection(e){return Wr()?e===jo?ea:Bu:e===jo?Bu:ea}static jQueryInterface(e){return this.each(function(){const n=rc.getOrCreateInstance(this,e);if(typeof e=="number"){n.to(e);return}if(typeof e=="string"){if(n[e]===void 0||e.startsWith("_")||e==="constructor")throw new TypeError(`No method named "${e}"`);n[e]()}})}}yt.on(document,$k,jk,function(t){const e=ee.getElementFromSelector(this);if(!e||!e.classList.contains(xS))return;t.preventDefault();const n=rc.getOrCreateInstance(e),r=this.getAttribute("data-bs-slide-to");if(r){n.to(r),n._maybeEnableCycle();return}if(Ji.getDataAttribute(this,"slide")==="next"){n.next(),n._maybeEnableCycle();return}n.prev(),n._maybeEnableCycle()});yt.on(window,Uk,()=>{const t=ee.find(Jk);for(const e of t)rc.getOrCreateInstance(e)});Vr(rc);const eB="collapse",nB="bs.collapse",ic=`.${nB}`,rB=".data-api",iB=`show${ic}`,sB=`shown${ic}`,oB=`hide${ic}`,aB=`hidden${ic}`,lB=`click${ic}${rB}`,Mp="show",ia="collapse",uu="collapsing",cB="collapsed",uB=`:scope .${ia} .${ia}`,dB="collapse-horizontal",fB="width",pB="height",hB=".collapse.show, .collapse.collapsing",xh='[data-bs-toggle="collapse"]',mB={parent:null,toggle:!0},_B={parent:"(null|element)",toggle:"boolean"};class Fl extends ri{constructor(e,n){super(e,n),this._isTransitioning=!1,this._triggerArray=[];const r=ee.find(xh);for(const i of r){const o=ee.getSelectorFromElement(i),l=ee.find(o).filter(c=>c===this._element);o!==null&&l.length&&this._triggerArray.push(i)}this._initializeChildren(),this._config.parent||this._addAriaAndCollapsedClass(this._triggerArray,this._isShown()),this._config.toggle&&this.toggle()}static get Default(){return mB}static get DefaultType(){return _B}static get NAME(){return eB}toggle(){this._isShown()?this.hide():this.show()}show(){if(this._isTransitioning||this._isShown())return;let e=[];if(this._config.parent&&(e=this._getFirstLevelChildren(hB).filter(c=>c!==this._element).map(c=>Fl.getOrCreateInstance(c,{toggle:!1}))),e.length&&e[0]._isTransitioning||yt.trigger(this._element,iB).defaultPrevented)return;for(const c of e)c.hide();const r=this._getDimension();this._element.classList.remove(ia),this._element.classList.add(uu),this._element.style[r]=0,this._addAriaAndCollapsedClass(this._triggerArray,!0),this._isTransitioning=!0;const i=()=>{this._isTransitioning=!1,this._element.classList.remove(uu),this._element.classList.add(ia,Mp),this._element.style[r]="",yt.trigger(this._element,sB)},l=`scroll${r[0].toUpperCase()+r.slice(1)}`;this._queueCallback(i,this._element,!0),this._element.style[r]=`${this._element[l]}px`}hide(){if(this._isTransitioning||!this._isShown()||yt.trigger(this._element,oB).defaultPrevented)return;const n=this._getDimension();this._element.style[n]=`${this._element.getBoundingClientRect()[n]}px`,ec(this._element),this._element.classList.add(uu),this._element.classList.remove(ia,Mp);for(const i of this._triggerArray){const o=ee.getElementFromSelector(i);o&&!this._isShown(o)&&this._addAriaAndCollapsedClass([i],!1)}this._isTransitioning=!0;const r=()=>{this._isTransitioning=!1,this._element.classList.remove(uu),this._element.classList.add(ia),yt.trigger(this._element,aB)};this._element.style[n]="",this._queueCallback(r,this._element,!0)}_isShown(e=this._element){return e.classList.contains(Mp)}_configAfterMerge(e){return e.toggle=!!e.toggle,e.parent=Os(e.parent),e}_getDimension(){return this._element.classList.contains(dB)?fB:pB}_initializeChildren(){if(!this._config.parent)return;const e=this._getFirstLevelChildren(xh);for(const n of e){const r=ee.getElementFromSelector(n);r&&this._addAriaAndCollapsedClass([n],this._isShown(r))}}_getFirstLevelChildren(e){const n=ee.find(uB,this._config.parent);return ee.find(e,this._config.parent).filter(r=>!n.includes(r))}_addAriaAndCollapsedClass(e,n){if(e.length)for(const r of e)r.classList.toggle(cB,!n),r.setAttribute("aria-expanded",n)}static jQueryInterface(e){const n={};return typeof e=="string"&&/show|hide/.test(e)&&(n.toggle=!1),this.each(function(){const r=Fl.getOrCreateInstance(this,n);if(typeof e=="string"){if(typeof r[e]>"u")throw new TypeError(`No method named "${e}"`);r[e]()}})}}yt.on(document,lB,xh,function(t){(t.target.tagName==="A"||t.delegateTarget&&t.delegateTarget.tagName==="A")&&t.preventDefault();for(const e of ee.getMultipleElementsFromSelector(this))Fl.getOrCreateInstance(e,{toggle:!1}).toggle()});Vr(Fl);const Ig="dropdown",EB="bs.dropdown",No=`.${EB}`,J0=".data-api",gB="Escape",kg="Tab",TB="ArrowUp",Bg="ArrowDown",vB=2,SB=`hide${No}`,AB=`hidden${No}`,RB=`show${No}`,bB=`shown${No}`,BS=`click${No}${J0}`,DS=`keydown${No}${J0}`,OB=`keyup${No}${J0}`,na="show",LB="dropup",yB="dropend",NB="dropstart",CB="dropup-center",wB="dropdown-center",lo='[data-bs-toggle="dropdown"]:not(.disabled):not(:disabled)',xB=`${lo}.${na}`,Du=".dropdown-menu",IB=".navbar",kB=".navbar-nav",BB=".dropdown-menu .dropdown-item:not(.disabled):not(:disabled)",DB=Wr()?"top-end":"top-start",PB=Wr()?"top-start":"top-end",MB=Wr()?"bottom-end":"bottom-start",HB=Wr()?"bottom-start":"bottom-end",WB=Wr()?"left-start":"right-start",UB=Wr()?"right-start":"left-start",$B="top",FB="bottom",VB={autoClose:!0,boundary:"clippingParents",display:"dynamic",offset:[0,2],popperConfig:null,reference:"toggle"},zB={autoClose:"(boolean|string)",boundary:"(string|element)",display:"string",offset:"(array|string|function)",popperConfig:"(null|object|function)",reference:"(string|element|object)"};class bi extends ri{constructor(e,n){super(e,n),this._popper=null,this._parent=this._element.parentNode,this._menu=ee.next(this._element,Du)[0]||ee.prev(this._element,Du)[0]||ee.findOne(Du,this._parent),this._inNavbar=this._detectNavbar()}static get Default(){return VB}static get DefaultType(){return zB}static get NAME(){return Ig}toggle(){return this._isShown()?this.hide():this.show()}show(){if(Ls(this._element)||this._isShown())return;const e={relatedTarget:this._element};if(!yt.trigger(this._element,RB,e).defaultPrevented){if(this._createPopper(),"ontouchstart"in document.documentElement&&!this._parent.closest(kB))for(const r of[].concat(...document.body.children))yt.on(r,"mouseover",Zu);this._element.focus(),this._element.setAttribute("aria-expanded",!0),this._menu.classList.add(na),this._element.classList.add(na),yt.trigger(this._element,bB,e)}}hide(){if(Ls(this._element)||!this._isShown())return;const e={relatedTarget:this._element};this._completeHide(e)}dispose(){this._popper&&this._popper.destroy(),super.dispose()}update(){this._inNavbar=this._detectNavbar(),this._popper&&this._popper.update()}_completeHide(e){if(!yt.trigger(this._element,SB,e).defaultPrevented){if("ontouchstart"in document.documentElement)for(const r of[].concat(...document.body.children))yt.off(r,"mouseover",Zu);this._popper&&this._popper.destroy(),this._menu.classList.remove(na),this._element.classList.remove(na),this._element.setAttribute("aria-expanded","false"),Ji.removeDataAttribute(this._menu,"popper"),yt.trigger(this._element,AB,e)}}_getConfig(e){if(e=super._getConfig(e),typeof e.reference=="object"&&!ji(e.reference)&&typeof e.reference.getBoundingClientRect!="function")throw new TypeError(`${Ig.toUpperCase()}: Option "reference" provided type "object" without a required "getBoundingClientRect" method.`);return e}_createPopper(){if(typeof ES>"u")throw new TypeError("Bootstrap's dropdowns require Popper (https://popper.js.org)");let e=this._element;this._config.reference==="parent"?e=this._parent:ji(this._config.reference)?e=Os(this._config.reference):typeof this._config.reference=="object"&&(e=this._config.reference);const n=this._getPopperConfig();this._popper=Dd(e,this._menu,n)}_isShown(){return this._menu.classList.contains(na)}_getPlacement(){const e=this._parent;if(e.classList.contains(yB))return WB;if(e.classList.contains(NB))return UB;if(e.classList.contains(CB))return $B;if(e.classList.contains(wB))return FB;const n=getComputedStyle(this._menu).getPropertyValue("--bs-position").trim()==="end";return e.classList.contains(LB)?n?PB:DB:n?HB:MB}_detectNavbar(){return this._element.closest(IB)!==null}_getOffset(){const{offset:e}=this._config;return typeof e=="string"?e.split(",").map(n=>Number.parseInt(n,10)):typeof e=="function"?n=>e(n,this._element):e}_getPopperConfig(){const e={placement:this._getPlacement(),modifiers:[{name:"preventOverflow",options:{boundary:this._config.boundary}},{name:"offset",options:{offset:this._getOffset()}}]};return(this._inNavbar||this._config.display==="static")&&(Ji.setDataAttribute(this._menu,"popper","static"),e.modifiers=[{name:"applyStyles",enabled:!1}]),{...e,...ir(this._config.popperConfig,[e])}}_selectMenuItem({key:e,target:n}){const r=ee.find(BB,this._menu).filter(i=>Pa(i));r.length&&q0(r,n,e===Bg,!r.includes(n)).focus()}static jQueryInterface(e){return this.each(function(){const n=bi.getOrCreateInstance(this,e);if(typeof e=="string"){if(typeof n[e]>"u")throw new TypeError(`No method named "${e}"`);n[e]()}})}static clearMenus(e){if(e.button===vB||e.type==="keyup"&&e.key!==kg)return;const n=ee.find(xB);for(const r of n){const i=bi.getInstance(r);if(!i||i._config.autoClose===!1)continue;const o=e.composedPath(),l=o.includes(i._menu);if(o.includes(i._element)||i._config.autoClose==="inside"&&!l||i._config.autoClose==="outside"&&l||i._menu.contains(e.target)&&(e.type==="keyup"&&e.key===kg||/input|select|option|textarea|form/i.test(e.target.tagName)))continue;const c={relatedTarget:i._element};e.type==="click"&&(c.clickEvent=e),i._completeHide(c)}}static dataApiKeydownHandler(e){const n=/input|textarea/i.test(e.target.tagName),r=e.key===gB,i=[TB,Bg].includes(e.key);if(!i&&!r||n&&!r)return;e.preventDefault();const o=this.matches(lo)?this:ee.prev(this,lo)[0]||ee.next(this,lo)[0]||ee.findOne(lo,e.delegateTarget.parentNode),l=bi.getOrCreateInstance(o);if(i){e.stopPropagation(),l.show(),l._selectMenuItem(e);return}l._isShown()&&(e.stopPropagation(),l.hide(),o.focus())}}yt.on(document,DS,lo,bi.dataApiKeydownHandler);yt.on(document,DS,Du,bi.dataApiKeydownHandler);yt.on(document,BS,bi.clearMenus);yt.on(document,OB,bi.clearMenus);yt.on(document,BS,lo,function(t){t.preventDefault(),bi.getOrCreateInstance(this).toggle()});Vr(bi);const PS="backdrop",GB="fade",Dg="show",Pg=`mousedown.bs.${PS}`,XB={className:"modal-backdrop",clickCallback:null,isAnimated:!1,isVisible:!0,rootElement:"body"},KB={className:"string",clickCallback:"(function|null)",isAnimated:"boolean",isVisible:"boolean",rootElement:"(element|string)"};class MS extends nc{constructor(e){super(),this._config=this._getConfig(e),this._isAppended=!1,this._element=null}static get Default(){return XB}static get DefaultType(){return KB}static get NAME(){return PS}show(e){if(!this._config.isVisible){ir(e);return}this._append();const n=this._getElement();this._config.isAnimated&&ec(n),n.classList.add(Dg),this._emulateAnimation(()=>{ir(e)})}hide(e){if(!this._config.isVisible){ir(e);return}this._getElement().classList.remove(Dg),this._emulateAnimation(()=>{this.dispose(),ir(e)})}dispose(){this._isAppended&&(yt.off(this._element,Pg),this._element.remove(),this._isAppended=!1)}_getElement(){if(!this._element){const e=document.createElement("div");e.className=this._config.className,this._config.isAnimated&&e.classList.add(GB),this._element=e}return this._element}_configAfterMerge(e){return e.rootElement=Os(e.rootElement),e}_append(){if(this._isAppended)return;const e=this._getElement();this._config.rootElement.append(e),yt.on(e,Pg,()=>{ir(this._config.clickCallback)}),this._isAppended=!0}_emulateAnimation(e){AS(e,this._getElement(),this._config.isAnimated)}}const YB="focustrap",qB="bs.focustrap",ed=`.${qB}`,jB=`focusin${ed}`,JB=`keydown.tab${ed}`,QB="Tab",ZB="forward",Mg="backward",tD={autofocus:!0,trapElement:null},eD={autofocus:"boolean",trapElement:"element"};class HS extends nc{constructor(e){super(),this._config=this._getConfig(e),this._isActive=!1,this._lastTabNavDirection=null}static get Default(){return tD}static get DefaultType(){return eD}static get NAME(){return YB}activate(){this._isActive||(this._config.autofocus&&this._config.trapElement.focus(),yt.off(document,ed),yt.on(document,jB,e=>this._handleFocusin(e)),yt.on(document,JB,e=>this._handleKeydown(e)),this._isActive=!0)}deactivate(){this._isActive&&(this._isActive=!1,yt.off(document,ed))}_handleFocusin(e){const{trapElement:n}=this._config;if(e.target===document||e.target===n||n.contains(e.target))return;const r=ee.focusableChildren(n);r.length===0?n.focus():this._lastTabNavDirection===Mg?r[r.length-1].focus():r[0].focus()}_handleKeydown(e){e.key===QB&&(this._lastTabNavDirection=e.shiftKey?Mg:ZB)}}const Hg=".fixed-top, .fixed-bottom, .is-fixed, .sticky-top",Wg=".sticky-top",du="padding-right",Ug="margin-right";class Ih{constructor(){this._element=document.body}getWidth(){const e=document.documentElement.clientWidth;return Math.abs(window.innerWidth-e)}hide(){const e=this.getWidth();this._disableOverFlow(),this._setElementAttributes(this._element,du,n=>n+e),this._setElementAttributes(Hg,du,n=>n+e),this._setElementAttributes(Wg,Ug,n=>n-e)}reset(){this._resetElementAttributes(this._element,"overflow"),this._resetElementAttributes(this._element,du),this._resetElementAttributes(Hg,du),this._resetElementAttributes(Wg,Ug)}isOverflowing(){return this.getWidth()>0}_disableOverFlow(){this._saveInitialAttribute(this._element,"overflow"),this._element.style.overflow="hidden"}_setElementAttributes(e,n,r){const i=this.getWidth(),o=l=>{if(l!==this._element&&window.innerWidth>l.clientWidth+i)return;this._saveInitialAttribute(l,n);const c=window.getComputedStyle(l).getPropertyValue(n);l.style.setProperty(n,`${r(Number.parseFloat(c))}px`)};this._applyManipulationCallback(e,o)}_saveInitialAttribute(e,n){const r=e.style.getPropertyValue(n);r&&Ji.setDataAttribute(e,n,r)}_resetElementAttributes(e,n){const r=i=>{const o=Ji.getDataAttribute(i,n);if(o===null){i.style.removeProperty(n);return}Ji.removeDataAttribute(i,n),i.style.setProperty(n,o)};this._applyManipulationCallback(e,r)}_applyManipulationCallback(e,n){if(ji(e)){n(e);return}for(const r of ee.find(e,this._element))n(r)}}const nD="modal",rD="bs.modal",Ur=`.${rD}`,iD=".data-api",sD="Escape",oD=`hide${Ur}`,aD=`hidePrevented${Ur}`,WS=`hidden${Ur}`,US=`show${Ur}`,lD=`shown${Ur}`,cD=`resize${Ur}`,uD=`click.dismiss${Ur}`,dD=`mousedown.dismiss${Ur}`,fD=`keydown.dismiss${Ur}`,pD=`click${Ur}${iD}`,$g="modal-open",hD="fade",Fg="show",Hp="modal-static",mD=".modal.show",_D=".modal-dialog",ED=".modal-body",gD='[data-bs-toggle="modal"]',TD={backdrop:!0,focus:!0,keyboard:!0},vD={backdrop:"(boolean|string)",focus:"boolean",keyboard:"boolean"};class Ra extends ri{constructor(e,n){super(e,n),this._dialog=ee.findOne(_D,this._element),this._backdrop=this._initializeBackDrop(),this._focustrap=this._initializeFocusTrap(),this._isShown=!1,this._isTransitioning=!1,this._scrollBar=new Ih,this._addEventListeners()}static get Default(){return TD}static get DefaultType(){return vD}static get NAME(){return nD}toggle(e){return this._isShown?this.hide():this.show(e)}show(e){this._isShown||this._isTransitioning||yt.trigger(this._element,US,{relatedTarget:e}).defaultPrevented||(this._isShown=!0,this._isTransitioning=!0,this._scrollBar.hide(),document.body.classList.add($g),this._adjustDialog(),this._backdrop.show(()=>this._showElement(e)))}hide(){!this._isShown||this._isTransitioning||yt.trigger(this._element,oD).defaultPrevented||(this._isShown=!1,this._isTransitioning=!0,this._focustrap.deactivate(),this._element.classList.remove(Fg),this._queueCallback(()=>this._hideModal(),this._element,this._isAnimated()))}dispose(){yt.off(window,Ur),yt.off(this._dialog,Ur),this._backdrop.dispose(),this._focustrap.deactivate(),super.dispose()}handleUpdate(){this._adjustDialog()}_initializeBackDrop(){return new MS({isVisible:!!this._config.backdrop,isAnimated:this._isAnimated()})}_initializeFocusTrap(){return new HS({trapElement:this._element})}_showElement(e){document.body.contains(this._element)||document.body.append(this._element),this._element.style.display="block",this._element.removeAttribute("aria-hidden"),this._element.setAttribute("aria-modal",!0),this._element.setAttribute("role","dialog"),this._element.scrollTop=0;const n=ee.findOne(ED,this._dialog);n&&(n.scrollTop=0),ec(this._element),this._element.classList.add(Fg);const r=()=>{this._config.focus&&this._focustrap.activate(),this._isTransitioning=!1,yt.trigger(this._element,lD,{relatedTarget:e})};this._queueCallback(r,this._dialog,this._isAnimated())}_addEventListeners(){yt.on(this._element,fD,e=>{if(e.key===sD){if(this._config.keyboard){this.hide();return}this._triggerBackdropTransition()}}),yt.on(window,cD,()=>{this._isShown&&!this._isTransitioning&&this._adjustDialog()}),yt.on(this._element,dD,e=>{yt.one(this._element,uD,n=>{if(!(this._element!==e.target||this._element!==n.target)){if(this._config.backdrop==="static"){this._triggerBackdropTransition();return}this._config.backdrop&&this.hide()}})})}_hideModal(){this._element.style.display="none",this._element.setAttribute("aria-hidden",!0),this._element.removeAttribute("aria-modal"),this._element.removeAttribute("role"),this._isTransitioning=!1,this._backdrop.hide(()=>{document.body.classList.remove($g),this._resetAdjustments(),this._scrollBar.reset(),yt.trigger(this._element,WS)})}_isAnimated(){return this._element.classList.contains(hD)}_triggerBackdropTransition(){if(yt.trigger(this._element,aD).defaultPrevented)return;const n=this._element.scrollHeight>document.documentElement.clientHeight,r=this._element.style.overflowY;r==="hidden"||this._element.classList.contains(Hp)||(n||(this._element.style.overflowY="hidden"),this._element.classList.add(Hp),this._queueCallback(()=>{this._element.classList.remove(Hp),this._queueCallback(()=>{this._element.style.overflowY=r},this._dialog)},this._dialog),this._element.focus())}_adjustDialog(){const e=this._element.scrollHeight>document.documentElement.clientHeight,n=this._scrollBar.getWidth(),r=n>0;if(r&&!e){const i=Wr()?"paddingLeft":"paddingRight";this._element.style[i]=`${n}px`}if(!r&&e){const i=Wr()?"paddingRight":"paddingLeft";this._element.style[i]=`${n}px`}}_resetAdjustments(){this._element.style.paddingLeft="",this._element.style.paddingRight=""}static jQueryInterface(e,n){return this.each(function(){const r=Ra.getOrCreateInstance(this,e);if(typeof e=="string"){if(typeof r[e]>"u")throw new TypeError(`No method named "${e}"`);r[e](n)}})}}yt.on(document,pD,gD,function(t){const e=ee.getElementFromSelector(this);["A","AREA"].includes(this.tagName)&&t.preventDefault(),yt.one(e,US,i=>{i.defaultPrevented||yt.one(e,WS,()=>{Pa(this)&&this.focus()})});const n=ee.findOne(mD);n&&Ra.getInstance(n).hide(),Ra.getOrCreateInstance(e).toggle(this)});Pd(Ra);Vr(Ra);const SD="offcanvas",AD="bs.offcanvas",is=`.${AD}`,$S=".data-api",RD=`load${is}${$S}`,bD="Escape",Vg="show",zg="showing",Gg="hiding",OD="offcanvas-backdrop",FS=".offcanvas.show",LD=`show${is}`,yD=`shown${is}`,ND=`hide${is}`,Xg=`hidePrevented${is}`,VS=`hidden${is}`,CD=`resize${is}`,wD=`click${is}${$S}`,xD=`keydown.dismiss${is}`,ID='[data-bs-toggle="offcanvas"]',kD={backdrop:!0,keyboard:!0,scroll:!1},BD={backdrop:"(boolean|string)",keyboard:"boolean",scroll:"boolean"};class ys extends ri{constructor(e,n){super(e,n),this._isShown=!1,this._backdrop=this._initializeBackDrop(),this._focustrap=this._initializeFocusTrap(),this._addEventListeners()}static get Default(){return kD}static get DefaultType(){return BD}static get NAME(){return SD}toggle(e){return this._isShown?this.hide():this.show(e)}show(e){if(this._isShown||yt.trigger(this._element,LD,{relatedTarget:e}).defaultPrevented)return;this._isShown=!0,this._backdrop.show(),this._config.scroll||new Ih().hide(),this._element.setAttribute("aria-modal",!0),this._element.setAttribute("role","dialog"),this._element.classList.add(zg);const r=()=>{(!this._config.scroll||this._config.backdrop)&&this._focustrap.activate(),this._element.classList.add(Vg),this._element.classList.remove(zg),yt.trigger(this._element,yD,{relatedTarget:e})};this._queueCallback(r,this._element,!0)}hide(){if(!this._isShown||yt.trigger(this._element,ND).defaultPrevented)return;this._focustrap.deactivate(),this._element.blur(),this._isShown=!1,this._element.classList.add(Gg),this._backdrop.hide();const n=()=>{this._element.classList.remove(Vg,Gg),this._element.removeAttribute("aria-modal"),this._element.removeAttribute("role"),this._config.scroll||new Ih().reset(),yt.trigger(this._element,VS)};this._queueCallback(n,this._element,!0)}dispose(){this._backdrop.dispose(),this._focustrap.deactivate(),super.dispose()}_initializeBackDrop(){const e=()=>{if(this._config.backdrop==="static"){yt.trigger(this._element,Xg);return}this.hide()},n=!!this._config.backdrop;return new MS({className:OD,isVisible:n,isAnimated:!0,rootElement:this._element.parentNode,clickCallback:n?e:null})}_initializeFocusTrap(){return new HS({trapElement:this._element})}_addEventListeners(){yt.on(this._element,xD,e=>{if(e.key===bD){if(this._config.keyboard){this.hide();return}yt.trigger(this._element,Xg)}})}static jQueryInterface(e){return this.each(function(){const n=ys.getOrCreateInstance(this,e);if(typeof e=="string"){if(n[e]===void 0||e.startsWith("_")||e==="constructor")throw new TypeError(`No method named "${e}"`);n[e](this)}})}}yt.on(document,wD,ID,function(t){const e=ee.getElementFromSelector(this);if(["A","AREA"].includes(this.tagName)&&t.preventDefault(),Ls(this))return;yt.one(e,VS,()=>{Pa(this)&&this.focus()});const n=ee.findOne(FS);n&&n!==e&&ys.getInstance(n).hide(),ys.getOrCreateInstance(e).toggle(this)});yt.on(window,RD,()=>{for(const t of ee.find(FS))ys.getOrCreateInstance(t).show()});yt.on(window,CD,()=>{for(const t of ee.find("[aria-modal][class*=show][class*=offcanvas-]"))getComputedStyle(t).position!=="fixed"&&ys.getOrCreateInstance(t).hide()});Pd(ys);Vr(ys);const DD=/^aria-[\w-]*$/i,zS={"*":["class","dir","id","lang","role",DD],a:["target","href","title","rel"],area:[],b:[],br:[],col:[],code:[],dd:[],div:[],dl:[],dt:[],em:[],hr:[],h1:[],h2:[],h3:[],h4:[],h5:[],h6:[],i:[],img:["src","srcset","alt","title","width","height"],li:[],ol:[],p:[],pre:[],s:[],small:[],span:[],sub:[],sup:[],strong:[],u:[],ul:[]},PD=new Set(["background","cite","href","itemtype","longdesc","poster","src","xlink:href"]),MD=/^(?!javascript:)(?:[a-z0-9+.-]+:|[^&:/?#]*(?:[/?#]|$))/i,HD=(t,e)=>{const n=t.nodeName.toLowerCase();return e.includes(n)?PD.has(n)?!!MD.test(t.nodeValue):!0:e.filter(r=>r instanceof RegExp).some(r=>r.test(n))};function WD(t,e,n){if(!t.length)return t;if(n&&typeof n=="function")return n(t);const i=new window.DOMParser().parseFromString(t,"text/html"),o=[].concat(...i.body.querySelectorAll("*"));for(const l of o){const c=l.nodeName.toLowerCase();if(!Object.keys(e).includes(c)){l.remove();continue}const d=[].concat(...l.attributes),p=[].concat(e["*"]||[],e[c]||[]);for(const f of d)HD(f,p)||l.removeAttribute(f.nodeName)}return i.body.innerHTML}const UD="TemplateFactory",$D={allowList:zS,content:{},extraClass:"",html:!1,sanitize:!0,sanitizeFn:null,template:"<div></div>"},FD={allowList:"object",content:"object",extraClass:"(string|function)",html:"boolean",sanitize:"boolean",sanitizeFn:"(null|function)",template:"string"},VD={entry:"(string|element|function|null)",selector:"(string|element)"};class zD extends nc{constructor(e){super(),this._config=this._getConfig(e)}static get Default(){return $D}static get DefaultType(){return FD}static get NAME(){return UD}getContent(){return Object.values(this._config.content).map(e=>this._resolvePossibleFunction(e)).filter(Boolean)}hasContent(){return this.getContent().length>0}changeContent(e){return this._checkContent(e),this._config.content={...this._config.content,...e},this}toHtml(){const e=document.createElement("div");e.innerHTML=this._maybeSanitize(this._config.template);for(const[i,o]of Object.entries(this._config.content))this._setContent(e,o,i);const n=e.children[0],r=this._resolvePossibleFunction(this._config.extraClass);return r&&n.classList.add(...r.split(" ")),n}_typeCheckConfig(e){super._typeCheckConfig(e),this._checkContent(e.content)}_checkContent(e){for(const[n,r]of Object.entries(e))super._typeCheckConfig({selector:n,entry:r},VD)}_setContent(e,n,r){const i=ee.findOne(r,e);if(i){if(n=this._resolvePossibleFunction(n),!n){i.remove();return}if(ji(n)){this._putElementInTemplate(Os(n),i);return}if(this._config.html){i.innerHTML=this._maybeSanitize(n);return}i.textContent=n}}_maybeSanitize(e){return this._config.sanitize?WD(e,this._config.allowList,this._config.sanitizeFn):e}_resolvePossibleFunction(e){return ir(e,[this])}_putElementInTemplate(e,n){if(this._config.html){n.innerHTML="",n.append(e);return}n.textContent=e.textContent}}const GD="tooltip",XD=new Set(["sanitize","allowList","sanitizeFn"]),Wp="fade",KD="modal",fu="show",YD=".tooltip-inner",Kg=`.${KD}`,Yg="hide.bs.modal",pl="hover",Up="focus",qD="click",jD="manual",JD="hide",QD="hidden",ZD="show",t4="shown",e4="inserted",n4="click",r4="focusin",i4="focusout",s4="mouseenter",o4="mouseleave",a4={AUTO:"auto",TOP:"top",RIGHT:Wr()?"left":"right",BOTTOM:"bottom",LEFT:Wr()?"right":"left"},l4={allowList:zS,animation:!0,boundary:"clippingParents",container:!1,customClass:"",delay:0,fallbackPlacements:["top","right","bottom","left"],html:!1,offset:[0,6],placement:"top",popperConfig:null,sanitize:!0,sanitizeFn:null,selector:!1,template:'<div class="tooltip" role="tooltip"><div class="tooltip-arrow"></div><div class="tooltip-inner"></div></div>',title:"",trigger:"hover focus"},c4={allowList:"object",animation:"boolean",boundary:"(string|element)",container:"(string|element|boolean)",customClass:"(string|function)",delay:"(number|object)",fallbackPlacements:"array",html:"boolean",offset:"(array|string|function)",placement:"(string|function)",popperConfig:"(null|object|function)",sanitize:"boolean",sanitizeFn:"(null|function)",selector:"(string|boolean)",template:"string",title:"(string|element|function)",trigger:"string"};class Ha extends ri{constructor(e,n){if(typeof ES>"u")throw new TypeError("Bootstrap's tooltips require Popper (https://popper.js.org)");super(e,n),this._isEnabled=!0,this._timeout=0,this._isHovered=null,this._activeTrigger={},this._popper=null,this._templateFactory=null,this._newContent=null,this.tip=null,this._setListeners(),this._config.selector||this._fixTitle()}static get Default(){return l4}static get DefaultType(){return c4}static get NAME(){return GD}enable(){this._isEnabled=!0}disable(){this._isEnabled=!1}toggleEnabled(){this._isEnabled=!this._isEnabled}toggle(){if(this._isEnabled){if(this._activeTrigger.click=!this._activeTrigger.click,this._isShown()){this._leave();return}this._enter()}}dispose(){clearTimeout(this._timeout),yt.off(this._element.closest(Kg),Yg,this._hideModalHandler),this._element.getAttribute("data-bs-original-title")&&this._element.setAttribute("title",this._element.getAttribute("data-bs-original-title")),this._disposePopper(),super.dispose()}show(){if(this._element.style.display==="none")throw new Error("Please use show on visible elements");if(!(this._isWithContent()&&this._isEnabled))return;const e=yt.trigger(this._element,this.constructor.eventName(ZD)),r=(vS(this._element)||this._element.ownerDocument.documentElement).contains(this._element);if(e.defaultPrevented||!r)return;this._disposePopper();const i=this._getTipElement();this._element.setAttribute("aria-describedby",i.getAttribute("id"));const{container:o}=this._config;if(this._element.ownerDocument.documentElement.contains(this.tip)||(o.append(i),yt.trigger(this._element,this.constructor.eventName(e4))),this._popper=this._createPopper(i),i.classList.add(fu),"ontouchstart"in document.documentElement)for(const c of[].concat(...document.body.children))yt.on(c,"mouseover",Zu);const l=()=>{yt.trigger(this._element,this.constructor.eventName(t4)),this._isHovered===!1&&this._leave(),this._isHovered=!1};this._queueCallback(l,this.tip,this._isAnimated())}hide(){if(!this._isShown()||yt.trigger(this._element,this.constructor.eventName(JD)).defaultPrevented)return;if(this._getTipElement().classList.remove(fu),"ontouchstart"in document.documentElement)for(const i of[].concat(...document.body.children))yt.off(i,"mouseover",Zu);this._activeTrigger[qD]=!1,this._activeTrigger[Up]=!1,this._activeTrigger[pl]=!1,this._isHovered=null;const r=()=>{this._isWithActiveTrigger()||(this._isHovered||this._disposePopper(),this._element.removeAttribute("aria-describedby"),yt.trigger(this._element,this.constructor.eventName(QD)))};this._queueCallback(r,this.tip,this._isAnimated())}update(){this._popper&&this._popper.update()}_isWithContent(){return!!this._getTitle()}_getTipElement(){return this.tip||(this.tip=this._createTipElement(this._newContent||this._getContentForTemplate())),this.tip}_createTipElement(e){const n=this._getTemplateFactory(e).toHtml();if(!n)return null;n.classList.remove(Wp,fu),n.classList.add(`bs-${this.constructor.NAME}-auto`);const r=qI(this.constructor.NAME).toString();return n.setAttribute("id",r),this._isAnimated()&&n.classList.add(Wp),n}setContent(e){this._newContent=e,this._isShown()&&(this._disposePopper(),this.show())}_getTemplateFactory(e){return this._templateFactory?this._templateFactory.changeContent(e):this._templateFactory=new zD({...this._config,content:e,extraClass:this._resolvePossibleFunction(this._config.customClass)}),this._templateFactory}_getContentForTemplate(){return{[YD]:this._getTitle()}}_getTitle(){return this._resolvePossibleFunction(this._config.title)||this._element.getAttribute("data-bs-original-title")}_initializeOnDelegatedTarget(e){return this.constructor.getOrCreateInstance(e.delegateTarget,this._getDelegateConfig())}_isAnimated(){return this._config.animation||this.tip&&this.tip.classList.contains(Wp)}_isShown(){return this.tip&&this.tip.classList.contains(fu)}_createPopper(e){const n=ir(this._config.placement,[this,e,this._element]),r=a4[n.toUpperCase()];return Dd(this._element,e,this._getPopperConfig(r))}_getOffset(){const{offset:e}=this._config;return typeof e=="string"?e.split(",").map(n=>Number.parseInt(n,10)):typeof e=="function"?n=>e(n,this._element):e}_resolvePossibleFunction(e){return ir(e,[this._element])}_getPopperConfig(e){const n={placement:e,modifiers:[{name:"flip",options:{fallbackPlacements:this._config.fallbackPlacements}},{name:"offset",options:{offset:this._getOffset()}},{name:"preventOverflow",options:{boundary:this._config.boundary}},{name:"arrow",options:{element:`.${this.constructor.NAME}-arrow`}},{name:"preSetPlacement",enabled:!0,phase:"beforeMain",fn:r=>{this._getTipElement().setAttribute("data-popper-placement",r.state.placement)}}]};return{...n,...ir(this._config.popperConfig,[n])}}_setListeners(){const e=this._config.trigger.split(" ");for(const n of e)if(n==="click")yt.on(this._element,this.constructor.eventName(n4),this._config.selector,r=>{this._initializeOnDelegatedTarget(r).toggle()});else if(n!==jD){const r=n===pl?this.constructor.eventName(s4):this.constructor.eventName(r4),i=n===pl?this.constructor.eventName(o4):this.constructor.eventName(i4);yt.on(this._element,r,this._config.selector,o=>{const l=this._initializeOnDelegatedTarget(o);l._activeTrigger[o.type==="focusin"?Up:pl]=!0,l._enter()}),yt.on(this._element,i,this._config.selector,o=>{const l=this._initializeOnDelegatedTarget(o);l._activeTrigger[o.type==="focusout"?Up:pl]=l._element.contains(o.relatedTarget),l._leave()})}this._hideModalHandler=()=>{this._element&&this.hide()},yt.on(this._element.closest(Kg),Yg,this._hideModalHandler)}_fixTitle(){const e=this._element.getAttribute("title");e&&(!this._element.getAttribute("aria-label")&&!this._element.textContent.trim()&&this._element.setAttribute("aria-label",e),this._element.setAttribute("data-bs-original-title",e),this._element.removeAttribute("title"))}_enter(){if(this._isShown()||this._isHovered){this._isHovered=!0;return}this._isHovered=!0,this._setTimeout(()=>{this._isHovered&&this.show()},this._config.delay.show)}_leave(){this._isWithActiveTrigger()||(this._isHovered=!1,this._setTimeout(()=>{this._isHovered||this.hide()},this._config.delay.hide))}_setTimeout(e,n){clearTimeout(this._timeout),this._timeout=setTimeout(e,n)}_isWithActiveTrigger(){return Object.values(this._activeTrigger).includes(!0)}_getConfig(e){const n=Ji.getDataAttributes(this._element);for(const r of Object.keys(n))XD.has(r)&&delete n[r];return e={...n,...typeof e=="object"&&e?e:{}},e=this._mergeConfigObj(e),e=this._configAfterMerge(e),this._typeCheckConfig(e),e}_configAfterMerge(e){return e.container=e.container===!1?document.body:Os(e.container),typeof e.delay=="number"&&(e.delay={show:e.delay,hide:e.delay}),typeof e.title=="number"&&(e.title=e.title.toString()),typeof e.content=="number"&&(e.content=e.content.toString()),e}_getDelegateConfig(){const e={};for(const[n,r]of Object.entries(this._config))this.constructor.Default[n]!==r&&(e[n]=r);return e.selector=!1,e.trigger="manual",e}_disposePopper(){this._popper&&(this._popper.destroy(),this._popper=null),this.tip&&(this.tip.remove(),this.tip=null)}static jQueryInterface(e){return this.each(function(){const n=Ha.getOrCreateInstance(this,e);if(typeof e=="string"){if(typeof n[e]>"u")throw new TypeError(`No method named "${e}"`);n[e]()}})}}Vr(Ha);const u4="popover",d4=".popover-header",f4=".popover-body",p4={...Ha.Default,content:"",offset:[0,8],placement:"right",template:'<div class="popover" role="tooltip"><div class="popover-arrow"></div><h3 class="popover-header"></h3><div class="popover-body"></div></div>',trigger:"click"},h4={...Ha.DefaultType,content:"(null|string|element|function)"};class Q0 extends Ha{static get Default(){return p4}static get DefaultType(){return h4}static get NAME(){return u4}_isWithContent(){return this._getTitle()||this._getContent()}_getContentForTemplate(){return{[d4]:this._getTitle(),[f4]:this._getContent()}}_getContent(){return this._resolvePossibleFunction(this._config.content)}static jQueryInterface(e){return this.each(function(){const n=Q0.getOrCreateInstance(this,e);if(typeof e=="string"){if(typeof n[e]>"u")throw new TypeError(`No method named "${e}"`);n[e]()}})}}Vr(Q0);const m4="scrollspy",_4="bs.scrollspy",Z0=`.${_4}`,E4=".data-api",g4=`activate${Z0}`,qg=`click${Z0}`,T4=`load${Z0}${E4}`,v4="dropdown-item",Jo="active",S4='[data-bs-spy="scroll"]',$p="[href]",A4=".nav, .list-group",jg=".nav-link",R4=".nav-item",b4=".list-group-item",O4=`${jg}, ${R4} > ${jg}, ${b4}`,L4=".dropdown",y4=".dropdown-toggle",N4={offset:null,rootMargin:"0px 0px -25%",smoothScroll:!1,target:null,threshold:[.1,.5,1]},C4={offset:"(number|null)",rootMargin:"string",smoothScroll:"boolean",target:"element",threshold:"array"};class Wd extends ri{constructor(e,n){super(e,n),this._targetLinks=new Map,this._observableSections=new Map,this._rootElement=getComputedStyle(this._element).overflowY==="visible"?null:this._element,this._activeTarget=null,this._observer=null,this._previousScrollData={visibleEntryTop:0,parentScrollTop:0},this.refresh()}static get Default(){return N4}static get DefaultType(){return C4}static get NAME(){return m4}refresh(){this._initializeTargetsAndObservables(),this._maybeEnableSmoothScroll(),this._observer?this._observer.disconnect():this._observer=this._getNewObserver();for(const e of this._observableSections.values())this._observer.observe(e)}dispose(){this._observer.disconnect(),super.dispose()}_configAfterMerge(e){return e.target=Os(e.target)||document.body,e.rootMargin=e.offset?`${e.offset}px 0px -30%`:e.rootMargin,typeof e.threshold=="string"&&(e.threshold=e.threshold.split(",").map(n=>Number.parseFloat(n))),e}_maybeEnableSmoothScroll(){this._config.smoothScroll&&(yt.off(this._config.target,qg),yt.on(this._config.target,qg,$p,e=>{const n=this._observableSections.get(e.target.hash);if(n){e.preventDefault();const r=this._rootElement||window,i=n.offsetTop-this._element.offsetTop;if(r.scrollTo){r.scrollTo({top:i,behavior:"smooth"});return}r.scrollTop=i}}))}_getNewObserver(){const e={root:this._rootElement,threshold:this._config.threshold,rootMargin:this._config.rootMargin};return new IntersectionObserver(n=>this._observerCallback(n),e)}_observerCallback(e){const n=l=>this._targetLinks.get(`#${l.target.id}`),r=l=>{this._previousScrollData.visibleEntryTop=l.target.offsetTop,this._process(n(l))},i=(this._rootElement||document.documentElement).scrollTop,o=i>=this._previousScrollData.parentScrollTop;this._previousScrollData.parentScrollTop=i;for(const l of e){if(!l.isIntersecting){this._activeTarget=null,this._clearActiveClass(n(l));continue}const c=l.target.offsetTop>=this._previousScrollData.visibleEntryTop;if(o&&c){if(r(l),!i)return;continue}!o&&!c&&r(l)}}_initializeTargetsAndObservables(){this._targetLinks=new Map,this._observableSections=new Map;const e=ee.find($p,this._config.target);for(const n of e){if(!n.hash||Ls(n))continue;const r=ee.findOne(decodeURI(n.hash),this._element);Pa(r)&&(this._targetLinks.set(decodeURI(n.hash),n),this._observableSections.set(n.hash,r))}}_process(e){this._activeTarget!==e&&(this._clearActiveClass(this._config.target),this._activeTarget=e,e.classList.add(Jo),this._activateParents(e),yt.trigger(this._element,g4,{relatedTarget:e}))}_activateParents(e){if(e.classList.contains(v4)){ee.findOne(y4,e.closest(L4)).classList.add(Jo);return}for(const n of ee.parents(e,A4))for(const r of ee.prev(n,O4))r.classList.add(Jo)}_clearActiveClass(e){e.classList.remove(Jo);const n=ee.find(`${$p}.${Jo}`,e);for(const r of n)r.classList.remove(Jo)}static jQueryInterface(e){return this.each(function(){const n=Wd.getOrCreateInstance(this,e);if(typeof e=="string"){if(n[e]===void 0||e.startsWith("_")||e==="constructor")throw new TypeError(`No method named "${e}"`);n[e]()}})}}yt.on(window,T4,()=>{for(const t of ee.find(S4))Wd.getOrCreateInstance(t)});Vr(Wd);const w4="tab",x4="bs.tab",Co=`.${x4}`,I4=`hide${Co}`,k4=`hidden${Co}`,B4=`show${Co}`,D4=`shown${Co}`,P4=`click${Co}`,M4=`keydown${Co}`,H4=`load${Co}`,W4="ArrowLeft",Jg="ArrowRight",U4="ArrowUp",Qg="ArrowDown",Fp="Home",Zg="End",co="active",t1="fade",Vp="show",$4="dropdown",GS=".dropdown-toggle",F4=".dropdown-menu",zp=`:not(${GS})`,V4='.list-group, .nav, [role="tablist"]',z4=".nav-item, .list-group-item",G4=`.nav-link${zp}, .list-group-item${zp}, [role="tab"]${zp}`,XS='[data-bs-toggle="tab"], [data-bs-toggle="pill"], [data-bs-toggle="list"]',Gp=`${G4}, ${XS}`,X4=`.${co}[data-bs-toggle="tab"], .${co}[data-bs-toggle="pill"], .${co}[data-bs-toggle="list"]`;class ba extends ri{constructor(e){super(e),this._parent=this._element.closest(V4),this._parent&&(this._setInitialAttributes(this._parent,this._getChildren()),yt.on(this._element,M4,n=>this._keydown(n)))}static get NAME(){return w4}show(){const e=this._element;if(this._elemIsActive(e))return;const n=this._getActiveElem(),r=n?yt.trigger(n,I4,{relatedTarget:e}):null;yt.trigger(e,B4,{relatedTarget:n}).defaultPrevented||r&&r.defaultPrevented||(this._deactivate(n,e),this._activate(e,n))}_activate(e,n){if(!e)return;e.classList.add(co),this._activate(ee.getElementFromSelector(e));const r=()=>{if(e.getAttribute("role")!=="tab"){e.classList.add(Vp);return}e.removeAttribute("tabindex"),e.setAttribute("aria-selected",!0),this._toggleDropDown(e,!0),yt.trigger(e,D4,{relatedTarget:n})};this._queueCallback(r,e,e.classList.contains(t1))}_deactivate(e,n){if(!e)return;e.classList.remove(co),e.blur(),this._deactivate(ee.getElementFromSelector(e));const r=()=>{if(e.getAttribute("role")!=="tab"){e.classList.remove(Vp);return}e.setAttribute("aria-selected",!1),e.setAttribute("tabindex","-1"),this._toggleDropDown(e,!1),yt.trigger(e,k4,{relatedTarget:n})};this._queueCallback(r,e,e.classList.contains(t1))}_keydown(e){if(![W4,Jg,U4,Qg,Fp,Zg].includes(e.key))return;e.stopPropagation(),e.preventDefault();const n=this._getChildren().filter(i=>!Ls(i));let r;if([Fp,Zg].includes(e.key))r=n[e.key===Fp?0:n.length-1];else{const i=[Jg,Qg].includes(e.key);r=q0(n,e.target,i,!0)}r&&(r.focus({preventScroll:!0}),ba.getOrCreateInstance(r).show())}_getChildren(){return ee.find(Gp,this._parent)}_getActiveElem(){return this._getChildren().find(e=>this._elemIsActive(e))||null}_setInitialAttributes(e,n){this._setAttributeIfNotExists(e,"role","tablist");for(const r of n)this._setInitialAttributesOnChild(r)}_setInitialAttributesOnChild(e){e=this._getInnerElement(e);const n=this._elemIsActive(e),r=this._getOuterElement(e);e.setAttribute("aria-selected",n),r!==e&&this._setAttributeIfNotExists(r,"role","presentation"),n||e.setAttribute("tabindex","-1"),this._setAttributeIfNotExists(e,"role","tab"),this._setInitialAttributesOnTargetPanel(e)}_setInitialAttributesOnTargetPanel(e){const n=ee.getElementFromSelector(e);n&&(this._setAttributeIfNotExists(n,"role","tabpanel"),e.id&&this._setAttributeIfNotExists(n,"aria-labelledby",`${e.id}`))}_toggleDropDown(e,n){const r=this._getOuterElement(e);if(!r.classList.contains($4))return;const i=(o,l)=>{const c=ee.findOne(o,r);c&&c.classList.toggle(l,n)};i(GS,co),i(F4,Vp),r.setAttribute("aria-expanded",n)}_setAttributeIfNotExists(e,n,r){e.hasAttribute(n)||e.setAttribute(n,r)}_elemIsActive(e){return e.classList.contains(co)}_getInnerElement(e){return e.matches(Gp)?e:ee.findOne(Gp,e)}_getOuterElement(e){return e.closest(z4)||e}static jQueryInterface(e){return this.each(function(){const n=ba.getOrCreateInstance(this);if(typeof e=="string"){if(n[e]===void 0||e.startsWith("_")||e==="constructor")throw new TypeError(`No method named "${e}"`);n[e]()}})}}yt.on(document,P4,XS,function(t){["A","AREA"].includes(this.tagName)&&t.preventDefault(),!Ls(this)&&ba.getOrCreateInstance(this).show()});yt.on(window,H4,()=>{for(const t of ee.find(X4))ba.getOrCreateInstance(t)});Vr(ba);const K4="toast",Y4="bs.toast",Ps=`.${Y4}`,q4=`mouseover${Ps}`,j4=`mouseout${Ps}`,J4=`focusin${Ps}`,Q4=`focusout${Ps}`,Z4=`hide${Ps}`,t3=`hidden${Ps}`,e3=`show${Ps}`,n3=`shown${Ps}`,r3="fade",e1="hide",pu="show",hu="showing",i3={animation:"boolean",autohide:"boolean",delay:"number"},s3={animation:!0,autohide:!0,delay:5e3};class Ud extends ri{constructor(e,n){super(e,n),this._timeout=null,this._hasMouseInteraction=!1,this._hasKeyboardInteraction=!1,this._setListeners()}static get Default(){return s3}static get DefaultType(){return i3}static get NAME(){return K4}show(){if(yt.trigger(this._element,e3).defaultPrevented)return;this._clearTimeout(),this._config.animation&&this._element.classList.add(r3);const n=()=>{this._element.classList.remove(hu),yt.trigger(this._element,n3),this._maybeScheduleHide()};this._element.classList.remove(e1),ec(this._element),this._element.classList.add(pu,hu),this._queueCallback(n,this._element,this._config.animation)}hide(){if(!this.isShown()||yt.trigger(this._element,Z4).defaultPrevented)return;const n=()=>{this._element.classList.add(e1),this._element.classList.remove(hu,pu),yt.trigger(this._element,t3)};this._element.classList.add(hu),this._queueCallback(n,this._element,this._config.animation)}dispose(){this._clearTimeout(),this.isShown()&&this._element.classList.remove(pu),super.dispose()}isShown(){return this._element.classList.contains(pu)}_maybeScheduleHide(){this._config.autohide&&(this._hasMouseInteraction||this._hasKeyboardInteraction||(this._timeout=setTimeout(()=>{this.hide()},this._config.delay)))}_onInteraction(e,n){switch(e.type){case"mouseover":case"mouseout":{this._hasMouseInteraction=n;break}case"focusin":case"focusout":{this._hasKeyboardInteraction=n;break}}if(n){this._clearTimeout();return}const r=e.relatedTarget;this._element===r||this._element.contains(r)||this._maybeScheduleHide()}_setListeners(){yt.on(this._element,q4,e=>this._onInteraction(e,!0)),yt.on(this._element,j4,e=>this._onInteraction(e,!1)),yt.on(this._element,J4,e=>this._onInteraction(e,!0)),yt.on(this._element,Q4,e=>this._onInteraction(e,!1))}_clearTimeout(){clearTimeout(this._timeout),this._timeout=null}static jQueryInterface(e){return this.each(function(){const n=Ud.getOrCreateInstance(this,e);if(typeof e=="string"){if(typeof n[e]>"u")throw new TypeError(`No method named "${e}"`);n[e](this)}})}}Pd(Ud);Vr(Ud);const o3=["to"],n1=Ke({__name:"VLink",props:{to:{type:String,required:!0}},setup(t){const e=t,n=Oe("currentPath"),r=i=>{i.preventDefault(),n.value=e.to};return(i,o)=>(w(),D("a",{to:t.to,onClick:r,href:""},[vs(i.$slots,"default")],8,o3))}}),a3={class:"d-flex flex-column vh-100"},l3={class:"navbar container"},c3={key:0,class:"text-center ms-auto"},tm=Ke({__name:"MainLayout",props:{title:{}},setup(t){const e=t;return(n,r)=>(w(),D("div",a3,[v("div",l3,[e?.title?(w(),D("div",c3,mt(e?.title),1)):nt("",!0),r[2]||(r[2]=T()),Lt(n1,{class:"btn btn-secondary ms-auto",to:"/"},{default:ze(()=>r[0]||(r[0]=[T("New Plan")])),_:1}),r[3]||(r[3]=T()),Lt(n1,{class:"btn btn-link",to:"/about"},{default:ze(()=>r[1]||(r[1]=[T("About")])),_:1})]),r[4]||(r[4]=T()),vs(n.$slots,"default")]))}}),u3=Ke({__name:"AboutView",setup(t){return(e,n)=>(w(),Be(tm,null,{default:ze(()=>n[0]||(n[0]=[v("div",{class:"container"},[v("h2",null,"Disclaimer"),T(),v("p",null,[T(`
        This project is a rewrite of the excellent
        `),v("a",{href:"https://github.com/AlexTatiyants/pev"},"Postgres Explain Visualizer (pev)"),T(`. Kudos go to Alex Tatiyants.
      `)]),T(),v("p",null,[T(`
        The pev project was initialy written in early 2016 but seem to be
        abandonned since then. There was no activity at all for more than
        `),v("a",{href:"https://github.com/AlexTatiyants/pev/issues/42"},"3 years and counting"),T(`
        though there are
        `),v("a",{href:"https://github.com/AlexTatiyants/pev/issues"},"several issues open"),T(`
        and relevant pull requests pending.
      `)]),T(),v("h2",null,"Usage tips"),T(),v("p",null,[T(`
        To get the most out of it, we recommend generating a query plan using
        the following line:
        `),v("code",null,"EXPLAIN (ANALYZE, COSTS, VERBOSE, BUFFERS, FORMAT JSON)"),T(`. It
        is recommend submitting a (decently formatted) SQL query that generated
        the plan.
      `)]),T(),v("p",null,`
        PEV2 can also parse text although the JSON format usually has better
        support.
      `),T(),v("h2",null,"Help improve PEV2"),T(),v("p",null,"You can help us."),T(),v("p",null,[T(`
        Report issues or contribute to the code on
        `),v("a",{href:"https://github.com/dalibo/pev2"},"Github"),T(`.
      `)]),T(),v("hr"),T(),v("div",{class:"text-center text-secondary"},[v("b",null,"pev2"),T(` is brought to you by
        `),v("a",{href:"https://dalibo.com"},"Dalibo")])],-1)])),_:1}))}});/*!
 * Font Awesome Free 6.7.2 by @fontawesome - https://fontawesome.com
 * License - https://fontawesome.com/license/free (Icons: CC BY 4.0, Fonts: SIL OFL 1.1, Code: MIT License)
 * Copyright 2024 Fonticons, Inc.
 */function d3(t,e,n){return(e=p3(e))in t?Object.defineProperty(t,e,{value:n,enumerable:!0,configurable:!0,writable:!0}):t[e]=n,t}function r1(t,e){var n=Object.keys(t);if(Object.getOwnPropertySymbols){var r=Object.getOwnPropertySymbols(t);e&&(r=r.filter(function(i){return Object.getOwnPropertyDescriptor(t,i).enumerable})),n.push.apply(n,r)}return n}function wt(t){for(var e=1;e<arguments.length;e++){var n=arguments[e]!=null?arguments[e]:{};e%2?r1(Object(n),!0).forEach(function(r){d3(t,r,n[r])}):Object.getOwnPropertyDescriptors?Object.defineProperties(t,Object.getOwnPropertyDescriptors(n)):r1(Object(n)).forEach(function(r){Object.defineProperty(t,r,Object.getOwnPropertyDescriptor(n,r))})}return t}function f3(t,e){if(typeof t!="object"||!t)return t;var n=t[Symbol.toPrimitive];if(n!==void 0){var r=n.call(t,e);if(typeof r!="object")return r;throw new TypeError("@@toPrimitive must return a primitive value.")}return(e==="string"?String:Number)(t)}function p3(t){var e=f3(t,"string");return typeof e=="symbol"?e:e+""}const i1=()=>{};let em={},KS={},YS=null,qS={mark:i1,measure:i1};try{typeof window<"u"&&(em=window),typeof document<"u"&&(KS=document),typeof MutationObserver<"u"&&(YS=MutationObserver),typeof performance<"u"&&(qS=performance)}catch{}const{userAgent:s1=""}=em.navigator||{},Ns=em,en=KS,o1=YS,mu=qS;Ns.document;const ss=!!en.documentElement&&!!en.head&&typeof en.addEventListener=="function"&&typeof en.createElement=="function",jS=~s1.indexOf("MSIE")||~s1.indexOf("Trident/");var h3=/fa(s|r|l|t|d|dr|dl|dt|b|k|kd|ss|sr|sl|st|sds|sdr|sdl|sdt)?[\-\ ]/,m3=/Font ?Awesome ?([56 ]*)(Solid|Regular|Light|Thin|Duotone|Brands|Free|Pro|Sharp Duotone|Sharp|Kit)?.*/i,JS={classic:{fa:"solid",fas:"solid","fa-solid":"solid",far:"regular","fa-regular":"regular",fal:"light","fa-light":"light",fat:"thin","fa-thin":"thin",fab:"brands","fa-brands":"brands"},duotone:{fa:"solid",fad:"solid","fa-solid":"solid","fa-duotone":"solid",fadr:"regular","fa-regular":"regular",fadl:"light","fa-light":"light",fadt:"thin","fa-thin":"thin"},sharp:{fa:"solid",fass:"solid","fa-solid":"solid",fasr:"regular","fa-regular":"regular",fasl:"light","fa-light":"light",fast:"thin","fa-thin":"thin"},"sharp-duotone":{fa:"solid",fasds:"solid","fa-solid":"solid",fasdr:"regular","fa-regular":"regular",fasdl:"light","fa-light":"light",fasdt:"thin","fa-thin":"thin"}},_3={GROUP:"duotone-group",PRIMARY:"primary",SECONDARY:"secondary"},QS=["fa-classic","fa-duotone","fa-sharp","fa-sharp-duotone"],Fn="classic",$d="duotone",E3="sharp",g3="sharp-duotone",ZS=[Fn,$d,E3,g3],T3={classic:{900:"fas",400:"far",normal:"far",300:"fal",100:"fat"},duotone:{900:"fad",400:"fadr",300:"fadl",100:"fadt"},sharp:{900:"fass",400:"fasr",300:"fasl",100:"fast"},"sharp-duotone":{900:"fasds",400:"fasdr",300:"fasdl",100:"fasdt"}},v3={"Font Awesome 6 Free":{900:"fas",400:"far"},"Font Awesome 6 Pro":{900:"fas",400:"far",normal:"far",300:"fal",100:"fat"},"Font Awesome 6 Brands":{400:"fab",normal:"fab"},"Font Awesome 6 Duotone":{900:"fad",400:"fadr",normal:"fadr",300:"fadl",100:"fadt"},"Font Awesome 6 Sharp":{900:"fass",400:"fasr",normal:"fasr",300:"fasl",100:"fast"},"Font Awesome 6 Sharp Duotone":{900:"fasds",400:"fasdr",normal:"fasdr",300:"fasdl",100:"fasdt"}},S3=new Map([["classic",{defaultShortPrefixId:"fas",defaultStyleId:"solid",styleIds:["solid","regular","light","thin","brands"],futureStyleIds:[],defaultFontWeight:900}],["sharp",{defaultShortPrefixId:"fass",defaultStyleId:"solid",styleIds:["solid","regular","light","thin"],futureStyleIds:[],defaultFontWeight:900}],["duotone",{defaultShortPrefixId:"fad",defaultStyleId:"solid",styleIds:["solid","regular","light","thin"],futureStyleIds:[],defaultFontWeight:900}],["sharp-duotone",{defaultShortPrefixId:"fasds",defaultStyleId:"solid",styleIds:["solid","regular","light","thin"],futureStyleIds:[],defaultFontWeight:900}]]),A3={classic:{solid:"fas",regular:"far",light:"fal",thin:"fat",brands:"fab"},duotone:{solid:"fad",regular:"fadr",light:"fadl",thin:"fadt"},sharp:{solid:"fass",regular:"fasr",light:"fasl",thin:"fast"},"sharp-duotone":{solid:"fasds",regular:"fasdr",light:"fasdl",thin:"fasdt"}},R3=["fak","fa-kit","fakd","fa-kit-duotone"],a1={kit:{fak:"kit","fa-kit":"kit"},"kit-duotone":{fakd:"kit-duotone","fa-kit-duotone":"kit-duotone"}},b3=["kit"],O3={kit:{"fa-kit":"fak"}},L3=["fak","fakd"],y3={kit:{fak:"fa-kit"}},l1={kit:{kit:"fak"},"kit-duotone":{"kit-duotone":"fakd"}},_u={GROUP:"duotone-group",SWAP_OPACITY:"swap-opacity",PRIMARY:"primary",SECONDARY:"secondary"},N3=["fa-classic","fa-duotone","fa-sharp","fa-sharp-duotone"],C3=["fak","fa-kit","fakd","fa-kit-duotone"],w3={"Font Awesome Kit":{400:"fak",normal:"fak"},"Font Awesome Kit Duotone":{400:"fakd",normal:"fakd"}},x3={classic:{"fa-brands":"fab","fa-duotone":"fad","fa-light":"fal","fa-regular":"far","fa-solid":"fas","fa-thin":"fat"},duotone:{"fa-regular":"fadr","fa-light":"fadl","fa-thin":"fadt"},sharp:{"fa-solid":"fass","fa-regular":"fasr","fa-light":"fasl","fa-thin":"fast"},"sharp-duotone":{"fa-solid":"fasds","fa-regular":"fasdr","fa-light":"fasdl","fa-thin":"fasdt"}},I3={classic:["fas","far","fal","fat","fad"],duotone:["fadr","fadl","fadt"],sharp:["fass","fasr","fasl","fast"],"sharp-duotone":["fasds","fasdr","fasdl","fasdt"]},kh={classic:{fab:"fa-brands",fad:"fa-duotone",fal:"fa-light",far:"fa-regular",fas:"fa-solid",fat:"fa-thin"},duotone:{fadr:"fa-regular",fadl:"fa-light",fadt:"fa-thin"},sharp:{fass:"fa-solid",fasr:"fa-regular",fasl:"fa-light",fast:"fa-thin"},"sharp-duotone":{fasds:"fa-solid",fasdr:"fa-regular",fasdl:"fa-light",fasdt:"fa-thin"}},k3=["fa-solid","fa-regular","fa-light","fa-thin","fa-duotone","fa-brands"],Bh=["fa","fas","far","fal","fat","fad","fadr","fadl","fadt","fab","fass","fasr","fasl","fast","fasds","fasdr","fasdl","fasdt",...N3,...k3],B3=["solid","regular","light","thin","duotone","brands"],tA=[1,2,3,4,5,6,7,8,9,10],D3=tA.concat([11,12,13,14,15,16,17,18,19,20]),P3=[...Object.keys(I3),...B3,"2xs","xs","sm","lg","xl","2xl","beat","border","fade","beat-fade","bounce","flip-both","flip-horizontal","flip-vertical","flip","fw","inverse","layers-counter","layers-text","layers","li","pull-left","pull-right","pulse","rotate-180","rotate-270","rotate-90","rotate-by","shake","spin-pulse","spin-reverse","spin","stack-1x","stack-2x","stack","ul",_u.GROUP,_u.SWAP_OPACITY,_u.PRIMARY,_u.SECONDARY].concat(tA.map(t=>"".concat(t,"x"))).concat(D3.map(t=>"w-".concat(t))),M3={"Font Awesome 5 Free":{900:"fas",400:"far"},"Font Awesome 5 Pro":{900:"fas",400:"far",normal:"far",300:"fal"},"Font Awesome 5 Brands":{400:"fab",normal:"fab"},"Font Awesome 5 Duotone":{900:"fad"}};const Zi="___FONT_AWESOME___",Dh=16,eA="fa",nA="svg-inline--fa",So="data-fa-i2svg",Ph="data-fa-pseudo-element",H3="data-fa-pseudo-element-pending",nm="data-prefix",rm="data-icon",c1="fontawesome-i2svg",W3="async",U3=["HTML","HEAD","STYLE","SCRIPT"],rA=(()=>{try{return!0}catch{return!1}})();function sc(t){return new Proxy(t,{get(e,n){return n in e?e[n]:e[Fn]}})}const iA=wt({},JS);iA[Fn]=wt(wt(wt(wt({},{"fa-duotone":"duotone"}),JS[Fn]),a1.kit),a1["kit-duotone"]);const $3=sc(iA),Mh=wt({},A3);Mh[Fn]=wt(wt(wt(wt({},{duotone:"fad"}),Mh[Fn]),l1.kit),l1["kit-duotone"]);const u1=sc(Mh),Hh=wt({},kh);Hh[Fn]=wt(wt({},Hh[Fn]),y3.kit);const im=sc(Hh),Wh=wt({},x3);Wh[Fn]=wt(wt({},Wh[Fn]),O3.kit);sc(Wh);const F3=h3,sA="fa-layers-text",V3=m3,z3=wt({},T3);sc(z3);const G3=["class","data-prefix","data-icon","data-fa-transform","data-fa-mask"],Xp=_3,X3=[...b3,...P3],xl=Ns.FontAwesomeConfig||{};function K3(t){var e=en.querySelector("script["+t+"]");if(e)return e.getAttribute(t)}function Y3(t){return t===""?!0:t==="false"?!1:t==="true"?!0:t}en&&typeof en.querySelector=="function"&&[["data-family-prefix","familyPrefix"],["data-css-prefix","cssPrefix"],["data-family-default","familyDefault"],["data-style-default","styleDefault"],["data-replacement-class","replacementClass"],["data-auto-replace-svg","autoReplaceSvg"],["data-auto-add-css","autoAddCss"],["data-auto-a11y","autoA11y"],["data-search-pseudo-elements","searchPseudoElements"],["data-observe-mutations","observeMutations"],["data-mutate-approach","mutateApproach"],["data-keep-original-source","keepOriginalSource"],["data-measure-performance","measurePerformance"],["data-show-missing-icons","showMissingIcons"]].forEach(e=>{let[n,r]=e;const i=Y3(K3(n));i!=null&&(xl[r]=i)});const oA={styleDefault:"solid",familyDefault:Fn,cssPrefix:eA,replacementClass:nA,autoReplaceSvg:!0,autoAddCss:!0,autoA11y:!0,searchPseudoElements:!1,observeMutations:!0,mutateApproach:"async",keepOriginalSource:!0,measurePerformance:!1,showMissingIcons:!0};xl.familyPrefix&&(xl.cssPrefix=xl.familyPrefix);const Oa=wt(wt({},oA),xl);Oa.autoReplaceSvg||(Oa.observeMutations=!1);const Qt={};Object.keys(oA).forEach(t=>{Object.defineProperty(Qt,t,{enumerable:!0,set:function(e){Oa[t]=e,Il.forEach(n=>n(Qt))},get:function(){return Oa[t]}})});Object.defineProperty(Qt,"familyPrefix",{enumerable:!0,set:function(t){Oa.cssPrefix=t,Il.forEach(e=>e(Qt))},get:function(){return Oa.cssPrefix}});Ns.FontAwesomeConfig=Qt;const Il=[];function q3(t){return Il.push(t),()=>{Il.splice(Il.indexOf(t),1)}}const Es=Dh,Ti={size:16,x:0,y:0,rotate:0,flipX:!1,flipY:!1};function j3(t){if(!t||!ss)return;const e=en.createElement("style");e.setAttribute("type","text/css"),e.innerHTML=t;const n=en.head.childNodes;let r=null;for(let i=n.length-1;i>-1;i--){const o=n[i],l=(o.tagName||"").toUpperCase();["STYLE","LINK"].indexOf(l)>-1&&(r=o)}return en.head.insertBefore(e,r),t}const J3="0123456789abcdefghijklmnopqrstuvwxyzABCDEFGHIJKLMNOPQRSTUVWXYZ";function Vl(){let t=12,e="";for(;t-- >0;)e+=J3[Math.random()*62|0];return e}function Wa(t){const e=[];for(let n=(t||[]).length>>>0;n--;)e[n]=t[n];return e}function sm(t){return t.classList?Wa(t.classList):(t.getAttribute("class")||"").split(" ").filter(e=>e)}function aA(t){return"".concat(t).replace(/&/g,"&amp;").replace(/"/g,"&quot;").replace(/'/g,"&#39;").replace(/</g,"&lt;").replace(/>/g,"&gt;")}function Q3(t){return Object.keys(t||{}).reduce((e,n)=>e+"".concat(n,'="').concat(aA(t[n]),'" '),"").trim()}function Fd(t){return Object.keys(t||{}).reduce((e,n)=>e+"".concat(n,": ").concat(t[n].trim(),";"),"")}function om(t){return t.size!==Ti.size||t.x!==Ti.x||t.y!==Ti.y||t.rotate!==Ti.rotate||t.flipX||t.flipY}function Z3(t){let{transform:e,containerWidth:n,iconWidth:r}=t;const i={transform:"translate(".concat(n/2," 256)")},o="translate(".concat(e.x*32,", ").concat(e.y*32,") "),l="scale(".concat(e.size/16*(e.flipX?-1:1),", ").concat(e.size/16*(e.flipY?-1:1),") "),c="rotate(".concat(e.rotate," 0 0)"),d={transform:"".concat(o," ").concat(l," ").concat(c)},p={transform:"translate(".concat(r/2*-1," -256)")};return{outer:i,inner:d,path:p}}function tP(t){let{transform:e,width:n=Dh,height:r=Dh,startCentered:i=!1}=t,o="";return i&&jS?o+="translate(".concat(e.x/Es-n/2,"em, ").concat(e.y/Es-r/2,"em) "):i?o+="translate(calc(-50% + ".concat(e.x/Es,"em), calc(-50% + ").concat(e.y/Es,"em)) "):o+="translate(".concat(e.x/Es,"em, ").concat(e.y/Es,"em) "),o+="scale(".concat(e.size/Es*(e.flipX?-1:1),", ").concat(e.size/Es*(e.flipY?-1:1),") "),o+="rotate(".concat(e.rotate,"deg) "),o}var eP=`:root, :host {
  --fa-font-solid: normal 900 1em/1 "Font Awesome 6 Free";
  --fa-font-regular: normal 400 1em/1 "Font Awesome 6 Free";
  --fa-font-light: normal 300 1em/1 "Font Awesome 6 Pro";
  --fa-font-thin: normal 100 1em/1 "Font Awesome 6 Pro";
  --fa-font-duotone: normal 900 1em/1 "Font Awesome 6 Duotone";
  --fa-font-duotone-regular: normal 400 1em/1 "Font Awesome 6 Duotone";
  --fa-font-duotone-light: normal 300 1em/1 "Font Awesome 6 Duotone";
  --fa-font-duotone-thin: normal 100 1em/1 "Font Awesome 6 Duotone";
  --fa-font-brands: normal 400 1em/1 "Font Awesome 6 Brands";
  --fa-font-sharp-solid: normal 900 1em/1 "Font Awesome 6 Sharp";
  --fa-font-sharp-regular: normal 400 1em/1 "Font Awesome 6 Sharp";
  --fa-font-sharp-light: normal 300 1em/1 "Font Awesome 6 Sharp";
  --fa-font-sharp-thin: normal 100 1em/1 "Font Awesome 6 Sharp";
  --fa-font-sharp-duotone-solid: normal 900 1em/1 "Font Awesome 6 Sharp Duotone";
  --fa-font-sharp-duotone-regular: normal 400 1em/1 "Font Awesome 6 Sharp Duotone";
  --fa-font-sharp-duotone-light: normal 300 1em/1 "Font Awesome 6 Sharp Duotone";
  --fa-font-sharp-duotone-thin: normal 100 1em/1 "Font Awesome 6 Sharp Duotone";
}

svg:not(:root).svg-inline--fa, svg:not(:host).svg-inline--fa {
  overflow: visible;
  box-sizing: content-box;
}

.svg-inline--fa {
  display: var(--fa-display, inline-block);
  height: 1em;
  overflow: visible;
  vertical-align: -0.125em;
}
.svg-inline--fa.fa-2xs {
  vertical-align: 0.1em;
}
.svg-inline--fa.fa-xs {
  vertical-align: 0em;
}
.svg-inline--fa.fa-sm {
  vertical-align: -0.0714285705em;
}
.svg-inline--fa.fa-lg {
  vertical-align: -0.2em;
}
.svg-inline--fa.fa-xl {
  vertical-align: -0.25em;
}
.svg-inline--fa.fa-2xl {
  vertical-align: -0.3125em;
}
.svg-inline--fa.fa-pull-left {
  margin-right: var(--fa-pull-margin, 0.3em);
  width: auto;
}
.svg-inline--fa.fa-pull-right {
  margin-left: var(--fa-pull-margin, 0.3em);
  width: auto;
}
.svg-inline--fa.fa-li {
  width: var(--fa-li-width, 2em);
  top: 0.25em;
}
.svg-inline--fa.fa-fw {
  width: var(--fa-fw-width, 1.25em);
}

.fa-layers svg.svg-inline--fa {
  bottom: 0;
  left: 0;
  margin: auto;
  position: absolute;
  right: 0;
  top: 0;
}

.fa-layers-counter, .fa-layers-text {
  display: inline-block;
  position: absolute;
  text-align: center;
}

.fa-layers {
  display: inline-block;
  height: 1em;
  position: relative;
  text-align: center;
  vertical-align: -0.125em;
  width: 1em;
}
.fa-layers svg.svg-inline--fa {
  transform-origin: center center;
}

.fa-layers-text {
  left: 50%;
  top: 50%;
  transform: translate(-50%, -50%);
  transform-origin: center center;
}

.fa-layers-counter {
  background-color: var(--fa-counter-background-color, #ff253a);
  border-radius: var(--fa-counter-border-radius, 1em);
  box-sizing: border-box;
  color: var(--fa-inverse, #fff);
  line-height: var(--fa-counter-line-height, 1);
  max-width: var(--fa-counter-max-width, 5em);
  min-width: var(--fa-counter-min-width, 1.5em);
  overflow: hidden;
  padding: var(--fa-counter-padding, 0.25em 0.5em);
  right: var(--fa-right, 0);
  text-overflow: ellipsis;
  top: var(--fa-top, 0);
  transform: scale(var(--fa-counter-scale, 0.25));
  transform-origin: top right;
}

.fa-layers-bottom-right {
  bottom: var(--fa-bottom, 0);
  right: var(--fa-right, 0);
  top: auto;
  transform: scale(var(--fa-layers-scale, 0.25));
  transform-origin: bottom right;
}

.fa-layers-bottom-left {
  bottom: var(--fa-bottom, 0);
  left: var(--fa-left, 0);
  right: auto;
  top: auto;
  transform: scale(var(--fa-layers-scale, 0.25));
  transform-origin: bottom left;
}

.fa-layers-top-right {
  top: var(--fa-top, 0);
  right: var(--fa-right, 0);
  transform: scale(var(--fa-layers-scale, 0.25));
  transform-origin: top right;
}

.fa-layers-top-left {
  left: var(--fa-left, 0);
  right: auto;
  top: var(--fa-top, 0);
  transform: scale(var(--fa-layers-scale, 0.25));
  transform-origin: top left;
}

.fa-1x {
  font-size: 1em;
}

.fa-2x {
  font-size: 2em;
}

.fa-3x {
  font-size: 3em;
}

.fa-4x {
  font-size: 4em;
}

.fa-5x {
  font-size: 5em;
}

.fa-6x {
  font-size: 6em;
}

.fa-7x {
  font-size: 7em;
}

.fa-8x {
  font-size: 8em;
}

.fa-9x {
  font-size: 9em;
}

.fa-10x {
  font-size: 10em;
}

.fa-2xs {
  font-size: 0.625em;
  line-height: 0.1em;
  vertical-align: 0.225em;
}

.fa-xs {
  font-size: 0.75em;
  line-height: 0.0833333337em;
  vertical-align: 0.125em;
}

.fa-sm {
  font-size: 0.875em;
  line-height: 0.0714285718em;
  vertical-align: 0.0535714295em;
}

.fa-lg {
  font-size: 1.25em;
  line-height: 0.05em;
  vertical-align: -0.075em;
}

.fa-xl {
  font-size: 1.5em;
  line-height: 0.0416666682em;
  vertical-align: -0.125em;
}

.fa-2xl {
  font-size: 2em;
  line-height: 0.03125em;
  vertical-align: -0.1875em;
}

.fa-fw {
  text-align: center;
  width: 1.25em;
}

.fa-ul {
  list-style-type: none;
  margin-left: var(--fa-li-margin, 2.5em);
  padding-left: 0;
}
.fa-ul > li {
  position: relative;
}

.fa-li {
  left: calc(-1 * var(--fa-li-width, 2em));
  position: absolute;
  text-align: center;
  width: var(--fa-li-width, 2em);
  line-height: inherit;
}

.fa-border {
  border-color: var(--fa-border-color, #eee);
  border-radius: var(--fa-border-radius, 0.1em);
  border-style: var(--fa-border-style, solid);
  border-width: var(--fa-border-width, 0.08em);
  padding: var(--fa-border-padding, 0.2em 0.25em 0.15em);
}

.fa-pull-left {
  float: left;
  margin-right: var(--fa-pull-margin, 0.3em);
}

.fa-pull-right {
  float: right;
  margin-left: var(--fa-pull-margin, 0.3em);
}

.fa-beat {
  animation-name: fa-beat;
  animation-delay: var(--fa-animation-delay, 0s);
  animation-direction: var(--fa-animation-direction, normal);
  animation-duration: var(--fa-animation-duration, 1s);
  animation-iteration-count: var(--fa-animation-iteration-count, infinite);
  animation-timing-function: var(--fa-animation-timing, ease-in-out);
}

.fa-bounce {
  animation-name: fa-bounce;
  animation-delay: var(--fa-animation-delay, 0s);
  animation-direction: var(--fa-animation-direction, normal);
  animation-duration: var(--fa-animation-duration, 1s);
  animation-iteration-count: var(--fa-animation-iteration-count, infinite);
  animation-timing-function: var(--fa-animation-timing, cubic-bezier(0.28, 0.84, 0.42, 1));
}

.fa-fade {
  animation-name: fa-fade;
  animation-delay: var(--fa-animation-delay, 0s);
  animation-direction: var(--fa-animation-direction, normal);
  animation-duration: var(--fa-animation-duration, 1s);
  animation-iteration-count: var(--fa-animation-iteration-count, infinite);
  animation-timing-function: var(--fa-animation-timing, cubic-bezier(0.4, 0, 0.6, 1));
}

.fa-beat-fade {
  animation-name: fa-beat-fade;
  animation-delay: var(--fa-animation-delay, 0s);
  animation-direction: var(--fa-animation-direction, normal);
  animation-duration: var(--fa-animation-duration, 1s);
  animation-iteration-count: var(--fa-animation-iteration-count, infinite);
  animation-timing-function: var(--fa-animation-timing, cubic-bezier(0.4, 0, 0.6, 1));
}

.fa-flip {
  animation-name: fa-flip;
  animation-delay: var(--fa-animation-delay, 0s);
  animation-direction: var(--fa-animation-direction, normal);
  animation-duration: var(--fa-animation-duration, 1s);
  animation-iteration-count: var(--fa-animation-iteration-count, infinite);
  animation-timing-function: var(--fa-animation-timing, ease-in-out);
}

.fa-shake {
  animation-name: fa-shake;
  animation-delay: var(--fa-animation-delay, 0s);
  animation-direction: var(--fa-animation-direction, normal);
  animation-duration: var(--fa-animation-duration, 1s);
  animation-iteration-count: var(--fa-animation-iteration-count, infinite);
  animation-timing-function: var(--fa-animation-timing, linear);
}

.fa-spin {
  animation-name: fa-spin;
  animation-delay: var(--fa-animation-delay, 0s);
  animation-direction: var(--fa-animation-direction, normal);
  animation-duration: var(--fa-animation-duration, 2s);
  animation-iteration-count: var(--fa-animation-iteration-count, infinite);
  animation-timing-function: var(--fa-animation-timing, linear);
}

.fa-spin-reverse {
  --fa-animation-direction: reverse;
}

.fa-pulse,
.fa-spin-pulse {
  animation-name: fa-spin;
  animation-direction: var(--fa-animation-direction, normal);
  animation-duration: var(--fa-animation-duration, 1s);
  animation-iteration-count: var(--fa-animation-iteration-count, infinite);
  animation-timing-function: var(--fa-animation-timing, steps(8));
}

@media (prefers-reduced-motion: reduce) {
  .fa-beat,
.fa-bounce,
.fa-fade,
.fa-beat-fade,
.fa-flip,
.fa-pulse,
.fa-shake,
.fa-spin,
.fa-spin-pulse {
    animation-delay: -1ms;
    animation-duration: 1ms;
    animation-iteration-count: 1;
    transition-delay: 0s;
    transition-duration: 0s;
  }
}
@keyframes fa-beat {
  0%, 90% {
    transform: scale(1);
  }
  45% {
    transform: scale(var(--fa-beat-scale, 1.25));
  }
}
@keyframes fa-bounce {
  0% {
    transform: scale(1, 1) translateY(0);
  }
  10% {
    transform: scale(var(--fa-bounce-start-scale-x, 1.1), var(--fa-bounce-start-scale-y, 0.9)) translateY(0);
  }
  30% {
    transform: scale(var(--fa-bounce-jump-scale-x, 0.9), var(--fa-bounce-jump-scale-y, 1.1)) translateY(var(--fa-bounce-height, -0.5em));
  }
  50% {
    transform: scale(var(--fa-bounce-land-scale-x, 1.05), var(--fa-bounce-land-scale-y, 0.95)) translateY(0);
  }
  57% {
    transform: scale(1, 1) translateY(var(--fa-bounce-rebound, -0.125em));
  }
  64% {
    transform: scale(1, 1) translateY(0);
  }
  100% {
    transform: scale(1, 1) translateY(0);
  }
}
@keyframes fa-fade {
  50% {
    opacity: var(--fa-fade-opacity, 0.4);
  }
}
@keyframes fa-beat-fade {
  0%, 100% {
    opacity: var(--fa-beat-fade-opacity, 0.4);
    transform: scale(1);
  }
  50% {
    opacity: 1;
    transform: scale(var(--fa-beat-fade-scale, 1.125));
  }
}
@keyframes fa-flip {
  50% {
    transform: rotate3d(var(--fa-flip-x, 0), var(--fa-flip-y, 1), var(--fa-flip-z, 0), var(--fa-flip-angle, -180deg));
  }
}
@keyframes fa-shake {
  0% {
    transform: rotate(-15deg);
  }
  4% {
    transform: rotate(15deg);
  }
  8%, 24% {
    transform: rotate(-18deg);
  }
  12%, 28% {
    transform: rotate(18deg);
  }
  16% {
    transform: rotate(-22deg);
  }
  20% {
    transform: rotate(22deg);
  }
  32% {
    transform: rotate(-12deg);
  }
  36% {
    transform: rotate(12deg);
  }
  40%, 100% {
    transform: rotate(0deg);
  }
}
@keyframes fa-spin {
  0% {
    transform: rotate(0deg);
  }
  100% {
    transform: rotate(360deg);
  }
}
.fa-rotate-90 {
  transform: rotate(90deg);
}

.fa-rotate-180 {
  transform: rotate(180deg);
}

.fa-rotate-270 {
  transform: rotate(270deg);
}

.fa-flip-horizontal {
  transform: scale(-1, 1);
}

.fa-flip-vertical {
  transform: scale(1, -1);
}

.fa-flip-both,
.fa-flip-horizontal.fa-flip-vertical {
  transform: scale(-1, -1);
}

.fa-rotate-by {
  transform: rotate(var(--fa-rotate-angle, 0));
}

.fa-stack {
  display: inline-block;
  vertical-align: middle;
  height: 2em;
  position: relative;
  width: 2.5em;
}

.fa-stack-1x,
.fa-stack-2x {
  bottom: 0;
  left: 0;
  margin: auto;
  position: absolute;
  right: 0;
  top: 0;
  z-index: var(--fa-stack-z-index, auto);
}

.svg-inline--fa.fa-stack-1x {
  height: 1em;
  width: 1.25em;
}
.svg-inline--fa.fa-stack-2x {
  height: 2em;
  width: 2.5em;
}

.fa-inverse {
  color: var(--fa-inverse, #fff);
}

.sr-only,
.fa-sr-only {
  position: absolute;
  width: 1px;
  height: 1px;
  padding: 0;
  margin: -1px;
  overflow: hidden;
  clip: rect(0, 0, 0, 0);
  white-space: nowrap;
  border-width: 0;
}

.sr-only-focusable:not(:focus),
.fa-sr-only-focusable:not(:focus) {
  position: absolute;
  width: 1px;
  height: 1px;
  padding: 0;
  margin: -1px;
  overflow: hidden;
  clip: rect(0, 0, 0, 0);
  white-space: nowrap;
  border-width: 0;
}

.svg-inline--fa .fa-primary {
  fill: var(--fa-primary-color, currentColor);
  opacity: var(--fa-primary-opacity, 1);
}

.svg-inline--fa .fa-secondary {
  fill: var(--fa-secondary-color, currentColor);
  opacity: var(--fa-secondary-opacity, 0.4);
}

.svg-inline--fa.fa-swap-opacity .fa-primary {
  opacity: var(--fa-secondary-opacity, 0.4);
}

.svg-inline--fa.fa-swap-opacity .fa-secondary {
  opacity: var(--fa-primary-opacity, 1);
}

.svg-inline--fa mask .fa-primary,
.svg-inline--fa mask .fa-secondary {
  fill: black;
}`;function lA(){const t=eA,e=nA,n=Qt.cssPrefix,r=Qt.replacementClass;let i=eP;if(n!==t||r!==e){const o=new RegExp("\\.".concat(t,"\\-"),"g"),l=new RegExp("\\--".concat(t,"\\-"),"g"),c=new RegExp("\\.".concat(e),"g");i=i.replace(o,".".concat(n,"-")).replace(l,"--".concat(n,"-")).replace(c,".".concat(r))}return i}let d1=!1;function Kp(){Qt.autoAddCss&&!d1&&(j3(lA()),d1=!0)}var nP={mixout(){return{dom:{css:lA,insertCss:Kp}}},hooks(){return{beforeDOMElementCreation(){Kp()},beforeI2svg(){Kp()}}}};const ts=Ns||{};ts[Zi]||(ts[Zi]={});ts[Zi].styles||(ts[Zi].styles={});ts[Zi].hooks||(ts[Zi].hooks={});ts[Zi].shims||(ts[Zi].shims=[]);var vi=ts[Zi];const cA=[],uA=function(){en.removeEventListener("DOMContentLoaded",uA),nd=1,cA.map(t=>t())};let nd=!1;ss&&(nd=(en.documentElement.doScroll?/^loaded|^c/:/^loaded|^i|^c/).test(en.readyState),nd||en.addEventListener("DOMContentLoaded",uA));function rP(t){ss&&(nd?setTimeout(t,0):cA.push(t))}function oc(t){const{tag:e,attributes:n={},children:r=[]}=t;return typeof t=="string"?aA(t):"<".concat(e," ").concat(Q3(n),">").concat(r.map(oc).join(""),"</").concat(e,">")}function f1(t,e,n){if(t&&t[e]&&t[e][n])return{prefix:e,iconName:n,icon:t[e][n]}}var Yp=function(e,n,r,i){var o=Object.keys(e),l=o.length,c=n,d,p,f;for(r===void 0?(d=1,f=e[o[0]]):(d=0,f=r);d<l;d++)p=o[d],f=c(f,e[p],p,e);return f};function iP(t){const e=[];let n=0;const r=t.length;for(;n<r;){const i=t.charCodeAt(n++);if(i>=55296&&i<=56319&&n<r){const o=t.charCodeAt(n++);(o&64512)==56320?e.push(((i&1023)<<10)+(o&1023)+65536):(e.push(i),n--)}else e.push(i)}return e}function Uh(t){const e=iP(t);return e.length===1?e[0].toString(16):null}function sP(t,e){const n=t.length;let r=t.charCodeAt(e),i;return r>=55296&&r<=56319&&n>e+1&&(i=t.charCodeAt(e+1),i>=56320&&i<=57343)?(r-55296)*1024+i-56320+65536:r}function p1(t){return Object.keys(t).reduce((e,n)=>{const r=t[n];return!!r.icon?e[r.iconName]=r.icon:e[n]=r,e},{})}function $h(t,e){let n=arguments.length>2&&arguments[2]!==void 0?arguments[2]:{};const{skipHooks:r=!1}=n,i=p1(e);typeof vi.hooks.addPack=="function"&&!r?vi.hooks.addPack(t,p1(e)):vi.styles[t]=wt(wt({},vi.styles[t]||{}),i),t==="fas"&&$h("fa",e)}const{styles:zl,shims:oP}=vi,dA=Object.keys(im),aP=dA.reduce((t,e)=>(t[e]=Object.keys(im[e]),t),{});let am=null,fA={},pA={},hA={},mA={},_A={};function lP(t){return~X3.indexOf(t)}function cP(t,e){const n=e.split("-"),r=n[0],i=n.slice(1).join("-");return r===t&&i!==""&&!lP(i)?i:null}const EA=()=>{const t=r=>Yp(zl,(i,o,l)=>(i[l]=Yp(o,r,{}),i),{});fA=t((r,i,o)=>(i[3]&&(r[i[3]]=o),i[2]&&i[2].filter(c=>typeof c=="number").forEach(c=>{r[c.toString(16)]=o}),r)),pA=t((r,i,o)=>(r[o]=o,i[2]&&i[2].filter(c=>typeof c=="string").forEach(c=>{r[c]=o}),r)),_A=t((r,i,o)=>{const l=i[2];return r[o]=o,l.forEach(c=>{r[c]=o}),r});const e="far"in zl||Qt.autoFetchSvg,n=Yp(oP,(r,i)=>{const o=i[0];let l=i[1];const c=i[2];return l==="far"&&!e&&(l="fas"),typeof o=="string"&&(r.names[o]={prefix:l,iconName:c}),typeof o=="number"&&(r.unicodes[o.toString(16)]={prefix:l,iconName:c}),r},{names:{},unicodes:{}});hA=n.names,mA=n.unicodes,am=Vd(Qt.styleDefault,{family:Qt.familyDefault})};q3(t=>{am=Vd(t.styleDefault,{family:Qt.familyDefault})});EA();function lm(t,e){return(fA[t]||{})[e]}function uP(t,e){return(pA[t]||{})[e]}function uo(t,e){return(_A[t]||{})[e]}function gA(t){return hA[t]||{prefix:null,iconName:null}}function dP(t){const e=mA[t],n=lm("fas",t);return e||(n?{prefix:"fas",iconName:n}:null)||{prefix:null,iconName:null}}function Cs(){return am}const TA=()=>({prefix:null,iconName:null,rest:[]});function fP(t){let e=Fn;const n=dA.reduce((r,i)=>(r[i]="".concat(Qt.cssPrefix,"-").concat(i),r),{});return ZS.forEach(r=>{(t.includes(n[r])||t.some(i=>aP[r].includes(i)))&&(e=r)}),e}function Vd(t){let e=arguments.length>1&&arguments[1]!==void 0?arguments[1]:{};const{family:n=Fn}=e,r=$3[n][t];if(n===$d&&!t)return"fad";const i=u1[n][t]||u1[n][r],o=t in vi.styles?t:null;return i||o||null}function pP(t){let e=[],n=null;return t.forEach(r=>{const i=cP(Qt.cssPrefix,r);i?n=i:r&&e.push(r)}),{iconName:n,rest:e}}function h1(t){return t.sort().filter((e,n,r)=>r.indexOf(e)===n)}function zd(t){let e=arguments.length>1&&arguments[1]!==void 0?arguments[1]:{};const{skipLookups:n=!1}=e;let r=null;const i=Bh.concat(C3),o=h1(t.filter(E=>i.includes(E))),l=h1(t.filter(E=>!Bh.includes(E))),c=o.filter(E=>(r=E,!QS.includes(E))),[d=null]=c,p=fP(o),f=wt(wt({},pP(l)),{},{prefix:Vd(d,{family:p})});return wt(wt(wt({},f),EP({values:t,family:p,styles:zl,config:Qt,canonical:f,givenPrefix:r})),hP(n,r,f))}function hP(t,e,n){let{prefix:r,iconName:i}=n;if(t||!r||!i)return{prefix:r,iconName:i};const o=e==="fa"?gA(i):{},l=uo(r,i);return i=o.iconName||l||i,r=o.prefix||r,r==="far"&&!zl.far&&zl.fas&&!Qt.autoFetchSvg&&(r="fas"),{prefix:r,iconName:i}}const mP=ZS.filter(t=>t!==Fn||t!==$d),_P=Object.keys(kh).filter(t=>t!==Fn).map(t=>Object.keys(kh[t])).flat();function EP(t){const{values:e,family:n,canonical:r,givenPrefix:i="",styles:o={},config:l={}}=t,c=n===$d,d=e.includes("fa-duotone")||e.includes("fad"),p=l.familyDefault==="duotone",f=r.prefix==="fad"||r.prefix==="fa-duotone";if(!c&&(d||p||f)&&(r.prefix="fad"),(e.includes("fa-brands")||e.includes("fab"))&&(r.prefix="fab"),!r.prefix&&mP.includes(n)&&(Object.keys(o).find(R=>_P.includes(R))||l.autoFetchSvg)){const R=S3.get(n).defaultShortPrefixId;r.prefix=R,r.iconName=uo(r.prefix,r.iconName)||r.iconName}return(r.prefix==="fa"||i==="fa")&&(r.prefix=Cs()||"fas"),r}class gP{constructor(){this.definitions={}}add(){for(var e=arguments.length,n=new Array(e),r=0;r<e;r++)n[r]=arguments[r];const i=n.reduce(this._pullDefinitions,{});Object.keys(i).forEach(o=>{this.definitions[o]=wt(wt({},this.definitions[o]||{}),i[o]),$h(o,i[o]);const l=im[Fn][o];l&&$h(l,i[o]),EA()})}reset(){this.definitions={}}_pullDefinitions(e,n){const r=n.prefix&&n.iconName&&n.icon?{0:n}:n;return Object.keys(r).map(i=>{const{prefix:o,iconName:l,icon:c}=r[i],d=c[2];e[o]||(e[o]={}),d.length>0&&d.forEach(p=>{typeof p=="string"&&(e[o][p]=c)}),e[o][l]=c}),e}}let m1=[],sa={};const fa={},TP=Object.keys(fa);function vP(t,e){let{mixoutsTo:n}=e;return m1=t,sa={},Object.keys(fa).forEach(r=>{TP.indexOf(r)===-1&&delete fa[r]}),m1.forEach(r=>{const i=r.mixout?r.mixout():{};if(Object.keys(i).forEach(o=>{typeof i[o]=="function"&&(n[o]=i[o]),typeof i[o]=="object"&&Object.keys(i[o]).forEach(l=>{n[o]||(n[o]={}),n[o][l]=i[o][l]})}),r.hooks){const o=r.hooks();Object.keys(o).forEach(l=>{sa[l]||(sa[l]=[]),sa[l].push(o[l])})}r.provides&&r.provides(fa)}),n}function Fh(t,e){for(var n=arguments.length,r=new Array(n>2?n-2:0),i=2;i<n;i++)r[i-2]=arguments[i];return(sa[t]||[]).forEach(l=>{e=l.apply(null,[e,...r])}),e}function Ao(t){for(var e=arguments.length,n=new Array(e>1?e-1:0),r=1;r<e;r++)n[r-1]=arguments[r];(sa[t]||[]).forEach(o=>{o.apply(null,n)})}function ws(){const t=arguments[0],e=Array.prototype.slice.call(arguments,1);return fa[t]?fa[t].apply(null,e):void 0}function Vh(t){t.prefix==="fa"&&(t.prefix="fas");let{iconName:e}=t;const n=t.prefix||Cs();if(e)return e=uo(n,e)||e,f1(vA.definitions,n,e)||f1(vi.styles,n,e)}const vA=new gP,SP=()=>{Qt.autoReplaceSvg=!1,Qt.observeMutations=!1,Ao("noAuto")},AP={i2svg:function(){let t=arguments.length>0&&arguments[0]!==void 0?arguments[0]:{};return ss?(Ao("beforeI2svg",t),ws("pseudoElements2svg",t),ws("i2svg",t)):Promise.reject(new Error("Operation requires a DOM of some kind."))},watch:function(){let t=arguments.length>0&&arguments[0]!==void 0?arguments[0]:{};const{autoReplaceSvgRoot:e}=t;Qt.autoReplaceSvg===!1&&(Qt.autoReplaceSvg=!0),Qt.observeMutations=!0,rP(()=>{bP({autoReplaceSvgRoot:e}),Ao("watch",t)})}},RP={icon:t=>{if(t===null)return null;if(typeof t=="object"&&t.prefix&&t.iconName)return{prefix:t.prefix,iconName:uo(t.prefix,t.iconName)||t.iconName};if(Array.isArray(t)&&t.length===2){const e=t[1].indexOf("fa-")===0?t[1].slice(3):t[1],n=Vd(t[0]);return{prefix:n,iconName:uo(n,e)||e}}if(typeof t=="string"&&(t.indexOf("".concat(Qt.cssPrefix,"-"))>-1||t.match(F3))){const e=zd(t.split(" "),{skipLookups:!0});return{prefix:e.prefix||Cs(),iconName:uo(e.prefix,e.iconName)||e.iconName}}if(typeof t=="string"){const e=Cs();return{prefix:e,iconName:uo(e,t)||t}}}},Or={noAuto:SP,config:Qt,dom:AP,parse:RP,library:vA,findIconDefinition:Vh,toHtml:oc},bP=function(){let t=arguments.length>0&&arguments[0]!==void 0?arguments[0]:{};const{autoReplaceSvgRoot:e=en}=t;(Object.keys(vi.styles).length>0||Qt.autoFetchSvg)&&ss&&Qt.autoReplaceSvg&&Or.dom.i2svg({node:e})};function Gd(t,e){return Object.defineProperty(t,"abstract",{get:e}),Object.defineProperty(t,"html",{get:function(){return t.abstract.map(n=>oc(n))}}),Object.defineProperty(t,"node",{get:function(){if(!ss)return;const n=en.createElement("div");return n.innerHTML=t.html,n.children}}),t}function OP(t){let{children:e,main:n,mask:r,attributes:i,styles:o,transform:l}=t;if(om(l)&&n.found&&!r.found){const{width:c,height:d}=n,p={x:c/d/2,y:.5};i.style=Fd(wt(wt({},o),{},{"transform-origin":"".concat(p.x+l.x/16,"em ").concat(p.y+l.y/16,"em")}))}return[{tag:"svg",attributes:i,children:e}]}function LP(t){let{prefix:e,iconName:n,children:r,attributes:i,symbol:o}=t;const l=o===!0?"".concat(e,"-").concat(Qt.cssPrefix,"-").concat(n):o;return[{tag:"svg",attributes:{style:"display: none;"},children:[{tag:"symbol",attributes:wt(wt({},i),{},{id:l}),children:r}]}]}function cm(t){const{icons:{main:e,mask:n},prefix:r,iconName:i,transform:o,symbol:l,title:c,maskId:d,titleId:p,extra:f,watchable:E=!1}=t,{width:R,height:O}=n.found?n:e,I=L3.includes(r),b=[Qt.replacementClass,i?"".concat(Qt.cssPrefix,"-").concat(i):""].filter(z=>f.classes.indexOf(z)===-1).filter(z=>z!==""||!!z).concat(f.classes).join(" ");let k={children:[],attributes:wt(wt({},f.attributes),{},{"data-prefix":r,"data-icon":i,class:b,role:f.attributes.role||"img",xmlns:"http://www.w3.org/2000/svg",viewBox:"0 0 ".concat(R," ").concat(O)})};const A=I&&!~f.classes.indexOf("fa-fw")?{width:"".concat(R/O*16*.0625,"em")}:{};E&&(k.attributes[So]=""),c&&(k.children.push({tag:"title",attributes:{id:k.attributes["aria-labelledby"]||"title-".concat(p||Vl())},children:[c]}),delete k.attributes.title);const N=wt(wt({},k),{},{prefix:r,iconName:i,main:e,mask:n,maskId:d,transform:o,symbol:l,styles:wt(wt({},A),f.styles)}),{children:K,attributes:g}=n.found&&e.found?ws("generateAbstractMask",N)||{children:[],attributes:{}}:ws("generateAbstractIcon",N)||{children:[],attributes:{}};return N.children=K,N.attributes=g,l?LP(N):OP(N)}function _1(t){const{content:e,width:n,height:r,transform:i,title:o,extra:l,watchable:c=!1}=t,d=wt(wt(wt({},l.attributes),o?{title:o}:{}),{},{class:l.classes.join(" ")});c&&(d[So]="");const p=wt({},l.styles);om(i)&&(p.transform=tP({transform:i,startCentered:!0,width:n,height:r}),p["-webkit-transform"]=p.transform);const f=Fd(p);f.length>0&&(d.style=f);const E=[];return E.push({tag:"span",attributes:d,children:[e]}),o&&E.push({tag:"span",attributes:{class:"sr-only"},children:[o]}),E}function yP(t){const{content:e,title:n,extra:r}=t,i=wt(wt(wt({},r.attributes),n?{title:n}:{}),{},{class:r.classes.join(" ")}),o=Fd(r.styles);o.length>0&&(i.style=o);const l=[];return l.push({tag:"span",attributes:i,children:[e]}),n&&l.push({tag:"span",attributes:{class:"sr-only"},children:[n]}),l}const{styles:qp}=vi;function zh(t){const e=t[0],n=t[1],[r]=t.slice(4);let i=null;return Array.isArray(r)?i={tag:"g",attributes:{class:"".concat(Qt.cssPrefix,"-").concat(Xp.GROUP)},children:[{tag:"path",attributes:{class:"".concat(Qt.cssPrefix,"-").concat(Xp.SECONDARY),fill:"currentColor",d:r[0]}},{tag:"path",attributes:{class:"".concat(Qt.cssPrefix,"-").concat(Xp.PRIMARY),fill:"currentColor",d:r[1]}}]}:i={tag:"path",attributes:{fill:"currentColor",d:r}},{found:!0,width:e,height:n,icon:i}}const NP={found:!1,width:512,height:512};function CP(t,e){!rA&&!Qt.showMissingIcons&&t&&console.error('Icon with name "'.concat(t,'" and prefix "').concat(e,'" is missing.'))}function Gh(t,e){let n=e;return e==="fa"&&Qt.styleDefault!==null&&(e=Cs()),new Promise((r,i)=>{if(n==="fa"){const o=gA(t)||{};t=o.iconName||t,e=o.prefix||e}if(t&&e&&qp[e]&&qp[e][t]){const o=qp[e][t];return r(zh(o))}CP(t,e),r(wt(wt({},NP),{},{icon:Qt.showMissingIcons&&t?ws("missingIconAbstract")||{}:{}}))})}const E1=()=>{},Xh=Qt.measurePerformance&&mu&&mu.mark&&mu.measure?mu:{mark:E1,measure:E1},vl='FA "6.7.2"',wP=t=>(Xh.mark("".concat(vl," ").concat(t," begins")),()=>SA(t)),SA=t=>{Xh.mark("".concat(vl," ").concat(t," ends")),Xh.measure("".concat(vl," ").concat(t),"".concat(vl," ").concat(t," begins"),"".concat(vl," ").concat(t," ends"))};var um={begin:wP,end:SA};const Pu=()=>{};function g1(t){return typeof(t.getAttribute?t.getAttribute(So):null)=="string"}function xP(t){const e=t.getAttribute?t.getAttribute(nm):null,n=t.getAttribute?t.getAttribute(rm):null;return e&&n}function IP(t){return t&&t.classList&&t.classList.contains&&t.classList.contains(Qt.replacementClass)}function kP(){return Qt.autoReplaceSvg===!0?Mu.replace:Mu[Qt.autoReplaceSvg]||Mu.replace}function BP(t){return en.createElementNS("http://www.w3.org/2000/svg",t)}function DP(t){return en.createElement(t)}function AA(t){let e=arguments.length>1&&arguments[1]!==void 0?arguments[1]:{};const{ceFn:n=t.tag==="svg"?BP:DP}=e;if(typeof t=="string")return en.createTextNode(t);const r=n(t.tag);return Object.keys(t.attributes||[]).forEach(function(o){r.setAttribute(o,t.attributes[o])}),(t.children||[]).forEach(function(o){r.appendChild(AA(o,{ceFn:n}))}),r}function PP(t){let e=" ".concat(t.outerHTML," ");return e="".concat(e,"Font Awesome fontawesome.com "),e}const Mu={replace:function(t){const e=t[0];if(e.parentNode)if(t[1].forEach(n=>{e.parentNode.insertBefore(AA(n),e)}),e.getAttribute(So)===null&&Qt.keepOriginalSource){let n=en.createComment(PP(e));e.parentNode.replaceChild(n,e)}else e.remove()},nest:function(t){const e=t[0],n=t[1];if(~sm(e).indexOf(Qt.replacementClass))return Mu.replace(t);const r=new RegExp("".concat(Qt.cssPrefix,"-.*"));if(delete n[0].attributes.id,n[0].attributes.class){const o=n[0].attributes.class.split(" ").reduce((l,c)=>(c===Qt.replacementClass||c.match(r)?l.toSvg.push(c):l.toNode.push(c),l),{toNode:[],toSvg:[]});n[0].attributes.class=o.toSvg.join(" "),o.toNode.length===0?e.removeAttribute("class"):e.setAttribute("class",o.toNode.join(" "))}const i=n.map(o=>oc(o)).join(`
`);e.setAttribute(So,""),e.innerHTML=i}};function T1(t){t()}function RA(t,e){const n=typeof e=="function"?e:Pu;if(t.length===0)n();else{let r=T1;Qt.mutateApproach===W3&&(r=Ns.requestAnimationFrame||T1),r(()=>{const i=kP(),o=um.begin("mutate");t.map(i),o(),n()})}}let dm=!1;function bA(){dm=!0}function Kh(){dm=!1}let rd=null;function v1(t){if(!o1||!Qt.observeMutations)return;const{treeCallback:e=Pu,nodeCallback:n=Pu,pseudoElementsCallback:r=Pu,observeMutationsRoot:i=en}=t;rd=new o1(o=>{if(dm)return;const l=Cs();Wa(o).forEach(c=>{if(c.type==="childList"&&c.addedNodes.length>0&&!g1(c.addedNodes[0])&&(Qt.searchPseudoElements&&r(c.target),e(c.target)),c.type==="attributes"&&c.target.parentNode&&Qt.searchPseudoElements&&r(c.target.parentNode),c.type==="attributes"&&g1(c.target)&&~G3.indexOf(c.attributeName))if(c.attributeName==="class"&&xP(c.target)){const{prefix:d,iconName:p}=zd(sm(c.target));c.target.setAttribute(nm,d||l),p&&c.target.setAttribute(rm,p)}else IP(c.target)&&n(c.target)})}),ss&&rd.observe(i,{childList:!0,attributes:!0,characterData:!0,subtree:!0})}function MP(){rd&&rd.disconnect()}function HP(t){const e=t.getAttribute("style");let n=[];return e&&(n=e.split(";").reduce((r,i)=>{const o=i.split(":"),l=o[0],c=o.slice(1);return l&&c.length>0&&(r[l]=c.join(":").trim()),r},{})),n}function WP(t){const e=t.getAttribute("data-prefix"),n=t.getAttribute("data-icon"),r=t.innerText!==void 0?t.innerText.trim():"";let i=zd(sm(t));return i.prefix||(i.prefix=Cs()),e&&n&&(i.prefix=e,i.iconName=n),i.iconName&&i.prefix||(i.prefix&&r.length>0&&(i.iconName=uP(i.prefix,t.innerText)||lm(i.prefix,Uh(t.innerText))),!i.iconName&&Qt.autoFetchSvg&&t.firstChild&&t.firstChild.nodeType===Node.TEXT_NODE&&(i.iconName=t.firstChild.data)),i}function UP(t){const e=Wa(t.attributes).reduce((i,o)=>(i.name!=="class"&&i.name!=="style"&&(i[o.name]=o.value),i),{}),n=t.getAttribute("title"),r=t.getAttribute("data-fa-title-id");return Qt.autoA11y&&(n?e["aria-labelledby"]="".concat(Qt.replacementClass,"-title-").concat(r||Vl()):(e["aria-hidden"]="true",e.focusable="false")),e}function $P(){return{iconName:null,title:null,titleId:null,prefix:null,transform:Ti,symbol:!1,mask:{iconName:null,prefix:null,rest:[]},maskId:null,extra:{classes:[],styles:{},attributes:{}}}}function S1(t){let e=arguments.length>1&&arguments[1]!==void 0?arguments[1]:{styleParser:!0};const{iconName:n,prefix:r,rest:i}=WP(t),o=UP(t),l=Fh("parseNodeAttributes",{},t);let c=e.styleParser?HP(t):[];return wt({iconName:n,title:t.getAttribute("title"),titleId:t.getAttribute("data-fa-title-id"),prefix:r,transform:Ti,mask:{iconName:null,prefix:null,rest:[]},maskId:null,symbol:!1,extra:{classes:i,styles:c,attributes:o}},l)}const{styles:FP}=vi;function OA(t){const e=Qt.autoReplaceSvg==="nest"?S1(t,{styleParser:!1}):S1(t);return~e.extra.classes.indexOf(sA)?ws("generateLayersText",t,e):ws("generateSvgReplacementMutation",t,e)}function VP(){return[...R3,...Bh]}function A1(t){let e=arguments.length>1&&arguments[1]!==void 0?arguments[1]:null;if(!ss)return Promise.resolve();const n=en.documentElement.classList,r=f=>n.add("".concat(c1,"-").concat(f)),i=f=>n.remove("".concat(c1,"-").concat(f)),o=Qt.autoFetchSvg?VP():QS.concat(Object.keys(FP));o.includes("fa")||o.push("fa");const l=[".".concat(sA,":not([").concat(So,"])")].concat(o.map(f=>".".concat(f,":not([").concat(So,"])"))).join(", ");if(l.length===0)return Promise.resolve();let c=[];try{c=Wa(t.querySelectorAll(l))}catch{}if(c.length>0)r("pending"),i("complete");else return Promise.resolve();const d=um.begin("onTree"),p=c.reduce((f,E)=>{try{const R=OA(E);R&&f.push(R)}catch(R){rA||R.name==="MissingIcon"&&console.error(R)}return f},[]);return new Promise((f,E)=>{Promise.all(p).then(R=>{RA(R,()=>{r("active"),r("complete"),i("pending"),typeof e=="function"&&e(),d(),f()})}).catch(R=>{d(),E(R)})})}function zP(t){let e=arguments.length>1&&arguments[1]!==void 0?arguments[1]:null;OA(t).then(n=>{n&&RA([n],e)})}function GP(t){return function(e){let n=arguments.length>1&&arguments[1]!==void 0?arguments[1]:{};const r=(e||{}).icon?e:Vh(e||{});let{mask:i}=n;return i&&(i=(i||{}).icon?i:Vh(i||{})),t(r,wt(wt({},n),{},{mask:i}))}}const XP=function(t){let e=arguments.length>1&&arguments[1]!==void 0?arguments[1]:{};const{transform:n=Ti,symbol:r=!1,mask:i=null,maskId:o=null,title:l=null,titleId:c=null,classes:d=[],attributes:p={},styles:f={}}=e;if(!t)return;const{prefix:E,iconName:R,icon:O}=t;return Gd(wt({type:"icon"},t),()=>(Ao("beforeDOMElementCreation",{iconDefinition:t,params:e}),Qt.autoA11y&&(l?p["aria-labelledby"]="".concat(Qt.replacementClass,"-title-").concat(c||Vl()):(p["aria-hidden"]="true",p.focusable="false")),cm({icons:{main:zh(O),mask:i?zh(i.icon):{found:!1,width:null,height:null,icon:{}}},prefix:E,iconName:R,transform:wt(wt({},Ti),n),symbol:r,title:l,maskId:o,titleId:c,extra:{attributes:p,styles:f,classes:d}})))};var KP={mixout(){return{icon:GP(XP)}},hooks(){return{mutationObserverCallbacks(t){return t.treeCallback=A1,t.nodeCallback=zP,t}}},provides(t){t.i2svg=function(e){const{node:n=en,callback:r=()=>{}}=e;return A1(n,r)},t.generateSvgReplacementMutation=function(e,n){const{iconName:r,title:i,titleId:o,prefix:l,transform:c,symbol:d,mask:p,maskId:f,extra:E}=n;return new Promise((R,O)=>{Promise.all([Gh(r,l),p.iconName?Gh(p.iconName,p.prefix):Promise.resolve({found:!1,width:512,height:512,icon:{}})]).then(I=>{let[b,k]=I;R([e,cm({icons:{main:b,mask:k},prefix:l,iconName:r,transform:c,symbol:d,maskId:f,title:i,titleId:o,extra:E,watchable:!0})])}).catch(O)})},t.generateAbstractIcon=function(e){let{children:n,attributes:r,main:i,transform:o,styles:l}=e;const c=Fd(l);c.length>0&&(r.style=c);let d;return om(o)&&(d=ws("generateAbstractTransformGrouping",{main:i,transform:o,containerWidth:i.width,iconWidth:i.width})),n.push(d||i.icon),{children:n,attributes:r}}}},YP={mixout(){return{layer(t){let e=arguments.length>1&&arguments[1]!==void 0?arguments[1]:{};const{classes:n=[]}=e;return Gd({type:"layer"},()=>{Ao("beforeDOMElementCreation",{assembler:t,params:e});let r=[];return t(i=>{Array.isArray(i)?i.map(o=>{r=r.concat(o.abstract)}):r=r.concat(i.abstract)}),[{tag:"span",attributes:{class:["".concat(Qt.cssPrefix,"-layers"),...n].join(" ")},children:r}]})}}}},qP={mixout(){return{counter(t){let e=arguments.length>1&&arguments[1]!==void 0?arguments[1]:{};const{title:n=null,classes:r=[],attributes:i={},styles:o={}}=e;return Gd({type:"counter",content:t},()=>(Ao("beforeDOMElementCreation",{content:t,params:e}),yP({content:t.toString(),title:n,extra:{attributes:i,styles:o,classes:["".concat(Qt.cssPrefix,"-layers-counter"),...r]}})))}}}},jP={mixout(){return{text(t){let e=arguments.length>1&&arguments[1]!==void 0?arguments[1]:{};const{transform:n=Ti,title:r=null,classes:i=[],attributes:o={},styles:l={}}=e;return Gd({type:"text",content:t},()=>(Ao("beforeDOMElementCreation",{content:t,params:e}),_1({content:t,transform:wt(wt({},Ti),n),title:r,extra:{attributes:o,styles:l,classes:["".concat(Qt.cssPrefix,"-layers-text"),...i]}})))}}},provides(t){t.generateLayersText=function(e,n){const{title:r,transform:i,extra:o}=n;let l=null,c=null;if(jS){const d=parseInt(getComputedStyle(e).fontSize,10),p=e.getBoundingClientRect();l=p.width/d,c=p.height/d}return Qt.autoA11y&&!r&&(o.attributes["aria-hidden"]="true"),Promise.resolve([e,_1({content:e.innerHTML,width:l,height:c,transform:i,title:r,extra:o,watchable:!0})])}}};const JP=new RegExp('"',"ug"),R1=[1105920,1112319],b1=wt(wt(wt(wt({},{FontAwesome:{normal:"fas",400:"fas"}}),v3),M3),w3),Yh=Object.keys(b1).reduce((t,e)=>(t[e.toLowerCase()]=b1[e],t),{}),QP=Object.keys(Yh).reduce((t,e)=>{const n=Yh[e];return t[e]=n[900]||[...Object.entries(n)][0][1],t},{});function ZP(t){const e=t.replace(JP,""),n=sP(e,0),r=n>=R1[0]&&n<=R1[1],i=e.length===2?e[0]===e[1]:!1;return{value:Uh(i?e[0]:e),isSecondary:r||i}}function t6(t,e){const n=t.replace(/^['"]|['"]$/g,"").toLowerCase(),r=parseInt(e),i=isNaN(r)?"normal":r;return(Yh[n]||{})[i]||QP[n]}function O1(t,e){const n="".concat(H3).concat(e.replace(":","-"));return new Promise((r,i)=>{if(t.getAttribute(n)!==null)return r();const l=Wa(t.children).filter(R=>R.getAttribute(Ph)===e)[0],c=Ns.getComputedStyle(t,e),d=c.getPropertyValue("font-family"),p=d.match(V3),f=c.getPropertyValue("font-weight"),E=c.getPropertyValue("content");if(l&&!p)return t.removeChild(l),r();if(p&&E!=="none"&&E!==""){const R=c.getPropertyValue("content");let O=t6(d,f);const{value:I,isSecondary:b}=ZP(R),k=p[0].startsWith("FontAwesome");let A=lm(O,I),N=A;if(k){const K=dP(I);K.iconName&&K.prefix&&(A=K.iconName,O=K.prefix)}if(A&&!b&&(!l||l.getAttribute(nm)!==O||l.getAttribute(rm)!==N)){t.setAttribute(n,N),l&&t.removeChild(l);const K=$P(),{extra:g}=K;g.attributes[Ph]=e,Gh(A,O).then(z=>{const x=cm(wt(wt({},K),{},{icons:{main:z,mask:TA()},prefix:O,iconName:N,extra:g,watchable:!0})),U=en.createElementNS("http://www.w3.org/2000/svg","svg");e==="::before"?t.insertBefore(U,t.firstChild):t.appendChild(U),U.outerHTML=x.map(et=>oc(et)).join(`
`),t.removeAttribute(n),r()}).catch(i)}else r()}else r()})}function e6(t){return Promise.all([O1(t,"::before"),O1(t,"::after")])}function n6(t){return t.parentNode!==document.head&&!~U3.indexOf(t.tagName.toUpperCase())&&!t.getAttribute(Ph)&&(!t.parentNode||t.parentNode.tagName!=="svg")}function L1(t){if(ss)return new Promise((e,n)=>{const r=Wa(t.querySelectorAll("*")).filter(n6).map(e6),i=um.begin("searchPseudoElements");bA(),Promise.all(r).then(()=>{i(),Kh(),e()}).catch(()=>{i(),Kh(),n()})})}var r6={hooks(){return{mutationObserverCallbacks(t){return t.pseudoElementsCallback=L1,t}}},provides(t){t.pseudoElements2svg=function(e){const{node:n=en}=e;Qt.searchPseudoElements&&L1(n)}}};let y1=!1;var i6={mixout(){return{dom:{unwatch(){bA(),y1=!0}}}},hooks(){return{bootstrap(){v1(Fh("mutationObserverCallbacks",{}))},noAuto(){MP()},watch(t){const{observeMutationsRoot:e}=t;y1?Kh():v1(Fh("mutationObserverCallbacks",{observeMutationsRoot:e}))}}}};const N1=t=>{let e={size:16,x:0,y:0,flipX:!1,flipY:!1,rotate:0};return t.toLowerCase().split(" ").reduce((n,r)=>{const i=r.toLowerCase().split("-"),o=i[0];let l=i.slice(1).join("-");if(o&&l==="h")return n.flipX=!0,n;if(o&&l==="v")return n.flipY=!0,n;if(l=parseFloat(l),isNaN(l))return n;switch(o){case"grow":n.size=n.size+l;break;case"shrink":n.size=n.size-l;break;case"left":n.x=n.x-l;break;case"right":n.x=n.x+l;break;case"up":n.y=n.y-l;break;case"down":n.y=n.y+l;break;case"rotate":n.rotate=n.rotate+l;break}return n},e)};var s6={mixout(){return{parse:{transform:t=>N1(t)}}},hooks(){return{parseNodeAttributes(t,e){const n=e.getAttribute("data-fa-transform");return n&&(t.transform=N1(n)),t}}},provides(t){t.generateAbstractTransformGrouping=function(e){let{main:n,transform:r,containerWidth:i,iconWidth:o}=e;const l={transform:"translate(".concat(i/2," 256)")},c="translate(".concat(r.x*32,", ").concat(r.y*32,") "),d="scale(".concat(r.size/16*(r.flipX?-1:1),", ").concat(r.size/16*(r.flipY?-1:1),") "),p="rotate(".concat(r.rotate," 0 0)"),f={transform:"".concat(c," ").concat(d," ").concat(p)},E={transform:"translate(".concat(o/2*-1," -256)")},R={outer:l,inner:f,path:E};return{tag:"g",attributes:wt({},R.outer),children:[{tag:"g",attributes:wt({},R.inner),children:[{tag:n.icon.tag,children:n.icon.children,attributes:wt(wt({},n.icon.attributes),R.path)}]}]}}}};const jp={x:0,y:0,width:"100%",height:"100%"};function C1(t){let e=arguments.length>1&&arguments[1]!==void 0?arguments[1]:!0;return t.attributes&&(t.attributes.fill||e)&&(t.attributes.fill="black"),t}function o6(t){return t.tag==="g"?t.children:[t]}var a6={hooks(){return{parseNodeAttributes(t,e){const n=e.getAttribute("data-fa-mask"),r=n?zd(n.split(" ").map(i=>i.trim())):TA();return r.prefix||(r.prefix=Cs()),t.mask=r,t.maskId=e.getAttribute("data-fa-mask-id"),t}}},provides(t){t.generateAbstractMask=function(e){let{children:n,attributes:r,main:i,mask:o,maskId:l,transform:c}=e;const{width:d,icon:p}=i,{width:f,icon:E}=o,R=Z3({transform:c,containerWidth:f,iconWidth:d}),O={tag:"rect",attributes:wt(wt({},jp),{},{fill:"white"})},I=p.children?{children:p.children.map(C1)}:{},b={tag:"g",attributes:wt({},R.inner),children:[C1(wt({tag:p.tag,attributes:wt(wt({},p.attributes),R.path)},I))]},k={tag:"g",attributes:wt({},R.outer),children:[b]},A="mask-".concat(l||Vl()),N="clip-".concat(l||Vl()),K={tag:"mask",attributes:wt(wt({},jp),{},{id:A,maskUnits:"userSpaceOnUse",maskContentUnits:"userSpaceOnUse"}),children:[O,k]},g={tag:"defs",children:[{tag:"clipPath",attributes:{id:N},children:o6(E)},K]};return n.push(g,{tag:"rect",attributes:wt({fill:"currentColor","clip-path":"url(#".concat(N,")"),mask:"url(#".concat(A,")")},jp)}),{children:n,attributes:r}}}},l6={provides(t){let e=!1;Ns.matchMedia&&(e=Ns.matchMedia("(prefers-reduced-motion: reduce)").matches),t.missingIconAbstract=function(){const n=[],r={fill:"currentColor"},i={attributeType:"XML",repeatCount:"indefinite",dur:"2s"};n.push({tag:"path",attributes:wt(wt({},r),{},{d:"M156.5,447.7l-12.6,29.5c-18.7-9.5-35.9-21.2-51.5-34.9l22.7-22.7C127.6,430.5,141.5,440,156.5,447.7z M40.6,272H8.5 c1.4,21.2,5.4,41.7,11.7,61.1L50,321.2C45.1,305.5,41.8,289,40.6,272z M40.6,240c1.4-18.8,5.2-37,11.1-54.1l-29.5-12.6 C14.7,194.3,10,216.7,8.5,240H40.6z M64.3,156.5c7.8-14.9,17.2-28.8,28.1-41.5L69.7,92.3c-13.7,15.6-25.5,32.8-34.9,51.5 L64.3,156.5z M397,419.6c-13.9,12-29.4,22.3-46.1,30.4l11.9,29.8c20.7-9.9,39.8-22.6,56.9-37.6L397,419.6z M115,92.4 c13.9-12,29.4-22.3,46.1-30.4l-11.9-29.8c-20.7,9.9-39.8,22.6-56.8,37.6L115,92.4z M447.7,355.5c-7.8,14.9-17.2,28.8-28.1,41.5 l22.7,22.7c13.7-15.6,25.5-32.9,34.9-51.5L447.7,355.5z M471.4,272c-1.4,18.8-5.2,37-11.1,54.1l29.5,12.6 c7.5-21.1,12.2-43.5,13.6-66.8H471.4z M321.2,462c-15.7,5-32.2,8.2-49.2,9.4v32.1c21.2-1.4,41.7-5.4,61.1-11.7L321.2,462z M240,471.4c-18.8-1.4-37-5.2-54.1-11.1l-12.6,29.5c21.1,7.5,43.5,12.2,66.8,13.6V471.4z M462,190.8c5,15.7,8.2,32.2,9.4,49.2h32.1 c-1.4-21.2-5.4-41.7-11.7-61.1L462,190.8z M92.4,397c-12-13.9-22.3-29.4-30.4-46.1l-29.8,11.9c9.9,20.7,22.6,39.8,37.6,56.9 L92.4,397z M272,40.6c18.8,1.4,36.9,5.2,54.1,11.1l12.6-29.5C317.7,14.7,295.3,10,272,8.5V40.6z M190.8,50 c15.7-5,32.2-8.2,49.2-9.4V8.5c-21.2,1.4-41.7,5.4-61.1,11.7L190.8,50z M442.3,92.3L419.6,115c12,13.9,22.3,29.4,30.5,46.1 l29.8-11.9C470,128.5,457.3,109.4,442.3,92.3z M397,92.4l22.7-22.7c-15.6-13.7-32.8-25.5-51.5-34.9l-12.6,29.5 C370.4,72.1,384.4,81.5,397,92.4z"})});const o=wt(wt({},i),{},{attributeName:"opacity"}),l={tag:"circle",attributes:wt(wt({},r),{},{cx:"256",cy:"364",r:"28"}),children:[]};return e||l.children.push({tag:"animate",attributes:wt(wt({},i),{},{attributeName:"r",values:"28;14;28;28;14;28;"})},{tag:"animate",attributes:wt(wt({},o),{},{values:"1;0;1;1;0;1;"})}),n.push(l),n.push({tag:"path",attributes:wt(wt({},r),{},{opacity:"1",d:"M263.7,312h-16c-6.6,0-12-5.4-12-12c0-71,77.4-63.9,77.4-107.8c0-20-17.8-40.2-57.4-40.2c-29.1,0-44.3,9.6-59.2,28.7 c-3.9,5-11.1,6-16.2,2.4l-13.1-9.2c-5.6-3.9-6.9-11.8-2.6-17.2c21.2-27.2,46.4-44.7,91.2-44.7c52.3,0,97.4,29.8,97.4,80.2 c0,67.6-77.4,63.5-77.4,107.8C275.7,306.6,270.3,312,263.7,312z"}),children:e?[]:[{tag:"animate",attributes:wt(wt({},o),{},{values:"1;0;0;0;0;1;"})}]}),e||n.push({tag:"path",attributes:wt(wt({},r),{},{opacity:"0",d:"M232.5,134.5l7,168c0.3,6.4,5.6,11.5,12,11.5h9c6.4,0,11.7-5.1,12-11.5l7-168c0.3-6.8-5.2-12.5-12-12.5h-23 C237.7,122,232.2,127.7,232.5,134.5z"}),children:[{tag:"animate",attributes:wt(wt({},o),{},{values:"0;0;1;1;0;0;"})}]}),{tag:"g",attributes:{class:"missing"},children:n}}}},c6={hooks(){return{parseNodeAttributes(t,e){const n=e.getAttribute("data-fa-symbol"),r=n===null?!1:n===""?!0:n;return t.symbol=r,t}}}},u6=[nP,KP,YP,qP,jP,r6,i6,s6,a6,l6,c6];vP(u6,{mixoutsTo:Or});Or.noAuto;Or.config;Or.library;Or.dom;const qh=Or.parse;Or.findIconDefinition;Or.toHtml;const d6=Or.icon;Or.layer;Or.text;Or.counter;function w1(t,e){var n=Object.keys(t);if(Object.getOwnPropertySymbols){var r=Object.getOwnPropertySymbols(t);e&&(r=r.filter(function(i){return Object.getOwnPropertyDescriptor(t,i).enumerable})),n.push.apply(n,r)}return n}function Ki(t){for(var e=1;e<arguments.length;e++){var n=arguments[e]!=null?arguments[e]:{};e%2?w1(Object(n),!0).forEach(function(r){rr(t,r,n[r])}):Object.getOwnPropertyDescriptors?Object.defineProperties(t,Object.getOwnPropertyDescriptors(n)):w1(Object(n)).forEach(function(r){Object.defineProperty(t,r,Object.getOwnPropertyDescriptor(n,r))})}return t}function f6(t,e){if(typeof t!="object"||!t)return t;var n=t[Symbol.toPrimitive];if(n!==void 0){var r=n.call(t,e);if(typeof r!="object")return r;throw new TypeError("@@toPrimitive must return a primitive value.")}return(e==="string"?String:Number)(t)}function p6(t){var e=f6(t,"string");return typeof e=="symbol"?e:e+""}function id(t){"@babel/helpers - typeof";return id=typeof Symbol=="function"&&typeof Symbol.iterator=="symbol"?function(e){return typeof e}:function(e){return e&&typeof Symbol=="function"&&e.constructor===Symbol&&e!==Symbol.prototype?"symbol":typeof e},id(t)}function rr(t,e,n){return e=p6(e),e in t?Object.defineProperty(t,e,{value:n,enumerable:!0,configurable:!0,writable:!0}):t[e]=n,t}function h6(t,e){if(t==null)return{};var n={};for(var r in t)if(Object.prototype.hasOwnProperty.call(t,r)){if(e.indexOf(r)>=0)continue;n[r]=t[r]}return n}function m6(t,e){if(t==null)return{};var n=h6(t,e),r,i;if(Object.getOwnPropertySymbols){var o=Object.getOwnPropertySymbols(t);for(i=0;i<o.length;i++)r=o[i],!(e.indexOf(r)>=0)&&Object.prototype.propertyIsEnumerable.call(t,r)&&(n[r]=t[r])}return n}var _6=typeof globalThis<"u"?globalThis:typeof window<"u"?window:typeof global<"u"?global:typeof self<"u"?self:{},LA={exports:{}};(function(t){(function(e){var n=function(A,N,K){if(!p(N)||E(N)||R(N)||O(N)||d(N))return N;var g,z=0,x=0;if(f(N))for(g=[],x=N.length;z<x;z++)g.push(n(A,N[z],K));else{g={};for(var U in N)Object.prototype.hasOwnProperty.call(N,U)&&(g[A(U,K)]=n(A,N[U],K))}return g},r=function(A,N){N=N||{};var K=N.separator||"_",g=N.split||/(?=[A-Z])/;return A.split(g).join(K)},i=function(A){return I(A)?A:(A=A.replace(/[\-_\s]+(.)?/g,function(N,K){return K?K.toUpperCase():""}),A.substr(0,1).toLowerCase()+A.substr(1))},o=function(A){var N=i(A);return N.substr(0,1).toUpperCase()+N.substr(1)},l=function(A,N){return r(A,N).toLowerCase()},c=Object.prototype.toString,d=function(A){return typeof A=="function"},p=function(A){return A===Object(A)},f=function(A){return c.call(A)=="[object Array]"},E=function(A){return c.call(A)=="[object Date]"},R=function(A){return c.call(A)=="[object RegExp]"},O=function(A){return c.call(A)=="[object Boolean]"},I=function(A){return A=A-0,A===A},b=function(A,N){var K=N&&"process"in N?N.process:N;return typeof K!="function"?A:function(g,z){return K(g,A,z)}},k={camelize:i,decamelize:l,pascalize:o,depascalize:l,camelizeKeys:function(A,N){return n(b(i,N),A)},decamelizeKeys:function(A,N){return n(b(l,N),A,N)},pascalizeKeys:function(A,N){return n(b(o,N),A)},depascalizeKeys:function(){return this.decamelizeKeys.apply(this,arguments)}};t.exports?t.exports=k:e.humps=k})(_6)})(LA);var E6=LA.exports,g6=["class","style"];function T6(t){return t.split(";").map(function(e){return e.trim()}).filter(function(e){return e}).reduce(function(e,n){var r=n.indexOf(":"),i=E6.camelize(n.slice(0,r)),o=n.slice(r+1).trim();return e[i]=o,e},{})}function v6(t){return t.split(/\s+/).reduce(function(e,n){return e[n]=!0,e},{})}function yA(t){var e=arguments.length>1&&arguments[1]!==void 0?arguments[1]:{},n=arguments.length>2&&arguments[2]!==void 0?arguments[2]:{};if(typeof t=="string")return t;var r=(t.children||[]).map(function(d){return yA(d)}),i=Object.keys(t.attributes||{}).reduce(function(d,p){var f=t.attributes[p];switch(p){case"class":d.class=v6(f);break;case"style":d.style=T6(f);break;default:d.attrs[p]=f}return d},{attrs:{},class:{},style:{}});n.class;var o=n.style,l=o===void 0?{}:o,c=m6(n,g6);return M0(t.tag,Ki(Ki(Ki({},e),{},{class:i.class,style:Ki(Ki({},i.style),l)},i.attrs),c),r)}var NA=!1;try{NA=!0}catch{}function S6(){if(!NA&&console&&typeof console.error=="function"){var t;(t=console).error.apply(t,arguments)}}function Jp(t,e){return Array.isArray(e)&&e.length>0||!Array.isArray(e)&&e?rr({},t,e):{}}function A6(t){var e,n=(e={"fa-spin":t.spin,"fa-pulse":t.pulse,"fa-fw":t.fixedWidth,"fa-border":t.border,"fa-li":t.listItem,"fa-inverse":t.inverse,"fa-flip":t.flip===!0,"fa-flip-horizontal":t.flip==="horizontal"||t.flip==="both","fa-flip-vertical":t.flip==="vertical"||t.flip==="both"},rr(rr(rr(rr(rr(rr(rr(rr(rr(rr(e,"fa-".concat(t.size),t.size!==null),"fa-rotate-".concat(t.rotation),t.rotation!==null),"fa-pull-".concat(t.pull),t.pull!==null),"fa-swap-opacity",t.swapOpacity),"fa-bounce",t.bounce),"fa-shake",t.shake),"fa-beat",t.beat),"fa-fade",t.fade),"fa-beat-fade",t.beatFade),"fa-flash",t.flash),rr(rr(e,"fa-spin-pulse",t.spinPulse),"fa-spin-reverse",t.spinReverse));return Object.keys(n).map(function(r){return n[r]?r:null}).filter(function(r){return r})}function x1(t){if(t&&id(t)==="object"&&t.prefix&&t.iconName&&t.icon)return t;if(qh.icon)return qh.icon(t);if(t===null)return null;if(id(t)==="object"&&t.prefix&&t.iconName)return t;if(Array.isArray(t)&&t.length===2)return{prefix:t[0],iconName:t[1]};if(typeof t=="string")return{prefix:"fas",iconName:t}}var Ae=Ke({name:"FontAwesomeIcon",props:{border:{type:Boolean,default:!1},fixedWidth:{type:Boolean,default:!1},flip:{type:[Boolean,String],default:!1,validator:function(e){return[!0,!1,"horizontal","vertical","both"].indexOf(e)>-1}},icon:{type:[Object,Array,String],required:!0},mask:{type:[Object,Array,String],default:null},maskId:{type:String,default:null},listItem:{type:Boolean,default:!1},pull:{type:String,default:null,validator:function(e){return["right","left"].indexOf(e)>-1}},pulse:{type:Boolean,default:!1},rotation:{type:[String,Number],default:null,validator:function(e){return[90,180,270].indexOf(Number.parseInt(e,10))>-1}},swapOpacity:{type:Boolean,default:!1},size:{type:String,default:null,validator:function(e){return["2xs","xs","sm","lg","xl","2xl","1x","2x","3x","4x","5x","6x","7x","8x","9x","10x"].indexOf(e)>-1}},spin:{type:Boolean,default:!1},transform:{type:[String,Object],default:null},symbol:{type:[Boolean,String],default:!1},title:{type:String,default:null},titleId:{type:String,default:null},inverse:{type:Boolean,default:!1},bounce:{type:Boolean,default:!1},shake:{type:Boolean,default:!1},beat:{type:Boolean,default:!1},fade:{type:Boolean,default:!1},beatFade:{type:Boolean,default:!1},flash:{type:Boolean,default:!1},spinPulse:{type:Boolean,default:!1},spinReverse:{type:Boolean,default:!1}},setup:function(e,n){var r=n.attrs,i=Dt(function(){return x1(e.icon)}),o=Dt(function(){return Jp("classes",A6(e))}),l=Dt(function(){return Jp("transform",typeof e.transform=="string"?qh.transform(e.transform):e.transform)}),c=Dt(function(){return Jp("mask",x1(e.mask))}),d=Dt(function(){return d6(i.value,Ki(Ki(Ki(Ki({},o.value),l.value),c.value),{},{symbol:e.symbol,title:e.title,titleId:e.titleId,maskId:e.maskId}))});Un(d,function(f){if(!f)return S6("Could not find one or more icon(s)",i.value,c.value)},{immediate:!0});var p=Dt(function(){return d.value?yA(d.value.abstract[0],{},r):null});return function(){return p.value}}});function R6(t){switch(typeof t){case"number":break;case"string":t=+new Date(t);break;case"object":t.constructor===Date&&(t=t.getTime());break;default:t=+new Date}const e=[[2,"1 second ago","1 second from now"],[60,"seconds",1],[120,"1 minute ago","1 minute from now"],[3600,"minutes",60],[7200,"1 hour ago","1 hour from now"],[86400,"hours",3600],[172800,"Yesterday","Tomorrow"],[604800,"days",86400],[1209600,"Last week","Next week"],[2419200,"weeks",604800],[4838400,"Last month","Next month"],[29030400,"months",2419200],[58060800,"Last year","Next year"],[290304e4,"years",29030400]];let n=(+new Date-t)/1e3,r="ago",i=1;if(n==0)return"Just now";n<0&&(n=Math.abs(n),r="from now",i=2);let o=0,l;for(;l=e[o++];)if(n<l[0])return typeof l[2]=="string"?l[i]:Math.floor(n/l[2])+" "+l[1]+" "+r;return t}var Eu=typeof globalThis<"u"?globalThis:typeof window<"u"?window:typeof global<"u"?global:typeof self<"u"?self:{};function fm(t){return t&&t.__esModule&&Object.prototype.hasOwnProperty.call(t,"default")?t.default:t}var Sl={exports:{}};/**
 * @license
 * Lodash <https://lodash.com/>
 * Copyright OpenJS Foundation and other contributors <https://openjsf.org/>
 * Released under MIT license <https://lodash.com/license>
 * Based on Underscore.js 1.8.3 <http://underscorejs.org/LICENSE>
 * Copyright Jeremy Ashkenas, DocumentCloud and Investigative Reporters & Editors
 */var b6=Sl.exports,I1;function O6(){return I1||(I1=1,function(t,e){(function(){var n,r="4.17.21",i=200,o="Unsupported core-js use. Try https://npms.io/search?q=ponyfill.",l="Expected a function",c="Invalid `variable` option passed into `_.template`",d="__lodash_hash_undefined__",p=500,f="__lodash_placeholder__",E=1,R=2,O=4,I=1,b=2,k=1,A=2,N=4,K=8,g=16,z=32,x=64,U=128,et=256,It=512,Bt=30,dt="...",Ct=800,B=16,q=1,At=2,H=3,W=1/0,ct=9007199254740991,bt=17976931348623157e292,Rt=NaN,st=4294967295,Y=st-1,P=st>>>1,J=[["ary",U],["bind",k],["bindKey",A],["curry",K],["curryRight",g],["flip",It],["partial",z],["partialRight",x],["rearg",et]],Z="[object Arguments]",C="[object Array]",Mt="[object AsyncFunction]",ne="[object Boolean]",He="[object Date]",xe="[object DOMException]",ln="[object Error]",F="[object Function]",G="[object GeneratorFunction]",it="[object Map]",vt="[object Number]",Et="[object Null]",_t="[object Object]",rt="[object Promise]",ot="[object Proxy]",ft="[object RegExp]",ut="[object Set]",Ht="[object String]",Nt="[object Symbol]",Ft="[object Undefined]",Yt="[object WeakMap]",te="[object WeakSet]",fe="[object ArrayBuffer]",ce="[object DataView]",cn="[object Float32Array]",nn="[object Float64Array]",gn="[object Int8Array]",Tn="[object Int16Array]",Vn="[object Int32Array]",M="[object Uint8Array]",at="[object Uint8ClampedArray]",St="[object Uint16Array]",Gt="[object Uint32Array]",Vt=/\b__p \+= '';/g,Le=/\b(__p \+=) '' \+/g,We=/(__e\(.*?\)|\b__t\)) \+\n'';/g,Rn=/&(?:amp|lt|gt|quot|#39);/g,zr=/[&<>"']/g,rn=RegExp(Rn.source),V=RegExp(zr.source),pt=/<%-([\s\S]+?)%>/g,xt=/<%([\s\S]+?)%>/g,re=/<%=([\s\S]+?)%>/g,De=/\.|\[(?:[^[\]]*|(["'])(?:(?!\1)[^\\]|\\.)*?\1)\]/,we=/^\w*$/,qt=/[^.[\]]+|\[(?:(-?\d+(?:\.\d+)?)|(["'])((?:(?!\2)[^\\]|\\.)*?)\2)\]|(?=(?:\.|\[\])(?:\.|\[\]|$))/g,zt=/[\\^$.*+?()[\]{}|]/g,ue=RegExp(zt.source),dn=/^\s+/,fn=/\s/,Hs=/\{(?:\n\/\* \[wrapped with .+\] \*\/)?\n?/,Va=/\{\n\/\* \[wrapped with (.+)\] \*/,za=/,? & /,nf=/[^\x00-\x2f\x3a-\x40\x5b-\x60\x7b-\x7f]+/g,Ga=/[()=,{}\[\]\/\s]/,rf=/\\(\\)?/g,sf=/\$\{([^\\}]*(?:\\.[^\\}]*)*)\}/g,dc=/\w*$/,fc=/^[-+]0x[0-9a-f]+$/i,xo=/^0b[01]+$/i,of=/^\[object .+?Constructor\]$/,af=/^0o[0-7]+$/i,lf=/^(?:0|[1-9]\d*)$/,ai=/[\xc0-\xd6\xd8-\xf6\xf8-\xff\u0100-\u017f]/g,Ws=/($^)/,pc=/['\n\r\u2028\u2029\\]/g,Io="\\ud800-\\udfff",cf="\\u0300-\\u036f",uf="\\ufe20-\\ufe2f",ko="\\u20d0-\\u20ff",hc=cf+uf+ko,kt="\\u2700-\\u27bf",Zt="a-z\\xdf-\\xf6\\xf8-\\xff",Re="\\xac\\xb1\\xd7\\xf7",Ge="\\x00-\\x2f\\x3a-\\x40\\x5b-\\x60\\x7b-\\xbf",hn="\\u2000-\\u206f",cr=" \\t\\x0b\\f\\xa0\\ufeff\\n\\r\\u2028\\u2029\\u1680\\u180e\\u2000\\u2001\\u2002\\u2003\\u2004\\u2005\\u2006\\u2007\\u2008\\u2009\\u200a\\u202f\\u205f\\u3000",Gr="A-Z\\xc0-\\xd6\\xd8-\\xde",Us="\\ufe0e\\ufe0f",kn=Re+Ge+hn+cr,Qn="['’]",mc="["+Io+"]",Xa="["+kn+"]",$s="["+hc+"]",_c="\\d+",df="["+kt+"]",Ec="["+Zt+"]",gc="[^"+Io+kn+_c+kt+Zt+Gr+"]",os="\\ud83c[\\udffb-\\udfff]",Tc="(?:"+$s+"|"+os+")",ur="[^"+Io+"]",Ka="(?:\\ud83c[\\udde6-\\uddff]){2}",Fs="[\\ud800-\\udbff][\\udc00-\\udfff]",se="["+Gr+"]",Ya="\\u200d",vn="(?:"+Ec+"|"+gc+")",Xe="(?:"+se+"|"+gc+")",Vs="(?:"+Qn+"(?:d|ll|m|re|s|t|ve))?",li="(?:"+Qn+"(?:D|LL|M|RE|S|T|VE))?",Bo=Tc+"?",Do="["+Us+"]?",Wt="(?:"+Ya+"(?:"+[ur,Ka,Fs].join("|")+")"+Do+Bo+")*",Jt="\\d*(?:1st|2nd|3rd|(?![123])\\dth)(?=\\b|[A-Z_])",Ee="\\d*(?:1ST|2ND|3RD|(?![123])\\dTH)(?=\\b|[a-z_])",Ie=Do+Bo+Wt,bn="(?:"+[df,Ka,Fs].join("|")+")"+Ie,Xr="(?:"+[ur+$s+"?",$s,Ka,Fs,mc].join("|")+")",ff=RegExp(Qn,"g"),pf=RegExp($s,"g"),hf=RegExp(os+"(?="+os+")|"+Xr+Ie,"g"),QR=RegExp([se+"?"+Ec+"+"+Vs+"(?="+[Xa,se,"$"].join("|")+")",Xe+"+"+li+"(?="+[Xa,se+vn,"$"].join("|")+")",se+"?"+vn+"+"+Vs,se+"+"+li,Ee,Jt,_c,bn].join("|"),"g"),ZR=RegExp("["+Ya+Io+hc+Us+"]"),tb=/[a-z][A-Z]|[A-Z]{2}[a-z]|[0-9][a-zA-Z]|[a-zA-Z][0-9]|[^a-zA-Z0-9 ]/,eb=["Array","Buffer","DataView","Date","Error","Float32Array","Float64Array","Function","Int8Array","Int16Array","Int32Array","Map","Math","Object","Promise","RegExp","Set","String","Symbol","TypeError","Uint8Array","Uint8ClampedArray","Uint16Array","Uint32Array","WeakMap","_","clearTimeout","isFinite","parseInt","setTimeout"],nb=-1,tn={};tn[cn]=tn[nn]=tn[gn]=tn[Tn]=tn[Vn]=tn[M]=tn[at]=tn[St]=tn[Gt]=!0,tn[Z]=tn[C]=tn[fe]=tn[ne]=tn[ce]=tn[He]=tn[ln]=tn[F]=tn[it]=tn[vt]=tn[_t]=tn[ft]=tn[ut]=tn[Ht]=tn[Yt]=!1;var Je={};Je[Z]=Je[C]=Je[fe]=Je[ce]=Je[ne]=Je[He]=Je[cn]=Je[nn]=Je[gn]=Je[Tn]=Je[Vn]=Je[it]=Je[vt]=Je[_t]=Je[ft]=Je[ut]=Je[Ht]=Je[Nt]=Je[M]=Je[at]=Je[St]=Je[Gt]=!0,Je[ln]=Je[F]=Je[Yt]=!1;var rb={À:"A",Á:"A",Â:"A",Ã:"A",Ä:"A",Å:"A",à:"a",á:"a",â:"a",ã:"a",ä:"a",å:"a",Ç:"C",ç:"c",Ð:"D",ð:"d",È:"E",É:"E",Ê:"E",Ë:"E",è:"e",é:"e",ê:"e",ë:"e",Ì:"I",Í:"I",Î:"I",Ï:"I",ì:"i",í:"i",î:"i",ï:"i",Ñ:"N",ñ:"n",Ò:"O",Ó:"O",Ô:"O",Õ:"O",Ö:"O",Ø:"O",ò:"o",ó:"o",ô:"o",õ:"o",ö:"o",ø:"o",Ù:"U",Ú:"U",Û:"U",Ü:"U",ù:"u",ú:"u",û:"u",ü:"u",Ý:"Y",ý:"y",ÿ:"y",Æ:"Ae",æ:"ae",Þ:"Th",þ:"th",ß:"ss",Ā:"A",Ă:"A",Ą:"A",ā:"a",ă:"a",ą:"a",Ć:"C",Ĉ:"C",Ċ:"C",Č:"C",ć:"c",ĉ:"c",ċ:"c",č:"c",Ď:"D",Đ:"D",ď:"d",đ:"d",Ē:"E",Ĕ:"E",Ė:"E",Ę:"E",Ě:"E",ē:"e",ĕ:"e",ė:"e",ę:"e",ě:"e",Ĝ:"G",Ğ:"G",Ġ:"G",Ģ:"G",ĝ:"g",ğ:"g",ġ:"g",ģ:"g",Ĥ:"H",Ħ:"H",ĥ:"h",ħ:"h",Ĩ:"I",Ī:"I",Ĭ:"I",Į:"I",İ:"I",ĩ:"i",ī:"i",ĭ:"i",į:"i",ı:"i",Ĵ:"J",ĵ:"j",Ķ:"K",ķ:"k",ĸ:"k",Ĺ:"L",Ļ:"L",Ľ:"L",Ŀ:"L",Ł:"L",ĺ:"l",ļ:"l",ľ:"l",ŀ:"l",ł:"l",Ń:"N",Ņ:"N",Ň:"N",Ŋ:"N",ń:"n",ņ:"n",ň:"n",ŋ:"n",Ō:"O",Ŏ:"O",Ő:"O",ō:"o",ŏ:"o",ő:"o",Ŕ:"R",Ŗ:"R",Ř:"R",ŕ:"r",ŗ:"r",ř:"r",Ś:"S",Ŝ:"S",Ş:"S",Š:"S",ś:"s",ŝ:"s",ş:"s",š:"s",Ţ:"T",Ť:"T",Ŧ:"T",ţ:"t",ť:"t",ŧ:"t",Ũ:"U",Ū:"U",Ŭ:"U",Ů:"U",Ű:"U",Ų:"U",ũ:"u",ū:"u",ŭ:"u",ů:"u",ű:"u",ų:"u",Ŵ:"W",ŵ:"w",Ŷ:"Y",ŷ:"y",Ÿ:"Y",Ź:"Z",Ż:"Z",Ž:"Z",ź:"z",ż:"z",ž:"z",Ĳ:"IJ",ĳ:"ij",Œ:"Oe",œ:"oe",ŉ:"'n",ſ:"s"},ib={"&":"&amp;","<":"&lt;",">":"&gt;",'"':"&quot;","'":"&#39;"},sb={"&amp;":"&","&lt;":"<","&gt;":">","&quot;":'"',"&#39;":"'"},ob={"\\":"\\","'":"'","\n":"n","\r":"r","\u2028":"u2028","\u2029":"u2029"},ab=parseFloat,lb=parseInt,Mm=typeof Eu=="object"&&Eu&&Eu.Object===Object&&Eu,cb=typeof self=="object"&&self&&self.Object===Object&&self,Nn=Mm||cb||Function("return this")(),mf=e&&!e.nodeType&&e,zs=mf&&!0&&t&&!t.nodeType&&t,Hm=zs&&zs.exports===mf,_f=Hm&&Mm.process,Lr=function(){try{var Q=zs&&zs.require&&zs.require("util").types;return Q||_f&&_f.binding&&_f.binding("util")}catch{}}(),Wm=Lr&&Lr.isArrayBuffer,Um=Lr&&Lr.isDate,$m=Lr&&Lr.isMap,Fm=Lr&&Lr.isRegExp,Vm=Lr&&Lr.isSet,zm=Lr&&Lr.isTypedArray;function dr(Q,ht,lt){switch(lt.length){case 0:return Q.call(ht);case 1:return Q.call(ht,lt[0]);case 2:return Q.call(ht,lt[0],lt[1]);case 3:return Q.call(ht,lt[0],lt[1],lt[2])}return Q.apply(ht,lt)}function ub(Q,ht,lt,Xt){for(var he=-1,Pe=Q==null?0:Q.length;++he<Pe;){var Sn=Q[he];ht(Xt,Sn,lt(Sn),Q)}return Xt}function yr(Q,ht){for(var lt=-1,Xt=Q==null?0:Q.length;++lt<Xt&&ht(Q[lt],lt,Q)!==!1;);return Q}function db(Q,ht){for(var lt=Q==null?0:Q.length;lt--&&ht(Q[lt],lt,Q)!==!1;);return Q}function Gm(Q,ht){for(var lt=-1,Xt=Q==null?0:Q.length;++lt<Xt;)if(!ht(Q[lt],lt,Q))return!1;return!0}function as(Q,ht){for(var lt=-1,Xt=Q==null?0:Q.length,he=0,Pe=[];++lt<Xt;){var Sn=Q[lt];ht(Sn,lt,Q)&&(Pe[he++]=Sn)}return Pe}function vc(Q,ht){var lt=Q==null?0:Q.length;return!!lt&&Po(Q,ht,0)>-1}function Ef(Q,ht,lt){for(var Xt=-1,he=Q==null?0:Q.length;++Xt<he;)if(lt(ht,Q[Xt]))return!0;return!1}function sn(Q,ht){for(var lt=-1,Xt=Q==null?0:Q.length,he=Array(Xt);++lt<Xt;)he[lt]=ht(Q[lt],lt,Q);return he}function ls(Q,ht){for(var lt=-1,Xt=ht.length,he=Q.length;++lt<Xt;)Q[he+lt]=ht[lt];return Q}function gf(Q,ht,lt,Xt){var he=-1,Pe=Q==null?0:Q.length;for(Xt&&Pe&&(lt=Q[++he]);++he<Pe;)lt=ht(lt,Q[he],he,Q);return lt}function fb(Q,ht,lt,Xt){var he=Q==null?0:Q.length;for(Xt&&he&&(lt=Q[--he]);he--;)lt=ht(lt,Q[he],he,Q);return lt}function Tf(Q,ht){for(var lt=-1,Xt=Q==null?0:Q.length;++lt<Xt;)if(ht(Q[lt],lt,Q))return!0;return!1}var pb=vf("length");function hb(Q){return Q.split("")}function mb(Q){return Q.match(nf)||[]}function Xm(Q,ht,lt){var Xt;return lt(Q,function(he,Pe,Sn){if(ht(he,Pe,Sn))return Xt=Pe,!1}),Xt}function Sc(Q,ht,lt,Xt){for(var he=Q.length,Pe=lt+(Xt?1:-1);Xt?Pe--:++Pe<he;)if(ht(Q[Pe],Pe,Q))return Pe;return-1}function Po(Q,ht,lt){return ht===ht?yb(Q,ht,lt):Sc(Q,Km,lt)}function _b(Q,ht,lt,Xt){for(var he=lt-1,Pe=Q.length;++he<Pe;)if(Xt(Q[he],ht))return he;return-1}function Km(Q){return Q!==Q}function Ym(Q,ht){var lt=Q==null?0:Q.length;return lt?Af(Q,ht)/lt:Rt}function vf(Q){return function(ht){return ht==null?n:ht[Q]}}function Sf(Q){return function(ht){return Q==null?n:Q[ht]}}function qm(Q,ht,lt,Xt,he){return he(Q,function(Pe,Sn,Ye){lt=Xt?(Xt=!1,Pe):ht(lt,Pe,Sn,Ye)}),lt}function Eb(Q,ht){var lt=Q.length;for(Q.sort(ht);lt--;)Q[lt]=Q[lt].value;return Q}function Af(Q,ht){for(var lt,Xt=-1,he=Q.length;++Xt<he;){var Pe=ht(Q[Xt]);Pe!==n&&(lt=lt===n?Pe:lt+Pe)}return lt}function Rf(Q,ht){for(var lt=-1,Xt=Array(Q);++lt<Q;)Xt[lt]=ht(lt);return Xt}function gb(Q,ht){return sn(ht,function(lt){return[lt,Q[lt]]})}function jm(Q){return Q&&Q.slice(0,t_(Q)+1).replace(dn,"")}function fr(Q){return function(ht){return Q(ht)}}function bf(Q,ht){return sn(ht,function(lt){return Q[lt]})}function qa(Q,ht){return Q.has(ht)}function Jm(Q,ht){for(var lt=-1,Xt=Q.length;++lt<Xt&&Po(ht,Q[lt],0)>-1;);return lt}function Qm(Q,ht){for(var lt=Q.length;lt--&&Po(ht,Q[lt],0)>-1;);return lt}function Tb(Q,ht){for(var lt=Q.length,Xt=0;lt--;)Q[lt]===ht&&++Xt;return Xt}var vb=Sf(rb),Sb=Sf(ib);function Ab(Q){return"\\"+ob[Q]}function Rb(Q,ht){return Q==null?n:Q[ht]}function Mo(Q){return ZR.test(Q)}function bb(Q){return tb.test(Q)}function Ob(Q){for(var ht,lt=[];!(ht=Q.next()).done;)lt.push(ht.value);return lt}function Of(Q){var ht=-1,lt=Array(Q.size);return Q.forEach(function(Xt,he){lt[++ht]=[he,Xt]}),lt}function Zm(Q,ht){return function(lt){return Q(ht(lt))}}function cs(Q,ht){for(var lt=-1,Xt=Q.length,he=0,Pe=[];++lt<Xt;){var Sn=Q[lt];(Sn===ht||Sn===f)&&(Q[lt]=f,Pe[he++]=lt)}return Pe}function Ac(Q){var ht=-1,lt=Array(Q.size);return Q.forEach(function(Xt){lt[++ht]=Xt}),lt}function Lb(Q){var ht=-1,lt=Array(Q.size);return Q.forEach(function(Xt){lt[++ht]=[Xt,Xt]}),lt}function yb(Q,ht,lt){for(var Xt=lt-1,he=Q.length;++Xt<he;)if(Q[Xt]===ht)return Xt;return-1}function Nb(Q,ht,lt){for(var Xt=lt+1;Xt--;)if(Q[Xt]===ht)return Xt;return Xt}function Ho(Q){return Mo(Q)?wb(Q):pb(Q)}function Kr(Q){return Mo(Q)?xb(Q):hb(Q)}function t_(Q){for(var ht=Q.length;ht--&&fn.test(Q.charAt(ht)););return ht}var Cb=Sf(sb);function wb(Q){for(var ht=hf.lastIndex=0;hf.test(Q);)++ht;return ht}function xb(Q){return Q.match(hf)||[]}function Ib(Q){return Q.match(QR)||[]}var kb=function Q(ht){ht=ht==null?Nn:Wo.defaults(Nn.Object(),ht,Wo.pick(Nn,eb));var lt=ht.Array,Xt=ht.Date,he=ht.Error,Pe=ht.Function,Sn=ht.Math,Ye=ht.Object,Lf=ht.RegExp,Bb=ht.String,Nr=ht.TypeError,Rc=lt.prototype,Db=Pe.prototype,Uo=Ye.prototype,bc=ht["__core-js_shared__"],Oc=Db.toString,Ve=Uo.hasOwnProperty,Pb=0,e_=function(){var s=/[^.]+$/.exec(bc&&bc.keys&&bc.keys.IE_PROTO||"");return s?"Symbol(src)_1."+s:""}(),Lc=Uo.toString,Mb=Oc.call(Ye),Hb=Nn._,Wb=Lf("^"+Oc.call(Ve).replace(zt,"\\$&").replace(/hasOwnProperty|(function).*?(?=\\\()| for .+?(?=\\\])/g,"$1.*?")+"$"),yc=Hm?ht.Buffer:n,us=ht.Symbol,Nc=ht.Uint8Array,n_=yc?yc.allocUnsafe:n,Cc=Zm(Ye.getPrototypeOf,Ye),r_=Ye.create,i_=Uo.propertyIsEnumerable,wc=Rc.splice,s_=us?us.isConcatSpreadable:n,ja=us?us.iterator:n,Gs=us?us.toStringTag:n,xc=function(){try{var s=js(Ye,"defineProperty");return s({},"",{}),s}catch{}}(),Ub=ht.clearTimeout!==Nn.clearTimeout&&ht.clearTimeout,$b=Xt&&Xt.now!==Nn.Date.now&&Xt.now,Fb=ht.setTimeout!==Nn.setTimeout&&ht.setTimeout,Ic=Sn.ceil,kc=Sn.floor,yf=Ye.getOwnPropertySymbols,Vb=yc?yc.isBuffer:n,o_=ht.isFinite,zb=Rc.join,Gb=Zm(Ye.keys,Ye),An=Sn.max,Bn=Sn.min,Xb=Xt.now,Kb=ht.parseInt,a_=Sn.random,Yb=Rc.reverse,Nf=js(ht,"DataView"),Ja=js(ht,"Map"),Cf=js(ht,"Promise"),$o=js(ht,"Set"),Qa=js(ht,"WeakMap"),Za=js(Ye,"create"),Bc=Qa&&new Qa,Fo={},qb=Js(Nf),jb=Js(Ja),Jb=Js(Cf),Qb=Js($o),Zb=Js(Qa),Dc=us?us.prototype:n,tl=Dc?Dc.valueOf:n,l_=Dc?Dc.toString:n;function L(s){if(pn(s)&&!me(s)&&!(s instanceof ye)){if(s instanceof Cr)return s;if(Ve.call(s,"__wrapped__"))return cE(s)}return new Cr(s)}var Vo=function(){function s(){}return function(a){if(!un(a))return{};if(r_)return r_(a);s.prototype=a;var u=new s;return s.prototype=n,u}}();function Pc(){}function Cr(s,a){this.__wrapped__=s,this.__actions__=[],this.__chain__=!!a,this.__index__=0,this.__values__=n}L.templateSettings={escape:pt,evaluate:xt,interpolate:re,variable:"",imports:{_:L}},L.prototype=Pc.prototype,L.prototype.constructor=L,Cr.prototype=Vo(Pc.prototype),Cr.prototype.constructor=Cr;function ye(s){this.__wrapped__=s,this.__actions__=[],this.__dir__=1,this.__filtered__=!1,this.__iteratees__=[],this.__takeCount__=st,this.__views__=[]}function tO(){var s=new ye(this.__wrapped__);return s.__actions__=Zn(this.__actions__),s.__dir__=this.__dir__,s.__filtered__=this.__filtered__,s.__iteratees__=Zn(this.__iteratees__),s.__takeCount__=this.__takeCount__,s.__views__=Zn(this.__views__),s}function eO(){if(this.__filtered__){var s=new ye(this);s.__dir__=-1,s.__filtered__=!0}else s=this.clone(),s.__dir__*=-1;return s}function nO(){var s=this.__wrapped__.value(),a=this.__dir__,u=me(s),_=a<0,S=u?s.length:0,y=hL(0,S,this.__views__),$=y.start,X=y.end,tt=X-$,gt=_?X:$-1,Tt=this.__iteratees__,Ot=Tt.length,Ut=0,jt=Bn(tt,this.__takeCount__);if(!u||!_&&S==tt&&jt==tt)return I_(s,this.__actions__);var oe=[];t:for(;tt--&&Ut<jt;){gt+=a;for(var Te=-1,ae=s[gt];++Te<Ot;){var be=Tt[Te],Ce=be.iteratee,mr=be.type,Xn=Ce(ae);if(mr==At)ae=Xn;else if(!Xn){if(mr==q)continue t;break t}}oe[Ut++]=ae}return oe}ye.prototype=Vo(Pc.prototype),ye.prototype.constructor=ye;function Xs(s){var a=-1,u=s==null?0:s.length;for(this.clear();++a<u;){var _=s[a];this.set(_[0],_[1])}}function rO(){this.__data__=Za?Za(null):{},this.size=0}function iO(s){var a=this.has(s)&&delete this.__data__[s];return this.size-=a?1:0,a}function sO(s){var a=this.__data__;if(Za){var u=a[s];return u===d?n:u}return Ve.call(a,s)?a[s]:n}function oO(s){var a=this.__data__;return Za?a[s]!==n:Ve.call(a,s)}function aO(s,a){var u=this.__data__;return this.size+=this.has(s)?0:1,u[s]=Za&&a===n?d:a,this}Xs.prototype.clear=rO,Xs.prototype.delete=iO,Xs.prototype.get=sO,Xs.prototype.has=oO,Xs.prototype.set=aO;function ki(s){var a=-1,u=s==null?0:s.length;for(this.clear();++a<u;){var _=s[a];this.set(_[0],_[1])}}function lO(){this.__data__=[],this.size=0}function cO(s){var a=this.__data__,u=Mc(a,s);if(u<0)return!1;var _=a.length-1;return u==_?a.pop():wc.call(a,u,1),--this.size,!0}function uO(s){var a=this.__data__,u=Mc(a,s);return u<0?n:a[u][1]}function dO(s){return Mc(this.__data__,s)>-1}function fO(s,a){var u=this.__data__,_=Mc(u,s);return _<0?(++this.size,u.push([s,a])):u[_][1]=a,this}ki.prototype.clear=lO,ki.prototype.delete=cO,ki.prototype.get=uO,ki.prototype.has=dO,ki.prototype.set=fO;function Bi(s){var a=-1,u=s==null?0:s.length;for(this.clear();++a<u;){var _=s[a];this.set(_[0],_[1])}}function pO(){this.size=0,this.__data__={hash:new Xs,map:new(Ja||ki),string:new Xs}}function hO(s){var a=qc(this,s).delete(s);return this.size-=a?1:0,a}function mO(s){return qc(this,s).get(s)}function _O(s){return qc(this,s).has(s)}function EO(s,a){var u=qc(this,s),_=u.size;return u.set(s,a),this.size+=u.size==_?0:1,this}Bi.prototype.clear=pO,Bi.prototype.delete=hO,Bi.prototype.get=mO,Bi.prototype.has=_O,Bi.prototype.set=EO;function Ks(s){var a=-1,u=s==null?0:s.length;for(this.__data__=new Bi;++a<u;)this.add(s[a])}function gO(s){return this.__data__.set(s,d),this}function TO(s){return this.__data__.has(s)}Ks.prototype.add=Ks.prototype.push=gO,Ks.prototype.has=TO;function Yr(s){var a=this.__data__=new ki(s);this.size=a.size}function vO(){this.__data__=new ki,this.size=0}function SO(s){var a=this.__data__,u=a.delete(s);return this.size=a.size,u}function AO(s){return this.__data__.get(s)}function RO(s){return this.__data__.has(s)}function bO(s,a){var u=this.__data__;if(u instanceof ki){var _=u.__data__;if(!Ja||_.length<i-1)return _.push([s,a]),this.size=++u.size,this;u=this.__data__=new Bi(_)}return u.set(s,a),this.size=u.size,this}Yr.prototype.clear=vO,Yr.prototype.delete=SO,Yr.prototype.get=AO,Yr.prototype.has=RO,Yr.prototype.set=bO;function c_(s,a){var u=me(s),_=!u&&Qs(s),S=!u&&!_&&ms(s),y=!u&&!_&&!S&&Ko(s),$=u||_||S||y,X=$?Rf(s.length,Bb):[],tt=X.length;for(var gt in s)(a||Ve.call(s,gt))&&!($&&(gt=="length"||S&&(gt=="offset"||gt=="parent")||y&&(gt=="buffer"||gt=="byteLength"||gt=="byteOffset")||Hi(gt,tt)))&&X.push(gt);return X}function u_(s){var a=s.length;return a?s[Uf(0,a-1)]:n}function OO(s,a){return jc(Zn(s),Ys(a,0,s.length))}function LO(s){return jc(Zn(s))}function wf(s,a,u){(u!==n&&!qr(s[a],u)||u===n&&!(a in s))&&Di(s,a,u)}function el(s,a,u){var _=s[a];(!(Ve.call(s,a)&&qr(_,u))||u===n&&!(a in s))&&Di(s,a,u)}function Mc(s,a){for(var u=s.length;u--;)if(qr(s[u][0],a))return u;return-1}function yO(s,a,u,_){return ds(s,function(S,y,$){a(_,S,u(S),$)}),_}function d_(s,a){return s&&ui(a,On(a),s)}function NO(s,a){return s&&ui(a,er(a),s)}function Di(s,a,u){a=="__proto__"&&xc?xc(s,a,{configurable:!0,enumerable:!0,value:u,writable:!0}):s[a]=u}function xf(s,a){for(var u=-1,_=a.length,S=lt(_),y=s==null;++u<_;)S[u]=y?n:dp(s,a[u]);return S}function Ys(s,a,u){return s===s&&(u!==n&&(s=s<=u?s:u),a!==n&&(s=s>=a?s:a)),s}function wr(s,a,u,_,S,y){var $,X=a&E,tt=a&R,gt=a&O;if(u&&($=S?u(s,_,S,y):u(s)),$!==n)return $;if(!un(s))return s;var Tt=me(s);if(Tt){if($=_L(s),!X)return Zn(s,$)}else{var Ot=Dn(s),Ut=Ot==F||Ot==G;if(ms(s))return D_(s,X);if(Ot==_t||Ot==Z||Ut&&!S){if($=tt||Ut?{}:tE(s),!X)return tt?sL(s,NO($,s)):iL(s,d_($,s))}else{if(!Je[Ot])return S?s:{};$=EL(s,Ot,X)}}y||(y=new Yr);var jt=y.get(s);if(jt)return jt;y.set(s,$),CE(s)?s.forEach(function(ae){$.add(wr(ae,a,u,ae,s,y))}):yE(s)&&s.forEach(function(ae,be){$.set(be,wr(ae,a,u,be,s,y))});var oe=gt?tt?Jf:jf:tt?er:On,Te=Tt?n:oe(s);return yr(Te||s,function(ae,be){Te&&(be=ae,ae=s[be]),el($,be,wr(ae,a,u,be,s,y))}),$}function CO(s){var a=On(s);return function(u){return f_(u,s,a)}}function f_(s,a,u){var _=u.length;if(s==null)return!_;for(s=Ye(s);_--;){var S=u[_],y=a[S],$=s[S];if($===n&&!(S in s)||!y($))return!1}return!0}function p_(s,a,u){if(typeof s!="function")throw new Nr(l);return ll(function(){s.apply(n,u)},a)}function nl(s,a,u,_){var S=-1,y=vc,$=!0,X=s.length,tt=[],gt=a.length;if(!X)return tt;u&&(a=sn(a,fr(u))),_?(y=Ef,$=!1):a.length>=i&&(y=qa,$=!1,a=new Ks(a));t:for(;++S<X;){var Tt=s[S],Ot=u==null?Tt:u(Tt);if(Tt=_||Tt!==0?Tt:0,$&&Ot===Ot){for(var Ut=gt;Ut--;)if(a[Ut]===Ot)continue t;tt.push(Tt)}else y(a,Ot,_)||tt.push(Tt)}return tt}var ds=U_(ci),h_=U_(kf,!0);function wO(s,a){var u=!0;return ds(s,function(_,S,y){return u=!!a(_,S,y),u}),u}function Hc(s,a,u){for(var _=-1,S=s.length;++_<S;){var y=s[_],$=a(y);if($!=null&&(X===n?$===$&&!hr($):u($,X)))var X=$,tt=y}return tt}function xO(s,a,u,_){var S=s.length;for(u=ge(u),u<0&&(u=-u>S?0:S+u),_=_===n||_>S?S:ge(_),_<0&&(_+=S),_=u>_?0:xE(_);u<_;)s[u++]=a;return s}function m_(s,a){var u=[];return ds(s,function(_,S,y){a(_,S,y)&&u.push(_)}),u}function Cn(s,a,u,_,S){var y=-1,$=s.length;for(u||(u=TL),S||(S=[]);++y<$;){var X=s[y];a>0&&u(X)?a>1?Cn(X,a-1,u,_,S):ls(S,X):_||(S[S.length]=X)}return S}var If=$_(),__=$_(!0);function ci(s,a){return s&&If(s,a,On)}function kf(s,a){return s&&__(s,a,On)}function Wc(s,a){return as(a,function(u){return Wi(s[u])})}function qs(s,a){a=ps(a,s);for(var u=0,_=a.length;s!=null&&u<_;)s=s[di(a[u++])];return u&&u==_?s:n}function E_(s,a,u){var _=a(s);return me(s)?_:ls(_,u(s))}function zn(s){return s==null?s===n?Ft:Et:Gs&&Gs in Ye(s)?pL(s):LL(s)}function Bf(s,a){return s>a}function IO(s,a){return s!=null&&Ve.call(s,a)}function kO(s,a){return s!=null&&a in Ye(s)}function BO(s,a,u){return s>=Bn(a,u)&&s<An(a,u)}function Df(s,a,u){for(var _=u?Ef:vc,S=s[0].length,y=s.length,$=y,X=lt(y),tt=1/0,gt=[];$--;){var Tt=s[$];$&&a&&(Tt=sn(Tt,fr(a))),tt=Bn(Tt.length,tt),X[$]=!u&&(a||S>=120&&Tt.length>=120)?new Ks($&&Tt):n}Tt=s[0];var Ot=-1,Ut=X[0];t:for(;++Ot<S&&gt.length<tt;){var jt=Tt[Ot],oe=a?a(jt):jt;if(jt=u||jt!==0?jt:0,!(Ut?qa(Ut,oe):_(gt,oe,u))){for($=y;--$;){var Te=X[$];if(!(Te?qa(Te,oe):_(s[$],oe,u)))continue t}Ut&&Ut.push(oe),gt.push(jt)}}return gt}function DO(s,a,u,_){return ci(s,function(S,y,$){a(_,u(S),y,$)}),_}function rl(s,a,u){a=ps(a,s),s=iE(s,a);var _=s==null?s:s[di(Ir(a))];return _==null?n:dr(_,s,u)}function g_(s){return pn(s)&&zn(s)==Z}function PO(s){return pn(s)&&zn(s)==fe}function MO(s){return pn(s)&&zn(s)==He}function il(s,a,u,_,S){return s===a?!0:s==null||a==null||!pn(s)&&!pn(a)?s!==s&&a!==a:HO(s,a,u,_,il,S)}function HO(s,a,u,_,S,y){var $=me(s),X=me(a),tt=$?C:Dn(s),gt=X?C:Dn(a);tt=tt==Z?_t:tt,gt=gt==Z?_t:gt;var Tt=tt==_t,Ot=gt==_t,Ut=tt==gt;if(Ut&&ms(s)){if(!ms(a))return!1;$=!0,Tt=!1}if(Ut&&!Tt)return y||(y=new Yr),$||Ko(s)?J_(s,a,u,_,S,y):dL(s,a,tt,u,_,S,y);if(!(u&I)){var jt=Tt&&Ve.call(s,"__wrapped__"),oe=Ot&&Ve.call(a,"__wrapped__");if(jt||oe){var Te=jt?s.value():s,ae=oe?a.value():a;return y||(y=new Yr),S(Te,ae,u,_,y)}}return Ut?(y||(y=new Yr),fL(s,a,u,_,S,y)):!1}function WO(s){return pn(s)&&Dn(s)==it}function Pf(s,a,u,_){var S=u.length,y=S,$=!_;if(s==null)return!y;for(s=Ye(s);S--;){var X=u[S];if($&&X[2]?X[1]!==s[X[0]]:!(X[0]in s))return!1}for(;++S<y;){X=u[S];var tt=X[0],gt=s[tt],Tt=X[1];if($&&X[2]){if(gt===n&&!(tt in s))return!1}else{var Ot=new Yr;if(_)var Ut=_(gt,Tt,tt,s,a,Ot);if(!(Ut===n?il(Tt,gt,I|b,_,Ot):Ut))return!1}}return!0}function T_(s){if(!un(s)||SL(s))return!1;var a=Wi(s)?Wb:of;return a.test(Js(s))}function UO(s){return pn(s)&&zn(s)==ft}function $O(s){return pn(s)&&Dn(s)==ut}function FO(s){return pn(s)&&nu(s.length)&&!!tn[zn(s)]}function v_(s){return typeof s=="function"?s:s==null?nr:typeof s=="object"?me(s)?R_(s[0],s[1]):A_(s):FE(s)}function Mf(s){if(!al(s))return Gb(s);var a=[];for(var u in Ye(s))Ve.call(s,u)&&u!="constructor"&&a.push(u);return a}function VO(s){if(!un(s))return OL(s);var a=al(s),u=[];for(var _ in s)_=="constructor"&&(a||!Ve.call(s,_))||u.push(_);return u}function Hf(s,a){return s<a}function S_(s,a){var u=-1,_=tr(s)?lt(s.length):[];return ds(s,function(S,y,$){_[++u]=a(S,y,$)}),_}function A_(s){var a=Zf(s);return a.length==1&&a[0][2]?nE(a[0][0],a[0][1]):function(u){return u===s||Pf(u,s,a)}}function R_(s,a){return ep(s)&&eE(a)?nE(di(s),a):function(u){var _=dp(u,s);return _===n&&_===a?fp(u,s):il(a,_,I|b)}}function Uc(s,a,u,_,S){s!==a&&If(a,function(y,$){if(S||(S=new Yr),un(y))zO(s,a,$,u,Uc,_,S);else{var X=_?_(rp(s,$),y,$+"",s,a,S):n;X===n&&(X=y),wf(s,$,X)}},er)}function zO(s,a,u,_,S,y,$){var X=rp(s,u),tt=rp(a,u),gt=$.get(tt);if(gt){wf(s,u,gt);return}var Tt=y?y(X,tt,u+"",s,a,$):n,Ot=Tt===n;if(Ot){var Ut=me(tt),jt=!Ut&&ms(tt),oe=!Ut&&!jt&&Ko(tt);Tt=tt,Ut||jt||oe?me(X)?Tt=X:mn(X)?Tt=Zn(X):jt?(Ot=!1,Tt=D_(tt,!0)):oe?(Ot=!1,Tt=P_(tt,!0)):Tt=[]:cl(tt)||Qs(tt)?(Tt=X,Qs(X)?Tt=IE(X):(!un(X)||Wi(X))&&(Tt=tE(tt))):Ot=!1}Ot&&($.set(tt,Tt),S(Tt,tt,_,y,$),$.delete(tt)),wf(s,u,Tt)}function b_(s,a){var u=s.length;if(u)return a+=a<0?u:0,Hi(a,u)?s[a]:n}function O_(s,a,u){a.length?a=sn(a,function(y){return me(y)?function($){return qs($,y.length===1?y[0]:y)}:y}):a=[nr];var _=-1;a=sn(a,fr(ie()));var S=S_(s,function(y,$,X){var tt=sn(a,function(gt){return gt(y)});return{criteria:tt,index:++_,value:y}});return Eb(S,function(y,$){return rL(y,$,u)})}function GO(s,a){return L_(s,a,function(u,_){return fp(s,_)})}function L_(s,a,u){for(var _=-1,S=a.length,y={};++_<S;){var $=a[_],X=qs(s,$);u(X,$)&&sl(y,ps($,s),X)}return y}function XO(s){return function(a){return qs(a,s)}}function Wf(s,a,u,_){var S=_?_b:Po,y=-1,$=a.length,X=s;for(s===a&&(a=Zn(a)),u&&(X=sn(s,fr(u)));++y<$;)for(var tt=0,gt=a[y],Tt=u?u(gt):gt;(tt=S(X,Tt,tt,_))>-1;)X!==s&&wc.call(X,tt,1),wc.call(s,tt,1);return s}function y_(s,a){for(var u=s?a.length:0,_=u-1;u--;){var S=a[u];if(u==_||S!==y){var y=S;Hi(S)?wc.call(s,S,1):Vf(s,S)}}return s}function Uf(s,a){return s+kc(a_()*(a-s+1))}function KO(s,a,u,_){for(var S=-1,y=An(Ic((a-s)/(u||1)),0),$=lt(y);y--;)$[_?y:++S]=s,s+=u;return $}function $f(s,a){var u="";if(!s||a<1||a>ct)return u;do a%2&&(u+=s),a=kc(a/2),a&&(s+=s);while(a);return u}function ve(s,a){return ip(rE(s,a,nr),s+"")}function YO(s){return u_(Yo(s))}function qO(s,a){var u=Yo(s);return jc(u,Ys(a,0,u.length))}function sl(s,a,u,_){if(!un(s))return s;a=ps(a,s);for(var S=-1,y=a.length,$=y-1,X=s;X!=null&&++S<y;){var tt=di(a[S]),gt=u;if(tt==="__proto__"||tt==="constructor"||tt==="prototype")return s;if(S!=$){var Tt=X[tt];gt=_?_(Tt,tt,X):n,gt===n&&(gt=un(Tt)?Tt:Hi(a[S+1])?[]:{})}el(X,tt,gt),X=X[tt]}return s}var N_=Bc?function(s,a){return Bc.set(s,a),s}:nr,jO=xc?function(s,a){return xc(s,"toString",{configurable:!0,enumerable:!1,value:hp(a),writable:!0})}:nr;function JO(s){return jc(Yo(s))}function xr(s,a,u){var _=-1,S=s.length;a<0&&(a=-a>S?0:S+a),u=u>S?S:u,u<0&&(u+=S),S=a>u?0:u-a>>>0,a>>>=0;for(var y=lt(S);++_<S;)y[_]=s[_+a];return y}function QO(s,a){var u;return ds(s,function(_,S,y){return u=a(_,S,y),!u}),!!u}function $c(s,a,u){var _=0,S=s==null?_:s.length;if(typeof a=="number"&&a===a&&S<=P){for(;_<S;){var y=_+S>>>1,$=s[y];$!==null&&!hr($)&&(u?$<=a:$<a)?_=y+1:S=y}return S}return Ff(s,a,nr,u)}function Ff(s,a,u,_){var S=0,y=s==null?0:s.length;if(y===0)return 0;a=u(a);for(var $=a!==a,X=a===null,tt=hr(a),gt=a===n;S<y;){var Tt=kc((S+y)/2),Ot=u(s[Tt]),Ut=Ot!==n,jt=Ot===null,oe=Ot===Ot,Te=hr(Ot);if($)var ae=_||oe;else gt?ae=oe&&(_||Ut):X?ae=oe&&Ut&&(_||!jt):tt?ae=oe&&Ut&&!jt&&(_||!Te):jt||Te?ae=!1:ae=_?Ot<=a:Ot<a;ae?S=Tt+1:y=Tt}return Bn(y,Y)}function C_(s,a){for(var u=-1,_=s.length,S=0,y=[];++u<_;){var $=s[u],X=a?a($):$;if(!u||!qr(X,tt)){var tt=X;y[S++]=$===0?0:$}}return y}function w_(s){return typeof s=="number"?s:hr(s)?Rt:+s}function pr(s){if(typeof s=="string")return s;if(me(s))return sn(s,pr)+"";if(hr(s))return l_?l_.call(s):"";var a=s+"";return a=="0"&&1/s==-1/0?"-0":a}function fs(s,a,u){var _=-1,S=vc,y=s.length,$=!0,X=[],tt=X;if(u)$=!1,S=Ef;else if(y>=i){var gt=a?null:cL(s);if(gt)return Ac(gt);$=!1,S=qa,tt=new Ks}else tt=a?[]:X;t:for(;++_<y;){var Tt=s[_],Ot=a?a(Tt):Tt;if(Tt=u||Tt!==0?Tt:0,$&&Ot===Ot){for(var Ut=tt.length;Ut--;)if(tt[Ut]===Ot)continue t;a&&tt.push(Ot),X.push(Tt)}else S(tt,Ot,u)||(tt!==X&&tt.push(Ot),X.push(Tt))}return X}function Vf(s,a){return a=ps(a,s),s=iE(s,a),s==null||delete s[di(Ir(a))]}function x_(s,a,u,_){return sl(s,a,u(qs(s,a)),_)}function Fc(s,a,u,_){for(var S=s.length,y=_?S:-1;(_?y--:++y<S)&&a(s[y],y,s););return u?xr(s,_?0:y,_?y+1:S):xr(s,_?y+1:0,_?S:y)}function I_(s,a){var u=s;return u instanceof ye&&(u=u.value()),gf(a,function(_,S){return S.func.apply(S.thisArg,ls([_],S.args))},u)}function zf(s,a,u){var _=s.length;if(_<2)return _?fs(s[0]):[];for(var S=-1,y=lt(_);++S<_;)for(var $=s[S],X=-1;++X<_;)X!=S&&(y[S]=nl(y[S]||$,s[X],a,u));return fs(Cn(y,1),a,u)}function k_(s,a,u){for(var _=-1,S=s.length,y=a.length,$={};++_<S;){var X=_<y?a[_]:n;u($,s[_],X)}return $}function Gf(s){return mn(s)?s:[]}function Xf(s){return typeof s=="function"?s:nr}function ps(s,a){return me(s)?s:ep(s,a)?[s]:lE(Ue(s))}var ZO=ve;function hs(s,a,u){var _=s.length;return u=u===n?_:u,!a&&u>=_?s:xr(s,a,u)}var B_=Ub||function(s){return Nn.clearTimeout(s)};function D_(s,a){if(a)return s.slice();var u=s.length,_=n_?n_(u):new s.constructor(u);return s.copy(_),_}function Kf(s){var a=new s.constructor(s.byteLength);return new Nc(a).set(new Nc(s)),a}function tL(s,a){var u=a?Kf(s.buffer):s.buffer;return new s.constructor(u,s.byteOffset,s.byteLength)}function eL(s){var a=new s.constructor(s.source,dc.exec(s));return a.lastIndex=s.lastIndex,a}function nL(s){return tl?Ye(tl.call(s)):{}}function P_(s,a){var u=a?Kf(s.buffer):s.buffer;return new s.constructor(u,s.byteOffset,s.length)}function M_(s,a){if(s!==a){var u=s!==n,_=s===null,S=s===s,y=hr(s),$=a!==n,X=a===null,tt=a===a,gt=hr(a);if(!X&&!gt&&!y&&s>a||y&&$&&tt&&!X&&!gt||_&&$&&tt||!u&&tt||!S)return 1;if(!_&&!y&&!gt&&s<a||gt&&u&&S&&!_&&!y||X&&u&&S||!$&&S||!tt)return-1}return 0}function rL(s,a,u){for(var _=-1,S=s.criteria,y=a.criteria,$=S.length,X=u.length;++_<$;){var tt=M_(S[_],y[_]);if(tt){if(_>=X)return tt;var gt=u[_];return tt*(gt=="desc"?-1:1)}}return s.index-a.index}function H_(s,a,u,_){for(var S=-1,y=s.length,$=u.length,X=-1,tt=a.length,gt=An(y-$,0),Tt=lt(tt+gt),Ot=!_;++X<tt;)Tt[X]=a[X];for(;++S<$;)(Ot||S<y)&&(Tt[u[S]]=s[S]);for(;gt--;)Tt[X++]=s[S++];return Tt}function W_(s,a,u,_){for(var S=-1,y=s.length,$=-1,X=u.length,tt=-1,gt=a.length,Tt=An(y-X,0),Ot=lt(Tt+gt),Ut=!_;++S<Tt;)Ot[S]=s[S];for(var jt=S;++tt<gt;)Ot[jt+tt]=a[tt];for(;++$<X;)(Ut||S<y)&&(Ot[jt+u[$]]=s[S++]);return Ot}function Zn(s,a){var u=-1,_=s.length;for(a||(a=lt(_));++u<_;)a[u]=s[u];return a}function ui(s,a,u,_){var S=!u;u||(u={});for(var y=-1,$=a.length;++y<$;){var X=a[y],tt=_?_(u[X],s[X],X,u,s):n;tt===n&&(tt=s[X]),S?Di(u,X,tt):el(u,X,tt)}return u}function iL(s,a){return ui(s,tp(s),a)}function sL(s,a){return ui(s,Q_(s),a)}function Vc(s,a){return function(u,_){var S=me(u)?ub:yO,y=a?a():{};return S(u,s,ie(_,2),y)}}function zo(s){return ve(function(a,u){var _=-1,S=u.length,y=S>1?u[S-1]:n,$=S>2?u[2]:n;for(y=s.length>3&&typeof y=="function"?(S--,y):n,$&&Gn(u[0],u[1],$)&&(y=S<3?n:y,S=1),a=Ye(a);++_<S;){var X=u[_];X&&s(a,X,_,y)}return a})}function U_(s,a){return function(u,_){if(u==null)return u;if(!tr(u))return s(u,_);for(var S=u.length,y=a?S:-1,$=Ye(u);(a?y--:++y<S)&&_($[y],y,$)!==!1;);return u}}function $_(s){return function(a,u,_){for(var S=-1,y=Ye(a),$=_(a),X=$.length;X--;){var tt=$[s?X:++S];if(u(y[tt],tt,y)===!1)break}return a}}function oL(s,a,u){var _=a&k,S=ol(s);function y(){var $=this&&this!==Nn&&this instanceof y?S:s;return $.apply(_?u:this,arguments)}return y}function F_(s){return function(a){a=Ue(a);var u=Mo(a)?Kr(a):n,_=u?u[0]:a.charAt(0),S=u?hs(u,1).join(""):a.slice(1);return _[s]()+S}}function Go(s){return function(a){return gf(UE(WE(a).replace(ff,"")),s,"")}}function ol(s){return function(){var a=arguments;switch(a.length){case 0:return new s;case 1:return new s(a[0]);case 2:return new s(a[0],a[1]);case 3:return new s(a[0],a[1],a[2]);case 4:return new s(a[0],a[1],a[2],a[3]);case 5:return new s(a[0],a[1],a[2],a[3],a[4]);case 6:return new s(a[0],a[1],a[2],a[3],a[4],a[5]);case 7:return new s(a[0],a[1],a[2],a[3],a[4],a[5],a[6])}var u=Vo(s.prototype),_=s.apply(u,a);return un(_)?_:u}}function aL(s,a,u){var _=ol(s);function S(){for(var y=arguments.length,$=lt(y),X=y,tt=Xo(S);X--;)$[X]=arguments[X];var gt=y<3&&$[0]!==tt&&$[y-1]!==tt?[]:cs($,tt);if(y-=gt.length,y<u)return K_(s,a,zc,S.placeholder,n,$,gt,n,n,u-y);var Tt=this&&this!==Nn&&this instanceof S?_:s;return dr(Tt,this,$)}return S}function V_(s){return function(a,u,_){var S=Ye(a);if(!tr(a)){var y=ie(u,3);a=On(a),u=function(X){return y(S[X],X,S)}}var $=s(a,u,_);return $>-1?S[y?a[$]:$]:n}}function z_(s){return Mi(function(a){var u=a.length,_=u,S=Cr.prototype.thru;for(s&&a.reverse();_--;){var y=a[_];if(typeof y!="function")throw new Nr(l);if(S&&!$&&Yc(y)=="wrapper")var $=new Cr([],!0)}for(_=$?_:u;++_<u;){y=a[_];var X=Yc(y),tt=X=="wrapper"?Qf(y):n;tt&&np(tt[0])&&tt[1]==(U|K|z|et)&&!tt[4].length&&tt[9]==1?$=$[Yc(tt[0])].apply($,tt[3]):$=y.length==1&&np(y)?$[X]():$.thru(y)}return function(){var gt=arguments,Tt=gt[0];if($&&gt.length==1&&me(Tt))return $.plant(Tt).value();for(var Ot=0,Ut=u?a[Ot].apply(this,gt):Tt;++Ot<u;)Ut=a[Ot].call(this,Ut);return Ut}})}function zc(s,a,u,_,S,y,$,X,tt,gt){var Tt=a&U,Ot=a&k,Ut=a&A,jt=a&(K|g),oe=a&It,Te=Ut?n:ol(s);function ae(){for(var be=arguments.length,Ce=lt(be),mr=be;mr--;)Ce[mr]=arguments[mr];if(jt)var Xn=Xo(ae),_r=Tb(Ce,Xn);if(_&&(Ce=H_(Ce,_,S,jt)),y&&(Ce=W_(Ce,y,$,jt)),be-=_r,jt&&be<gt){var _n=cs(Ce,Xn);return K_(s,a,zc,ae.placeholder,u,Ce,_n,X,tt,gt-be)}var jr=Ot?u:this,$i=Ut?jr[s]:s;return be=Ce.length,X?Ce=yL(Ce,X):oe&&be>1&&Ce.reverse(),Tt&&tt<be&&(Ce.length=tt),this&&this!==Nn&&this instanceof ae&&($i=Te||ol($i)),$i.apply(jr,Ce)}return ae}function G_(s,a){return function(u,_){return DO(u,s,a(_),{})}}function Gc(s,a){return function(u,_){var S;if(u===n&&_===n)return a;if(u!==n&&(S=u),_!==n){if(S===n)return _;typeof u=="string"||typeof _=="string"?(u=pr(u),_=pr(_)):(u=w_(u),_=w_(_)),S=s(u,_)}return S}}function Yf(s){return Mi(function(a){return a=sn(a,fr(ie())),ve(function(u){var _=this;return s(a,function(S){return dr(S,_,u)})})})}function Xc(s,a){a=a===n?" ":pr(a);var u=a.length;if(u<2)return u?$f(a,s):a;var _=$f(a,Ic(s/Ho(a)));return Mo(a)?hs(Kr(_),0,s).join(""):_.slice(0,s)}function lL(s,a,u,_){var S=a&k,y=ol(s);function $(){for(var X=-1,tt=arguments.length,gt=-1,Tt=_.length,Ot=lt(Tt+tt),Ut=this&&this!==Nn&&this instanceof $?y:s;++gt<Tt;)Ot[gt]=_[gt];for(;tt--;)Ot[gt++]=arguments[++X];return dr(Ut,S?u:this,Ot)}return $}function X_(s){return function(a,u,_){return _&&typeof _!="number"&&Gn(a,u,_)&&(u=_=n),a=Ui(a),u===n?(u=a,a=0):u=Ui(u),_=_===n?a<u?1:-1:Ui(_),KO(a,u,_,s)}}function Kc(s){return function(a,u){return typeof a=="string"&&typeof u=="string"||(a=kr(a),u=kr(u)),s(a,u)}}function K_(s,a,u,_,S,y,$,X,tt,gt){var Tt=a&K,Ot=Tt?$:n,Ut=Tt?n:$,jt=Tt?y:n,oe=Tt?n:y;a|=Tt?z:x,a&=~(Tt?x:z),a&N||(a&=-4);var Te=[s,a,S,jt,Ot,oe,Ut,X,tt,gt],ae=u.apply(n,Te);return np(s)&&sE(ae,Te),ae.placeholder=_,oE(ae,s,a)}function qf(s){var a=Sn[s];return function(u,_){if(u=kr(u),_=_==null?0:Bn(ge(_),292),_&&o_(u)){var S=(Ue(u)+"e").split("e"),y=a(S[0]+"e"+(+S[1]+_));return S=(Ue(y)+"e").split("e"),+(S[0]+"e"+(+S[1]-_))}return a(u)}}var cL=$o&&1/Ac(new $o([,-0]))[1]==W?function(s){return new $o(s)}:Ep;function Y_(s){return function(a){var u=Dn(a);return u==it?Of(a):u==ut?Lb(a):gb(a,s(a))}}function Pi(s,a,u,_,S,y,$,X){var tt=a&A;if(!tt&&typeof s!="function")throw new Nr(l);var gt=_?_.length:0;if(gt||(a&=-97,_=S=n),$=$===n?$:An(ge($),0),X=X===n?X:ge(X),gt-=S?S.length:0,a&x){var Tt=_,Ot=S;_=S=n}var Ut=tt?n:Qf(s),jt=[s,a,u,_,S,Tt,Ot,y,$,X];if(Ut&&bL(jt,Ut),s=jt[0],a=jt[1],u=jt[2],_=jt[3],S=jt[4],X=jt[9]=jt[9]===n?tt?0:s.length:An(jt[9]-gt,0),!X&&a&(K|g)&&(a&=-25),!a||a==k)var oe=oL(s,a,u);else a==K||a==g?oe=aL(s,a,X):(a==z||a==(k|z))&&!S.length?oe=lL(s,a,u,_):oe=zc.apply(n,jt);var Te=Ut?N_:sE;return oE(Te(oe,jt),s,a)}function q_(s,a,u,_){return s===n||qr(s,Uo[u])&&!Ve.call(_,u)?a:s}function j_(s,a,u,_,S,y){return un(s)&&un(a)&&(y.set(a,s),Uc(s,a,n,j_,y),y.delete(a)),s}function uL(s){return cl(s)?n:s}function J_(s,a,u,_,S,y){var $=u&I,X=s.length,tt=a.length;if(X!=tt&&!($&&tt>X))return!1;var gt=y.get(s),Tt=y.get(a);if(gt&&Tt)return gt==a&&Tt==s;var Ot=-1,Ut=!0,jt=u&b?new Ks:n;for(y.set(s,a),y.set(a,s);++Ot<X;){var oe=s[Ot],Te=a[Ot];if(_)var ae=$?_(Te,oe,Ot,a,s,y):_(oe,Te,Ot,s,a,y);if(ae!==n){if(ae)continue;Ut=!1;break}if(jt){if(!Tf(a,function(be,Ce){if(!qa(jt,Ce)&&(oe===be||S(oe,be,u,_,y)))return jt.push(Ce)})){Ut=!1;break}}else if(!(oe===Te||S(oe,Te,u,_,y))){Ut=!1;break}}return y.delete(s),y.delete(a),Ut}function dL(s,a,u,_,S,y,$){switch(u){case ce:if(s.byteLength!=a.byteLength||s.byteOffset!=a.byteOffset)return!1;s=s.buffer,a=a.buffer;case fe:return!(s.byteLength!=a.byteLength||!y(new Nc(s),new Nc(a)));case ne:case He:case vt:return qr(+s,+a);case ln:return s.name==a.name&&s.message==a.message;case ft:case Ht:return s==a+"";case it:var X=Of;case ut:var tt=_&I;if(X||(X=Ac),s.size!=a.size&&!tt)return!1;var gt=$.get(s);if(gt)return gt==a;_|=b,$.set(s,a);var Tt=J_(X(s),X(a),_,S,y,$);return $.delete(s),Tt;case Nt:if(tl)return tl.call(s)==tl.call(a)}return!1}function fL(s,a,u,_,S,y){var $=u&I,X=jf(s),tt=X.length,gt=jf(a),Tt=gt.length;if(tt!=Tt&&!$)return!1;for(var Ot=tt;Ot--;){var Ut=X[Ot];if(!($?Ut in a:Ve.call(a,Ut)))return!1}var jt=y.get(s),oe=y.get(a);if(jt&&oe)return jt==a&&oe==s;var Te=!0;y.set(s,a),y.set(a,s);for(var ae=$;++Ot<tt;){Ut=X[Ot];var be=s[Ut],Ce=a[Ut];if(_)var mr=$?_(Ce,be,Ut,a,s,y):_(be,Ce,Ut,s,a,y);if(!(mr===n?be===Ce||S(be,Ce,u,_,y):mr)){Te=!1;break}ae||(ae=Ut=="constructor")}if(Te&&!ae){var Xn=s.constructor,_r=a.constructor;Xn!=_r&&"constructor"in s&&"constructor"in a&&!(typeof Xn=="function"&&Xn instanceof Xn&&typeof _r=="function"&&_r instanceof _r)&&(Te=!1)}return y.delete(s),y.delete(a),Te}function Mi(s){return ip(rE(s,n,fE),s+"")}function jf(s){return E_(s,On,tp)}function Jf(s){return E_(s,er,Q_)}var Qf=Bc?function(s){return Bc.get(s)}:Ep;function Yc(s){for(var a=s.name+"",u=Fo[a],_=Ve.call(Fo,a)?u.length:0;_--;){var S=u[_],y=S.func;if(y==null||y==s)return S.name}return a}function Xo(s){var a=Ve.call(L,"placeholder")?L:s;return a.placeholder}function ie(){var s=L.iteratee||mp;return s=s===mp?v_:s,arguments.length?s(arguments[0],arguments[1]):s}function qc(s,a){var u=s.__data__;return vL(a)?u[typeof a=="string"?"string":"hash"]:u.map}function Zf(s){for(var a=On(s),u=a.length;u--;){var _=a[u],S=s[_];a[u]=[_,S,eE(S)]}return a}function js(s,a){var u=Rb(s,a);return T_(u)?u:n}function pL(s){var a=Ve.call(s,Gs),u=s[Gs];try{s[Gs]=n;var _=!0}catch{}var S=Lc.call(s);return _&&(a?s[Gs]=u:delete s[Gs]),S}var tp=yf?function(s){return s==null?[]:(s=Ye(s),as(yf(s),function(a){return i_.call(s,a)}))}:gp,Q_=yf?function(s){for(var a=[];s;)ls(a,tp(s)),s=Cc(s);return a}:gp,Dn=zn;(Nf&&Dn(new Nf(new ArrayBuffer(1)))!=ce||Ja&&Dn(new Ja)!=it||Cf&&Dn(Cf.resolve())!=rt||$o&&Dn(new $o)!=ut||Qa&&Dn(new Qa)!=Yt)&&(Dn=function(s){var a=zn(s),u=a==_t?s.constructor:n,_=u?Js(u):"";if(_)switch(_){case qb:return ce;case jb:return it;case Jb:return rt;case Qb:return ut;case Zb:return Yt}return a});function hL(s,a,u){for(var _=-1,S=u.length;++_<S;){var y=u[_],$=y.size;switch(y.type){case"drop":s+=$;break;case"dropRight":a-=$;break;case"take":a=Bn(a,s+$);break;case"takeRight":s=An(s,a-$);break}}return{start:s,end:a}}function mL(s){var a=s.match(Va);return a?a[1].split(za):[]}function Z_(s,a,u){a=ps(a,s);for(var _=-1,S=a.length,y=!1;++_<S;){var $=di(a[_]);if(!(y=s!=null&&u(s,$)))break;s=s[$]}return y||++_!=S?y:(S=s==null?0:s.length,!!S&&nu(S)&&Hi($,S)&&(me(s)||Qs(s)))}function _L(s){var a=s.length,u=new s.constructor(a);return a&&typeof s[0]=="string"&&Ve.call(s,"index")&&(u.index=s.index,u.input=s.input),u}function tE(s){return typeof s.constructor=="function"&&!al(s)?Vo(Cc(s)):{}}function EL(s,a,u){var _=s.constructor;switch(a){case fe:return Kf(s);case ne:case He:return new _(+s);case ce:return tL(s,u);case cn:case nn:case gn:case Tn:case Vn:case M:case at:case St:case Gt:return P_(s,u);case it:return new _;case vt:case Ht:return new _(s);case ft:return eL(s);case ut:return new _;case Nt:return nL(s)}}function gL(s,a){var u=a.length;if(!u)return s;var _=u-1;return a[_]=(u>1?"& ":"")+a[_],a=a.join(u>2?", ":" "),s.replace(Hs,`{
/* [wrapped with `+a+`] */
`)}function TL(s){return me(s)||Qs(s)||!!(s_&&s&&s[s_])}function Hi(s,a){var u=typeof s;return a=a??ct,!!a&&(u=="number"||u!="symbol"&&lf.test(s))&&s>-1&&s%1==0&&s<a}function Gn(s,a,u){if(!un(u))return!1;var _=typeof a;return(_=="number"?tr(u)&&Hi(a,u.length):_=="string"&&a in u)?qr(u[a],s):!1}function ep(s,a){if(me(s))return!1;var u=typeof s;return u=="number"||u=="symbol"||u=="boolean"||s==null||hr(s)?!0:we.test(s)||!De.test(s)||a!=null&&s in Ye(a)}function vL(s){var a=typeof s;return a=="string"||a=="number"||a=="symbol"||a=="boolean"?s!=="__proto__":s===null}function np(s){var a=Yc(s),u=L[a];if(typeof u!="function"||!(a in ye.prototype))return!1;if(s===u)return!0;var _=Qf(u);return!!_&&s===_[0]}function SL(s){return!!e_&&e_ in s}var AL=bc?Wi:Tp;function al(s){var a=s&&s.constructor,u=typeof a=="function"&&a.prototype||Uo;return s===u}function eE(s){return s===s&&!un(s)}function nE(s,a){return function(u){return u==null?!1:u[s]===a&&(a!==n||s in Ye(u))}}function RL(s){var a=tu(s,function(_){return u.size===p&&u.clear(),_}),u=a.cache;return a}function bL(s,a){var u=s[1],_=a[1],S=u|_,y=S<(k|A|U),$=_==U&&u==K||_==U&&u==et&&s[7].length<=a[8]||_==(U|et)&&a[7].length<=a[8]&&u==K;if(!(y||$))return s;_&k&&(s[2]=a[2],S|=u&k?0:N);var X=a[3];if(X){var tt=s[3];s[3]=tt?H_(tt,X,a[4]):X,s[4]=tt?cs(s[3],f):a[4]}return X=a[5],X&&(tt=s[5],s[5]=tt?W_(tt,X,a[6]):X,s[6]=tt?cs(s[5],f):a[6]),X=a[7],X&&(s[7]=X),_&U&&(s[8]=s[8]==null?a[8]:Bn(s[8],a[8])),s[9]==null&&(s[9]=a[9]),s[0]=a[0],s[1]=S,s}function OL(s){var a=[];if(s!=null)for(var u in Ye(s))a.push(u);return a}function LL(s){return Lc.call(s)}function rE(s,a,u){return a=An(a===n?s.length-1:a,0),function(){for(var _=arguments,S=-1,y=An(_.length-a,0),$=lt(y);++S<y;)$[S]=_[a+S];S=-1;for(var X=lt(a+1);++S<a;)X[S]=_[S];return X[a]=u($),dr(s,this,X)}}function iE(s,a){return a.length<2?s:qs(s,xr(a,0,-1))}function yL(s,a){for(var u=s.length,_=Bn(a.length,u),S=Zn(s);_--;){var y=a[_];s[_]=Hi(y,u)?S[y]:n}return s}function rp(s,a){if(!(a==="constructor"&&typeof s[a]=="function")&&a!="__proto__")return s[a]}var sE=aE(N_),ll=Fb||function(s,a){return Nn.setTimeout(s,a)},ip=aE(jO);function oE(s,a,u){var _=a+"";return ip(s,gL(_,NL(mL(_),u)))}function aE(s){var a=0,u=0;return function(){var _=Xb(),S=B-(_-u);if(u=_,S>0){if(++a>=Ct)return arguments[0]}else a=0;return s.apply(n,arguments)}}function jc(s,a){var u=-1,_=s.length,S=_-1;for(a=a===n?_:a;++u<a;){var y=Uf(u,S),$=s[y];s[y]=s[u],s[u]=$}return s.length=a,s}var lE=RL(function(s){var a=[];return s.charCodeAt(0)===46&&a.push(""),s.replace(qt,function(u,_,S,y){a.push(S?y.replace(rf,"$1"):_||u)}),a});function di(s){if(typeof s=="string"||hr(s))return s;var a=s+"";return a=="0"&&1/s==-1/0?"-0":a}function Js(s){if(s!=null){try{return Oc.call(s)}catch{}try{return s+""}catch{}}return""}function NL(s,a){return yr(J,function(u){var _="_."+u[0];a&u[1]&&!vc(s,_)&&s.push(_)}),s.sort()}function cE(s){if(s instanceof ye)return s.clone();var a=new Cr(s.__wrapped__,s.__chain__);return a.__actions__=Zn(s.__actions__),a.__index__=s.__index__,a.__values__=s.__values__,a}function CL(s,a,u){(u?Gn(s,a,u):a===n)?a=1:a=An(ge(a),0);var _=s==null?0:s.length;if(!_||a<1)return[];for(var S=0,y=0,$=lt(Ic(_/a));S<_;)$[y++]=xr(s,S,S+=a);return $}function wL(s){for(var a=-1,u=s==null?0:s.length,_=0,S=[];++a<u;){var y=s[a];y&&(S[_++]=y)}return S}function xL(){var s=arguments.length;if(!s)return[];for(var a=lt(s-1),u=arguments[0],_=s;_--;)a[_-1]=arguments[_];return ls(me(u)?Zn(u):[u],Cn(a,1))}var IL=ve(function(s,a){return mn(s)?nl(s,Cn(a,1,mn,!0)):[]}),kL=ve(function(s,a){var u=Ir(a);return mn(u)&&(u=n),mn(s)?nl(s,Cn(a,1,mn,!0),ie(u,2)):[]}),BL=ve(function(s,a){var u=Ir(a);return mn(u)&&(u=n),mn(s)?nl(s,Cn(a,1,mn,!0),n,u):[]});function DL(s,a,u){var _=s==null?0:s.length;return _?(a=u||a===n?1:ge(a),xr(s,a<0?0:a,_)):[]}function PL(s,a,u){var _=s==null?0:s.length;return _?(a=u||a===n?1:ge(a),a=_-a,xr(s,0,a<0?0:a)):[]}function ML(s,a){return s&&s.length?Fc(s,ie(a,3),!0,!0):[]}function HL(s,a){return s&&s.length?Fc(s,ie(a,3),!0):[]}function WL(s,a,u,_){var S=s==null?0:s.length;return S?(u&&typeof u!="number"&&Gn(s,a,u)&&(u=0,_=S),xO(s,a,u,_)):[]}function uE(s,a,u){var _=s==null?0:s.length;if(!_)return-1;var S=u==null?0:ge(u);return S<0&&(S=An(_+S,0)),Sc(s,ie(a,3),S)}function dE(s,a,u){var _=s==null?0:s.length;if(!_)return-1;var S=_-1;return u!==n&&(S=ge(u),S=u<0?An(_+S,0):Bn(S,_-1)),Sc(s,ie(a,3),S,!0)}function fE(s){var a=s==null?0:s.length;return a?Cn(s,1):[]}function UL(s){var a=s==null?0:s.length;return a?Cn(s,W):[]}function $L(s,a){var u=s==null?0:s.length;return u?(a=a===n?1:ge(a),Cn(s,a)):[]}function FL(s){for(var a=-1,u=s==null?0:s.length,_={};++a<u;){var S=s[a];_[S[0]]=S[1]}return _}function pE(s){return s&&s.length?s[0]:n}function VL(s,a,u){var _=s==null?0:s.length;if(!_)return-1;var S=u==null?0:ge(u);return S<0&&(S=An(_+S,0)),Po(s,a,S)}function zL(s){var a=s==null?0:s.length;return a?xr(s,0,-1):[]}var GL=ve(function(s){var a=sn(s,Gf);return a.length&&a[0]===s[0]?Df(a):[]}),XL=ve(function(s){var a=Ir(s),u=sn(s,Gf);return a===Ir(u)?a=n:u.pop(),u.length&&u[0]===s[0]?Df(u,ie(a,2)):[]}),KL=ve(function(s){var a=Ir(s),u=sn(s,Gf);return a=typeof a=="function"?a:n,a&&u.pop(),u.length&&u[0]===s[0]?Df(u,n,a):[]});function YL(s,a){return s==null?"":zb.call(s,a)}function Ir(s){var a=s==null?0:s.length;return a?s[a-1]:n}function qL(s,a,u){var _=s==null?0:s.length;if(!_)return-1;var S=_;return u!==n&&(S=ge(u),S=S<0?An(_+S,0):Bn(S,_-1)),a===a?Nb(s,a,S):Sc(s,Km,S,!0)}function jL(s,a){return s&&s.length?b_(s,ge(a)):n}var JL=ve(hE);function hE(s,a){return s&&s.length&&a&&a.length?Wf(s,a):s}function QL(s,a,u){return s&&s.length&&a&&a.length?Wf(s,a,ie(u,2)):s}function ZL(s,a,u){return s&&s.length&&a&&a.length?Wf(s,a,n,u):s}var ty=Mi(function(s,a){var u=s==null?0:s.length,_=xf(s,a);return y_(s,sn(a,function(S){return Hi(S,u)?+S:S}).sort(M_)),_});function ey(s,a){var u=[];if(!(s&&s.length))return u;var _=-1,S=[],y=s.length;for(a=ie(a,3);++_<y;){var $=s[_];a($,_,s)&&(u.push($),S.push(_))}return y_(s,S),u}function sp(s){return s==null?s:Yb.call(s)}function ny(s,a,u){var _=s==null?0:s.length;return _?(u&&typeof u!="number"&&Gn(s,a,u)?(a=0,u=_):(a=a==null?0:ge(a),u=u===n?_:ge(u)),xr(s,a,u)):[]}function ry(s,a){return $c(s,a)}function iy(s,a,u){return Ff(s,a,ie(u,2))}function sy(s,a){var u=s==null?0:s.length;if(u){var _=$c(s,a);if(_<u&&qr(s[_],a))return _}return-1}function oy(s,a){return $c(s,a,!0)}function ay(s,a,u){return Ff(s,a,ie(u,2),!0)}function ly(s,a){var u=s==null?0:s.length;if(u){var _=$c(s,a,!0)-1;if(qr(s[_],a))return _}return-1}function cy(s){return s&&s.length?C_(s):[]}function uy(s,a){return s&&s.length?C_(s,ie(a,2)):[]}function dy(s){var a=s==null?0:s.length;return a?xr(s,1,a):[]}function fy(s,a,u){return s&&s.length?(a=u||a===n?1:ge(a),xr(s,0,a<0?0:a)):[]}function py(s,a,u){var _=s==null?0:s.length;return _?(a=u||a===n?1:ge(a),a=_-a,xr(s,a<0?0:a,_)):[]}function hy(s,a){return s&&s.length?Fc(s,ie(a,3),!1,!0):[]}function my(s,a){return s&&s.length?Fc(s,ie(a,3)):[]}var _y=ve(function(s){return fs(Cn(s,1,mn,!0))}),Ey=ve(function(s){var a=Ir(s);return mn(a)&&(a=n),fs(Cn(s,1,mn,!0),ie(a,2))}),gy=ve(function(s){var a=Ir(s);return a=typeof a=="function"?a:n,fs(Cn(s,1,mn,!0),n,a)});function Ty(s){return s&&s.length?fs(s):[]}function vy(s,a){return s&&s.length?fs(s,ie(a,2)):[]}function Sy(s,a){return a=typeof a=="function"?a:n,s&&s.length?fs(s,n,a):[]}function op(s){if(!(s&&s.length))return[];var a=0;return s=as(s,function(u){if(mn(u))return a=An(u.length,a),!0}),Rf(a,function(u){return sn(s,vf(u))})}function mE(s,a){if(!(s&&s.length))return[];var u=op(s);return a==null?u:sn(u,function(_){return dr(a,n,_)})}var Ay=ve(function(s,a){return mn(s)?nl(s,a):[]}),Ry=ve(function(s){return zf(as(s,mn))}),by=ve(function(s){var a=Ir(s);return mn(a)&&(a=n),zf(as(s,mn),ie(a,2))}),Oy=ve(function(s){var a=Ir(s);return a=typeof a=="function"?a:n,zf(as(s,mn),n,a)}),Ly=ve(op);function yy(s,a){return k_(s||[],a||[],el)}function Ny(s,a){return k_(s||[],a||[],sl)}var Cy=ve(function(s){var a=s.length,u=a>1?s[a-1]:n;return u=typeof u=="function"?(s.pop(),u):n,mE(s,u)});function _E(s){var a=L(s);return a.__chain__=!0,a}function wy(s,a){return a(s),s}function Jc(s,a){return a(s)}var xy=Mi(function(s){var a=s.length,u=a?s[0]:0,_=this.__wrapped__,S=function(y){return xf(y,s)};return a>1||this.__actions__.length||!(_ instanceof ye)||!Hi(u)?this.thru(S):(_=_.slice(u,+u+(a?1:0)),_.__actions__.push({func:Jc,args:[S],thisArg:n}),new Cr(_,this.__chain__).thru(function(y){return a&&!y.length&&y.push(n),y}))});function Iy(){return _E(this)}function ky(){return new Cr(this.value(),this.__chain__)}function By(){this.__values__===n&&(this.__values__=wE(this.value()));var s=this.__index__>=this.__values__.length,a=s?n:this.__values__[this.__index__++];return{done:s,value:a}}function Dy(){return this}function Py(s){for(var a,u=this;u instanceof Pc;){var _=cE(u);_.__index__=0,_.__values__=n,a?S.__wrapped__=_:a=_;var S=_;u=u.__wrapped__}return S.__wrapped__=s,a}function My(){var s=this.__wrapped__;if(s instanceof ye){var a=s;return this.__actions__.length&&(a=new ye(this)),a=a.reverse(),a.__actions__.push({func:Jc,args:[sp],thisArg:n}),new Cr(a,this.__chain__)}return this.thru(sp)}function Hy(){return I_(this.__wrapped__,this.__actions__)}var Wy=Vc(function(s,a,u){Ve.call(s,u)?++s[u]:Di(s,u,1)});function Uy(s,a,u){var _=me(s)?Gm:wO;return u&&Gn(s,a,u)&&(a=n),_(s,ie(a,3))}function $y(s,a){var u=me(s)?as:m_;return u(s,ie(a,3))}var Fy=V_(uE),Vy=V_(dE);function zy(s,a){return Cn(Qc(s,a),1)}function Gy(s,a){return Cn(Qc(s,a),W)}function Xy(s,a,u){return u=u===n?1:ge(u),Cn(Qc(s,a),u)}function EE(s,a){var u=me(s)?yr:ds;return u(s,ie(a,3))}function gE(s,a){var u=me(s)?db:h_;return u(s,ie(a,3))}var Ky=Vc(function(s,a,u){Ve.call(s,u)?s[u].push(a):Di(s,u,[a])});function Yy(s,a,u,_){s=tr(s)?s:Yo(s),u=u&&!_?ge(u):0;var S=s.length;return u<0&&(u=An(S+u,0)),ru(s)?u<=S&&s.indexOf(a,u)>-1:!!S&&Po(s,a,u)>-1}var qy=ve(function(s,a,u){var _=-1,S=typeof a=="function",y=tr(s)?lt(s.length):[];return ds(s,function($){y[++_]=S?dr(a,$,u):rl($,a,u)}),y}),jy=Vc(function(s,a,u){Di(s,u,a)});function Qc(s,a){var u=me(s)?sn:S_;return u(s,ie(a,3))}function Jy(s,a,u,_){return s==null?[]:(me(a)||(a=a==null?[]:[a]),u=_?n:u,me(u)||(u=u==null?[]:[u]),O_(s,a,u))}var Qy=Vc(function(s,a,u){s[u?0:1].push(a)},function(){return[[],[]]});function Zy(s,a,u){var _=me(s)?gf:qm,S=arguments.length<3;return _(s,ie(a,4),u,S,ds)}function tN(s,a,u){var _=me(s)?fb:qm,S=arguments.length<3;return _(s,ie(a,4),u,S,h_)}function eN(s,a){var u=me(s)?as:m_;return u(s,eu(ie(a,3)))}function nN(s){var a=me(s)?u_:YO;return a(s)}function rN(s,a,u){(u?Gn(s,a,u):a===n)?a=1:a=ge(a);var _=me(s)?OO:qO;return _(s,a)}function iN(s){var a=me(s)?LO:JO;return a(s)}function sN(s){if(s==null)return 0;if(tr(s))return ru(s)?Ho(s):s.length;var a=Dn(s);return a==it||a==ut?s.size:Mf(s).length}function oN(s,a,u){var _=me(s)?Tf:QO;return u&&Gn(s,a,u)&&(a=n),_(s,ie(a,3))}var aN=ve(function(s,a){if(s==null)return[];var u=a.length;return u>1&&Gn(s,a[0],a[1])?a=[]:u>2&&Gn(a[0],a[1],a[2])&&(a=[a[0]]),O_(s,Cn(a,1),[])}),Zc=$b||function(){return Nn.Date.now()};function lN(s,a){if(typeof a!="function")throw new Nr(l);return s=ge(s),function(){if(--s<1)return a.apply(this,arguments)}}function TE(s,a,u){return a=u?n:a,a=s&&a==null?s.length:a,Pi(s,U,n,n,n,n,a)}function vE(s,a){var u;if(typeof a!="function")throw new Nr(l);return s=ge(s),function(){return--s>0&&(u=a.apply(this,arguments)),s<=1&&(a=n),u}}var ap=ve(function(s,a,u){var _=k;if(u.length){var S=cs(u,Xo(ap));_|=z}return Pi(s,_,a,u,S)}),SE=ve(function(s,a,u){var _=k|A;if(u.length){var S=cs(u,Xo(SE));_|=z}return Pi(a,_,s,u,S)});function AE(s,a,u){a=u?n:a;var _=Pi(s,K,n,n,n,n,n,a);return _.placeholder=AE.placeholder,_}function RE(s,a,u){a=u?n:a;var _=Pi(s,g,n,n,n,n,n,a);return _.placeholder=RE.placeholder,_}function bE(s,a,u){var _,S,y,$,X,tt,gt=0,Tt=!1,Ot=!1,Ut=!0;if(typeof s!="function")throw new Nr(l);a=kr(a)||0,un(u)&&(Tt=!!u.leading,Ot="maxWait"in u,y=Ot?An(kr(u.maxWait)||0,a):y,Ut="trailing"in u?!!u.trailing:Ut);function jt(_n){var jr=_,$i=S;return _=S=n,gt=_n,$=s.apply($i,jr),$}function oe(_n){return gt=_n,X=ll(be,a),Tt?jt(_n):$}function Te(_n){var jr=_n-tt,$i=_n-gt,VE=a-jr;return Ot?Bn(VE,y-$i):VE}function ae(_n){var jr=_n-tt,$i=_n-gt;return tt===n||jr>=a||jr<0||Ot&&$i>=y}function be(){var _n=Zc();if(ae(_n))return Ce(_n);X=ll(be,Te(_n))}function Ce(_n){return X=n,Ut&&_?jt(_n):(_=S=n,$)}function mr(){X!==n&&B_(X),gt=0,_=tt=S=X=n}function Xn(){return X===n?$:Ce(Zc())}function _r(){var _n=Zc(),jr=ae(_n);if(_=arguments,S=this,tt=_n,jr){if(X===n)return oe(tt);if(Ot)return B_(X),X=ll(be,a),jt(tt)}return X===n&&(X=ll(be,a)),$}return _r.cancel=mr,_r.flush=Xn,_r}var cN=ve(function(s,a){return p_(s,1,a)}),uN=ve(function(s,a,u){return p_(s,kr(a)||0,u)});function dN(s){return Pi(s,It)}function tu(s,a){if(typeof s!="function"||a!=null&&typeof a!="function")throw new Nr(l);var u=function(){var _=arguments,S=a?a.apply(this,_):_[0],y=u.cache;if(y.has(S))return y.get(S);var $=s.apply(this,_);return u.cache=y.set(S,$)||y,$};return u.cache=new(tu.Cache||Bi),u}tu.Cache=Bi;function eu(s){if(typeof s!="function")throw new Nr(l);return function(){var a=arguments;switch(a.length){case 0:return!s.call(this);case 1:return!s.call(this,a[0]);case 2:return!s.call(this,a[0],a[1]);case 3:return!s.call(this,a[0],a[1],a[2])}return!s.apply(this,a)}}function fN(s){return vE(2,s)}var pN=ZO(function(s,a){a=a.length==1&&me(a[0])?sn(a[0],fr(ie())):sn(Cn(a,1),fr(ie()));var u=a.length;return ve(function(_){for(var S=-1,y=Bn(_.length,u);++S<y;)_[S]=a[S].call(this,_[S]);return dr(s,this,_)})}),lp=ve(function(s,a){var u=cs(a,Xo(lp));return Pi(s,z,n,a,u)}),OE=ve(function(s,a){var u=cs(a,Xo(OE));return Pi(s,x,n,a,u)}),hN=Mi(function(s,a){return Pi(s,et,n,n,n,a)});function mN(s,a){if(typeof s!="function")throw new Nr(l);return a=a===n?a:ge(a),ve(s,a)}function _N(s,a){if(typeof s!="function")throw new Nr(l);return a=a==null?0:An(ge(a),0),ve(function(u){var _=u[a],S=hs(u,0,a);return _&&ls(S,_),dr(s,this,S)})}function EN(s,a,u){var _=!0,S=!0;if(typeof s!="function")throw new Nr(l);return un(u)&&(_="leading"in u?!!u.leading:_,S="trailing"in u?!!u.trailing:S),bE(s,a,{leading:_,maxWait:a,trailing:S})}function gN(s){return TE(s,1)}function TN(s,a){return lp(Xf(a),s)}function vN(){if(!arguments.length)return[];var s=arguments[0];return me(s)?s:[s]}function SN(s){return wr(s,O)}function AN(s,a){return a=typeof a=="function"?a:n,wr(s,O,a)}function RN(s){return wr(s,E|O)}function bN(s,a){return a=typeof a=="function"?a:n,wr(s,E|O,a)}function ON(s,a){return a==null||f_(s,a,On(a))}function qr(s,a){return s===a||s!==s&&a!==a}var LN=Kc(Bf),yN=Kc(function(s,a){return s>=a}),Qs=g_(function(){return arguments}())?g_:function(s){return pn(s)&&Ve.call(s,"callee")&&!i_.call(s,"callee")},me=lt.isArray,NN=Wm?fr(Wm):PO;function tr(s){return s!=null&&nu(s.length)&&!Wi(s)}function mn(s){return pn(s)&&tr(s)}function CN(s){return s===!0||s===!1||pn(s)&&zn(s)==ne}var ms=Vb||Tp,wN=Um?fr(Um):MO;function xN(s){return pn(s)&&s.nodeType===1&&!cl(s)}function IN(s){if(s==null)return!0;if(tr(s)&&(me(s)||typeof s=="string"||typeof s.splice=="function"||ms(s)||Ko(s)||Qs(s)))return!s.length;var a=Dn(s);if(a==it||a==ut)return!s.size;if(al(s))return!Mf(s).length;for(var u in s)if(Ve.call(s,u))return!1;return!0}function kN(s,a){return il(s,a)}function BN(s,a,u){u=typeof u=="function"?u:n;var _=u?u(s,a):n;return _===n?il(s,a,n,u):!!_}function cp(s){if(!pn(s))return!1;var a=zn(s);return a==ln||a==xe||typeof s.message=="string"&&typeof s.name=="string"&&!cl(s)}function DN(s){return typeof s=="number"&&o_(s)}function Wi(s){if(!un(s))return!1;var a=zn(s);return a==F||a==G||a==Mt||a==ot}function LE(s){return typeof s=="number"&&s==ge(s)}function nu(s){return typeof s=="number"&&s>-1&&s%1==0&&s<=ct}function un(s){var a=typeof s;return s!=null&&(a=="object"||a=="function")}function pn(s){return s!=null&&typeof s=="object"}var yE=$m?fr($m):WO;function PN(s,a){return s===a||Pf(s,a,Zf(a))}function MN(s,a,u){return u=typeof u=="function"?u:n,Pf(s,a,Zf(a),u)}function HN(s){return NE(s)&&s!=+s}function WN(s){if(AL(s))throw new he(o);return T_(s)}function UN(s){return s===null}function $N(s){return s==null}function NE(s){return typeof s=="number"||pn(s)&&zn(s)==vt}function cl(s){if(!pn(s)||zn(s)!=_t)return!1;var a=Cc(s);if(a===null)return!0;var u=Ve.call(a,"constructor")&&a.constructor;return typeof u=="function"&&u instanceof u&&Oc.call(u)==Mb}var up=Fm?fr(Fm):UO;function FN(s){return LE(s)&&s>=-9007199254740991&&s<=ct}var CE=Vm?fr(Vm):$O;function ru(s){return typeof s=="string"||!me(s)&&pn(s)&&zn(s)==Ht}function hr(s){return typeof s=="symbol"||pn(s)&&zn(s)==Nt}var Ko=zm?fr(zm):FO;function VN(s){return s===n}function zN(s){return pn(s)&&Dn(s)==Yt}function GN(s){return pn(s)&&zn(s)==te}var XN=Kc(Hf),KN=Kc(function(s,a){return s<=a});function wE(s){if(!s)return[];if(tr(s))return ru(s)?Kr(s):Zn(s);if(ja&&s[ja])return Ob(s[ja]());var a=Dn(s),u=a==it?Of:a==ut?Ac:Yo;return u(s)}function Ui(s){if(!s)return s===0?s:0;if(s=kr(s),s===W||s===-1/0){var a=s<0?-1:1;return a*bt}return s===s?s:0}function ge(s){var a=Ui(s),u=a%1;return a===a?u?a-u:a:0}function xE(s){return s?Ys(ge(s),0,st):0}function kr(s){if(typeof s=="number")return s;if(hr(s))return Rt;if(un(s)){var a=typeof s.valueOf=="function"?s.valueOf():s;s=un(a)?a+"":a}if(typeof s!="string")return s===0?s:+s;s=jm(s);var u=xo.test(s);return u||af.test(s)?lb(s.slice(2),u?2:8):fc.test(s)?Rt:+s}function IE(s){return ui(s,er(s))}function YN(s){return s?Ys(ge(s),-9007199254740991,ct):s===0?s:0}function Ue(s){return s==null?"":pr(s)}var qN=zo(function(s,a){if(al(a)||tr(a)){ui(a,On(a),s);return}for(var u in a)Ve.call(a,u)&&el(s,u,a[u])}),kE=zo(function(s,a){ui(a,er(a),s)}),iu=zo(function(s,a,u,_){ui(a,er(a),s,_)}),jN=zo(function(s,a,u,_){ui(a,On(a),s,_)}),JN=Mi(xf);function QN(s,a){var u=Vo(s);return a==null?u:d_(u,a)}var ZN=ve(function(s,a){s=Ye(s);var u=-1,_=a.length,S=_>2?a[2]:n;for(S&&Gn(a[0],a[1],S)&&(_=1);++u<_;)for(var y=a[u],$=er(y),X=-1,tt=$.length;++X<tt;){var gt=$[X],Tt=s[gt];(Tt===n||qr(Tt,Uo[gt])&&!Ve.call(s,gt))&&(s[gt]=y[gt])}return s}),tC=ve(function(s){return s.push(n,j_),dr(BE,n,s)});function eC(s,a){return Xm(s,ie(a,3),ci)}function nC(s,a){return Xm(s,ie(a,3),kf)}function rC(s,a){return s==null?s:If(s,ie(a,3),er)}function iC(s,a){return s==null?s:__(s,ie(a,3),er)}function sC(s,a){return s&&ci(s,ie(a,3))}function oC(s,a){return s&&kf(s,ie(a,3))}function aC(s){return s==null?[]:Wc(s,On(s))}function lC(s){return s==null?[]:Wc(s,er(s))}function dp(s,a,u){var _=s==null?n:qs(s,a);return _===n?u:_}function cC(s,a){return s!=null&&Z_(s,a,IO)}function fp(s,a){return s!=null&&Z_(s,a,kO)}var uC=G_(function(s,a,u){a!=null&&typeof a.toString!="function"&&(a=Lc.call(a)),s[a]=u},hp(nr)),dC=G_(function(s,a,u){a!=null&&typeof a.toString!="function"&&(a=Lc.call(a)),Ve.call(s,a)?s[a].push(u):s[a]=[u]},ie),fC=ve(rl);function On(s){return tr(s)?c_(s):Mf(s)}function er(s){return tr(s)?c_(s,!0):VO(s)}function pC(s,a){var u={};return a=ie(a,3),ci(s,function(_,S,y){Di(u,a(_,S,y),_)}),u}function hC(s,a){var u={};return a=ie(a,3),ci(s,function(_,S,y){Di(u,S,a(_,S,y))}),u}var mC=zo(function(s,a,u){Uc(s,a,u)}),BE=zo(function(s,a,u,_){Uc(s,a,u,_)}),_C=Mi(function(s,a){var u={};if(s==null)return u;var _=!1;a=sn(a,function(y){return y=ps(y,s),_||(_=y.length>1),y}),ui(s,Jf(s),u),_&&(u=wr(u,E|R|O,uL));for(var S=a.length;S--;)Vf(u,a[S]);return u});function EC(s,a){return DE(s,eu(ie(a)))}var gC=Mi(function(s,a){return s==null?{}:GO(s,a)});function DE(s,a){if(s==null)return{};var u=sn(Jf(s),function(_){return[_]});return a=ie(a),L_(s,u,function(_,S){return a(_,S[0])})}function TC(s,a,u){a=ps(a,s);var _=-1,S=a.length;for(S||(S=1,s=n);++_<S;){var y=s==null?n:s[di(a[_])];y===n&&(_=S,y=u),s=Wi(y)?y.call(s):y}return s}function vC(s,a,u){return s==null?s:sl(s,a,u)}function SC(s,a,u,_){return _=typeof _=="function"?_:n,s==null?s:sl(s,a,u,_)}var PE=Y_(On),ME=Y_(er);function AC(s,a,u){var _=me(s),S=_||ms(s)||Ko(s);if(a=ie(a,4),u==null){var y=s&&s.constructor;S?u=_?new y:[]:un(s)?u=Wi(y)?Vo(Cc(s)):{}:u={}}return(S?yr:ci)(s,function($,X,tt){return a(u,$,X,tt)}),u}function RC(s,a){return s==null?!0:Vf(s,a)}function bC(s,a,u){return s==null?s:x_(s,a,Xf(u))}function OC(s,a,u,_){return _=typeof _=="function"?_:n,s==null?s:x_(s,a,Xf(u),_)}function Yo(s){return s==null?[]:bf(s,On(s))}function LC(s){return s==null?[]:bf(s,er(s))}function yC(s,a,u){return u===n&&(u=a,a=n),u!==n&&(u=kr(u),u=u===u?u:0),a!==n&&(a=kr(a),a=a===a?a:0),Ys(kr(s),a,u)}function NC(s,a,u){return a=Ui(a),u===n?(u=a,a=0):u=Ui(u),s=kr(s),BO(s,a,u)}function CC(s,a,u){if(u&&typeof u!="boolean"&&Gn(s,a,u)&&(a=u=n),u===n&&(typeof a=="boolean"?(u=a,a=n):typeof s=="boolean"&&(u=s,s=n)),s===n&&a===n?(s=0,a=1):(s=Ui(s),a===n?(a=s,s=0):a=Ui(a)),s>a){var _=s;s=a,a=_}if(u||s%1||a%1){var S=a_();return Bn(s+S*(a-s+ab("1e-"+((S+"").length-1))),a)}return Uf(s,a)}var wC=Go(function(s,a,u){return a=a.toLowerCase(),s+(u?HE(a):a)});function HE(s){return pp(Ue(s).toLowerCase())}function WE(s){return s=Ue(s),s&&s.replace(ai,vb).replace(pf,"")}function xC(s,a,u){s=Ue(s),a=pr(a);var _=s.length;u=u===n?_:Ys(ge(u),0,_);var S=u;return u-=a.length,u>=0&&s.slice(u,S)==a}function IC(s){return s=Ue(s),s&&V.test(s)?s.replace(zr,Sb):s}function kC(s){return s=Ue(s),s&&ue.test(s)?s.replace(zt,"\\$&"):s}var BC=Go(function(s,a,u){return s+(u?"-":"")+a.toLowerCase()}),DC=Go(function(s,a,u){return s+(u?" ":"")+a.toLowerCase()}),PC=F_("toLowerCase");function MC(s,a,u){s=Ue(s),a=ge(a);var _=a?Ho(s):0;if(!a||_>=a)return s;var S=(a-_)/2;return Xc(kc(S),u)+s+Xc(Ic(S),u)}function HC(s,a,u){s=Ue(s),a=ge(a);var _=a?Ho(s):0;return a&&_<a?s+Xc(a-_,u):s}function WC(s,a,u){s=Ue(s),a=ge(a);var _=a?Ho(s):0;return a&&_<a?Xc(a-_,u)+s:s}function UC(s,a,u){return u||a==null?a=0:a&&(a=+a),Kb(Ue(s).replace(dn,""),a||0)}function $C(s,a,u){return(u?Gn(s,a,u):a===n)?a=1:a=ge(a),$f(Ue(s),a)}function FC(){var s=arguments,a=Ue(s[0]);return s.length<3?a:a.replace(s[1],s[2])}var VC=Go(function(s,a,u){return s+(u?"_":"")+a.toLowerCase()});function zC(s,a,u){return u&&typeof u!="number"&&Gn(s,a,u)&&(a=u=n),u=u===n?st:u>>>0,u?(s=Ue(s),s&&(typeof a=="string"||a!=null&&!up(a))&&(a=pr(a),!a&&Mo(s))?hs(Kr(s),0,u):s.split(a,u)):[]}var GC=Go(function(s,a,u){return s+(u?" ":"")+pp(a)});function XC(s,a,u){return s=Ue(s),u=u==null?0:Ys(ge(u),0,s.length),a=pr(a),s.slice(u,u+a.length)==a}function KC(s,a,u){var _=L.templateSettings;u&&Gn(s,a,u)&&(a=n),s=Ue(s),a=iu({},a,_,q_);var S=iu({},a.imports,_.imports,q_),y=On(S),$=bf(S,y),X,tt,gt=0,Tt=a.interpolate||Ws,Ot="__p += '",Ut=Lf((a.escape||Ws).source+"|"+Tt.source+"|"+(Tt===re?sf:Ws).source+"|"+(a.evaluate||Ws).source+"|$","g"),jt="//# sourceURL="+(Ve.call(a,"sourceURL")?(a.sourceURL+"").replace(/\s/g," "):"lodash.templateSources["+ ++nb+"]")+`
`;s.replace(Ut,function(ae,be,Ce,mr,Xn,_r){return Ce||(Ce=mr),Ot+=s.slice(gt,_r).replace(pc,Ab),be&&(X=!0,Ot+=`' +
__e(`+be+`) +
'`),Xn&&(tt=!0,Ot+=`';
`+Xn+`;
__p += '`),Ce&&(Ot+=`' +
((__t = (`+Ce+`)) == null ? '' : __t) +
'`),gt=_r+ae.length,ae}),Ot+=`';
`;var oe=Ve.call(a,"variable")&&a.variable;if(!oe)Ot=`with (obj) {
`+Ot+`
}
`;else if(Ga.test(oe))throw new he(c);Ot=(tt?Ot.replace(Vt,""):Ot).replace(Le,"$1").replace(We,"$1;"),Ot="function("+(oe||"obj")+`) {
`+(oe?"":`obj || (obj = {});
`)+"var __t, __p = ''"+(X?", __e = _.escape":"")+(tt?`, __j = Array.prototype.join;
function print() { __p += __j.call(arguments, '') }
`:`;
`)+Ot+`return __p
}`;var Te=$E(function(){return Pe(y,jt+"return "+Ot).apply(n,$)});if(Te.source=Ot,cp(Te))throw Te;return Te}function YC(s){return Ue(s).toLowerCase()}function qC(s){return Ue(s).toUpperCase()}function jC(s,a,u){if(s=Ue(s),s&&(u||a===n))return jm(s);if(!s||!(a=pr(a)))return s;var _=Kr(s),S=Kr(a),y=Jm(_,S),$=Qm(_,S)+1;return hs(_,y,$).join("")}function JC(s,a,u){if(s=Ue(s),s&&(u||a===n))return s.slice(0,t_(s)+1);if(!s||!(a=pr(a)))return s;var _=Kr(s),S=Qm(_,Kr(a))+1;return hs(_,0,S).join("")}function QC(s,a,u){if(s=Ue(s),s&&(u||a===n))return s.replace(dn,"");if(!s||!(a=pr(a)))return s;var _=Kr(s),S=Jm(_,Kr(a));return hs(_,S).join("")}function ZC(s,a){var u=Bt,_=dt;if(un(a)){var S="separator"in a?a.separator:S;u="length"in a?ge(a.length):u,_="omission"in a?pr(a.omission):_}s=Ue(s);var y=s.length;if(Mo(s)){var $=Kr(s);y=$.length}if(u>=y)return s;var X=u-Ho(_);if(X<1)return _;var tt=$?hs($,0,X).join(""):s.slice(0,X);if(S===n)return tt+_;if($&&(X+=tt.length-X),up(S)){if(s.slice(X).search(S)){var gt,Tt=tt;for(S.global||(S=Lf(S.source,Ue(dc.exec(S))+"g")),S.lastIndex=0;gt=S.exec(Tt);)var Ot=gt.index;tt=tt.slice(0,Ot===n?X:Ot)}}else if(s.indexOf(pr(S),X)!=X){var Ut=tt.lastIndexOf(S);Ut>-1&&(tt=tt.slice(0,Ut))}return tt+_}function t2(s){return s=Ue(s),s&&rn.test(s)?s.replace(Rn,Cb):s}var e2=Go(function(s,a,u){return s+(u?" ":"")+a.toUpperCase()}),pp=F_("toUpperCase");function UE(s,a,u){return s=Ue(s),a=u?n:a,a===n?bb(s)?Ib(s):mb(s):s.match(a)||[]}var $E=ve(function(s,a){try{return dr(s,n,a)}catch(u){return cp(u)?u:new he(u)}}),n2=Mi(function(s,a){return yr(a,function(u){u=di(u),Di(s,u,ap(s[u],s))}),s});function r2(s){var a=s==null?0:s.length,u=ie();return s=a?sn(s,function(_){if(typeof _[1]!="function")throw new Nr(l);return[u(_[0]),_[1]]}):[],ve(function(_){for(var S=-1;++S<a;){var y=s[S];if(dr(y[0],this,_))return dr(y[1],this,_)}})}function i2(s){return CO(wr(s,E))}function hp(s){return function(){return s}}function s2(s,a){return s==null||s!==s?a:s}var o2=z_(),a2=z_(!0);function nr(s){return s}function mp(s){return v_(typeof s=="function"?s:wr(s,E))}function l2(s){return A_(wr(s,E))}function c2(s,a){return R_(s,wr(a,E))}var u2=ve(function(s,a){return function(u){return rl(u,s,a)}}),d2=ve(function(s,a){return function(u){return rl(s,u,a)}});function _p(s,a,u){var _=On(a),S=Wc(a,_);u==null&&!(un(a)&&(S.length||!_.length))&&(u=a,a=s,s=this,S=Wc(a,On(a)));var y=!(un(u)&&"chain"in u)||!!u.chain,$=Wi(s);return yr(S,function(X){var tt=a[X];s[X]=tt,$&&(s.prototype[X]=function(){var gt=this.__chain__;if(y||gt){var Tt=s(this.__wrapped__),Ot=Tt.__actions__=Zn(this.__actions__);return Ot.push({func:tt,args:arguments,thisArg:s}),Tt.__chain__=gt,Tt}return tt.apply(s,ls([this.value()],arguments))})}),s}function f2(){return Nn._===this&&(Nn._=Hb),this}function Ep(){}function p2(s){return s=ge(s),ve(function(a){return b_(a,s)})}var h2=Yf(sn),m2=Yf(Gm),_2=Yf(Tf);function FE(s){return ep(s)?vf(di(s)):XO(s)}function E2(s){return function(a){return s==null?n:qs(s,a)}}var g2=X_(),T2=X_(!0);function gp(){return[]}function Tp(){return!1}function v2(){return{}}function S2(){return""}function A2(){return!0}function R2(s,a){if(s=ge(s),s<1||s>ct)return[];var u=st,_=Bn(s,st);a=ie(a),s-=st;for(var S=Rf(_,a);++u<s;)a(u);return S}function b2(s){return me(s)?sn(s,di):hr(s)?[s]:Zn(lE(Ue(s)))}function O2(s){var a=++Pb;return Ue(s)+a}var L2=Gc(function(s,a){return s+a},0),y2=qf("ceil"),N2=Gc(function(s,a){return s/a},1),C2=qf("floor");function w2(s){return s&&s.length?Hc(s,nr,Bf):n}function x2(s,a){return s&&s.length?Hc(s,ie(a,2),Bf):n}function I2(s){return Ym(s,nr)}function k2(s,a){return Ym(s,ie(a,2))}function B2(s){return s&&s.length?Hc(s,nr,Hf):n}function D2(s,a){return s&&s.length?Hc(s,ie(a,2),Hf):n}var P2=Gc(function(s,a){return s*a},1),M2=qf("round"),H2=Gc(function(s,a){return s-a},0);function W2(s){return s&&s.length?Af(s,nr):0}function U2(s,a){return s&&s.length?Af(s,ie(a,2)):0}return L.after=lN,L.ary=TE,L.assign=qN,L.assignIn=kE,L.assignInWith=iu,L.assignWith=jN,L.at=JN,L.before=vE,L.bind=ap,L.bindAll=n2,L.bindKey=SE,L.castArray=vN,L.chain=_E,L.chunk=CL,L.compact=wL,L.concat=xL,L.cond=r2,L.conforms=i2,L.constant=hp,L.countBy=Wy,L.create=QN,L.curry=AE,L.curryRight=RE,L.debounce=bE,L.defaults=ZN,L.defaultsDeep=tC,L.defer=cN,L.delay=uN,L.difference=IL,L.differenceBy=kL,L.differenceWith=BL,L.drop=DL,L.dropRight=PL,L.dropRightWhile=ML,L.dropWhile=HL,L.fill=WL,L.filter=$y,L.flatMap=zy,L.flatMapDeep=Gy,L.flatMapDepth=Xy,L.flatten=fE,L.flattenDeep=UL,L.flattenDepth=$L,L.flip=dN,L.flow=o2,L.flowRight=a2,L.fromPairs=FL,L.functions=aC,L.functionsIn=lC,L.groupBy=Ky,L.initial=zL,L.intersection=GL,L.intersectionBy=XL,L.intersectionWith=KL,L.invert=uC,L.invertBy=dC,L.invokeMap=qy,L.iteratee=mp,L.keyBy=jy,L.keys=On,L.keysIn=er,L.map=Qc,L.mapKeys=pC,L.mapValues=hC,L.matches=l2,L.matchesProperty=c2,L.memoize=tu,L.merge=mC,L.mergeWith=BE,L.method=u2,L.methodOf=d2,L.mixin=_p,L.negate=eu,L.nthArg=p2,L.omit=_C,L.omitBy=EC,L.once=fN,L.orderBy=Jy,L.over=h2,L.overArgs=pN,L.overEvery=m2,L.overSome=_2,L.partial=lp,L.partialRight=OE,L.partition=Qy,L.pick=gC,L.pickBy=DE,L.property=FE,L.propertyOf=E2,L.pull=JL,L.pullAll=hE,L.pullAllBy=QL,L.pullAllWith=ZL,L.pullAt=ty,L.range=g2,L.rangeRight=T2,L.rearg=hN,L.reject=eN,L.remove=ey,L.rest=mN,L.reverse=sp,L.sampleSize=rN,L.set=vC,L.setWith=SC,L.shuffle=iN,L.slice=ny,L.sortBy=aN,L.sortedUniq=cy,L.sortedUniqBy=uy,L.split=zC,L.spread=_N,L.tail=dy,L.take=fy,L.takeRight=py,L.takeRightWhile=hy,L.takeWhile=my,L.tap=wy,L.throttle=EN,L.thru=Jc,L.toArray=wE,L.toPairs=PE,L.toPairsIn=ME,L.toPath=b2,L.toPlainObject=IE,L.transform=AC,L.unary=gN,L.union=_y,L.unionBy=Ey,L.unionWith=gy,L.uniq=Ty,L.uniqBy=vy,L.uniqWith=Sy,L.unset=RC,L.unzip=op,L.unzipWith=mE,L.update=bC,L.updateWith=OC,L.values=Yo,L.valuesIn=LC,L.without=Ay,L.words=UE,L.wrap=TN,L.xor=Ry,L.xorBy=by,L.xorWith=Oy,L.zip=Ly,L.zipObject=yy,L.zipObjectDeep=Ny,L.zipWith=Cy,L.entries=PE,L.entriesIn=ME,L.extend=kE,L.extendWith=iu,_p(L,L),L.add=L2,L.attempt=$E,L.camelCase=wC,L.capitalize=HE,L.ceil=y2,L.clamp=yC,L.clone=SN,L.cloneDeep=RN,L.cloneDeepWith=bN,L.cloneWith=AN,L.conformsTo=ON,L.deburr=WE,L.defaultTo=s2,L.divide=N2,L.endsWith=xC,L.eq=qr,L.escape=IC,L.escapeRegExp=kC,L.every=Uy,L.find=Fy,L.findIndex=uE,L.findKey=eC,L.findLast=Vy,L.findLastIndex=dE,L.findLastKey=nC,L.floor=C2,L.forEach=EE,L.forEachRight=gE,L.forIn=rC,L.forInRight=iC,L.forOwn=sC,L.forOwnRight=oC,L.get=dp,L.gt=LN,L.gte=yN,L.has=cC,L.hasIn=fp,L.head=pE,L.identity=nr,L.includes=Yy,L.indexOf=VL,L.inRange=NC,L.invoke=fC,L.isArguments=Qs,L.isArray=me,L.isArrayBuffer=NN,L.isArrayLike=tr,L.isArrayLikeObject=mn,L.isBoolean=CN,L.isBuffer=ms,L.isDate=wN,L.isElement=xN,L.isEmpty=IN,L.isEqual=kN,L.isEqualWith=BN,L.isError=cp,L.isFinite=DN,L.isFunction=Wi,L.isInteger=LE,L.isLength=nu,L.isMap=yE,L.isMatch=PN,L.isMatchWith=MN,L.isNaN=HN,L.isNative=WN,L.isNil=$N,L.isNull=UN,L.isNumber=NE,L.isObject=un,L.isObjectLike=pn,L.isPlainObject=cl,L.isRegExp=up,L.isSafeInteger=FN,L.isSet=CE,L.isString=ru,L.isSymbol=hr,L.isTypedArray=Ko,L.isUndefined=VN,L.isWeakMap=zN,L.isWeakSet=GN,L.join=YL,L.kebabCase=BC,L.last=Ir,L.lastIndexOf=qL,L.lowerCase=DC,L.lowerFirst=PC,L.lt=XN,L.lte=KN,L.max=w2,L.maxBy=x2,L.mean=I2,L.meanBy=k2,L.min=B2,L.minBy=D2,L.stubArray=gp,L.stubFalse=Tp,L.stubObject=v2,L.stubString=S2,L.stubTrue=A2,L.multiply=P2,L.nth=jL,L.noConflict=f2,L.noop=Ep,L.now=Zc,L.pad=MC,L.padEnd=HC,L.padStart=WC,L.parseInt=UC,L.random=CC,L.reduce=Zy,L.reduceRight=tN,L.repeat=$C,L.replace=FC,L.result=TC,L.round=M2,L.runInContext=Q,L.sample=nN,L.size=sN,L.snakeCase=VC,L.some=oN,L.sortedIndex=ry,L.sortedIndexBy=iy,L.sortedIndexOf=sy,L.sortedLastIndex=oy,L.sortedLastIndexBy=ay,L.sortedLastIndexOf=ly,L.startCase=GC,L.startsWith=XC,L.subtract=H2,L.sum=W2,L.sumBy=U2,L.template=KC,L.times=R2,L.toFinite=Ui,L.toInteger=ge,L.toLength=xE,L.toLower=YC,L.toNumber=kr,L.toSafeInteger=YN,L.toString=Ue,L.toUpper=qC,L.trim=jC,L.trimEnd=JC,L.trimStart=QC,L.truncate=ZC,L.unescape=t2,L.uniqueId=O2,L.upperCase=e2,L.upperFirst=pp,L.each=EE,L.eachRight=gE,L.first=pE,_p(L,function(){var s={};return ci(L,function(a,u){Ve.call(L.prototype,u)||(s[u]=a)}),s}(),{chain:!1}),L.VERSION=r,yr(["bind","bindKey","curry","curryRight","partial","partialRight"],function(s){L[s].placeholder=L}),yr(["drop","take"],function(s,a){ye.prototype[s]=function(u){u=u===n?1:An(ge(u),0);var _=this.__filtered__&&!a?new ye(this):this.clone();return _.__filtered__?_.__takeCount__=Bn(u,_.__takeCount__):_.__views__.push({size:Bn(u,st),type:s+(_.__dir__<0?"Right":"")}),_},ye.prototype[s+"Right"]=function(u){return this.reverse()[s](u).reverse()}}),yr(["filter","map","takeWhile"],function(s,a){var u=a+1,_=u==q||u==H;ye.prototype[s]=function(S){var y=this.clone();return y.__iteratees__.push({iteratee:ie(S,3),type:u}),y.__filtered__=y.__filtered__||_,y}}),yr(["head","last"],function(s,a){var u="take"+(a?"Right":"");ye.prototype[s]=function(){return this[u](1).value()[0]}}),yr(["initial","tail"],function(s,a){var u="drop"+(a?"":"Right");ye.prototype[s]=function(){return this.__filtered__?new ye(this):this[u](1)}}),ye.prototype.compact=function(){return this.filter(nr)},ye.prototype.find=function(s){return this.filter(s).head()},ye.prototype.findLast=function(s){return this.reverse().find(s)},ye.prototype.invokeMap=ve(function(s,a){return typeof s=="function"?new ye(this):this.map(function(u){return rl(u,s,a)})}),ye.prototype.reject=function(s){return this.filter(eu(ie(s)))},ye.prototype.slice=function(s,a){s=ge(s);var u=this;return u.__filtered__&&(s>0||a<0)?new ye(u):(s<0?u=u.takeRight(-s):s&&(u=u.drop(s)),a!==n&&(a=ge(a),u=a<0?u.dropRight(-a):u.take(a-s)),u)},ye.prototype.takeRightWhile=function(s){return this.reverse().takeWhile(s).reverse()},ye.prototype.toArray=function(){return this.take(st)},ci(ye.prototype,function(s,a){var u=/^(?:filter|find|map|reject)|While$/.test(a),_=/^(?:head|last)$/.test(a),S=L[_?"take"+(a=="last"?"Right":""):a],y=_||/^find/.test(a);S&&(L.prototype[a]=function(){var $=this.__wrapped__,X=_?[1]:arguments,tt=$ instanceof ye,gt=X[0],Tt=tt||me($),Ot=function(be){var Ce=S.apply(L,ls([be],X));return _&&Ut?Ce[0]:Ce};Tt&&u&&typeof gt=="function"&&gt.length!=1&&(tt=Tt=!1);var Ut=this.__chain__,jt=!!this.__actions__.length,oe=y&&!Ut,Te=tt&&!jt;if(!y&&Tt){$=Te?$:new ye(this);var ae=s.apply($,X);return ae.__actions__.push({func:Jc,args:[Ot],thisArg:n}),new Cr(ae,Ut)}return oe&&Te?s.apply(this,X):(ae=this.thru(Ot),oe?_?ae.value()[0]:ae.value():ae)})}),yr(["pop","push","shift","sort","splice","unshift"],function(s){var a=Rc[s],u=/^(?:push|sort|unshift)$/.test(s)?"tap":"thru",_=/^(?:pop|shift)$/.test(s);L.prototype[s]=function(){var S=arguments;if(_&&!this.__chain__){var y=this.value();return a.apply(me(y)?y:[],S)}return this[u](function($){return a.apply(me($)?$:[],S)})}}),ci(ye.prototype,function(s,a){var u=L[a];if(u){var _=u.name+"";Ve.call(Fo,_)||(Fo[_]=[]),Fo[_].push({name:a,func:u})}}),Fo[zc(n,A).name]=[{name:"wrapper",func:n}],ye.prototype.clone=tO,ye.prototype.reverse=eO,ye.prototype.value=nO,L.prototype.at=xy,L.prototype.chain=Iy,L.prototype.commit=ky,L.prototype.next=By,L.prototype.plant=Py,L.prototype.reverse=My,L.prototype.toJSON=L.prototype.valueOf=L.prototype.value=Hy,L.prototype.first=L.prototype.head,ja&&(L.prototype[ja]=Dy),L},Wo=kb();zs?((zs.exports=Wo)._=Wo,mf._=Wo):Nn._=Wo}).call(b6)}(Sl,Sl.exports)),Sl.exports}var L6=O6();const j=fm(L6),y6={name:"splitpanes",emits:["ready","resize","resized","pane-click","pane-maximize","pane-add","pane-remove","splitter-click"],props:{horizontal:{type:Boolean},pushOtherPanes:{type:Boolean,default:!0},dblClickSplitter:{type:Boolean,default:!0},rtl:{type:Boolean,default:!1},firstSplitter:{type:Boolean}},provide(){return{requestUpdate:this.requestUpdate,onPaneAdd:this.onPaneAdd,onPaneRemove:this.onPaneRemove,onPaneClick:this.onPaneClick}},data:()=>({container:null,ready:!1,panes:[],touch:{mouseDown:!1,dragging:!1,activeSplitter:null},splitterTaps:{splitter:null,timeoutId:null}}),computed:{panesCount(){return this.panes.length},indexedPanes(){return this.panes.reduce((t,e)=>(t[e.id]=e)&&t,{})}},methods:{updatePaneComponents(){this.panes.forEach(t=>{t.update&&t.update({[this.horizontal?"height":"width"]:`${this.indexedPanes[t.id].size}%`})})},bindEvents(){document.addEventListener("mousemove",this.onMouseMove,{passive:!1}),document.addEventListener("mouseup",this.onMouseUp),"ontouchstart"in window&&(document.addEventListener("touchmove",this.onMouseMove,{passive:!1}),document.addEventListener("touchend",this.onMouseUp))},unbindEvents(){document.removeEventListener("mousemove",this.onMouseMove,{passive:!1}),document.removeEventListener("mouseup",this.onMouseUp),"ontouchstart"in window&&(document.removeEventListener("touchmove",this.onMouseMove,{passive:!1}),document.removeEventListener("touchend",this.onMouseUp))},onMouseDown(t,e){this.bindEvents(),this.touch.mouseDown=!0,this.touch.activeSplitter=e},onMouseMove(t){this.touch.mouseDown&&(t.preventDefault(),this.touch.dragging=!0,this.calculatePanesSize(this.getCurrentMouseDrag(t)),this.$emit("resize",this.panes.map(e=>({min:e.min,max:e.max,size:e.size}))))},onMouseUp(){this.touch.dragging&&this.$emit("resized",this.panes.map(t=>({min:t.min,max:t.max,size:t.size}))),this.touch.mouseDown=!1,setTimeout(()=>{this.touch.dragging=!1,this.unbindEvents()},100)},onSplitterClick(t,e){"ontouchstart"in window&&(t.preventDefault(),this.dblClickSplitter&&(this.splitterTaps.splitter===e?(clearTimeout(this.splitterTaps.timeoutId),this.splitterTaps.timeoutId=null,this.onSplitterDblClick(t,e),this.splitterTaps.splitter=null):(this.splitterTaps.splitter=e,this.splitterTaps.timeoutId=setTimeout(()=>{this.splitterTaps.splitter=null},500)))),this.touch.dragging||this.$emit("splitter-click",this.panes[e])},onSplitterDblClick(t,e){let n=0;this.panes=this.panes.map((r,i)=>(r.size=i===e?r.max:r.min,i!==e&&(n+=r.min),r)),this.panes[e].size-=n,this.$emit("pane-maximize",this.panes[e]),this.$emit("resized",this.panes.map(r=>({min:r.min,max:r.max,size:r.size})))},onPaneClick(t,e){this.$emit("pane-click",this.indexedPanes[e])},getCurrentMouseDrag(t){const e=this.container.getBoundingClientRect(),{clientX:n,clientY:r}="ontouchstart"in window&&t.touches?t.touches[0]:t;return{x:n-e.left,y:r-e.top}},getCurrentDragPercentage(t){t=t[this.horizontal?"y":"x"];const e=this.container[this.horizontal?"clientHeight":"clientWidth"];return this.rtl&&!this.horizontal&&(t=e-t),t*100/e},calculatePanesSize(t){const e=this.touch.activeSplitter;let n={prevPanesSize:this.sumPrevPanesSize(e),nextPanesSize:this.sumNextPanesSize(e),prevReachedMinPanes:0,nextReachedMinPanes:0};const r=0+(this.pushOtherPanes?0:n.prevPanesSize),i=100-(this.pushOtherPanes?0:n.nextPanesSize),o=Math.max(Math.min(this.getCurrentDragPercentage(t),i),r);let l=[e,e+1],c=this.panes[l[0]]||null,d=this.panes[l[1]]||null;const p=c.max<100&&o>=c.max+n.prevPanesSize,f=d.max<100&&o<=100-(d.max+this.sumNextPanesSize(e+1));if(p||f){p?(c.size=c.max,d.size=Math.max(100-c.max-n.prevPanesSize-n.nextPanesSize,0)):(c.size=Math.max(100-d.max-n.prevPanesSize-this.sumNextPanesSize(e+1),0),d.size=d.max);return}if(this.pushOtherPanes){const E=this.doPushOtherPanes(n,o);if(!E)return;({sums:n,panesToResize:l}=E),c=this.panes[l[0]]||null,d=this.panes[l[1]]||null}c!==null&&(c.size=Math.min(Math.max(o-n.prevPanesSize-n.prevReachedMinPanes,c.min),c.max)),d!==null&&(d.size=Math.min(Math.max(100-o-n.nextPanesSize-n.nextReachedMinPanes,d.min),d.max))},doPushOtherPanes(t,e){const n=this.touch.activeSplitter,r=[n,n+1];return e<t.prevPanesSize+this.panes[r[0]].min&&(r[0]=this.findPrevExpandedPane(n).index,t.prevReachedMinPanes=0,r[0]<n&&this.panes.forEach((i,o)=>{o>r[0]&&o<=n&&(i.size=i.min,t.prevReachedMinPanes+=i.min)}),t.prevPanesSize=this.sumPrevPanesSize(r[0]),r[0]===void 0)?(t.prevReachedMinPanes=0,this.panes[0].size=this.panes[0].min,this.panes.forEach((i,o)=>{o>0&&o<=n&&(i.size=i.min,t.prevReachedMinPanes+=i.min)}),this.panes[r[1]].size=100-t.prevReachedMinPanes-this.panes[0].min-t.prevPanesSize-t.nextPanesSize,null):e>100-t.nextPanesSize-this.panes[r[1]].min&&(r[1]=this.findNextExpandedPane(n).index,t.nextReachedMinPanes=0,r[1]>n+1&&this.panes.forEach((i,o)=>{o>n&&o<r[1]&&(i.size=i.min,t.nextReachedMinPanes+=i.min)}),t.nextPanesSize=this.sumNextPanesSize(r[1]-1),r[1]===void 0)?(t.nextReachedMinPanes=0,this.panes[this.panesCount-1].size=this.panes[this.panesCount-1].min,this.panes.forEach((i,o)=>{o<this.panesCount-1&&o>=n+1&&(i.size=i.min,t.nextReachedMinPanes+=i.min)}),this.panes[r[0]].size=100-t.prevPanesSize-t.nextReachedMinPanes-this.panes[this.panesCount-1].min-t.nextPanesSize,null):{sums:t,panesToResize:r}},sumPrevPanesSize(t){return this.panes.reduce((e,n,r)=>e+(r<t?n.size:0),0)},sumNextPanesSize(t){return this.panes.reduce((e,n,r)=>e+(r>t+1?n.size:0),0)},findPrevExpandedPane(t){return[...this.panes].reverse().find(e=>e.index<t&&e.size>e.min)||{}},findNextExpandedPane(t){return this.panes.find(e=>e.index>t+1&&e.size>e.min)||{}},checkSplitpanesNodes(){Array.from(this.container.children).forEach(t=>{const e=t.classList.contains("splitpanes__pane"),n=t.classList.contains("splitpanes__splitter");!e&&!n&&(t.parentNode.removeChild(t),console.warn("Splitpanes: Only <pane> elements are allowed at the root of <splitpanes>. One of your DOM nodes was removed."))})},addSplitter(t,e,n=!1){const r=t-1,i=document.createElement("div");i.classList.add("splitpanes__splitter"),n||(i.onmousedown=o=>this.onMouseDown(o,r),typeof window<"u"&&"ontouchstart"in window&&(i.ontouchstart=o=>this.onMouseDown(o,r)),i.onclick=o=>this.onSplitterClick(o,r+1)),this.dblClickSplitter&&(i.ondblclick=o=>this.onSplitterDblClick(o,r+1)),e.parentNode.insertBefore(i,e)},removeSplitter(t){t.onmousedown=void 0,t.onclick=void 0,t.ondblclick=void 0,t.parentNode.removeChild(t)},redoSplitters(){const t=Array.from(this.container.children);t.forEach(n=>{n.className.includes("splitpanes__splitter")&&this.removeSplitter(n)});let e=0;t.forEach(n=>{n.className.includes("splitpanes__pane")&&(!e&&this.firstSplitter?this.addSplitter(e,n,!0):e&&this.addSplitter(e,n),e++)})},requestUpdate({target:t,...e}){const n=this.indexedPanes[t._.uid];Object.entries(e).forEach(([r,i])=>n[r]=i)},onPaneAdd(t){let e=-1;Array.from(t.$el.parentNode.children).some(i=>(i.className.includes("splitpanes__pane")&&e++,i===t.$el));const n=parseFloat(t.minSize),r=parseFloat(t.maxSize);this.panes.splice(e,0,{id:t._.uid,index:e,min:isNaN(n)?0:n,max:isNaN(r)?100:r,size:t.size===null?null:parseFloat(t.size),givenSize:t.size,update:t.update}),this.panes.forEach((i,o)=>i.index=o),this.ready&&this.$nextTick(()=>{this.redoSplitters(),this.resetPaneSizes({addedPane:this.panes[e]}),this.$emit("pane-add",{index:e,panes:this.panes.map(i=>({min:i.min,max:i.max,size:i.size}))})})},onPaneRemove(t){const e=this.panes.findIndex(r=>r.id===t._.uid),n=this.panes.splice(e,1)[0];this.panes.forEach((r,i)=>r.index=i),this.$nextTick(()=>{this.redoSplitters(),this.resetPaneSizes({removedPane:{...n,index:e}}),this.$emit("pane-remove",{removed:n,panes:this.panes.map(r=>({min:r.min,max:r.max,size:r.size}))})})},resetPaneSizes(t={}){!t.addedPane&&!t.removedPane?this.initialPanesSizing():this.panes.some(e=>e.givenSize!==null||e.min||e.max<100)?this.equalizeAfterAddOrRemove(t):this.equalize(),this.ready&&this.$emit("resized",this.panes.map(e=>({min:e.min,max:e.max,size:e.size})))},equalize(){const t=100/this.panesCount;let e=0;const n=[],r=[];this.panes.forEach(i=>{i.size=Math.max(Math.min(t,i.max),i.min),e-=i.size,i.size>=i.max&&n.push(i.id),i.size<=i.min&&r.push(i.id)}),e>.1&&this.readjustSizes(e,n,r)},initialPanesSizing(){let t=100;const e=[],n=[];let r=0;this.panes.forEach(o=>{t-=o.size,o.size!==null&&r++,o.size>=o.max&&e.push(o.id),o.size<=o.min&&n.push(o.id)});let i=100;t>.1&&(this.panes.forEach(o=>{o.size===null&&(o.size=Math.max(Math.min(t/(this.panesCount-r),o.max),o.min)),i-=o.size}),i>.1&&this.readjustSizes(t,e,n))},equalizeAfterAddOrRemove({addedPane:t,removedPane:e}={}){let n=100/this.panesCount,r=0;const i=[],o=[];t&&t.givenSize!==null&&(n=(100-t.givenSize)/(this.panesCount-1)),this.panes.forEach(l=>{r-=l.size,l.size>=l.max&&i.push(l.id),l.size<=l.min&&o.push(l.id)}),!(Math.abs(r)<.1)&&(this.panes.forEach(l=>{t&&t.givenSize!==null&&t.id===l.id||(l.size=Math.max(Math.min(n,l.max),l.min)),r-=l.size,l.size>=l.max&&i.push(l.id),l.size<=l.min&&o.push(l.id)}),r>.1&&this.readjustSizes(r,i,o))},readjustSizes(t,e,n){let r;t>0?r=t/(this.panesCount-e.length):r=t/(this.panesCount-n.length),this.panes.forEach((i,o)=>{if(t>0&&!e.includes(i.id)){const l=Math.max(Math.min(i.size+r,i.max),i.min),c=l-i.size;t-=c,i.size=l}else if(!n.includes(i.id)){const l=Math.max(Math.min(i.size+r,i.max),i.min),c=l-i.size;t-=c,i.size=l}i.update({[this.horizontal?"height":"width"]:`${this.indexedPanes[i.id].size}%`})}),Math.abs(t)>.1&&this.$nextTick(()=>{this.ready&&console.warn("Splitpanes: Could not resize panes correctly due to their constraints.")})}},watch:{panes:{deep:!0,immediate:!1,handler(){this.updatePaneComponents()}},horizontal(){this.updatePaneComponents()},firstSplitter(){this.redoSplitters()},dblClickSplitter(t){[...this.container.querySelectorAll(".splitpanes__splitter")].forEach((e,n)=>{e.ondblclick=t?r=>this.onSplitterDblClick(r,n):void 0})}},beforeUnmount(){this.ready=!1},mounted(){this.container=this.$refs.container,this.checkSplitpanesNodes(),this.redoSplitters(),this.resetPaneSizes(),this.$emit("ready"),this.ready=!0},render(){return M0("div",{ref:"container",class:["splitpanes",`splitpanes--${this.horizontal?"horizontal":"vertical"}`,{"splitpanes--dragging":this.touch.dragging}]},this.$slots.default())}},N6=(t,e)=>{const n=t.__vccOpts||t;for(const[r,i]of e)n[r]=i;return n},C6={name:"pane",inject:["requestUpdate","onPaneAdd","onPaneRemove","onPaneClick"],props:{size:{type:[Number,String],default:null},minSize:{type:[Number,String],default:0},maxSize:{type:[Number,String],default:100}},data:()=>({style:{}}),mounted(){this.onPaneAdd(this)},beforeUnmount(){this.onPaneRemove(this)},methods:{update(t){this.style=t}},computed:{sizeNumber(){return this.size||this.size===0?parseFloat(this.size):null},minSizeNumber(){return parseFloat(this.minSize)},maxSizeNumber(){return parseFloat(this.maxSize)}},watch:{sizeNumber(t){this.requestUpdate({target:this,size:t})},minSizeNumber(t){this.requestUpdate({target:this,min:t})},maxSizeNumber(t){this.requestUpdate({target:this,max:t})}}};function w6(t,e,n,r,i,o){return w(),D("div",{class:"splitpanes__pane",onClick:e[0]||(e[0]=l=>o.onPaneClick(l,t._.uid)),style:Qe(t.style)},[vs(t.$slots,"default")],4)}const k1=N6(C6,[["render",w6]]),sd=Symbol("selectedNodeId"),Xd=Symbol("highlightedNodeId"),Ro=Symbol("selectNode"),wo=Symbol("viewOptions"),ii=Symbol("plan");var Hu={exports:{}};/*!
 * clipboard.js v2.0.10
 * https://clipboardjs.com/
 *
 * Licensed MIT © Zeno Rocha
 */var x6=Hu.exports,B1;function I6(){return B1||(B1=1,function(t,e){(function(r,i){t.exports=i()})(x6,function(){return function(){var n={686:function(o,l,c){c.d(l,{default:function(){return Rt}});var d=c(279),p=c.n(d),f=c(370),E=c.n(f),R=c(817),O=c.n(R);function I(st){try{return document.execCommand(st)}catch{return!1}}var b=function(Y){var P=O()(Y);return I("cut"),P},k=b;function A(st){var Y=document.documentElement.getAttribute("dir")==="rtl",P=document.createElement("textarea");P.style.fontSize="12pt",P.style.border="0",P.style.padding="0",P.style.margin="0",P.style.position="absolute",P.style[Y?"right":"left"]="-9999px";var J=window.pageYOffset||document.documentElement.scrollTop;return P.style.top="".concat(J,"px"),P.setAttribute("readonly",""),P.value=st,P}var N=function(Y){var P=arguments.length>1&&arguments[1]!==void 0?arguments[1]:{container:document.body},J="";if(typeof Y=="string"){var Z=A(Y);P.container.appendChild(Z),J=O()(Z),I("copy"),Z.remove()}else J=O()(Y),I("copy");return J},K=N;function g(st){"@babel/helpers - typeof";return typeof Symbol=="function"&&typeof Symbol.iterator=="symbol"?g=function(P){return typeof P}:g=function(P){return P&&typeof Symbol=="function"&&P.constructor===Symbol&&P!==Symbol.prototype?"symbol":typeof P},g(st)}var z=function(){var Y=arguments.length>0&&arguments[0]!==void 0?arguments[0]:{},P=Y.action,J=P===void 0?"copy":P,Z=Y.container,C=Y.target,Mt=Y.text;if(J!=="copy"&&J!=="cut")throw new Error('Invalid "action" value, use either "copy" or "cut"');if(C!==void 0)if(C&&g(C)==="object"&&C.nodeType===1){if(J==="copy"&&C.hasAttribute("disabled"))throw new Error('Invalid "target" attribute. Please use "readonly" instead of "disabled" attribute');if(J==="cut"&&(C.hasAttribute("readonly")||C.hasAttribute("disabled")))throw new Error(`Invalid "target" attribute. You can't cut text from elements with "readonly" or "disabled" attributes`)}else throw new Error('Invalid "target" value, use a valid Element');if(Mt)return K(Mt,{container:Z});if(C)return J==="cut"?k(C):K(C,{container:Z})},x=z;function U(st){"@babel/helpers - typeof";return typeof Symbol=="function"&&typeof Symbol.iterator=="symbol"?U=function(P){return typeof P}:U=function(P){return P&&typeof Symbol=="function"&&P.constructor===Symbol&&P!==Symbol.prototype?"symbol":typeof P},U(st)}function et(st,Y){if(!(st instanceof Y))throw new TypeError("Cannot call a class as a function")}function It(st,Y){for(var P=0;P<Y.length;P++){var J=Y[P];J.enumerable=J.enumerable||!1,J.configurable=!0,"value"in J&&(J.writable=!0),Object.defineProperty(st,J.key,J)}}function Bt(st,Y,P){return Y&&It(st.prototype,Y),P&&It(st,P),st}function dt(st,Y){if(typeof Y!="function"&&Y!==null)throw new TypeError("Super expression must either be null or a function");st.prototype=Object.create(Y&&Y.prototype,{constructor:{value:st,writable:!0,configurable:!0}}),Y&&Ct(st,Y)}function Ct(st,Y){return Ct=Object.setPrototypeOf||function(J,Z){return J.__proto__=Z,J},Ct(st,Y)}function B(st){var Y=H();return function(){var J=W(st),Z;if(Y){var C=W(this).constructor;Z=Reflect.construct(J,arguments,C)}else Z=J.apply(this,arguments);return q(this,Z)}}function q(st,Y){return Y&&(U(Y)==="object"||typeof Y=="function")?Y:At(st)}function At(st){if(st===void 0)throw new ReferenceError("this hasn't been initialised - super() hasn't been called");return st}function H(){if(typeof Reflect>"u"||!Reflect.construct||Reflect.construct.sham)return!1;if(typeof Proxy=="function")return!0;try{return Date.prototype.toString.call(Reflect.construct(Date,[],function(){})),!0}catch{return!1}}function W(st){return W=Object.setPrototypeOf?Object.getPrototypeOf:function(P){return P.__proto__||Object.getPrototypeOf(P)},W(st)}function ct(st,Y){var P="data-clipboard-".concat(st);if(Y.hasAttribute(P))return Y.getAttribute(P)}var bt=function(st){dt(P,st);var Y=B(P);function P(J,Z){var C;return et(this,P),C=Y.call(this),C.resolveOptions(Z),C.listenClick(J),C}return Bt(P,[{key:"resolveOptions",value:function(){var Z=arguments.length>0&&arguments[0]!==void 0?arguments[0]:{};this.action=typeof Z.action=="function"?Z.action:this.defaultAction,this.target=typeof Z.target=="function"?Z.target:this.defaultTarget,this.text=typeof Z.text=="function"?Z.text:this.defaultText,this.container=U(Z.container)==="object"?Z.container:document.body}},{key:"listenClick",value:function(Z){var C=this;this.listener=E()(Z,"click",function(Mt){return C.onClick(Mt)})}},{key:"onClick",value:function(Z){var C=Z.delegateTarget||Z.currentTarget,Mt=this.action(C)||"copy",ne=x({action:Mt,container:this.container,target:this.target(C),text:this.text(C)});this.emit(ne?"success":"error",{action:Mt,text:ne,trigger:C,clearSelection:function(){C&&C.focus(),document.activeElement.blur(),window.getSelection().removeAllRanges()}})}},{key:"defaultAction",value:function(Z){return ct("action",Z)}},{key:"defaultTarget",value:function(Z){var C=ct("target",Z);if(C)return document.querySelector(C)}},{key:"defaultText",value:function(Z){return ct("text",Z)}},{key:"destroy",value:function(){this.listener.destroy()}}],[{key:"copy",value:function(Z){var C=arguments.length>1&&arguments[1]!==void 0?arguments[1]:{container:document.body};return K(Z,C)}},{key:"cut",value:function(Z){return k(Z)}},{key:"isSupported",value:function(){var Z=arguments.length>0&&arguments[0]!==void 0?arguments[0]:["copy","cut"],C=typeof Z=="string"?[Z]:Z,Mt=!!document.queryCommandSupported;return C.forEach(function(ne){Mt=Mt&&!!document.queryCommandSupported(ne)}),Mt}}]),P}(p()),Rt=bt},828:function(o){var l=9;if(typeof Element<"u"&&!Element.prototype.matches){var c=Element.prototype;c.matches=c.matchesSelector||c.mozMatchesSelector||c.msMatchesSelector||c.oMatchesSelector||c.webkitMatchesSelector}function d(p,f){for(;p&&p.nodeType!==l;){if(typeof p.matches=="function"&&p.matches(f))return p;p=p.parentNode}}o.exports=d},438:function(o,l,c){var d=c(828);function p(R,O,I,b,k){var A=E.apply(this,arguments);return R.addEventListener(I,A,k),{destroy:function(){R.removeEventListener(I,A,k)}}}function f(R,O,I,b,k){return typeof R.addEventListener=="function"?p.apply(null,arguments):typeof I=="function"?p.bind(null,document).apply(null,arguments):(typeof R=="string"&&(R=document.querySelectorAll(R)),Array.prototype.map.call(R,function(A){return p(A,O,I,b,k)}))}function E(R,O,I,b){return function(k){k.delegateTarget=d(k.target,O),k.delegateTarget&&b.call(R,k)}}o.exports=f},879:function(o,l){l.node=function(c){return c!==void 0&&c instanceof HTMLElement&&c.nodeType===1},l.nodeList=function(c){var d=Object.prototype.toString.call(c);return c!==void 0&&(d==="[object NodeList]"||d==="[object HTMLCollection]")&&"length"in c&&(c.length===0||l.node(c[0]))},l.string=function(c){return typeof c=="string"||c instanceof String},l.fn=function(c){var d=Object.prototype.toString.call(c);return d==="[object Function]"}},370:function(o,l,c){var d=c(879),p=c(438);function f(I,b,k){if(!I&&!b&&!k)throw new Error("Missing required arguments");if(!d.string(b))throw new TypeError("Second argument must be a String");if(!d.fn(k))throw new TypeError("Third argument must be a Function");if(d.node(I))return E(I,b,k);if(d.nodeList(I))return R(I,b,k);if(d.string(I))return O(I,b,k);throw new TypeError("First argument must be a String, HTMLElement, HTMLCollection, or NodeList")}function E(I,b,k){return I.addEventListener(b,k),{destroy:function(){I.removeEventListener(b,k)}}}function R(I,b,k){return Array.prototype.forEach.call(I,function(A){A.addEventListener(b,k)}),{destroy:function(){Array.prototype.forEach.call(I,function(A){A.removeEventListener(b,k)})}}}function O(I,b,k){return p(document.body,I,b,k)}o.exports=f},817:function(o){function l(c){var d;if(c.nodeName==="SELECT")c.focus(),d=c.value;else if(c.nodeName==="INPUT"||c.nodeName==="TEXTAREA"){var p=c.hasAttribute("readonly");p||c.setAttribute("readonly",""),c.select(),c.setSelectionRange(0,c.value.length),p||c.removeAttribute("readonly"),d=c.value}else{c.hasAttribute("contenteditable")&&c.focus();var f=window.getSelection(),E=document.createRange();E.selectNodeContents(c),f.removeAllRanges(),f.addRange(E),d=f.toString()}return d}o.exports=l},279:function(o){function l(){}l.prototype={on:function(c,d,p){var f=this.e||(this.e={});return(f[c]||(f[c]=[])).push({fn:d,ctx:p}),this},once:function(c,d,p){var f=this;function E(){f.off(c,E),d.apply(p,arguments)}return E._=d,this.on(c,E,p)},emit:function(c){var d=[].slice.call(arguments,1),p=((this.e||(this.e={}))[c]||[]).slice(),f=0,E=p.length;for(f;f<E;f++)p[f].fn.apply(p[f].ctx,d);return this},off:function(c,d){var p=this.e||(this.e={}),f=p[c],E=[];if(f&&d)for(var R=0,O=f.length;R<O;R++)f[R].fn!==d&&f[R].fn._!==d&&E.push(f[R]);return E.length?p[c]=E:delete p[c],this}},o.exports=l,o.exports.TinyEmitter=l}},r={};function i(o){if(r[o])return r[o].exports;var l=r[o]={exports:{}};return n[o](l,l.exports,i),l.exports}return function(){i.n=function(o){var l=o&&o.__esModule?function(){return o.default}:function(){return o};return i.d(l,{a:l}),l}}(),function(){i.d=function(o,l){for(var c in l)i.o(l,c)&&!i.o(o,c)&&Object.defineProperty(o,c,{enumerable:!0,get:l[c]})}}(),function(){i.o=function(o,l){return Object.prototype.hasOwnProperty.call(o,l)}}(),i(686)}().default})}(Hu)),Hu.exports}var k6=I6();const B6=fm(k6),D6=t=>({toClipboard(e,n){return new Promise((r,i)=>{const o=document.createElement("button"),l=new B6(o,{text:()=>e,action:()=>"copy",container:n!==void 0?n:document.body});l.on("success",c=>{l.destroy(),r(c)}),l.on("error",c=>{l.destroy(),i(c)}),document.body.appendChild(o),o.click(),document.body.removeChild(o)})}});/*!
  * vue-tippy v6.6.0
  * (c) 2024 
  * @license MIT
  */var or="top",$r="bottom",Fr="right",ar="left",pm="auto",ac=[or,$r,Fr,ar],La="start",Gl="end",P6="clippingParents",CA="viewport",hl="popper",M6="reference",D1=ac.reduce(function(t,e){return t.concat([e+"-"+La,e+"-"+Gl])},[]),wA=[].concat(ac,[pm]).reduce(function(t,e){return t.concat([e,e+"-"+La,e+"-"+Gl])},[]),H6="beforeRead",W6="read",U6="afterRead",$6="beforeMain",F6="main",V6="afterMain",z6="beforeWrite",G6="write",X6="afterWrite",K6=[H6,W6,U6,$6,F6,V6,z6,G6,X6];function wi(t){return t?(t.nodeName||"").toLowerCase():null}function si(t){if(t==null)return window;if(t.toString()!=="[object Window]"){var e=t.ownerDocument;return e&&e.defaultView||window}return t}function ya(t){var e=si(t).Element;return t instanceof e||t instanceof Element}function Mr(t){var e=si(t).HTMLElement;return t instanceof e||t instanceof HTMLElement}function xA(t){if(typeof ShadowRoot>"u")return!1;var e=si(t).ShadowRoot;return t instanceof e||t instanceof ShadowRoot}function Y6(t){var e=t.state;Object.keys(e.elements).forEach(function(n){var r=e.styles[n]||{},i=e.attributes[n]||{},o=e.elements[n];!Mr(o)||!wi(o)||(Object.assign(o.style,r),Object.keys(i).forEach(function(l){var c=i[l];c===!1?o.removeAttribute(l):o.setAttribute(l,c===!0?"":c)}))})}function q6(t){var e=t.state,n={popper:{position:e.options.strategy,left:"0",top:"0",margin:"0"},arrow:{position:"absolute"},reference:{}};return Object.assign(e.elements.popper.style,n.popper),e.styles=n,e.elements.arrow&&Object.assign(e.elements.arrow.style,n.arrow),function(){Object.keys(e.elements).forEach(function(r){var i=e.elements[r],o=e.attributes[r]||{},l=Object.keys(e.styles.hasOwnProperty(r)?e.styles[r]:n[r]),c=l.reduce(function(d,p){return d[p]="",d},{});!Mr(i)||!wi(i)||(Object.assign(i.style,c),Object.keys(o).forEach(function(d){i.removeAttribute(d)}))})}}var IA={name:"applyStyles",enabled:!0,phase:"write",fn:Y6,effect:q6,requires:["computeStyles"]};function Oi(t){return t.split("-")[0]}var mo=Math.max,od=Math.min,Na=Math.round;function Ca(t,e){e===void 0&&(e=!1);var n=t.getBoundingClientRect(),r=1,i=1;if(Mr(t)&&e){var o=t.offsetHeight,l=t.offsetWidth;l>0&&(r=Na(n.width)/l||1),o>0&&(i=Na(n.height)/o||1)}return{width:n.width/r,height:n.height/i,top:n.top/i,right:n.right/r,bottom:n.bottom/i,left:n.left/r,x:n.left/r,y:n.top/i}}function hm(t){var e=Ca(t),n=t.offsetWidth,r=t.offsetHeight;return Math.abs(e.width-n)<=1&&(n=e.width),Math.abs(e.height-r)<=1&&(r=e.height),{x:t.offsetLeft,y:t.offsetTop,width:n,height:r}}function kA(t,e){var n=e.getRootNode&&e.getRootNode();if(t.contains(e))return!0;if(n&&xA(n)){var r=e;do{if(r&&t.isSameNode(r))return!0;r=r.parentNode||r.host}while(r)}return!1}function xi(t){return si(t).getComputedStyle(t)}function j6(t){return["table","td","th"].indexOf(wi(t))>=0}function Ms(t){return((ya(t)?t.ownerDocument:t.document)||window.document).documentElement}function Kd(t){return wi(t)==="html"?t:t.assignedSlot||t.parentNode||(xA(t)?t.host:null)||Ms(t)}function P1(t){return!Mr(t)||xi(t).position==="fixed"?null:t.offsetParent}function J6(t){var e=navigator.userAgent.toLowerCase().indexOf("firefox")!==-1,n=navigator.userAgent.indexOf("Trident")!==-1;if(n&&Mr(t)){var r=xi(t);if(r.position==="fixed")return null}for(var i=Kd(t);Mr(i)&&["html","body"].indexOf(wi(i))<0;){var o=xi(i);if(o.transform!=="none"||o.perspective!=="none"||o.contain==="paint"||["transform","perspective"].indexOf(o.willChange)!==-1||e&&o.willChange==="filter"||e&&o.filter&&o.filter!=="none")return i;i=i.parentNode}return null}function lc(t){for(var e=si(t),n=P1(t);n&&j6(n)&&xi(n).position==="static";)n=P1(n);return n&&(wi(n)==="html"||wi(n)==="body"&&xi(n).position==="static")?e:n||J6(t)||e}function mm(t){return["top","bottom"].indexOf(t)>=0?"x":"y"}function kl(t,e,n){return mo(t,od(e,n))}function Q6(t,e,n){var r=kl(t,e,n);return r>n?n:r}function BA(){return{top:0,right:0,bottom:0,left:0}}function DA(t){return Object.assign({},BA(),t)}function PA(t,e){return e.reduce(function(n,r){return n[r]=t,n},{})}var Z6=function(e,n){return e=typeof e=="function"?e(Object.assign({},n.rects,{placement:n.placement})):e,DA(typeof e!="number"?e:PA(e,ac))};function tM(t){var e,n=t.state,r=t.name,i=t.options,o=n.elements.arrow,l=n.modifiersData.popperOffsets,c=Oi(n.placement),d=mm(c),p=[ar,Fr].indexOf(c)>=0,f=p?"height":"width";if(!(!o||!l)){var E=Z6(i.padding,n),R=hm(o),O=d==="y"?or:ar,I=d==="y"?$r:Fr,b=n.rects.reference[f]+n.rects.reference[d]-l[d]-n.rects.popper[f],k=l[d]-n.rects.reference[d],A=lc(o),N=A?d==="y"?A.clientHeight||0:A.clientWidth||0:0,K=b/2-k/2,g=E[O],z=N-R[f]-E[I],x=N/2-R[f]/2+K,U=kl(g,x,z),et=d;n.modifiersData[r]=(e={},e[et]=U,e.centerOffset=U-x,e)}}function eM(t){var e=t.state,n=t.options,r=n.element,i=r===void 0?"[data-popper-arrow]":r;i!=null&&(typeof i=="string"&&(i=e.elements.popper.querySelector(i),!i)||kA(e.elements.popper,i)&&(e.elements.arrow=i))}var nM={name:"arrow",enabled:!0,phase:"main",fn:tM,effect:eM,requires:["popperOffsets"],requiresIfExists:["preventOverflow"]};function wa(t){return t.split("-")[1]}var rM={top:"auto",right:"auto",bottom:"auto",left:"auto"};function iM(t){var e=t.x,n=t.y,r=window,i=r.devicePixelRatio||1;return{x:Na(e*i)/i||0,y:Na(n*i)/i||0}}function M1(t){var e,n=t.popper,r=t.popperRect,i=t.placement,o=t.variation,l=t.offsets,c=t.position,d=t.gpuAcceleration,p=t.adaptive,f=t.roundOffsets,E=t.isFixed,R=f===!0?iM(l):typeof f=="function"?f(l):l,O=R.x,I=O===void 0?0:O,b=R.y,k=b===void 0?0:b,A=l.hasOwnProperty("x"),N=l.hasOwnProperty("y"),K=ar,g=or,z=window;if(p){var x=lc(n),U="clientHeight",et="clientWidth";if(x===si(n)&&(x=Ms(n),xi(x).position!=="static"&&c==="absolute"&&(U="scrollHeight",et="scrollWidth")),x=x,i===or||(i===ar||i===Fr)&&o===Gl){g=$r;var It=E&&z.visualViewport?z.visualViewport.height:x[U];k-=It-r.height,k*=d?1:-1}if(i===ar||(i===or||i===$r)&&o===Gl){K=Fr;var Bt=E&&z.visualViewport?z.visualViewport.width:x[et];I-=Bt-r.width,I*=d?1:-1}}var dt=Object.assign({position:c},p&&rM);if(d){var Ct;return Object.assign({},dt,(Ct={},Ct[g]=N?"0":"",Ct[K]=A?"0":"",Ct.transform=(z.devicePixelRatio||1)<=1?"translate("+I+"px, "+k+"px)":"translate3d("+I+"px, "+k+"px, 0)",Ct))}return Object.assign({},dt,(e={},e[g]=N?k+"px":"",e[K]=A?I+"px":"",e.transform="",e))}function sM(t){var e=t.state,n=t.options,r=n.gpuAcceleration,i=r===void 0?!0:r,o=n.adaptive,l=o===void 0?!0:o,c=n.roundOffsets,d=c===void 0?!0:c,p={placement:Oi(e.placement),variation:wa(e.placement),popper:e.elements.popper,popperRect:e.rects.popper,gpuAcceleration:i,isFixed:e.options.strategy==="fixed"};e.modifiersData.popperOffsets!=null&&(e.styles.popper=Object.assign({},e.styles.popper,M1(Object.assign({},p,{offsets:e.modifiersData.popperOffsets,position:e.options.strategy,adaptive:l,roundOffsets:d})))),e.modifiersData.arrow!=null&&(e.styles.arrow=Object.assign({},e.styles.arrow,M1(Object.assign({},p,{offsets:e.modifiersData.arrow,position:"absolute",adaptive:!1,roundOffsets:d})))),e.attributes.popper=Object.assign({},e.attributes.popper,{"data-popper-placement":e.placement})}var oM={name:"computeStyles",enabled:!0,phase:"beforeWrite",fn:sM,data:{}},gu={passive:!0};function aM(t){var e=t.state,n=t.instance,r=t.options,i=r.scroll,o=i===void 0?!0:i,l=r.resize,c=l===void 0?!0:l,d=si(e.elements.popper),p=[].concat(e.scrollParents.reference,e.scrollParents.popper);return o&&p.forEach(function(f){f.addEventListener("scroll",n.update,gu)}),c&&d.addEventListener("resize",n.update,gu),function(){o&&p.forEach(function(f){f.removeEventListener("scroll",n.update,gu)}),c&&d.removeEventListener("resize",n.update,gu)}}var lM={name:"eventListeners",enabled:!0,phase:"write",fn:function(){},effect:aM,data:{}},cM={left:"right",right:"left",bottom:"top",top:"bottom"};function Wu(t){return t.replace(/left|right|bottom|top/g,function(e){return cM[e]})}var uM={start:"end",end:"start"};function H1(t){return t.replace(/start|end/g,function(e){return uM[e]})}function _m(t){var e=si(t),n=e.pageXOffset,r=e.pageYOffset;return{scrollLeft:n,scrollTop:r}}function Em(t){return Ca(Ms(t)).left+_m(t).scrollLeft}function dM(t){var e=si(t),n=Ms(t),r=e.visualViewport,i=n.clientWidth,o=n.clientHeight,l=0,c=0;return r&&(i=r.width,o=r.height,/^((?!chrome|android).)*safari/i.test(navigator.userAgent)||(l=r.offsetLeft,c=r.offsetTop)),{width:i,height:o,x:l+Em(t),y:c}}function fM(t){var e,n=Ms(t),r=_m(t),i=(e=t.ownerDocument)==null?void 0:e.body,o=mo(n.scrollWidth,n.clientWidth,i?i.scrollWidth:0,i?i.clientWidth:0),l=mo(n.scrollHeight,n.clientHeight,i?i.scrollHeight:0,i?i.clientHeight:0),c=-r.scrollLeft+Em(t),d=-r.scrollTop;return xi(i||n).direction==="rtl"&&(c+=mo(n.clientWidth,i?i.clientWidth:0)-o),{width:o,height:l,x:c,y:d}}function gm(t){var e=xi(t),n=e.overflow,r=e.overflowX,i=e.overflowY;return/auto|scroll|overlay|hidden/.test(n+i+r)}function MA(t){return["html","body","#document"].indexOf(wi(t))>=0?t.ownerDocument.body:Mr(t)&&gm(t)?t:MA(Kd(t))}function Bl(t,e){var n;e===void 0&&(e=[]);var r=MA(t),i=r===((n=t.ownerDocument)==null?void 0:n.body),o=si(r),l=i?[o].concat(o.visualViewport||[],gm(r)?r:[]):r,c=e.concat(l);return i?c:c.concat(Bl(Kd(l)))}function jh(t){return Object.assign({},t,{left:t.x,top:t.y,right:t.x+t.width,bottom:t.y+t.height})}function pM(t){var e=Ca(t);return e.top=e.top+t.clientTop,e.left=e.left+t.clientLeft,e.bottom=e.top+t.clientHeight,e.right=e.left+t.clientWidth,e.width=t.clientWidth,e.height=t.clientHeight,e.x=e.left,e.y=e.top,e}function W1(t,e){return e===CA?jh(dM(t)):ya(e)?pM(e):jh(fM(Ms(t)))}function hM(t){var e=Bl(Kd(t)),n=["absolute","fixed"].indexOf(xi(t).position)>=0,r=n&&Mr(t)?lc(t):t;return ya(r)?e.filter(function(i){return ya(i)&&kA(i,r)&&wi(i)!=="body"&&(n?xi(i).position!=="static":!0)}):[]}function mM(t,e,n){var r=e==="clippingParents"?hM(t):[].concat(e),i=[].concat(r,[n]),o=i[0],l=i.reduce(function(c,d){var p=W1(t,d);return c.top=mo(p.top,c.top),c.right=od(p.right,c.right),c.bottom=od(p.bottom,c.bottom),c.left=mo(p.left,c.left),c},W1(t,o));return l.width=l.right-l.left,l.height=l.bottom-l.top,l.x=l.left,l.y=l.top,l}function HA(t){var e=t.reference,n=t.element,r=t.placement,i=r?Oi(r):null,o=r?wa(r):null,l=e.x+e.width/2-n.width/2,c=e.y+e.height/2-n.height/2,d;switch(i){case or:d={x:l,y:e.y-n.height};break;case $r:d={x:l,y:e.y+e.height};break;case Fr:d={x:e.x+e.width,y:c};break;case ar:d={x:e.x-n.width,y:c};break;default:d={x:e.x,y:e.y}}var p=i?mm(i):null;if(p!=null){var f=p==="y"?"height":"width";switch(o){case La:d[p]=d[p]-(e[f]/2-n[f]/2);break;case Gl:d[p]=d[p]+(e[f]/2-n[f]/2);break}}return d}function Xl(t,e){e===void 0&&(e={});var n=e,r=n.placement,i=r===void 0?t.placement:r,o=n.boundary,l=o===void 0?P6:o,c=n.rootBoundary,d=c===void 0?CA:c,p=n.elementContext,f=p===void 0?hl:p,E=n.altBoundary,R=E===void 0?!1:E,O=n.padding,I=O===void 0?0:O,b=DA(typeof I!="number"?I:PA(I,ac)),k=f===hl?M6:hl,A=t.rects.popper,N=t.elements[R?k:f],K=mM(ya(N)?N:N.contextElement||Ms(t.elements.popper),l,d),g=Ca(t.elements.reference),z=HA({reference:g,element:A,placement:i}),x=jh(Object.assign({},A,z)),U=f===hl?x:g,et={top:K.top-U.top+b.top,bottom:U.bottom-K.bottom+b.bottom,left:K.left-U.left+b.left,right:U.right-K.right+b.right},It=t.modifiersData.offset;if(f===hl&&It){var Bt=It[i];Object.keys(et).forEach(function(dt){var Ct=[Fr,$r].indexOf(dt)>=0?1:-1,B=[or,$r].indexOf(dt)>=0?"y":"x";et[dt]+=Bt[B]*Ct})}return et}function _M(t,e){e===void 0&&(e={});var n=e,r=n.placement,i=n.boundary,o=n.rootBoundary,l=n.padding,c=n.flipVariations,d=n.allowedAutoPlacements,p=d===void 0?wA:d,f=wa(r),E=f?c?D1:D1.filter(function(I){return wa(I)===f}):ac,R=E.filter(function(I){return p.indexOf(I)>=0});R.length===0&&(R=E);var O=R.reduce(function(I,b){return I[b]=Xl(t,{placement:b,boundary:i,rootBoundary:o,padding:l})[Oi(b)],I},{});return Object.keys(O).sort(function(I,b){return O[I]-O[b]})}function EM(t){if(Oi(t)===pm)return[];var e=Wu(t);return[H1(t),e,H1(e)]}function gM(t){var e=t.state,n=t.options,r=t.name;if(!e.modifiersData[r]._skip){for(var i=n.mainAxis,o=i===void 0?!0:i,l=n.altAxis,c=l===void 0?!0:l,d=n.fallbackPlacements,p=n.padding,f=n.boundary,E=n.rootBoundary,R=n.altBoundary,O=n.flipVariations,I=O===void 0?!0:O,b=n.allowedAutoPlacements,k=e.options.placement,A=Oi(k),N=A===k,K=d||(N||!I?[Wu(k)]:EM(k)),g=[k].concat(K).reduce(function(J,Z){return J.concat(Oi(Z)===pm?_M(e,{placement:Z,boundary:f,rootBoundary:E,padding:p,flipVariations:I,allowedAutoPlacements:b}):Z)},[]),z=e.rects.reference,x=e.rects.popper,U=new Map,et=!0,It=g[0],Bt=0;Bt<g.length;Bt++){var dt=g[Bt],Ct=Oi(dt),B=wa(dt)===La,q=[or,$r].indexOf(Ct)>=0,At=q?"width":"height",H=Xl(e,{placement:dt,boundary:f,rootBoundary:E,altBoundary:R,padding:p}),W=q?B?Fr:ar:B?$r:or;z[At]>x[At]&&(W=Wu(W));var ct=Wu(W),bt=[];if(o&&bt.push(H[Ct]<=0),c&&bt.push(H[W]<=0,H[ct]<=0),bt.every(function(J){return J})){It=dt,et=!1;break}U.set(dt,bt)}if(et)for(var Rt=I?3:1,st=function(Z){var C=g.find(function(Mt){var ne=U.get(Mt);if(ne)return ne.slice(0,Z).every(function(He){return He})});if(C)return It=C,"break"},Y=Rt;Y>0;Y--){var P=st(Y);if(P==="break")break}e.placement!==It&&(e.modifiersData[r]._skip=!0,e.placement=It,e.reset=!0)}}var TM={name:"flip",enabled:!0,phase:"main",fn:gM,requiresIfExists:["offset"],data:{_skip:!1}};function U1(t,e,n){return n===void 0&&(n={x:0,y:0}),{top:t.top-e.height-n.y,right:t.right-e.width+n.x,bottom:t.bottom-e.height+n.y,left:t.left-e.width-n.x}}function $1(t){return[or,Fr,$r,ar].some(function(e){return t[e]>=0})}function vM(t){var e=t.state,n=t.name,r=e.rects.reference,i=e.rects.popper,o=e.modifiersData.preventOverflow,l=Xl(e,{elementContext:"reference"}),c=Xl(e,{altBoundary:!0}),d=U1(l,r),p=U1(c,i,o),f=$1(d),E=$1(p);e.modifiersData[n]={referenceClippingOffsets:d,popperEscapeOffsets:p,isReferenceHidden:f,hasPopperEscaped:E},e.attributes.popper=Object.assign({},e.attributes.popper,{"data-popper-reference-hidden":f,"data-popper-escaped":E})}var SM={name:"hide",enabled:!0,phase:"main",requiresIfExists:["preventOverflow"],fn:vM};function AM(t,e,n){var r=Oi(t),i=[ar,or].indexOf(r)>=0?-1:1,o=typeof n=="function"?n(Object.assign({},e,{placement:t})):n,l=o[0],c=o[1];return l=l||0,c=(c||0)*i,[ar,Fr].indexOf(r)>=0?{x:c,y:l}:{x:l,y:c}}function RM(t){var e=t.state,n=t.options,r=t.name,i=n.offset,o=i===void 0?[0,0]:i,l=wA.reduce(function(f,E){return f[E]=AM(E,e.rects,o),f},{}),c=l[e.placement],d=c.x,p=c.y;e.modifiersData.popperOffsets!=null&&(e.modifiersData.popperOffsets.x+=d,e.modifiersData.popperOffsets.y+=p),e.modifiersData[r]=l}var bM={name:"offset",enabled:!0,phase:"main",requires:["popperOffsets"],fn:RM};function OM(t){var e=t.state,n=t.name;e.modifiersData[n]=HA({reference:e.rects.reference,element:e.rects.popper,placement:e.placement})}var LM={name:"popperOffsets",enabled:!0,phase:"read",fn:OM,data:{}};function yM(t){return t==="x"?"y":"x"}function NM(t){var e=t.state,n=t.options,r=t.name,i=n.mainAxis,o=i===void 0?!0:i,l=n.altAxis,c=l===void 0?!1:l,d=n.boundary,p=n.rootBoundary,f=n.altBoundary,E=n.padding,R=n.tether,O=R===void 0?!0:R,I=n.tetherOffset,b=I===void 0?0:I,k=Xl(e,{boundary:d,rootBoundary:p,padding:E,altBoundary:f}),A=Oi(e.placement),N=wa(e.placement),K=!N,g=mm(A),z=yM(g),x=e.modifiersData.popperOffsets,U=e.rects.reference,et=e.rects.popper,It=typeof b=="function"?b(Object.assign({},e.rects,{placement:e.placement})):b,Bt=typeof It=="number"?{mainAxis:It,altAxis:It}:Object.assign({mainAxis:0,altAxis:0},It),dt=e.modifiersData.offset?e.modifiersData.offset[e.placement]:null,Ct={x:0,y:0};if(x){if(o){var B,q=g==="y"?or:ar,At=g==="y"?$r:Fr,H=g==="y"?"height":"width",W=x[g],ct=W+k[q],bt=W-k[At],Rt=O?-et[H]/2:0,st=N===La?U[H]:et[H],Y=N===La?-et[H]:-U[H],P=e.elements.arrow,J=O&&P?hm(P):{width:0,height:0},Z=e.modifiersData["arrow#persistent"]?e.modifiersData["arrow#persistent"].padding:BA(),C=Z[q],Mt=Z[At],ne=kl(0,U[H],J[H]),He=K?U[H]/2-Rt-ne-C-Bt.mainAxis:st-ne-C-Bt.mainAxis,xe=K?-U[H]/2+Rt+ne+Mt+Bt.mainAxis:Y+ne+Mt+Bt.mainAxis,ln=e.elements.arrow&&lc(e.elements.arrow),F=ln?g==="y"?ln.clientTop||0:ln.clientLeft||0:0,G=(B=dt?.[g])!=null?B:0,it=W+He-G-F,vt=W+xe-G,Et=kl(O?od(ct,it):ct,W,O?mo(bt,vt):bt);x[g]=Et,Ct[g]=Et-W}if(c){var _t,rt=g==="x"?or:ar,ot=g==="x"?$r:Fr,ft=x[z],ut=z==="y"?"height":"width",Ht=ft+k[rt],Nt=ft-k[ot],Ft=[or,ar].indexOf(A)!==-1,Yt=(_t=dt?.[z])!=null?_t:0,te=Ft?Ht:ft-U[ut]-et[ut]-Yt+Bt.altAxis,fe=Ft?ft+U[ut]+et[ut]-Yt-Bt.altAxis:Nt,ce=O&&Ft?Q6(te,ft,fe):kl(O?te:Ht,ft,O?fe:Nt);x[z]=ce,Ct[z]=ce-ft}e.modifiersData[r]=Ct}}var CM={name:"preventOverflow",enabled:!0,phase:"main",fn:NM,requiresIfExists:["offset"]};function wM(t){return{scrollLeft:t.scrollLeft,scrollTop:t.scrollTop}}function xM(t){return t===si(t)||!Mr(t)?_m(t):wM(t)}function IM(t){var e=t.getBoundingClientRect(),n=Na(e.width)/t.offsetWidth||1,r=Na(e.height)/t.offsetHeight||1;return n!==1||r!==1}function kM(t,e,n){n===void 0&&(n=!1);var r=Mr(e),i=Mr(e)&&IM(e),o=Ms(e),l=Ca(t,i),c={scrollLeft:0,scrollTop:0},d={x:0,y:0};return(r||!r&&!n)&&((wi(e)!=="body"||gm(o))&&(c=xM(e)),Mr(e)?(d=Ca(e,!0),d.x+=e.clientLeft,d.y+=e.clientTop):o&&(d.x=Em(o))),{x:l.left+c.scrollLeft-d.x,y:l.top+c.scrollTop-d.y,width:l.width,height:l.height}}function BM(t){var e=new Map,n=new Set,r=[];t.forEach(function(o){e.set(o.name,o)});function i(o){n.add(o.name);var l=[].concat(o.requires||[],o.requiresIfExists||[]);l.forEach(function(c){if(!n.has(c)){var d=e.get(c);d&&i(d)}}),r.push(o)}return t.forEach(function(o){n.has(o.name)||i(o)}),r}function DM(t){var e=BM(t);return K6.reduce(function(n,r){return n.concat(e.filter(function(i){return i.phase===r}))},[])}function PM(t){var e;return function(){return e||(e=new Promise(function(n){Promise.resolve().then(function(){e=void 0,n(t())})})),e}}function MM(t){var e=t.reduce(function(n,r){var i=n[r.name];return n[r.name]=i?Object.assign({},i,r,{options:Object.assign({},i.options,r.options),data:Object.assign({},i.data,r.data)}):r,n},{});return Object.keys(e).map(function(n){return e[n]})}var F1={placement:"bottom",modifiers:[],strategy:"absolute"};function V1(){for(var t=arguments.length,e=new Array(t),n=0;n<t;n++)e[n]=arguments[n];return!e.some(function(r){return!(r&&typeof r.getBoundingClientRect=="function")})}function HM(t){t===void 0&&(t={});var e=t,n=e.defaultModifiers,r=n===void 0?[]:n,i=e.defaultOptions,o=i===void 0?F1:i;return function(c,d,p){p===void 0&&(p=o);var f={placement:"bottom",orderedModifiers:[],options:Object.assign({},F1,o),modifiersData:{},elements:{reference:c,popper:d},attributes:{},styles:{}},E=[],R=!1,O={state:f,setOptions:function(A){var N=typeof A=="function"?A(f.options):A;b(),f.options=Object.assign({},o,f.options,N),f.scrollParents={reference:ya(c)?Bl(c):c.contextElement?Bl(c.contextElement):[],popper:Bl(d)};var K=DM(MM([].concat(r,f.options.modifiers)));return f.orderedModifiers=K.filter(function(g){return g.enabled}),I(),O.update()},forceUpdate:function(){if(!R){var A=f.elements,N=A.reference,K=A.popper;if(V1(N,K)){f.rects={reference:kM(N,lc(K),f.options.strategy==="fixed"),popper:hm(K)},f.reset=!1,f.placement=f.options.placement,f.orderedModifiers.forEach(function(Bt){return f.modifiersData[Bt.name]=Object.assign({},Bt.data)});for(var g=0;g<f.orderedModifiers.length;g++){if(f.reset===!0){f.reset=!1,g=-1;continue}var z=f.orderedModifiers[g],x=z.fn,U=z.options,et=U===void 0?{}:U,It=z.name;typeof x=="function"&&(f=x({state:f,options:et,name:It,instance:O})||f)}}}},update:PM(function(){return new Promise(function(k){O.forceUpdate(),k(f)})}),destroy:function(){b(),R=!0}};if(!V1(c,d))return O;O.setOptions(p).then(function(k){!R&&p.onFirstUpdate&&p.onFirstUpdate(k)});function I(){f.orderedModifiers.forEach(function(k){var A=k.name,N=k.options,K=N===void 0?{}:N,g=k.effect;if(typeof g=="function"){var z=g({state:f,name:A,instance:O,options:K}),x=function(){};E.push(z||x)}})}function b(){E.forEach(function(k){return k()}),E=[]}return O}}var WM=[lM,LM,oM,IA,bM,TM,CM,nM,SM],UM=HM({defaultModifiers:WM}),$M="tippy-box",WA="tippy-content",UA="tippy-backdrop",$A="tippy-arrow",FA="tippy-svg-arrow",ro={passive:!0,capture:!0},VA=function(){return document.body};function Qp(t,e,n){if(Array.isArray(t)){var r=t[e];return r??(Array.isArray(n)?n[e]:n)}return t}function Tm(t,e){var n={}.toString.call(t);return n.indexOf("[object")===0&&n.indexOf(e+"]")>-1}function zA(t,e){return typeof t=="function"?t.apply(void 0,e):t}function z1(t,e){if(e===0)return t;var n;return function(r){clearTimeout(n),n=setTimeout(function(){t(r)},e)}}function FM(t){return t.split(/\s+/).filter(Boolean)}function ra(t){return[].concat(t)}function G1(t,e){t.indexOf(e)===-1&&t.push(e)}function VM(t){return t.filter(function(e,n){return t.indexOf(e)===n})}function GA(t){return t.split("-")[0]}function xa(t){return[].slice.call(t)}function X1(t){return Object.keys(t).reduce(function(e,n){return t[n]!==void 0&&(e[n]=t[n]),e},{})}function pa(){return document.createElement("div")}function Yd(t){return["Element","Fragment"].some(function(e){return Tm(t,e)})}function zM(t){return Tm(t,"NodeList")}function vm(t){return Tm(t,"MouseEvent")}function GM(t){return!!(t&&t._tippy&&t._tippy.reference===t)}function XM(t){return Yd(t)?[t]:zM(t)?xa(t):Array.isArray(t)?t:xa(document.querySelectorAll(t))}function Zp(t,e){t.forEach(function(n){n&&(n.style.transitionDuration=e+"ms")})}function Kl(t,e){t.forEach(function(n){n&&n.setAttribute("data-state",e)})}function XA(t){var e,n=ra(t),r=n[0];return r!=null&&(e=r.ownerDocument)!=null&&e.body?r.ownerDocument:document}function KM(t,e){var n=e.clientX,r=e.clientY;return t.every(function(i){var o=i.popperRect,l=i.popperState,c=i.props,d=c.interactiveBorder,p=GA(l.placement),f=l.modifiersData.offset;if(!f)return!0;var E=p==="bottom"?f.top.y:0,R=p==="top"?f.bottom.y:0,O=p==="right"?f.left.x:0,I=p==="left"?f.right.x:0,b=o.top-r+E>d,k=r-o.bottom-R>d,A=o.left-n+O>d,N=n-o.right-I>d;return b||k||A||N})}function th(t,e,n){var r=e+"EventListener";["transitionend","webkitTransitionEnd"].forEach(function(i){t[r](i,n)})}function K1(t,e){for(var n=e;n;){var r;if(t.contains(n))return!0;n=n.getRootNode==null||(r=n.getRootNode())==null?void 0:r.host}return!1}var _i={isTouch:!1},Y1=0;function YM(){_i.isTouch||(_i.isTouch=!0,window.performance&&document.addEventListener("mousemove",KA))}function KA(){var t=performance.now();t-Y1<20&&(_i.isTouch=!1,document.removeEventListener("mousemove",KA)),Y1=t}function qM(){var t=document.activeElement;if(GM(t)){var e=t._tippy;t.blur&&!e.state.isVisible&&t.blur()}}function jM(){document.addEventListener("touchstart",YM,ro),window.addEventListener("blur",qM)}var JM=typeof window<"u"&&typeof document<"u",QM=JM?!!window.msCrypto:!1,ZM={animateFill:!1,followCursor:!1,inlinePositioning:!1,sticky:!1},tH={allowHTML:!1,animation:"fade",arrow:!0,content:"",inertia:!1,maxWidth:350,role:"tooltip",theme:"",zIndex:9999},ti=Object.assign({appendTo:VA,aria:{content:"auto",expanded:"auto"},delay:0,duration:[300,250],getReferenceClientRect:null,hideOnClick:!0,ignoreAttributes:!1,interactive:!1,interactiveBorder:2,interactiveDebounce:0,moveTransition:"",offset:[0,10],onAfterUpdate:function(){},onBeforeUpdate:function(){},onCreate:function(){},onDestroy:function(){},onHidden:function(){},onHide:function(){},onMount:function(){},onShow:function(){},onShown:function(){},onTrigger:function(){},onUntrigger:function(){},onClickOutside:function(){},placement:"top",plugins:[],popperOptions:{},render:null,showOnCreate:!1,touch:!0,trigger:"mouseenter focus",triggerTarget:null},ZM,tH),eH=Object.keys(ti),nH=function(e){var n=Object.keys(e);n.forEach(function(r){ti[r]=e[r]})};function YA(t){var e=t.plugins||[],n=e.reduce(function(r,i){var o=i.name,l=i.defaultValue;if(o){var c;r[o]=t[o]!==void 0?t[o]:(c=ti[o])!=null?c:l}return r},{});return Object.assign({},t,n)}function rH(t,e){var n=e?Object.keys(YA(Object.assign({},ti,{plugins:e}))):eH,r=n.reduce(function(i,o){var l=(t.getAttribute("data-tippy-"+o)||"").trim();if(!l)return i;if(o==="content")i[o]=l;else try{i[o]=JSON.parse(l)}catch{i[o]=l}return i},{});return r}function q1(t,e){var n=Object.assign({},e,{content:zA(e.content,[t])},e.ignoreAttributes?{}:rH(t,e.plugins));return n.aria=Object.assign({},ti.aria,n.aria),n.aria={expanded:n.aria.expanded==="auto"?e.interactive:n.aria.expanded,content:n.aria.content==="auto"?e.interactive?null:"describedby":n.aria.content},n}var iH=function(){return"innerHTML"};function Jh(t,e){t[iH()]=e}function j1(t){var e=pa();return t===!0?e.className=$A:(e.className=FA,Yd(t)?e.appendChild(t):Jh(e,t)),e}function J1(t,e){Yd(e.content)?(Jh(t,""),t.appendChild(e.content)):typeof e.content!="function"&&(e.allowHTML?Jh(t,e.content):t.textContent=e.content)}function ad(t){var e=t.firstElementChild,n=xa(e.children);return{box:e,content:n.find(function(r){return r.classList.contains(WA)}),arrow:n.find(function(r){return r.classList.contains($A)||r.classList.contains(FA)}),backdrop:n.find(function(r){return r.classList.contains(UA)})}}function qA(t){var e=pa(),n=pa();n.className=$M,n.setAttribute("data-state","hidden"),n.setAttribute("tabindex","-1");var r=pa();r.className=WA,r.setAttribute("data-state","hidden"),J1(r,t.props),e.appendChild(n),n.appendChild(r),i(t.props,t.props);function i(o,l){var c=ad(e),d=c.box,p=c.content,f=c.arrow;l.theme?d.setAttribute("data-theme",l.theme):d.removeAttribute("data-theme"),typeof l.animation=="string"?d.setAttribute("data-animation",l.animation):d.removeAttribute("data-animation"),l.inertia?d.setAttribute("data-inertia",""):d.removeAttribute("data-inertia"),d.style.maxWidth=typeof l.maxWidth=="number"?l.maxWidth+"px":l.maxWidth,l.role?d.setAttribute("role",l.role):d.removeAttribute("role"),(o.content!==l.content||o.allowHTML!==l.allowHTML)&&J1(p,t.props),l.arrow?f?o.arrow!==l.arrow&&(d.removeChild(f),d.appendChild(j1(l.arrow))):d.appendChild(j1(l.arrow)):f&&d.removeChild(f)}return{popper:e,onUpdate:i}}qA.$$tippy=!0;var sH=1,Tu=[],eh=[];function oH(t,e){var n=q1(t,Object.assign({},ti,YA(X1(e)))),r,i,o,l=!1,c=!1,d=!1,p=!1,f,E,R,O=[],I=z1(it,n.interactiveDebounce),b,k=sH++,A=null,N=VM(n.plugins),K={isEnabled:!0,isVisible:!1,isDestroyed:!1,isMounted:!1,isShown:!1},g={id:k,reference:t,popper:pa(),popperInstance:A,props:n,state:K,plugins:N,clearDelayTimeouts:te,setProps:fe,setContent:ce,show:cn,hide:nn,hideWithInteractivity:gn,enable:Ft,disable:Yt,unmount:Tn,destroy:Vn};if(!n.render)return g;var z=n.render(g),x=z.popper,U=z.onUpdate;x.setAttribute("data-tippy-root",""),x.id="tippy-"+g.id,g.popper=x,t._tippy=g,x._tippy=g;var et=N.map(function(M){return M.fn(g)}),It=t.hasAttribute("aria-expanded");return ln(),Rt(),W(),ct("onCreate",[g]),n.showOnCreate&&Ht(),x.addEventListener("mouseenter",function(){g.props.interactive&&g.state.isVisible&&g.clearDelayTimeouts()}),x.addEventListener("mouseleave",function(){g.props.interactive&&g.props.trigger.indexOf("mouseenter")>=0&&q().addEventListener("mousemove",I)}),g;function Bt(){var M=g.props.touch;return Array.isArray(M)?M:[M,0]}function dt(){return Bt()[0]==="hold"}function Ct(){var M;return!!((M=g.props.render)!=null&&M.$$tippy)}function B(){return b||t}function q(){var M=B().parentNode;return M?XA(M):document}function At(){return ad(x)}function H(M){return g.state.isMounted&&!g.state.isVisible||_i.isTouch||f&&f.type==="focus"?0:Qp(g.props.delay,M?0:1,ti.delay)}function W(M){M===void 0&&(M=!1),x.style.pointerEvents=g.props.interactive&&!M?"":"none",x.style.zIndex=""+g.props.zIndex}function ct(M,at,St){if(St===void 0&&(St=!0),et.forEach(function(Vt){Vt[M]&&Vt[M].apply(Vt,at)}),St){var Gt;(Gt=g.props)[M].apply(Gt,at)}}function bt(){var M=g.props.aria;if(M.content){var at="aria-"+M.content,St=x.id,Gt=ra(g.props.triggerTarget||t);Gt.forEach(function(Vt){var Le=Vt.getAttribute(at);if(g.state.isVisible)Vt.setAttribute(at,Le?Le+" "+St:St);else{var We=Le&&Le.replace(St,"").trim();We?Vt.setAttribute(at,We):Vt.removeAttribute(at)}})}}function Rt(){if(!(It||!g.props.aria.expanded)){var M=ra(g.props.triggerTarget||t);M.forEach(function(at){g.props.interactive?at.setAttribute("aria-expanded",g.state.isVisible&&at===B()?"true":"false"):at.removeAttribute("aria-expanded")})}}function st(){q().removeEventListener("mousemove",I),Tu=Tu.filter(function(M){return M!==I})}function Y(M){if(!(_i.isTouch&&(d||M.type==="mousedown"))){var at=M.composedPath&&M.composedPath()[0]||M.target;if(!(g.props.interactive&&K1(x,at))){if(ra(g.props.triggerTarget||t).some(function(St){return K1(St,at)})){if(_i.isTouch||g.state.isVisible&&g.props.trigger.indexOf("click")>=0)return}else ct("onClickOutside",[g,M]);g.props.hideOnClick===!0&&(g.clearDelayTimeouts(),g.hide(),c=!0,setTimeout(function(){c=!1}),g.state.isMounted||C())}}}function P(){d=!0}function J(){d=!1}function Z(){var M=q();M.addEventListener("mousedown",Y,!0),M.addEventListener("touchend",Y,ro),M.addEventListener("touchstart",J,ro),M.addEventListener("touchmove",P,ro)}function C(){var M=q();M.removeEventListener("mousedown",Y,!0),M.removeEventListener("touchend",Y,ro),M.removeEventListener("touchstart",J,ro),M.removeEventListener("touchmove",P,ro)}function Mt(M,at){He(M,function(){!g.state.isVisible&&x.parentNode&&x.parentNode.contains(x)&&at()})}function ne(M,at){He(M,at)}function He(M,at){var St=At().box;function Gt(Vt){Vt.target===St&&(th(St,"remove",Gt),at())}if(M===0)return at();th(St,"remove",E),th(St,"add",Gt),E=Gt}function xe(M,at,St){St===void 0&&(St=!1);var Gt=ra(g.props.triggerTarget||t);Gt.forEach(function(Vt){Vt.addEventListener(M,at,St),O.push({node:Vt,eventType:M,handler:at,options:St})})}function ln(){dt()&&(xe("touchstart",G,{passive:!0}),xe("touchend",vt,{passive:!0})),FM(g.props.trigger).forEach(function(M){if(M!=="manual")switch(xe(M,G),M){case"mouseenter":xe("mouseleave",vt);break;case"focus":xe(QM?"focusout":"blur",Et);break;case"focusin":xe("focusout",Et);break}})}function F(){O.forEach(function(M){var at=M.node,St=M.eventType,Gt=M.handler,Vt=M.options;at.removeEventListener(St,Gt,Vt)}),O=[]}function G(M){var at,St=!1;if(!(!g.state.isEnabled||_t(M)||c)){var Gt=((at=f)==null?void 0:at.type)==="focus";f=M,b=M.currentTarget,Rt(),!g.state.isVisible&&vm(M)&&Tu.forEach(function(Vt){return Vt(M)}),M.type==="click"&&(g.props.trigger.indexOf("mouseenter")<0||l)&&g.props.hideOnClick!==!1&&g.state.isVisible?St=!0:Ht(M),M.type==="click"&&(l=!St),St&&!Gt&&Nt(M)}}function it(M){var at=M.target,St=B().contains(at)||x.contains(at);if(!(M.type==="mousemove"&&St)){var Gt=ut().concat(x).map(function(Vt){var Le,We=Vt._tippy,Rn=(Le=We.popperInstance)==null?void 0:Le.state;return Rn?{popperRect:Vt.getBoundingClientRect(),popperState:Rn,props:n}:null}).filter(Boolean);KM(Gt,M)&&(st(),Nt(M))}}function vt(M){var at=_t(M)||g.props.trigger.indexOf("click")>=0&&l;if(!at){if(g.props.interactive){g.hideWithInteractivity(M);return}Nt(M)}}function Et(M){g.props.trigger.indexOf("focusin")<0&&M.target!==B()||g.props.interactive&&M.relatedTarget&&x.contains(M.relatedTarget)||Nt(M)}function _t(M){return _i.isTouch?dt()!==M.type.indexOf("touch")>=0:!1}function rt(){ot();var M=g.props,at=M.popperOptions,St=M.placement,Gt=M.offset,Vt=M.getReferenceClientRect,Le=M.moveTransition,We=Ct()?ad(x).arrow:null,Rn=Vt?{getBoundingClientRect:Vt,contextElement:Vt.contextElement||B()}:t,zr={name:"$$tippy",enabled:!0,phase:"beforeWrite",requires:["computeStyles"],fn:function(pt){var xt=pt.state;if(Ct()){var re=At(),De=re.box;["placement","reference-hidden","escaped"].forEach(function(we){we==="placement"?De.setAttribute("data-placement",xt.placement):xt.attributes.popper["data-popper-"+we]?De.setAttribute("data-"+we,""):De.removeAttribute("data-"+we)}),xt.attributes.popper={}}}},rn=[{name:"offset",options:{offset:Gt}},{name:"preventOverflow",options:{padding:{top:2,bottom:2,left:5,right:5}}},{name:"flip",options:{padding:5}},{name:"computeStyles",options:{adaptive:!Le}},zr];Ct()&&We&&rn.push({name:"arrow",options:{element:We,padding:3}}),rn.push.apply(rn,at?.modifiers||[]),g.popperInstance=UM(Rn,x,Object.assign({},at,{placement:St,onFirstUpdate:R,modifiers:rn}))}function ot(){g.popperInstance&&(g.popperInstance.destroy(),g.popperInstance=null)}function ft(){var M=g.props.appendTo,at,St=B();g.props.interactive&&M===VA||M==="parent"?at=St.parentNode:at=zA(M,[St]),at.contains(x)||at.appendChild(x),g.state.isMounted=!0,rt()}function ut(){return xa(x.querySelectorAll("[data-tippy-root]"))}function Ht(M){g.clearDelayTimeouts(),M&&ct("onTrigger",[g,M]),Z();var at=H(!0),St=Bt(),Gt=St[0],Vt=St[1];_i.isTouch&&Gt==="hold"&&Vt&&(at=Vt),at?r=setTimeout(function(){g.show()},at):g.show()}function Nt(M){if(g.clearDelayTimeouts(),ct("onUntrigger",[g,M]),!g.state.isVisible){C();return}if(!(g.props.trigger.indexOf("mouseenter")>=0&&g.props.trigger.indexOf("click")>=0&&["mouseleave","mousemove"].indexOf(M.type)>=0&&l)){var at=H(!1);at?i=setTimeout(function(){g.state.isVisible&&g.hide()},at):o=requestAnimationFrame(function(){g.hide()})}}function Ft(){g.state.isEnabled=!0}function Yt(){g.hide(),g.state.isEnabled=!1}function te(){clearTimeout(r),clearTimeout(i),cancelAnimationFrame(o)}function fe(M){if(!g.state.isDestroyed){ct("onBeforeUpdate",[g,M]),F();var at=g.props,St=q1(t,Object.assign({},at,X1(M),{ignoreAttributes:!0}));g.props=St,ln(),at.interactiveDebounce!==St.interactiveDebounce&&(st(),I=z1(it,St.interactiveDebounce)),at.triggerTarget&&!St.triggerTarget?ra(at.triggerTarget).forEach(function(Gt){Gt.removeAttribute("aria-expanded")}):St.triggerTarget&&t.removeAttribute("aria-expanded"),Rt(),W(),U&&U(at,St),g.popperInstance&&(rt(),ut().forEach(function(Gt){requestAnimationFrame(Gt._tippy.popperInstance.forceUpdate)})),ct("onAfterUpdate",[g,M])}}function ce(M){g.setProps({content:M})}function cn(){var M=g.state.isVisible,at=g.state.isDestroyed,St=!g.state.isEnabled,Gt=_i.isTouch&&!g.props.touch,Vt=Qp(g.props.duration,0,ti.duration);if(!(M||at||St||Gt)&&!B().hasAttribute("disabled")&&(ct("onShow",[g],!1),g.props.onShow(g)!==!1)){if(g.state.isVisible=!0,Ct()&&(x.style.visibility="visible"),W(),Z(),g.state.isMounted||(x.style.transition="none"),Ct()){var Le=At(),We=Le.box,Rn=Le.content;Zp([We,Rn],0)}R=function(){var rn;if(!(!g.state.isVisible||p)){if(p=!0,x.offsetHeight,x.style.transition=g.props.moveTransition,Ct()&&g.props.animation){var V=At(),pt=V.box,xt=V.content;Zp([pt,xt],Vt),Kl([pt,xt],"visible")}bt(),Rt(),G1(eh,g),(rn=g.popperInstance)==null||rn.forceUpdate(),ct("onMount",[g]),g.props.animation&&Ct()&&ne(Vt,function(){g.state.isShown=!0,ct("onShown",[g])})}},ft()}}function nn(){var M=!g.state.isVisible,at=g.state.isDestroyed,St=!g.state.isEnabled,Gt=Qp(g.props.duration,1,ti.duration);if(!(M||at||St)&&(ct("onHide",[g],!1),g.props.onHide(g)!==!1)){if(g.state.isVisible=!1,g.state.isShown=!1,p=!1,l=!1,Ct()&&(x.style.visibility="hidden"),st(),C(),W(!0),Ct()){var Vt=At(),Le=Vt.box,We=Vt.content;g.props.animation&&(Zp([Le,We],Gt),Kl([Le,We],"hidden"))}bt(),Rt(),g.props.animation?Ct()&&Mt(Gt,g.unmount):g.unmount()}}function gn(M){q().addEventListener("mousemove",I),G1(Tu,I),I(M)}function Tn(){g.state.isVisible&&g.hide(),g.state.isMounted&&(ot(),ut().forEach(function(M){M._tippy.unmount()}),x.parentNode&&x.parentNode.removeChild(x),eh=eh.filter(function(M){return M!==g}),g.state.isMounted=!1,ct("onHidden",[g]))}function Vn(){g.state.isDestroyed||(g.clearDelayTimeouts(),g.unmount(),F(),delete t._tippy,g.state.isDestroyed=!0,ct("onDestroy",[g]))}}function Li(t,e){e===void 0&&(e={});var n=ti.plugins.concat(e.plugins||[]);jM();var r=Object.assign({},e,{plugins:n}),i=XM(t),o=i.reduce(function(l,c){var d=c&&oH(c,r);return d&&l.push(d),l},[]);return Yd(t)?o[0]:o}Li.defaultProps=ti;Li.setDefaultProps=nH;Li.currentInput=_i;Object.assign({},IA,{effect:function(e){var n=e.state,r={popper:{position:n.options.strategy,left:"0",top:"0",margin:"0"},arrow:{position:"absolute"},reference:{}};Object.assign(n.elements.popper.style,r.popper),n.styles=r,n.elements.arrow&&Object.assign(n.elements.arrow.style,r.arrow)}});var aH={name:"animateFill",defaultValue:!1,fn:function(e){var n;if(!((n=e.props.render)!=null&&n.$$tippy))return{};var r=ad(e.popper),i=r.box,o=r.content,l=e.props.animateFill?lH():null;return{onCreate:function(){l&&(i.insertBefore(l,i.firstElementChild),i.setAttribute("data-animatefill",""),i.style.overflow="hidden",e.setProps({arrow:!1,animation:"shift-away"}))},onMount:function(){if(l){var d=i.style.transitionDuration,p=Number(d.replace("ms",""));o.style.transitionDelay=Math.round(p/10)+"ms",l.style.transitionDuration=d,Kl([l],"visible")}},onShow:function(){l&&(l.style.transitionDuration="0ms")},onHide:function(){l&&Kl([l],"hidden")}}}};function lH(){var t=pa();return t.className=UA,Kl([t],"hidden"),t}var Qh={clientX:0,clientY:0},vu=[];function jA(t){var e=t.clientX,n=t.clientY;Qh={clientX:e,clientY:n}}function cH(t){t.addEventListener("mousemove",jA)}function uH(t){t.removeEventListener("mousemove",jA)}var dH={name:"followCursor",defaultValue:!1,fn:function(e){var n=e.reference,r=XA(e.props.triggerTarget||n),i=!1,o=!1,l=!0,c=e.props;function d(){return e.props.followCursor==="initial"&&e.state.isVisible}function p(){r.addEventListener("mousemove",R)}function f(){r.removeEventListener("mousemove",R)}function E(){i=!0,e.setProps({getReferenceClientRect:null}),i=!1}function R(b){var k=b.target?n.contains(b.target):!0,A=e.props.followCursor,N=b.clientX,K=b.clientY,g=n.getBoundingClientRect(),z=N-g.left,x=K-g.top;(k||!e.props.interactive)&&e.setProps({getReferenceClientRect:function(){var et=n.getBoundingClientRect(),It=N,Bt=K;A==="initial"&&(It=et.left+z,Bt=et.top+x);var dt=A==="horizontal"?et.top:Bt,Ct=A==="vertical"?et.right:It,B=A==="horizontal"?et.bottom:Bt,q=A==="vertical"?et.left:It;return{width:Ct-q,height:B-dt,top:dt,right:Ct,bottom:B,left:q}}})}function O(){e.props.followCursor&&(vu.push({instance:e,doc:r}),cH(r))}function I(){vu=vu.filter(function(b){return b.instance!==e}),vu.filter(function(b){return b.doc===r}).length===0&&uH(r)}return{onCreate:O,onDestroy:I,onBeforeUpdate:function(){c=e.props},onAfterUpdate:function(k,A){var N=A.followCursor;i||N!==void 0&&c.followCursor!==N&&(I(),N?(O(),e.state.isMounted&&!o&&!d()&&p()):(f(),E()))},onMount:function(){e.props.followCursor&&!o&&(l&&(R(Qh),l=!1),d()||p())},onTrigger:function(k,A){vm(A)&&(Qh={clientX:A.clientX,clientY:A.clientY}),o=A.type==="focus"},onHidden:function(){e.props.followCursor&&(E(),f(),l=!0)}}}};function fH(t,e){var n;return{popperOptions:Object.assign({},t.popperOptions,{modifiers:[].concat((((n=t.popperOptions)==null?void 0:n.modifiers)||[]).filter(function(r){var i=r.name;return i!==e.name}),[e])})}}var pH={name:"inlinePositioning",defaultValue:!1,fn:function(e){var n=e.reference;function r(){return!!e.props.inlinePositioning}var i,o=-1,l=!1,c=[],d={name:"tippyInlinePositioning",enabled:!0,phase:"afterWrite",fn:function(O){var I=O.state;r()&&(c.indexOf(I.placement)!==-1&&(c=[]),i!==I.placement&&c.indexOf(I.placement)===-1&&(c.push(I.placement),e.setProps({getReferenceClientRect:function(){return p(I.placement)}})),i=I.placement)}};function p(R){return hH(GA(R),n.getBoundingClientRect(),xa(n.getClientRects()),o)}function f(R){l=!0,e.setProps(R),l=!1}function E(){l||f(fH(e.props,d))}return{onCreate:E,onAfterUpdate:E,onTrigger:function(O,I){if(vm(I)){var b=xa(e.reference.getClientRects()),k=b.find(function(N){return N.left-2<=I.clientX&&N.right+2>=I.clientX&&N.top-2<=I.clientY&&N.bottom+2>=I.clientY}),A=b.indexOf(k);o=A>-1?A:o}},onHidden:function(){o=-1}}}};function hH(t,e,n,r){if(n.length<2||t===null)return e;if(n.length===2&&r>=0&&n[0].left>n[1].right)return n[r]||e;switch(t){case"top":case"bottom":{var i=n[0],o=n[n.length-1],l=t==="top",c=i.top,d=o.bottom,p=l?i.left:o.left,f=l?i.right:o.right,E=f-p,R=d-c;return{top:c,bottom:d,left:p,right:f,width:E,height:R}}case"left":case"right":{var O=Math.min.apply(Math,n.map(function(x){return x.left})),I=Math.max.apply(Math,n.map(function(x){return x.right})),b=n.filter(function(x){return t==="left"?x.left===O:x.right===I}),k=b[0].top,A=b[b.length-1].bottom,N=O,K=I,g=K-N,z=A-k;return{top:k,bottom:A,left:N,right:K,width:g,height:z}}default:return e}}var mH={name:"sticky",defaultValue:!1,fn:function(e){var n=e.reference,r=e.popper;function i(){return e.popperInstance?e.popperInstance.state.elements.reference:n}function o(p){return e.props.sticky===!0||e.props.sticky===p}var l=null,c=null;function d(){var p=o("reference")?i().getBoundingClientRect():null,f=o("popper")?r.getBoundingClientRect():null;(p&&Q1(l,p)||f&&Q1(c,f))&&e.popperInstance&&e.popperInstance.update(),l=p,c=f,e.state.isMounted&&requestAnimationFrame(d)}return{onMount:function(){e.props.sticky&&d()}}}};function Q1(t,e){return t&&e?t.top!==e.top||t.right!==e.right||t.bottom!==e.bottom||t.left!==e.left:!0}Li.setDefaultProps({render:qA});Li.setDefaultProps({onShow:t=>{if(!t.props.content)return!1}});function _H(t,e={},n={mount:!0,appName:"Tippy"}){n=Object.assign({mount:!0,appName:"Tippy"},n);const r=Lx(),i=le(),o=le({isEnabled:!1,isVisible:!1,isDestroyed:!1,isMounted:!1,isShown:!1}),l=vw();let c=null;const d=()=>c||(c=document.createDocumentFragment(),c),p=U=>{let et,It=on(U)?U.value:U;return _a(It)?(l.value||(l.value=$l({name:n.appName,setup:()=>()=>on(U)?U.value:U}),r&&Object.assign(l.value._context,r.appContext),l.value.mount(d())),et=()=>d()):typeof It=="object"?(l.value||(l.value=$l({name:n.appName,setup:()=>()=>M0(on(U)?U.value:U)}),r&&Object.assign(l.value._context,r.appContext),l.value.mount(d())),et=()=>d()):et=It,et},f=U=>{let et={};return on(U)?et=U.value||{}:Rs(U)?et={...U}:et={...U},et.content&&(et.content=p(et.content)),et.triggerTarget&&(et.triggerTarget=on(et.triggerTarget)?et.triggerTarget.value:et.triggerTarget),(!et.plugins||!Array.isArray(et.plugins))&&(et.plugins=[]),et.plugins=et.plugins.filter(It=>It.name!=="vueTippyReactiveState"),et.plugins.push({name:"vueTippyReactiveState",fn:()=>({onCreate(){o.value.isEnabled=!0},onMount(){o.value.isMounted=!0},onShow(){o.value.isMounted=!0,o.value.isVisible=!0},onShown(){o.value.isShown=!0},onHide(){o.value.isMounted=!1,o.value.isVisible=!1},onHidden(){o.value.isShown=!1},onUnmounted(){o.value.isMounted=!1},onDestroy(){o.value.isDestroyed=!0}})}),et},E=()=>{i.value&&i.value.setProps(f(e))},R=()=>{!i.value||!e.content||i.value.setContent(p(e.content))},O=U=>{var et;(et=i.value)===null||et===void 0||et.setContent(p(U))},I=U=>{var et;(et=i.value)===null||et===void 0||et.setProps(f(U))},b=()=>{var U;i.value&&(i.value.destroy(),i.value=void 0),c=null,(U=l.value)===null||U===void 0||U.unmount(),l.value=void 0},k=()=>{var U;(U=i.value)===null||U===void 0||U.show()},A=()=>{var U;(U=i.value)===null||U===void 0||U.hide()},N=()=>{var U;(U=i.value)===null||U===void 0||U.disable(),o.value.isEnabled=!1},K=()=>{var U;(U=i.value)===null||U===void 0||U.enable(),o.value.isEnabled=!0},g=()=>{var U;(U=i.value)===null||U===void 0||U.unmount()},z=()=>{if(!t)return;let U=on(t)?t.value:t;typeof U=="function"&&(U=U()),U&&(i.value=Li(U,f(e)),U.$tippy=x)},x={tippy:i,refresh:E,refreshContent:R,setContent:O,setProps:I,destroy:b,hide:A,show:k,disable:N,enable:K,unmount:g,mount:z,state:o};return n.mount&&(r?r.isMounted?z():yo(z):z()),r&&B0(()=>{b()}),on(e)||Rs(e)?Un(e,E,{immediate:!1}):on(e.content)&&Un(e.content,R,{immediate:!1}),x}const EH=["a11y","allowHTML","arrow","flip","flipOnUpdate","hideOnClick","ignoreAttributes","inertia","interactive","lazy","multiple","showOnInit","touch","touchHold"];let Z1={};Object.keys(Li.defaultProps).forEach(t=>{EH.includes(t)?Z1[t]={type:Boolean,default:function(){return Li.defaultProps[t]}}:Z1[t]={default:function(){return Li.defaultProps[t]}}});const Ne={mounted(t,e,n){const r=typeof e.value=="string"?{content:e.value}:e.value||{},i=Object.keys(e.modifiers||{}),o=i.find(c=>c!=="arrow"),l=i.findIndex(c=>c==="arrow")!==-1;o&&(r.placement=r.placement||o),l&&(r.arrow=r.arrow!==void 0?r.arrow:!0),n.props&&n.props.onTippyShow&&(r.onShow=function(...c){var d;return(d=n.props)===null||d===void 0?void 0:d.onTippyShow(...c)}),n.props&&n.props.onTippyShown&&(r.onShown=function(...c){var d;return(d=n.props)===null||d===void 0?void 0:d.onTippyShown(...c)}),n.props&&n.props.onTippyHidden&&(r.onHidden=function(...c){var d;return(d=n.props)===null||d===void 0?void 0:d.onTippyHidden(...c)}),n.props&&n.props.onTippyHide&&(r.onHide=function(...c){var d;return(d=n.props)===null||d===void 0?void 0:d.onTippyHide(...c)}),n.props&&n.props.onTippyMount&&(r.onMount=function(...c){var d;return(d=n.props)===null||d===void 0?void 0:d.onTippyMount(...c)}),t.getAttribute("title")&&!r.content&&(r.content=t.getAttribute("title"),t.removeAttribute("title")),t.getAttribute("content")&&!r.content&&(r.content=t.getAttribute("content")),_H(t,r)},unmounted(t){t.$tippy?t.$tippy.destroy():t._tippy&&t._tippy.destroy()},updated(t,e){const n=typeof e.value=="string"?{content:e.value}:e.value||{};t.getAttribute("title")&&!n.content&&(n.content=t.getAttribute("title"),t.removeAttribute("title")),t.getAttribute("content")&&!n.content&&(n.content=t.getAttribute("content")),t.$tippy?t.$tippy.setProps(n||{}):t._tippy&&t._tippy.setProps(n||{})}},gH=Li.setDefaultProps;gH({ignoreAttributes:!0,plugins:[mH,pH,dH,aH]});/*!
 * Font Awesome Free 6.7.2 by @fontawesome - https://fontawesome.com
 * License - https://fontawesome.com/license/free (Icons: CC BY 4.0, Fonts: SIL OFL 1.1, Code: MIT License)
 * Copyright 2024 Fonticons, Inc.
 */const TH={prefix:"fas",iconName:"pen-to-square",icon:[512,512,["edit"],"f044","M471.6 21.7c-21.9-21.9-57.3-21.9-79.2 0L362.3 51.7l97.9 97.9 30.1-30.1c21.9-21.9 21.9-57.3 0-79.2L471.6 21.7zm-299.2 220c-6.1 6.1-10.8 13.6-13.5 21.9l-29.6 88.8c-2.9 8.6-.6 18.1 5.8 24.6s15.9 8.7 24.6 5.8l88.8-29.6c8.2-2.7 15.7-7.4 21.9-13.5L437.7 172.3 339.7 74.3 172.4 241.7zM96 64C43 64 0 107 0 160L0 416c0 53 43 96 96 96l256 0c53 0 96-43 96-96l0-96c0-17.7-14.3-32-32-32s-32 14.3-32 32l0 96c0 17.7-14.3 32-32 32L96 448c-17.7 0-32-14.3-32-32l0-256c0-17.7 14.3-32 32-32l96 0c17.7 0 32-14.3 32-32s-14.3-32-32-32L96 64z"]},vH=TH,SH={prefix:"fas",iconName:"chevron-up",icon:[512,512,[],"f077","M233.4 105.4c12.5-12.5 32.8-12.5 45.3 0l192 192c12.5 12.5 12.5 32.8 0 45.3s-32.8 12.5-45.3 0L256 173.3 86.6 342.6c-12.5 12.5-32.8 12.5-45.3 0s-12.5-32.8 0-45.3l192-192z"]},AH={prefix:"fas",iconName:"align-justify",icon:[448,512,[],"f039","M448 64c0-17.7-14.3-32-32-32L32 32C14.3 32 0 46.3 0 64S14.3 96 32 96l384 0c17.7 0 32-14.3 32-32zm0 256c0-17.7-14.3-32-32-32L32 288c-17.7 0-32 14.3-32 32s14.3 32 32 32l384 0c17.7 0 32-14.3 32-32zM0 192c0 17.7 14.3 32 32 32l384 0c17.7 0 32-14.3 32-32s-14.3-32-32-32L32 160c-17.7 0-32 14.3-32 32zM448 448c0-17.7-14.3-32-32-32L32 416c-17.7 0-32 14.3-32 32s14.3 32 32 32l384 0c17.7 0 32-14.3 32-32z"]},RH={prefix:"fas",iconName:"clipboard",icon:[384,512,[128203],"f328","M192 0c-41.8 0-77.4 26.7-90.5 64L64 64C28.7 64 0 92.7 0 128L0 448c0 35.3 28.7 64 64 64l256 0c35.3 0 64-28.7 64-64l0-320c0-35.3-28.7-64-64-64l-37.5 0C269.4 26.7 233.8 0 192 0zm0 64a32 32 0 1 1 0 64 32 32 0 1 1 0-64zM112 192l160 0c8.8 0 16 7.2 16 16s-7.2 16-16 16l-160 0c-8.8 0-16-7.2-16-16s7.2-16 16-16z"]},bH={prefix:"fas",iconName:"arrow-down-wide-short",icon:[576,512,["sort-amount-asc","sort-amount-down"],"f160","M151.6 469.6C145.5 476.2 137 480 128 480s-17.5-3.8-23.6-10.4l-88-96c-11.9-13-11.1-33.3 2-45.2s33.3-11.1 45.2 2L96 365.7 96 64c0-17.7 14.3-32 32-32s32 14.3 32 32l0 301.7 32.4-35.4c11.9-13 32.2-13.9 45.2-2s13.9 32.2 2 45.2l-88 96zM320 480c-17.7 0-32-14.3-32-32s14.3-32 32-32l32 0c17.7 0 32 14.3 32 32s-14.3 32-32 32l-32 0zm0-128c-17.7 0-32-14.3-32-32s14.3-32 32-32l96 0c17.7 0 32 14.3 32 32s-14.3 32-32 32l-96 0zm0-128c-17.7 0-32-14.3-32-32s14.3-32 32-32l160 0c17.7 0 32 14.3 32 32s-14.3 32-32 32l-160 0zm0-128c-17.7 0-32-14.3-32-32s14.3-32 32-32l224 0c17.7 0 32 14.3 32 32s-14.3 32-32 32L320 96z"]},Zh={prefix:"fas",iconName:"filter",icon:[512,512,[],"f0b0","M3.9 54.9C10.5 40.9 24.5 32 40 32l432 0c15.5 0 29.5 8.9 36.1 22.9s4.6 30.5-5.2 42.5L320 320.9 320 448c0 12.1-6.8 23.2-17.7 28.6s-23.8 4.3-33.5-3l-64-48c-8.1-6-12.8-15.5-12.8-25.6l0-79.1L9 97.3C-.7 85.4-2.8 68.8 3.9 54.9z"]},OH={prefix:"fas",iconName:"trash",icon:[448,512,[],"f1f8","M135.2 17.7L128 32 32 32C14.3 32 0 46.3 0 64S14.3 96 32 96l384 0c17.7 0 32-14.3 32-32s-14.3-32-32-32l-96 0-7.2-14.3C307.4 6.8 296.3 0 284.2 0L163.8 0c-12.1 0-23.2 6.8-28.6 17.7zM416 128L32 128 53.2 467c1.6 25.3 22.6 45 47.9 45l245.8 0c25.3 0 46.3-19.7 47.9-45L416 128z"]},LH={prefix:"fas",iconName:"circle-info",icon:[512,512,["info-circle"],"f05a","M256 512A256 256 0 1 0 256 0a256 256 0 1 0 0 512zM216 336l24 0 0-64-24 0c-13.3 0-24-10.7-24-24s10.7-24 24-24l48 0c13.3 0 24 10.7 24 24l0 88 8 0c13.3 0 24 10.7 24 24s-10.7 24-24 24l-80 0c-13.3 0-24-10.7-24-24s10.7-24 24-24zm40-208a32 32 0 1 1 0 64 32 32 0 1 1 0-64z"]},_o=LH,yH={prefix:"fas",iconName:"arrow-rotate-left",icon:[512,512,[8634,"arrow-left-rotate","arrow-rotate-back","arrow-rotate-backward","undo"],"f0e2","M125.7 160l50.3 0c17.7 0 32 14.3 32 32s-14.3 32-32 32L48 224c-17.7 0-32-14.3-32-32L16 64c0-17.7 14.3-32 32-32s32 14.3 32 32l0 51.2L97.6 97.6c87.5-87.5 229.3-87.5 316.8 0s87.5 229.3 0 316.8s-229.3 87.5-316.8 0c-12.5-12.5-12.5-32.8 0-45.3s32.8-12.5 45.3 0c62.5 62.5 163.8 62.5 226.3 0s62.5-163.8 0-226.3s-163.8-62.5-226.3 0L125.7 160z"]},NH=yH,JA={prefix:"fas",iconName:"clock",icon:[512,512,[128339,"clock-four"],"f017","M256 0a256 256 0 1 1 0 512A256 256 0 1 1 256 0zM232 120l0 136c0 8 4 15.5 10.7 20l96 64c11 7.4 25.9 4.4 33.3-6.7s4.4-25.9-6.7-33.3L280 243.2 280 120c0-13.3-10.7-24-24-24s-24 10.7-24 24z"]},nh={prefix:"fas",iconName:"caret-down",icon:[320,512,[],"f0d7","M137.4 374.6c12.5 12.5 32.8 12.5 45.3 0l128-128c9.2-9.2 11.9-22.9 6.9-34.9s-16.6-19.8-29.6-19.8L32 192c-12.9 0-24.6 7.8-29.6 19.8s-2.2 25.7 6.9 34.9l128 128z"]},CH={prefix:"fas",iconName:"arrow-down-short-wide",icon:[576,512,["sort-amount-desc","sort-amount-down-alt"],"f884","M151.6 469.6C145.5 476.2 137 480 128 480s-17.5-3.8-23.6-10.4l-88-96c-11.9-13-11.1-33.3 2-45.2s33.3-11.1 45.2 2L96 365.7 96 64c0-17.7 14.3-32 32-32s32 14.3 32 32l0 301.7 32.4-35.4c11.9-13 32.2-13.9 45.2-2s13.9 32.2 2 45.2l-88 96zM320 32l32 0c17.7 0 32 14.3 32 32s-14.3 32-32 32l-32 0c-17.7 0-32-14.3-32-32s14.3-32 32-32zm0 128l96 0c17.7 0 32 14.3 32 32s-14.3 32-32 32l-96 0c-17.7 0-32-14.3-32-32s14.3-32 32-32zm0 128l160 0c17.7 0 32 14.3 32 32s-14.3 32-32 32l-160 0c-17.7 0-32-14.3-32-32s14.3-32 32-32zm0 128l224 0c17.7 0 32 14.3 32 32s-14.3 32-32 32l-224 0c-17.7 0-32-14.3-32-32s14.3-32 32-32z"]},wH={prefix:"fas",iconName:"thumbs-down",icon:[512,512,[128078,61576],"f165","M313.4 479.1c26-5.2 42.9-30.5 37.7-56.5l-2.3-11.4c-5.3-26.7-15.1-52.1-28.8-75.2l144 0c26.5 0 48-21.5 48-48c0-18.5-10.5-34.6-25.9-42.6C497 236.6 504 223.1 504 208c0-23.4-16.8-42.9-38.9-47.1c4.4-7.3 6.9-15.8 6.9-24.9c0-21.3-13.9-39.4-33.1-45.6c.7-3.3 1.1-6.8 1.1-10.4c0-26.5-21.5-48-48-48l-97.5 0c-19 0-37.5 5.6-53.3 16.1L202.7 73.8C176 91.6 160 121.6 160 153.7l0 38.3 0 48 0 24.9c0 29.2 13.3 56.7 36 75l7.4 5.9c26.5 21.2 44.6 51 51.2 84.2l2.3 11.4c5.2 26 30.5 42.9 56.5 37.7zM32 384l64 0c17.7 0 32-14.3 32-32l0-224c0-17.7-14.3-32-32-32L32 96C14.3 96 0 110.3 0 128L0 352c0 17.7 14.3 32 32 32z"]},QA={prefix:"fas",iconName:"arrow-down",icon:[384,512,[8595],"f063","M169.4 470.6c12.5 12.5 32.8 12.5 45.3 0l160-160c12.5-12.5 12.5-32.8 0-45.3s-32.8-12.5-45.3 0L224 370.8 224 64c0-17.7-14.3-32-32-32s-32 14.3-32 32l0 306.7L54.6 265.4c-12.5-12.5-32.8-12.5-45.3 0s-12.5 32.8 0 45.3l160 160z"]},xH={prefix:"fas",iconName:"magnifying-glass",icon:[512,512,[128269,"search"],"f002","M416 208c0 45.9-14.9 88.3-40 122.7L502.6 457.4c12.5 12.5 12.5 32.8 0 45.3s-32.8 12.5-45.3 0L330.7 376c-34.4 25.2-76.8 40-122.7 40C93.1 416 0 322.9 0 208S93.1 0 208 0S416 93.1 416 208zM208 352a144 144 0 1 0 0-288 144 144 0 1 0 0 288z"]},IH=xH,ZA={prefix:"fas",iconName:"chevron-down",icon:[512,512,[],"f078","M233.4 406.6c12.5 12.5 32.8 12.5 45.3 0l192-192c12.5-12.5 12.5-32.8 0-45.3s-32.8-12.5-45.3 0L256 338.7 86.6 169.4c-12.5-12.5-32.8-12.5-45.3 0s-12.5 32.8 0 45.3l192 192z"]},tR={prefix:"fas",iconName:"arrow-up",icon:[384,512,[8593],"f062","M214.6 41.4c-12.5-12.5-32.8-12.5-45.3 0l-160 160c-12.5 12.5-12.5 32.8 0 45.3s32.8 12.5 45.3 0L160 141.2 160 448c0 17.7 14.3 32 32 32s32-14.3 32-32l0-306.7L329.4 246.6c12.5 12.5 32.8 12.5 45.3 0s12.5-32.8 0-45.3l-160-160z"]},kH={prefix:"fas",iconName:"chevron-right",icon:[320,512,[9002],"f054","M310.6 233.4c12.5 12.5 12.5 32.8 0 45.3l-192 192c-12.5 12.5-32.8 12.5-45.3 0s-12.5-32.8 0-45.3L242.7 256 73.4 86.6c-12.5-12.5-12.5-32.8 0-45.3s32.8-12.5 45.3 0l192 192z"]},BH={prefix:"fas",iconName:"check",icon:[448,512,[10003,10004],"f00c","M438.6 105.4c12.5 12.5 12.5 32.8 0 45.3l-256 256c-12.5 12.5-32.8 12.5-45.3 0l-128-128c-12.5-12.5-12.5-32.8 0-45.3s32.8-12.5 45.3 0L160 338.7 393.4 105.4c12.5-12.5 32.8-12.5 45.3 0z"]},DH={prefix:"fas",iconName:"triangle-exclamation",icon:[512,512,[9888,"exclamation-triangle","warning"],"f071","M256 32c14.2 0 27.3 7.5 34.5 19.8l216 368c7.3 12.4 7.3 27.7 .2 40.1S486.3 480 472 480L40 480c-14.3 0-27.6-7.7-34.7-20.1s-7-27.8 .2-40.1l216-368C228.7 39.5 241.8 32 256 32zm0 128c-13.3 0-24 10.7-24 24l0 112c0 13.3 10.7 24 24 24s24-10.7 24-24l0-112c0-13.3-10.7-24-24-24zm32 224a32 32 0 1 0 -64 0 32 32 0 1 0 64 0z"]},tT=DH,PH={prefix:"fas",iconName:"right-left",icon:[512,512,["exchange-alt"],"f362","M32 96l320 0 0-64c0-12.9 7.8-24.6 19.8-29.6s25.7-2.2 34.9 6.9l96 96c6 6 9.4 14.1 9.4 22.6s-3.4 16.6-9.4 22.6l-96 96c-9.2 9.2-22.9 11.9-34.9 6.9s-19.8-16.6-19.8-29.6l0-64L32 160c-17.7 0-32-14.3-32-32s14.3-32 32-32zM480 352c17.7 0 32 14.3 32 32s-14.3 32-32 32l-320 0 0 64c0 12.9-7.8 24.6-19.8 29.6s-25.7 2.2-34.9-6.9l-96-96c-6-6-9.4-14.1-9.4-22.6s3.4-16.6 9.4-22.6l96-96c9.2-9.2 22.9-11.9 34.9-6.9s19.8 16.6 19.8 29.6l0 64 320 0z"]},eR=PH,nR={prefix:"fas",iconName:"dollar-sign",icon:[320,512,[128178,61781,"dollar","usd"],"24","M160 0c17.7 0 32 14.3 32 32l0 35.7c1.6 .2 3.1 .4 4.7 .7c.4 .1 .7 .1 1.1 .2l48 8.8c17.4 3.2 28.9 19.9 25.7 37.2s-19.9 28.9-37.2 25.7l-47.5-8.7c-31.3-4.6-58.9-1.5-78.3 6.2s-27.2 18.3-29 28.1c-2 10.7-.5 16.7 1.2 20.4c1.8 3.9 5.5 8.3 12.8 13.2c16.3 10.7 41.3 17.7 73.7 26.3l2.9 .8c28.6 7.6 63.6 16.8 89.6 33.8c14.2 9.3 27.6 21.9 35.9 39.5c8.5 17.9 10.3 37.9 6.4 59.2c-6.9 38-33.1 63.4-65.6 76.7c-13.7 5.6-28.6 9.2-44.4 11l0 33.4c0 17.7-14.3 32-32 32s-32-14.3-32-32l0-34.9c-.4-.1-.9-.1-1.3-.2l-.2 0s0 0 0 0c-24.4-3.8-64.5-14.3-91.5-26.3c-16.1-7.2-23.4-26.1-16.2-42.2s26.1-23.4 42.2-16.2c20.9 9.3 55.3 18.5 75.2 21.6c31.9 4.7 58.2 2 76-5.3c16.9-6.9 24.6-16.9 26.8-28.9c1.9-10.6 .4-16.7-1.3-20.4c-1.9-4-5.6-8.4-13-13.3c-16.4-10.7-41.5-17.7-74-26.3l-2.8-.7s0 0 0 0C119.4 279.3 84.4 270 58.4 253c-14.2-9.3-27.5-22-35.8-39.6c-8.4-17.9-10.1-37.9-6.1-59.2C23.7 116 52.3 91.2 84.8 78.3c13.3-5.3 27.9-8.9 43.2-11L128 32c0-17.7 14.3-32 32-32z"]},MH={class:"copy position-absolute",style:{top:"0",right:"0"}},rh=Ke({__name:"Copy",props:{content:{}},setup(t){const e=t,n=le(!1);function r(){const{toClipboard:i}=D6();i(e.content),n.value=!0,window.setTimeout(()=>{n.value=!1},2e3)}return(i,o)=>(w(),D("div",MH,[v("button",{name:"copyRawButton",class:Pt(["btn btn-outline-secondary bg-light btn-sm m-2",n.value?"d-none":"d-block"]),onClick:r},[Lt(h(Ae),{"fixed-width":"",icon:h(RH)},null,8,["icon"])],2),o[0]||(o[0]=T()),Se((w(),D("button",{class:Pt(["btn btn-outline-secondary bg-light btn-sm m-2",n.value?"d-block":"d-none"]),onClick:r},[Lt(h(Ae),{"fixed-width":"",icon:h(BH),class:"text-success"},null,8,["icon"])],2)),[[h(Ne),{placement:"left",arrow:!0,content:"copied"}]])]))}});var ke=(t=>(t[t.time=0]="time",t[t.rows=1]="rows",t[t.cost=2]="cost",t[t.buffers=3]="buffers",t[t.estimate_factor=4]="estimate_factor",t[t.io=5]="io",t))(ke||{}),de=(t=>(t.shared="Shared",t.temp="Temp",t.local="Local",t))(de||{});class Tr{static NONE="none";static DURATION="duration";static ROWS="rows";static COST="cost"}var Si=(t=>(t.asc="asc",t.desc="desc",t))(Si||{}),yn=(t=>(t[t.over=1]="over",t[t.under=2]="under",t[t.none=3]="none",t))(yn||{}),m=(t=>(t.NODE_TYPE="Node Type",t.ACTUAL_ROWS="Actual Rows",t.PLAN_ROWS="Plan Rows",t.PLAN_WIDTH="Plan Width",t.ROWS_REMOVED_BY_FILTER="Rows Removed by Filter",t.ROWS_REMOVED_BY_JOIN_FILTER="Rows Removed by Join Filter",t.ACTUAL_STARTUP_TIME="Actual Startup Time",t.ACTUAL_TOTAL_TIME="Actual Total Time",t.ACTUAL_LOOPS="Actual Loops",t.STARTUP_COST="Startup Cost",t.TOTAL_COST="Total Cost",t.PLANS="Plans",t.RELATION_NAME="Relation Name",t.SCHEMA="Schema",t.ALIAS="Alias",t.GROUP_KEY="Group Key",t.SORT_KEY="Sort Key",t.SORT_METHOD="Sort Method",t.SORT_SPACE_TYPE="Sort Space Type",t.SORT_SPACE_USED="Sort Space Used",t.JOIN_TYPE="Join Type",t.INDEX_NAME="Index Name",t.HASH_CONDITION="Hash Cond",t.PARENT_RELATIONSHIP="Parent Relationship",t.SUBPLAN_NAME="Subplan Name",t.PARALLEL_AWARE="Parallel Aware",t.WORKERS="Workers",t.WORKERS_PLANNED="Workers Planned",t.WORKERS_LAUNCHED="Workers Launched",t.SHARED_HIT_BLOCKS="Shared Hit Blocks",t.SHARED_READ_BLOCKS="Shared Read Blocks",t.SHARED_DIRTIED_BLOCKS="Shared Dirtied Blocks",t.SHARED_WRITTEN_BLOCKS="Shared Written Blocks",t.TEMP_READ_BLOCKS="Temp Read Blocks",t.TEMP_WRITTEN_BLOCKS="Temp Written Blocks",t.LOCAL_HIT_BLOCKS="Local Hit Blocks",t.LOCAL_READ_BLOCKS="Local Read Blocks",t.LOCAL_DIRTIED_BLOCKS="Local Dirtied Blocks",t.LOCAL_WRITTEN_BLOCKS="Local Written Blocks",t.IO_READ_TIME="I/O Read Time",t.IO_WRITE_TIME="I/O Write Time",t.OUTPUT="Output",t.HEAP_FETCHES="Heap Fetches",t.WAL_RECORDS="WAL Records",t.WAL_BYTES="WAL Bytes",t.WAL_FPI="WAL FPI",t.FULL_SORT_GROUPS="Full-sort Groups",t.PRE_SORTED_GROUPS="Pre-sorted Groups",t.PRESORTED_KEY="Presorted Key",t.FILTER="Filter",t.STRATEGY="Strategy",t.PARTIAL_MODE="Partial Mode",t.OPERATION="Operation",t.NODE_ID="nodeId",t.EXCLUSIVE_DURATION="*Duration (exclusive)",t.EXCLUSIVE_COST="*Cost (exclusive)",t.ACTUAL_ROWS_REVISED="*Actual Rows Revised",t.ACTUAL_ROWS_FRACTIONAL="*Actual Rows Is Fractional",t.PLAN_ROWS_REVISED="*Plan Rows Revised",t.ROWS_REMOVED_BY_FILTER_REVISED="*Rows Removed by Filter",t.ROWS_REMOVED_BY_JOIN_FILTER_REVISED="*Rows Removed by Join Filter",t.PLANNER_ESTIMATE_FACTOR="*Planner Row Estimate Factor",t.PLANNER_ESTIMATE_DIRECTION="*Planner Row Estimate Direction",t.EXCLUSIVE_SHARED_HIT_BLOCKS="*Shared Hit Blocks (exclusive)",t.EXCLUSIVE_SHARED_READ_BLOCKS="*Shared Read Blocks (exclusive)",t.EXCLUSIVE_SHARED_DIRTIED_BLOCKS="*Shared Dirtied Blocks (exclusive)",t.EXCLUSIVE_SHARED_WRITTEN_BLOCKS="*Shared Written Blocks (exclusive)",t.EXCLUSIVE_TEMP_READ_BLOCKS="*Temp Read Blocks (exclusive)",t.EXCLUSIVE_TEMP_WRITTEN_BLOCKS="*Temp Written Blocks (exclusive)",t.EXCLUSIVE_LOCAL_HIT_BLOCKS="*Local Hit Blocks (exclusive)",t.EXCLUSIVE_LOCAL_READ_BLOCKS="*Local Read Blocks (exclusive)",t.EXCLUSIVE_LOCAL_DIRTIED_BLOCKS="*Local Dirtied Blocks (exclusive)",t.EXCLUSIVE_LOCAL_WRITTEN_BLOCKS="*Local Written Blocks (exclusive)",t.EXCLUSIVE_IO_READ_TIME="*I/O Read Time (exclusive)",t.EXCLUSIVE_IO_WRITE_TIME="*I/O Write Time (exclusive)",t.AVERAGE_IO_READ_SPEED="*I/O Read Speed (exclusive)",t.AVERAGE_IO_WRITE_SPEED="*I/O Write Speed (exclusive)",t.WORKERS_PLANNED_BY_GATHER="*Workers Planned By Gather",t.WORKERS_LAUNCHED_BY_GATHER="*Workers Launched By Gather",t.CTE_SCAN="CTE Scan",t.CTE_NAME="CTE Name",t.FUNCTION_NAME="Function Name",t.ARRAY_INDEX_KEY="arrayIndex",t.PEV_PLAN_TAG="plan_",t.JIT="JIT",t))(m||{}),xn=(t=>(t[t.blocks=0]="blocks",t[t.boolean=1]="boolean",t[t.bytes=2]="bytes",t[t.cost=3]="cost",t[t.duration=4]="duration",t[t.estimateDirection=5]="estimateDirection",t[t.factor=6]="factor",t[t.increment=7]="increment",t[t.json=8]="json",t[t.kilobytes=9]="kilobytes",t[t.list=10]="list",t[t.loops=11]="loops",t[t.rows=12]="rows",t[t.sortGroups=13]="sortGroups",t[t.transferRate=14]="transferRate",t[t.jit=15]="jit",t))(xn||{});const Kt={};Kt["Actual Rows"]=12;Kt["Actual Loops"]=11;Kt["Plan Rows"]=12;Kt["Plan Width"]=2;Kt["*Actual Rows Revised"]=12;Kt["*Actual Rows Is Fractional"]=1;Kt["*Plan Rows Revised"]=12;Kt["Actual Total Time"]=4;Kt["Actual Startup Time"]=4;Kt["Startup Cost"]=3;Kt["Total Cost"]=3;Kt["Parallel Aware"]=1;Kt.Workers=8;Kt["Sort Space Used"]=9;Kt["Rows Removed by Filter"]=12;Kt["Rows Removed by Join Filter"]=12;Kt["*Rows Removed by Filter"]=12;Kt["*Rows Removed by Join Filter"]=12;Kt["Heap Fetches"]=12;Kt.Output=10;Kt["Sort Key"]=10;Kt["Presorted Key"]=10;Kt["WAL Records"]=12;Kt["WAL Bytes"]=2;Kt["WAL FPI"]=12;Kt["*Duration (exclusive)"]=4;Kt["*Cost (exclusive)"]=3;Kt["*Planner Row Estimate Factor"]=6;Kt["*Planner Row Estimate Direction"]=5;Kt["I/O Read Time"]=4;Kt["I/O Write Time"]=4;Kt["*I/O Read Time (exclusive)"]=4;Kt["*I/O Write Time (exclusive)"]=4;Kt["*I/O Read Speed (exclusive)"]=14;Kt["*I/O Write Speed (exclusive)"]=14;Kt["*Shared Hit Blocks (exclusive)"]=0;Kt["*Shared Read Blocks (exclusive)"]=0;Kt["*Shared Dirtied Blocks (exclusive)"]=0;Kt["*Shared Written Blocks (exclusive)"]=0;Kt["*Temp Read Blocks (exclusive)"]=0;Kt["*Temp Written Blocks (exclusive)"]=0;Kt["*Local Hit Blocks (exclusive)"]=0;Kt["*Local Read Blocks (exclusive)"]=0;Kt["*Local Dirtied Blocks (exclusive)"]=0;Kt["*Local Written Blocks (exclusive)"]=0;Kt["Full-sort Groups"]=13;Kt["Pre-sorted Groups"]=13;Kt.JIT=15;class qd{static WORKER_NUMBER="Worker Number"}Kt[qd.WORKER_NUMBER]=7;var Uu=(t=>(t.GROUP_COUNT="Group Count",t.SORT_METHODS_USED="Sort Methods Used",t.SORT_SPACE_MEMORY="Sort Space Memory",t))(Uu||{}),t0=(t=>(t.AVERAGE_SORT_SPACE_USED="Average Sort Space Used",t.PEAK_SORT_SPACE_USED="Peak Sort Space Used",t))(t0||{});class Ua{nodeId=0;getNodeTypeDescription(e){return HH[e.toUpperCase()]}getHelpMessage(e){return WH[e.toUpperCase()]}}const HH={LIMIT:"returns a specified number of rows from a record set.",SORT:"sorts a record set based on the specified sort key.","NESTED LOOP":`merges two record sets by looping through every record in the first set and
   trying to find a match in the second set. All matching records are returned.`,"MERGE JOIN":"merges two record sets by first sorting them on a <strong>join key</strong>.",HASH:`generates a hash table from the records in the input recordset. Hash is used by
   <strong>Hash Join</strong>.`,"HASH JOIN":"joins two record sets by hashing one of them (using a <strong>Hash Scan</strong>).",AGGREGATE:"groups records together based on a GROUP BY or aggregate function (like <code>sum()</code>).",HASHAGGREGATE:`groups records together based on a GROUP BY or aggregate function (like sum()). Hash Aggregate uses
   a hash to first organize the records by a key.`,"SEQ SCAN":`finds relevant records by sequentially scanning the input record set. When reading from a table,
   Seq Scans (unlike Index Scans) perform a single read operation (only the table is read).`,"INDEX SCAN":`finds relevant records based on an <strong>Index</strong>.
    Index Scans perform 2 read operations: one to
    read the index and another to read the actual value from the table.`,"INDEX ONLY SCAN":`finds relevant records based on an <strong>Index</strong>.
    Index Only Scans perform a single read operation
    from the index and do not read from the corresponding table.`,"BITMAP HEAP SCAN":`searches through the pages returned by the <strong>Bitmap Index Scan</strong>
    for relevant rows.`,"BITMAP INDEX SCAN":`uses a <strong>Bitmap Index</strong> (index which uses 1 bit per page)
    to find all relevant pages.
    Results of this node are fed to the <strong>Bitmap Heap Scan</strong>.`,"CTE SCAN":`performs a sequential scan of <strong>Common Table Expression (CTE) query</strong> results. Note that
    results of a CTE are materialized (calculated and temporarily stored).`,MEMOIZE:"is used to cache the results of the inner side of a nested loop. It avoids executing underlying nodes when the results for the current parameters are already in the cache.",GATHER:"reads the results of the parallel workers, in an undefined order.","GATHER MERGE":"reads the results of the parallel workers, preserving any ordering."},WH={"MISSING EXECUTION TIME":`Execution time (or Total runtime) not available for this plan. Make sure you
    use EXPLAIN ANALYZE.`,"MISSING PLANNING TIME":"Planning time not available for this plan.","WORKERS PLANNED NOT LAUNCHED":`Less workers than planned were launched.
Consider modifying max_parallel_workers or max_parallel_workers_per_gather.`,"WORKERS DETAILED INFO MISSING":"Consider using EXPLAIN (ANALYZE, VERBOSE)","FUZZY NEEDS VERBOSE":"Information may not be accurate. Use EXPLAIN VERBOSE mode.","HINT TRACK_IO_TIMING":"HINT: activate <em><b>track_io_timing</b></em> to have details on time spent outside the PG cache.","IO TIMINGS PARALLEL":"Distributed among parallel workers"};function UH(t,e,n,r){if(!e)return;const i=t.getBoundingClientRect(),o=e.getBoundingClientRect();let l=t.scrollLeft;const c=o.left>=i.left&&o.left<=i.right&&o.right<=i.right;let d=t.scrollTop;const p=o.top>=i.top&&o.top<=i.bottom&&o.bottom<=i.bottom;(!c||!p)&&(l=o.left+t.scrollLeft-i.left-i.width/2+o.width/2,d=o.top+t.scrollTop-i.top-i.height/2+o.height/2,$H({element:t,to:{scrollTop:d,scrollLeft:l},duration:400,done:r}))}const eT=({currentTime:t,start:e,change:n,duration:r})=>{let i=t;return i/=r/2,i<1?n/2*i*i+e:(i-=1,-n/2*(i*(i-2)-1)+e)};function $H({duration:t,element:e,to:n,done:r}){const i=e.scrollTop,o=e.scrollLeft,l=n.scrollTop-i,c=n.scrollLeft-o,d=new Date().getTime(),p=()=>{const E=new Date().getTime()-d;e.scrollTop=eT({currentTime:E,start:i,change:l,duration:t}),e.scrollLeft=eT({currentTime:E,start:o,change:c,duration:t}),E<t?requestAnimationFrame(p):(e.scrollTop=n.scrollTop,e.scrollLeft=n.scrollLeft)};p()}function nT(t,e){const n="([\\s\\S]*?)(e)?(?:(o)|(c)|(t)|(sp)|$)".replace("sp",e).replace("o","[\\(\\{\\[]").replace("c","[\\)\\}\\]]").replace("t",`['"]`).replace("e","[\\\\]"),r=new RegExp(n,"gi"),i=[];let o=[];const l=[];return t.replace(r,(c,d,p,f,E,R,O)=>{if(p)return o.push(d,O||f||E||R),"";if(f)i.push(f);else if(E)i.pop();else if(R)i[i.length-1]!==R?i.push(R):i.pop();else if(O?!i.length:!d)return o.push(d),l.push(o.join("")),o=[],"";return o.push(c),""}),l}function FH(t,e){let n;const r=t.content.Plan;return r.nodeId==e?r:(r&&r.Plans&&(r.Plans.some(function i(o){return o.nodeId===e?(n=o,!0):o.Plans&&o.Plans.some(i)}),!n&&t.ctes&&j.each(t.ctes,i=>{if(i.nodeId==e)return n=i,!1;if(i.Plans&&(i.Plans.some(function o(l){return l.nodeId===e?(n=l,!0):l.Plans&&l.Plans.some(o)}),n))return!1})),n)}function VH(t,e){let n;return t.ctes&&j.each(t.ctes,r=>{if(r[m.SUBPLAN_NAME]=="CTE "+e)return n=r,!1}),n}const zH=[m.NODE_TYPE,m.CTE_NAME,m.EXCLUSIVE_DURATION,m.EXCLUSIVE_COST,m.TOTAL_COST,m.PLAN_ROWS,m.ACTUAL_ROWS,m.ACTUAL_LOOPS,m.OUTPUT,m.WORKERS,m.WORKERS_PLANNED,m.WORKERS_LAUNCHED,m.EXCLUSIVE_SHARED_HIT_BLOCKS,m.EXCLUSIVE_SHARED_READ_BLOCKS,m.EXCLUSIVE_SHARED_DIRTIED_BLOCKS,m.EXCLUSIVE_SHARED_WRITTEN_BLOCKS,m.EXCLUSIVE_TEMP_READ_BLOCKS,m.EXCLUSIVE_TEMP_WRITTEN_BLOCKS,m.EXCLUSIVE_LOCAL_HIT_BLOCKS,m.EXCLUSIVE_LOCAL_READ_BLOCKS,m.EXCLUSIVE_LOCAL_DIRTIED_BLOCKS,m.EXCLUSIVE_LOCAL_WRITTEN_BLOCKS,m.SHARED_HIT_BLOCKS,m.SHARED_READ_BLOCKS,m.SHARED_DIRTIED_BLOCKS,m.SHARED_WRITTEN_BLOCKS,m.TEMP_READ_BLOCKS,m.TEMP_WRITTEN_BLOCKS,m.LOCAL_HIT_BLOCKS,m.LOCAL_READ_BLOCKS,m.LOCAL_DIRTIED_BLOCKS,m.LOCAL_WRITTEN_BLOCKS,m.PLANNER_ESTIMATE_FACTOR,m.PLANNER_ESTIMATE_DIRECTION,m.SUBPLAN_NAME,m.GROUP_KEY,m.HASH_CONDITION,m.JOIN_TYPE,m.INDEX_NAME,m.HASH_CONDITION,m.EXCLUSIVE_IO_READ_TIME,m.EXCLUSIVE_IO_WRITE_TIME,m.AVERAGE_IO_READ_SPEED,m.AVERAGE_IO_WRITE_SPEED,m.IO_READ_TIME,m.IO_WRITE_TIME,m.HEAP_FETCHES,m.WAL_RECORDS,m.WAL_BYTES,m.WAL_FPI,m.NODE_ID,m.ROWS_REMOVED_BY_FILTER,m.ROWS_REMOVED_BY_JOIN_FILTER,m.ACTUAL_ROWS_REVISED,m.PLAN_ROWS_REVISED,m.ROWS_REMOVED_BY_FILTER_REVISED,m.ROWS_REMOVED_BY_JOIN_FILTER_REVISED,"size",m.RELATION_NAME,m.ALIAS,m.FUNCTION_NAME,m.STRATEGY,m.PARTIAL_MODE];function rR(t,e){return(!!e||Kt[t]===xn.increment||t===m.ACTUAL_ROWS)&&zH.indexOf(t)===-1}const GH={class:"tree-lines"},Sm=Ke({__name:"LevelDivider",props:{level:{},isSubplan:{type:Boolean},isNode:{type:Boolean},isLastChild:{type:Boolean},branches:{},index:{},dense:{type:Boolean,default:!1}},setup(t){const n=t.dense?"":" ";return(r,i)=>(w(),D("span",GH,[(w(!0),D($t,null,je(h(j).range(r.level),o=>(w(),D($t,null,[h(j).indexOf(r.branches,o)!=-1?(w(),D($t,{key:0},[T(mt(h(n))+"│",1)],64)):o!==0?(w(),D($t,{key:1},[T(mt(h(n))+" ",1)],64)):nt("",!0)],64))),256)),r.index!==0?(w(),D($t,{key:0},[r.isSubplan&&r.isNode?(w(),D($t,{key:1},[r.isLastChild?(w(),D($t,{key:1},[T(mt(h(n))+" ",1)],64)):(w(),D($t,{key:0},[T(mt(h(n))+"│",1)],64))],64)):(w(),D($t,{key:0},[T(mt(h(n))+mt(r.isLastChild?"└":"├"),1)],64))],64)):nt("",!0)]))}}),XH={class:"table-borderless"},KH={class:"text-nowrap p-0"},YH={class:"p-0 ps-1"},qH={class:"table-borderless"},jH={class:"p-0 ps-1"},JH=Ke({__name:"SortGroup",props:{sortGroup:{}},setup(t){return(e,n)=>(w(),D("div",null,[T(`
    Count: `+mt(e.sortGroup["Group Count"])+" ",1),n[6]||(n[6]=v("br",null,null,-1)),n[7]||(n[7]=T()),v("table",XH,[v("tbody",null,[v("tr",null,[v("td",KH,[n[0]||(n[0]=T(`
            Sort Method`)),e.sortGroup["Sort Methods Used"].length>1?(w(),D($t,{key:0},[T("s")],64)):nt("",!0),n[1]||(n[1]=T(`:
          `))]),n[2]||(n[2]=T()),v("td",YH,mt(h(Yi)(e.sortGroup["Sort Methods Used"])),1)])])]),n[8]||(n[8]=T()),v("table",qH,[v("tbody",null,[v("tr",null,[n[4]||(n[4]=v("td",{class:"p-0"},"Memory:",-1)),n[5]||(n[5]=T()),v("td",jH,[T(`
            Average:
            `+mt(h(e0)(e.sortGroup["Sort Space Memory"]["Average Sort Space Used"]))+" ",1),n[3]||(n[3]=v("br",null,null,-1)),T(`
            Peak:
            `+mt(h(e0)(e.sortGroup["Sort Space Memory"]["Peak Sort Space Used"])),1)])])])])]))}}),QH={class:"table table-sm table-borderless"},ZH={class:"text-end"},t5={class:"text-end"},e5={class:"text-end"},iR=Ke({__name:"JitDetails",props:{jit:{}},setup(t){const e=t;return(n,r)=>(w(),D("table",QH,[v("tbody",null,[v("tr",null,[r[0]||(r[0]=v("th",null,"Functions",-1)),r[1]||(r[1]=T()),v("td",ZH,mt(e.jit.Functions),1)]),r[4]||(r[4]=T()),r[5]||(r[5]=v("tr",null,[v("th",{colspan:"2"},"Options")],-1)),r[6]||(r[6]=T()),(w(!0),D($t,null,je(e.jit.Options,(i,o)=>(w(),D("tr",{key:o},[v("td",null,"  "+mt(o),1),r[2]||(r[2]=T()),v("td",t5,[T(mt(i?"✓":"✗")+" ",1),v("small",null,"("+mt(i)+")",1)])]))),128)),r[7]||(r[7]=T()),r[8]||(r[8]=v("tr",null,[v("th",{colspan:"2"},"Timing")],-1)),r[9]||(r[9]=T()),(w(!0),D($t,null,je(e.jit.Timing,(i,o)=>(w(),D("tr",{key:o},[v("td",null,"  "+mt(o),1),r[3]||(r[3]=T()),v("td",e5,mt(i)+" ms",1)]))),128))])]))}});var ih,rT;function n5(){if(rT)return ih;rT=1;function t(V){return V instanceof Map?V.clear=V.delete=V.set=function(){throw new Error("map is read-only")}:V instanceof Set&&(V.add=V.clear=V.delete=function(){throw new Error("set is read-only")}),Object.freeze(V),Object.getOwnPropertyNames(V).forEach(pt=>{const xt=V[pt],re=typeof xt;(re==="object"||re==="function")&&!Object.isFrozen(xt)&&t(xt)}),V}class e{constructor(pt){pt.data===void 0&&(pt.data={}),this.data=pt.data,this.isMatchIgnored=!1}ignoreMatch(){this.isMatchIgnored=!0}}function n(V){return V.replace(/&/g,"&amp;").replace(/</g,"&lt;").replace(/>/g,"&gt;").replace(/"/g,"&quot;").replace(/'/g,"&#x27;")}function r(V,...pt){const xt=Object.create(null);for(const re in V)xt[re]=V[re];return pt.forEach(function(re){for(const De in re)xt[De]=re[De]}),xt}const i="</span>",o=V=>!!V.scope,l=(V,{prefix:pt})=>{if(V.startsWith("language:"))return V.replace("language:","language-");if(V.includes(".")){const xt=V.split(".");return[`${pt}${xt.shift()}`,...xt.map((re,De)=>`${re}${"_".repeat(De+1)}`)].join(" ")}return`${pt}${V}`};class c{constructor(pt,xt){this.buffer="",this.classPrefix=xt.classPrefix,pt.walk(this)}addText(pt){this.buffer+=n(pt)}openNode(pt){if(!o(pt))return;const xt=l(pt.scope,{prefix:this.classPrefix});this.span(xt)}closeNode(pt){o(pt)&&(this.buffer+=i)}value(){return this.buffer}span(pt){this.buffer+=`<span class="${pt}">`}}const d=(V={})=>{const pt={children:[]};return Object.assign(pt,V),pt};class p{constructor(){this.rootNode=d(),this.stack=[this.rootNode]}get top(){return this.stack[this.stack.length-1]}get root(){return this.rootNode}add(pt){this.top.children.push(pt)}openNode(pt){const xt=d({scope:pt});this.add(xt),this.stack.push(xt)}closeNode(){if(this.stack.length>1)return this.stack.pop()}closeAllNodes(){for(;this.closeNode(););}toJSON(){return JSON.stringify(this.rootNode,null,4)}walk(pt){return this.constructor._walk(pt,this.rootNode)}static _walk(pt,xt){return typeof xt=="string"?pt.addText(xt):xt.children&&(pt.openNode(xt),xt.children.forEach(re=>this._walk(pt,re)),pt.closeNode(xt)),pt}static _collapse(pt){typeof pt!="string"&&pt.children&&(pt.children.every(xt=>typeof xt=="string")?pt.children=[pt.children.join("")]:pt.children.forEach(xt=>{p._collapse(xt)}))}}class f extends p{constructor(pt){super(),this.options=pt}addText(pt){pt!==""&&this.add(pt)}startScope(pt){this.openNode(pt)}endScope(){this.closeNode()}__addSublanguage(pt,xt){const re=pt.root;xt&&(re.scope=`language:${xt}`),this.add(re)}toHTML(){return new c(this,this.options).value()}finalize(){return this.closeAllNodes(),!0}}function E(V){return V?typeof V=="string"?V:V.source:null}function R(V){return b("(?=",V,")")}function O(V){return b("(?:",V,")*")}function I(V){return b("(?:",V,")?")}function b(...V){return V.map(xt=>E(xt)).join("")}function k(V){const pt=V[V.length-1];return typeof pt=="object"&&pt.constructor===Object?(V.splice(V.length-1,1),pt):{}}function A(...V){return"("+(k(V).capture?"":"?:")+V.map(re=>E(re)).join("|")+")"}function N(V){return new RegExp(V.toString()+"|").exec("").length-1}function K(V,pt){const xt=V&&V.exec(pt);return xt&&xt.index===0}const g=/\[(?:[^\\\]]|\\.)*\]|\(\??|\\([1-9][0-9]*)|\\./;function z(V,{joinWith:pt}){let xt=0;return V.map(re=>{xt+=1;const De=xt;let we=E(re),qt="";for(;we.length>0;){const zt=g.exec(we);if(!zt){qt+=we;break}qt+=we.substring(0,zt.index),we=we.substring(zt.index+zt[0].length),zt[0][0]==="\\"&&zt[1]?qt+="\\"+String(Number(zt[1])+De):(qt+=zt[0],zt[0]==="("&&xt++)}return qt}).map(re=>`(${re})`).join(pt)}const x=/\b\B/,U="[a-zA-Z]\\w*",et="[a-zA-Z_]\\w*",It="\\b\\d+(\\.\\d+)?",Bt="(-?)(\\b0[xX][a-fA-F0-9]+|(\\b\\d+(\\.\\d*)?|\\.\\d+)([eE][-+]?\\d+)?)",dt="\\b(0b[01]+)",Ct="!|!=|!==|%|%=|&|&&|&=|\\*|\\*=|\\+|\\+=|,|-|-=|/=|/|:|;|<<|<<=|<=|<|===|==|=|>>>=|>>=|>=|>>>|>>|>|\\?|\\[|\\{|\\(|\\^|\\^=|\\||\\|=|\\|\\||~",B=(V={})=>{const pt=/^#![ ]*\//;return V.binary&&(V.begin=b(pt,/.*\b/,V.binary,/\b.*/)),r({scope:"meta",begin:pt,end:/$/,relevance:0,"on:begin":(xt,re)=>{xt.index!==0&&re.ignoreMatch()}},V)},q={begin:"\\\\[\\s\\S]",relevance:0},At={scope:"string",begin:"'",end:"'",illegal:"\\n",contains:[q]},H={scope:"string",begin:'"',end:'"',illegal:"\\n",contains:[q]},W={begin:/\b(a|an|the|are|I'm|isn't|don't|doesn't|won't|but|just|should|pretty|simply|enough|gonna|going|wtf|so|such|will|you|your|they|like|more)\b/},ct=function(V,pt,xt={}){const re=r({scope:"comment",begin:V,end:pt,contains:[]},xt);re.contains.push({scope:"doctag",begin:"[ ]*(?=(TODO|FIXME|NOTE|BUG|OPTIMIZE|HACK|XXX):)",end:/(TODO|FIXME|NOTE|BUG|OPTIMIZE|HACK|XXX):/,excludeBegin:!0,relevance:0});const De=A("I","a","is","so","us","to","at","if","in","it","on",/[A-Za-z]+['](d|ve|re|ll|t|s|n)/,/[A-Za-z]+[-][a-z]+/,/[A-Za-z][a-z]{2,}/);return re.contains.push({begin:b(/[ ]+/,"(",De,/[.]?[:]?([.][ ]|[ ])/,"){3}")}),re},bt=ct("//","$"),Rt=ct("/\\*","\\*/"),st=ct("#","$"),Y={scope:"number",begin:It,relevance:0},P={scope:"number",begin:Bt,relevance:0},J={scope:"number",begin:dt,relevance:0},Z={scope:"regexp",begin:/\/(?=[^/\n]*\/)/,end:/\/[gimuy]*/,contains:[q,{begin:/\[/,end:/\]/,relevance:0,contains:[q]}]},C={scope:"title",begin:U,relevance:0},Mt={scope:"title",begin:et,relevance:0},ne={begin:"\\.\\s*"+et,relevance:0};var xe=Object.freeze({__proto__:null,APOS_STRING_MODE:At,BACKSLASH_ESCAPE:q,BINARY_NUMBER_MODE:J,BINARY_NUMBER_RE:dt,COMMENT:ct,C_BLOCK_COMMENT_MODE:Rt,C_LINE_COMMENT_MODE:bt,C_NUMBER_MODE:P,C_NUMBER_RE:Bt,END_SAME_AS_BEGIN:function(V){return Object.assign(V,{"on:begin":(pt,xt)=>{xt.data._beginMatch=pt[1]},"on:end":(pt,xt)=>{xt.data._beginMatch!==pt[1]&&xt.ignoreMatch()}})},HASH_COMMENT_MODE:st,IDENT_RE:U,MATCH_NOTHING_RE:x,METHOD_GUARD:ne,NUMBER_MODE:Y,NUMBER_RE:It,PHRASAL_WORDS_MODE:W,QUOTE_STRING_MODE:H,REGEXP_MODE:Z,RE_STARTERS_RE:Ct,SHEBANG:B,TITLE_MODE:C,UNDERSCORE_IDENT_RE:et,UNDERSCORE_TITLE_MODE:Mt});function ln(V,pt){V.input[V.index-1]==="."&&pt.ignoreMatch()}function F(V,pt){V.className!==void 0&&(V.scope=V.className,delete V.className)}function G(V,pt){pt&&V.beginKeywords&&(V.begin="\\b("+V.beginKeywords.split(" ").join("|")+")(?!\\.)(?=\\b|\\s)",V.__beforeBegin=ln,V.keywords=V.keywords||V.beginKeywords,delete V.beginKeywords,V.relevance===void 0&&(V.relevance=0))}function it(V,pt){Array.isArray(V.illegal)&&(V.illegal=A(...V.illegal))}function vt(V,pt){if(V.match){if(V.begin||V.end)throw new Error("begin & end are not supported with match");V.begin=V.match,delete V.match}}function Et(V,pt){V.relevance===void 0&&(V.relevance=1)}const _t=(V,pt)=>{if(!V.beforeMatch)return;if(V.starts)throw new Error("beforeMatch cannot be used with starts");const xt=Object.assign({},V);Object.keys(V).forEach(re=>{delete V[re]}),V.keywords=xt.keywords,V.begin=b(xt.beforeMatch,R(xt.begin)),V.starts={relevance:0,contains:[Object.assign(xt,{endsParent:!0})]},V.relevance=0,delete xt.beforeMatch},rt=["of","and","for","in","not","or","if","then","parent","list","value"],ot="keyword";function ft(V,pt,xt=ot){const re=Object.create(null);return typeof V=="string"?De(xt,V.split(" ")):Array.isArray(V)?De(xt,V):Object.keys(V).forEach(function(we){Object.assign(re,ft(V[we],pt,we))}),re;function De(we,qt){pt&&(qt=qt.map(zt=>zt.toLowerCase())),qt.forEach(function(zt){const ue=zt.split("|");re[ue[0]]=[we,ut(ue[0],ue[1])]})}}function ut(V,pt){return pt?Number(pt):Ht(V)?0:1}function Ht(V){return rt.includes(V.toLowerCase())}const Nt={},Ft=V=>{console.error(V)},Yt=(V,...pt)=>{console.log(`WARN: ${V}`,...pt)},te=(V,pt)=>{Nt[`${V}/${pt}`]||(console.log(`Deprecated as of ${V}. ${pt}`),Nt[`${V}/${pt}`]=!0)},fe=new Error;function ce(V,pt,{key:xt}){let re=0;const De=V[xt],we={},qt={};for(let zt=1;zt<=pt.length;zt++)qt[zt+re]=De[zt],we[zt+re]=!0,re+=N(pt[zt-1]);V[xt]=qt,V[xt]._emit=we,V[xt]._multi=!0}function cn(V){if(Array.isArray(V.begin)){if(V.skip||V.excludeBegin||V.returnBegin)throw Ft("skip, excludeBegin, returnBegin not compatible with beginScope: {}"),fe;if(typeof V.beginScope!="object"||V.beginScope===null)throw Ft("beginScope must be object"),fe;ce(V,V.begin,{key:"beginScope"}),V.begin=z(V.begin,{joinWith:""})}}function nn(V){if(Array.isArray(V.end)){if(V.skip||V.excludeEnd||V.returnEnd)throw Ft("skip, excludeEnd, returnEnd not compatible with endScope: {}"),fe;if(typeof V.endScope!="object"||V.endScope===null)throw Ft("endScope must be object"),fe;ce(V,V.end,{key:"endScope"}),V.end=z(V.end,{joinWith:""})}}function gn(V){V.scope&&typeof V.scope=="object"&&V.scope!==null&&(V.beginScope=V.scope,delete V.scope)}function Tn(V){gn(V),typeof V.beginScope=="string"&&(V.beginScope={_wrap:V.beginScope}),typeof V.endScope=="string"&&(V.endScope={_wrap:V.endScope}),cn(V),nn(V)}function Vn(V){function pt(qt,zt){return new RegExp(E(qt),"m"+(V.case_insensitive?"i":"")+(V.unicodeRegex?"u":"")+(zt?"g":""))}class xt{constructor(){this.matchIndexes={},this.regexes=[],this.matchAt=1,this.position=0}addRule(zt,ue){ue.position=this.position++,this.matchIndexes[this.matchAt]=ue,this.regexes.push([ue,zt]),this.matchAt+=N(zt)+1}compile(){this.regexes.length===0&&(this.exec=()=>null);const zt=this.regexes.map(ue=>ue[1]);this.matcherRe=pt(z(zt,{joinWith:"|"}),!0),this.lastIndex=0}exec(zt){this.matcherRe.lastIndex=this.lastIndex;const ue=this.matcherRe.exec(zt);if(!ue)return null;const dn=ue.findIndex((Hs,Va)=>Va>0&&Hs!==void 0),fn=this.matchIndexes[dn];return ue.splice(0,dn),Object.assign(ue,fn)}}class re{constructor(){this.rules=[],this.multiRegexes=[],this.count=0,this.lastIndex=0,this.regexIndex=0}getMatcher(zt){if(this.multiRegexes[zt])return this.multiRegexes[zt];const ue=new xt;return this.rules.slice(zt).forEach(([dn,fn])=>ue.addRule(dn,fn)),ue.compile(),this.multiRegexes[zt]=ue,ue}resumingScanAtSamePosition(){return this.regexIndex!==0}considerAll(){this.regexIndex=0}addRule(zt,ue){this.rules.push([zt,ue]),ue.type==="begin"&&this.count++}exec(zt){const ue=this.getMatcher(this.regexIndex);ue.lastIndex=this.lastIndex;let dn=ue.exec(zt);if(this.resumingScanAtSamePosition()&&!(dn&&dn.index===this.lastIndex)){const fn=this.getMatcher(0);fn.lastIndex=this.lastIndex+1,dn=fn.exec(zt)}return dn&&(this.regexIndex+=dn.position+1,this.regexIndex===this.count&&this.considerAll()),dn}}function De(qt){const zt=new re;return qt.contains.forEach(ue=>zt.addRule(ue.begin,{rule:ue,type:"begin"})),qt.terminatorEnd&&zt.addRule(qt.terminatorEnd,{type:"end"}),qt.illegal&&zt.addRule(qt.illegal,{type:"illegal"}),zt}function we(qt,zt){const ue=qt;if(qt.isCompiled)return ue;[F,vt,Tn,_t].forEach(fn=>fn(qt,zt)),V.compilerExtensions.forEach(fn=>fn(qt,zt)),qt.__beforeBegin=null,[G,it,Et].forEach(fn=>fn(qt,zt)),qt.isCompiled=!0;let dn=null;return typeof qt.keywords=="object"&&qt.keywords.$pattern&&(qt.keywords=Object.assign({},qt.keywords),dn=qt.keywords.$pattern,delete qt.keywords.$pattern),dn=dn||/\w+/,qt.keywords&&(qt.keywords=ft(qt.keywords,V.case_insensitive)),ue.keywordPatternRe=pt(dn,!0),zt&&(qt.begin||(qt.begin=/\B|\b/),ue.beginRe=pt(ue.begin),!qt.end&&!qt.endsWithParent&&(qt.end=/\B|\b/),qt.end&&(ue.endRe=pt(ue.end)),ue.terminatorEnd=E(ue.end)||"",qt.endsWithParent&&zt.terminatorEnd&&(ue.terminatorEnd+=(qt.end?"|":"")+zt.terminatorEnd)),qt.illegal&&(ue.illegalRe=pt(qt.illegal)),qt.contains||(qt.contains=[]),qt.contains=[].concat(...qt.contains.map(function(fn){return at(fn==="self"?qt:fn)})),qt.contains.forEach(function(fn){we(fn,ue)}),qt.starts&&we(qt.starts,zt),ue.matcher=De(ue),ue}if(V.compilerExtensions||(V.compilerExtensions=[]),V.contains&&V.contains.includes("self"))throw new Error("ERR: contains `self` is not supported at the top-level of a language.  See documentation.");return V.classNameAliases=r(V.classNameAliases||{}),we(V)}function M(V){return V?V.endsWithParent||M(V.starts):!1}function at(V){return V.variants&&!V.cachedVariants&&(V.cachedVariants=V.variants.map(function(pt){return r(V,{variants:null},pt)})),V.cachedVariants?V.cachedVariants:M(V)?r(V,{starts:V.starts?r(V.starts):null}):Object.isFrozen(V)?r(V):V}var St="11.11.1";class Gt extends Error{constructor(pt,xt){super(pt),this.name="HTMLInjectionError",this.html=xt}}const Vt=n,Le=r,We=Symbol("nomatch"),Rn=7,zr=function(V){const pt=Object.create(null),xt=Object.create(null),re=[];let De=!0;const we="Could not find the language '{}', did you forget to load/include a language module?",qt={disableAutodetect:!0,name:"Plain text",contains:[]};let zt={ignoreUnescapedHTML:!1,throwUnescapedHTML:!1,noHighlightRe:/^(no-?highlight)$/i,languageDetectRe:/\blang(?:uage)?-([\w-]+)\b/i,classPrefix:"hljs-",cssSelector:"pre code",languages:null,__emitter:f};function ue(kt){return zt.noHighlightRe.test(kt)}function dn(kt){let Zt=kt.className+" ";Zt+=kt.parentNode?kt.parentNode.className:"";const Re=zt.languageDetectRe.exec(Zt);if(Re){const Ge=ai(Re[1]);return Ge||(Yt(we.replace("{}",Re[1])),Yt("Falling back to no-highlight mode for this block.",kt)),Ge?Re[1]:"no-highlight"}return Zt.split(/\s+/).find(Ge=>ue(Ge)||ai(Ge))}function fn(kt,Zt,Re){let Ge="",hn="";typeof Zt=="object"?(Ge=kt,Re=Zt.ignoreIllegals,hn=Zt.language):(te("10.7.0","highlight(lang, code, ...args) has been deprecated."),te("10.7.0",`Please use highlight(code, options) instead.
https://github.com/highlightjs/highlight.js/issues/2277`),hn=kt,Ge=Zt),Re===void 0&&(Re=!0);const cr={code:Ge,language:hn};ko("before:highlight",cr);const Gr=cr.result?cr.result:Hs(cr.language,cr.code,Re);return Gr.code=cr.code,ko("after:highlight",Gr),Gr}function Hs(kt,Zt,Re,Ge){const hn=Object.create(null);function cr(Wt,Jt){return Wt.keywords[Jt]}function Gr(){if(!se.keywords){vn.addText(Xe);return}let Wt=0;se.keywordPatternRe.lastIndex=0;let Jt=se.keywordPatternRe.exec(Xe),Ee="";for(;Jt;){Ee+=Xe.substring(Wt,Jt.index);const Ie=ur.case_insensitive?Jt[0].toLowerCase():Jt[0],bn=cr(se,Ie);if(bn){const[Xr,ff]=bn;if(vn.addText(Ee),Ee="",hn[Ie]=(hn[Ie]||0)+1,hn[Ie]<=Rn&&(Vs+=ff),Xr.startsWith("_"))Ee+=Jt[0];else{const pf=ur.classNameAliases[Xr]||Xr;Qn(Jt[0],pf)}}else Ee+=Jt[0];Wt=se.keywordPatternRe.lastIndex,Jt=se.keywordPatternRe.exec(Xe)}Ee+=Xe.substring(Wt),vn.addText(Ee)}function Us(){if(Xe==="")return;let Wt=null;if(typeof se.subLanguage=="string"){if(!pt[se.subLanguage]){vn.addText(Xe);return}Wt=Hs(se.subLanguage,Xe,!0,Ya[se.subLanguage]),Ya[se.subLanguage]=Wt._top}else Wt=za(Xe,se.subLanguage.length?se.subLanguage:null);se.relevance>0&&(Vs+=Wt.relevance),vn.__addSublanguage(Wt._emitter,Wt.language)}function kn(){se.subLanguage!=null?Us():Gr(),Xe=""}function Qn(Wt,Jt){Wt!==""&&(vn.startScope(Jt),vn.addText(Wt),vn.endScope())}function mc(Wt,Jt){let Ee=1;const Ie=Jt.length-1;for(;Ee<=Ie;){if(!Wt._emit[Ee]){Ee++;continue}const bn=ur.classNameAliases[Wt[Ee]]||Wt[Ee],Xr=Jt[Ee];bn?Qn(Xr,bn):(Xe=Xr,Gr(),Xe=""),Ee++}}function Xa(Wt,Jt){return Wt.scope&&typeof Wt.scope=="string"&&vn.openNode(ur.classNameAliases[Wt.scope]||Wt.scope),Wt.beginScope&&(Wt.beginScope._wrap?(Qn(Xe,ur.classNameAliases[Wt.beginScope._wrap]||Wt.beginScope._wrap),Xe=""):Wt.beginScope._multi&&(mc(Wt.beginScope,Jt),Xe="")),se=Object.create(Wt,{parent:{value:se}}),se}function $s(Wt,Jt,Ee){let Ie=K(Wt.endRe,Ee);if(Ie){if(Wt["on:end"]){const bn=new e(Wt);Wt["on:end"](Jt,bn),bn.isMatchIgnored&&(Ie=!1)}if(Ie){for(;Wt.endsParent&&Wt.parent;)Wt=Wt.parent;return Wt}}if(Wt.endsWithParent)return $s(Wt.parent,Jt,Ee)}function _c(Wt){return se.matcher.regexIndex===0?(Xe+=Wt[0],1):(Do=!0,0)}function df(Wt){const Jt=Wt[0],Ee=Wt.rule,Ie=new e(Ee),bn=[Ee.__beforeBegin,Ee["on:begin"]];for(const Xr of bn)if(Xr&&(Xr(Wt,Ie),Ie.isMatchIgnored))return _c(Jt);return Ee.skip?Xe+=Jt:(Ee.excludeBegin&&(Xe+=Jt),kn(),!Ee.returnBegin&&!Ee.excludeBegin&&(Xe=Jt)),Xa(Ee,Wt),Ee.returnBegin?0:Jt.length}function Ec(Wt){const Jt=Wt[0],Ee=Zt.substring(Wt.index),Ie=$s(se,Wt,Ee);if(!Ie)return We;const bn=se;se.endScope&&se.endScope._wrap?(kn(),Qn(Jt,se.endScope._wrap)):se.endScope&&se.endScope._multi?(kn(),mc(se.endScope,Wt)):bn.skip?Xe+=Jt:(bn.returnEnd||bn.excludeEnd||(Xe+=Jt),kn(),bn.excludeEnd&&(Xe=Jt));do se.scope&&vn.closeNode(),!se.skip&&!se.subLanguage&&(Vs+=se.relevance),se=se.parent;while(se!==Ie.parent);return Ie.starts&&Xa(Ie.starts,Wt),bn.returnEnd?0:Jt.length}function gc(){const Wt=[];for(let Jt=se;Jt!==ur;Jt=Jt.parent)Jt.scope&&Wt.unshift(Jt.scope);Wt.forEach(Jt=>vn.openNode(Jt))}let os={};function Tc(Wt,Jt){const Ee=Jt&&Jt[0];if(Xe+=Wt,Ee==null)return kn(),0;if(os.type==="begin"&&Jt.type==="end"&&os.index===Jt.index&&Ee===""){if(Xe+=Zt.slice(Jt.index,Jt.index+1),!De){const Ie=new Error(`0 width match regex (${kt})`);throw Ie.languageName=kt,Ie.badRule=os.rule,Ie}return 1}if(os=Jt,Jt.type==="begin")return df(Jt);if(Jt.type==="illegal"&&!Re){const Ie=new Error('Illegal lexeme "'+Ee+'" for mode "'+(se.scope||"<unnamed>")+'"');throw Ie.mode=se,Ie}else if(Jt.type==="end"){const Ie=Ec(Jt);if(Ie!==We)return Ie}if(Jt.type==="illegal"&&Ee==="")return Xe+=`
`,1;if(Bo>1e5&&Bo>Jt.index*3)throw new Error("potential infinite loop, way more iterations than matches");return Xe+=Ee,Ee.length}const ur=ai(kt);if(!ur)throw Ft(we.replace("{}",kt)),new Error('Unknown language: "'+kt+'"');const Ka=Vn(ur);let Fs="",se=Ge||Ka;const Ya={},vn=new zt.__emitter(zt);gc();let Xe="",Vs=0,li=0,Bo=0,Do=!1;try{if(ur.__emitTokens)ur.__emitTokens(Zt,vn);else{for(se.matcher.considerAll();;){Bo++,Do?Do=!1:se.matcher.considerAll(),se.matcher.lastIndex=li;const Wt=se.matcher.exec(Zt);if(!Wt)break;const Jt=Zt.substring(li,Wt.index),Ee=Tc(Jt,Wt);li=Wt.index+Ee}Tc(Zt.substring(li))}return vn.finalize(),Fs=vn.toHTML(),{language:kt,value:Fs,relevance:Vs,illegal:!1,_emitter:vn,_top:se}}catch(Wt){if(Wt.message&&Wt.message.includes("Illegal"))return{language:kt,value:Vt(Zt),illegal:!0,relevance:0,_illegalBy:{message:Wt.message,index:li,context:Zt.slice(li-100,li+100),mode:Wt.mode,resultSoFar:Fs},_emitter:vn};if(De)return{language:kt,value:Vt(Zt),illegal:!1,relevance:0,errorRaised:Wt,_emitter:vn,_top:se};throw Wt}}function Va(kt){const Zt={value:Vt(kt),illegal:!1,relevance:0,_top:qt,_emitter:new zt.__emitter(zt)};return Zt._emitter.addText(kt),Zt}function za(kt,Zt){Zt=Zt||zt.languages||Object.keys(pt);const Re=Va(kt),Ge=Zt.filter(ai).filter(pc).map(kn=>Hs(kn,kt,!1));Ge.unshift(Re);const hn=Ge.sort((kn,Qn)=>{if(kn.relevance!==Qn.relevance)return Qn.relevance-kn.relevance;if(kn.language&&Qn.language){if(ai(kn.language).supersetOf===Qn.language)return 1;if(ai(Qn.language).supersetOf===kn.language)return-1}return 0}),[cr,Gr]=hn,Us=cr;return Us.secondBest=Gr,Us}function nf(kt,Zt,Re){const Ge=Zt&&xt[Zt]||Re;kt.classList.add("hljs"),kt.classList.add(`language-${Ge}`)}function Ga(kt){let Zt=null;const Re=dn(kt);if(ue(Re))return;if(ko("before:highlightElement",{el:kt,language:Re}),kt.dataset.highlighted){console.log("Element previously highlighted. To highlight again, first unset `dataset.highlighted`.",kt);return}if(kt.children.length>0&&(zt.ignoreUnescapedHTML||(console.warn("One of your code blocks includes unescaped HTML. This is a potentially serious security risk."),console.warn("https://github.com/highlightjs/highlight.js/wiki/security"),console.warn("The element with unescaped HTML:"),console.warn(kt)),zt.throwUnescapedHTML))throw new Gt("One of your code blocks includes unescaped HTML.",kt.innerHTML);Zt=kt;const Ge=Zt.textContent,hn=Re?fn(Ge,{language:Re,ignoreIllegals:!0}):za(Ge);kt.innerHTML=hn.value,kt.dataset.highlighted="yes",nf(kt,Re,hn.language),kt.result={language:hn.language,re:hn.relevance,relevance:hn.relevance},hn.secondBest&&(kt.secondBest={language:hn.secondBest.language,relevance:hn.secondBest.relevance}),ko("after:highlightElement",{el:kt,result:hn,text:Ge})}function rf(kt){zt=Le(zt,kt)}const sf=()=>{xo(),te("10.6.0","initHighlighting() deprecated.  Use highlightAll() now.")};function dc(){xo(),te("10.6.0","initHighlightingOnLoad() deprecated.  Use highlightAll() now.")}let fc=!1;function xo(){function kt(){xo()}if(document.readyState==="loading"){fc||window.addEventListener("DOMContentLoaded",kt,!1),fc=!0;return}document.querySelectorAll(zt.cssSelector).forEach(Ga)}function of(kt,Zt){let Re=null;try{Re=Zt(V)}catch(Ge){if(Ft("Language definition for '{}' could not be registered.".replace("{}",kt)),De)Ft(Ge);else throw Ge;Re=qt}Re.name||(Re.name=kt),pt[kt]=Re,Re.rawDefinition=Zt.bind(null,V),Re.aliases&&Ws(Re.aliases,{languageName:kt})}function af(kt){delete pt[kt];for(const Zt of Object.keys(xt))xt[Zt]===kt&&delete xt[Zt]}function lf(){return Object.keys(pt)}function ai(kt){return kt=(kt||"").toLowerCase(),pt[kt]||pt[xt[kt]]}function Ws(kt,{languageName:Zt}){typeof kt=="string"&&(kt=[kt]),kt.forEach(Re=>{xt[Re.toLowerCase()]=Zt})}function pc(kt){const Zt=ai(kt);return Zt&&!Zt.disableAutodetect}function Io(kt){kt["before:highlightBlock"]&&!kt["before:highlightElement"]&&(kt["before:highlightElement"]=Zt=>{kt["before:highlightBlock"](Object.assign({block:Zt.el},Zt))}),kt["after:highlightBlock"]&&!kt["after:highlightElement"]&&(kt["after:highlightElement"]=Zt=>{kt["after:highlightBlock"](Object.assign({block:Zt.el},Zt))})}function cf(kt){Io(kt),re.push(kt)}function uf(kt){const Zt=re.indexOf(kt);Zt!==-1&&re.splice(Zt,1)}function ko(kt,Zt){const Re=kt;re.forEach(function(Ge){Ge[Re]&&Ge[Re](Zt)})}function hc(kt){return te("10.7.0","highlightBlock will be removed entirely in v12.0"),te("10.7.0","Please use highlightElement now."),Ga(kt)}Object.assign(V,{highlight:fn,highlightAuto:za,highlightAll:xo,highlightElement:Ga,highlightBlock:hc,configure:rf,initHighlighting:sf,initHighlightingOnLoad:dc,registerLanguage:of,unregisterLanguage:af,listLanguages:lf,getLanguage:ai,registerAliases:Ws,autoDetection:pc,inherit:Le,addPlugin:cf,removePlugin:uf}),V.debugMode=function(){De=!1},V.safeMode=function(){De=!0},V.versionString=St,V.regex={concat:b,lookahead:R,either:A,optional:I,anyNumberOfTimes:O};for(const kt in xe)typeof xe[kt]=="object"&&t(xe[kt]);return Object.assign(V,xe),V},rn=zr({});return rn.newInstance=()=>zr({}),ih=rn,rn.HighlightJS=rn,rn.default=rn,ih}var r5=n5();const jd=fm(r5);function i5(t){const e=t.COMMENT("--","$"),n="[a-zA-Z_][a-zA-Z_0-9$]*",r="\\$([a-zA-Z_]?|[a-zA-Z_][a-zA-Z_0-9]*)\\$",i="<<\\s*"+n+"\\s*>>",o="ABORT ALTER ANALYZE BEGIN CALL CHECKPOINT|10 CLOSE CLUSTER COMMENT COMMIT COPY CREATE DEALLOCATE DECLARE DELETE DISCARD DO DROP END EXECUTE EXPLAIN FETCH GRANT IMPORT INSERT LISTEN LOAD LOCK MOVE NOTIFY PREPARE REASSIGN|10 REFRESH REINDEX RELEASE RESET REVOKE ROLLBACK SAVEPOINT SECURITY SELECT SET SHOW START TRUNCATE UNLISTEN|10 UPDATE VACUUM|10 VALUES AGGREGATE COLLATION CONVERSION|10 DATABASE DEFAULT PRIVILEGES DOMAIN TRIGGER EXTENSION FOREIGN WRAPPER|10 TABLE FUNCTION GROUP LANGUAGE LARGE OBJECT MATERIALIZED VIEW OPERATOR CLASS FAMILY POLICY PUBLICATION|10 ROLE RULE SCHEMA SEQUENCE SERVER STATISTICS SUBSCRIPTION SYSTEM TABLESPACE CONFIGURATION DICTIONARY PARSER TEMPLATE TYPE USER MAPPING PREPARED ACCESS METHOD CAST AS TRANSFORM TRANSACTION OWNED TO INTO SESSION AUTHORIZATION INDEX PROCEDURE ASSERTION ALL ANALYSE AND ANY ARRAY ASC ASYMMETRIC|10 BOTH CASE CHECK COLLATE COLUMN CONCURRENTLY|10 CONSTRAINT CROSS DEFERRABLE RANGE DESC DISTINCT ELSE EXCEPT FOR FREEZE|10 FROM FULL HAVING ILIKE IN INITIALLY INNER INTERSECT IS ISNULL JOIN LATERAL LEADING LIKE LIMIT NATURAL NOT NOTNULL NULL OFFSET ON ONLY OR ORDER OUTER OVERLAPS PLACING PRIMARY REFERENCES RETURNING SIMILAR SOME SYMMETRIC TABLESAMPLE THEN TRAILING UNION UNIQUE USING VARIADIC|10 VERBOSE WHEN WHERE WINDOW WITH BY RETURNS INOUT OUT SETOF|10 IF STRICT CURRENT CONTINUE OWNER LOCATION OVER PARTITION WITHIN BETWEEN ESCAPE EXTERNAL INVOKER DEFINER WORK RENAME VERSION CONNECTION CONNECT TABLES TEMP TEMPORARY FUNCTIONS SEQUENCES TYPES SCHEMAS OPTION CASCADE RESTRICT ADD ADMIN EXISTS VALID VALIDATE ENABLE DISABLE REPLICA|10 ALWAYS PASSING COLUMNS PATH REF VALUE OVERRIDING IMMUTABLE STABLE VOLATILE BEFORE AFTER EACH ROW PROCEDURAL ROUTINE NO HANDLER VALIDATOR OPTIONS STORAGE OIDS|10 WITHOUT INHERIT DEPENDS CALLED INPUT LEAKPROOF|10 COST ROWS NOWAIT SEARCH UNTIL ENCRYPTED|10 PASSWORD CONFLICT|10 INSTEAD INHERITS CHARACTERISTICS WRITE CURSOR ALSO STATEMENT SHARE EXCLUSIVE INLINE ISOLATION REPEATABLE READ COMMITTED SERIALIZABLE UNCOMMITTED LOCAL GLOBAL SQL PROCEDURES RECURSIVE SNAPSHOT ROLLUP CUBE TRUSTED|10 INCLUDE FOLLOWING PRECEDING UNBOUNDED RANGE GROUPS UNENCRYPTED|10 SYSID FORMAT DELIMITER HEADER QUOTE ENCODING FILTER OFF FORCE_QUOTE FORCE_NOT_NULL FORCE_NULL COSTS BUFFERS TIMING SUMMARY DISABLE_PAGE_SKIPPING RESTART CYCLE GENERATED IDENTITY DEFERRED IMMEDIATE LEVEL LOGGED UNLOGGED OF NOTHING NONE EXCLUDE ATTRIBUTE USAGE ROUTINES TRUE FALSE NAN INFINITY ",l="SUPERUSER NOSUPERUSER CREATEDB NOCREATEDB CREATEROLE NOCREATEROLE INHERIT NOINHERIT LOGIN NOLOGIN REPLICATION NOREPLICATION BYPASSRLS NOBYPASSRLS ",c="ALIAS BEGIN CONSTANT DECLARE END EXCEPTION RETURN PERFORM|10 RAISE GET DIAGNOSTICS STACKED|10 FOREACH LOOP ELSIF EXIT WHILE REVERSE SLICE DEBUG LOG INFO NOTICE WARNING ASSERT OPEN ",d="BIGINT INT8 BIGSERIAL SERIAL8 BIT VARYING VARBIT BOOLEAN BOOL BOX BYTEA CHARACTER CHAR VARCHAR CIDR CIRCLE DATE DOUBLE PRECISION FLOAT8 FLOAT INET INTEGER INT INT4 INTERVAL JSON JSONB LINE LSEG|10 MACADDR MACADDR8 MONEY NUMERIC DEC DECIMAL PATH POINT POLYGON REAL FLOAT4 SMALLINT INT2 SMALLSERIAL|10 SERIAL2|10 SERIAL|10 SERIAL4|10 TEXT TIME ZONE TIMETZ|10 TIMESTAMP TIMESTAMPTZ|10 TSQUERY|10 TSVECTOR|10 TXID_SNAPSHOT|10 UUID XML NATIONAL NCHAR INT4RANGE|10 INT8RANGE|10 NUMRANGE|10 TSRANGE|10 TSTZRANGE|10 DATERANGE|10 ANYELEMENT ANYARRAY ANYNONARRAY ANYENUM ANYRANGE CSTRING INTERNAL RECORD PG_DDL_COMMAND VOID UNKNOWN OPAQUE REFCURSOR NAME OID REGPROC|10 REGPROCEDURE|10 REGOPER|10 REGOPERATOR|10 REGCLASS|10 REGTYPE|10 REGROLE|10 REGNAMESPACE|10 REGCONFIG|10 REGDICTIONARY|10 ",p=d.trim().split(" ").map(function(b){return b.split("|")[0]}).join("|"),f="CURRENT_TIME CURRENT_TIMESTAMP CURRENT_USER CURRENT_CATALOG|10 CURRENT_DATE LOCALTIME LOCALTIMESTAMP CURRENT_ROLE|10 CURRENT_SCHEMA|10 SESSION_USER PUBLIC ",E="FOUND NEW OLD TG_NAME|10 TG_WHEN|10 TG_LEVEL|10 TG_OP|10 TG_RELID|10 TG_RELNAME|10 TG_TABLE_NAME|10 TG_TABLE_SCHEMA|10 TG_NARGS|10 TG_ARGV|10 TG_EVENT|10 TG_TAG|10 ROW_COUNT RESULT_OID|10 PG_CONTEXT|10 RETURNED_SQLSTATE COLUMN_NAME CONSTRAINT_NAME PG_DATATYPE_NAME|10 MESSAGE_TEXT TABLE_NAME SCHEMA_NAME PG_EXCEPTION_DETAIL|10 PG_EXCEPTION_HINT|10 PG_EXCEPTION_CONTEXT|10 ",R="SQLSTATE SQLERRM|10 SUCCESSFUL_COMPLETION WARNING DYNAMIC_RESULT_SETS_RETURNED IMPLICIT_ZERO_BIT_PADDING NULL_VALUE_ELIMINATED_IN_SET_FUNCTION PRIVILEGE_NOT_GRANTED PRIVILEGE_NOT_REVOKED STRING_DATA_RIGHT_TRUNCATION DEPRECATED_FEATURE NO_DATA NO_ADDITIONAL_DYNAMIC_RESULT_SETS_RETURNED SQL_STATEMENT_NOT_YET_COMPLETE CONNECTION_EXCEPTION CONNECTION_DOES_NOT_EXIST CONNECTION_FAILURE SQLCLIENT_UNABLE_TO_ESTABLISH_SQLCONNECTION SQLSERVER_REJECTED_ESTABLISHMENT_OF_SQLCONNECTION TRANSACTION_RESOLUTION_UNKNOWN PROTOCOL_VIOLATION TRIGGERED_ACTION_EXCEPTION FEATURE_NOT_SUPPORTED INVALID_TRANSACTION_INITIATION LOCATOR_EXCEPTION INVALID_LOCATOR_SPECIFICATION INVALID_GRANTOR INVALID_GRANT_OPERATION INVALID_ROLE_SPECIFICATION DIAGNOSTICS_EXCEPTION STACKED_DIAGNOSTICS_ACCESSED_WITHOUT_ACTIVE_HANDLER CASE_NOT_FOUND CARDINALITY_VIOLATION DATA_EXCEPTION ARRAY_SUBSCRIPT_ERROR CHARACTER_NOT_IN_REPERTOIRE DATETIME_FIELD_OVERFLOW DIVISION_BY_ZERO ERROR_IN_ASSIGNMENT ESCAPE_CHARACTER_CONFLICT INDICATOR_OVERFLOW INTERVAL_FIELD_OVERFLOW INVALID_ARGUMENT_FOR_LOGARITHM INVALID_ARGUMENT_FOR_NTILE_FUNCTION INVALID_ARGUMENT_FOR_NTH_VALUE_FUNCTION INVALID_ARGUMENT_FOR_POWER_FUNCTION INVALID_ARGUMENT_FOR_WIDTH_BUCKET_FUNCTION INVALID_CHARACTER_VALUE_FOR_CAST INVALID_DATETIME_FORMAT INVALID_ESCAPE_CHARACTER INVALID_ESCAPE_OCTET INVALID_ESCAPE_SEQUENCE NONSTANDARD_USE_OF_ESCAPE_CHARACTER INVALID_INDICATOR_PARAMETER_VALUE INVALID_PARAMETER_VALUE INVALID_REGULAR_EXPRESSION INVALID_ROW_COUNT_IN_LIMIT_CLAUSE INVALID_ROW_COUNT_IN_RESULT_OFFSET_CLAUSE INVALID_TABLESAMPLE_ARGUMENT INVALID_TABLESAMPLE_REPEAT INVALID_TIME_ZONE_DISPLACEMENT_VALUE INVALID_USE_OF_ESCAPE_CHARACTER MOST_SPECIFIC_TYPE_MISMATCH NULL_VALUE_NOT_ALLOWED NULL_VALUE_NO_INDICATOR_PARAMETER NUMERIC_VALUE_OUT_OF_RANGE SEQUENCE_GENERATOR_LIMIT_EXCEEDED STRING_DATA_LENGTH_MISMATCH STRING_DATA_RIGHT_TRUNCATION SUBSTRING_ERROR TRIM_ERROR UNTERMINATED_C_STRING ZERO_LENGTH_CHARACTER_STRING FLOATING_POINT_EXCEPTION INVALID_TEXT_REPRESENTATION INVALID_BINARY_REPRESENTATION BAD_COPY_FILE_FORMAT UNTRANSLATABLE_CHARACTER NOT_AN_XML_DOCUMENT INVALID_XML_DOCUMENT INVALID_XML_CONTENT INVALID_XML_COMMENT INVALID_XML_PROCESSING_INSTRUCTION INTEGRITY_CONSTRAINT_VIOLATION RESTRICT_VIOLATION NOT_NULL_VIOLATION FOREIGN_KEY_VIOLATION UNIQUE_VIOLATION CHECK_VIOLATION EXCLUSION_VIOLATION INVALID_CURSOR_STATE INVALID_TRANSACTION_STATE ACTIVE_SQL_TRANSACTION BRANCH_TRANSACTION_ALREADY_ACTIVE HELD_CURSOR_REQUIRES_SAME_ISOLATION_LEVEL INAPPROPRIATE_ACCESS_MODE_FOR_BRANCH_TRANSACTION INAPPROPRIATE_ISOLATION_LEVEL_FOR_BRANCH_TRANSACTION NO_ACTIVE_SQL_TRANSACTION_FOR_BRANCH_TRANSACTION READ_ONLY_SQL_TRANSACTION SCHEMA_AND_DATA_STATEMENT_MIXING_NOT_SUPPORTED NO_ACTIVE_SQL_TRANSACTION IN_FAILED_SQL_TRANSACTION IDLE_IN_TRANSACTION_SESSION_TIMEOUT INVALID_SQL_STATEMENT_NAME TRIGGERED_DATA_CHANGE_VIOLATION INVALID_AUTHORIZATION_SPECIFICATION INVALID_PASSWORD DEPENDENT_PRIVILEGE_DESCRIPTORS_STILL_EXIST DEPENDENT_OBJECTS_STILL_EXIST INVALID_TRANSACTION_TERMINATION SQL_ROUTINE_EXCEPTION FUNCTION_EXECUTED_NO_RETURN_STATEMENT MODIFYING_SQL_DATA_NOT_PERMITTED PROHIBITED_SQL_STATEMENT_ATTEMPTED READING_SQL_DATA_NOT_PERMITTED INVALID_CURSOR_NAME EXTERNAL_ROUTINE_EXCEPTION CONTAINING_SQL_NOT_PERMITTED MODIFYING_SQL_DATA_NOT_PERMITTED PROHIBITED_SQL_STATEMENT_ATTEMPTED READING_SQL_DATA_NOT_PERMITTED EXTERNAL_ROUTINE_INVOCATION_EXCEPTION INVALID_SQLSTATE_RETURNED NULL_VALUE_NOT_ALLOWED TRIGGER_PROTOCOL_VIOLATED SRF_PROTOCOL_VIOLATED EVENT_TRIGGER_PROTOCOL_VIOLATED SAVEPOINT_EXCEPTION INVALID_SAVEPOINT_SPECIFICATION INVALID_CATALOG_NAME INVALID_SCHEMA_NAME TRANSACTION_ROLLBACK TRANSACTION_INTEGRITY_CONSTRAINT_VIOLATION SERIALIZATION_FAILURE STATEMENT_COMPLETION_UNKNOWN DEADLOCK_DETECTED SYNTAX_ERROR_OR_ACCESS_RULE_VIOLATION SYNTAX_ERROR INSUFFICIENT_PRIVILEGE CANNOT_COERCE GROUPING_ERROR WINDOWING_ERROR INVALID_RECURSION INVALID_FOREIGN_KEY INVALID_NAME NAME_TOO_LONG RESERVED_NAME DATATYPE_MISMATCH INDETERMINATE_DATATYPE COLLATION_MISMATCH INDETERMINATE_COLLATION WRONG_OBJECT_TYPE GENERATED_ALWAYS UNDEFINED_COLUMN UNDEFINED_FUNCTION UNDEFINED_TABLE UNDEFINED_PARAMETER UNDEFINED_OBJECT DUPLICATE_COLUMN DUPLICATE_CURSOR DUPLICATE_DATABASE DUPLICATE_FUNCTION DUPLICATE_PREPARED_STATEMENT DUPLICATE_SCHEMA DUPLICATE_TABLE DUPLICATE_ALIAS DUPLICATE_OBJECT AMBIGUOUS_COLUMN AMBIGUOUS_FUNCTION AMBIGUOUS_PARAMETER AMBIGUOUS_ALIAS INVALID_COLUMN_REFERENCE INVALID_COLUMN_DEFINITION INVALID_CURSOR_DEFINITION INVALID_DATABASE_DEFINITION INVALID_FUNCTION_DEFINITION INVALID_PREPARED_STATEMENT_DEFINITION INVALID_SCHEMA_DEFINITION INVALID_TABLE_DEFINITION INVALID_OBJECT_DEFINITION WITH_CHECK_OPTION_VIOLATION INSUFFICIENT_RESOURCES DISK_FULL OUT_OF_MEMORY TOO_MANY_CONNECTIONS CONFIGURATION_LIMIT_EXCEEDED PROGRAM_LIMIT_EXCEEDED STATEMENT_TOO_COMPLEX TOO_MANY_COLUMNS TOO_MANY_ARGUMENTS OBJECT_NOT_IN_PREREQUISITE_STATE OBJECT_IN_USE CANT_CHANGE_RUNTIME_PARAM LOCK_NOT_AVAILABLE OPERATOR_INTERVENTION QUERY_CANCELED ADMIN_SHUTDOWN CRASH_SHUTDOWN CANNOT_CONNECT_NOW DATABASE_DROPPED SYSTEM_ERROR IO_ERROR UNDEFINED_FILE DUPLICATE_FILE SNAPSHOT_TOO_OLD CONFIG_FILE_ERROR LOCK_FILE_EXISTS FDW_ERROR FDW_COLUMN_NAME_NOT_FOUND FDW_DYNAMIC_PARAMETER_VALUE_NEEDED FDW_FUNCTION_SEQUENCE_ERROR FDW_INCONSISTENT_DESCRIPTOR_INFORMATION FDW_INVALID_ATTRIBUTE_VALUE FDW_INVALID_COLUMN_NAME FDW_INVALID_COLUMN_NUMBER FDW_INVALID_DATA_TYPE FDW_INVALID_DATA_TYPE_DESCRIPTORS FDW_INVALID_DESCRIPTOR_FIELD_IDENTIFIER FDW_INVALID_HANDLE FDW_INVALID_OPTION_INDEX FDW_INVALID_OPTION_NAME FDW_INVALID_STRING_LENGTH_OR_BUFFER_LENGTH FDW_INVALID_STRING_FORMAT FDW_INVALID_USE_OF_NULL_POINTER FDW_TOO_MANY_HANDLES FDW_OUT_OF_MEMORY FDW_NO_SCHEMAS FDW_OPTION_NAME_NOT_FOUND FDW_REPLY_HANDLE FDW_SCHEMA_NOT_FOUND FDW_TABLE_NOT_FOUND FDW_UNABLE_TO_CREATE_EXECUTION FDW_UNABLE_TO_CREATE_REPLY FDW_UNABLE_TO_ESTABLISH_CONNECTION PLPGSQL_ERROR RAISE_EXCEPTION NO_DATA_FOUND TOO_MANY_ROWS ASSERT_FAILURE INTERNAL_ERROR DATA_CORRUPTED INDEX_CORRUPTED ",I="ARRAY_AGG AVG BIT_AND BIT_OR BOOL_AND BOOL_OR COUNT EVERY JSON_AGG JSONB_AGG JSON_OBJECT_AGG JSONB_OBJECT_AGG MAX MIN MODE STRING_AGG SUM XMLAGG CORR COVAR_POP COVAR_SAMP REGR_AVGX REGR_AVGY REGR_COUNT REGR_INTERCEPT REGR_R2 REGR_SLOPE REGR_SXX REGR_SXY REGR_SYY STDDEV STDDEV_POP STDDEV_SAMP VARIANCE VAR_POP VAR_SAMP PERCENTILE_CONT PERCENTILE_DISC ROW_NUMBER RANK DENSE_RANK PERCENT_RANK CUME_DIST NTILE LAG LEAD FIRST_VALUE LAST_VALUE NTH_VALUE NUM_NONNULLS NUM_NULLS ABS CBRT CEIL CEILING DEGREES DIV EXP FLOOR LN LOG MOD PI POWER RADIANS ROUND SCALE SIGN SQRT TRUNC WIDTH_BUCKET RANDOM SETSEED ACOS ACOSD ASIN ASIND ATAN ATAND ATAN2 ATAN2D COS COSD COT COTD SIN SIND TAN TAND BIT_LENGTH CHAR_LENGTH CHARACTER_LENGTH LOWER OCTET_LENGTH OVERLAY POSITION SUBSTRING TREAT TRIM UPPER ASCII BTRIM CHR CONCAT CONCAT_WS CONVERT CONVERT_FROM CONVERT_TO DECODE ENCODE INITCAP LEFT LENGTH LPAD LTRIM MD5 PARSE_IDENT PG_CLIENT_ENCODING QUOTE_IDENT|10 QUOTE_LITERAL|10 QUOTE_NULLABLE|10 REGEXP_MATCH REGEXP_MATCHES REGEXP_REPLACE REGEXP_SPLIT_TO_ARRAY REGEXP_SPLIT_TO_TABLE REPEAT REPLACE REVERSE RIGHT RPAD RTRIM SPLIT_PART STRPOS SUBSTR TO_ASCII TO_HEX TRANSLATE OCTET_LENGTH GET_BIT GET_BYTE SET_BIT SET_BYTE TO_CHAR TO_DATE TO_NUMBER TO_TIMESTAMP AGE CLOCK_TIMESTAMP|10 DATE_PART DATE_TRUNC ISFINITE JUSTIFY_DAYS JUSTIFY_HOURS JUSTIFY_INTERVAL MAKE_DATE MAKE_INTERVAL|10 MAKE_TIME MAKE_TIMESTAMP|10 MAKE_TIMESTAMPTZ|10 NOW STATEMENT_TIMESTAMP|10 TIMEOFDAY TRANSACTION_TIMESTAMP|10 ENUM_FIRST ENUM_LAST ENUM_RANGE AREA CENTER DIAMETER HEIGHT ISCLOSED ISOPEN NPOINTS PCLOSE POPEN RADIUS WIDTH BOX BOUND_BOX CIRCLE LINE LSEG PATH POLYGON ABBREV BROADCAST HOST HOSTMASK MASKLEN NETMASK NETWORK SET_MASKLEN TEXT INET_SAME_FAMILY INET_MERGE MACADDR8_SET7BIT ARRAY_TO_TSVECTOR GET_CURRENT_TS_CONFIG NUMNODE PLAINTO_TSQUERY PHRASETO_TSQUERY WEBSEARCH_TO_TSQUERY QUERYTREE SETWEIGHT STRIP TO_TSQUERY TO_TSVECTOR JSON_TO_TSVECTOR JSONB_TO_TSVECTOR TS_DELETE TS_FILTER TS_HEADLINE TS_RANK TS_RANK_CD TS_REWRITE TSQUERY_PHRASE TSVECTOR_TO_ARRAY TSVECTOR_UPDATE_TRIGGER TSVECTOR_UPDATE_TRIGGER_COLUMN XMLCOMMENT XMLCONCAT XMLELEMENT XMLFOREST XMLPI XMLROOT XMLEXISTS XML_IS_WELL_FORMED XML_IS_WELL_FORMED_DOCUMENT XML_IS_WELL_FORMED_CONTENT XPATH XPATH_EXISTS XMLTABLE XMLNAMESPACES TABLE_TO_XML TABLE_TO_XMLSCHEMA TABLE_TO_XML_AND_XMLSCHEMA QUERY_TO_XML QUERY_TO_XMLSCHEMA QUERY_TO_XML_AND_XMLSCHEMA CURSOR_TO_XML CURSOR_TO_XMLSCHEMA SCHEMA_TO_XML SCHEMA_TO_XMLSCHEMA SCHEMA_TO_XML_AND_XMLSCHEMA DATABASE_TO_XML DATABASE_TO_XMLSCHEMA DATABASE_TO_XML_AND_XMLSCHEMA XMLATTRIBUTES TO_JSON TO_JSONB ARRAY_TO_JSON ROW_TO_JSON JSON_BUILD_ARRAY JSONB_BUILD_ARRAY JSON_BUILD_OBJECT JSONB_BUILD_OBJECT JSON_OBJECT JSONB_OBJECT JSON_ARRAY_LENGTH JSONB_ARRAY_LENGTH JSON_EACH JSONB_EACH JSON_EACH_TEXT JSONB_EACH_TEXT JSON_EXTRACT_PATH JSONB_EXTRACT_PATH JSON_OBJECT_KEYS JSONB_OBJECT_KEYS JSON_POPULATE_RECORD JSONB_POPULATE_RECORD JSON_POPULATE_RECORDSET JSONB_POPULATE_RECORDSET JSON_ARRAY_ELEMENTS JSONB_ARRAY_ELEMENTS JSON_ARRAY_ELEMENTS_TEXT JSONB_ARRAY_ELEMENTS_TEXT JSON_TYPEOF JSONB_TYPEOF JSON_TO_RECORD JSONB_TO_RECORD JSON_TO_RECORDSET JSONB_TO_RECORDSET JSON_STRIP_NULLS JSONB_STRIP_NULLS JSONB_SET JSONB_INSERT JSONB_PRETTY CURRVAL LASTVAL NEXTVAL SETVAL COALESCE NULLIF GREATEST LEAST ARRAY_APPEND ARRAY_CAT ARRAY_NDIMS ARRAY_DIMS ARRAY_FILL ARRAY_LENGTH ARRAY_LOWER ARRAY_POSITION ARRAY_POSITIONS ARRAY_PREPEND ARRAY_REMOVE ARRAY_REPLACE ARRAY_TO_STRING ARRAY_UPPER CARDINALITY STRING_TO_ARRAY UNNEST ISEMPTY LOWER_INC UPPER_INC LOWER_INF UPPER_INF RANGE_MERGE GENERATE_SERIES GENERATE_SUBSCRIPTS CURRENT_DATABASE CURRENT_QUERY CURRENT_SCHEMA|10 CURRENT_SCHEMAS|10 INET_CLIENT_ADDR INET_CLIENT_PORT INET_SERVER_ADDR INET_SERVER_PORT ROW_SECURITY_ACTIVE FORMAT_TYPE TO_REGCLASS TO_REGPROC TO_REGPROCEDURE TO_REGOPER TO_REGOPERATOR TO_REGTYPE TO_REGNAMESPACE TO_REGROLE COL_DESCRIPTION OBJ_DESCRIPTION SHOBJ_DESCRIPTION TXID_CURRENT TXID_CURRENT_IF_ASSIGNED TXID_CURRENT_SNAPSHOT TXID_SNAPSHOT_XIP TXID_SNAPSHOT_XMAX TXID_SNAPSHOT_XMIN TXID_VISIBLE_IN_SNAPSHOT TXID_STATUS CURRENT_SETTING SET_CONFIG BRIN_SUMMARIZE_NEW_VALUES BRIN_SUMMARIZE_RANGE BRIN_DESUMMARIZE_RANGE GIN_CLEAN_PENDING_LIST SUPPRESS_REDUNDANT_UPDATES_TRIGGER LO_FROM_BYTEA LO_PUT LO_GET LO_CREAT LO_CREATE LO_UNLINK LO_IMPORT LO_EXPORT LOREAD LOWRITE GROUPING CAST ".trim().split(" ").map(function(b){return b.split("|")[0]}).join("|");return{name:"PostgreSQL",aliases:["postgres","postgresql"],supersetOf:"sql",case_insensitive:!0,keywords:{keyword:o+c+l,built_in:f+E+R},illegal:/:==|\W\s*\(\*|(^|\s)\$[a-z]|\{\{|[a-z]:\s*$|\.\.\.|TO:|DO:/,contains:[{className:"keyword",variants:[{begin:/\bTEXT\s*SEARCH\b/},{begin:/\b(PRIMARY|FOREIGN|FOR(\s+NO)?)\s+KEY\b/},{begin:/\bPARALLEL\s+(UNSAFE|RESTRICTED|SAFE)\b/},{begin:/\bSTORAGE\s+(PLAIN|EXTERNAL|EXTENDED|MAIN)\b/},{begin:/\bMATCH\s+(FULL|PARTIAL|SIMPLE)\b/},{begin:/\bNULLS\s+(FIRST|LAST)\b/},{begin:/\bEVENT\s+TRIGGER\b/},{begin:/\b(MAPPING|OR)\s+REPLACE\b/},{begin:/\b(FROM|TO)\s+(PROGRAM|STDIN|STDOUT)\b/},{begin:/\b(SHARE|EXCLUSIVE)\s+MODE\b/},{begin:/\b(LEFT|RIGHT)\s+(OUTER\s+)?JOIN\b/},{begin:/\b(FETCH|MOVE)\s+(NEXT|PRIOR|FIRST|LAST|ABSOLUTE|RELATIVE|FORWARD|BACKWARD)\b/},{begin:/\bPRESERVE\s+ROWS\b/},{begin:/\bDISCARD\s+PLANS\b/},{begin:/\bREFERENCING\s+(OLD|NEW)\b/},{begin:/\bSKIP\s+LOCKED\b/},{begin:/\bGROUPING\s+SETS\b/},{begin:/\b(BINARY|INSENSITIVE|SCROLL|NO\s+SCROLL)\s+(CURSOR|FOR)\b/},{begin:/\b(WITH|WITHOUT)\s+HOLD\b/},{begin:/\bWITH\s+(CASCADED|LOCAL)\s+CHECK\s+OPTION\b/},{begin:/\bEXCLUDE\s+(TIES|NO\s+OTHERS)\b/},{begin:/\bFORMAT\s+(TEXT|XML|JSON|YAML)\b/},{begin:/\bSET\s+((SESSION|LOCAL)\s+)?NAMES\b/},{begin:/\bIS\s+(NOT\s+)?UNKNOWN\b/},{begin:/\bSECURITY\s+LABEL\b/},{begin:/\bSTANDALONE\s+(YES|NO|NO\s+VALUE)\b/},{begin:/\bWITH\s+(NO\s+)?DATA\b/},{begin:/\b(FOREIGN|SET)\s+DATA\b/},{begin:/\bSET\s+(CATALOG|CONSTRAINTS)\b/},{begin:/\b(WITH|FOR)\s+ORDINALITY\b/},{begin:/\bIS\s+(NOT\s+)?DOCUMENT\b/},{begin:/\bXML\s+OPTION\s+(DOCUMENT|CONTENT)\b/},{begin:/\b(STRIP|PRESERVE)\s+WHITESPACE\b/},{begin:/\bNO\s+(ACTION|MAXVALUE|MINVALUE)\b/},{begin:/\bPARTITION\s+BY\s+(RANGE|LIST|HASH)\b/},{begin:/\bAT\s+TIME\s+ZONE\b/},{begin:/\bGRANTED\s+BY\b/},{begin:/\bRETURN\s+(QUERY|NEXT)\b/},{begin:/\b(ATTACH|DETACH)\s+PARTITION\b/},{begin:/\bFORCE\s+ROW\s+LEVEL\s+SECURITY\b/},{begin:/\b(INCLUDING|EXCLUDING)\s+(COMMENTS|CONSTRAINTS|DEFAULTS|IDENTITY|INDEXES|STATISTICS|STORAGE|ALL)\b/},{begin:/\bAS\s+(ASSIGNMENT|IMPLICIT|PERMISSIVE|RESTRICTIVE|ENUM|RANGE)\b/}]},{begin:/\b(FORMAT|FAMILY|VERSION)\s*\(/},{begin:/\bINCLUDE\s*\(/,keywords:"INCLUDE"},{begin:/\bRANGE(?!\s*(BETWEEN|UNBOUNDED|CURRENT|[-0-9]+))/},{begin:/\b(VERSION|OWNER|TEMPLATE|TABLESPACE|CONNECTION\s+LIMIT|PROCEDURE|RESTRICT|JOIN|PARSER|COPY|START|END|COLLATION|INPUT|ANALYZE|STORAGE|LIKE|DEFAULT|DELIMITER|ENCODING|COLUMN|CONSTRAINT|TABLE|SCHEMA)\s*=/},{begin:/\b(PG_\w+?|HAS_[A-Z_]+_PRIVILEGE)\b/,relevance:10},{begin:/\bEXTRACT\s*\(/,end:/\bFROM\b/,returnEnd:!0,keywords:{type:"CENTURY DAY DECADE DOW DOY EPOCH HOUR ISODOW ISOYEAR MICROSECONDS MILLENNIUM MILLISECONDS MINUTE MONTH QUARTER SECOND TIMEZONE TIMEZONE_HOUR TIMEZONE_MINUTE WEEK YEAR"}},{begin:/\b(XMLELEMENT|XMLPI)\s*\(\s*NAME/,keywords:{keyword:"NAME"}},{begin:/\b(XMLPARSE|XMLSERIALIZE)\s*\(\s*(DOCUMENT|CONTENT)/,keywords:{keyword:"DOCUMENT CONTENT"}},{beginKeywords:"CACHE INCREMENT MAXVALUE MINVALUE",end:t.C_NUMBER_RE,returnEnd:!0,keywords:"BY CACHE INCREMENT MAXVALUE MINVALUE"},{className:"type",begin:/\b(WITH|WITHOUT)\s+TIME\s+ZONE\b/},{className:"type",begin:/\bINTERVAL\s+(YEAR|MONTH|DAY|HOUR|MINUTE|SECOND)(\s+TO\s+(MONTH|HOUR|MINUTE|SECOND))?\b/},{begin:/\bRETURNS\s+(LANGUAGE_HANDLER|TRIGGER|EVENT_TRIGGER|FDW_HANDLER|INDEX_AM_HANDLER|TSM_HANDLER)\b/,keywords:{keyword:"RETURNS",type:"LANGUAGE_HANDLER TRIGGER EVENT_TRIGGER FDW_HANDLER INDEX_AM_HANDLER TSM_HANDLER"}},{begin:"\\b("+I+")\\s*\\("},{begin:"\\.("+p+")\\b"},{begin:"\\b("+p+")\\s+PATH\\b",keywords:{keyword:"PATH",type:d.replace("PATH ","")}},{className:"type",begin:"\\b("+p+")\\b"},{className:"string",begin:"'",end:"'",contains:[{begin:"''"}]},{className:"string",begin:"(e|E|u&|U&)'",end:"'",contains:[{begin:"\\\\."}],relevance:10},t.END_SAME_AS_BEGIN({begin:r,end:r,contains:[{subLanguage:["pgsql","perl","python","tcl","r","lua","java","php","ruby","bash","scheme","xml","json"],endsWithParent:!0}]}),{begin:'"',end:'"',contains:[{begin:'""'}]},t.C_NUMBER_MODE,t.C_BLOCK_COMMENT_MODE,e,{className:"meta",variants:[{begin:"%(ROW)?TYPE",relevance:10},{begin:"\\$\\d+"},{begin:"^#\\w",end:"$"}]},{className:"symbol",begin:i,relevance:10}]}}function s5(t){const e={className:"attr",begin:/"(\\.|[^\\"\r\n])*"(?=\s*:)/,relevance:1.01},n={match:/[{}[\],:]/,className:"punctuation",relevance:0},r=["true","false","null"],i={scope:"literal",beginKeywords:r.join(" ")};return{name:"JSON",aliases:["jsonc"],keywords:{literal:r},contains:[e,n,t.QUOTE_STRING_MODE,i,t.C_NUMBER_MODE,t.C_LINE_COMMENT_MODE,t.C_BLOCK_COMMENT_MODE],illegal:"\\S"}}jd.registerLanguage("pgsql",i5);jd.registerLanguage("json",s5);function Wn(t){if(t===void 0)return"N/A";const e=[];let n=1e3*60*60*24;const r=Math.floor(t/n);r&&e.push(r+"d");let i=t%n;n/=24;const o=Math.floor(i/n);o&&e.push(o+"h"),i=i%n,n/=60;const l=Math.floor(i/n);l&&e.push(l+"m"),i=i%n,n/=60;const c=Math.floor(i/n);c&&e.push(c+"s"),i=i%n;const d=parseFloat(i.toPrecision(3));return e.push(d.toLocaleString()+"ms"),e.slice(0,2).join(" ")}function Am(t){return t===void 0?"N/A":(t=parseFloat(t.toPrecision(3)),t.toLocaleString())}function io(t){return t===void 0?"N/A":t.toLocaleString()}function o5(t){return t===void 0?"N/A":t.toLocaleString()}function Rm(t){const e=parseFloat(t.toPrecision(2)).toLocaleString();return j.template("${f}&nbsp;&times;")({f:e})}function Yi(t){return t instanceof Array||(t=[t]),t=j.map(t,e=>j.escape(e.replace(/(^\(|\)$)/g,""))),t.join(", ")}function sR(t,e){return j.map(t,n=>{let r=j.escape(n);return e&&(r+=e.indexOf(n)!==-1?'&nbsp;<span class="text-secondary">(presort)</span>':""),r}).join(", ")}function e0(t){return Jd(t*1024)}function a5(t){return Jd(t)}function Jd(t,e=2){const r=e<0?0:e,i=["Bytes","kB","MB","GB","TB","PB","EB","ZB","YB"],o=Math.floor(Math.log(t)/Math.log(1024)),l=j.template("${value} ${unit}"),c=parseFloat((t/Math.pow(1024,o)).toPrecision(r)).toLocaleString();return l({value:c,unit:i[o]})}function Jr(t){return t?Jd(t*8*1024):""}function Pn(t,e=!1){if(e=!!e,!t)return"";let n=t.toLocaleString();return e&&(n+=`<br><small>${Jr(t)}</small>`),n}function iT(t){return isNaN(t)?"-":j.round(t*100)+"%"}function l5(t){return typeof t=="string"&&(t=t.split(/\s*,\s*/)),'<ul class="list-unstyled mb-0">'+j.template("<% _.forEach(lines, function(line) { %><li><%= line %></li><% }); %>")({lines:t})+"</ul>"}function c5(t){return $l(JH,{sortGroup:t}).mount(document.createElement("div")).$el.outerHTML}function Yl(t){return t?Jd(t*8*1024)+"/s":""}function u5(t){return $l(iR,{jit:t}).mount(document.createElement("div")).$el.outerHTML}function Ss(t,e){if(j.has(Kt,t)){if(Kt[t]===xn.duration)return Wn(e);if(Kt[t]===xn.boolean)return e?"yes":"no";if(Kt[t]===xn.cost)return Am(e);if(Kt[t]===xn.rows)return io(e);if(Kt[t]===xn.loops)return o5(e);if(Kt[t]===xn.factor)return Rm(e);if(Kt[t]===xn.estimateDirection)switch(e){case yn.over:return'<i class="fa fa-arrow-up"></i> over';case yn.under:return'<i class="fa fa-arrow-down"></i> under';default:return"-"}else{if(Kt[t]===xn.json)return JSON.stringify(e,null,2);if(Kt[t]===xn.bytes)return a5(e);if(Kt[t]===xn.kilobytes)return e0(e);if(Kt[t]===xn.blocks)return Pn(e,!0);if(Kt[t]===xn.list)return l5(e);if(Kt[t]===xn.sortGroups)return c5(e);if(Kt[t]===xn.transferRate)return Yl(e);if(Kt[t]===xn.jit)return u5(e)}}return j.escape(e)}function n0(t){let e;return t>90?e=4:t>40?e=3:t>10&&(e=2),e?"c-"+e:""}function d5(t){return jd.highlight(t,{language:"pgsql"}).value}function f5(t){return jd.highlight(t,{language:"json"}).value}function p5(t,e,n){let r,i,o;{const l=n*(1+e),c=2*n-l;r=sh(c,l,t+1/3),i=sh(c,l,t),o=sh(c,l,t-1/3)}return[Math.floor(r*255),Math.floor(i*255),Math.floor(o*255)]}function h5(t){const e=(100-t)*1.2/360,n=p5(e,.9,.4);return"rgb("+n[0]+","+n[1]+","+n[2]+")"}function sh(t,e,n){return n<0&&(n+=1),n>1&&(n-=1),n<1/6?t+(e-t)*6*n:n<1/2?e:n<2/3?t+(e-t)*(2/3-n)*6:t}function $a(t,e,n){const r=le(NaN),i=le(NaN),o=le(0),l=le(null),c=le(),d=le(),p=le(NaN),f=le(NaN),E=le();ks(()=>{R(),b(),k(),N(),d.value=e[m.PLANNER_ESTIMATE_DIRECTION],c.value=e[m.PLANNER_ESTIMATE_FACTOR]}),Un(()=>n.highlightType,R);function R(){let rt;switch(n.highlightType){case Tr.DURATION:if(rt=e[m.EXCLUSIVE_DURATION],rt===void 0){l.value=null;break}o.value=Math.round(rt/t.value.planStats.maxDuration*100),l.value=Wn(rt);break;case Tr.ROWS:if(rt=e[m.ACTUAL_ROWS_REVISED],rt===void 0){l.value=null;break}o.value=Math.round(rt/t.value.planStats.maxRows*100)||0,l.value=io(rt);break;case Tr.COST:if(rt=e[m.EXCLUSIVE_COST],rt===void 0){l.value=null;break}o.value=Math.round(rt/t.value.planStats.maxCost*100),l.value=Am(rt);break}}const O=Dt(()=>h5(o.value)),I=Dt(()=>{let rt=dt.value?"Parallel ":"";return rt+=e[m.PARTIAL_MODE]?e[m.PARTIAL_MODE]+" ":"",rt+=e[m.NODE_TYPE],rt});function b(){const rt=t.value.planStats.executionTime||t.value.content?.Plan?.[m.ACTUAL_TOTAL_TIME],ot=e[m.EXCLUSIVE_DURATION];r.value=j.round(ot/rt*100)}function k(){const rt=t.value.content.maxTotalCost,ot=e[m.EXCLUSIVE_COST];i.value=j.round(ot/rt*100)}const A=Dt(()=>{const rt=Object.keys(e).find(ot=>ot===m.ROWS_REMOVED_BY_FILTER_REVISED||ot===m.ROWS_REMOVED_BY_JOIN_FILTER_REVISED);return Object.keys(m).find(ot=>m[ot]===rt)});function N(){if(A.value){const rt=e[m[A.value]];p.value=rt;const ot=e[m.ACTUAL_ROWS_REVISED];f.value=j.floor(rt/(rt+ot)*100),f.value===100?E.value=">99":f.value===0?E.value="<1":E.value=f.value.toString()}}const K=Dt(()=>{let rt;const ot=r.value;return ot>90?rt=4:ot>40?rt=3:ot>10&&(rt=2),rt?"c-"+rt:!1}),g=Dt(()=>{let rt;const ot=e[m.PLANNER_ESTIMATE_FACTOR];return ot>1e3?rt=4:ot>100?rt=3:ot>10&&(rt=2),rt?"c-"+rt:!1}),z=Dt(()=>{let rt;const ot=i.value;return ot>90?rt=4:ot>40?rt=3:ot>10&&(rt=2),rt?"c-"+rt:!1}),x=Dt(()=>{let rt;const ot=f.value*r.value;return ot>2e3?rt=4:ot>500&&(rt=3),rt?"c-"+rt:!1}),U=Dt(()=>{let rt;const ot=e[m.HEAP_FETCHES]/(e[m.ACTUAL_ROWS]+(e[m.ROWS_REMOVED_BY_FILTER]||0)+(e[m.ROWS_REMOVED_BY_JOIN_FILTER]||0))*100;return ot>90?rt=4:ot>40?rt=3:ot>0&&(rt=2),rt?"c-"+rt:!1}),et=Dt(()=>E.value+"% of rows removed by filter"),It=Dt(()=>`Filter used:<br><pre class="mb-0" style="white-space: pre-wrap;"><code>${e[m.FILTER]}</code></pre>`),Bt=Dt(()=>!!t.value.planStats.executionTime&&!e[m.ACTUAL_LOOPS]),dt=Dt(()=>e[m.PARALLEL_AWARE]),Ct=Dt(()=>{if(console.warn("Make sure it works for workers that are not array"),e[m.WORKERS_LAUNCHED])return e[m.WORKERS_LAUNCHED];if(e[m.WORKERS_LAUNCHED_BY_GATHER])return e[m.WORKERS_LAUNCHED_BY_GATHER];const rt=e[m.WORKERS];return rt?rt.length:NaN}),B=Dt(()=>e[m.WORKERS_LAUNCHED]||e[m.WORKERS_PLANNED_BY_GATHER]),q=Dt(()=>{const rt=e[m.WORKERS_PLANNED_BY_GATHER];return[...Array(rt).keys()].slice().reverse()}),At=Dt(()=>{switch(e[m.PLANNER_ESTIMATE_FACTOR]){case 1/0:return 100;case 1:return 0;default:return(e[m.PLANNER_ESTIMATE_FACTOR]||0)/t.value.planStats.maxEstimateFactor*100}}),H=Dt(()=>e[m.EXCLUSIVE_SHARED_HIT_BLOCKS]/t.value.planStats.maxBlocks?.[de.shared]*100),W=Dt(()=>e[m.EXCLUSIVE_SHARED_READ_BLOCKS]/t.value.planStats.maxBlocks?.[de.shared]*100),ct=Dt(()=>e[m.EXCLUSIVE_SHARED_DIRTIED_BLOCKS]/t.value.planStats.maxBlocks?.[de.shared]*100),bt=Dt(()=>e[m.EXCLUSIVE_SHARED_WRITTEN_BLOCKS]/t.value.planStats.maxBlocks?.[de.shared]*100),Rt=Dt(()=>e[m.EXCLUSIVE_TEMP_READ_BLOCKS]/t.value.planStats.maxBlocks?.[de.temp]*100),st=Dt(()=>e[m.EXCLUSIVE_TEMP_WRITTEN_BLOCKS]/t.value.planStats.maxBlocks?.[de.temp]*100),Y=Dt(()=>e[m.EXCLUSIVE_LOCAL_HIT_BLOCKS]/t.value.planStats.maxBlocks?.[de.local]*100),P=Dt(()=>e[m.EXCLUSIVE_LOCAL_READ_BLOCKS]/t.value.planStats.maxBlocks?.[de.local]*100),J=Dt(()=>e[m.EXCLUSIVE_LOCAL_DIRTIED_BLOCKS]/t.value.planStats.maxBlocks?.[de.local]*100),Z=Dt(()=>e[m.EXCLUSIVE_LOCAL_WRITTEN_BLOCKS]/t.value.planStats.maxBlocks?.[de.local]*100),C=Dt(()=>["Duration: <br>Exclusive: ",Wn(e[m.EXCLUSIVE_DURATION]),", Total: ",Wn(e[m.ACTUAL_TOTAL_TIME])].join("")),Mt=Dt(()=>["Rows: ",io(e[m.ACTUAL_ROWS_REVISED])].join("")),ne=Dt(()=>{const rt=e[m.PLANNER_ESTIMATE_FACTOR],ot=e[m.PLANNER_ESTIMATE_DIRECTION];let ft="";if(rt===void 0||ot===void 0)return"N/A";switch(ot){case yn.over:ft+="Over";break;case yn.under:ft+="Under";break;default:ft+="Correctly"}return ft+=" estimated",ft+=rt!==1?" by <b>"+Rm(rt)+"</b>":"",ft+="<br>",ft+=`Rows: ${io(e[m.ACTUAL_ROWS_REVISED])} `,ft+=`(${io(e[m.PLAN_ROWS_REVISED])} planned)`,ft}),He=Dt(()=>["Cost: ",io(e[m.EXCLUSIVE_COST])].join("")),xe=Dt(()=>["Rows removed by filter: ",G.value,io(p.value)].join("")),ln=Dt(()=>!!e[m.ACTUAL_ROWS_FRACTIONAL]),F=Dt(()=>e[m.ACTUAL_LOOPS]>1),G=Dt(()=>!ln.value&&F.value?"~":""),it=Dt(()=>rt=>{let ot="",ft,ut,Ht,Nt;switch(rt){case de.shared:ft=e[m.EXCLUSIVE_SHARED_HIT_BLOCKS],ut=e[m.EXCLUSIVE_SHARED_READ_BLOCKS],Nt=e[m.EXCLUSIVE_SHARED_DIRTIED_BLOCKS],Ht=e[m.EXCLUSIVE_SHARED_WRITTEN_BLOCKS];break;case de.temp:ut=e[m.EXCLUSIVE_TEMP_READ_BLOCKS],Ht=e[m.EXCLUSIVE_TEMP_WRITTEN_BLOCKS];break;case de.local:ft=e[m.EXCLUSIVE_LOCAL_HIT_BLOCKS],ut=e[m.EXCLUSIVE_LOCAL_READ_BLOCKS],Nt=e[m.EXCLUSIVE_LOCAL_DIRTIED_BLOCKS],Ht=e[m.EXCLUSIVE_LOCAL_WRITTEN_BLOCKS];break}switch(ot+='<table class="table table-dark table-sm table-borderless mb-0">',ot+=ft?'<tr><td>Hit:</td><td class="text-end">'+Pn(ft,!0)+"</td></tr>":"",ot+=ut?'<tr><td>Read:</td><td class="text-end">'+Pn(ut,!0)+"</td></tr>":"",ot+=Nt?'<tr><td>Dirtied:</td><td class="text-end">'+Pn(Nt,!0)+"</td></tr>":"",ot+=Ht?'<tr><td>Written:</td><td class="text-end">'+Pn(Ht,!0)+"</td></tr>":"",ot+="</table>",!ft&&!ut&&!Nt&&!Ht&&(ot=" N/A"),rt){case de.shared:ot="Shared Blocks:"+ot;break;case de.temp:ot="Temp Blocks:"+ot;break;case de.local:ot="Local Blocks:"+ot;break}return ot}),vt=Dt(()=>rt=>{let ot='<table class="table table-dark table-sm table-borderless mb-0">';return ot+=`<tr><td>${rt}:</td><td class="text-end">`,e[rt]&&(ot+=`${Pn(e[rt],!0)}</td></tr>`),ot}),Et=Dt(()=>{let rt="";const ot=e[m.EXCLUSIVE_IO_READ_TIME],ft=e[m.AVERAGE_IO_READ_SPEED],ut=e[m.EXCLUSIVE_IO_WRITE_TIME],Ht=e[m.AVERAGE_IO_WRITE_SPEED];return rt+='<table class="table table-dark table-sm table-borderless mb-0">',rt+=ot?'<tr><td>Read:</td><td class="text-end">'+Wn(ot)+"<br><small>~"+Yl(ft)+"</small></td></tr>":"",rt+=ut?'<tr><td>Write:</td><td class="text-end">'+Wn(ut)+"<br><small>~"+Yl(Ht)+"</small></td></tr>":"","IO "+rt}),_t=Dt(()=>`Heap Fetches: ${e[m.HEAP_FETCHES]?.toLocaleString()}`);return{barColor:O,barWidth:o,buffersByLocationTooltip:it,buffersByMetricTooltip:vt,costClass:z,costTooltip:He,durationClass:K,estimateFactorPercent:At,estimateFactorTooltip:ne,estimationClass:g,executionTimePercent:r,filterTooltip:et,filterDetailTooltip:It,heapFetchesClass:U,heapFetchesTooltip:_t,highlightValue:l,ioTooltip:Et,isNeverExecuted:Bt,isParallelAware:dt,localDirtiedPercent:J,localHitPercent:Y,localReadPercent:P,localWrittenPercent:Z,nodeName:I,plannerRowEstimateDirection:d,plannerRowEstimateValue:c,rowsRemoved:p,rowsRemovedClass:x,rowsRemovedPercent:f,rowsRemovedPercentString:E,rowsRemovedProp:A,rowsRemovedTooltip:xe,rowsTooltip:Mt,sharedDirtiedPercent:ct,sharedHitPercent:H,sharedReadPercent:W,sharedWrittenPercent:bt,tempReadPercent:Rt,tempWrittenPercent:st,tilde:G,timeTooltip:C,workersLaunchedCount:Ct,workersPlannedCount:B,workersPlannedCountReversed:q}}const m5=["data-tippy-content"],_5={class:"node-index"},E5={class:"fw-normal small"},g5={class:"node-type pe-2"},T5={key:0,class:"progress rounded-0 align-items-center bg-transparent",style:{height:"5px"}},v5={key:1,class:"progress rounded-0 align-items-center bg-transparent",style:{height:"5px"}},S5={key:2,class:"progress rounded-0 align-items-center bg-transparent justify-content-center",style:{height:"10px"}},A5={class:"text-secondary small"},R5={key:1,class:"fa fa-fw d-inline-block"},b5={class:"text-secondary small"},O5={key:1,class:"fa fa-fw d-inline-block"},L5={key:3,class:"progress rounded-0 align-items-center bg-transparent",style:{height:"5px"}},y5={key:4,class:"progress rounded-0 align-items-center bg-transparent",style:{height:"5px"}},N5={key:5,class:"progress rounded-0 align-items-center bg-transparent",style:{height:"5px"}},C5={key:6,class:"progress rounded-0 align-items-center bg-transparent",style:{height:"5px"}},w5={key:7,class:"progress rounded-0 align-items-center bg-transparent",style:{height:"5px"}},x5=Ke({__name:"DiagramRow",props:{node:{},level:{},isSubplan:{type:Boolean},isLastChild:{type:Boolean},branches:{},index:{},viewOptions:{}},setup(t){const e=t,n=lr(e.node),r=lr(e.viewOptions),i=le(null),o=Oe(ii),l=Oe(sd),c=Oe(Ro);if(!c)throw new Error(`Could not resolve ${Ro.description}`);const d=Oe(Xd),f=new Ua().getHelpMessage,E=Oe(wo),{buffersByLocationTooltip:R,costTooltip:O,estimateFactorPercent:I,estimateFactorTooltip:b,ioTooltip:k,nodeName:A,rowsTooltip:N,timeTooltip:K}=$a(o,n,E);function g(x){let U="";switch(r.metric){case ke.time:U+=K.value;break;case ke.rows:U+=N.value;break;case ke.estimate_factor:U+=b.value;break;case ke.cost:U+=O.value;break;case ke.buffers:U+=R.value(r.buffersMetric);break;case ke.io:U+=k.value,(x[m.WORKERS_PLANNED]||x[m.WORKERS_PLANNED_BY_GATHER])&&(U+=`<br><small>${f("io timings parallel")}</small>`);break}return x[m.CTE_NAME]&&(U+="<br><em>CTE "+x[m.CTE_NAME]+"</em>"),U}const z=Oe("scrollTo");return Un(()=>l?.value,x=>{x==n.nodeId&&i.value&&z?.(i.value)}),(x,U)=>(w(),D("tr",{class:Pt(["no-focus-outline node",{selected:n.nodeId===h(l),highlight:n.nodeId===h(d)}]),"data-tippy-content":g(n),onMouseenter:U[0]||(U[0]=et=>d.value=n.nodeId),onMouseleave:U[1]||(U[1]=et=>d.value=void 0),onClick:U[2]||(U[2]=Me(et=>h(c)(n.nodeId,!0),["prevent"])),ref_key:"rootEl",ref:i},[v("td",_5,[v("span",E5,"#"+mt(n.nodeId),1)]),U[17]||(U[17]=T()),v("td",g5,[Lt(Sm,{isSubplan:!!n[h(m).SUBPLAN_NAME],isLastChild:!!x.isLastChild,level:x.level,branches:x.branches,index:x.index,dense:""},null,8,["isSubplan","isLastChild","level","branches","index"]),T(" "+mt(h(A)),1)]),U[18]||(U[18]=T()),v("td",null,[r.metric==h(ke).time?(w(),D("div",T5,[v("div",{class:Pt(["progress-bar border-secondary bg-secondary",{"border-start":n[h(m).EXCLUSIVE_DURATION]>0}]),role:"progressbar",style:Qe([{height:"5px"},{width:n[h(m).EXCLUSIVE_DURATION]/(h(o).planStats.executionTime||h(o).content.Plan[h(m).ACTUAL_TOTAL_TIME])*100+"%"}]),"aria-valuenow":"15","aria-valuemin":"0","aria-valuemax":"100"},null,6),U[3]||(U[3]=T()),v("div",{class:"progress-bar bg-secondary-light",role:"progressbar",style:Qe([{height:"5px"},{width:(n[h(m).ACTUAL_TOTAL_TIME]-n[h(m).EXCLUSIVE_DURATION])/(h(o).planStats.executionTime||h(o).content.Plan[h(m).ACTUAL_TOTAL_TIME])*100+"%"}]),"aria-valuenow":"15","aria-valuemin":"0","aria-valuemax":"100"},null,4)])):r.metric==h(ke).rows?(w(),D("div",v5,[v("div",{class:"bg-secondary",role:"progressbar",style:Qe([{height:"5px"},{width:Math.round(n[h(m).ACTUAL_ROWS_REVISED]/h(o).planStats.maxRows*100)+"%"}]),"aria-valuenow":"15","aria-valuemin":"0","aria-valuemax":"100"},null,4)])):r.metric==h(ke).estimate_factor?(w(),D("div",S5,[v("span",A5,[n[h(m).PLANNER_ESTIMATE_DIRECTION]===h(yn).under?(w(),Be(h(Ae),{key:0,"fixed-width":"",icon:h(QA)},null,8,["icon"])):(w(),D("i",R5))]),U[4]||(U[4]=T()),v("div",{class:Pt(["progress-bar",[n[h(m).PLANNER_ESTIMATE_DIRECTION]===h(yn).under?"bg-secondary":"bg-transparent"]]),role:"progressbar",style:Qe([{height:"5px"},{width:h(I)+"%"}]),"aria-valuenow":"15","aria-valuemin":"0","aria-valuemax":"100"},null,6),U[5]||(U[5]=T()),U[6]||(U[6]=v("div",{class:"progress-bar border-start bg-secondary",role:"progressbar",style:{width:"1px",height:"5px"},"aria-valuenow":"15","aria-valuemin":"0","aria-valuemax":"100"},null,-1)),U[7]||(U[7]=T()),v("div",{class:Pt(["progress-bar",[n[h(m).PLANNER_ESTIMATE_DIRECTION]===h(yn).over?"bg-secondary":"bg-transparent"]]),role:"progressbar",style:Qe([{height:"5px"},{width:h(I)+"%"}]),"aria-valuenow":"15","aria-valuemin":"0","aria-valuemax":"100"},null,6),U[8]||(U[8]=T()),v("span",b5,[n[h(m).PLANNER_ESTIMATE_DIRECTION]===h(yn).over?(w(),Be(h(Ae),{key:0,"fixed-width":"",icon:h(tR)},null,8,["icon"])):(w(),D("i",O5))])])):r.metric==h(ke).cost?(w(),D("div",L5,[v("div",{class:Pt(["bg-secondary",{"border-secondary border-start":n[h(m).EXCLUSIVE_COST]>0}]),role:"progressbar",style:Qe([{height:"5px"},{width:Math.round(n[h(m).EXCLUSIVE_COST]/h(o).planStats.maxCost*100)+"%"}]),"aria-valuenow":"15","aria-valuemin":"0","aria-valuemax":"100"},null,6)])):r.metric==h(ke).buffers&&r.buffersMetric==h(de).shared&&h(o).planStats.maxBlocks?.[h(de).shared]?(w(),D("div",y5,[v("div",{class:Pt(["bg-hit",{"border-start border-hit":n[h(m).EXCLUSIVE_SHARED_HIT_BLOCKS]>0}]),role:"progressbar",style:Qe([{height:"5px"},{width:(Math.round(n[h(m).EXCLUSIVE_SHARED_HIT_BLOCKS]/h(o).planStats.maxBlocks?.[h(de).shared]*100)||0)+"%"}]),"aria-valuenow":"15","aria-valuemin":"0","aria-valuemax":"100"},null,6),U[9]||(U[9]=T()),v("div",{class:Pt(["bg-read",{"border-start border-read":n[h(m).EXCLUSIVE_SHARED_READ_BLOCKS]>0}]),role:"progressbar",style:Qe([{height:"5px"},{width:(Math.round(n[h(m).EXCLUSIVE_SHARED_READ_BLOCKS]/h(o).planStats.maxBlocks?.[h(de).shared]*100)||0)+"%"}]),"aria-valuenow":"15","aria-valuemin":"0","aria-valuemax":"100"},null,6),U[10]||(U[10]=T()),v("div",{class:Pt(["bg-dirtied",{"border-start border-dirtied":n[h(m).EXCLUSIVE_SHARED_DIRTIED_BLOCKS]>0}]),role:"progressbar",style:Qe([{height:"5px"},{width:(Math.round(n[h(m).EXCLUSIVE_SHARED_DIRTIED_BLOCKS]/h(o).planStats.maxBlocks?.[h(de).shared]*100)||0)+"%"}]),"aria-valuenow":"15","aria-valuemin":"0","aria-valuemax":"100"},null,6),U[11]||(U[11]=T()),v("div",{class:Pt(["bg-written",{"border-start border-written":n[h(m).EXCLUSIVE_SHARED_WRITTEN_BLOCKS]>0}]),role:"progressbar",style:Qe([{height:"5px"},{width:(Math.round(n[h(m).EXCLUSIVE_SHARED_WRITTEN_BLOCKS]/h(o).planStats.maxBlocks?.[h(de).shared]*100)||0)+"%"}]),"aria-valuenow":"15","aria-valuemin":"0","aria-valuemax":"100"},null,6)])):r.metric==h(ke).buffers&&r.buffersMetric==h(de).temp&&h(o).planStats.maxBlocks?.[h(de).temp]?(w(),D("div",N5,[v("div",{class:"bg-read",role:"progressbar",style:Qe([{height:"5px"},{width:(Math.round(n[h(m).EXCLUSIVE_TEMP_READ_BLOCKS]/h(o).planStats.maxBlocks?.[h(de).temp]*100)||0)+"%"}]),"aria-valuenow":"15","aria-valuemin":"0","aria-valuemax":"100"},null,4),U[12]||(U[12]=T()),v("div",{class:"bg-written",role:"progressbar",style:Qe([{width:(Math.round(n[h(m).EXCLUSIVE_TEMP_WRITTEN_BLOCKS]/h(o).planStats.maxBlocks?.[h(de).temp]*100)||0)+"%"},{height:"5px"}]),"aria-valuenow":"15","aria-valuemin":"0","aria-valuemax":"100"},null,4)])):r.metric==h(ke).buffers&&r.buffersMetric==h(de).local&&h(o).planStats.maxBlocks?.[h(de).local]?(w(),D("div",C5,[v("div",{class:"bg-hit",role:"progressbar",style:Qe([{height:"5px"},{width:(Math.round(n[h(m).EXCLUSIVE_LOCAL_HIT_BLOCKS]/h(o).planStats.maxBlocks?.[h(de).local]*100)||0)+"%"}]),"aria-valuenow":"15","aria-valuemin":"0","aria-valuemax":"100"},null,4),U[13]||(U[13]=T()),v("div",{class:"bg-read",role:"progressbar",style:Qe([{width:(Math.round(n[h(m).EXCLUSIVE_LOCAL_READ_BLOCKS]/h(o).planStats.maxBlocks?.[h(de).local]*100)||0)+"%"},{height:"5px"}]),"aria-valuenow":"15","aria-valuemin":"0","aria-valuemax":"100"},null,4),U[14]||(U[14]=T()),v("div",{class:"bg-dirtied",role:"progressbar",style:Qe([{height:"5px"},{width:(Math.round(n[h(m).EXCLUSIVE_LOCAL_DIRTIED_BLOCKS]/h(o).planStats.maxBlocks?.[h(de).local]*100)||0)+"%"}]),"aria-valuenow":"15","aria-valuemin":"0","aria-valuemax":"100"},null,4),U[15]||(U[15]=T()),v("div",{class:"bg-written",role:"progressbar",style:Qe([{height:"5px"},{width:(Math.round(n[h(m).EXCLUSIVE_LOCAL_WRITTEN_BLOCKS]/h(o).planStats?.maxBlocks?.[h(de).local]*100)||0)+"%"}]),"aria-valuenow":"15","aria-valuemin":"0","aria-valuemax":"100"},null,4)])):r.metric==h(ke).io&&(h(o).content.Plan[h(m).IO_READ_TIME]||h(o).content.Plan[h(m).IO_WRITE_TIME])?(w(),D("div",w5,[v("div",{class:"bg-read",role:"progressbar",style:Qe([{height:"5px"},{width:(Math.round(n[h(m).EXCLUSIVE_IO_READ_TIME]/h(o).planStats?.maxIo*100)||0)+"%"}]),"aria-valuenow":"15","aria-valuemin":"0","aria-valuemax":"100"},null,4),U[16]||(U[16]=T()),v("div",{class:"bg-written",role:"progressbar",style:Qe([{height:"5px"},{width:(Math.round(n[h(m).EXCLUSIVE_IO_WRITE_TIME]/h(o).planStats?.maxIo*100)||0)+"%"}]),"aria-valuenow":"15","aria-valuemin":"0","aria-valuemax":"100"},null,4)])):nt("",!0)])],42,m5))}});var I5="tippy-box",oR="tippy-content",k5="tippy-backdrop",aR="tippy-arrow",lR="tippy-svg-arrow",so={passive:!0,capture:!0},cR=function(){return document.body};function oh(t,e,n){if(Array.isArray(t)){var r=t[e];return r??(Array.isArray(n)?n[e]:n)}return t}function bm(t,e){var n={}.toString.call(t);return n.indexOf("[object")===0&&n.indexOf(e+"]")>-1}function uR(t,e){return typeof t=="function"?t.apply(void 0,e):t}function sT(t,e){if(e===0)return t;var n;return function(r){clearTimeout(n),n=setTimeout(function(){t(r)},e)}}function B5(t,e){var n=Object.assign({},t);return e.forEach(function(r){delete n[r]}),n}function D5(t){return t.split(/\s+/).filter(Boolean)}function ao(t){return[].concat(t)}function oT(t,e){t.indexOf(e)===-1&&t.push(e)}function P5(t){return t.filter(function(e,n){return t.indexOf(e)===n})}function M5(t){return t.split("-")[0]}function ld(t){return[].slice.call(t)}function aT(t){return Object.keys(t).reduce(function(e,n){return t[n]!==void 0&&(e[n]=t[n]),e},{})}function ha(){return document.createElement("div")}function Qd(t){return["Element","Fragment"].some(function(e){return bm(t,e)})}function H5(t){return bm(t,"NodeList")}function W5(t){return bm(t,"MouseEvent")}function U5(t){return!!(t&&t._tippy&&t._tippy.reference===t)}function $5(t){return Qd(t)?[t]:H5(t)?ld(t):Array.isArray(t)?t:ld(document.querySelectorAll(t))}function ah(t,e){t.forEach(function(n){n&&(n.style.transitionDuration=e+"ms")})}function lT(t,e){t.forEach(function(n){n&&n.setAttribute("data-state",e)})}function F5(t){var e,n=ao(t),r=n[0];return r!=null&&(e=r.ownerDocument)!=null&&e.body?r.ownerDocument:document}function V5(t,e){var n=e.clientX,r=e.clientY;return t.every(function(i){var o=i.popperRect,l=i.popperState,c=i.props,d=c.interactiveBorder,p=M5(l.placement),f=l.modifiersData.offset;if(!f)return!0;var E=p==="bottom"?f.top.y:0,R=p==="top"?f.bottom.y:0,O=p==="right"?f.left.x:0,I=p==="left"?f.right.x:0,b=o.top-r+E>d,k=r-o.bottom-R>d,A=o.left-n+O>d,N=n-o.right-I>d;return b||k||A||N})}function lh(t,e,n){var r=e+"EventListener";["transitionend","webkitTransitionEnd"].forEach(function(i){t[r](i,n)})}function cT(t,e){for(var n=e;n;){var r;if(t.contains(n))return!0;n=n.getRootNode==null||(r=n.getRootNode())==null?void 0:r.host}return!1}var Ei={isTouch:!1},uT=0;function z5(){Ei.isTouch||(Ei.isTouch=!0,window.performance&&document.addEventListener("mousemove",dR))}function dR(){var t=performance.now();t-uT<20&&(Ei.isTouch=!1,document.removeEventListener("mousemove",dR)),uT=t}function G5(){var t=document.activeElement;if(U5(t)){var e=t._tippy;t.blur&&!e.state.isVisible&&t.blur()}}function X5(){document.addEventListener("touchstart",z5,so),window.addEventListener("blur",G5)}var K5=typeof window<"u"&&typeof document<"u",Y5=K5?!!window.msCrypto:!1,q5={animateFill:!1,followCursor:!1,inlinePositioning:!1,sticky:!1},j5={allowHTML:!1,animation:"fade",arrow:!0,content:"",inertia:!1,maxWidth:350,role:"tooltip",theme:"",zIndex:9999},ei=Object.assign({appendTo:cR,aria:{content:"auto",expanded:"auto"},delay:0,duration:[300,250],getReferenceClientRect:null,hideOnClick:!0,ignoreAttributes:!1,interactive:!1,interactiveBorder:2,interactiveDebounce:0,moveTransition:"",offset:[0,10],onAfterUpdate:function(){},onBeforeUpdate:function(){},onCreate:function(){},onDestroy:function(){},onHidden:function(){},onHide:function(){},onMount:function(){},onShow:function(){},onShown:function(){},onTrigger:function(){},onUntrigger:function(){},onClickOutside:function(){},placement:"top",plugins:[],popperOptions:{},render:null,showOnCreate:!1,touch:!0,trigger:"mouseenter focus",triggerTarget:null},q5,j5),J5=Object.keys(ei),Q5=function(e){var n=Object.keys(e);n.forEach(function(r){ei[r]=e[r]})};function fR(t){var e=t.plugins||[],n=e.reduce(function(r,i){var o=i.name,l=i.defaultValue;if(o){var c;r[o]=t[o]!==void 0?t[o]:(c=ei[o])!=null?c:l}return r},{});return Object.assign({},t,n)}function Z5(t,e){var n=e?Object.keys(fR(Object.assign({},ei,{plugins:e}))):J5,r=n.reduce(function(i,o){var l=(t.getAttribute("data-tippy-"+o)||"").trim();if(!l)return i;if(o==="content")i[o]=l;else try{i[o]=JSON.parse(l)}catch{i[o]=l}return i},{});return r}function dT(t,e){var n=Object.assign({},e,{content:uR(e.content,[t])},e.ignoreAttributes?{}:Z5(t,e.plugins));return n.aria=Object.assign({},ei.aria,n.aria),n.aria={expanded:n.aria.expanded==="auto"?e.interactive:n.aria.expanded,content:n.aria.content==="auto"?e.interactive?null:"describedby":n.aria.content},n}var tW=function(){return"innerHTML"};function r0(t,e){t[tW()]=e}function fT(t){var e=ha();return t===!0?e.className=aR:(e.className=lR,Qd(t)?e.appendChild(t):r0(e,t)),e}function pT(t,e){Qd(e.content)?(r0(t,""),t.appendChild(e.content)):typeof e.content!="function"&&(e.allowHTML?r0(t,e.content):t.textContent=e.content)}function i0(t){var e=t.firstElementChild,n=ld(e.children);return{box:e,content:n.find(function(r){return r.classList.contains(oR)}),arrow:n.find(function(r){return r.classList.contains(aR)||r.classList.contains(lR)}),backdrop:n.find(function(r){return r.classList.contains(k5)})}}function pR(t){var e=ha(),n=ha();n.className=I5,n.setAttribute("data-state","hidden"),n.setAttribute("tabindex","-1");var r=ha();r.className=oR,r.setAttribute("data-state","hidden"),pT(r,t.props),e.appendChild(n),n.appendChild(r),i(t.props,t.props);function i(o,l){var c=i0(e),d=c.box,p=c.content,f=c.arrow;l.theme?d.setAttribute("data-theme",l.theme):d.removeAttribute("data-theme"),typeof l.animation=="string"?d.setAttribute("data-animation",l.animation):d.removeAttribute("data-animation"),l.inertia?d.setAttribute("data-inertia",""):d.removeAttribute("data-inertia"),d.style.maxWidth=typeof l.maxWidth=="number"?l.maxWidth+"px":l.maxWidth,l.role?d.setAttribute("role",l.role):d.removeAttribute("role"),(o.content!==l.content||o.allowHTML!==l.allowHTML)&&pT(p,t.props),l.arrow?f?o.arrow!==l.arrow&&(d.removeChild(f),d.appendChild(fT(l.arrow))):d.appendChild(fT(l.arrow)):f&&d.removeChild(f)}return{popper:e,onUpdate:i}}pR.$$tippy=!0;var eW=1,Su=[],ch=[];function nW(t,e){var n=dT(t,Object.assign({},ei,fR(aT(e)))),r,i,o,l=!1,c=!1,d=!1,p=!1,f,E,R,O=[],I=sT(it,n.interactiveDebounce),b,k=eW++,A=null,N=P5(n.plugins),K={isEnabled:!0,isVisible:!1,isDestroyed:!1,isMounted:!1,isShown:!1},g={id:k,reference:t,popper:ha(),popperInstance:A,props:n,state:K,plugins:N,clearDelayTimeouts:te,setProps:fe,setContent:ce,show:cn,hide:nn,hideWithInteractivity:gn,enable:Ft,disable:Yt,unmount:Tn,destroy:Vn};if(!n.render)return g;var z=n.render(g),x=z.popper,U=z.onUpdate;x.setAttribute("data-tippy-root",""),x.id="tippy-"+g.id,g.popper=x,t._tippy=g,x._tippy=g;var et=N.map(function(M){return M.fn(g)}),It=t.hasAttribute("aria-expanded");return ln(),Rt(),W(),ct("onCreate",[g]),n.showOnCreate&&Ht(),x.addEventListener("mouseenter",function(){g.props.interactive&&g.state.isVisible&&g.clearDelayTimeouts()}),x.addEventListener("mouseleave",function(){g.props.interactive&&g.props.trigger.indexOf("mouseenter")>=0&&q().addEventListener("mousemove",I)}),g;function Bt(){var M=g.props.touch;return Array.isArray(M)?M:[M,0]}function dt(){return Bt()[0]==="hold"}function Ct(){var M;return!!((M=g.props.render)!=null&&M.$$tippy)}function B(){return b||t}function q(){var M=B().parentNode;return M?F5(M):document}function At(){return i0(x)}function H(M){return g.state.isMounted&&!g.state.isVisible||Ei.isTouch||f&&f.type==="focus"?0:oh(g.props.delay,M?0:1,ei.delay)}function W(M){M===void 0&&(M=!1),x.style.pointerEvents=g.props.interactive&&!M?"":"none",x.style.zIndex=""+g.props.zIndex}function ct(M,at,St){if(St===void 0&&(St=!0),et.forEach(function(Vt){Vt[M]&&Vt[M].apply(Vt,at)}),St){var Gt;(Gt=g.props)[M].apply(Gt,at)}}function bt(){var M=g.props.aria;if(M.content){var at="aria-"+M.content,St=x.id,Gt=ao(g.props.triggerTarget||t);Gt.forEach(function(Vt){var Le=Vt.getAttribute(at);if(g.state.isVisible)Vt.setAttribute(at,Le?Le+" "+St:St);else{var We=Le&&Le.replace(St,"").trim();We?Vt.setAttribute(at,We):Vt.removeAttribute(at)}})}}function Rt(){if(!(It||!g.props.aria.expanded)){var M=ao(g.props.triggerTarget||t);M.forEach(function(at){g.props.interactive?at.setAttribute("aria-expanded",g.state.isVisible&&at===B()?"true":"false"):at.removeAttribute("aria-expanded")})}}function st(){q().removeEventListener("mousemove",I),Su=Su.filter(function(M){return M!==I})}function Y(M){if(!(Ei.isTouch&&(d||M.type==="mousedown"))){var at=M.composedPath&&M.composedPath()[0]||M.target;if(!(g.props.interactive&&cT(x,at))){if(ao(g.props.triggerTarget||t).some(function(St){return cT(St,at)})){if(Ei.isTouch||g.state.isVisible&&g.props.trigger.indexOf("click")>=0)return}else ct("onClickOutside",[g,M]);g.props.hideOnClick===!0&&(g.clearDelayTimeouts(),g.hide(),c=!0,setTimeout(function(){c=!1}),g.state.isMounted||C())}}}function P(){d=!0}function J(){d=!1}function Z(){var M=q();M.addEventListener("mousedown",Y,!0),M.addEventListener("touchend",Y,so),M.addEventListener("touchstart",J,so),M.addEventListener("touchmove",P,so)}function C(){var M=q();M.removeEventListener("mousedown",Y,!0),M.removeEventListener("touchend",Y,so),M.removeEventListener("touchstart",J,so),M.removeEventListener("touchmove",P,so)}function Mt(M,at){He(M,function(){!g.state.isVisible&&x.parentNode&&x.parentNode.contains(x)&&at()})}function ne(M,at){He(M,at)}function He(M,at){var St=At().box;function Gt(Vt){Vt.target===St&&(lh(St,"remove",Gt),at())}if(M===0)return at();lh(St,"remove",E),lh(St,"add",Gt),E=Gt}function xe(M,at,St){St===void 0&&(St=!1);var Gt=ao(g.props.triggerTarget||t);Gt.forEach(function(Vt){Vt.addEventListener(M,at,St),O.push({node:Vt,eventType:M,handler:at,options:St})})}function ln(){dt()&&(xe("touchstart",G,{passive:!0}),xe("touchend",vt,{passive:!0})),D5(g.props.trigger).forEach(function(M){if(M!=="manual")switch(xe(M,G),M){case"mouseenter":xe("mouseleave",vt);break;case"focus":xe(Y5?"focusout":"blur",Et);break;case"focusin":xe("focusout",Et);break}})}function F(){O.forEach(function(M){var at=M.node,St=M.eventType,Gt=M.handler,Vt=M.options;at.removeEventListener(St,Gt,Vt)}),O=[]}function G(M){var at,St=!1;if(!(!g.state.isEnabled||_t(M)||c)){var Gt=((at=f)==null?void 0:at.type)==="focus";f=M,b=M.currentTarget,Rt(),!g.state.isVisible&&W5(M)&&Su.forEach(function(Vt){return Vt(M)}),M.type==="click"&&(g.props.trigger.indexOf("mouseenter")<0||l)&&g.props.hideOnClick!==!1&&g.state.isVisible?St=!0:Ht(M),M.type==="click"&&(l=!St),St&&!Gt&&Nt(M)}}function it(M){var at=M.target,St=B().contains(at)||x.contains(at);if(!(M.type==="mousemove"&&St)){var Gt=ut().concat(x).map(function(Vt){var Le,We=Vt._tippy,Rn=(Le=We.popperInstance)==null?void 0:Le.state;return Rn?{popperRect:Vt.getBoundingClientRect(),popperState:Rn,props:n}:null}).filter(Boolean);V5(Gt,M)&&(st(),Nt(M))}}function vt(M){var at=_t(M)||g.props.trigger.indexOf("click")>=0&&l;if(!at){if(g.props.interactive){g.hideWithInteractivity(M);return}Nt(M)}}function Et(M){g.props.trigger.indexOf("focusin")<0&&M.target!==B()||g.props.interactive&&M.relatedTarget&&x.contains(M.relatedTarget)||Nt(M)}function _t(M){return Ei.isTouch?dt()!==M.type.indexOf("touch")>=0:!1}function rt(){ot();var M=g.props,at=M.popperOptions,St=M.placement,Gt=M.offset,Vt=M.getReferenceClientRect,Le=M.moveTransition,We=Ct()?i0(x).arrow:null,Rn=Vt?{getBoundingClientRect:Vt,contextElement:Vt.contextElement||B()}:t,zr={name:"$$tippy",enabled:!0,phase:"beforeWrite",requires:["computeStyles"],fn:function(pt){var xt=pt.state;if(Ct()){var re=At(),De=re.box;["placement","reference-hidden","escaped"].forEach(function(we){we==="placement"?De.setAttribute("data-placement",xt.placement):xt.attributes.popper["data-popper-"+we]?De.setAttribute("data-"+we,""):De.removeAttribute("data-"+we)}),xt.attributes.popper={}}}},rn=[{name:"offset",options:{offset:Gt}},{name:"preventOverflow",options:{padding:{top:2,bottom:2,left:5,right:5}}},{name:"flip",options:{padding:5}},{name:"computeStyles",options:{adaptive:!Le}},zr];Ct()&&We&&rn.push({name:"arrow",options:{element:We,padding:3}}),rn.push.apply(rn,at?.modifiers||[]),g.popperInstance=Dd(Rn,x,Object.assign({},at,{placement:St,onFirstUpdate:R,modifiers:rn}))}function ot(){g.popperInstance&&(g.popperInstance.destroy(),g.popperInstance=null)}function ft(){var M=g.props.appendTo,at,St=B();g.props.interactive&&M===cR||M==="parent"?at=St.parentNode:at=uR(M,[St]),at.contains(x)||at.appendChild(x),g.state.isMounted=!0,rt()}function ut(){return ld(x.querySelectorAll("[data-tippy-root]"))}function Ht(M){g.clearDelayTimeouts(),M&&ct("onTrigger",[g,M]),Z();var at=H(!0),St=Bt(),Gt=St[0],Vt=St[1];Ei.isTouch&&Gt==="hold"&&Vt&&(at=Vt),at?r=setTimeout(function(){g.show()},at):g.show()}function Nt(M){if(g.clearDelayTimeouts(),ct("onUntrigger",[g,M]),!g.state.isVisible){C();return}if(!(g.props.trigger.indexOf("mouseenter")>=0&&g.props.trigger.indexOf("click")>=0&&["mouseleave","mousemove"].indexOf(M.type)>=0&&l)){var at=H(!1);at?i=setTimeout(function(){g.state.isVisible&&g.hide()},at):o=requestAnimationFrame(function(){g.hide()})}}function Ft(){g.state.isEnabled=!0}function Yt(){g.hide(),g.state.isEnabled=!1}function te(){clearTimeout(r),clearTimeout(i),cancelAnimationFrame(o)}function fe(M){if(!g.state.isDestroyed){ct("onBeforeUpdate",[g,M]),F();var at=g.props,St=dT(t,Object.assign({},at,aT(M),{ignoreAttributes:!0}));g.props=St,ln(),at.interactiveDebounce!==St.interactiveDebounce&&(st(),I=sT(it,St.interactiveDebounce)),at.triggerTarget&&!St.triggerTarget?ao(at.triggerTarget).forEach(function(Gt){Gt.removeAttribute("aria-expanded")}):St.triggerTarget&&t.removeAttribute("aria-expanded"),Rt(),W(),U&&U(at,St),g.popperInstance&&(rt(),ut().forEach(function(Gt){requestAnimationFrame(Gt._tippy.popperInstance.forceUpdate)})),ct("onAfterUpdate",[g,M])}}function ce(M){g.setProps({content:M})}function cn(){var M=g.state.isVisible,at=g.state.isDestroyed,St=!g.state.isEnabled,Gt=Ei.isTouch&&!g.props.touch,Vt=oh(g.props.duration,0,ei.duration);if(!(M||at||St||Gt)&&!B().hasAttribute("disabled")&&(ct("onShow",[g],!1),g.props.onShow(g)!==!1)){if(g.state.isVisible=!0,Ct()&&(x.style.visibility="visible"),W(),Z(),g.state.isMounted||(x.style.transition="none"),Ct()){var Le=At(),We=Le.box,Rn=Le.content;ah([We,Rn],0)}R=function(){var rn;if(!(!g.state.isVisible||p)){if(p=!0,x.offsetHeight,x.style.transition=g.props.moveTransition,Ct()&&g.props.animation){var V=At(),pt=V.box,xt=V.content;ah([pt,xt],Vt),lT([pt,xt],"visible")}bt(),Rt(),oT(ch,g),(rn=g.popperInstance)==null||rn.forceUpdate(),ct("onMount",[g]),g.props.animation&&Ct()&&ne(Vt,function(){g.state.isShown=!0,ct("onShown",[g])})}},ft()}}function nn(){var M=!g.state.isVisible,at=g.state.isDestroyed,St=!g.state.isEnabled,Gt=oh(g.props.duration,1,ei.duration);if(!(M||at||St)&&(ct("onHide",[g],!1),g.props.onHide(g)!==!1)){if(g.state.isVisible=!1,g.state.isShown=!1,p=!1,l=!1,Ct()&&(x.style.visibility="hidden"),st(),C(),W(!0),Ct()){var Vt=At(),Le=Vt.box,We=Vt.content;g.props.animation&&(ah([Le,We],Gt),lT([Le,We],"hidden"))}bt(),Rt(),g.props.animation?Ct()&&Mt(Gt,g.unmount):g.unmount()}}function gn(M){q().addEventListener("mousemove",I),oT(Su,I),I(M)}function Tn(){g.state.isVisible&&g.hide(),g.state.isMounted&&(ot(),ut().forEach(function(M){M._tippy.unmount()}),x.parentNode&&x.parentNode.removeChild(x),ch=ch.filter(function(M){return M!==g}),g.state.isMounted=!1,ct("onHidden",[g]))}function Vn(){g.state.isDestroyed||(g.clearDelayTimeouts(),g.unmount(),F(),delete t._tippy,g.state.isDestroyed=!0,ct("onDestroy",[g]))}}function Fa(t,e){e===void 0&&(e={});var n=ei.plugins.concat(e.plugins||[]);X5();var r=Object.assign({},e,{plugins:n}),i=$5(t),o=i.reduce(function(l,c){var d=c&&nW(c,r);return d&&l.push(d),l},[]);return Qd(t)?o[0]:o}Fa.defaultProps=ei;Fa.setDefaultProps=Q5;Fa.currentInput=Ei;var rW=Object.assign({},Id,{effect:function(e){var n=e.state,r={popper:{position:n.options.strategy,left:"0",top:"0",margin:"0"},arrow:{position:"absolute"},reference:{}};Object.assign(n.elements.popper.style,r.popper),n.styles=r,n.elements.arrow&&Object.assign(n.elements.arrow.style,r.arrow)}}),iW=function(e,n){var r;n===void 0&&(n={});var i=e,o=[],l=[],c,d=n.overrides,p=[],f=!1;function E(){l=i.map(function(g){return ao(g.props.triggerTarget||g.reference)}).reduce(function(g,z){return g.concat(z)},[])}function R(){o=i.map(function(g){return g.reference})}function O(g){i.forEach(function(z){g?z.enable():z.disable()})}function I(g){return i.map(function(z){var x=z.setProps;return z.setProps=function(U){x(U),z.reference===c&&g.setProps(U)},function(){z.setProps=x}})}function b(g,z){var x=l.indexOf(z);if(z!==c){c=z;var U=(d||[]).concat("content").reduce(function(et,It){return et[It]=i[x].props[It],et},{});g.setProps(Object.assign({},U,{getReferenceClientRect:typeof U.getReferenceClientRect=="function"?U.getReferenceClientRect:function(){var et;return(et=o[x])==null?void 0:et.getBoundingClientRect()}}))}}O(!1),R(),E();var k={fn:function(){return{onDestroy:function(){O(!0)},onHidden:function(){c=null},onClickOutside:function(x){x.props.showOnCreate&&!f&&(f=!0,c=null)},onShow:function(x){x.props.showOnCreate&&!f&&(f=!0,b(x,o[0]))},onTrigger:function(x,U){b(x,U.currentTarget)}}}},A=Fa(ha(),Object.assign({},B5(n,["overrides"]),{plugins:[k].concat(n.plugins||[]),triggerTarget:l,popperOptions:Object.assign({},n.popperOptions,{modifiers:[].concat(((r=n.popperOptions)==null?void 0:r.modifiers)||[],[rW])})})),N=A.show;A.show=function(g){if(N(),!c&&g==null)return b(A,o[0]);if(!(c&&g==null)){if(typeof g=="number")return o[g]&&b(A,o[g]);if(i.indexOf(g)>=0){var z=g.reference;return b(A,z)}if(o.indexOf(g)>=0)return b(A,g)}},A.showNext=function(){var g=o[0];if(!c)return A.show(0);var z=o.indexOf(c);A.show(o[z+1]||g)},A.showPrevious=function(){var g=o[o.length-1];if(!c)return A.show(g);var z=o.indexOf(c),x=o[z-1]||g;A.show(x)};var K=A.setProps;return A.setProps=function(g){d=g.overrides||d,K(g)},A.setInstances=function(g){O(!0),p.forEach(function(z){return z()}),i=g,O(!1),R(),E(),p=I(A),A.setProps({triggerTarget:l})},p=I(A),A};Fa.setDefaultProps({render:pR});const sW={class:"diagram"},oW={class:"flex-shrink-0"},aW={class:"text-center my-1"},lW={class:"btn-group btn-group-xs"},cW={key:0,class:"text-center my-1"},uW={class:"btn-group btn-group-xs"},dW=["disabled"],fW=["disabled"],pW=["disabled"],hW={class:"legend text-center"},mW={key:0,class:"list-unstyled list-inline mb-0"},_W={key:0,class:"list-inline-item"},EW={key:1,class:"list-inline-item"},gW={key:0},TW={key:0},vW=["colspan"],SW={class:"tree-lines"},AW=["onClick"],RW={key:1,class:"p-2 text-center text-secondary"},bW=Ke({__name:"Diagram",setup(t){const n=new Ua().getHelpMessage,r=Oe(ii),i=le(null),o=Oe(Ro);if(!o)throw new Error(`Could not resolve ${Ro.description}`);const l=Oe(Xd),c=[[]];let d=[],p;const f=lr({metric:ke.time,buffersMetric:de.shared});ks(()=>{const A=localStorage.getItem("diagramViewOptions");A&&j.assignIn(f,JSON.parse(A)),O(c[0],0,r.value.content.Plan,!0,[]),j.each(r.value.ctes,K=>{const g=[];O(g,0,K,!0,[]),c.push(g)});const N=j.keys(r.value.planStats.maxBlocks);j.indexOf(N,f.buffersMetric)===-1&&(f.buffersMetric=j.min(N))}),yo(()=>{R()}),Un(f,E);function E(){localStorage.setItem("diagramViewOptions",JSON.stringify(f)),Ml(R)}function R(){p&&p.destroy(),j.each(d,A=>{A.destroy()}),d=Fa(".diagram tr.node"),p=iW(d,{delay:100,allowHTML:!0})}function O(A,N,K,g,z){A.push([N,K,g,j.concat([],z)]),g||z.push(N),j.each(K.Plans,x=>{O(A,N+1,x,x===j.last(K.Plans),z)}),g||z.pop()}const I=Dt(()=>f.metric===ke.buffers?!!f.buffersMetric:!0);function b(A){return j.startsWith(A[m.SUBPLAN_NAME],"CTE")}function k(A){i.value&&UH(i.value,A)}return qn("scrollTo",k),(A,N)=>(w(),D("div",sW,[v("div",oW,[v("div",aW,[v("div",lW,[v("button",{class:Pt(["btn btn-outline-secondary",{active:f.metric===h(ke).time}]),onClick:N[0]||(N[0]=K=>f.metric=h(ke).time)},`
            time
          `,2),N[9]||(N[9]=T()),v("button",{class:Pt(["btn btn-outline-secondary",{active:f.metric===h(ke).rows}]),onClick:N[1]||(N[1]=K=>f.metric=h(ke).rows)},`
            rows
          `,2),N[10]||(N[10]=T()),v("button",{class:Pt(["btn btn-outline-secondary",{active:f.metric===h(ke).estimate_factor}]),onClick:N[2]||(N[2]=K=>f.metric=h(ke).estimate_factor)},`
            estimation
          `,2),N[11]||(N[11]=T()),v("button",{class:Pt(["btn btn-outline-secondary",{active:f.metric===h(ke).cost}]),onClick:N[3]||(N[3]=K=>f.metric=h(ke).cost)},`
            cost
          `,2),N[12]||(N[12]=T()),v("button",{class:Pt(["btn btn-outline-secondary",{active:f.metric===h(ke).buffers}]),onClick:N[4]||(N[4]=K=>f.metric=h(ke).buffers)},`
            buffers
          `,2),N[13]||(N[13]=T()),v("button",{class:Pt(["btn btn-outline-secondary",{active:f.metric===h(ke).io}]),onClick:N[5]||(N[5]=K=>f.metric=h(ke).io)},`
            IO
          `,2)])]),N[25]||(N[25]=T()),f.metric==h(ke).buffers?(w(),D("div",cW,[v("div",uW,[v("button",{class:Pt(["btn btn-outline-secondary",{active:f.buffersMetric===h(de).shared}]),onClick:N[6]||(N[6]=K=>f.buffersMetric=h(de).shared),disabled:!h(r).planStats.maxBlocks?.[h(de).shared]},`
            shared
          `,10,dW),N[14]||(N[14]=T()),v("button",{class:Pt(["btn btn-outline-secondary",{active:f.buffersMetric===h(de).temp}]),onClick:N[7]||(N[7]=K=>f.buffersMetric=h(de).temp),disabled:!h(r).planStats.maxBlocks?.[h(de).temp]},`
            temp
          `,10,fW),N[15]||(N[15]=T()),v("button",{class:Pt(["btn btn-outline-secondary",{active:f.buffersMetric===h(de).local}]),onClick:N[8]||(N[8]=K=>f.buffersMetric=h(de).local),disabled:!h(r).planStats.maxBlocks?.[h(de).local]},`
            local
          `,10,pW)])])):nt("",!0),N[26]||(N[26]=T()),v("div",hW,[f.metric==h(ke).buffers?(w(),D("ul",mW,[f.buffersMetric!=h(de).temp?(w(),D("li",_W,N[16]||(N[16]=[v("span",{class:"bg-hit rounded"},null,-1),T(`
            Hit
          `)]))):nt("",!0),N[18]||(N[18]=T()),N[19]||(N[19]=v("li",{class:"list-inline-item"},[v("span",{class:"bg-read"}),T(`
            Read
          `)],-1)),N[20]||(N[20]=T()),f.buffersMetric!=h(de).temp?(w(),D("li",EW,N[17]||(N[17]=[v("span",{class:"bg-dirtied"},null,-1),T(`
            Dirtied
          `)]))):nt("",!0),N[21]||(N[21]=T()),N[22]||(N[22]=v("li",{class:"list-inline-item"},[v("span",{class:"bg-written"}),T(`
            Written
          `)],-1))])):nt("",!0),N[24]||(N[24]=T()),f.metric==h(ke).io?(w(),D($t,{key:1},[N[23]||(N[23]=Sx(`<ul class="list-unstyled list-inline mb-0 d-inline-block"><li class="list-inline-item"><span class="bg-read"></span>
              Read
            </li> <li class="list-inline-item"><span class="bg-written"></span>
              Write
            </li></ul> `,2)),Se(Lt(h(Ae),{icon:h(_o),class:"cursor-help d-inline-block text-secondary"},null,8,["icon"]),[[h(Ne),{content:h(n)("hint track_io_timing"),allowHTML:!0}]])],64)):nt("",!0)])]),N[34]||(N[34]=T()),v("div",{class:"overflow-auto flex-grow-1",ref_key:"container",ref:i},[I.value?(w(),D("table",{key:0,class:Pt(["m-1",{highlight:!!h(l)}])},[(w(),D($t,null,je(c,(K,g)=>v("tbody",{key:g},[g===0&&c.length>1?(w(),D("tr",gW,N[27]||(N[27]=[v("th",{colspan:"3",class:"subplan"},"Main Query Plan",-1)]))):nt("",!0),N[32]||(N[32]=T()),(w(!0),D($t,null,je(K,(z,x)=>(w(),D($t,{key:x},[z[1][h(m).SUBPLAN_NAME]?(w(),D("tr",TW,[N[29]||(N[29]=v("td",null,null,-1)),N[30]||(N[30]=T()),v("td",{class:Pt(["subplan pe-2",{"fw-bold":b(z[1])}]),colspan:b(z[1])?3:2},[v("span",SW,[(w(!0),D($t,null,je(h(j).range(z[0]),U=>(w(),D($t,null,[h(j).indexOf(z[3],U)!=-1?(w(),D($t,{key:0},[T("│")],64)):U!==0?(w(),D($t,{key:1},[T(" ")],64)):nt("",!0)],64))),256)),x!==0?(w(),D($t,{key:0},[T(mt(z[2]?"└":"├"),1)],64)):nt("",!0)]),N[28]||(N[28]=T()),v("a",{class:"fst-italic text-reset",href:"",onClick:Me(U=>h(o)(z[1].nodeId,!0),["prevent"])},mt(z[1][h(m).SUBPLAN_NAME]),9,AW)],10,vW)])):nt("",!0),N[31]||(N[31]=T()),Lt(x5,{node:z[1],isSubplan:!!z[1][h(m).SUBPLAN_NAME],isLastChild:!!z[2],level:z[0],branches:z[3],index:x,viewOptions:f},null,8,["node","isSubplan","isLastChild","level","branches","index","viewOptions"])],64))),128))])),64))],2)):(w(),D("div",RW,N[33]||(N[33]=[v("em",null," No data available ",-1)])))],512)]))}}),OW={class:"grid-progress progress rounded-0 bg-transparent"},wn=Ke({__name:"GridProgressBar",props:{percentage:{},percentage2:{}},setup(t){return(e,n)=>(w(),D("div",OW,[v("div",{class:Pt(["bg-secondary border-secondary opacity-50",{"border-start":e.percentage>0}]),style:Qe({width:e.percentage+"%"})},null,6),n[0]||(n[0]=T()),e.percentage2?(w(),D("div",{key:0,class:Pt(["bg-secondary border-secondary opacity-20",{"border-start":e.percentage2>0}]),style:Qe({width:e.percentage2+"%"})},null,6)):nt("",!0)]))}}),LW={class:"px-1"},yW={key:0,class:"text-warning"},NW={class:"px-1"},CW={key:0,class:"text-warning"},wW={class:"card-header"},xW={class:"list-group list-group-flush"},IW={key:0,class:"list-group-item d-flex flex-row"},kW={class:"col-6"},BW=["innerHTML"],hR=Ke({__name:"WorkersDetail",props:{node:{}},setup(t){const n=lr(t.node),r=Oe(ii),i=Oe(wo),l=new Ua().getHelpMessage,{workersLaunchedCount:c,workersPlannedCount:d}=$a(r,n,i);return(p,f)=>(w(),D($t,null,[v("div",null,[f[1]||(f[1]=v("b",null,"Workers planned: ",-1)),f[2]||(f[2]=T()),v("span",LW,mt(h(d)),1),f[3]||(f[3]=T()),!n[h(m).WORKERS_PLANNED]&&!n[h(m).WORKERS]&&(!h(r).isVerbose||!h(r).isAnalyze)?(w(),D("em",yW,[Se(Lt(h(Ae),{icon:h(tT),class:"cursor-help"},null,8,["icon"]),[[h(Ne),h(l)("fuzzy needs verbose")]])])):nt("",!0)]),f[9]||(f[9]=T()),v("div",null,[f[4]||(f[4]=v("b",null,"Workers launched: ",-1)),f[5]||(f[5]=T()),v("span",NW,mt(h(c)),1),f[6]||(f[6]=T()),!n[h(m).WORKERS_LAUNCHED]&&!n[h(m).WORKERS]&&(!h(r).isVerbose||!h(r).isAnalyze)?(w(),D("em",CW,[Se(Lt(h(Ae),{icon:h(tT),class:"cursor-help"},null,8,["icon"]),[[h(Ne),h(l)("fuzzy needs verbose")]])])):nt("",!0)]),f[10]||(f[10]=T()),h(j).isArray(n[h(m).WORKERS])?(w(),D("div",{key:0,class:"overflow-auto",style:{"max-height":"300px"},onWheel:f[0]||(f[0]=Me(()=>{},["stop"]))},[(w(!0),D($t,null,je(n[h(m).WORKERS],(E,R)=>(w(),D("div",{key:R,class:"card mt-2"},[v("div",wW,[v("b",null,"Worker "+mt(E[h(qd).WORKER_NUMBER]),1)]),f[8]||(f[8]=T()),v("ul",xW,[(w(!0),D($t,null,je(E,(O,I)=>(w(),D($t,{key:I},[h(rR)(I,O)?(w(),D("li",IW,[v("div",kW,mt(I),1),f[7]||(f[7]=T()),v("div",{class:"col-6",innerHTML:h(Ss)(I,O)},null,8,BW)])):nt("",!0)],64))),128))])]))),128))],32)):nt("",!0)],64))}}),DW={class:"table table-sm prop-list mb-0"},PW={key:0},MW={width:"40%"},HW=["innerHTML"],mR=Ke({__name:"MiscDetail",props:{node:{}},setup(t){const e=le(),r=lr(t.node);ks(()=>{i()});function i(){e.value=j.chain(r).omit(m.PLANS).omit(m.WORKERS).map((o,l)=>({key:l,value:o})).value()}return(o,l)=>(w(),D($t,null,[v("table",DW,[(w(!0),D($t,null,je(e.value,(c,d)=>(w(),D($t,{key:d},[h(rR)(c.key,c.value)?(w(),D("tr",PW,[v("td",MW,mt(c.key),1),l[0]||(l[0]=T()),v("td",{innerHTML:h(Ss)(c.key,c.value)},null,8,HW)])):nt("",!0)],64))),128))]),l[1]||(l[1]=T()),l[2]||(l[2]=v("div",{class:"text-secondary text-end"},[v("em",null,"* Calculated value")],-1))],64))}}),WW={height:"1em",width:"1em",viewBox:"0 0 20 20",class:"me-1",style:{"margin-left":"-8px"}},ml=Ke({__name:"SeverityBullet",props:["severity"],setup(t){return(e,n)=>(w(),D("svg",WW,[v("circle",{r:"7",cx:"10",cy:"10",class:Pt(t.severity),stroke:"white","stroke-width":"1"},null,2)]))}}),UW={class:"node-index text-secondary"},$W=["href"],FW={class:"font-weight-normal small"},VW={key:0,class:"text-end grid-progress-cell text-nowrap"},zW={class:"position-relative d-flex"},GW={class:"flex-grow-1"},XW={key:0,class:"small text-body-secondary"},KW={key:1,class:"text-end grid-progress-cell text-nowrap"},YW={key:0,class:"small text-body-secondary"},qW={key:2,class:"text-end grid-progress-cell text-nowrap"},jW={key:0,class:"small text-body-secondary"},JW={key:3,class:"text-end grid-progress-cell text-nowrap"},QW={class:"position-relative"},ZW={key:4,class:"text-end grid-progress-cell text-nowrap"},t8={key:0},e8={key:0,class:"position-relative d-flex"},n8={class:"flex-grow-1"},r8=["innerHTML"],i8={key:0},s8={key:1},o8={key:1,class:"small text-body-secondary"},a8={key:5,class:"text-end grid-progress-cell text-nowrap"},l8={class:"position-relative d-flex"},c8={class:"flex-grow-1"},u8={key:6,class:"text-end text-nowrap"},d8={key:0},f8={key:7,class:"text-end grid-progress-cell text-nowrap"},p8={class:"position-relative d-flex"},h8={class:"flex-grow-1"},m8={key:0,class:"small text-body-secondary"},_8={key:8,class:"text-end grid-progress-cell text-nowrap"},E8={class:"position-relative d-flex"},g8={class:"flex-grow-1"},T8={class:"d-inline"},v8={class:"border border-secondary px-1 bg-light",style:{"--bs-border-opacity":"0.5"}},S8={class:"text-body-secondary"},A8={key:0},R8={key:1},b8=["innerHTML"],O8=["innerHTML"],L8=["innerHTML"],y8=["innerHTML"],N8=["innerHTML"],C8={key:7,class:"text-reset"},w8={class:"text-wrap"},x8={key:0,class:"node-description mt-1"},I8={class:"node-type"},k8=["innerHTML"],B8={class:"nav nav-tabs mt-1"},D8={class:"nav-item"},P8={class:"nav-item"},M8={class:"nav-item"},H8={class:"tab-content bg-white"},W8=["innerHTML"],U8={key:9,class:"text-end text-nowrap grid-progress-cell"},$8={class:"position-relative"},F8={key:0,class:"small text-body-secondary"},V8={key:10,class:"text-end text-nowrap grid-progress-cell"},z8={class:"position-relative"},G8={key:0,class:"small text-body-secondary"},X8={key:11,class:"text-end text-nowrap grid-progress-cell"},K8={class:"position-relative"},Y8={key:0,class:"small text-body-secondary"},q8={key:12,class:"text-end text-nowrap grid-progress-cell"},j8={class:"position-relative"},J8={key:0,class:"small text-body-secondary"},Q8={key:13,class:"text-end text-nowrap grid-progress-cell"},Z8={class:"position-relative"},tU={key:0,class:"small text-body-secondary"},eU={key:14,class:"text-end text-nowrap grid-progress-cell"},nU={class:"position-relative"},rU={key:0,class:"small text-body-secondary"},iU={key:15,class:"text-end text-nowrap grid-progress-cell"},sU={class:"position-relative"},oU={key:0,class:"small text-body-secondary"},aU={key:16,class:"text-end text-nowrap grid-progress-cell"},lU={class:"position-relative"},cU={key:0,class:"small text-body-secondary"},uU={key:17,class:"text-end text-nowrap grid-progress-cell"},dU={class:"position-relative"},fU={key:0,class:"small text-body-secondary"},pU={key:18,class:"text-end text-nowrap grid-progress-cell"},hU={class:"position-relative"},mU={key:0,class:"small text-body-secondary"},_U=Ke({__name:"GridRow",props:{node:{},level:{},isSubplan:{type:Boolean},isLastChild:{type:Boolean},branches:{},index:{},columns:{}},setup(t){const n=new Ua().getNodeTypeDescription,i=lr(t.node),o=Oe(ii),l=Oe(wo),c=le("misc"),{buffersByMetricTooltip:d,costClass:p,costTooltip:f,durationClass:E,estimationClass:R,estimateFactorPercent:O,estimateFactorTooltip:I,executionTimePercent:b,heapFetchesClass:k,heapFetchesTooltip:A,ioTooltip:N,localDirtiedPercent:K,localHitPercent:g,localReadPercent:z,localWrittenPercent:x,nodeName:U,rowsRemoved:et,rowsRemovedClass:It,rowsRemovedPercent:Bt,rowsRemovedPercentString:dt,rowsRemovedProp:Ct,rowsRemovedTooltip:B,rowsTooltip:q,sharedDirtiedPercent:At,sharedHitPercent:H,sharedReadPercent:W,sharedWrittenPercent:ct,tempReadPercent:bt,tempWrittenPercent:Rt,timeTooltip:st,tilde:Y}=$a(o,i,l),P=le(!1);function J(Z){const C=m[Z],Mt=i[C];return Ss(C,Mt)}return(Z,C)=>(w(),D("tr",{onClick:C[6]||(C[6]=Mt=>P.value=!P.value),class:"node"},[v("td",UW,[v("a",{href:`#plan/node/${i.nodeId}`,onClick:C[0]||(C[0]=Me(()=>{},["stop"]))},[v("span",FW,"#"+mt(i.nodeId),1)],8,$W)]),C[81]||(C[81]=T()),Z.columns.includes("time")?(w(),D("td",VW,[Lt(wn,{percentage:i[h(m).EXCLUSIVE_DURATION]/(h(o).planStats.executionTime||h(o).content.Plan[h(m).ACTUAL_TOTAL_TIME])*100,percentage2:(i[h(m).ACTUAL_TOTAL_TIME]-i[h(m).EXCLUSIVE_DURATION])/(h(o).planStats.executionTime||h(o).content.Plan[h(m).ACTUAL_TOTAL_TIME])*100},null,8,["percentage","percentage2"]),C[10]||(C[10]=T()),Se((w(),D("div",zW,[h(E)?(w(),Be(ml,{key:0,severity:h(E)},null,8,["severity"])):nt("",!0),C[7]||(C[7]=T()),v("span",GW,mt(Math.round(i[h(m).EXCLUSIVE_DURATION]).toLocaleString()),1)])),[[h(Ne),{content:h(st),allowHTML:!0}]]),C[11]||(C[11]=T()),P.value?(w(),D("div",XW,[T(mt(h(Wn)(i[h(m).EXCLUSIVE_DURATION]))+" ",1),C[8]||(C[8]=v("br",null,null,-1)),C[9]||(C[9]=T()),h(b)!==1/0?(w(),D($t,{key:0},[T(mt(h(b))+`%
        `,1)],64)):nt("",!0)])):nt("",!0)])):nt("",!0),C[82]||(C[82]=T()),Z.columns.includes("ioread")?Se((w(),D("td",KW,[i[h(m).IO_READ_TIME]?(w(),D($t,{key:0},[Lt(wn,{percentage:i[h(m).EXCLUSIVE_IO_READ_TIME]/(h(o).content.Plan[h(m).IO_READ_TIME]+h(o).content.Plan[h(m).IO_WRITE_TIME])*100},null,8,["percentage"]),T(" "+mt(Math.round(i[h(m).EXCLUSIVE_IO_READ_TIME]).toLocaleString())+" ",1),P.value?(w(),D("div",YW,[T(mt(h(Wn)(i[h(m).EXCLUSIVE_IO_READ_TIME]))+" ",1),C[12]||(C[12]=v("br",null,null,-1)),T(" "+mt(h(Yl)(i[h(m).AVERAGE_IO_READ_SPEED])),1)])):nt("",!0)],64)):nt("",!0)])),[[h(Ne),{content:h(N),allowHTML:!0}]]):nt("",!0),C[83]||(C[83]=T()),Z.columns.includes("iowrite")?Se((w(),D("td",qW,[i[h(m).IO_WRITE_TIME]?(w(),D($t,{key:0},[Lt(wn,{percentage:i[h(m).EXCLUSIVE_IO_WRITE_TIME]/(h(o).content.Plan[h(m).IO_READ_TIME]+h(o).content.Plan[h(m).IO_WRITE_TIME])*100},null,8,["percentage"]),T(" "+mt(Math.round(i[h(m).EXCLUSIVE_IO_WRITE_TIME]).toLocaleString())+" ",1),P.value?(w(),D("div",jW,[T(mt(h(Wn)(i[h(m).EXCLUSIVE_IO_WRITE_TIME]))+" ",1),C[13]||(C[13]=v("br",null,null,-1)),T(" "+mt(h(Yl)(i[h(m).AVERAGE_IO_WRITE_SPEED])),1)])):nt("",!0)],64)):nt("",!0)])),[[h(Ne),{content:h(N),allowHTML:!0}]]):nt("",!0),C[84]||(C[84]=T()),Z.columns.includes("rows")?(w(),D("td",JW,[Lt(wn,{percentage:i[h(m).ACTUAL_ROWS_REVISED]/h(o).planStats.maxRows*100},null,8,["percentage"]),C[14]||(C[14]=T()),Se((w(),D("div",QW,[T(mt(h(Y)+i[h(m).ACTUAL_ROWS_REVISED]?.toLocaleString()),1)])),[[h(Ne),{content:h(q),allowHTML:!0}]])])):nt("",!0),C[85]||(C[85]=T()),Z.columns.includes("estimation")?(w(),D("td",ZW,[Lt(wn,{percentage:h(O)},null,8,["percentage"]),C[21]||(C[21]=T()),i[h(m).PLANNER_ESTIMATE_FACTOR]!=null?Se((w(),D("div",t8,[i[h(m).PLANNER_ESTIMATE_FACTOR]!=1?(w(),D("div",e8,[h(R)?(w(),Be(ml,{key:0,severity:h(R)},null,8,["severity"])):nt("",!0),C[17]||(C[17]=T()),v("span",n8,[v("span",{innerHTML:h(Rm)(i[h(m).PLANNER_ESTIMATE_FACTOR]||0)},null,8,r8),C[15]||(C[15]=T()),i[h(m).PLANNER_ESTIMATE_DIRECTION]===h(yn).under?(w(),D("span",i8,`
              ▾
            `)):nt("",!0),C[16]||(C[16]=T()),i[h(m).PLANNER_ESTIMATE_DIRECTION]===h(yn).over?(w(),D("span",s8,`
              ▴
            `)):nt("",!0)])])):nt("",!0),C[20]||(C[20]=T()),P.value&&i[h(m).PLANNER_ESTIMATE_FACTOR]!=1?(w(),D("div",o8,[C[18]||(C[18]=T(`
          Planned:`)),C[19]||(C[19]=v("br",null,null,-1)),T(" "+mt(i[h(m).PLAN_ROWS_REVISED]?.toLocaleString()),1)])):nt("",!0)])),[[h(Ne),{content:h(I),allowHTML:!0}]]):nt("",!0)])):nt("",!0),C[86]||(C[86]=T()),Z.columns.includes("cost")?(w(),D("td",a8,[Lt(wn,{percentage:Math.round(i[h(m).EXCLUSIVE_COST]/h(o).planStats.maxCost*100)},null,8,["percentage"]),C[23]||(C[23]=T()),Se((w(),D("div",l8,[h(p)?(w(),Be(ml,{key:0,severity:h(p)},null,8,["severity"])):nt("",!0),C[22]||(C[22]=T()),v("span",c8,mt(h(Am)(i[h(m).EXCLUSIVE_COST])),1)])),[[h(Ne),{content:h(f),allowHTML:!0}]])])):nt("",!0),C[87]||(C[87]=T()),Z.columns.includes("loops")?(w(),D("td",u8,[i[h(m).ACTUAL_LOOPS]!=1?(w(),D("span",d8,mt(i[h(m).ACTUAL_LOOPS].toLocaleString()),1)):nt("",!0)])):nt("",!0),C[88]||(C[88]=T()),Z.columns.includes("filter")?(w(),D("td",f8,[h(et)?(w(),D($t,{key:0},[Lt(wn,{percentage:h(Bt)},null,8,["percentage"]),C[25]||(C[25]=T()),Se((w(),D("div",p8,[h(It)?(w(),Be(ml,{key:0,severity:h(It)},null,8,["severity"])):nt("",!0),C[24]||(C[24]=T()),v("span",h8,mt(h(dt))+"% ",1)])),[[h(Ne),{content:h(B),allowHTML:!0}]]),C[26]||(C[26]=T()),P.value?(w(),D("div",m8,mt(h(Y)+J(h(Ct))),1)):nt("",!0)],64)):nt("",!0)])):nt("",!0),C[89]||(C[89]=T()),Z.columns.includes("heapfetches")?(w(),D("td",_8,[Se((w(),D("div",E8,[h(k)?(w(),Be(ml,{key:0,severity:h(k)},null,8,["severity"])):nt("",!0),C[27]||(C[27]=T()),v("span",g8,mt(i[h(m).HEAP_FETCHES]?.toLocaleString()),1)])),[[h(Ne),{content:h(A),allowHTML:!0}]])])):nt("",!0),C[90]||(C[90]=T()),v("td",{class:Pt(["node-type",P.value?"":"text-nowrap text-truncate overflow-hidden"]),style:{"max-width":"0"}},[Lt(Sm,{isSubplan:Z.isSubplan,isNode:"",isLastChild:Z.isLastChild,level:Z.level,branches:Z.branches,index:Z.index},null,8,["isSubplan","isLastChild","level","branches","index"]),C[57]||(C[57]=T()),v("div",T8,[v("b",v8,mt(h(U)),1),C[49]||(C[49]=T()),v("span",S8,[i[h(m).RELATION_NAME]||i[h(m).FUNCTION_NAME]?(w(),D($t,{key:0},[C[29]||(C[29]=v("span",{class:"text-secondary"},"on",-1)),C[30]||(C[30]=T()),i[h(m).SCHEMA]?(w(),D("span",A8,mt(i[h(m).SCHEMA])+".",1)):nt("",!0),T(mt(i[h(m).RELATION_NAME])+mt(i[h(m).FUNCTION_NAME])+" ",1),i[h(m).ALIAS]?(w(),D("span",R8,[C[28]||(C[28]=v("span",{class:"text-secondary"},"as",-1)),T(" "+mt(i[h(m).ALIAS]),1)])):nt("",!0)],64)):i[h(m).ALIAS]?(w(),D($t,{key:1},[C[31]||(C[31]=v("span",{class:"text-secondary"},"on",-1)),C[32]||(C[32]=T()),v("span",{innerHTML:h(Yi)(i[h(m).ALIAS])},null,8,b8)],64)):nt("",!0),C[43]||(C[43]=T()),i[h(m).GROUP_KEY]?(w(),D($t,{key:2},[C[33]||(C[33]=v("span",{class:"text-secondary"},"by",-1)),C[34]||(C[34]=T()),v("span",{innerHTML:h(Yi)(i[h(m).GROUP_KEY])},null,8,O8)],64)):nt("",!0),C[44]||(C[44]=T()),i[h(m).SORT_KEY]?(w(),D($t,{key:3},[C[35]||(C[35]=v("span",{class:"text-secondary"},"by",-1)),C[36]||(C[36]=T()),v("span",{innerHTML:h(sR)(i[h(m).SORT_KEY],i[h(m).PRESORTED_KEY])},null,8,L8)],64)):nt("",!0),C[45]||(C[45]=T()),i[h(m).JOIN_TYPE]?(w(),D($t,{key:4},[T(mt(i[h(m).JOIN_TYPE])+" ",1),C[37]||(C[37]=v("span",{class:"text-secondary"},"join",-1))],64)):nt("",!0),C[46]||(C[46]=T()),i[h(m).INDEX_NAME]?(w(),D($t,{key:5},[C[38]||(C[38]=v("span",{class:"text-secondary"},"using",-1)),C[39]||(C[39]=T()),v("span",{innerHTML:h(Yi)(i[h(m).INDEX_NAME])},null,8,y8)],64)):nt("",!0),C[47]||(C[47]=T()),i[h(m).HASH_CONDITION]?(w(),D($t,{key:6},[C[40]||(C[40]=v("span",{class:"text-secondary"},"on",-1)),C[41]||(C[41]=T()),v("span",{innerHTML:h(Yi)(i[h(m).HASH_CONDITION])},null,8,N8)],64)):nt("",!0),C[48]||(C[48]=T()),i[h(m).CTE_NAME]?(w(),D("span",C8,[C[42]||(C[42]=v("span",{class:"text-secondary"},"CTE",-1)),T(" "+mt(i[h(m).CTE_NAME]),1)])):nt("",!0)])]),C[58]||(C[58]=T()),C[59]||(C[59]=v("br",null,null,-1)),C[60]||(C[60]=T()),P.value?(w(),D("div",{key:0,class:"plan-node position-relative detailed",style:{width:"100%"},onClick:C[5]||(C[5]=Me(()=>{},["stop"]))},[v("div",w8,[h(n)(i[h(m).NODE_TYPE])?(w(),D("div",x8,[v("span",I8,mt(i[h(m).NODE_TYPE])+" Node",1),C[50]||(C[50]=T()),v("span",{innerHTML:h(n)(i[h(m).NODE_TYPE])},null,8,k8)])):nt("",!0),C[55]||(C[55]=T()),v("ul",B8,[v("li",D8,[v("a",{class:Pt(["nav-link px-2 py-1",{active:c.value==="misc"}]),onClick:C[1]||(C[1]=Me(Mt=>c.value="misc",["prevent","stop"])),href:""},"Misc",2)]),C[51]||(C[51]=T()),v("li",P8,[v("a",{class:Pt(["nav-link px-2 py-1",{active:c.value==="output",disabled:!i[h(m).OUTPUT]}]),onClick:C[2]||(C[2]=Me(Mt=>c.value="output",["prevent","stop"])),href:""},"Output",2)]),C[52]||(C[52]=T()),v("li",M8,[v("a",{class:Pt(["nav-link px-2 py-1",{active:c.value==="workers",disabled:!(i[h(m).WORKERS_PLANNED]||i[h(m).WORKERS_PLANNED_BY_GATHER])}]),onClick:C[3]||(C[3]=Me(Mt=>c.value="workers",["prevent","stop"])),href:""},"Workers",2)])]),C[56]||(C[56]=T()),v("div",H8,[v("div",{class:Pt(["tab-pane p-1 border border-top-0",{"show active":c.value==="misc"}])},[Lt(mR,{node:i},null,8,["node"])],2),C[53]||(C[53]=T()),v("div",{class:Pt(["tab-pane p-1 border border-top-0 overflow-auto font-monospace",{"show active":c.value==="output"}]),innerHTML:J("OUTPUT"),style:{"max-height":"200px"},onMousewheel:C[4]||(C[4]=Me(()=>{},["stop"]))},null,42,W8),C[54]||(C[54]=T()),v("div",{class:Pt(["tab-pane p-1 border border-top-0 rounded rounded-top-start-0",{"show active":c.value==="workers"}])},[Lt(hR,{node:i},null,8,["node"])],2)])])])):nt("",!0)],2),C[91]||(C[91]=T()),Z.columns.includes("shared.hit")?(w(),D("td",U8,[Lt(wn,{percentage:h(H)},null,8,["percentage"]),C[61]||(C[61]=T()),Se((w(),D("div",$8,[T(mt(h(Pn)(i[h(m).EXCLUSIVE_SHARED_HIT_BLOCKS])),1)])),[[h(Ne),{content:h(d)(h(m).EXCLUSIVE_SHARED_HIT_BLOCKS),allowHTML:!0}]]),C[62]||(C[62]=T()),P.value?(w(),D("div",F8,mt(h(Jr)(i[h(m).EXCLUSIVE_SHARED_HIT_BLOCKS])),1)):nt("",!0)])):nt("",!0),C[92]||(C[92]=T()),Z.columns.includes("shared.read")?(w(),D("td",V8,[Lt(wn,{percentage:h(W)},null,8,["percentage"]),C[63]||(C[63]=T()),Se((w(),D("div",z8,[T(mt(h(Pn)(i[h(m).EXCLUSIVE_SHARED_READ_BLOCKS])),1)])),[[h(Ne),{content:h(d)(h(m).EXCLUSIVE_SHARED_READ_BLOCKS),allowHTML:!0}]]),C[64]||(C[64]=T()),P.value?(w(),D("div",G8,mt(h(Jr)(i[h(m).EXCLUSIVE_SHARED_READ_BLOCKS])),1)):nt("",!0)])):nt("",!0),C[93]||(C[93]=T()),Z.columns.includes("shared.dirtied")?(w(),D("td",X8,[Lt(wn,{percentage:h(At)},null,8,["percentage"]),C[65]||(C[65]=T()),Se((w(),D("div",K8,[T(mt(h(Pn)(i[h(m).EXCLUSIVE_SHARED_DIRTIED_BLOCKS])),1)])),[[h(Ne),{content:h(d)(h(m).EXCLUSIVE_SHARED_DIRTIED_BLOCKS),allowHTML:!0}]]),C[66]||(C[66]=T()),P.value?(w(),D("div",Y8,mt(h(Jr)(i[h(m).EXCLUSIVE_SHARED_DIRTIED_BLOCKS])),1)):nt("",!0)])):nt("",!0),C[94]||(C[94]=T()),Z.columns.includes("shared.written")?(w(),D("td",q8,[Lt(wn,{percentage:h(ct)},null,8,["percentage"]),C[67]||(C[67]=T()),Se((w(),D("div",j8,[T(mt(h(Pn)(i[h(m).EXCLUSIVE_SHARED_WRITTEN_BLOCKS])),1)])),[[h(Ne),{content:h(d)(h(m).EXCLUSIVE_SHARED_WRITTEN_BLOCKS),allowHTML:!0}]]),C[68]||(C[68]=T()),P.value?(w(),D("div",J8,mt(h(Jr)(i[h(m).EXCLUSIVE_SHARED_WRITTEN_BLOCKS])),1)):nt("",!0)])):nt("",!0),C[95]||(C[95]=T()),Z.columns.includes("temp.read")?(w(),D("td",Q8,[Lt(wn,{percentage:h(bt)},null,8,["percentage"]),C[69]||(C[69]=T()),Se((w(),D("div",Z8,[T(mt(h(Pn)(i[h(m).EXCLUSIVE_TEMP_READ_BLOCKS])),1)])),[[h(Ne),{content:h(d)(h(m).EXCLUSIVE_TEMP_READ_BLOCKS),allowHTML:!0}]]),C[70]||(C[70]=T()),P.value?(w(),D("div",tU,mt(h(Jr)(i[h(m).EXCLUSIVE_TEMP_READ_BLOCKS])),1)):nt("",!0)])):nt("",!0),C[96]||(C[96]=T()),Z.columns.includes("temp.written")?(w(),D("td",eU,[Lt(wn,{percentage:h(Rt)},null,8,["percentage"]),C[71]||(C[71]=T()),Se((w(),D("div",nU,[T(mt(h(Pn)(i[h(m).EXCLUSIVE_TEMP_WRITTEN_BLOCKS])),1)])),[[h(Ne),{content:h(d)(h(m).EXCLUSIVE_TEMP_WRITTEN_BLOCKS),allowHTML:!0}]]),C[72]||(C[72]=T()),P.value?(w(),D("div",rU,mt(h(Jr)(i[h(m).EXCLUSIVE_TEMP_WRITTEN_BLOCKS])),1)):nt("",!0)])):nt("",!0),C[97]||(C[97]=T()),Z.columns.includes("local.hit")?(w(),D("td",iU,[Lt(wn,{percentage:h(g)},null,8,["percentage"]),C[73]||(C[73]=T()),Se((w(),D("div",sU,[T(mt(h(Pn)(i[h(m).EXCLUSIVE_LOCAL_HIT_BLOCKS])),1)])),[[h(Ne),{content:h(d)(h(m).EXCLUSIVE_LOCAL_HIT_BLOCKS),allowHTML:!0}]]),C[74]||(C[74]=T()),P.value?(w(),D("div",oU,mt(h(Jr)(i[h(m).EXCLUSIVE_LOCAL_HIT_BLOCKS])),1)):nt("",!0)])):nt("",!0),C[98]||(C[98]=T()),Z.columns.includes("local.read")?(w(),D("td",aU,[Lt(wn,{percentage:h(z)},null,8,["percentage"]),C[75]||(C[75]=T()),Se((w(),D("div",lU,[T(mt(h(Pn)(i[h(m).EXCLUSIVE_LOCAL_READ_BLOCKS])),1)])),[[h(Ne),{content:h(d)(h(m).EXCLUSIVE_LOCAL_READ_BLOCKS),allowHTML:!0}]]),C[76]||(C[76]=T()),P.value?(w(),D("div",cU,mt(h(Jr)(i[h(m).EXCLUSIVE_LOCAL_READ_BLOCKS])),1)):nt("",!0)])):nt("",!0),C[99]||(C[99]=T()),Z.columns.includes("local.dirtied")?(w(),D("td",uU,[Lt(wn,{percentage:h(K)},null,8,["percentage"]),C[77]||(C[77]=T()),Se((w(),D("div",dU,[T(mt(h(Pn)(i[h(m).EXCLUSIVE_LOCAL_DIRTIED_BLOCKS])),1)])),[[h(Ne),{content:h(d)(h(m).EXCLUSIVE_LOCAL_DIRTIED_BLOCKS),allowHTML:!0}]]),C[78]||(C[78]=T()),P.value?(w(),D("div",fU,mt(h(Jr)(i[h(m).EXCLUSIVE_LOCAL_DIRTIED_BLOCKS])),1)):nt("",!0)])):nt("",!0),C[100]||(C[100]=T()),Z.columns.includes("local.written")?(w(),D("td",pU,[Lt(wn,{percentage:h(x)},null,8,["percentage"]),C[79]||(C[79]=T()),Se((w(),D("div",hU,[T(mt(h(Pn)(i[h(m).EXCLUSIVE_LOCAL_WRITTEN_BLOCKS])),1)])),[[h(Ne),{content:h(d)(h(m).EXCLUSIVE_LOCAL_WRITTEN_BLOCKS),allowHTML:!0}]]),C[80]||(C[80]=T()),P.value?(w(),D("div",mU,mt(h(Jr)(i[h(m).EXCLUSIVE_LOCAL_WRITTEN_BLOCKS])),1)):nt("",!0)])):nt("",!0)]))}}),EU={class:"table table-sm table-hover"},gU={class:"table-secondary sticky-top",style:{"z-index":"2"}},TU={key:0,class:"table-group"},vU=["colspan"],SU=["colspan"],AU=["colspan"],RU=["colspan"],bU=["colspan"],OU={key:0,class:"text-center"},LU={key:1,class:"text-center"},yU={key:2,class:"text-center"},NU={key:3,class:"text-center"},CU={key:4,class:"text-center"},wU={key:5,class:"text-center"},xU={key:6,class:"text-center"},IU={key:7,class:"text-center"},kU={key:8,class:"text-center"},BU={key:9,class:"text-center"},DU={key:10,class:"text-center"},PU={key:11,class:"text-center"},MU={key:12,class:"text-center"},HU={key:13,class:"text-center"},WU={key:14,class:"text-center"},UU={key:15,class:"text-center"},$U={key:16,class:"text-center"},FU={key:17,class:"text-center"},VU={key:18,class:"text-center"},zU={key:0},GU=["colspan"],XU=["colspan"],KU={class:"fst-italic text-reset"},YU=Ke({__name:"Grid",setup(t){const e=Oe(ii),n=[[]];ks(()=>{r(n[0],0,e.value.content.Plan,!0,[]),j.each(e.value.ctes,H=>{const W=[];r(W,0,H,!0,[]),n.push(W)})}),yo(()=>{localStorage.setItem("gridIsNotNew","true")});function r(H,W,ct,bt,Rt){H.push([W,ct,bt,j.concat([],Rt)]),bt||Rt.push(W),j.each(ct.Plans,st=>{r(H,W+1,st,st===j.last(ct.Plans),Rt)}),bt||Rt.pop()}function i(H){return j.startsWith(H[m.SUBPLAN_NAME],"CTE")}const o=Dt(()=>j.some(n,H=>j.some(H,W=>W[1][m.EXCLUSIVE_DURATION]||!1))),l=Dt(()=>j.some(n,H=>j.some(H,W=>W[1][m.IO_READ_TIME]||!1))),c=Dt(()=>j.some(n,H=>j.some(H,W=>W[1][m.IO_WRITE_TIME]||!1))),d=Dt(()=>l.value||c.value),p=Dt(()=>j.filter([l.value,c.value],H=>H).length),f=Dt(()=>j.some(n,H=>j.some(H,W=>W[1][m.ACTUAL_ROWS_REVISED]||!1))),E=Dt(()=>j.some(n,H=>j.some(H,W=>W[1][m.PLANNER_ESTIMATE_FACTOR]||!1))),R=Dt(()=>j.some(n,H=>j.some(H,W=>W[1][m.ACTUAL_LOOPS]>1))),O=Dt(()=>j.some(n,H=>j.some(H,W=>W[1][m.EXCLUSIVE_COST]>1))),I=Dt(()=>j.some(n,H=>j.some(H,W=>W[1][m.ROWS_REMOVED_BY_FILTER]))),b=Dt(()=>j.some(n,H=>j.some(H,W=>W[1][m.HEAP_FETCHES]))),k=Dt(()=>j.filter([A.value,N.value,K.value,g.value],H=>H).length),A=Dt(()=>j.some(n,H=>j.some(H,W=>W[1][m.EXCLUSIVE_SHARED_HIT_BLOCKS]))),N=Dt(()=>j.some(n,H=>j.some(H,W=>W[1][m.EXCLUSIVE_SHARED_READ_BLOCKS]))),K=Dt(()=>j.some(n,H=>j.some(H,W=>W[1][m.EXCLUSIVE_SHARED_DIRTIED_BLOCKS]))),g=Dt(()=>j.some(n,H=>j.some(H,W=>W[1][m.EXCLUSIVE_SHARED_WRITTEN_BLOCKS]))),z=Dt(()=>j.filter([x.value,U.value],H=>H).length),x=Dt(()=>j.some(n,H=>j.some(H,W=>W[1][m.EXCLUSIVE_TEMP_READ_BLOCKS]))),U=Dt(()=>j.some(n,H=>j.some(H,W=>W[1][m.EXCLUSIVE_TEMP_WRITTEN_BLOCKS]))),et=Dt(()=>j.filter([It.value,Bt.value,dt.value,Ct.value],H=>H).length),It=Dt(()=>j.some(n,H=>j.some(H,W=>W[1][m.EXCLUSIVE_LOCAL_HIT_BLOCKS]))),Bt=Dt(()=>j.some(n,H=>j.some(H,W=>W[1][m.EXCLUSIVE_LOCAL_READ_BLOCKS]))),dt=Dt(()=>j.some(n,H=>j.some(H,W=>W[1][m.EXCLUSIVE_LOCAL_DIRTIED_BLOCKS]))),Ct=Dt(()=>j.some(n,H=>j.some(H,W=>W[1][m.EXCLUSIVE_LOCAL_WRITTEN_BLOCKS]))),B=Dt(()=>{const H=[];return o.value&&H.push("time"),l.value&&H.push("ioread"),c.value&&H.push("iowrite"),f.value&&H.push("rows"),E.value&&H.push("estimation"),O.value&&H.push("cost"),R.value&&H.push("loops"),I.value&&H.push("filter"),b.value&&H.push("heapfetches"),H}),q=Dt(()=>{const H=[];return A.value&&H.push("shared.hit"),N.value&&H.push("shared.read"),K.value&&H.push("shared.dirtied"),g.value&&H.push("shared.written"),x.value&&H.push("temp.read"),U.value&&H.push("temp.written"),It.value&&H.push("local.hit"),Bt.value&&H.push("local.read"),dt.value&&H.push("local.dirtied"),Ct.value&&H.push("local.written"),H}),At=Dt(()=>[].concat(B.value,q.value));return(H,W)=>(w(),D("div",null,[v("table",EU,[v("thead",gU,[d.value||q.value.length>0?(w(),D("tr",TU,[W[0]||(W[0]=v("th",{colspan:"2"},null,-1)),W[1]||(W[1]=T()),d.value?(w(),D("th",{key:0,class:"text-center",colspan:p.value},"io",8,vU)):nt("",!0),W[2]||(W[2]=T()),v("th",{colspan:B.value.length},null,8,SU),W[3]||(W[3]=T()),k.value>0?(w(),D("th",{key:1,class:"text-center",colspan:k.value},`
            shared
          `,8,AU)):nt("",!0),W[4]||(W[4]=T()),z.value>0?(w(),D("th",{key:2,class:"text-center",colspan:z.value},`
            temp
          `,8,RU)):nt("",!0),W[5]||(W[5]=T()),et.value>0?(w(),D("th",{key:3,class:"text-center",colspan:et.value},`
            local
          `,8,bU)):nt("",!0)])):nt("",!0),W[28]||(W[28]=T()),v("tr",null,[W[6]||(W[6]=v("th",{class:"text-center"},null,-1)),W[7]||(W[7]=T()),o.value?(w(),D("th",OU,"time")):nt("",!0),W[8]||(W[8]=T()),l.value?(w(),D("th",LU,"read")):nt("",!0),W[9]||(W[9]=T()),c.value?(w(),D("th",yU,"write")):nt("",!0),W[10]||(W[10]=T()),f.value?(w(),D("th",NU,"rows")):nt("",!0),W[11]||(W[11]=T()),E.value?(w(),D("th",CU,"estim")):nt("",!0),W[12]||(W[12]=T()),O.value?(w(),D("th",wU,"cost")):nt("",!0),W[13]||(W[13]=T()),R.value?(w(),D("th",xU,"loops")):nt("",!0),W[14]||(W[14]=T()),I.value?(w(),D("th",IU,"filter")):nt("",!0),W[15]||(W[15]=T()),b.value?(w(),D("th",kU,"heap")):nt("",!0),W[16]||(W[16]=T()),W[17]||(W[17]=v("th",{style:{width:"100%"}},null,-1)),W[18]||(W[18]=T()),A.value?(w(),D("th",BU,"hit")):nt("",!0),W[19]||(W[19]=T()),N.value?(w(),D("th",DU,"read")):nt("",!0),W[20]||(W[20]=T()),K.value?(w(),D("th",PU,"dirt")):nt("",!0),W[21]||(W[21]=T()),g.value?(w(),D("th",MU,"writ")):nt("",!0),W[22]||(W[22]=T()),x.value?(w(),D("th",HU,"read")):nt("",!0),W[23]||(W[23]=T()),U.value?(w(),D("th",WU,"writ")):nt("",!0),W[24]||(W[24]=T()),It.value?(w(),D("th",UU,"hit")):nt("",!0),W[25]||(W[25]=T()),Bt.value?(w(),D("th",$U,"read")):nt("",!0),W[26]||(W[26]=T()),dt.value?(w(),D("th",FU,"dirt")):nt("",!0),W[27]||(W[27]=T()),Ct.value?(w(),D("th",VU,"writ")):nt("",!0)])]),W[32]||(W[32]=T()),(w(),D($t,null,je(n,(ct,bt)=>v("tbody",{key:bt},[(w(!0),D($t,null,je(ct,(Rt,st)=>(w(),D($t,{key:st},[Rt[1][h(m).SUBPLAN_NAME]?(w(),D("tr",zU,[v("td",{class:"bg-light",colspan:1+B.value.length},null,8,GU),W[30]||(W[30]=T()),v("td",{class:Pt(["plan pr-2 bg-light",{"font-weight-bold":i(Rt[1])}]),colspan:At.value.length+q.value.length},[Lt(Sm,{isSubplan:!!Rt[1][h(m).SUBPLAN_NAME],isLastChild:!!Rt[2],level:Rt[0],branches:Rt[3],index:st},null,8,["isSubplan","isLastChild","level","branches","index"]),W[29]||(W[29]=T()),v("b",KU,mt(Rt[1][h(m).SUBPLAN_NAME]),1)],10,XU)])):nt("",!0),W[31]||(W[31]=T()),Lt(_U,{node:Rt[1],isSubplan:!!Rt[1][h(m).SUBPLAN_NAME],isLastChild:!!Rt[2],level:Rt[0],branches:Rt[3],index:st,columns:At.value},null,8,["node","isSubplan","isLastChild","level","branches","index","columns"])],64))),128))])),64))])]))}}),Om=(t,e)=>{const n=t.__vccOpts||t;for(const[r,i]of e)n[r]=i;return n},qU=Om(YU,[["__scopeId","data-v-4e715fe8"]]),jU={},JU={src:"data:image/png;base64,iVBORw0KGgoAAAANSUhEUgAAADAAAAAwCAYAAABXAvmHAAAABHNCSVQICAgIfAhkiAAAAAlwSFlzAAAC1QAAAtUBwMJvJQAAABl0RVh0U29mdHdhcmUAd3d3Lmlua3NjYXBlLm9yZ5vuPBoAAAf5SURBVGiB7Zp7UFT3Fcc/v3vv8kaQgA8CEmtE8ZEYiVETjS+UkUcm09FM0rE2iRPttOOjY60WbLwNQoI6I9HONNo2rbZpxmo7RkBH8Z34qJpEx2cdoxHREZ8gu+yyu9xf/4BddoFdFlzTOu33r7vnd37nnO+9v9c5vxUEGfp4PcwWpb1pSDFTQBqAhPNCig3h9fYN+n7dFkx/IpjGFucsz0WKEuB7PlSqEOQXl+X9GYQMhs+gEPhFdkGaQFkNZAbkVHJAKur84rIlpx7W90MR+FmmHhdqClkmpfwpoLrkIWEhjJs2iuEThgLw1b7THNhyFLvN7tndEEJ+oihiUdG2/OquxtAlArPT15niet15S0IhEO82JmDIS2lkz5pEbEI3rz5198xU/PVzju88iZReo6dGwAcWI7pk7Y55DY+cwJLsggwDZbWAIZ7ypP69yZ09mZS0JL/9r1+6ybb1u7h6rqp100VDioUrt+eVdSaegAksyinor0i1EOR0T3m3uCgyfjCWEZnDECIwc1LCmUPn2f7xXu7fqm0d0m4U54Li0nfPBmKrQ4/6dD3KZjX9XEqWAKEuuaqpjMoazpQfjiM0PCSgwFvD0eDgwN+PcmDLERx2p1eTEOK3Ns2+rGSrXtMlArquK9YTphlIVgA9PdvSXuhP7uzJxPWK7VLgrVF7p46dG/fz9b7TeE8P7iF473J4/99s3vxaY3t92yWwKLtorIJcAwzzlPdIjifnnQxSh/ta5h8Ol89UUra+ghuX2yxKJw3EvJXleZ+3bmhDYHF20bsglwGKSxYRHc6kN8YwOud5FMX/qLOabVRfvY3R6lUqQtAzJYHwqDC//aWUfL3vLNs/3oO5xuLZZEjQV5TnF/gksDiraA5CfuT6rWoK6RnPkjlzHJHdIvw6djnf8cd91NdZ222PiA5n6lsTAprsVouN/ZuPcOizYzgdLaNHwJwPyvPXtyGg5+oRVsNUBXQHSElLYtr8bBKSnujQmQt2m51t6yr86rwyZzIhYYFP+ttVd9lcUkblhesuUU2jIyRp1a5FFvAYJjap5bqCj03oxqyC1zsV/KNCQtITzCp4g5h498YYq5kaslw/3ASkVAa4ngePHtCpt/SoERoewuDRqe7fBmKg61lpUTOiXU9hEaH8tyE8smXyC6T7cyjtaj9GCCoB1aShqL5NKqqCatKC6ZKgWlNVhRFTnuXquSoMQ3Lr2h2gaQNUFEHKoCRUPwS7guC+DiA5NZHk1EQMQ/KPtdsBGPPqCx1ugF3FYz8HuvwFzLX1OBocPtul0XKUqLlVi/DzBUJCTUTGdLzTt4cuEThRcYpv2yYkPrF306EOdfoOTiY945lOx9JpAubaer49V4WiKv4PZhIsD+oBms5RfqaA1WzjytlrDBzxdKe/RKcJOJoT86jYSKbMeNmnnuckzvzReL+TeNdfDvLgbh12m73TBP53JrGUEqvZhtXcVFgzGg0stfVoIVqblNJqseG0txyBm/RUr+MAwP1bNVhqrdQ/sNJgtXPz6m1sVjs9+8SjKIG924AIOB1O9m46zIO7dW6ZucbCjj/tA2DQqFQGjewPwOHSE20yqp0b9wPwZL9ejM5JB+DTFVs5dfCcl97pL84DEBkTwcKPfkxEtP/kBwIcQvdv1XoF3xquEomjwdleOujG9W9uupP3iycu+9Sz1NZz8ctLgYQWGAHPNb3d9ub0UUojAFtNOkYHuk5nuzl8Gzz2k/j/BP7TaCEgFXeNr3VVoaMlzbVJBbL0uXT85Q0Amua9QJpr6z2t3Hc/uR6EYrhrkacPXfAi0b1XLPGJcT6D7zfsqSanIRpPDU5ut2wihKDv4GS0kKbAnhk7yOcBL65nDGnNyzI0HUnOHvlXi4JsidVtYe7UNaERqrkSKXsA9OgTz7R52fQZ+KS7n9PubFOw0jS1zdtsdDbS2Oi9yqiqgqqpXjK7zYHV4n3jpGmq13Gi8sJ1tnxY7k6OgOrwCEcffbNu9yIAsCR7+XSJ+JubXXO9P+vtiXTvEcN3iQf3zOxue58gpRCvrSjL2+KOsXXH5urch3hUok2hJl7MfZ5Jr7/0yMstDruTw9uOs3fTIRqsXjc6DQgxt7gs73eewnYHYV524ZBGKAEmecpj4qPJnDmB5yYMIcCrgE7h/LFLlK7bxb3qNhX1PSosKCrPP9O6wW8YzbeOq4F+nvLkAYm8MnsKyQMSHzpogBuXqyldX8GVM5Vecim5JhSWFpflb/TVt8P3ODt9nal77zs/QfIe4C4oCSF4bsIQst6eSFRsZJcCr6+zsufTLzhSdgLD+7hiEYJVYWbHBx3dKwc8EPIyC3s7NXQBs2h1I/ny90cyfvqLaCbVj4UWNDoNjm7/kopPDmKzeN3rSRBbNM1YWPjZ0muB2OrCJd/76RKjBBjjKY9PjCNz5jiGjknz2//SySuUrt9NdeVt7wbJcUUR898vyzvSmXi6PBUX5yzPFVKslZDiKX96WF9y38mgZ0qCl/6d6/co/8Nuzh9rc0y+IeDXYSMcv9d1vePjbCs81Fqi5+oRNsM0V8JSIMolVzWFkVOHM3zi0OYblzP8c8dXNDq94rNKWIOqFa7Ytth3stEBgvNXg6nFSYrqKJJSzAjEphCyzCnkvFWlv7rysL6Dupr/MqtopKHIEiSjfKicNBSxYGVp3oFg+Qz6dqTrulJ/PORVIeWbCAYBIDknkBu+iUzd6uu6tKv4N+243iwIA9v6AAAAAElFTkSuQmCC",alt:"PEV2",style:{width:"20px",height:"20px"}};function QU(t,e){return w(),D("img",JU)}const hT=Om(jU,[["render",QU]]),ZU={class:"card-header border-top"},t7={key:0,class:"node-description"},e7={class:"node-type"},n7=["innerHTML"],r7={class:"nav nav-tabs card-header-tabs"},i7={class:"nav-item"},s7={class:"nav-item"},o7={class:"nav-item"},a7={class:"nav-item"},l7={class:"nav-item"},c7={class:"card-body tab-content"},u7={key:0},d7=["innerHTML"],f7={class:"px-1"},p7={key:0,class:"text-secondary"},h7={key:1},m7={key:0},_7={key:1},E7={key:2},g7=["innerHTML"],T7={key:1},v7={class:"px-1"},S7={key:2},A7=["innerHTML"],R7={key:3},b7={class:"text-secondary"},O7={key:4},L7={class:"px-1"},y7={key:0,class:"mb-2 list-inline"},N7={class:"list-inline-item"},C7={key:0,class:"ms-2"},w7={key:1,class:"ms-2"},x7={class:"table table-sm"},I7=["innerHTML"],k7=["innerHTML"],B7=["innerHTML"],D7=["innerHTML"],P7=["innerHTML"],M7=["innerHTML"],H7=["innerHTML"],W7=["innerHTML"],U7=["innerHTML"],$7=["innerHTML"],F7={key:1,class:"mb-2"},V7={class:"more-info"},z7={key:0},G7={class:"more-info"},X7=["innerHTML"],K7=Ke({__name:"PlanNodeDetail",props:{node:{}},setup(t){const e=Oe(wo),n=t,r=Oe("updateSize"),i=lr(n.node),o=Oe(ii),l=le(),c=le("general"),d=new Ua,p=d.getNodeTypeDescription,f=d.getHelpMessage,{costClass:E,durationClass:R,estimationClass:O,executionTimePercent:I,filterDetailTooltip:b,heapFetchesClass:k,plannerRowEstimateDirection:A,plannerRowEstimateValue:N,rowsRemoved:K,rowsRemovedClass:g,rowsRemovedPercentString:z,rowsRemovedProp:x,tilde:U}=$a(o,i,e);ks(()=>{It()});const et=Dt(()=>O.value&&A.value!==yn.none&&N.value);function It(){l.value=j.chain(i).omit(m.PLANS).omit(m.WORKERS).map((Ct,B)=>({key:B,value:Ct})).value()}const Bt=Dt(()=>{const Ct=["EXCLUSIVE_SHARED_HIT_BLOCKS","EXCLUSIVE_SHARED_READ_BLOCKS","EXCLUSIVE_SHARED_DIRTIED_BLOCKS","EXCLUSIVE_SHARED_WRITTEN_BLOCKS","EXCLUSIVE_TEMP_READ_BLOCKS","EXCLUSIVE_TEMP_WRITTEN_BLOCKS","EXCLUSIVE_LOCAL_HIT_BLOCKS","EXCLUSIVE_LOCAL_READ_BLOCKS","EXCLUSIVE_LOCAL_DIRTIED_BLOCKS","EXCLUSIVE_LOCAL_WRITTEN_BLOCKS","EXCLUSIVE_IO_READ_TIME","EXCLUSIVE_IO_WRITE_TIME"],B=j.map(Ct,At=>{const H=i[m[At]];return j.isNaN(H)?0:H});return j.sum(B)>0});function dt(Ct){const B=m[Ct],q=i[B];return Ss(B,q)}return Un(c,()=>{window.setTimeout(()=>r&&r(i),1)}),(Ct,B)=>(w(),D($t,null,[v("div",ZU,[h(p)(i[h(m).NODE_TYPE])?(w(),D("div",t7,[v("span",e7,mt(i[h(m).NODE_TYPE])+" Node",1),B[6]||(B[6]=T()),v("span",{innerHTML:h(p)(i[h(m).NODE_TYPE])},null,8,n7)])):nt("",!0),B[11]||(B[11]=T()),v("ul",r7,[v("li",i7,[v("a",{class:Pt(["nav-link",{active:c.value==="general"}]),onClick:B[0]||(B[0]=Me(q=>c.value="general",["prevent","stop"])),href:""},"General",2)]),B[7]||(B[7]=T()),v("li",s7,[v("a",{class:Pt(["nav-link text-nowrap",{active:c.value==="iobuffer",disabled:!Bt.value}]),onClick:B[1]||(B[1]=Me(q=>c.value="iobuffer",["prevent","stop"])),href:""},"IO & Buffers",2)]),B[8]||(B[8]=T()),v("li",o7,[v("a",{class:Pt(["nav-link",{active:c.value==="output",disabled:!i[h(m).OUTPUT]}]),onClick:B[2]||(B[2]=Me(q=>c.value="output",["prevent","stop"])),href:""},"Output",2)]),B[9]||(B[9]=T()),v("li",a7,[v("a",{class:Pt(["nav-link",{active:c.value==="workers",disabled:!(i[h(m).WORKERS_PLANNED]||i[h(m).WORKERS_PLANNED_BY_GATHER])}]),onClick:B[3]||(B[3]=Me(q=>c.value="workers",["prevent","stop"])),href:""},"Workers",2)]),B[10]||(B[10]=T()),v("li",l7,[v("a",{class:Pt(["nav-link",{active:c.value==="misc"}]),onClick:B[4]||(B[4]=Me(q=>c.value="misc",["prevent","stop"])),href:""},"Misc",2)])])]),B[91]||(B[91]=T()),v("div",c7,[v("div",{class:Pt(["tab-pane",{"show active":c.value==="general"}])},[h(o).isAnalyze?(w(),D("div",u7,[Lt(h(Ae),{"fixed-width":"",icon:h(JA),class:"text-secondary"},null,8,["icon"]),B[14]||(B[14]=T()),B[15]||(B[15]=v("b",null,"Timing:",-1)),B[16]||(B[16]=T()),v("span",{class:Pt(["p-0 px-1 rounded alert",h(R)]),innerHTML:dt("EXCLUSIVE_DURATION")},null,10,d7),B[17]||(B[17]=T()),h(I)!==1/0?(w(),D($t,{key:0},[B[12]||(B[12]=T(`
          |
          `)),v("strong",null,mt(h(I)),1),B[13]||(B[13]=v("span",{class:"text-secondary"},"%",-1))],64)):nt("",!0)])):nt("",!0),B[44]||(B[44]=T()),v("div",null,[Lt(h(Ae),{"fixed-width":"",icon:h(AH),class:"text-secondary"},null,8,["icon"]),B[24]||(B[24]=T()),B[25]||(B[25]=v("b",null,"Rows:",-1)),B[26]||(B[26]=T()),v("span",f7,mt(h(U)+dt("ACTUAL_ROWS_REVISED")),1),B[27]||(B[27]=T()),i[h(m).PLAN_ROWS]?(w(),D("span",p7,"(Planned: "+mt(h(U)+dt("PLAN_ROWS_REVISED"))+")",1)):nt("",!0),B[28]||(B[28]=T()),h(A)!==h(yn).none&&et.value?(w(),D("span",h7,[B[21]||(B[21]=T(`
          |
          `)),h(A)===h(yn).over?(w(),D("span",m7,[Lt(h(Ae),{icon:h(tR)},null,8,["icon"]),B[18]||(B[18]=T(" over"))])):nt("",!0),B[22]||(B[22]=T()),h(A)===h(yn).under?(w(),D("span",_7,[Lt(h(Ae),{icon:h(QA)},null,8,["icon"]),B[19]||(B[19]=T(" under"))])):nt("",!0),B[23]||(B[23]=T(`
          estimated
          `)),h(N)!=1/0?(w(),D("span",E7,[B[20]||(B[20]=T(`
            by
            `)),v("span",{class:Pt(["p-0 px-1 alert",h(O)]),innerHTML:dt("PLANNER_ESTIMATE_FACTOR")},null,10,g7)])):nt("",!0)])):nt("",!0)]),B[45]||(B[45]=T()),h(K)?(w(),D("div",T7,[Lt(h(Ae),{"fixed-width":"",icon:h(Zh),class:"text-secondary"},null,8,["icon"]),B[30]||(B[30]=T()),v("b",null,mt(h(m)[h(x)])+": ",1),B[31]||(B[31]=T()),v("span",null,[v("span",v7,mt(h(U)+dt(h(x))),1),B[29]||(B[29]=T(`|
          `)),v("span",{class:Pt(["p-0 px-1 alert",h(g)])},mt(h(z))+"%",3)]),B[32]||(B[32]=T()),Se(Lt(h(Ae),{"fixed-width":"",icon:h(_o),class:"text-muted"},null,8,["icon"]),[[h(Ne),{allowHTML:!0,content:h(b)}]])])):nt("",!0),B[46]||(B[46]=T()),i[h(m).HEAP_FETCHES]?(w(),D("div",S7,[Lt(h(Ae),{"fixed-width":"",icon:h(eR),class:"text-secondary"},null,8,["icon"]),B[33]||(B[33]=T()),B[34]||(B[34]=v("b",null,"Heap Fetches:",-1)),B[35]||(B[35]=T()),v("span",{class:Pt(["p-0 px-1 rounded alert",h(k)]),innerHTML:dt("HEAP_FETCHES")},null,10,A7),B[36]||(B[36]=T()),h(k)?Se((w(),Be(h(Ae),{key:0,icon:h(_o),"fixed-width":"",class:"text-secondary"},null,8,["icon"])),[[h(Ne),{arrow:!0,content:"Visibility map may be out-of-date. Consider using VACUUM or change autovacuum settings."}]]):nt("",!0)])):nt("",!0),B[47]||(B[47]=T()),h(j).isUndefined(i[h(m).EXCLUSIVE_COST])?nt("",!0):(w(),D("div",R7,[Lt(h(Ae),{"fixed-width":"",icon:h(nR),class:"text-secondary"},null,8,["icon"]),B[37]||(B[37]=T()),B[38]||(B[38]=v("b",null,"Cost:",-1)),B[39]||(B[39]=T()),v("span",{class:Pt(["p-0 px-1 me-1 alert",h(E)])},mt(dt("EXCLUSIVE_COST")),3),B[40]||(B[40]=T()),v("span",b7,"(Total: "+mt(dt("TOTAL_COST"))+")",1)])),B[48]||(B[48]=T()),i[h(m).ACTUAL_LOOPS]>1?(w(),D("div",O7,[Lt(h(Ae),{"fixed-width":"",icon:h(NH),class:"text-secondary"},null,8,["icon"]),B[41]||(B[41]=T()),B[42]||(B[42]=v("b",null,"Loops:",-1)),B[43]||(B[43]=T()),v("span",L7,mt(dt("ACTUAL_LOOPS")),1)])):nt("",!0)],2),B[87]||(B[87]=T()),v("div",{class:Pt(["tab-pane",{"show active":c.value==="iobuffer"}])},[i[h(m).EXCLUSIVE_IO_READ_TIME]||i[h(m).EXCLUSIVE_IO_WRITE_TIME]?(w(),D("dl",y7,[B[55]||(B[55]=v("dt",{class:"list-inline-item align-top"},[v("b",null," I/O Timings: ")],-1)),B[56]||(B[56]=T()),v("dd",N7,[i[h(m).EXCLUSIVE_IO_READ_TIME]?(w(),D("span",C7,[B[49]||(B[49]=v("b",null,"Read: ",-1)),T(" "+mt(dt("EXCLUSIVE_IO_READ_TIME"))+" ",1),v("small",null,"~"+mt(dt("AVERAGE_IO_READ_SPEED")),1),B[50]||(B[50]=T()),i[h(m).WORKERS_PLANNED]||i[h(m).WORKERS_PLANNED_BY_GATHER]?Se((w(),Be(h(Ae),{key:0,icon:h(_o),class:"cursor-help d-inline-block text-secondary"},null,8,["icon"])),[[h(Ne),{content:h(f)("io timings parallel")}]]):nt("",!0)])):nt("",!0),B[52]||(B[52]=T()),B[53]||(B[53]=v("br",null,null,-1)),B[54]||(B[54]=T()),i[h(m).EXCLUSIVE_IO_WRITE_TIME]?(w(),D("span",w7,[B[51]||(B[51]=v("b",null,"Write: ",-1)),T(" "+mt(dt("EXCLUSIVE_IO_WRITE_TIME"))+" ",1),v("small",null,"~"+mt(dt("AVERAGE_IO_WRITE_SPEED")),1)])):nt("",!0)])])):nt("",!0),B[83]||(B[83]=T()),B[84]||(B[84]=v("b",null," Blocks: ",-1)),B[85]||(B[85]=T()),v("table",x7,[v("tbody",null,[B[74]||(B[74]=v("tr",null,[v("td"),T(),v("th",{class:"text-end",width:"25%"},"Hit"),T(),v("th",{class:"text-end",width:"25%"},"Read"),T(),v("th",{class:"text-end",width:"25%"},"Dirtied"),T(),v("th",{class:"text-end",width:"25%"},"Written")],-1)),B[75]||(B[75]=T()),v("tr",null,[B[57]||(B[57]=v("th",null,"Shared",-1)),B[58]||(B[58]=T()),v("td",{class:"text-end",innerHTML:dt("EXCLUSIVE_SHARED_HIT_BLOCKS")||"-"},null,8,I7),B[59]||(B[59]=T()),v("td",{class:"text-end",innerHTML:dt("EXCLUSIVE_SHARED_READ_BLOCKS")||"-"},null,8,k7),B[60]||(B[60]=T()),v("td",{class:"text-end",innerHTML:dt("EXCLUSIVE_SHARED_DIRTIED_BLOCKS")||"-"},null,8,B7),B[61]||(B[61]=T()),v("td",{class:"text-end",innerHTML:dt("EXCLUSIVE_SHARED_WRITTEN_BLOCKS")||"-"},null,8,D7)]),B[76]||(B[76]=T()),v("tr",null,[B[62]||(B[62]=v("th",null,"Temp",-1)),B[63]||(B[63]=T()),B[64]||(B[64]=v("td",{class:"text-end bg-hatched"},null,-1)),B[65]||(B[65]=T()),v("td",{class:"text-end",innerHTML:dt("EXCLUSIVE_TEMP_READ_BLOCKS")||"-"},null,8,P7),B[66]||(B[66]=T()),B[67]||(B[67]=v("td",{class:"text-end bg-hatched"},null,-1)),B[68]||(B[68]=T()),v("td",{class:"text-end",innerHTML:dt("EXCLUSIVE_TEMP_WRITTEN_BLOCKS")||"-"},null,8,M7)]),B[77]||(B[77]=T()),v("tr",null,[B[69]||(B[69]=v("th",null,"Local",-1)),B[70]||(B[70]=T()),v("td",{class:"text-end",innerHTML:dt("EXCLUSIVE_LOCAL_HIT_BLOCKS")||"-"},null,8,H7),B[71]||(B[71]=T()),v("td",{class:"text-end",innerHTML:dt("EXCLUSIVE_LOCAL_READ_BLOCKS")||"-"},null,8,W7),B[72]||(B[72]=T()),v("td",{class:"text-end",innerHTML:dt("EXCLUSIVE_LOCAL_DIRTIED_BLOCKS")||"-"},null,8,U7),B[73]||(B[73]=T()),v("td",{class:"text-end",innerHTML:dt("EXCLUSIVE_LOCAL_WRITTEN_BLOCKS")||"-"},null,8,$7)])])]),B[86]||(B[86]=T()),i[h(m).WAL_RECORDS]||i[h(m).WAL_BYTES]?(w(),D("div",F7,[v("b",null,[Se((w(),D("span",V7,B[78]||(B[78]=[T("WAL")]))),[[h(Ne),"Write-Ahead Logging"]]),B[79]||(B[79]=T(`:
        `))]),T(" "+mt(dt("WAL_RECORDS"))+` records
        `,1),v("small",null,"("+mt(dt("WAL_BYTES"))+")",1),B[82]||(B[82]=T()),i[h(m).WAL_FPI]?(w(),D("span",z7,[B[81]||(B[81]=T(`
          -
          `)),Se((w(),D("span",G7,B[80]||(B[80]=[T("FPI")]))),[[h(Ne),"WAL Full Page Images"]]),T(`:
          `+mt(dt("WAL_FPI")),1)])):nt("",!0)])):nt("",!0)],2),B[88]||(B[88]=T()),v("div",{class:Pt(["tab-pane overflow-auto font-monospace",{"show active":c.value==="output"}]),innerHTML:dt("OUTPUT"),style:{"max-height":"200px"},onMousewheel:B[5]||(B[5]=Me(()=>{},["stop"]))},null,42,X7),B[89]||(B[89]=T()),i[h(m).WORKERS_PLANNED]||i[h(m).WORKERS_PLANNED_BY_GATHER]?(w(),D("div",{key:0,class:Pt(["tab-pane",{"show active":c.value==="workers"}])},[Lt(hR,{node:i},null,8,["node"])],2)):nt("",!0),B[90]||(B[90]=T()),v("div",{class:Pt(["tab-pane",{"show active":c.value==="misc"}])},[Lt(mR,{node:i},null,8,["node"])],2)])],64))}}),Y7={key:5,class:"p-0 d-inline-block mb-0 ms-1 text-nowrap"},q7=Ke({__name:"NodeBadges",props:{node:{}},setup(t){const n=lr(t.node),r=Oe(ii),i=Oe(wo),{rowsRemoved:o,costClass:l,durationClass:c,estimationClass:d,rowsRemovedClass:p,heapFetchesClass:f,filterTooltip:E}=$a(r,n,i);return(R,O)=>(w(),D($t,null,[h(c)?Se((w(),D("span",{key:0,class:Pt("p-0  d-inline-block mb-0 ms-1 text-nowrap alert "+h(c))},[Lt(h(Ae),{"fixed-width":"",icon:h(JA)},null,8,["icon"])],2)),[[h(Ne),"Slow"]]):nt("",!0),O[0]||(O[0]=T()),h(l)?Se((w(),D("span",{key:1,class:Pt("p-0  d-inline-block mb-0 ms-1 text-nowrap alert "+h(l))},[Lt(h(Ae),{"fixed-width":"",icon:h(nR)},null,8,["icon"])],2)),[[h(Ne),"Cost is high"]]):nt("",!0),O[1]||(O[1]=T()),h(d)?Se((w(),D("span",{key:2,class:Pt("p-0  d-inline-block mb-0 ms-1 text-nowrap alert "+h(d))},[Lt(h(Ae),{"fixed-width":"",icon:h(wH)},null,8,["icon"])],2)),[[h(Ne),"Bad estimation for number of rows"]]):nt("",!0),O[2]||(O[2]=T()),h(p)?Se((w(),D("span",{key:3,class:Pt("p-0  d-inline-block mb-0 ms-1 text-nowrap alert "+h(p))},[Lt(h(Ae),{"fixed-width":"",icon:h(Zh)},null,8,["icon"])],2)),[[h(Ne),h(E)]]):nt("",!0),O[3]||(O[3]=T()),h(f)?Se((w(),D("span",{key:4,class:Pt("p-0  d-inline-block mb-0 ms-1 text-nowrap alert "+h(f))},[Lt(h(Ae),{"fixed-width":"",icon:h(eR)},null,8,["icon"])],2)),[[h(Ne),{arrow:!0,content:"Heap Fetches number is high"}]]):nt("",!0),O[4]||(O[4]=T()),h(o)&&!h(p)?Se((w(),D("span",Y7,[Lt(h(Ae),{"fixed-width":"",icon:h(Zh),class:"text-secondary"},null,8,["icon"])])),[[h(Ne),h(E)]]):nt("",!0)],64))}}),j7={key:0,class:"fixed-bottom text-center"},J7={class:"subplan-name fst-italic px-1"},Q7={key:1,class:"workers text-secondary py-0 px-1"},Z7={class:"card-body header no-focus-outline"},t9={class:"mb-0 d-flex justify-content-between"},e9={class:"text-secondary"},n9={class:"text-nowrap"},r9={class:"text-start font-monospace"},i9={key:0},s9={key:1},o9=["innerHTML"],a9=["innerHTML"],l9=["innerHTML"],c9={key:4},u9=["innerHTML"],d9=["innerHTML"],f9={key:7},p9={key:0},h9={class:"progress node-bar-container",style:{height:"5px"}},m9={class:"node-bar-label"},_9={class:"text-secondary"},E9=["innerHTML"],mT=Ke({__name:"PlanNode",props:{node:{}},setup(t){const e=le(null),n=Oe(sd);if(!n)throw new Error(`Could not resolve ${sd.description}`);const r=Oe(Xd),i=Oe(Ro);if(!i)throw new Error(`Could not resolve ${Ro.description}`);const o=Oe(wo),l=t,c=le(!1),d=lr(l.node),p=Oe(ii),f=Oe("updateNodeSize"),{nodeName:E,barWidth:R,barColor:O,highlightValue:I,isNeverExecuted:b,workersLaunchedCount:k,workersPlannedCount:A,workersPlannedCountReversed:N}=$a(p,d,o);yo(async()=>{K(d)});function K(z){const x=e.value?.getBoundingClientRect();x&&f?.(z,[x.width,x.height])}qn("updateSize",K),Un(c,()=>{window.setTimeout(()=>K(d),1)}),Un(o,()=>{Ml(()=>{K(d)})}),Un(n,()=>{n.value==d.nodeId&&(c.value=!0)});function g(){const z=VH(p.value,d[m.CTE_NAME]);z&&i?.(z.nodeId,!0)}return(z,x)=>(w(),D("div",{ref_key:"outerEl",ref:e,onMousedown:x[4]||(x[4]=Me(()=>{},["stop"]))},[v("div",{class:Pt(["text-start plan-node",{detailed:c.value,"never-executed":h(b),parallel:h(A),selected:h(n)==d.nodeId,highlight:h(r)==d.nodeId}])},[d[h(m).SUBPLAN_NAME]?(w(),D("div",j7,[v("b",J7,mt(d[h(m).SUBPLAN_NAME]),1)])):nt("",!0),x[34]||(x[34]=T()),h(A)?(w(),D("div",Q7,[(w(!0),D($t,null,je(h(N),U=>(w(),D("div",{key:U,style:Qe({top:1+U*2+"px",left:1+(U+1)*3+"px"}),class:Pt({"border-dashed":U>=h(k)})},mt(U),7))),128))])):nt("",!0),x[35]||(x[35]=T()),v("div",{class:"plan-node-body card",onMouseenter:x[2]||(x[2]=U=>r.value=d.nodeId),onMouseleave:x[3]||(x[3]=U=>r.value=void 0)},[v("div",Z7,[v("header",t9,[v("h4",{class:"text-body overflow-hidden btn btn-light text-start py-0 px-1",onClick:x[0]||(x[0]=Me(U=>c.value=!c.value,["prevent","stop"]))},[v("span",e9,[c.value?(w(),Be(h(Ae),{key:0,"fixed-width":"",icon:h(SH)},null,8,["icon"])):(w(),Be(h(Ae),{key:1,"fixed-width":"",icon:h(ZA)},null,8,["icon"]))]),T(" "+mt(h(E)),1)]),x[6]||(x[6]=T()),v("div",n9,[Lt(q7,{node:d},null,8,["node"]),x[5]||(x[5]=T()),v("a",{class:"fw-normal small ms-1",href:"",onClick:x[1]||(x[1]=Me(U=>h(i)(d.nodeId,!0),["prevent","stop"]))},`
                #`+mt(d.nodeId),1)])]),x[31]||(x[31]=T()),v("div",r9,[d[h(m).RELATION_NAME]||d[h(m).FUNCTION_NAME]?(w(),D("div",{key:0,class:Pt({"line-clamp-2":!c.value})},[x[8]||(x[8]=v("span",{class:"text-secondary"},"on",-1)),x[9]||(x[9]=T()),d[h(m).SCHEMA]?(w(),D("span",i9,mt(d[h(m).SCHEMA])+".",1)):nt("",!0),T(mt(d[h(m).RELATION_NAME])+" "+mt(d[h(m).FUNCTION_NAME])+" ",1),d[h(m).ALIAS]?(w(),D("span",s9,[x[7]||(x[7]=v("span",{class:"text-secondary"},"as",-1)),T(" "+mt(d[h(m).ALIAS]),1)])):nt("",!0)],2)):d[h(m).ALIAS]?(w(),D("div",{key:1,class:Pt({"line-clamp-2":!c.value})},[x[10]||(x[10]=v("span",{class:"text-secondary"},"on",-1)),x[11]||(x[11]=T()),v("span",{innerHTML:h(Yi)(d[h(m).ALIAS])},null,8,o9)],2)):nt("",!0),x[23]||(x[23]=T()),d[h(m).GROUP_KEY]?(w(),D("div",{key:2,class:Pt({"line-clamp-2":!c.value})},[x[12]||(x[12]=v("span",{class:"text-secondary"},"by",-1)),x[13]||(x[13]=T()),v("span",{innerHTML:h(Yi)(d[h(m).GROUP_KEY])},null,8,a9)],2)):nt("",!0),x[24]||(x[24]=T()),d[h(m).SORT_KEY]?(w(),D("div",{key:3,class:Pt({"line-clamp-2":!c.value})},[x[14]||(x[14]=v("span",{class:"text-secondary"},"by",-1)),x[15]||(x[15]=T()),v("span",{innerHTML:h(sR)(d[h(m).SORT_KEY],d[h(m).PRESORTED_KEY])},null,8,l9)],2)):nt("",!0),x[25]||(x[25]=T()),d[h(m).JOIN_TYPE]?(w(),D("div",c9,[T(mt(d[h(m).JOIN_TYPE])+" ",1),x[16]||(x[16]=v("span",{class:"text-secondary"},"join",-1))])):nt("",!0),x[26]||(x[26]=T()),d[h(m).INDEX_NAME]?(w(),D("div",{key:5,class:Pt({"line-clamp-2":!c.value})},[x[17]||(x[17]=v("span",{class:"text-secondary"},"using",-1)),x[18]||(x[18]=T()),v("span",{innerHTML:h(Yi)(d[h(m).INDEX_NAME])},null,8,u9)],2)):nt("",!0),x[27]||(x[27]=T()),d[h(m).HASH_CONDITION]?(w(),D("div",{key:6,class:Pt({"line-clamp-2":!c.value})},[x[19]||(x[19]=v("span",{class:"text-secondary"},"on",-1)),x[20]||(x[20]=T()),v("span",{innerHTML:h(Yi)(d[h(m).HASH_CONDITION])},null,8,d9)],2)):nt("",!0),x[28]||(x[28]=T()),d[h(m).CTE_NAME]?(w(),D("div",f9,[v("a",{class:"text-reset",href:"",onClick:Me(g,["prevent","stop"])},[Lt(h(Ae),{icon:h(IH),class:"text-secondary"},null,8,["icon"]),x[21]||(x[21]=T()),x[22]||(x[22]=v("span",{class:"text-secondary"},"CTE",-1)),T(" "+mt(d[h(m).CTE_NAME]),1)])])):nt("",!0)]),x[32]||(x[32]=T()),h(o).highlightType!==h(Tr).NONE&&h(I)!==null?(w(),D("div",p9,[v("div",h9,[v("div",{class:"progress-bar",role:"progressbar",style:Qe({width:h(R)+"%","background-color":h(O)}),"aria-valuenow":"0","aria-valuemin":"0","aria-valuemax":"100"},null,4)]),x[30]||(x[30]=T()),v("span",m9,[v("span",_9,mt(h(o).highlightType)+":",1),x[29]||(x[29]=T()),v("span",{innerHTML:h(I)},null,8,E9)])])):nt("",!0)]),x[33]||(x[33]=T()),c.value?(w(),Be(K7,{key:0,node:d},null,8,["node"])):nt("",!0)],32)],2)],544))}}),g9={key:0,class:"plan-stats flex-shrink-0 d-flex border-bottom border-top align-items-center"},T9={class:"d-inline-block px-2"},v9={key:0,class:"text-secondary"},S9=["innerHTML"],A9={class:"d-inline-block border-start px-2"},R9={key:0,class:"text-secondary"},b9={key:1,class:"stat-value"},O9=["innerHTML"],L9={key:0,class:"d-inline-block border-start px-2 position-relative"},y9={class:"stat-value"},N9=["innerHTML"],C9={key:0,class:"stat-dropdown-container text-start"},w9={class:"d-inline-block border-start px-2 position-relative"},x9={class:"stat-value"},I9=["innerHTML"],k9={key:0,class:"stat-dropdown-container text-start"},B9={class:"float-end"},D9=["innerHTML"],P9={key:0,class:"text-secondary"},M9={key:1,class:"my-2"},H9={key:1,class:"text-secondary"},W9={key:1,class:"d-inline-block border-start px-2 position-relative"},U9={class:"stat-label"},$9={class:"badge bg-secondary"},F9={key:0,class:"stat-dropdown-container text-start"},V9={class:"table table-sm table-striped mb-0"},z9={key:2,class:"d-inline-block border-start px-2 position-relative"},G9=["innerHTML"],_T=Ke({__name:"PlanStats",setup(t){const n=new Ua().getHelpMessage,r=Oe(ii),i=le(!1),o=le(!1),l=le(!1),c=Dt(()=>r.value&&r.value.content.Plan),d=I=>{let b=NaN;return I>90?b=4:I>40?b=3:I>10&&(b=2),b?"c-"+b:!1},p=Dt(()=>{const I=r.value.planStats.executionTime||0,b=E.value||0;return j.round(b/I*100)});function f(I){const b=r.value.planStats.executionTime||0,k=I.Time;return j.round(k/b*100)}const E=Dt(()=>j.sumBy(r.value.planStats.triggers,I=>I.Time));function R(I){const b=I[m.IO_READ_TIME],k=I[m.AVERAGE_IO_READ_SPEED],A=I[m.IO_WRITE_TIME],N=I[m.AVERAGE_IO_WRITE_SPEED],K=[];return b&&K.push(`read=${Ss(m.IO_READ_TIME,b)} <small class="text-body-secondary">~${Ss(m.AVERAGE_IO_READ_SPEED,k)}</small>`),A&&K.push(`write=${Ss(m.IO_WRITE_TIME,A)} <small class="text-body-secondary">~${Ss(m.AVERAGE_IO_WRITE_SPEED,N)}</small>`),K.join(", ")}function O(I){return I.Plans?.some(function b(k){return k[m.WORKERS_PLANNED]||k[m.WORKERS_PLANNED_BY_GATHER]?!0:Array.isArray(k.Plans)&&k.Plans.some(b)})}return(I,b)=>h(r)?(w(),D("div",g9,[v("div",T9,[b[6]||(b[6]=T(`
      Execution time:
      `)),h(r).planStats.executionTime?(w(),D("span",{key:1,class:"stat-value",innerHTML:h(Wn)(h(r).planStats.executionTime)},null,8,S9)):(w(),D("span",v9,[b[5]||(b[5]=T(`
          N/A
          `)),Se(Lt(h(Ae),{icon:h(_o),class:"cursor-help"},null,8,["icon"]),[[h(Ne),h(n)("missing execution time")]])]))]),b[41]||(b[41]=T()),v("div",A9,[b[8]||(b[8]=T(`
      Planning time:
      `)),h(r).planStats.planningTime?(w(),D("span",b9,[v("span",{class:Pt("mb-0 p-0 px-1 alert "+d(h(r).planStats.planningTime/h(r).planStats.executionTime*100)),innerHTML:h(Wn)(h(r).planStats.planningTime)},null,10,O9)])):(w(),D("span",R9,[b[7]||(b[7]=T(`
          N/A
          `)),Se(Lt(h(Ae),{icon:h(_o),class:"cursor-help"},null,8,["icon"]),[[h(Ne),h(n)("missing planning time")]])]))]),b[42]||(b[42]=T()),h(r).planStats.jitTime&&h(r).planStats.executionTime?(w(),D("div",L9,[b[11]||(b[11]=T(`
      JIT:
      `)),v("span",y9,[v("span",{class:Pt("mb-0 p-0 px-1 alert "+d(h(r).planStats.jitTime/h(r).planStats.executionTime*100)),innerHTML:h(Wn)(h(r).planStats.jitTime)},null,10,N9),b[9]||(b[9]=T()),v("button",{onClick:b[0]||(b[0]=Me(k=>l.value=!l.value,["prevent"])),class:"bg-transparent border-0 p-0 m-0 ps-1"},[Lt(h(Ae),{icon:h(nh),class:"text-secondary"},null,8,["icon"])]),b[10]||(b[10]=T()),l.value?(w(),D("div",C9,[v("div",null,[h(r).content.JIT?(w(),Be(iR,{key:0,jit:h(r).content.JIT},null,8,["jit"])):nt("",!0)])])):nt("",!0)])])):nt("",!0),b[43]||(b[43]=T()),v("div",w9,[b[28]||(b[28]=v("span",{class:"stat-label"},"Triggers: ",-1)),b[29]||(b[29]=T()),h(r).planStats.triggers&&h(r).planStats.triggers.length?(w(),D($t,{key:0},[v("span",x9,[v("span",{class:Pt("mb-0 p-0 px-1 alert "+h(n0)(p.value)),innerHTML:h(Wn)(E.value)},null,10,I9)]),b[26]||(b[26]=T()),v("button",{onClick:b[1]||(b[1]=Me(k=>o.value=!o.value,["prevent"])),class:"bg-transparent border-0 p-0 m-0 ps-1"},[Lt(h(Ae),{icon:h(nh),class:"text-secondary"},null,8,["icon"])]),b[27]||(b[27]=T()),o.value?(w(),D("div",k9,[v("button",{class:"btn btn-xs btn-close float-end",onClick:b[2]||(b[2]=k=>o.value=!1)}),b[23]||(b[23]=T()),b[24]||(b[24]=v("h3",null,"Triggers",-1)),b[25]||(b[25]=T()),(w(!0),D($t,null,je(h(r).planStats.triggers,(k,A)=>(w(),D("div",{key:A},[T(mt(k["Trigger Name"])+" ",1),b[13]||(b[13]=v("br",null,null,-1)),b[14]||(b[14]=T()),b[15]||(b[15]=v("span",{class:"text-secondary"},"Called",-1)),T(" "+mt(k.Calls),1),b[16]||(b[16]=v("span",{class:"text-secondary"},"×",-1)),b[17]||(b[17]=T()),v("span",B9,[v("span",{class:Pt("p-0 px-1 alert "+h(n0)(f(k))),innerHTML:h(Wn)(k.Time)},null,10,D9),T(`
              | `+mt(f(k)),1),b[12]||(b[12]=v("span",{class:"text-secondary"},"%",-1))]),b[18]||(b[18]=T()),b[19]||(b[19]=v("br",null,null,-1)),b[20]||(b[20]=T()),k.Relation?(w(),D("span",P9,"on")):nt("",!0),T(" "+mt(k.Relation)+" ",1),b[21]||(b[21]=v("div",{class:"clearfix"},null,-1)),b[22]||(b[22]=T()),h(r).planStats.triggers&&A!=h(r).planStats.triggers.length-1?(w(),D("hr",M9)):nt("",!0)]))),128))])):nt("",!0)],64)):(w(),D("span",H9," N/A "))]),b[44]||(b[44]=T()),h(r).planStats.settings?(w(),D("div",W9,[v("span",U9,[b[30]||(b[30]=T(`Settings:
        `)),v("span",$9,mt(h(j).keys(h(r).planStats.settings).length),1)]),b[37]||(b[37]=T()),v("button",{onClick:b[3]||(b[3]=Me(k=>i.value=!i.value,["prevent"])),class:"bg-transparent border-0 p-0 m-0 ps-1"},[Lt(h(Ae),{icon:h(nh),class:"text-secondary"},null,8,["icon"])]),b[38]||(b[38]=T()),i.value?(w(),D("div",F9,[v("button",{class:"btn btn-xs btn-close float-end",onClick:b[4]||(b[4]=k=>i.value=!1)}),b[32]||(b[32]=T()),b[33]||(b[33]=v("h3",null,"PG Settings",-1)),b[34]||(b[34]=T()),b[35]||(b[35]=v("em",{class:"text-secondary d-block pb-2"},`
          Configuration parameters affecting query planning with value different
          from the built-in default value.
        `,-1)),b[36]||(b[36]=T()),v("table",V9,[v("tbody",null,[(w(!0),D($t,null,je(h(r).planStats.settings,(k,A)=>(w(),D("tr",{key:A},[v("td",null,mt(A),1),b[31]||(b[31]=T()),v("td",null,mt(k),1)]))),128))])])])):nt("",!0)])):nt("",!0),b[45]||(b[45]=T()),c.value&&(c.value[h(m).AVERAGE_IO_READ_SPEED]||c.value[h(m).AVERAGE_IO_WRITE_SPEED])?(w(),D("div",z9,[b[39]||(b[39]=T(`
      IO: `)),v("span",{innerHTML:R(c.value)},null,8,G9),b[40]||(b[40]=T()),O(c.value)?Se((w(),Be(h(Ae),{key:0,icon:h(_o),class:"cursor-help d-inline-block text-secondary"},null,8,["icon"])),[[h(Ne),{content:h(n)("io timings parallel")}]]):nt("",!0)])):nt("",!0)])):nt("",!0)}}),X9={class:"table"},Au=Ke({__name:"SortedTable",props:{values:{},sort:{},dir:{}},setup(t){const e=t,n=le(e.sort),r=le(e.dir);qn("sort",n),qn("dir",r),qn("sortBy",o);const i=Dt(()=>j.orderBy(e.values,n.value,r.value));function o(l){l===n.value&&(r.value=r.value===Si.asc?Si.desc:Si.asc),n.value=l}return(l,c)=>(w(),D("table",X9,[vs(l.$slots,"default"),c[0]||(c[0]=T()),vs(l.$slots,"head"),c[1]||(c[1]=T()),vs(l.$slots,"body",{values:i.value}),c[2]||(c[2]=T()),vs(l.$slots,"foot")]))}}),Br=Ke({__name:"SortLink",props:{name:{}},setup(t){const e=Oe("dir"),n=Oe("sort"),r=Oe("sortBy");return(i,o)=>(w(),D("a",{href:"#",onClick:o[0]||(o[0]=Me(l=>h(r)&&h(r)(i.name),["prevent"]))},[vs(i.$slots,"default",{},()=>[T(mt(i.name),1)]),o[1]||(o[1]=T()),h(n)==i.name&&h(e)==h(Si).asc?(w(),Be(h(Ae),{key:0,"fixed-width":"",icon:h(CH)},null,8,["icon"])):h(n)==i.name&&h(e)==h(Si).desc?(w(),Be(h(Ae),{key:1,"fixed-width":"",icon:h(bH)},null,8,["icon"])):nt("",!0)]))}}),K9={class:"thead-light"},Y9={class:"text-end"},q9={class:"text-end"},j9={class:"text-end"},J9={class:"ps-3"},Q9=["href"],Z9={class:"text-end"},t$={class:"px-1"},e$={class:"text-end"},Ru=Ke({__name:"StatsTableItem",props:{value:{},executionTime:{}},setup(t){const e=t,n=le(!1);function r(i){return i[m.EXCLUSIVE_DURATION]/e.executionTime}return(i,o)=>(w(),D($t,null,[v("thead",K9,[v("tr",{onClick:o[0]||(o[0]=Me(l=>n.value=!n.value,["prevent"])),role:"button"},[v("th",null,[n.value?(w(),Be(h(Ae),{key:0,"fixed-width":"",icon:h(ZA)},null,8,["icon"])):(w(),Be(h(Ae),{key:1,"fixed-width":"",icon:h(kH)},null,8,["icon"])),T(" "+mt(e.value.name),1)]),o[1]||(o[1]=T()),v("th",Y9,mt(e.value.count),1),o[2]||(o[2]=T()),v("th",q9,[v("span",{class:Pt(["alert p-0 px-1",h(n0)(e.value.timePercent*100)])},mt(h(Wn)(e.value.time)),3)]),o[3]||(o[3]=T()),v("th",j9,mt(h(iT)(e.value.timePercent)),1)])]),o[8]||(o[8]=T()),v("tbody",{class:Pt(n.value?"":"d-none")},[(w(!0),D($t,null,je(h(j).reverse(h(j).sortBy(e.value.nodes,h(m).EXCLUSIVE_DURATION)),l=>(w(),D("tr",{key:l.nodeId,style:{"font-size":"smaller"}},[v("td",J9,[v("a",{href:`#plan/node/${l.nodeId}`,class:"me-1"},"#"+mt(l.nodeId),9,Q9),T(" "+mt(l[h(m).NODE_TYPE]),1)]),o[4]||(o[4]=T()),o[5]||(o[5]=v("td",{class:"text-end"},null,-1)),o[6]||(o[6]=T()),v("td",Z9,[v("span",t$,mt(h(Wn)(l[h(m).EXCLUSIVE_DURATION])),1)]),o[7]||(o[7]=T()),v("td",e$,mt(h(iT)(r(l))),1)]))),128))],2)],64))}}),n$={class:"small stats container-fluid mt-2"},r$={class:"row row-cols-1 row-cols-lg-2 row-cols-xxl-3 g-4"},i$={class:"col"},s$={class:"card"},o$={class:"card-body"},a$={class:"table-secondary"},l$={scope:"col"},c$={scope:"col",class:"text-end"},u$={scope:"col",colspan:"2",class:"text-end"},d$={key:0},f$={class:"col"},p$={class:"card"},h$={class:"card-body"},m$={class:"table-secondary"},_$={scope:"col"},E$={scope:"col",class:"text-end"},g$={scope:"col",colspan:"2",class:"text-end"},T$={key:0},v$={class:"col"},S$={class:"card"},A$={class:"card-body"},R$={class:"table-secondary"},b$={scope:"col"},O$={scope:"col",class:"text-end"},L$={scope:"col",colspan:"2",class:"text-end"},y$={class:"col"},N$={class:"card"},C$={class:"card-body"},w$={class:"table-secondary"},x$={scope:"col"},I$={scope:"col",class:"text-end"},k$={scope:"col",colspan:"2",class:"text-end"},B$={key:0},D$=Ke({__name:"Stats",setup(t){const e=[],n=le(0),r=Oe(ii);ks(()=>{n.value=r.value.planStats.executionTime||r.value.content.Plan?.[m.ACTUAL_TOTAL_TIME],r.value.content.Plan&&(i(e,r.value.content.Plan),j.each(r.value.ctes,f=>{i(e,f)}))});function i(f,E){f.push(E),j.each(E.Plans,R=>{i(f,R)})}function o(f){return j.sumBy(f,m.EXCLUSIVE_DURATION)/n.value}const l=Dt(()=>{const f=j.groupBy(j.filter(e,R=>R[m.RELATION_NAME]!==void 0),m.RELATION_NAME),E=[];return j.each(f,(R,O)=>{E.push({name:O,count:R.length,time:j.sumBy(R,m.EXCLUSIVE_DURATION),timePercent:o(R),nodes:R})}),E}),c=Dt(()=>{const f=j.groupBy(j.filter(e,R=>R[m.FUNCTION_NAME]!==void 0),m.FUNCTION_NAME),E=[];return j.each(f,(R,O)=>{E.push({name:O,count:R.length,time:j.sumBy(R,m.EXCLUSIVE_DURATION),timePercent:o(R),nodes:R})}),E}),d=Dt(()=>{const f=j.groupBy(e,m.NODE_TYPE),E=[];return j.each(f,(R,O)=>{E.push({name:O,count:R.length,time:j.sumBy(R,m.EXCLUSIVE_DURATION),timePercent:o(R),nodes:R})}),E}),p=Dt(()=>{const f=j.groupBy(j.filter(e,R=>R[m.INDEX_NAME]!==void 0),m.INDEX_NAME),E=[];return j.each(f,(R,O)=>{E.push({name:O,count:R.length,time:j.sumBy(R,m.EXCLUSIVE_DURATION),timePercent:o(R),nodes:R})}),E});return(f,E)=>(w(),D("div",n$,[v("div",r$,[v("div",i$,[v("div",s$,[v("div",o$,[Lt(Au,{class:"table table-sm mb-0",values:l.value,sort:"time",dir:h(Si).desc},{body:ze(R=>[(w(!0),D($t,null,je(R.values,O=>(w(),Be(Ru,{key:O,value:O,executionTime:n.value},null,8,["value","executionTime"]))),128))]),default:ze(()=>[v("thead",a$,[v("tr",null,[v("th",l$,[Lt(Br,{name:"name"},{default:ze(()=>E[0]||(E[0]=[T("Table")])),_:1})]),E[3]||(E[3]=T()),v("th",c$,[Lt(Br,{name:"count"},{default:ze(()=>E[1]||(E[1]=[T("Count")])),_:1})]),E[4]||(E[4]=T()),v("th",u$,[Lt(Br,{name:"time"},{default:ze(()=>E[2]||(E[2]=[T("Time")])),_:1})])])]),E[6]||(E[6]=T()),E[7]||(E[7]=T()),l.value.length?nt("",!0):(w(),D("tbody",d$,E[5]||(E[5]=[v("tr",null,[v("td",{colspan:"3",class:"text-center fst-italic"},`
                    No tables used
                  `)],-1)])))]),_:1},8,["values","dir"])])])]),E[30]||(E[30]=T()),v("div",f$,[v("div",p$,[v("div",h$,[Lt(Au,{class:"table table-sm mb-0",values:c.value,sort:"time",dir:h(Si).desc},{body:ze(R=>[(w(!0),D($t,null,je(R.values,O=>(w(),Be(Ru,{key:O,value:O,executionTime:n.value},null,8,["value","executionTime"]))),128))]),default:ze(()=>[v("thead",m$,[v("tr",null,[v("th",_$,[Lt(Br,{name:"name"},{default:ze(()=>E[8]||(E[8]=[T("Function")])),_:1})]),E[11]||(E[11]=T()),v("th",E$,[Lt(Br,{name:"count"},{default:ze(()=>E[9]||(E[9]=[T("Count")])),_:1})]),E[12]||(E[12]=T()),v("th",g$,[Lt(Br,{name:"time"},{default:ze(()=>E[10]||(E[10]=[T("Time")])),_:1})])])]),E[14]||(E[14]=T()),E[15]||(E[15]=T()),c.value.length?nt("",!0):(w(),D("tbody",T$,E[13]||(E[13]=[v("tr",null,[v("td",{colspan:"3",class:"text-center fst-italic"},`
                    No function used
                  `)],-1)])))]),_:1},8,["values","dir"])])])]),E[31]||(E[31]=T()),v("div",v$,[v("div",S$,[v("div",A$,[Lt(Au,{class:"table table-sm mb-0",values:d.value,sort:"time",dir:h(Si).desc},{body:ze(R=>[(w(!0),D($t,null,je(R.values,O=>(w(),Be(Ru,{key:O,value:O,executionTime:n.value},null,8,["value","executionTime"]))),128))]),default:ze(()=>[v("thead",R$,[v("tr",null,[v("th",b$,[Lt(Br,{name:"name"},{default:ze(()=>E[16]||(E[16]=[T("Node Type")])),_:1})]),E[19]||(E[19]=T()),v("th",O$,[Lt(Br,{name:"count"},{default:ze(()=>E[17]||(E[17]=[T("Count")])),_:1})]),E[20]||(E[20]=T()),v("th",L$,[Lt(Br,{name:"time"},{default:ze(()=>E[18]||(E[18]=[T("Time")])),_:1})])])]),E[21]||(E[21]=T())]),_:1},8,["values","dir"])])])]),E[32]||(E[32]=T()),v("div",y$,[v("div",N$,[v("div",C$,[Lt(Au,{class:"table table-sm mb-0",values:p.value,sort:"time",dir:h(Si).desc},{body:ze(R=>[(w(!0),D($t,null,je(R.values,O=>(w(),Be(Ru,{key:O,value:O,executionTime:n.value},null,8,["value","executionTime"]))),128))]),default:ze(()=>[v("thead",w$,[v("tr",null,[v("th",x$,[Lt(Br,{name:"name"},{default:ze(()=>E[22]||(E[22]=[T("Index")])),_:1})]),E[25]||(E[25]=T()),v("th",I$,[Lt(Br,{name:"count"},{default:ze(()=>E[23]||(E[23]=[T("Count")])),_:1})]),E[26]||(E[26]=T()),v("th",k$,[Lt(Br,{name:"time"},{default:ze(()=>E[24]||(E[24]=[T("Time")])),_:1})])])]),E[28]||(E[28]=T()),E[29]||(E[29]=T()),p.value.length?nt("",!0):(w(),D("tbody",B$,E[27]||(E[27]=[v("tr",null,[v("td",{colspan:"3",class:"text-center fst-italic"},`
                    No index used
                  `)],-1)])))]),_:1},8,["values","dir"])])])])])]))}});let P$=class{nodeId;size;Options;Timing;Settings;[m.ACTUAL_LOOPS];[m.ACTUAL_ROWS];[m.ACTUAL_ROWS_REVISED];[m.ACTUAL_STARTUP_TIME];[m.ACTUAL_TOTAL_TIME];[m.EXCLUSIVE_COST];[m.EXCLUSIVE_DURATION];[m.EXCLUSIVE_LOCAL_DIRTIED_BLOCKS];[m.EXCLUSIVE_LOCAL_HIT_BLOCKS];[m.EXCLUSIVE_LOCAL_READ_BLOCKS];[m.EXCLUSIVE_LOCAL_WRITTEN_BLOCKS];[m.EXCLUSIVE_SHARED_DIRTIED_BLOCKS];[m.EXCLUSIVE_SHARED_HIT_BLOCKS];[m.EXCLUSIVE_SHARED_READ_BLOCKS];[m.EXCLUSIVE_SHARED_WRITTEN_BLOCKS];[m.EXCLUSIVE_TEMP_READ_BLOCKS];[m.EXCLUSIVE_TEMP_WRITTEN_BLOCKS];[m.FILTER];[m.PLANNER_ESTIMATE_DIRECTION];[m.PLANNER_ESTIMATE_FACTOR];[m.INDEX_NAME];[m.NODE_TYPE];[m.PARALLEL_AWARE];[m.PLANS];[m.PLAN_ROWS];[m.PLAN_ROWS_REVISED];[m.ROWS_REMOVED_BY_FILTER_REVISED];[m.ROWS_REMOVED_BY_JOIN_FILTER_REVISED];[m.SUBPLAN_NAME];[m.TOTAL_COST];[m.WORKERS];[m.WORKERS_LAUNCHED];[m.WORKERS_PLANNED];[m.WORKERS_PLANNED_BY_GATHER];[m.EXCLUSIVE_IO_READ_TIME];[m.EXCLUSIVE_IO_WRITE_TIME];[m.AVERAGE_IO_READ_SPEED];[m.AVERAGE_IO_WRITE_SPEED];[m.IO_READ_TIME];[m.IO_WRITE_TIME];[m.PARTIAL_MODE];constructor(e){if(!e)return;this[m.NODE_TYPE]=e;const n=/^((?:Parallel\s+)?(?:Seq\sScan|Tid.*Scan|Bitmap\s+Heap\s+Scan|(?:Async\s+)?Foreign\s+Scan|Update|Insert|Delete|Merge))\son\s(\S+)(?:\s+(\S+))?$/.exec(e),r=/^(Bitmap\s+Index\s+Scan)\son\s(\S+)$/.exec(e),i=/^((?:Parallel\s+)?Index(?:\sOnly)?\sScan(?:\sBackward)?)\susing\s(\S+)\son\s(\S+)(?:\s+(\S+))?$/.exec(e),o=/^(CTE\sScan)\son\s(\S+)(?:\s+(\S+))?$/.exec(e),l=/^(Function\sScan)\son\s(\S+)(?:\s+(\S+))?$/.exec(e),c=/^(Subquery\sScan)\son\s(.+)$/.exec(e);n?(this[m.NODE_TYPE]=n[1],this[m.RELATION_NAME]=n[2],n[3]&&(this[m.ALIAS]=n[3])):r?(this[m.NODE_TYPE]=r[1],this[m.INDEX_NAME]=r[2]):i?(this[m.NODE_TYPE]=i[1],this[m.INDEX_NAME]=i[2],this[m.RELATION_NAME]=i[3],i[4]&&(this[m.ALIAS]=i[4])):o?(this[m.NODE_TYPE]=o[1],this[m.CTE_NAME]=o[2],o[3]&&(this[m.ALIAS]=o[3])):l?(this[m.NODE_TYPE]=l[1],this[m.FUNCTION_NAME]=l[2],l[3]&&(this[m.ALIAS]=l[3])):c&&(this[m.NODE_TYPE]=c[1],this[m.ALIAS]=c[2]);const d=/^(Parallel\s+)(.*)/.exec(this[m.NODE_TYPE]);d&&(this[m.NODE_TYPE]=d[2],this[m.PARALLEL_AWARE]=!0);const p=/(.*)\sJoin$/.exec(this[m.NODE_TYPE]),f=/(.*)\s+(Full|Left|Right|Anti)/.exec(this[m.NODE_TYPE]);p&&(this[m.NODE_TYPE]=p[1],f&&(this[m.NODE_TYPE]=f[1],this[m.JOIN_TYPE]=f[2]),this[m.NODE_TYPE]+=" Join")}};class M${constructor(e){this[qd.WORKER_NUMBER]=e}}class H${static instance;nodeId=0;createPlan(e,n,r){if(r=r.replace(/(\S)(?!$)(\s{2,})/gm,"$1 "),!n.Plan)throw new Error("Invalid plan");const i={id:m.PEV_PLAN_TAG+new Date().getTime().toString(),name:e||"plan created on "+new Date().toDateString(),createdOn:new Date,content:n,query:r,planStats:{},ctes:[],isAnalyze:j.has(n.Plan,m.ACTUAL_ROWS),isVerbose:this.findOutputProperty(n.Plan)};return this.nodeId=1,this.processNode(n.Plan,i),this.calculateMaximums(i),i}isCTE(e){return e[m.PARENT_RELATIONSHIP]==="InitPlan"&&j.startsWith(e[m.SUBPLAN_NAME],"CTE")}processNode(e,n){e.nodeId=this.nodeId++,this.calculatePlannerEstimate(e),j.each(e[m.PLANS],r=>{!this.isCTE(r)&&r[m.PARENT_RELATIONSHIP]!=="InitPlan"&&r[m.PARENT_RELATIONSHIP]!=="SubPlan"&&(r[m.WORKERS_PLANNED_BY_GATHER]=e[m.WORKERS_PLANNED]||e[m.WORKERS_PLANNED_BY_GATHER],r[m.WORKERS_LAUNCHED_BY_GATHER]=e[m.WORKERS_LAUNCHED]||e[m.WORKERS_LAUNCHED_BY_GATHER]),this.isCTE(r)&&n.ctes.push(r),this.processNode(r,n)}),j.remove(e[m.PLANS],r=>this.isCTE(r)),this.calculateActuals(e),this.calculateExclusives(e),this.calculateIoTimingsAverage(e),this.convertNodeType(e)}calculateMaximums(e){function n(A){return j.map(A,N=>[N,n(N[m.PLANS])])}let r=[];r=r.concat(j.flattenDeep(n([e.content.Plan]))),j.each(e.ctes,A=>{r=r.concat(j.flattenDeep(n([A])))});const i=j.maxBy(r,m.ACTUAL_ROWS_REVISED);i&&(e.content.maxRows=i[m.ACTUAL_ROWS_REVISED]);const o=j.maxBy(r,m.EXCLUSIVE_COST);o&&(e.content.maxCost=o[m.EXCLUSIVE_COST]);const l=j.maxBy(r,m.TOTAL_COST);l&&(e.content.maxTotalCost=l[m.TOTAL_COST]);const c=j.maxBy(r,m.EXCLUSIVE_DURATION);c&&(e.content.maxDuration=c[m.EXCLUSIVE_DURATION]),e.content.maxBlocks||(e.content.maxBlocks={});function d(A){return A[m.EXCLUSIVE_SHARED_HIT_BLOCKS]+A[m.EXCLUSIVE_SHARED_READ_BLOCKS]+A[m.EXCLUSIVE_SHARED_DIRTIED_BLOCKS]+A[m.EXCLUSIVE_SHARED_WRITTEN_BLOCKS]}const p=j.maxBy(r,A=>d(A));p&&d(p)&&(e.content.maxBlocks[de.shared]=d(p));function f(A){return A[m.EXCLUSIVE_TEMP_READ_BLOCKS]+A[m.EXCLUSIVE_TEMP_WRITTEN_BLOCKS]}const E=j.maxBy(r,A=>f(A));E&&f(E)&&(e.content.maxBlocks[de.temp]=f(E));function R(A){return A[m.EXCLUSIVE_LOCAL_HIT_BLOCKS]+A[m.EXCLUSIVE_LOCAL_READ_BLOCKS]+A[m.EXCLUSIVE_LOCAL_DIRTIED_BLOCKS]+A[m.EXCLUSIVE_LOCAL_WRITTEN_BLOCKS]}const O=j.maxBy(r,A=>R(A));O&&R(O)&&(e.content.maxBlocks[de.local]=R(O)),e.content.maxIo||(e.content.maxIo=0);function I(A){return A[m.EXCLUSIVE_IO_READ_TIME]+A[m.EXCLUSIVE_IO_WRITE_TIME]}const b=j.maxBy(r,A=>I(A));b&&I(b)&&(e.content.maxIo=I(b));const k=j.max(j.map(r,A=>{const N=A[m.PLANNER_ESTIMATE_FACTOR];if(N!==1/0)return N}));e.content.maxEstimateFactor=k*2||1}calculateActuals(e){if(!j.isUndefined(e[m.ACTUAL_TOTAL_TIME])){const n=(e[m.WORKERS_PLANNED_BY_GATHER]||0)+1;e[m.ACTUAL_TOTAL_TIME]=e[m.ACTUAL_TOTAL_TIME]*e[m.ACTUAL_LOOPS]/n,e[m.ACTUAL_STARTUP_TIME]=e[m.ACTUAL_STARTUP_TIME]*e[m.ACTUAL_LOOPS]/n,e[m.EXCLUSIVE_DURATION]=e[m.ACTUAL_TOTAL_TIME];const r=e[m.EXCLUSIVE_DURATION]-this.childrenDuration(e,0);e[m.EXCLUSIVE_DURATION]=r>0?r:0}j.isUndefined(e[m.TOTAL_COST])||(e[m.EXCLUSIVE_COST]=e[m.TOTAL_COST]),j.each(e[m.PLANS],n=>{n[m.PARENT_RELATIONSHIP]!=="InitPlan"&&n[m.TOTAL_COST]&&(e[m.EXCLUSIVE_COST]=e[m.EXCLUSIVE_COST]-n[m.TOTAL_COST])}),e[m.EXCLUSIVE_COST]<0&&(e[m.EXCLUSIVE_COST]=0),j.each(["ACTUAL_ROWS","PLAN_ROWS","ROWS_REMOVED_BY_FILTER","ROWS_REMOVED_BY_JOIN_FILTER"],n=>{if(!j.isUndefined(e[m[n]])){const r=n+"_REVISED",i=e[m.ACTUAL_LOOPS]||1,o=e[m[n]]*i;e[m[r]]=o}})}childrenDuration(e,n){return j.each(e[m.PLANS],r=>{r[m.PARENT_RELATIONSHIP]!=="InitPlan"&&(n+=r[m.EXCLUSIVE_DURATION]||0,n=this.childrenDuration(r,n))}),n}calculatePlannerEstimate(e){e[m.ACTUAL_ROWS]!==void 0&&e[m.PLAN_ROWS]!==void 0&&(e[m.PLANNER_ESTIMATE_FACTOR]=e[m.ACTUAL_ROWS]/e[m.PLAN_ROWS],e[m.PLANNER_ESTIMATE_DIRECTION]=yn.none,e[m.ACTUAL_ROWS]>e[m.PLAN_ROWS]&&(e[m.PLANNER_ESTIMATE_DIRECTION]=yn.under),e[m.ACTUAL_ROWS]<e[m.PLAN_ROWS]&&(e[m.PLANNER_ESTIMATE_DIRECTION]=yn.over,e[m.PLANNER_ESTIMATE_FACTOR]=e[m.PLAN_ROWS]/e[m.ACTUAL_ROWS]))}cleanupSource(e){return e=e.replace(/^(\||║|│)(.*)\1\r?\n/gm,`$2
`),e=e.replace(/(.*)(\||║|│)$\r?\n/gm,`$1
`),e=e.replace(/^\+-+\+\r?\n/gm,""),e=e.replace(/^(-|─|═)\1+\r?\n/gm,""),e=e.replace(/^(├|╟|╠|╞)(─|═)\2*(┤|╢|╣|╡)\r?\n/gm,""),e=e.replace(/^\+-+\+\r?\n/gm,""),e=e.replace(/^└(─)+┘\r?\n/gm,""),e=e.replace(/^╚(═)+╝\r?\n/gm,""),e=e.replace(/^┌(─)+┐\r?\n/gm,""),e=e.replace(/^╔(═)+╗\r?\n/gm,""),e=e.replace(/^(["'])(.*)\1\r?/gm,"$2"),e=e.replace(/\s*\+\r?\n/g,`
`),e=e.replace(/↵\r?/gm,`
`),e=e.replace(/^\s*QUERY PLAN\s*\r?\n/m,""),e=e.replace(/^\(\d+\s+[a-z]*s?\)(\r?\n|$)/gm,`
`),e}fromSource(e){e=this.cleanupSource(e);let n=!1;try{n=JSON.parse(e)}catch{}return n?this.parseJson(e):/^(\s*)(\[|\{)\s*\n.*?\1(\]|\})\s*/gms.exec(e)?this.fromJson(e):this.fromText(e)}fromJson(e){const n=e.split(/[\r\n]+/);let r="",i=0;j.each(n,(c,d)=>{const p=/^(\s*)(\[|\{)\s*$/.exec(c);if(p)return r=p[1],i=d,!1});let o=0;j.each(n,(c,d)=>{if(new RegExp("^"+r+"(]|})s*$").exec(c))return o=d,!1});const l=n.slice(i,o+1).join(`
`).replace(/""/gm,'"');return this.parseJson(l)}parseJson(e){let n=JSON.parse(e);return Array.isArray(n)&&(n=n[0]),n}splitIntoLines(e){const n=[],r=e.split(/\r?\n/),i=(c,d)=>(c.match(d)||[]).length,o=c=>{const d=c.indexOf(")"),p=c.indexOf("(");return d!=-1&&d<p},l=(c,d)=>c.search(/\S/)==d.search(/\S/);return j.each(r,c=>{i(c,/\)/g)>i(c,/\(/g)?n[n.length-1]+=c:c.match(/^(?:Total\s+runtime|Planning\s+time|Execution\s+time|Time|Filter|Output|JIT)/i)?n.push(c):c.match(/^\S/)||c.match(/^\s*\(/)||o(c)?0<n.length?n[n.length-1]+=c:n.push(c):0<n.length&&n[n.length-1].match(/^\s*Output/i)&&!l(n[n.length-1],c)&&!c.match(/^\s*->/i)?n[n.length-1]+=c:n.push(c)}),n}fromText(e){const n=this.splitIntoLines(e),r={},i=[];if(j.each(n,o=>{o=o.replace(/"\s*$/,""),o=o.replace(/^\s*"/,""),o=o.replace(/\t/gm,"    ");const l=/^\s*/,c=o.match(l),d=c?c[0].length:0;o=o.replace(l,"");const p="^s*$",f="^\\s*(QUERY|---|#).*$",E="^(\\s*->\\s*|\\s*)",R="(Finalize|Simple|Partial)*",O="([^\\r\\n\\t\\f\\v\\:\\(]*?)",I="\\(cost=(\\d+\\.\\d+)\\.\\.(\\d+\\.\\d+)\\s+rows=(\\d+)\\s+width=(\\d+)\\)",b="(?:",k=")",A="\\(",N="\\)",K="(?:actual\\stime=(\\d+\\.\\d+)\\.\\.(\\d+\\.\\d+)\\srows=(\\d+(?:\\.\\d+)?)\\sloops=(\\d+)|actual\\srows=(\\d+(?:\\.\\d+)?)\\sloops=(\\d+)|(never\\s+executed))",g="?",z=new RegExp(p).exec(o),x=new RegExp(f).exec(o),et=new RegExp(E+R+"\\s*"+O+"\\s*"+b+(b+I+"\\s+"+A+K+N+k)+"|"+b+I+k+"|"+b+A+K+N+k+k+"\\s*$","gm").exec(o),Bt=/^(\s*)((?:Sub|Init)Plan)\s*(?:\d+\s*)?\s*(?:\(returns.*\)\s*)?$/gm.exec(o),Ct=/^(\s*)CTE\s+(\S+)\s*$/g.exec(o),q=/^(\s*)Trigger\s+(.*):\s+time=(\d+\.\d+)\s+calls=(\d+)\s*$/g.exec(o),H=new RegExp(/^(\s*)Worker\s+(\d+):\s+/.source+b+K+k+g+"(.*)\\s*$","g").exec(o),ct=/^(\s*)JIT:\s*$/g.exec(o),Rt=/^(\s*)(\S.*\S)\s*$/g.exec(o);if(!(z||x)){if(et&&!Ct&&!Bt){const st=et[14],Y=new P$(et[3]);if((et[4]&&et[5]||et[15]&&et[16])&&(Y[m.STARTUP_COST]=parseFloat(et[4]||et[15]),Y[m.TOTAL_COST]=parseFloat(et[5]||et[16]),Y[m.PLAN_ROWS]=parseInt(et[6]||et[17],0),Y[m.PLAN_WIDTH]=parseInt(et[7]||et[18],0)),(et[8]&&et[9]||et[19]&&et[20])&&(Y[m.ACTUAL_STARTUP_TIME]=parseFloat(et[8]||et[19]),Y[m.ACTUAL_TOTAL_TIME]=parseFloat(et[9]||et[20])),et[10]&&et[11]||et[12]&&et[13]||et[21]&&et[22]){const Z=et[10]||et[12]||et[21];Z.indexOf(".")!=-1&&(Y[m.ACTUAL_ROWS_FRACTIONAL]=!0),Y[m.ACTUAL_ROWS]=parseFloat(Z),Y[m.ACTUAL_LOOPS]=parseInt(et[11]||et[13]||et[22],0)}et[2]&&(Y[m.PARTIAL_MODE]=et[2]),st&&(Y[m.ACTUAL_LOOPS]=0,Y[m.ACTUAL_ROWS]=0,Y[m.ACTUAL_TOTAL_TIME]=0);const P={node:Y,subelementType:"subnode"};if(i.length===0){i.push([d,P]),r.Plan=Y;return}j.remove(i,Z=>Z[0]>=d);const J=j.last(i)?.[1];if(!J)return;i.push([d,P]),J.node[m.PLANS]||(J.node[m.PLANS]=[]),J.subelementType==="initplan"?(Y[m.PARENT_RELATIONSHIP]="InitPlan",Y[m.SUBPLAN_NAME]=J.name):J.subelementType==="subplan"&&(Y[m.PARENT_RELATIONSHIP]="SubPlan",Y[m.SUBPLAN_NAME]=J.name),J.node.Plans?.push(Y)}else if(Bt){const st=Bt[2];j.remove(i,J=>J[0]>=d);const P={node:j.last(i)?.[1]?.node,subelementType:st.toLowerCase(),name:Bt[0]};i.push([d,P])}else if(Ct){const st=Ct[2];j.remove(i,J=>J[0]>=d);const P={node:j.last(i)?.[1]?.node,subelementType:"initplan",name:"CTE "+st};i.push([d,P])}else if(H){const st=parseInt(H[2],0),Y=j.last(i)?.[1];if(!Y)return;Y.node[m.WORKERS]||(Y.node[m.WORKERS]=[]);let P=this.getWorker(Y.node,st);if(P||(P=new M$(st),Y.node[m.WORKERS]?.push(P)),H[3]&&H[4]&&(P[m.ACTUAL_STARTUP_TIME]=parseFloat(H[3]),P[m.ACTUAL_TOTAL_TIME]=parseFloat(H[4]),P[m.ACTUAL_ROWS]=parseInt(H[5],0),P[m.ACTUAL_LOOPS]=parseInt(H[6],0)),this.parseSort(H[10],P))return;const J=H[10].split(/: (.+)/).filter(Z=>Z);if(H[10]){if(!J[1])return;const Z=j.startCase(J[0]);P[Z]=J[1]}}else if(q)j.remove(i,st=>st[0]>=d),r.Triggers=r.Triggers||[],r.Triggers.push({"Trigger Name":q[2],Time:this.parseTime(q[3]),Calls:q[4]});else if(ct){let st;if(i.length===0)r.JIT={},st={node:r.JIT},i.push([1,st]);else{const Y=j.last(i)?.[1];if(!Y)return;if(j.last(Y.node?.[m.WORKERS])){const P=j.last(Y.node?.[m.WORKERS]);P.JIT={},st={node:P.JIT},i.push([d,st])}}}else if(Rt){j.remove(i,Z=>Z[0]>=d||d==1);let st;if(i.length===0?st=r:st=j.last(i)?.[1].node,!st.Plan&&st["Query Text"]){st["Query Text"]+=`
`+o;return}const Y=Rt[2].split(/: (.+)/).filter(Z=>Z);if(!Y[1]||!st||this.parseSort(Rt[2],st)||this.parseBuffers(Rt[2],st)||this.parseWAL(Rt[2],st)||this.parseIOTimings(Rt[2],st)||this.parseOptions(Rt[2],st)||this.parseTiming(Rt[2],st)||this.parseSettings(Rt[2],st)||this.parseSortGroups(Rt[2],st)||this.parseSortKey(Rt[2],st))return;let P=Y[1].replace(/(\s*ms)$/,"");parseFloat(P)&&(P=parseFloat(P));let J=Y[0];(J.indexOf(" runtime")!==-1||J.indexOf(" time")!==-1)&&(J=j.startCase(J)),st[J]=P}}}),r==null||!r.Plan)throw new Error("Unable to parse plan");return r}parseSortKey(e,n){const i=/^\s*((?:Sort|Presorted) Key):\s+(.*)/g.exec(e);return i?(n[i[1]]=j.map(nT(i[2],","),j.trim),!0):!1}parseSort(e,n){const i=/^(\s*)Sort Method:\s+(.*)\s+(Memory|Disk):\s+(?:(\S*)kB)\s*$/g.exec(e);return i?(n[m.SORT_METHOD]=i[2].trim(),n[m.SORT_SPACE_USED]=i[4],n[m.SORT_SPACE_TYPE]=i[3],!0):!1}parseBuffers(e,n){const i=/Buffers:\s+(.*)\s*$/g.exec(e);return i?(j.each(i[1].split(/,\s+/),o=>{const c=/(shared|temp|local)\s+(.*)$/g.exec(o);if(c){const d=c[1];j.each(["hit","read","written","dirtied"],p=>{n[j.map([d,p,"blocks"],j.capitalize).join(" ")]=0}),j.each(c[2].split(/\s+/),p=>{this.parseBuffer(p,d,n)})}}),!0):!1}parseBuffer(e,n,r){const i=e.split(/=/),o=i[0],l=parseInt(i[1],0);r[j.map([n,o,"blocks"],j.capitalize).join(" ")]=l}getWorker(e,n){return j.find(e[m.WORKERS],r=>r[qd.WORKER_NUMBER]===n)}parseWAL(e,n){const i=/WAL:\s+(.*)\s*$/g.exec(e);return i?(j.each(["Records","Bytes","FPI"],o=>{n["WAL "+o]=0}),j.each(i[1].split(/\s+/),o=>{const l=o.split(/=/),c=l[0],d=parseInt(l[1],0);let p;switch(c){case"fpi":p="FPI";break;default:p=j.capitalize(c)}n["WAL "+p]=d}),!0):!1}parseIOTimings(e,n){const i=/I\/O Timings:\s+(.*)\s*$/g.exec(e);return i?(n[m.IO_READ_TIME]=0,n[m.IO_WRITE_TIME]=0,j.each(i[1].split(/\s+/),o=>{const l=o.split(/=/),c=l[0],d=parseFloat(l[1]),p="IO_"+j.upperCase(c)+"_TIME",f=m[p];n[f]=d}),!0):!1}parseOptions(e,n){const i=/^(\s*)Options:\s+(.*)$/g.exec(e);if(i){n.Options={};const o=i[2].split(/\s*,\s*/);let l;return j.each(o,c=>{l=/^(\S*)\s+(.*)$/g.exec(c),l&&n.Options&&(n.Options[l[1]]=JSON.parse(l[2]))}),!0}return!1}parseTiming(e,n){const i=/^(\s*)Timing:\s+(.*)$/g.exec(e);if(i){n.Timing={};const o=i[2].split(/\s*,\s*/);let l;return j.each(o,c=>{l=/^(\S*)\s+(.*)$/g.exec(c),l&&n.Timing&&(n.Timing[l[1]]=this.parseTime(l[2]))}),!0}return!1}parseTime(e){return parseFloat(e.replace(/(\s*ms)$/,""))}parseSettings(e,n){const i=/^(\s*)Settings:\s*(.*)$/g.exec(e);if(i){n.Settings={};const o=nT(i[2],",");let l;return j.each(o,c=>{l=/^(\S*)\s+=\s+(.*)$/g.exec(j.trim(c)),l&&n.Settings&&(n.Settings[l[1]]=l[2].replace(/'/g,""))}),!0}return!1}parseSortGroups(e,n){const i=/^\s*(Full-sort|Pre-sorted) Groups:\s+([0-9]*)\s+Sort Method[s]*:\s+(.*)\s+Average Memory:\s+(\S*)kB\s+Peak Memory:\s+(\S*)kB.*$/g.exec(e);if(i){const o={[Uu.GROUP_COUNT]:parseInt(i[2],0),[Uu.SORT_METHODS_USED]:j.map(i[3].split(","),j.trim),[Uu.SORT_SPACE_MEMORY]:{[t0.AVERAGE_SORT_SPACE_USED]:parseInt(i[4],0),[t0.PEAK_SORT_SPACE_USED]:parseInt(i[5],0)}};if(i[1]==="Full-sort")n[m.FULL_SORT_GROUPS]=o;else if(i[1]==="Pre-sorted")n[m.PRE_SORTED_GROUPS]=o;else throw new Error("Unsupported sort groups method");return!0}return!1}calculateExclusives(e){const n=["SHARED_HIT_BLOCKS","SHARED_READ_BLOCKS","SHARED_DIRTIED_BLOCKS","SHARED_WRITTEN_BLOCKS","TEMP_READ_BLOCKS","TEMP_WRITTEN_BLOCKS","LOCAL_HIT_BLOCKS","LOCAL_READ_BLOCKS","LOCAL_DIRTIED_BLOCKS","LOCAL_WRITTEN_BLOCKS","IO_READ_TIME","IO_WRITE_TIME"];j.each(n,r=>{const i=j.sumBy(e[m.PLANS],c=>c[m[r]]||0),o="EXCLUSIVE_"+r,l=m[o];e[l]=e[m[r]]-i})}calculateIoTimingsAverage(e){const n=e[m.EXCLUSIVE_IO_READ_TIME]||0;if(n){const i=e[m.EXCLUSIVE_SHARED_READ_BLOCKS]||0,o=e[m.EXCLUSIVE_LOCAL_READ_BLOCKS]||0;e[m.AVERAGE_IO_READ_SPEED]=(i+o)/(n/1e3)}const r=e[m.EXCLUSIVE_IO_WRITE_TIME]||0;if(r){const i=e[m.EXCLUSIVE_SHARED_WRITTEN_BLOCKS]||0,o=e[m.EXCLUSIVE_LOCAL_WRITTEN_BLOCKS]||0;e[m.AVERAGE_IO_WRITE_SPEED]=(i+o)/(r/1e3)}}findOutputProperty(e){const n=e.Plans;return n?j.some(n,r=>j.has(r,m.OUTPUT)||this.findOutputProperty(r)):!1}convertNodeType(e){if(e[m.NODE_TYPE]=="Aggregate"&&e[m.STRATEGY]){let n="";switch(e[m.STRATEGY]){case"Sorted":n="Group";break;case"Hashed":n="Hash";break;case"Plain":n="";break;default:console.error("Unsupported Aggregate Strategy")}e[m.NODE_TYPE]=n+"Aggregate"}e[m.NODE_TYPE]=="ModifyTable"&&(e[m.NODE_TYPE]=e[m.OPERATION])}}function $u(t,e){return t==null||e==null?NaN:t<e?-1:t>e?1:t>=e?0:NaN}function W$(t,e){return t==null||e==null?NaN:e<t?-1:e>t?1:e>=t?0:NaN}function _R(t){let e,n,r;t.length!==2?(e=$u,n=(c,d)=>$u(t(c),d),r=(c,d)=>t(c)-d):(e=t===$u||t===W$?t:U$,n=t,r=t);function i(c,d,p=0,f=c.length){if(p<f){if(e(d,d)!==0)return f;do{const E=p+f>>>1;n(c[E],d)<0?p=E+1:f=E}while(p<f)}return p}function o(c,d,p=0,f=c.length){if(p<f){if(e(d,d)!==0)return f;do{const E=p+f>>>1;n(c[E],d)<=0?p=E+1:f=E}while(p<f)}return p}function l(c,d,p=0,f=c.length){const E=i(c,d,p,f-1);return E>p&&r(c[E-1],d)>-r(c[E],d)?E-1:E}return{left:i,center:l,right:o}}function U$(){return 0}function $$(t){return t===null?NaN:+t}const F$=_R($u),V$=F$.right;_R($$).center;var s0=Math.sqrt(50),o0=Math.sqrt(10),a0=Math.sqrt(2);function z$(t,e,n){var r,i=-1,o,l,c;if(e=+e,t=+t,n=+n,t===e&&n>0)return[t];if((r=e<t)&&(o=t,t=e,e=o),(c=ER(t,e,n))===0||!isFinite(c))return[];if(c>0){let d=Math.round(t/c),p=Math.round(e/c);for(d*c<t&&++d,p*c>e&&--p,l=new Array(o=p-d+1);++i<o;)l[i]=(d+i)*c}else{c=-c;let d=Math.round(t*c),p=Math.round(e*c);for(d/c<t&&++d,p/c>e&&--p,l=new Array(o=p-d+1);++i<o;)l[i]=(d+i)/c}return r&&l.reverse(),l}function ER(t,e,n){var r=(e-t)/Math.max(0,n),i=Math.floor(Math.log(r)/Math.LN10),o=r/Math.pow(10,i);return i>=0?(o>=s0?10:o>=o0?5:o>=a0?2:1)*Math.pow(10,i):-Math.pow(10,-i)/(o>=s0?10:o>=o0?5:o>=a0?2:1)}function G$(t,e,n){var r=Math.abs(e-t)/Math.max(0,n),i=Math.pow(10,Math.floor(Math.log(r)/Math.LN10)),o=r/i;return o>=s0?i*=10:o>=o0?i*=5:o>=a0&&(i*=2),e<t?-i:i}var X$={value:()=>{}};function Lm(){for(var t=0,e=arguments.length,n={},r;t<e;++t){if(!(r=arguments[t]+"")||r in n||/[\s.]/.test(r))throw new Error("illegal type: "+r);n[r]=[]}return new Fu(n)}function Fu(t){this._=t}function K$(t,e){return t.trim().split(/^|\s+/).map(function(n){var r="",i=n.indexOf(".");if(i>=0&&(r=n.slice(i+1),n=n.slice(0,i)),n&&!e.hasOwnProperty(n))throw new Error("unknown type: "+n);return{type:n,name:r}})}Fu.prototype=Lm.prototype={constructor:Fu,on:function(t,e){var n=this._,r=K$(t+"",n),i,o=-1,l=r.length;if(arguments.length<2){for(;++o<l;)if((i=(t=r[o]).type)&&(i=Y$(n[i],t.name)))return i;return}if(e!=null&&typeof e!="function")throw new Error("invalid callback: "+e);for(;++o<l;)if(i=(t=r[o]).type)n[i]=ET(n[i],t.name,e);else if(e==null)for(i in n)n[i]=ET(n[i],t.name,null);return this},copy:function(){var t={},e=this._;for(var n in e)t[n]=e[n].slice();return new Fu(t)},call:function(t,e){if((i=arguments.length-2)>0)for(var n=new Array(i),r=0,i,o;r<i;++r)n[r]=arguments[r+2];if(!this._.hasOwnProperty(t))throw new Error("unknown type: "+t);for(o=this._[t],r=0,i=o.length;r<i;++r)o[r].value.apply(e,n)},apply:function(t,e,n){if(!this._.hasOwnProperty(t))throw new Error("unknown type: "+t);for(var r=this._[t],i=0,o=r.length;i<o;++i)r[i].value.apply(e,n)}};function Y$(t,e){for(var n=0,r=t.length,i;n<r;++n)if((i=t[n]).name===e)return i.value}function ET(t,e,n){for(var r=0,i=t.length;r<i;++r)if(t[r].name===e){t[r]=X$,t=t.slice(0,r).concat(t.slice(r+1));break}return n!=null&&t.push({name:e,value:n}),t}var l0="http://www.w3.org/1999/xhtml";const gT={svg:"http://www.w3.org/2000/svg",xhtml:l0,xlink:"http://www.w3.org/1999/xlink",xml:"http://www.w3.org/XML/1998/namespace",xmlns:"http://www.w3.org/2000/xmlns/"};function Zd(t){var e=t+="",n=e.indexOf(":");return n>=0&&(e=t.slice(0,n))!=="xmlns"&&(t=t.slice(n+1)),gT.hasOwnProperty(e)?{space:gT[e],local:t}:t}function q$(t){return function(){var e=this.ownerDocument,n=this.namespaceURI;return n===l0&&e.documentElement.namespaceURI===l0?e.createElement(t):e.createElementNS(n,t)}}function j$(t){return function(){return this.ownerDocument.createElementNS(t.space,t.local)}}function gR(t){var e=Zd(t);return(e.local?j$:q$)(e)}function J$(){}function ym(t){return t==null?J$:function(){return this.querySelector(t)}}function Q$(t){typeof t!="function"&&(t=ym(t));for(var e=this._groups,n=e.length,r=new Array(n),i=0;i<n;++i)for(var o=e[i],l=o.length,c=r[i]=new Array(l),d,p,f=0;f<l;++f)(d=o[f])&&(p=t.call(d,d.__data__,f,o))&&("__data__"in d&&(p.__data__=d.__data__),c[f]=p);return new br(r,this._parents)}function Z$(t){return t==null?[]:Array.isArray(t)?t:Array.from(t)}function tF(){return[]}function TR(t){return t==null?tF:function(){return this.querySelectorAll(t)}}function eF(t){return function(){return Z$(t.apply(this,arguments))}}function nF(t){typeof t=="function"?t=eF(t):t=TR(t);for(var e=this._groups,n=e.length,r=[],i=[],o=0;o<n;++o)for(var l=e[o],c=l.length,d,p=0;p<c;++p)(d=l[p])&&(r.push(t.call(d,d.__data__,p,l)),i.push(d));return new br(r,i)}function vR(t){return function(){return this.matches(t)}}function SR(t){return function(e){return e.matches(t)}}var rF=Array.prototype.find;function iF(t){return function(){return rF.call(this.children,t)}}function sF(){return this.firstElementChild}function oF(t){return this.select(t==null?sF:iF(typeof t=="function"?t:SR(t)))}var aF=Array.prototype.filter;function lF(){return Array.from(this.children)}function cF(t){return function(){return aF.call(this.children,t)}}function uF(t){return this.selectAll(t==null?lF:cF(typeof t=="function"?t:SR(t)))}function dF(t){typeof t!="function"&&(t=vR(t));for(var e=this._groups,n=e.length,r=new Array(n),i=0;i<n;++i)for(var o=e[i],l=o.length,c=r[i]=[],d,p=0;p<l;++p)(d=o[p])&&t.call(d,d.__data__,p,o)&&c.push(d);return new br(r,this._parents)}function AR(t){return new Array(t.length)}function fF(){return new br(this._enter||this._groups.map(AR),this._parents)}function cd(t,e){this.ownerDocument=t.ownerDocument,this.namespaceURI=t.namespaceURI,this._next=null,this._parent=t,this.__data__=e}cd.prototype={constructor:cd,appendChild:function(t){return this._parent.insertBefore(t,this._next)},insertBefore:function(t,e){return this._parent.insertBefore(t,e)},querySelector:function(t){return this._parent.querySelector(t)},querySelectorAll:function(t){return this._parent.querySelectorAll(t)}};function pF(t){return function(){return t}}function hF(t,e,n,r,i,o){for(var l=0,c,d=e.length,p=o.length;l<p;++l)(c=e[l])?(c.__data__=o[l],r[l]=c):n[l]=new cd(t,o[l]);for(;l<d;++l)(c=e[l])&&(i[l]=c)}function mF(t,e,n,r,i,o,l){var c,d,p=new Map,f=e.length,E=o.length,R=new Array(f),O;for(c=0;c<f;++c)(d=e[c])&&(R[c]=O=l.call(d,d.__data__,c,e)+"",p.has(O)?i[c]=d:p.set(O,d));for(c=0;c<E;++c)O=l.call(t,o[c],c,o)+"",(d=p.get(O))?(r[c]=d,d.__data__=o[c],p.delete(O)):n[c]=new cd(t,o[c]);for(c=0;c<f;++c)(d=e[c])&&p.get(R[c])===d&&(i[c]=d)}function _F(t){return t.__data__}function EF(t,e){if(!arguments.length)return Array.from(this,_F);var n=e?mF:hF,r=this._parents,i=this._groups;typeof t!="function"&&(t=pF(t));for(var o=i.length,l=new Array(o),c=new Array(o),d=new Array(o),p=0;p<o;++p){var f=r[p],E=i[p],R=E.length,O=gF(t.call(f,f&&f.__data__,p,r)),I=O.length,b=c[p]=new Array(I),k=l[p]=new Array(I),A=d[p]=new Array(R);n(f,E,b,k,A,O,e);for(var N=0,K=0,g,z;N<I;++N)if(g=b[N]){for(N>=K&&(K=N+1);!(z=k[K])&&++K<I;);g._next=z||null}}return l=new br(l,r),l._enter=c,l._exit=d,l}function gF(t){return typeof t=="object"&&"length"in t?t:Array.from(t)}function TF(){return new br(this._exit||this._groups.map(AR),this._parents)}function vF(t,e,n){var r=this.enter(),i=this,o=this.exit();return typeof t=="function"?(r=t(r),r&&(r=r.selection())):r=r.append(t+""),e!=null&&(i=e(i),i&&(i=i.selection())),n==null?o.remove():n(o),r&&i?r.merge(i).order():i}function SF(t){for(var e=t.selection?t.selection():t,n=this._groups,r=e._groups,i=n.length,o=r.length,l=Math.min(i,o),c=new Array(i),d=0;d<l;++d)for(var p=n[d],f=r[d],E=p.length,R=c[d]=new Array(E),O,I=0;I<E;++I)(O=p[I]||f[I])&&(R[I]=O);for(;d<i;++d)c[d]=n[d];return new br(c,this._parents)}function AF(){for(var t=this._groups,e=-1,n=t.length;++e<n;)for(var r=t[e],i=r.length-1,o=r[i],l;--i>=0;)(l=r[i])&&(o&&l.compareDocumentPosition(o)^4&&o.parentNode.insertBefore(l,o),o=l);return this}function RF(t){t||(t=bF);function e(E,R){return E&&R?t(E.__data__,R.__data__):!E-!R}for(var n=this._groups,r=n.length,i=new Array(r),o=0;o<r;++o){for(var l=n[o],c=l.length,d=i[o]=new Array(c),p,f=0;f<c;++f)(p=l[f])&&(d[f]=p);d.sort(e)}return new br(i,this._parents).order()}function bF(t,e){return t<e?-1:t>e?1:t>=e?0:NaN}function OF(){var t=arguments[0];return arguments[0]=this,t.apply(null,arguments),this}function LF(){return Array.from(this)}function yF(){for(var t=this._groups,e=0,n=t.length;e<n;++e)for(var r=t[e],i=0,o=r.length;i<o;++i){var l=r[i];if(l)return l}return null}function NF(){let t=0;for(const e of this)++t;return t}function CF(){return!this.node()}function wF(t){for(var e=this._groups,n=0,r=e.length;n<r;++n)for(var i=e[n],o=0,l=i.length,c;o<l;++o)(c=i[o])&&t.call(c,c.__data__,o,i);return this}function xF(t){return function(){this.removeAttribute(t)}}function IF(t){return function(){this.removeAttributeNS(t.space,t.local)}}function kF(t,e){return function(){this.setAttribute(t,e)}}function BF(t,e){return function(){this.setAttributeNS(t.space,t.local,e)}}function DF(t,e){return function(){var n=e.apply(this,arguments);n==null?this.removeAttribute(t):this.setAttribute(t,n)}}function PF(t,e){return function(){var n=e.apply(this,arguments);n==null?this.removeAttributeNS(t.space,t.local):this.setAttributeNS(t.space,t.local,n)}}function MF(t,e){var n=Zd(t);if(arguments.length<2){var r=this.node();return n.local?r.getAttributeNS(n.space,n.local):r.getAttribute(n)}return this.each((e==null?n.local?IF:xF:typeof e=="function"?n.local?PF:DF:n.local?BF:kF)(n,e))}function RR(t){return t.ownerDocument&&t.ownerDocument.defaultView||t.document&&t||t.defaultView}function HF(t){return function(){this.style.removeProperty(t)}}function WF(t,e,n){return function(){this.style.setProperty(t,e,n)}}function UF(t,e,n){return function(){var r=e.apply(this,arguments);r==null?this.style.removeProperty(t):this.style.setProperty(t,r,n)}}function $F(t,e,n){return arguments.length>1?this.each((e==null?HF:typeof e=="function"?UF:WF)(t,e,n??"")):Ia(this.node(),t)}function Ia(t,e){return t.style.getPropertyValue(e)||RR(t).getComputedStyle(t,null).getPropertyValue(e)}function FF(t){return function(){delete this[t]}}function VF(t,e){return function(){this[t]=e}}function zF(t,e){return function(){var n=e.apply(this,arguments);n==null?delete this[t]:this[t]=n}}function GF(t,e){return arguments.length>1?this.each((e==null?FF:typeof e=="function"?zF:VF)(t,e)):this.node()[t]}function bR(t){return t.trim().split(/^|\s+/)}function Nm(t){return t.classList||new OR(t)}function OR(t){this._node=t,this._names=bR(t.getAttribute("class")||"")}OR.prototype={add:function(t){var e=this._names.indexOf(t);e<0&&(this._names.push(t),this._node.setAttribute("class",this._names.join(" ")))},remove:function(t){var e=this._names.indexOf(t);e>=0&&(this._names.splice(e,1),this._node.setAttribute("class",this._names.join(" ")))},contains:function(t){return this._names.indexOf(t)>=0}};function LR(t,e){for(var n=Nm(t),r=-1,i=e.length;++r<i;)n.add(e[r])}function yR(t,e){for(var n=Nm(t),r=-1,i=e.length;++r<i;)n.remove(e[r])}function XF(t){return function(){LR(this,t)}}function KF(t){return function(){yR(this,t)}}function YF(t,e){return function(){(e.apply(this,arguments)?LR:yR)(this,t)}}function qF(t,e){var n=bR(t+"");if(arguments.length<2){for(var r=Nm(this.node()),i=-1,o=n.length;++i<o;)if(!r.contains(n[i]))return!1;return!0}return this.each((typeof e=="function"?YF:e?XF:KF)(n,e))}function jF(){this.textContent=""}function JF(t){return function(){this.textContent=t}}function QF(t){return function(){var e=t.apply(this,arguments);this.textContent=e??""}}function ZF(t){return arguments.length?this.each(t==null?jF:(typeof t=="function"?QF:JF)(t)):this.node().textContent}function tV(){this.innerHTML=""}function eV(t){return function(){this.innerHTML=t}}function nV(t){return function(){var e=t.apply(this,arguments);this.innerHTML=e??""}}function rV(t){return arguments.length?this.each(t==null?tV:(typeof t=="function"?nV:eV)(t)):this.node().innerHTML}function iV(){this.nextSibling&&this.parentNode.appendChild(this)}function sV(){return this.each(iV)}function oV(){this.previousSibling&&this.parentNode.insertBefore(this,this.parentNode.firstChild)}function aV(){return this.each(oV)}function lV(t){var e=typeof t=="function"?t:gR(t);return this.select(function(){return this.appendChild(e.apply(this,arguments))})}function cV(){return null}function uV(t,e){var n=typeof t=="function"?t:gR(t),r=e==null?cV:typeof e=="function"?e:ym(e);return this.select(function(){return this.insertBefore(n.apply(this,arguments),r.apply(this,arguments)||null)})}function dV(){var t=this.parentNode;t&&t.removeChild(this)}function fV(){return this.each(dV)}function pV(){var t=this.cloneNode(!1),e=this.parentNode;return e?e.insertBefore(t,this.nextSibling):t}function hV(){var t=this.cloneNode(!0),e=this.parentNode;return e?e.insertBefore(t,this.nextSibling):t}function mV(t){return this.select(t?hV:pV)}function _V(t){return arguments.length?this.property("__data__",t):this.node().__data__}function EV(t){return function(e){t.call(this,e,this.__data__)}}function gV(t){return t.trim().split(/^|\s+/).map(function(e){var n="",r=e.indexOf(".");return r>=0&&(n=e.slice(r+1),e=e.slice(0,r)),{type:e,name:n}})}function TV(t){return function(){var e=this.__on;if(e){for(var n=0,r=-1,i=e.length,o;n<i;++n)o=e[n],(!t.type||o.type===t.type)&&o.name===t.name?this.removeEventListener(o.type,o.listener,o.options):e[++r]=o;++r?e.length=r:delete this.__on}}}function vV(t,e,n){return function(){var r=this.__on,i,o=EV(e);if(r){for(var l=0,c=r.length;l<c;++l)if((i=r[l]).type===t.type&&i.name===t.name){this.removeEventListener(i.type,i.listener,i.options),this.addEventListener(i.type,i.listener=o,i.options=n),i.value=e;return}}this.addEventListener(t.type,o,n),i={type:t.type,name:t.name,value:e,listener:o,options:n},r?r.push(i):this.__on=[i]}}function SV(t,e,n){var r=gV(t+""),i,o=r.length,l;if(arguments.length<2){var c=this.node().__on;if(c){for(var d=0,p=c.length,f;d<p;++d)for(i=0,f=c[d];i<o;++i)if((l=r[i]).type===f.type&&l.name===f.name)return f.value}return}for(c=e?vV:TV,i=0;i<o;++i)this.each(c(r[i],e,n));return this}function NR(t,e,n){var r=RR(t),i=r.CustomEvent;typeof i=="function"?i=new i(e,n):(i=r.document.createEvent("Event"),n?(i.initEvent(e,n.bubbles,n.cancelable),i.detail=n.detail):i.initEvent(e,!1,!1)),t.dispatchEvent(i)}function AV(t,e){return function(){return NR(this,t,e)}}function RV(t,e){return function(){return NR(this,t,e.apply(this,arguments))}}function bV(t,e){return this.each((typeof e=="function"?RV:AV)(t,e))}function*OV(){for(var t=this._groups,e=0,n=t.length;e<n;++e)for(var r=t[e],i=0,o=r.length,l;i<o;++i)(l=r[i])&&(yield l)}var CR=[null];function br(t,e){this._groups=t,this._parents=e}function cc(){return new br([[document.documentElement]],CR)}function LV(){return this}br.prototype=cc.prototype={constructor:br,select:Q$,selectAll:nF,selectChild:oF,selectChildren:uF,filter:dF,data:EF,enter:fF,exit:TF,join:vF,merge:SF,selection:LV,order:AF,sort:RF,call:OF,nodes:LF,node:yF,size:NF,empty:CF,each:wF,attr:MF,style:$F,property:GF,classed:qF,text:ZF,html:rV,raise:sV,lower:aV,append:lV,insert:uV,remove:fV,clone:mV,datum:_V,on:SV,dispatch:bV,[Symbol.iterator]:OV};function gi(t){return typeof t=="string"?new br([[document.querySelector(t)]],[document.documentElement]):new br([[t]],CR)}function yV(t){let e;for(;e=t.sourceEvent;)t=e;return t}function eo(t,e){if(t=yV(t),e===void 0&&(e=t.currentTarget),e){var n=e.ownerSVGElement||e;if(n.createSVGPoint){var r=n.createSVGPoint();return r.x=t.clientX,r.y=t.clientY,r=r.matrixTransform(e.getScreenCTM().inverse()),[r.x,r.y]}if(e.getBoundingClientRect){var i=e.getBoundingClientRect();return[t.clientX-i.left-e.clientLeft,t.clientY-i.top-e.clientTop]}}return[t.pageX,t.pageY]}const c0={capture:!0,passive:!1};function u0(t){t.preventDefault(),t.stopImmediatePropagation()}function NV(t){var e=t.document.documentElement,n=gi(t).on("dragstart.drag",u0,c0);"onselectstart"in e?n.on("selectstart.drag",u0,c0):(e.__noselect=e.style.MozUserSelect,e.style.MozUserSelect="none")}function CV(t,e){var n=t.document.documentElement,r=gi(t).on("dragstart.drag",null);e&&(r.on("click.drag",u0,c0),setTimeout(function(){r.on("click.drag",null)},0)),"onselectstart"in n?r.on("selectstart.drag",null):(n.style.MozUserSelect=n.__noselect,delete n.__noselect)}function Cm(t,e,n){t.prototype=e.prototype=n,n.constructor=t}function wR(t,e){var n=Object.create(t.prototype);for(var r in e)n[r]=e[r];return n}function uc(){}var ql=.7,ud=1/ql,ma="\\s*([+-]?\\d+)\\s*",jl="\\s*([+-]?(?:\\d*\\.)?\\d+(?:[eE][+-]?\\d+)?)\\s*",yi="\\s*([+-]?(?:\\d*\\.)?\\d+(?:[eE][+-]?\\d+)?)%\\s*",wV=/^#([0-9a-f]{3,8})$/,xV=new RegExp(`^rgb\\(${ma},${ma},${ma}\\)$`),IV=new RegExp(`^rgb\\(${yi},${yi},${yi}\\)$`),kV=new RegExp(`^rgba\\(${ma},${ma},${ma},${jl}\\)$`),BV=new RegExp(`^rgba\\(${yi},${yi},${yi},${jl}\\)$`),DV=new RegExp(`^hsl\\(${jl},${yi},${yi}\\)$`),PV=new RegExp(`^hsla\\(${jl},${yi},${yi},${jl}\\)$`),TT={aliceblue:15792383,antiquewhite:16444375,aqua:65535,aquamarine:8388564,azure:15794175,beige:16119260,bisque:16770244,black:0,blanchedalmond:16772045,blue:255,blueviolet:9055202,brown:10824234,burlywood:14596231,cadetblue:6266528,chartreuse:8388352,chocolate:13789470,coral:16744272,cornflowerblue:6591981,cornsilk:16775388,crimson:14423100,cyan:65535,darkblue:139,darkcyan:35723,darkgoldenrod:12092939,darkgray:11119017,darkgreen:25600,darkgrey:11119017,darkkhaki:12433259,darkmagenta:9109643,darkolivegreen:5597999,darkorange:16747520,darkorchid:10040012,darkred:9109504,darksalmon:15308410,darkseagreen:9419919,darkslateblue:4734347,darkslategray:3100495,darkslategrey:3100495,darkturquoise:52945,darkviolet:9699539,deeppink:16716947,deepskyblue:49151,dimgray:6908265,dimgrey:6908265,dodgerblue:2003199,firebrick:11674146,floralwhite:16775920,forestgreen:2263842,fuchsia:16711935,gainsboro:14474460,ghostwhite:16316671,gold:16766720,goldenrod:14329120,gray:8421504,green:32768,greenyellow:11403055,grey:8421504,honeydew:15794160,hotpink:16738740,indianred:13458524,indigo:4915330,ivory:16777200,khaki:15787660,lavender:15132410,lavenderblush:16773365,lawngreen:8190976,lemonchiffon:16775885,lightblue:11393254,lightcoral:15761536,lightcyan:14745599,lightgoldenrodyellow:16448210,lightgray:13882323,lightgreen:9498256,lightgrey:13882323,lightpink:16758465,lightsalmon:16752762,lightseagreen:2142890,lightskyblue:8900346,lightslategray:7833753,lightslategrey:7833753,lightsteelblue:11584734,lightyellow:16777184,lime:65280,limegreen:3329330,linen:16445670,magenta:16711935,maroon:8388608,mediumaquamarine:6737322,mediumblue:205,mediumorchid:12211667,mediumpurple:9662683,mediumseagreen:3978097,mediumslateblue:8087790,mediumspringgreen:64154,mediumturquoise:4772300,mediumvioletred:13047173,midnightblue:1644912,mintcream:16121850,mistyrose:16770273,moccasin:16770229,navajowhite:16768685,navy:128,oldlace:16643558,olive:8421376,olivedrab:7048739,orange:16753920,orangered:16729344,orchid:14315734,palegoldenrod:15657130,palegreen:10025880,paleturquoise:11529966,palevioletred:14381203,papayawhip:16773077,peachpuff:16767673,peru:13468991,pink:16761035,plum:14524637,powderblue:11591910,purple:8388736,rebeccapurple:6697881,red:16711680,rosybrown:12357519,royalblue:4286945,saddlebrown:9127187,salmon:16416882,sandybrown:16032864,seagreen:3050327,seashell:16774638,sienna:10506797,silver:12632256,skyblue:8900331,slateblue:6970061,slategray:7372944,slategrey:7372944,snow:16775930,springgreen:65407,steelblue:4620980,tan:13808780,teal:32896,thistle:14204888,tomato:16737095,turquoise:4251856,violet:15631086,wheat:16113331,white:16777215,whitesmoke:16119285,yellow:16776960,yellowgreen:10145074};Cm(uc,bo,{copy(t){return Object.assign(new this.constructor,this,t)},displayable(){return this.rgb().displayable()},hex:vT,formatHex:vT,formatHex8:MV,formatHsl:HV,formatRgb:ST,toString:ST});function vT(){return this.rgb().formatHex()}function MV(){return this.rgb().formatHex8()}function HV(){return xR(this).formatHsl()}function ST(){return this.rgb().formatRgb()}function bo(t){var e,n;return t=(t+"").trim().toLowerCase(),(e=wV.exec(t))?(n=e[1].length,e=parseInt(e[1],16),n===6?AT(e):n===3?new sr(e>>8&15|e>>4&240,e>>4&15|e&240,(e&15)<<4|e&15,1):n===8?bu(e>>24&255,e>>16&255,e>>8&255,(e&255)/255):n===4?bu(e>>12&15|e>>8&240,e>>8&15|e>>4&240,e>>4&15|e&240,((e&15)<<4|e&15)/255):null):(e=xV.exec(t))?new sr(e[1],e[2],e[3],1):(e=IV.exec(t))?new sr(e[1]*255/100,e[2]*255/100,e[3]*255/100,1):(e=kV.exec(t))?bu(e[1],e[2],e[3],e[4]):(e=BV.exec(t))?bu(e[1]*255/100,e[2]*255/100,e[3]*255/100,e[4]):(e=DV.exec(t))?OT(e[1],e[2]/100,e[3]/100,1):(e=PV.exec(t))?OT(e[1],e[2]/100,e[3]/100,e[4]):TT.hasOwnProperty(t)?AT(TT[t]):t==="transparent"?new sr(NaN,NaN,NaN,0):null}function AT(t){return new sr(t>>16&255,t>>8&255,t&255,1)}function bu(t,e,n,r){return r<=0&&(t=e=n=NaN),new sr(t,e,n,r)}function WV(t){return t instanceof uc||(t=bo(t)),t?(t=t.rgb(),new sr(t.r,t.g,t.b,t.opacity)):new sr}function d0(t,e,n,r){return arguments.length===1?WV(t):new sr(t,e,n,r??1)}function sr(t,e,n,r){this.r=+t,this.g=+e,this.b=+n,this.opacity=+r}Cm(sr,d0,wR(uc,{brighter(t){return t=t==null?ud:Math.pow(ud,t),new sr(this.r*t,this.g*t,this.b*t,this.opacity)},darker(t){return t=t==null?ql:Math.pow(ql,t),new sr(this.r*t,this.g*t,this.b*t,this.opacity)},rgb(){return this},clamp(){return new sr(Eo(this.r),Eo(this.g),Eo(this.b),dd(this.opacity))},displayable(){return-.5<=this.r&&this.r<255.5&&-.5<=this.g&&this.g<255.5&&-.5<=this.b&&this.b<255.5&&0<=this.opacity&&this.opacity<=1},hex:RT,formatHex:RT,formatHex8:UV,formatRgb:bT,toString:bT}));function RT(){return`#${fo(this.r)}${fo(this.g)}${fo(this.b)}`}function UV(){return`#${fo(this.r)}${fo(this.g)}${fo(this.b)}${fo((isNaN(this.opacity)?1:this.opacity)*255)}`}function bT(){const t=dd(this.opacity);return`${t===1?"rgb(":"rgba("}${Eo(this.r)}, ${Eo(this.g)}, ${Eo(this.b)}${t===1?")":`, ${t})`}`}function dd(t){return isNaN(t)?1:Math.max(0,Math.min(1,t))}function Eo(t){return Math.max(0,Math.min(255,Math.round(t)||0))}function fo(t){return t=Eo(t),(t<16?"0":"")+t.toString(16)}function OT(t,e,n,r){return r<=0?t=e=n=NaN:n<=0||n>=1?t=e=NaN:e<=0&&(t=NaN),new Zr(t,e,n,r)}function xR(t){if(t instanceof Zr)return new Zr(t.h,t.s,t.l,t.opacity);if(t instanceof uc||(t=bo(t)),!t)return new Zr;if(t instanceof Zr)return t;t=t.rgb();var e=t.r/255,n=t.g/255,r=t.b/255,i=Math.min(e,n,r),o=Math.max(e,n,r),l=NaN,c=o-i,d=(o+i)/2;return c?(e===o?l=(n-r)/c+(n<r)*6:n===o?l=(r-e)/c+2:l=(e-n)/c+4,c/=d<.5?o+i:2-o-i,l*=60):c=d>0&&d<1?0:l,new Zr(l,c,d,t.opacity)}function $V(t,e,n,r){return arguments.length===1?xR(t):new Zr(t,e,n,r??1)}function Zr(t,e,n,r){this.h=+t,this.s=+e,this.l=+n,this.opacity=+r}Cm(Zr,$V,wR(uc,{brighter(t){return t=t==null?ud:Math.pow(ud,t),new Zr(this.h,this.s,this.l*t,this.opacity)},darker(t){return t=t==null?ql:Math.pow(ql,t),new Zr(this.h,this.s,this.l*t,this.opacity)},rgb(){var t=this.h%360+(this.h<0)*360,e=isNaN(t)||isNaN(this.s)?0:this.s,n=this.l,r=n+(n<.5?n:1-n)*e,i=2*n-r;return new sr(uh(t>=240?t-240:t+120,i,r),uh(t,i,r),uh(t<120?t+240:t-120,i,r),this.opacity)},clamp(){return new Zr(LT(this.h),Ou(this.s),Ou(this.l),dd(this.opacity))},displayable(){return(0<=this.s&&this.s<=1||isNaN(this.s))&&0<=this.l&&this.l<=1&&0<=this.opacity&&this.opacity<=1},formatHsl(){const t=dd(this.opacity);return`${t===1?"hsl(":"hsla("}${LT(this.h)}, ${Ou(this.s)*100}%, ${Ou(this.l)*100}%${t===1?")":`, ${t})`}`}}));function LT(t){return t=(t||0)%360,t<0?t+360:t}function Ou(t){return Math.max(0,Math.min(1,t||0))}function uh(t,e,n){return(t<60?e+(n-e)*t/60:t<180?n:t<240?e+(n-e)*(240-t)/60:e)*255}const wm=t=>()=>t;function FV(t,e){return function(n){return t+n*e}}function VV(t,e,n){return t=Math.pow(t,n),e=Math.pow(e,n)-t,n=1/n,function(r){return Math.pow(t+r*e,n)}}function zV(t){return(t=+t)==1?IR:function(e,n){return n-e?VV(e,n,t):wm(isNaN(e)?n:e)}}function IR(t,e){var n=e-t;return n?FV(t,n):wm(isNaN(t)?e:t)}const fd=function t(e){var n=zV(e);function r(i,o){var l=n((i=d0(i)).r,(o=d0(o)).r),c=n(i.g,o.g),d=n(i.b,o.b),p=IR(i.opacity,o.opacity);return function(f){return i.r=l(f),i.g=c(f),i.b=d(f),i.opacity=p(f),i+""}}return r.gamma=t,r}(1);function GV(t,e){e||(e=[]);var n=t?Math.min(e.length,t.length):0,r=e.slice(),i;return function(o){for(i=0;i<n;++i)r[i]=t[i]*(1-o)+e[i]*o;return r}}function XV(t){return ArrayBuffer.isView(t)&&!(t instanceof DataView)}function KV(t,e){var n=e?e.length:0,r=t?Math.min(n,t.length):0,i=new Array(r),o=new Array(n),l;for(l=0;l<r;++l)i[l]=xm(t[l],e[l]);for(;l<n;++l)o[l]=e[l];return function(c){for(l=0;l<r;++l)o[l]=i[l](c);return o}}function YV(t,e){var n=new Date;return t=+t,e=+e,function(r){return n.setTime(t*(1-r)+e*r),n}}function Qr(t,e){return t=+t,e=+e,function(n){return t*(1-n)+e*n}}function qV(t,e){var n={},r={},i;(t===null||typeof t!="object")&&(t={}),(e===null||typeof e!="object")&&(e={});for(i in e)i in t?n[i]=xm(t[i],e[i]):r[i]=e[i];return function(o){for(i in n)r[i]=n[i](o);return r}}var f0=/[-+]?(?:\d+\.?\d*|\.?\d+)(?:[eE][-+]?\d+)?/g,dh=new RegExp(f0.source,"g");function jV(t){return function(){return t}}function JV(t){return function(e){return t(e)+""}}function kR(t,e){var n=f0.lastIndex=dh.lastIndex=0,r,i,o,l=-1,c=[],d=[];for(t=t+"",e=e+"";(r=f0.exec(t))&&(i=dh.exec(e));)(o=i.index)>n&&(o=e.slice(n,o),c[l]?c[l]+=o:c[++l]=o),(r=r[0])===(i=i[0])?c[l]?c[l]+=i:c[++l]=i:(c[++l]=null,d.push({i:l,x:Qr(r,i)})),n=dh.lastIndex;return n<e.length&&(o=e.slice(n),c[l]?c[l]+=o:c[++l]=o),c.length<2?d[0]?JV(d[0].x):jV(e):(e=d.length,function(p){for(var f=0,E;f<e;++f)c[(E=d[f]).i]=E.x(p);return c.join("")})}function xm(t,e){var n=typeof e,r;return e==null||n==="boolean"?wm(e):(n==="number"?Qr:n==="string"?(r=bo(e))?(e=r,fd):kR:e instanceof bo?fd:e instanceof Date?YV:XV(e)?GV:Array.isArray(e)?KV:typeof e.valueOf!="function"&&typeof e.toString!="function"||isNaN(e)?qV:Qr)(t,e)}function QV(t,e){return t=+t,e=+e,function(n){return Math.round(t*(1-n)+e*n)}}var yT=180/Math.PI,p0={translateX:0,translateY:0,rotate:0,skewX:0,scaleX:1,scaleY:1};function BR(t,e,n,r,i,o){var l,c,d;return(l=Math.sqrt(t*t+e*e))&&(t/=l,e/=l),(d=t*n+e*r)&&(n-=t*d,r-=e*d),(c=Math.sqrt(n*n+r*r))&&(n/=c,r/=c,d/=c),t*r<e*n&&(t=-t,e=-e,d=-d,l=-l),{translateX:i,translateY:o,rotate:Math.atan2(e,t)*yT,skewX:Math.atan(d)*yT,scaleX:l,scaleY:c}}var Lu;function ZV(t){const e=new(typeof DOMMatrix=="function"?DOMMatrix:WebKitCSSMatrix)(t+"");return e.isIdentity?p0:BR(e.a,e.b,e.c,e.d,e.e,e.f)}function tz(t){return t==null||(Lu||(Lu=document.createElementNS("http://www.w3.org/2000/svg","g")),Lu.setAttribute("transform",t),!(t=Lu.transform.baseVal.consolidate()))?p0:(t=t.matrix,BR(t.a,t.b,t.c,t.d,t.e,t.f))}function DR(t,e,n,r){function i(p){return p.length?p.pop()+" ":""}function o(p,f,E,R,O,I){if(p!==E||f!==R){var b=O.push("translate(",null,e,null,n);I.push({i:b-4,x:Qr(p,E)},{i:b-2,x:Qr(f,R)})}else(E||R)&&O.push("translate("+E+e+R+n)}function l(p,f,E,R){p!==f?(p-f>180?f+=360:f-p>180&&(p+=360),R.push({i:E.push(i(E)+"rotate(",null,r)-2,x:Qr(p,f)})):f&&E.push(i(E)+"rotate("+f+r)}function c(p,f,E,R){p!==f?R.push({i:E.push(i(E)+"skewX(",null,r)-2,x:Qr(p,f)}):f&&E.push(i(E)+"skewX("+f+r)}function d(p,f,E,R,O,I){if(p!==E||f!==R){var b=O.push(i(O)+"scale(",null,",",null,")");I.push({i:b-4,x:Qr(p,E)},{i:b-2,x:Qr(f,R)})}else(E!==1||R!==1)&&O.push(i(O)+"scale("+E+","+R+")")}return function(p,f){var E=[],R=[];return p=t(p),f=t(f),o(p.translateX,p.translateY,f.translateX,f.translateY,E,R),l(p.rotate,f.rotate,E,R),c(p.skewX,f.skewX,E,R),d(p.scaleX,p.scaleY,f.scaleX,f.scaleY,E,R),p=f=null,function(O){for(var I=-1,b=R.length,k;++I<b;)E[(k=R[I]).i]=k.x(O);return E.join("")}}}var ez=DR(ZV,"px, ","px)","deg)"),nz=DR(tz,", ",")",")"),rz=1e-12;function NT(t){return((t=Math.exp(t))+1/t)/2}function iz(t){return((t=Math.exp(t))-1/t)/2}function sz(t){return((t=Math.exp(2*t))-1)/(t+1)}const oz=function t(e,n,r){function i(o,l){var c=o[0],d=o[1],p=o[2],f=l[0],E=l[1],R=l[2],O=f-c,I=E-d,b=O*O+I*I,k,A;if(b<rz)A=Math.log(R/p)/e,k=function(U){return[c+U*O,d+U*I,p*Math.exp(e*U*A)]};else{var N=Math.sqrt(b),K=(R*R-p*p+r*b)/(2*p*n*N),g=(R*R-p*p-r*b)/(2*R*n*N),z=Math.log(Math.sqrt(K*K+1)-K),x=Math.log(Math.sqrt(g*g+1)-g);A=(x-z)/e,k=function(U){var et=U*A,It=NT(z),Bt=p/(n*N)*(It*sz(e*et+z)-iz(z));return[c+Bt*O,d+Bt*I,p*It/NT(e*et+z)]}}return k.duration=A*1e3*e/Math.SQRT2,k}return i.rho=function(o){var l=Math.max(.001,+o),c=l*l,d=c*c;return t(l,c,d)},i}(Math.SQRT2,2,4);var ka=0,Al=0,_l=0,PR=1e3,pd,Rl,hd=0,Oo=0,tf=0,Jl=typeof performance=="object"&&performance.now?performance:Date,MR=typeof window=="object"&&window.requestAnimationFrame?window.requestAnimationFrame.bind(window):function(t){setTimeout(t,17)};function Im(){return Oo||(MR(az),Oo=Jl.now()+tf)}function az(){Oo=0}function md(){this._call=this._time=this._next=null}md.prototype=HR.prototype={constructor:md,restart:function(t,e,n){if(typeof t!="function")throw new TypeError("callback is not a function");n=(n==null?Im():+n)+(e==null?0:+e),!this._next&&Rl!==this&&(Rl?Rl._next=this:pd=this,Rl=this),this._call=t,this._time=n,h0()},stop:function(){this._call&&(this._call=null,this._time=1/0,h0())}};function HR(t,e,n){var r=new md;return r.restart(t,e,n),r}function lz(){Im(),++ka;for(var t=pd,e;t;)(e=Oo-t._time)>=0&&t._call.call(void 0,e),t=t._next;--ka}function CT(){Oo=(hd=Jl.now())+tf,ka=Al=0;try{lz()}finally{ka=0,uz(),Oo=0}}function cz(){var t=Jl.now(),e=t-hd;e>PR&&(tf-=e,hd=t)}function uz(){for(var t,e=pd,n,r=1/0;e;)e._call?(r>e._time&&(r=e._time),t=e,e=e._next):(n=e._next,e._next=null,e=t?t._next=n:pd=n);Rl=t,h0(r)}function h0(t){if(!ka){Al&&(Al=clearTimeout(Al));var e=t-Oo;e>24?(t<1/0&&(Al=setTimeout(CT,t-Jl.now()-tf)),_l&&(_l=clearInterval(_l))):(_l||(hd=Jl.now(),_l=setInterval(cz,PR)),ka=1,MR(CT))}}function wT(t,e,n){var r=new md;return e=e==null?0:+e,r.restart(i=>{r.stop(),t(i+e)},e,n),r}var dz=Lm("start","end","cancel","interrupt"),fz=[],WR=0,xT=1,m0=2,Vu=3,IT=4,_0=5,zu=6;function ef(t,e,n,r,i,o){var l=t.__transition;if(!l)t.__transition={};else if(n in l)return;pz(t,n,{name:e,index:r,group:i,on:dz,tween:fz,time:o.time,delay:o.delay,duration:o.duration,ease:o.ease,timer:null,state:WR})}function km(t,e){var n=oi(t,e);if(n.state>WR)throw new Error("too late; already scheduled");return n}function Ii(t,e){var n=oi(t,e);if(n.state>Vu)throw new Error("too late; already running");return n}function oi(t,e){var n=t.__transition;if(!n||!(n=n[e]))throw new Error("transition not found");return n}function pz(t,e,n){var r=t.__transition,i;r[e]=n,n.timer=HR(o,0,n.time);function o(p){n.state=xT,n.timer.restart(l,n.delay,n.time),n.delay<=p&&l(p-n.delay)}function l(p){var f,E,R,O;if(n.state!==xT)return d();for(f in r)if(O=r[f],O.name===n.name){if(O.state===Vu)return wT(l);O.state===IT?(O.state=zu,O.timer.stop(),O.on.call("interrupt",t,t.__data__,O.index,O.group),delete r[f]):+f<e&&(O.state=zu,O.timer.stop(),O.on.call("cancel",t,t.__data__,O.index,O.group),delete r[f])}if(wT(function(){n.state===Vu&&(n.state=IT,n.timer.restart(c,n.delay,n.time),c(p))}),n.state=m0,n.on.call("start",t,t.__data__,n.index,n.group),n.state===m0){for(n.state=Vu,i=new Array(R=n.tween.length),f=0,E=-1;f<R;++f)(O=n.tween[f].value.call(t,t.__data__,n.index,n.group))&&(i[++E]=O);i.length=E+1}}function c(p){for(var f=p<n.duration?n.ease.call(null,p/n.duration):(n.timer.restart(d),n.state=_0,1),E=-1,R=i.length;++E<R;)i[E].call(t,f);n.state===_0&&(n.on.call("end",t,t.__data__,n.index,n.group),d())}function d(){n.state=zu,n.timer.stop(),delete r[e];for(var p in r)return;delete t.__transition}}function Gu(t,e){var n=t.__transition,r,i,o=!0,l;if(n){e=e==null?null:e+"";for(l in n){if((r=n[l]).name!==e){o=!1;continue}i=r.state>m0&&r.state<_0,r.state=zu,r.timer.stop(),r.on.call(i?"interrupt":"cancel",t,t.__data__,r.index,r.group),delete n[l]}o&&delete t.__transition}}function hz(t){return this.each(function(){Gu(this,t)})}function mz(t,e){var n,r;return function(){var i=Ii(this,t),o=i.tween;if(o!==n){r=n=o;for(var l=0,c=r.length;l<c;++l)if(r[l].name===e){r=r.slice(),r.splice(l,1);break}}i.tween=r}}function _z(t,e,n){var r,i;if(typeof n!="function")throw new Error;return function(){var o=Ii(this,t),l=o.tween;if(l!==r){i=(r=l).slice();for(var c={name:e,value:n},d=0,p=i.length;d<p;++d)if(i[d].name===e){i[d]=c;break}d===p&&i.push(c)}o.tween=i}}function Ez(t,e){var n=this._id;if(t+="",arguments.length<2){for(var r=oi(this.node(),n).tween,i=0,o=r.length,l;i<o;++i)if((l=r[i]).name===t)return l.value;return null}return this.each((e==null?mz:_z)(n,t,e))}function Bm(t,e,n){var r=t._id;return t.each(function(){var i=Ii(this,r);(i.value||(i.value={}))[e]=n.apply(this,arguments)}),function(i){return oi(i,r).value[e]}}function UR(t,e){var n;return(typeof e=="number"?Qr:e instanceof bo?fd:(n=bo(e))?(e=n,fd):kR)(t,e)}function gz(t){return function(){this.removeAttribute(t)}}function Tz(t){return function(){this.removeAttributeNS(t.space,t.local)}}function vz(t,e,n){var r,i=n+"",o;return function(){var l=this.getAttribute(t);return l===i?null:l===r?o:o=e(r=l,n)}}function Sz(t,e,n){var r,i=n+"",o;return function(){var l=this.getAttributeNS(t.space,t.local);return l===i?null:l===r?o:o=e(r=l,n)}}function Az(t,e,n){var r,i,o;return function(){var l,c=n(this),d;return c==null?void this.removeAttribute(t):(l=this.getAttribute(t),d=c+"",l===d?null:l===r&&d===i?o:(i=d,o=e(r=l,c)))}}function Rz(t,e,n){var r,i,o;return function(){var l,c=n(this),d;return c==null?void this.removeAttributeNS(t.space,t.local):(l=this.getAttributeNS(t.space,t.local),d=c+"",l===d?null:l===r&&d===i?o:(i=d,o=e(r=l,c)))}}function bz(t,e){var n=Zd(t),r=n==="transform"?nz:UR;return this.attrTween(t,typeof e=="function"?(n.local?Rz:Az)(n,r,Bm(this,"attr."+t,e)):e==null?(n.local?Tz:gz)(n):(n.local?Sz:vz)(n,r,e))}function Oz(t,e){return function(n){this.setAttribute(t,e.call(this,n))}}function Lz(t,e){return function(n){this.setAttributeNS(t.space,t.local,e.call(this,n))}}function yz(t,e){var n,r;function i(){var o=e.apply(this,arguments);return o!==r&&(n=(r=o)&&Lz(t,o)),n}return i._value=e,i}function Nz(t,e){var n,r;function i(){var o=e.apply(this,arguments);return o!==r&&(n=(r=o)&&Oz(t,o)),n}return i._value=e,i}function Cz(t,e){var n="attr."+t;if(arguments.length<2)return(n=this.tween(n))&&n._value;if(e==null)return this.tween(n,null);if(typeof e!="function")throw new Error;var r=Zd(t);return this.tween(n,(r.local?yz:Nz)(r,e))}function wz(t,e){return function(){km(this,t).delay=+e.apply(this,arguments)}}function xz(t,e){return e=+e,function(){km(this,t).delay=e}}function Iz(t){var e=this._id;return arguments.length?this.each((typeof t=="function"?wz:xz)(e,t)):oi(this.node(),e).delay}function kz(t,e){return function(){Ii(this,t).duration=+e.apply(this,arguments)}}function Bz(t,e){return e=+e,function(){Ii(this,t).duration=e}}function Dz(t){var e=this._id;return arguments.length?this.each((typeof t=="function"?kz:Bz)(e,t)):oi(this.node(),e).duration}function Pz(t,e){if(typeof e!="function")throw new Error;return function(){Ii(this,t).ease=e}}function Mz(t){var e=this._id;return arguments.length?this.each(Pz(e,t)):oi(this.node(),e).ease}function Hz(t,e){return function(){var n=e.apply(this,arguments);if(typeof n!="function")throw new Error;Ii(this,t).ease=n}}function Wz(t){if(typeof t!="function")throw new Error;return this.each(Hz(this._id,t))}function Uz(t){typeof t!="function"&&(t=vR(t));for(var e=this._groups,n=e.length,r=new Array(n),i=0;i<n;++i)for(var o=e[i],l=o.length,c=r[i]=[],d,p=0;p<l;++p)(d=o[p])&&t.call(d,d.__data__,p,o)&&c.push(d);return new es(r,this._parents,this._name,this._id)}function $z(t){if(t._id!==this._id)throw new Error;for(var e=this._groups,n=t._groups,r=e.length,i=n.length,o=Math.min(r,i),l=new Array(r),c=0;c<o;++c)for(var d=e[c],p=n[c],f=d.length,E=l[c]=new Array(f),R,O=0;O<f;++O)(R=d[O]||p[O])&&(E[O]=R);for(;c<r;++c)l[c]=e[c];return new es(l,this._parents,this._name,this._id)}function Fz(t){return(t+"").trim().split(/^|\s+/).every(function(e){var n=e.indexOf(".");return n>=0&&(e=e.slice(0,n)),!e||e==="start"})}function Vz(t,e,n){var r,i,o=Fz(e)?km:Ii;return function(){var l=o(this,t),c=l.on;c!==r&&(i=(r=c).copy()).on(e,n),l.on=i}}function zz(t,e){var n=this._id;return arguments.length<2?oi(this.node(),n).on.on(t):this.each(Vz(n,t,e))}function Gz(t){return function(){var e=this.parentNode;for(var n in this.__transition)if(+n!==t)return;e&&e.removeChild(this)}}function Xz(){return this.on("end.remove",Gz(this._id))}function Kz(t){var e=this._name,n=this._id;typeof t!="function"&&(t=ym(t));for(var r=this._groups,i=r.length,o=new Array(i),l=0;l<i;++l)for(var c=r[l],d=c.length,p=o[l]=new Array(d),f,E,R=0;R<d;++R)(f=c[R])&&(E=t.call(f,f.__data__,R,c))&&("__data__"in f&&(E.__data__=f.__data__),p[R]=E,ef(p[R],e,n,R,p,oi(f,n)));return new es(o,this._parents,e,n)}function Yz(t){var e=this._name,n=this._id;typeof t!="function"&&(t=TR(t));for(var r=this._groups,i=r.length,o=[],l=[],c=0;c<i;++c)for(var d=r[c],p=d.length,f,E=0;E<p;++E)if(f=d[E]){for(var R=t.call(f,f.__data__,E,d),O,I=oi(f,n),b=0,k=R.length;b<k;++b)(O=R[b])&&ef(O,e,n,b,R,I);o.push(R),l.push(f)}return new es(o,l,e,n)}var qz=cc.prototype.constructor;function jz(){return new qz(this._groups,this._parents)}function Jz(t,e){var n,r,i;return function(){var o=Ia(this,t),l=(this.style.removeProperty(t),Ia(this,t));return o===l?null:o===n&&l===r?i:i=e(n=o,r=l)}}function $R(t){return function(){this.style.removeProperty(t)}}function Qz(t,e,n){var r,i=n+"",o;return function(){var l=Ia(this,t);return l===i?null:l===r?o:o=e(r=l,n)}}function Zz(t,e,n){var r,i,o;return function(){var l=Ia(this,t),c=n(this),d=c+"";return c==null&&(d=c=(this.style.removeProperty(t),Ia(this,t))),l===d?null:l===r&&d===i?o:(i=d,o=e(r=l,c))}}function tG(t,e){var n,r,i,o="style."+e,l="end."+o,c;return function(){var d=Ii(this,t),p=d.on,f=d.value[o]==null?c||(c=$R(e)):void 0;(p!==n||i!==f)&&(r=(n=p).copy()).on(l,i=f),d.on=r}}function eG(t,e,n){var r=(t+="")=="transform"?ez:UR;return e==null?this.styleTween(t,Jz(t,r)).on("end.style."+t,$R(t)):typeof e=="function"?this.styleTween(t,Zz(t,r,Bm(this,"style."+t,e))).each(tG(this._id,t)):this.styleTween(t,Qz(t,r,e),n).on("end.style."+t,null)}function nG(t,e,n){return function(r){this.style.setProperty(t,e.call(this,r),n)}}function rG(t,e,n){var r,i;function o(){var l=e.apply(this,arguments);return l!==i&&(r=(i=l)&&nG(t,l,n)),r}return o._value=e,o}function iG(t,e,n){var r="style."+(t+="");if(arguments.length<2)return(r=this.tween(r))&&r._value;if(e==null)return this.tween(r,null);if(typeof e!="function")throw new Error;return this.tween(r,rG(t,e,n??""))}function sG(t){return function(){this.textContent=t}}function oG(t){return function(){var e=t(this);this.textContent=e??""}}function aG(t){return this.tween("text",typeof t=="function"?oG(Bm(this,"text",t)):sG(t==null?"":t+""))}function lG(t){return function(e){this.textContent=t.call(this,e)}}function cG(t){var e,n;function r(){var i=t.apply(this,arguments);return i!==n&&(e=(n=i)&&lG(i)),e}return r._value=t,r}function uG(t){var e="text";if(arguments.length<1)return(e=this.tween(e))&&e._value;if(t==null)return this.tween(e,null);if(typeof t!="function")throw new Error;return this.tween(e,cG(t))}function dG(){for(var t=this._name,e=this._id,n=FR(),r=this._groups,i=r.length,o=0;o<i;++o)for(var l=r[o],c=l.length,d,p=0;p<c;++p)if(d=l[p]){var f=oi(d,e);ef(d,t,n,p,l,{time:f.time+f.delay+f.duration,delay:0,duration:f.duration,ease:f.ease})}return new es(r,this._parents,t,n)}function fG(){var t,e,n=this,r=n._id,i=n.size();return new Promise(function(o,l){var c={value:l},d={value:function(){--i===0&&o()}};n.each(function(){var p=Ii(this,r),f=p.on;f!==t&&(e=(t=f).copy(),e._.cancel.push(c),e._.interrupt.push(c),e._.end.push(d)),p.on=e}),i===0&&o()})}var pG=0;function es(t,e,n,r){this._groups=t,this._parents=e,this._name=n,this._id=r}function FR(){return++pG}var Vi=cc.prototype;es.prototype={constructor:es,select:Kz,selectAll:Yz,selectChild:Vi.selectChild,selectChildren:Vi.selectChildren,filter:Uz,merge:$z,selection:jz,transition:dG,call:Vi.call,nodes:Vi.nodes,node:Vi.node,size:Vi.size,empty:Vi.empty,each:Vi.each,on:zz,attr:bz,attrTween:Cz,style:eG,styleTween:iG,text:aG,textTween:uG,remove:Xz,tween:Ez,delay:Iz,duration:Dz,ease:Mz,easeVarying:Wz,end:fG,[Symbol.iterator]:Vi[Symbol.iterator]};function hG(t){return((t*=2)<=1?t*t*t:(t-=2)*t*t+2)/2}var mG={time:null,delay:0,duration:250,ease:hG};function _G(t,e){for(var n;!(n=t.__transition)||!(n=n[e]);)if(!(t=t.parentNode))throw new Error(`transition ${e} not found`);return n}function EG(t){var e,n;t instanceof es?(e=t._id,t=t._name):(e=FR(),(n=mG).time=Im(),t=t==null?null:t+"");for(var r=this._groups,i=r.length,o=0;o<i;++o)for(var l=r[o],c=l.length,d,p=0;p<c;++p)(d=l[p])&&ef(d,t,e,p,l,n||_G(d,e));return new es(r,this._parents,t,e)}cc.prototype.interrupt=hz;cc.prototype.transition=EG;const E0=Math.PI,g0=2*E0,oo=1e-6,gG=g0-oo;function T0(){this._x0=this._y0=this._x1=this._y1=null,this._=""}function VR(){return new T0}T0.prototype=VR.prototype={constructor:T0,moveTo:function(t,e){this._+="M"+(this._x0=this._x1=+t)+","+(this._y0=this._y1=+e)},closePath:function(){this._x1!==null&&(this._x1=this._x0,this._y1=this._y0,this._+="Z")},lineTo:function(t,e){this._+="L"+(this._x1=+t)+","+(this._y1=+e)},quadraticCurveTo:function(t,e,n,r){this._+="Q"+ +t+","+ +e+","+(this._x1=+n)+","+(this._y1=+r)},bezierCurveTo:function(t,e,n,r,i,o){this._+="C"+ +t+","+ +e+","+ +n+","+ +r+","+(this._x1=+i)+","+(this._y1=+o)},arcTo:function(t,e,n,r,i){t=+t,e=+e,n=+n,r=+r,i=+i;var o=this._x1,l=this._y1,c=n-t,d=r-e,p=o-t,f=l-e,E=p*p+f*f;if(i<0)throw new Error("negative radius: "+i);if(this._x1===null)this._+="M"+(this._x1=t)+","+(this._y1=e);else if(E>oo)if(!(Math.abs(f*c-d*p)>oo)||!i)this._+="L"+(this._x1=t)+","+(this._y1=e);else{var R=n-o,O=r-l,I=c*c+d*d,b=R*R+O*O,k=Math.sqrt(I),A=Math.sqrt(E),N=i*Math.tan((E0-Math.acos((I+E-b)/(2*k*A)))/2),K=N/A,g=N/k;Math.abs(K-1)>oo&&(this._+="L"+(t+K*p)+","+(e+K*f)),this._+="A"+i+","+i+",0,0,"+ +(f*R>p*O)+","+(this._x1=t+g*c)+","+(this._y1=e+g*d)}},arc:function(t,e,n,r,i,o){t=+t,e=+e,n=+n,o=!!o;var l=n*Math.cos(r),c=n*Math.sin(r),d=t+l,p=e+c,f=1^o,E=o?r-i:i-r;if(n<0)throw new Error("negative radius: "+n);this._x1===null?this._+="M"+d+","+p:(Math.abs(this._x1-d)>oo||Math.abs(this._y1-p)>oo)&&(this._+="L"+d+","+p),n&&(E<0&&(E=E%g0+g0),E>gG?this._+="A"+n+","+n+",0,1,"+f+","+(t-l)+","+(e-c)+"A"+n+","+n+",0,1,"+f+","+(this._x1=d)+","+(this._y1=p):E>oo&&(this._+="A"+n+","+n+",0,"+ +(E>=E0)+","+f+","+(this._x1=t+n*Math.cos(i))+","+(this._y1=e+n*Math.sin(i))))},rect:function(t,e,n,r){this._+="M"+(this._x0=this._x1=+t)+","+(this._y0=this._y1=+e)+"h"+ +n+"v"+ +r+"h"+-n+"Z"},toString:function(){return this._}};function TG(t){return Math.abs(t=Math.round(t))>=1e21?t.toLocaleString("en").replace(/,/g,""):t.toString(10)}function _d(t,e){if((n=(t=e?t.toExponential(e-1):t.toExponential()).indexOf("e"))<0)return null;var n,r=t.slice(0,n);return[r.length>1?r[0]+r.slice(2):r,+t.slice(n+1)]}function Ba(t){return t=_d(Math.abs(t)),t?t[1]:NaN}function vG(t,e){return function(n,r){for(var i=n.length,o=[],l=0,c=t[0],d=0;i>0&&c>0&&(d+c+1>r&&(c=Math.max(1,r-d)),o.push(n.substring(i-=c,i+c)),!((d+=c+1)>r));)c=t[l=(l+1)%t.length];return o.reverse().join(e)}}function SG(t){return function(e){return e.replace(/[0-9]/g,function(n){return t[+n]})}}var AG=/^(?:(.)?([<>=^]))?([+\-( ])?([$#])?(0)?(\d+)?(,)?(\.\d+)?(~)?([a-z%])?$/i;function Ed(t){if(!(e=AG.exec(t)))throw new Error("invalid format: "+t);var e;return new Dm({fill:e[1],align:e[2],sign:e[3],symbol:e[4],zero:e[5],width:e[6],comma:e[7],precision:e[8]&&e[8].slice(1),trim:e[9],type:e[10]})}Ed.prototype=Dm.prototype;function Dm(t){this.fill=t.fill===void 0?" ":t.fill+"",this.align=t.align===void 0?">":t.align+"",this.sign=t.sign===void 0?"-":t.sign+"",this.symbol=t.symbol===void 0?"":t.symbol+"",this.zero=!!t.zero,this.width=t.width===void 0?void 0:+t.width,this.comma=!!t.comma,this.precision=t.precision===void 0?void 0:+t.precision,this.trim=!!t.trim,this.type=t.type===void 0?"":t.type+""}Dm.prototype.toString=function(){return this.fill+this.align+this.sign+this.symbol+(this.zero?"0":"")+(this.width===void 0?"":Math.max(1,this.width|0))+(this.comma?",":"")+(this.precision===void 0?"":"."+Math.max(0,this.precision|0))+(this.trim?"~":"")+this.type};function RG(t){t:for(var e=t.length,n=1,r=-1,i;n<e;++n)switch(t[n]){case".":r=i=n;break;case"0":r===0&&(r=n),i=n;break;default:if(!+t[n])break t;r>0&&(r=0);break}return r>0?t.slice(0,r)+t.slice(i+1):t}var zR;function bG(t,e){var n=_d(t,e);if(!n)return t+"";var r=n[0],i=n[1],o=i-(zR=Math.max(-8,Math.min(8,Math.floor(i/3)))*3)+1,l=r.length;return o===l?r:o>l?r+new Array(o-l+1).join("0"):o>0?r.slice(0,o)+"."+r.slice(o):"0."+new Array(1-o).join("0")+_d(t,Math.max(0,e+o-1))[0]}function kT(t,e){var n=_d(t,e);if(!n)return t+"";var r=n[0],i=n[1];return i<0?"0."+new Array(-i).join("0")+r:r.length>i+1?r.slice(0,i+1)+"."+r.slice(i+1):r+new Array(i-r.length+2).join("0")}const BT={"%":(t,e)=>(t*100).toFixed(e),b:t=>Math.round(t).toString(2),c:t=>t+"",d:TG,e:(t,e)=>t.toExponential(e),f:(t,e)=>t.toFixed(e),g:(t,e)=>t.toPrecision(e),o:t=>Math.round(t).toString(8),p:(t,e)=>kT(t*100,e),r:kT,s:bG,X:t=>Math.round(t).toString(16).toUpperCase(),x:t=>Math.round(t).toString(16)};function DT(t){return t}var PT=Array.prototype.map,MT=["y","z","a","f","p","n","µ","m","","k","M","G","T","P","E","Z","Y"];function OG(t){var e=t.grouping===void 0||t.thousands===void 0?DT:vG(PT.call(t.grouping,Number),t.thousands+""),n=t.currency===void 0?"":t.currency[0]+"",r=t.currency===void 0?"":t.currency[1]+"",i=t.decimal===void 0?".":t.decimal+"",o=t.numerals===void 0?DT:SG(PT.call(t.numerals,String)),l=t.percent===void 0?"%":t.percent+"",c=t.minus===void 0?"−":t.minus+"",d=t.nan===void 0?"NaN":t.nan+"";function p(E){E=Ed(E);var R=E.fill,O=E.align,I=E.sign,b=E.symbol,k=E.zero,A=E.width,N=E.comma,K=E.precision,g=E.trim,z=E.type;z==="n"?(N=!0,z="g"):BT[z]||(K===void 0&&(K=12),g=!0,z="g"),(k||R==="0"&&O==="=")&&(k=!0,R="0",O="=");var x=b==="$"?n:b==="#"&&/[boxX]/.test(z)?"0"+z.toLowerCase():"",U=b==="$"?r:/[%p]/.test(z)?l:"",et=BT[z],It=/[defgprs%]/.test(z);K=K===void 0?6:/[gprs]/.test(z)?Math.max(1,Math.min(21,K)):Math.max(0,Math.min(20,K));function Bt(dt){var Ct=x,B=U,q,At,H;if(z==="c")B=et(dt)+B,dt="";else{dt=+dt;var W=dt<0||1/dt<0;if(dt=isNaN(dt)?d:et(Math.abs(dt),K),g&&(dt=RG(dt)),W&&+dt==0&&I!=="+"&&(W=!1),Ct=(W?I==="("?I:c:I==="-"||I==="("?"":I)+Ct,B=(z==="s"?MT[8+zR/3]:"")+B+(W&&I==="("?")":""),It){for(q=-1,At=dt.length;++q<At;)if(H=dt.charCodeAt(q),48>H||H>57){B=(H===46?i+dt.slice(q+1):dt.slice(q))+B,dt=dt.slice(0,q);break}}}N&&!k&&(dt=e(dt,1/0));var ct=Ct.length+dt.length+B.length,bt=ct<A?new Array(A-ct+1).join(R):"";switch(N&&k&&(dt=e(bt+dt,bt.length?A-B.length:1/0),bt=""),O){case"<":dt=Ct+dt+B+bt;break;case"=":dt=Ct+bt+dt+B;break;case"^":dt=bt.slice(0,ct=bt.length>>1)+Ct+dt+B+bt.slice(ct);break;default:dt=bt+Ct+dt+B;break}return o(dt)}return Bt.toString=function(){return E+""},Bt}function f(E,R){var O=p((E=Ed(E),E.type="f",E)),I=Math.max(-8,Math.min(8,Math.floor(Ba(R)/3)))*3,b=Math.pow(10,-I),k=MT[8+I/3];return function(A){return O(b*A)+k}}return{format:p,formatPrefix:f}}var yu,GR,XR;LG({thousands:",",grouping:[3],currency:["$",""]});function LG(t){return yu=OG(t),GR=yu.format,XR=yu.formatPrefix,yu}function yG(t){return Math.max(0,-Ba(Math.abs(t)))}function NG(t,e){return Math.max(0,Math.max(-8,Math.min(8,Math.floor(Ba(e)/3)))*3-Ba(Math.abs(t)))}function CG(t,e){return t=Math.abs(t),e=Math.abs(e)-t,Math.max(0,Ba(e)-Ba(t))+1}function wG(t,e){switch(arguments.length){case 0:break;case 1:this.range(t);break;default:this.range(e).domain(t);break}return this}function xG(t){return function(){return t}}function IG(t){return+t}var HT=[0,1];function oa(t){return t}function v0(t,e){return(e-=t=+t)?function(n){return(n-t)/e}:xG(isNaN(e)?NaN:.5)}function kG(t,e){var n;return t>e&&(n=t,t=e,e=n),function(r){return Math.max(t,Math.min(e,r))}}function BG(t,e,n){var r=t[0],i=t[1],o=e[0],l=e[1];return i<r?(r=v0(i,r),o=n(l,o)):(r=v0(r,i),o=n(o,l)),function(c){return o(r(c))}}function DG(t,e,n){var r=Math.min(t.length,e.length)-1,i=new Array(r),o=new Array(r),l=-1;for(t[r]<t[0]&&(t=t.slice().reverse(),e=e.slice().reverse());++l<r;)i[l]=v0(t[l],t[l+1]),o[l]=n(e[l],e[l+1]);return function(c){var d=V$(t,c,1,r)-1;return o[d](i[d](c))}}function PG(t,e){return e.domain(t.domain()).range(t.range()).interpolate(t.interpolate()).clamp(t.clamp()).unknown(t.unknown())}function MG(){var t=HT,e=HT,n=xm,r,i,o,l=oa,c,d,p;function f(){var R=Math.min(t.length,e.length);return l!==oa&&(l=kG(t[0],t[R-1])),c=R>2?DG:BG,d=p=null,E}function E(R){return R==null||isNaN(R=+R)?o:(d||(d=c(t.map(r),e,n)))(r(l(R)))}return E.invert=function(R){return l(i((p||(p=c(e,t.map(r),Qr)))(R)))},E.domain=function(R){return arguments.length?(t=Array.from(R,IG),f()):t.slice()},E.range=function(R){return arguments.length?(e=Array.from(R),f()):e.slice()},E.rangeRound=function(R){return e=Array.from(R),n=QV,f()},E.clamp=function(R){return arguments.length?(l=R?!0:oa,f()):l!==oa},E.interpolate=function(R){return arguments.length?(n=R,f()):n},E.unknown=function(R){return arguments.length?(o=R,E):o},function(R,O){return r=R,i=O,f()}}function HG(){return MG()(oa,oa)}function WG(t,e,n,r){var i=G$(t,e,n),o;switch(r=Ed(r??",f"),r.type){case"s":{var l=Math.max(Math.abs(t),Math.abs(e));return r.precision==null&&!isNaN(o=NG(i,l))&&(r.precision=o),XR(r,l)}case"":case"e":case"g":case"p":case"r":{r.precision==null&&!isNaN(o=CG(i,Math.max(Math.abs(t),Math.abs(e))))&&(r.precision=o-(r.type==="e"));break}case"f":case"%":{r.precision==null&&!isNaN(o=yG(i))&&(r.precision=o-(r.type==="%")*2);break}}return GR(r)}function UG(t){var e=t.domain;return t.ticks=function(n){var r=e();return z$(r[0],r[r.length-1],n??10)},t.tickFormat=function(n,r){var i=e();return WG(i[0],i[i.length-1],n??10,r)},t.nice=function(n){n==null&&(n=10);var r=e(),i=0,o=r.length-1,l=r[i],c=r[o],d,p,f=10;for(c<l&&(p=l,l=c,c=p,p=i,i=o,o=p);f-- >0;){if(p=ER(l,c,n),p===d)return r[i]=l,r[o]=c,e(r);if(p>0)l=Math.floor(l/p)*p,c=Math.ceil(c/p)*p;else if(p<0)l=Math.ceil(l*p)/p,c=Math.floor(c*p)/p;else break;d=p}return t},t}function KR(){var t=HG();return t.copy=function(){return PG(t,KR())},wG.apply(t,arguments),UG(t)}const Nu=t=>()=>t;function $G(t,{sourceEvent:e,target:n,transform:r,dispatch:i}){Object.defineProperties(this,{type:{value:t,enumerable:!0,configurable:!0},sourceEvent:{value:e,enumerable:!0,configurable:!0},target:{value:n,enumerable:!0,configurable:!0},transform:{value:r,enumerable:!0,configurable:!0},_:{value:i}})}function qi(t,e,n){this.k=t,this.x=e,this.y=n}qi.prototype={constructor:qi,scale:function(t){return t===1?this:new qi(this.k*t,this.x,this.y)},translate:function(t,e){return t===0&e===0?this:new qi(this.k,this.x+this.k*t,this.y+this.k*e)},apply:function(t){return[t[0]*this.k+this.x,t[1]*this.k+this.y]},applyX:function(t){return t*this.k+this.x},applyY:function(t){return t*this.k+this.y},invert:function(t){return[(t[0]-this.x)/this.k,(t[1]-this.y)/this.k]},invertX:function(t){return(t-this.x)/this.k},invertY:function(t){return(t-this.y)/this.k},rescaleX:function(t){return t.copy().domain(t.range().map(this.invertX,this).map(t.invert,t))},rescaleY:function(t){return t.copy().domain(t.range().map(this.invertY,this).map(t.invert,t))},toString:function(){return"translate("+this.x+","+this.y+") scale("+this.k+")"}};var gd=new qi(1,0,0);qi.prototype;function fh(t){t.stopImmediatePropagation()}function El(t){t.preventDefault(),t.stopImmediatePropagation()}function FG(t){return(!t.ctrlKey||t.type==="wheel")&&!t.button}function VG(){var t=this;return t instanceof SVGElement?(t=t.ownerSVGElement||t,t.hasAttribute("viewBox")?(t=t.viewBox.baseVal,[[t.x,t.y],[t.x+t.width,t.y+t.height]]):[[0,0],[t.width.baseVal.value,t.height.baseVal.value]]):[[0,0],[t.clientWidth,t.clientHeight]]}function WT(){return this.__zoom||gd}function zG(t){return-t.deltaY*(t.deltaMode===1?.05:t.deltaMode?1:.002)*(t.ctrlKey?10:1)}function GG(){return navigator.maxTouchPoints||"ontouchstart"in this}function XG(t,e,n){var r=t.invertX(e[0][0])-n[0][0],i=t.invertX(e[1][0])-n[1][0],o=t.invertY(e[0][1])-n[0][1],l=t.invertY(e[1][1])-n[1][1];return t.translate(i>r?(r+i)/2:Math.min(0,r)||Math.max(0,i),l>o?(o+l)/2:Math.min(0,o)||Math.max(0,l))}function KG(){var t=FG,e=VG,n=XG,r=zG,i=GG,o=[0,1/0],l=[[-1/0,-1/0],[1/0,1/0]],c=250,d=oz,p=Lm("start","zoom","end"),f,E,R,O=500,I=150,b=0,k=10;function A(q){q.property("__zoom",WT).on("wheel.zoom",et,{passive:!1}).on("mousedown.zoom",It).on("dblclick.zoom",Bt).filter(i).on("touchstart.zoom",dt).on("touchmove.zoom",Ct).on("touchend.zoom touchcancel.zoom",B).style("-webkit-tap-highlight-color","rgba(0,0,0,0)")}A.transform=function(q,At,H,W){var ct=q.selection?q.selection():q;ct.property("__zoom",WT),q!==ct?z(q,At,H,W):ct.interrupt().each(function(){x(this,arguments).event(W).start().zoom(null,typeof At=="function"?At.apply(this,arguments):At).end()})},A.scaleBy=function(q,At,H,W){A.scaleTo(q,function(){var ct=this.__zoom.k,bt=typeof At=="function"?At.apply(this,arguments):At;return ct*bt},H,W)},A.scaleTo=function(q,At,H,W){A.transform(q,function(){var ct=e.apply(this,arguments),bt=this.__zoom,Rt=H==null?g(ct):typeof H=="function"?H.apply(this,arguments):H,st=bt.invert(Rt),Y=typeof At=="function"?At.apply(this,arguments):At;return n(K(N(bt,Y),Rt,st),ct,l)},H,W)},A.translateBy=function(q,At,H,W){A.transform(q,function(){return n(this.__zoom.translate(typeof At=="function"?At.apply(this,arguments):At,typeof H=="function"?H.apply(this,arguments):H),e.apply(this,arguments),l)},null,W)},A.translateTo=function(q,At,H,W,ct){A.transform(q,function(){var bt=e.apply(this,arguments),Rt=this.__zoom,st=W==null?g(bt):typeof W=="function"?W.apply(this,arguments):W;return n(gd.translate(st[0],st[1]).scale(Rt.k).translate(typeof At=="function"?-At.apply(this,arguments):-At,typeof H=="function"?-H.apply(this,arguments):-H),bt,l)},W,ct)};function N(q,At){return At=Math.max(o[0],Math.min(o[1],At)),At===q.k?q:new qi(At,q.x,q.y)}function K(q,At,H){var W=At[0]-H[0]*q.k,ct=At[1]-H[1]*q.k;return W===q.x&&ct===q.y?q:new qi(q.k,W,ct)}function g(q){return[(+q[0][0]+ +q[1][0])/2,(+q[0][1]+ +q[1][1])/2]}function z(q,At,H,W){q.on("start.zoom",function(){x(this,arguments).event(W).start()}).on("interrupt.zoom end.zoom",function(){x(this,arguments).event(W).end()}).tween("zoom",function(){var ct=this,bt=arguments,Rt=x(ct,bt).event(W),st=e.apply(ct,bt),Y=H==null?g(st):typeof H=="function"?H.apply(ct,bt):H,P=Math.max(st[1][0]-st[0][0],st[1][1]-st[0][1]),J=ct.__zoom,Z=typeof At=="function"?At.apply(ct,bt):At,C=d(J.invert(Y).concat(P/J.k),Z.invert(Y).concat(P/Z.k));return function(Mt){if(Mt===1)Mt=Z;else{var ne=C(Mt),He=P/ne[2];Mt=new qi(He,Y[0]-ne[0]*He,Y[1]-ne[1]*He)}Rt.zoom(null,Mt)}})}function x(q,At,H){return!H&&q.__zooming||new U(q,At)}function U(q,At){this.that=q,this.args=At,this.active=0,this.sourceEvent=null,this.extent=e.apply(q,At),this.taps=0}U.prototype={event:function(q){return q&&(this.sourceEvent=q),this},start:function(){return++this.active===1&&(this.that.__zooming=this,this.emit("start")),this},zoom:function(q,At){return this.mouse&&q!=="mouse"&&(this.mouse[1]=At.invert(this.mouse[0])),this.touch0&&q!=="touch"&&(this.touch0[1]=At.invert(this.touch0[0])),this.touch1&&q!=="touch"&&(this.touch1[1]=At.invert(this.touch1[0])),this.that.__zoom=At,this.emit("zoom"),this},end:function(){return--this.active===0&&(delete this.that.__zooming,this.emit("end")),this},emit:function(q){var At=gi(this.that).datum();p.call(q,this.that,new $G(q,{sourceEvent:this.sourceEvent,target:A,transform:this.that.__zoom,dispatch:p}),At)}};function et(q,...At){if(!t.apply(this,arguments))return;var H=x(this,At).event(q),W=this.__zoom,ct=Math.max(o[0],Math.min(o[1],W.k*Math.pow(2,r.apply(this,arguments)))),bt=eo(q);if(H.wheel)(H.mouse[0][0]!==bt[0]||H.mouse[0][1]!==bt[1])&&(H.mouse[1]=W.invert(H.mouse[0]=bt)),clearTimeout(H.wheel);else{if(W.k===ct)return;H.mouse=[bt,W.invert(bt)],Gu(this),H.start()}El(q),H.wheel=setTimeout(Rt,I),H.zoom("mouse",n(K(N(W,ct),H.mouse[0],H.mouse[1]),H.extent,l));function Rt(){H.wheel=null,H.end()}}function It(q,...At){if(R||!t.apply(this,arguments))return;var H=q.currentTarget,W=x(this,At,!0).event(q),ct=gi(q.view).on("mousemove.zoom",Y,!0).on("mouseup.zoom",P,!0),bt=eo(q,H),Rt=q.clientX,st=q.clientY;NV(q.view),fh(q),W.mouse=[bt,this.__zoom.invert(bt)],Gu(this),W.start();function Y(J){if(El(J),!W.moved){var Z=J.clientX-Rt,C=J.clientY-st;W.moved=Z*Z+C*C>b}W.event(J).zoom("mouse",n(K(W.that.__zoom,W.mouse[0]=eo(J,H),W.mouse[1]),W.extent,l))}function P(J){ct.on("mousemove.zoom mouseup.zoom",null),CV(J.view,W.moved),El(J),W.event(J).end()}}function Bt(q,...At){if(t.apply(this,arguments)){var H=this.__zoom,W=eo(q.changedTouches?q.changedTouches[0]:q,this),ct=H.invert(W),bt=H.k*(q.shiftKey?.5:2),Rt=n(K(N(H,bt),W,ct),e.apply(this,At),l);El(q),c>0?gi(this).transition().duration(c).call(z,Rt,W,q):gi(this).call(A.transform,Rt,W,q)}}function dt(q,...At){if(t.apply(this,arguments)){var H=q.touches,W=H.length,ct=x(this,At,q.changedTouches.length===W).event(q),bt,Rt,st,Y;for(fh(q),Rt=0;Rt<W;++Rt)st=H[Rt],Y=eo(st,this),Y=[Y,this.__zoom.invert(Y),st.identifier],ct.touch0?!ct.touch1&&ct.touch0[2]!==Y[2]&&(ct.touch1=Y,ct.taps=0):(ct.touch0=Y,bt=!0,ct.taps=1+!!f);f&&(f=clearTimeout(f)),bt&&(ct.taps<2&&(E=Y[0],f=setTimeout(function(){f=null},O)),Gu(this),ct.start())}}function Ct(q,...At){if(this.__zooming){var H=x(this,At).event(q),W=q.changedTouches,ct=W.length,bt,Rt,st,Y;for(El(q),bt=0;bt<ct;++bt)Rt=W[bt],st=eo(Rt,this),H.touch0&&H.touch0[2]===Rt.identifier?H.touch0[0]=st:H.touch1&&H.touch1[2]===Rt.identifier&&(H.touch1[0]=st);if(Rt=H.that.__zoom,H.touch1){var P=H.touch0[0],J=H.touch0[1],Z=H.touch1[0],C=H.touch1[1],Mt=(Mt=Z[0]-P[0])*Mt+(Mt=Z[1]-P[1])*Mt,ne=(ne=C[0]-J[0])*ne+(ne=C[1]-J[1])*ne;Rt=N(Rt,Math.sqrt(Mt/ne)),st=[(P[0]+Z[0])/2,(P[1]+Z[1])/2],Y=[(J[0]+C[0])/2,(J[1]+C[1])/2]}else if(H.touch0)st=H.touch0[0],Y=H.touch0[1];else return;H.zoom("touch",n(K(Rt,st,Y),H.extent,l))}}function B(q,...At){if(this.__zooming){var H=x(this,At).event(q),W=q.changedTouches,ct=W.length,bt,Rt;for(fh(q),R&&clearTimeout(R),R=setTimeout(function(){R=null},O),bt=0;bt<ct;++bt)Rt=W[bt],H.touch0&&H.touch0[2]===Rt.identifier?delete H.touch0:H.touch1&&H.touch1[2]===Rt.identifier&&delete H.touch1;if(H.touch1&&!H.touch0&&(H.touch0=H.touch1,delete H.touch1),H.touch0)H.touch0[1]=this.__zoom.invert(H.touch0[0]);else if(H.end(),H.taps===2&&(Rt=eo(Rt,this),Math.hypot(E[0]-Rt[0],E[1]-Rt[1])<k)){var st=gi(this).on("dblclick.zoom");st&&st.apply(this,arguments)}}}return A.wheelDelta=function(q){return arguments.length?(r=typeof q=="function"?q:Nu(+q),A):r},A.filter=function(q){return arguments.length?(t=typeof q=="function"?q:Nu(!!q),A):t},A.touchable=function(q){return arguments.length?(i=typeof q=="function"?q:Nu(!!q),A):i},A.extent=function(q){return arguments.length?(e=typeof q=="function"?q:Nu([[+q[0][0],+q[0][1]],[+q[1][0],+q[1][1]]]),A):e},A.scaleExtent=function(q){return arguments.length?(o[0]=+q[0],o[1]=+q[1],A):[o[0],o[1]]},A.translateExtent=function(q){return arguments.length?(l[0][0]=+q[0][0],l[1][0]=+q[1][0],l[0][1]=+q[0][1],l[1][1]=+q[1][1],A):[[l[0][0],l[0][1]],[l[1][0],l[1][1]]]},A.constrain=function(q){return arguments.length?(n=q,A):n},A.duration=function(q){return arguments.length?(c=+q,A):c},A.interpolate=function(q){return arguments.length?(d=q,A):d},A.on=function(){var q=p.on.apply(p,arguments);return q===p?A:q},A.clickDistance=function(q){return arguments.length?(b=(q=+q)*q,A):Math.sqrt(b)},A.tapDistance=function(q){return arguments.length?(k=+q,A):k},A}function YG(t){var e=0,n=t.children,r=n&&n.length;if(!r)e=1;else for(;--r>=0;)e+=n[r].value;t.value=e}function qG(){return this.eachAfter(YG)}function jG(t){var e=this,n,r=[e],i,o,l;do for(n=r.reverse(),r=[];e=n.pop();)if(t(e),i=e.children,i)for(o=0,l=i.length;o<l;++o)r.push(i[o]);while(r.length);return this}function JG(t){for(var e=this,n=[e],r,i;e=n.pop();)if(t(e),r=e.children,r)for(i=r.length-1;i>=0;--i)n.push(r[i]);return this}function QG(t){for(var e=this,n=[e],r=[],i,o,l;e=n.pop();)if(r.push(e),i=e.children,i)for(o=0,l=i.length;o<l;++o)n.push(i[o]);for(;e=r.pop();)t(e);return this}function ZG(t){return this.eachAfter(function(e){for(var n=+t(e.data)||0,r=e.children,i=r&&r.length;--i>=0;)n+=r[i].value;e.value=n})}function tX(t){return this.eachBefore(function(e){e.children&&e.children.sort(t)})}function eX(t){for(var e=this,n=nX(e,t),r=[e];e!==n;)e=e.parent,r.push(e);for(var i=r.length;t!==n;)r.splice(i,0,t),t=t.parent;return r}function nX(t,e){if(t===e)return t;var n=t.ancestors(),r=e.ancestors(),i=null;for(t=n.pop(),e=r.pop();t===e;)i=t,t=n.pop(),e=r.pop();return i}function rX(){for(var t=this,e=[t];t=t.parent;)e.push(t);return e}function iX(){var t=[];return this.each(function(e){t.push(e)}),t}function sX(){var t=[];return this.eachBefore(function(e){e.children||t.push(e)}),t}function oX(){var t=this,e=[];return t.each(function(n){n!==t&&e.push({source:n.parent,target:n})}),e}function Pm(t,e){var n=new Td(t),r=+t.value&&(n.value=t.value),i,o=[n],l,c,d,p;for(e==null&&(e=lX);i=o.pop();)if(r&&(i.value=+i.data.value),(c=e(i.data))&&(p=c.length))for(i.children=new Array(p),d=p-1;d>=0;--d)o.push(l=i.children[d]=new Td(c[d])),l.parent=i,l.depth=i.depth+1;return n.eachBefore(uX)}function aX(){return Pm(this).eachBefore(cX)}function lX(t){return t.children}function cX(t){t.data=t.data.data}function uX(t){var e=0;do t.height=e;while((t=t.parent)&&t.height<++e)}function Td(t){this.data=t,this.depth=this.height=0,this.parent=null}Td.prototype=Pm.prototype={constructor:Td,count:qG,each:jG,eachAfter:QG,eachBefore:JG,sum:ZG,sort:tX,path:eX,ancestors:rX,descendants:iX,leaves:sX,links:oX,copy:aX};const dX="2.1.2",fX={version:dX},{version:pX}=fX,hX=Object.freeze({children:t=>t.children,nodeSize:t=>t.data.size,spacing:0});function qR(t){const e=Object.assign({},hX,t);function n(c){const d=e[c];return typeof d=="function"?d:()=>d}function r(c){const d=l(o(),c,p=>p.children);return d.update(),d.data}function i(){const c=n("nodeSize"),d=n("spacing");return class YR extends Pm.prototype.constructor{constructor(f){super(f)}copy(){const f=l(this.constructor,this,E=>E.children);return f.each(E=>E.data=E.data.data),f}get size(){return c(this)}spacing(f){return d(this,f)}get nodes(){return this.descendants()}get xSize(){return this.size[0]}get ySize(){return this.size[1]}get top(){return this.y}get bottom(){return this.y+this.ySize}get left(){return this.x-this.xSize/2}get right(){return this.x+this.xSize/2}get root(){const f=this.ancestors();return f[f.length-1]}get numChildren(){return this.hasChildren?this.children.length:0}get hasChildren(){return!this.noChildren}get noChildren(){return this.children===null}get firstChild(){return this.hasChildren?this.children[0]:null}get lastChild(){return this.hasChildren?this.children[this.numChildren-1]:null}get extents(){return(this.children||[]).reduce((f,E)=>YR.maxExtents(f,E.extents),this.nodeExtents)}get nodeExtents(){return{top:this.top,bottom:this.bottom,left:this.left,right:this.right}}static maxExtents(f,E){return{top:Math.min(f.top,E.top),bottom:Math.max(f.bottom,E.bottom),left:Math.min(f.left,E.left),right:Math.max(f.right,E.right)}}}}function o(){const c=i(),d=n("nodeSize"),p=n("spacing");return class extends c{constructor(f){super(f),Object.assign(this,{x:0,y:0,relX:0,prelim:0,shift:0,change:0,lExt:this,lExtRelX:0,lThr:null,rExt:this,rExtRelX:0,rThr:null})}get size(){return d(this.data)}spacing(f){return p(this.data,f.data)}get x(){return this.data.x}set x(f){this.data.x=f}get y(){return this.data.y}set y(f){this.data.y=f}update(){return jR(this),JR(this),this}}}function l(c,d,p){const f=(E,R)=>{const O=new c(E);Object.assign(O,{parent:R,depth:R===null?0:R.depth+1,height:0,length:1});const I=p(E)||[];return O.children=I.length===0?null:I.map(b=>f(b,O)),O.children&&Object.assign(O,O.children.reduce((b,k)=>({height:Math.max(b.height,k.height+1),length:b.length+k.length}),O)),O};return f(d,null)}return Object.assign(r,{nodeSize(c){return arguments.length?(e.nodeSize=c,r):e.nodeSize},spacing(c){return arguments.length?(e.spacing=c,r):e.spacing},children(c){return arguments.length?(e.children=c,r):e.children},hierarchy(c,d){const p=typeof d>"u"?e.children:d;return l(i(),c,p)},dump(c){const d=n("nodeSize"),p=f=>E=>{const R=f+"  ",O=f+"    ",{x:I,y:b}=E,k=d(E),A=E.children||[],N=A.length===0?" ":`,${R}children: [${O}${A.map(p(O)).join(O)}${R}],${f}`;return`{ size: [${k.join(", ")}],${R}x: ${I}, y: ${b}${N}},`};return p(`
`)(c)}}),r}qR.version=pX;const jR=(t,e=0)=>(t.y=e,(t.children||[]).reduce((n,r)=>{const[i,o]=n;jR(r,t.y+t.ySize);const l=(i===0?r.lExt:r.rExt).bottom;i!==0&&_X(t,i,o);const c=bX(l,i,o);return[i+1,c]},[0,null]),mX(t),RX(t),t),JR=(t,e,n)=>{typeof e>"u"&&(e=-t.relX-t.prelim,n=0);const r=e+t.relX;return t.relX=r+t.prelim-n,t.prelim=0,t.x=n+t.relX,(t.children||[]).forEach(i=>JR(i,r,t.x)),t},mX=t=>{(t.children||[]).reduce((e,n)=>{const[r,i]=e,o=r+n.shift,l=i+o+n.change;return n.relX+=l,[o,l]},[0,0])},_X=(t,e,n)=>{const r=t.children[e-1],i=t.children[e];let o=r,l=r.relX,c=i,d=i.relX,p=!0;for(;o&&c;){o.bottom>n.lowY&&(n=n.next);const f=l+o.prelim-(d+c.prelim)+o.xSize/2+c.xSize/2+o.spacing(c);(f>0||f<0&&p)&&(d+=f,EX(i,f),gX(t,e,n.index,f)),p=!1;const E=o.bottom,R=c.bottom;E<=R&&(o=vX(o),o&&(l+=o.relX)),E>=R&&(c=TX(c),c&&(d+=c.relX))}!o&&c?SX(t,e,c,d):o&&!c&&AX(t,e,o,l)},EX=(t,e)=>{t.relX+=e,t.lExtRelX+=e,t.rExtRelX+=e},gX=(t,e,n,r)=>{const i=t.children[e],o=e-n;if(o>1){const l=r/o;t.children[n+1].shift+=l,i.shift-=l,i.change-=r-l}},TX=t=>t.hasChildren?t.firstChild:t.lThr,vX=t=>t.hasChildren?t.lastChild:t.rThr,SX=(t,e,n,r)=>{const i=t.firstChild,o=i.lExt,l=t.children[e];o.lThr=n;const c=r-n.relX-i.lExtRelX;o.relX+=c,o.prelim-=c,i.lExt=l.lExt,i.lExtRelX=l.lExtRelX},AX=(t,e,n,r)=>{const i=t.children[e],o=i.rExt,l=t.children[e-1];o.rThr=n;const c=r-n.relX-i.rExtRelX;o.relX+=c,o.prelim-=c,i.rExt=l.rExt,i.rExtRelX=l.rExtRelX},RX=t=>{if(t.hasChildren){const e=t.firstChild,n=t.lastChild,r=(e.prelim+e.relX-e.xSize/2+n.relX+n.prelim+n.xSize/2)/2;Object.assign(t,{prelim:r,lExt:e.lExt,lExtRelX:e.lExtRelX,rExt:n.rExt,rExtRelX:n.rExtRelX})}},bX=(t,e,n)=>{for(;n!==null&&t>=n.lowY;)n=n.next;return{lowY:t,index:e,next:n}},OX={key:0,class:"flex-grow-1 d-flex justify-content-center"},LX={class:"card align-self-center border-danger w-50"},yX={class:"card-body"},NX={class:"overflow-hidden d-flex w-100 h-100 position-relative mb-3"},CX={class:"overflow-auto flex-grow-1"},wX={class:"small p-2 mb-0",style:{"max-height":"200px"}},xX=["innerHTML"],IX={class:"d-flex align-items-center"},kX={class:"text-secondary"},BX={class:"d-flex align-items-center"},DX={class:"nav nav-pills"},PX={class:"nav-item p-1"},MX={class:"nav-item p-1"},HX={key:0,class:"badge bg-info",style:{"font-size":"0.6em"}},WX={class:"nav-item p-1"},UX={class:"nav-item p-1"},$X={class:"nav-item p-1"},FX={class:"ms-auto me-2 small"},VX={href:"https://github.com/dalibo/pev2",target:"_blank"},zX={class:"tab-content flex-grow-1 d-flex overflow-hidden"},GX={class:"d-flex flex-column flex-grow-1 overflow-hidden"},XX={class:"flex-grow-1 d-flex overflow-hidden"},KX={class:"flex-grow-1 overflow-hidden"},YX={key:0,class:"position-absolute m-1 p-1 bottom-0 end-0 rounded bg-white d-flex"},qX={class:"btn-group btn-group-xs"},jX=["disabled"],JX=["disabled"],QX={width:"100%",height:"100%"},ZX=["transform"],tK=["d","stroke-width"],eK=["d","stroke-width"],nK=["x","y","width"],rK=["x","y","width","height"],iK=["d","stroke-width"],sK=["x","y","width"],oK={class:"overflow-hidden d-flex w-100 h-100 flex-column"},aK={class:"overflow-hidden d-flex w-100 h-100"},lK={class:"overflow-auto flex-grow-1"},cK={class:"small p-2 mb-0"},uK=["innerHTML"],dK={class:"overflow-hidden d-flex w-100 h-100"},fK={class:"overflow-auto flex-grow-1"},pK={class:"small p-2 mb-0"},hK=["innerHTML"],pi=40,UT=.2,mK=Ke({__name:"Plan",props:{planSource:{},planQuery:{}},setup(t){const e=t,n="1.15.0",r=le(null),i=le(""),o=le(""),l=le(!1),c=le(),d=le(),p=lr({}),f=Dt(()=>c.value&&c.value.content.Plan),E=le(NaN),R=le(void 0),O=le(NaN),I=localStorage.getItem("gridIsNotNew"),b=lr({showHighlightBar:!1,showPlanStats:!0,highlightType:Tr.NONE,diagramWidth:20}),k=new H$,A=le(""),N=le(1),K=Dt(()=>KR().domain([0,p.maxRows]).range([1,pi/1.5])),g=KG().scaleExtent([UT,3]).on("zoom",function(Y){A.value=Y.transform,N.value=Y.transform.k}),z=le(null),x=le([]),U=le([]),et=qR({nodeSize:Y=>Y.data.size?[Y.data.size[0],Y.data.size[1]+pi]:[0,0],spacing:(Y,P)=>Math.pow(Y.path(P).length,1.5)}),It=le(et.hierarchy({}));ks(()=>{const Y=localStorage.getItem("viewOptions");Y&&j.assignIn(b,JSON.parse(Y));let P;try{P=k.fromSource(e.planSource),l.value=!0,ct("plan")}catch{l.value=!1,c.value=void 0;return}o.value=P["Query Text"]||e.planQuery,c.value=k.createPlan("",P,o.value);const J=c.value.content;p.executionTime=J["Execution Time"]||J["Total Runtime"]||NaN,p.planningTime=J["Planning Time"]||NaN,p.maxRows=J.maxRows||NaN,p.maxCost=J.maxCost||NaN,p.maxDuration=J.maxDuration||NaN,p.maxBlocks=J.maxBlocks||{},p.maxIo=J.maxIo||NaN,p.maxEstimateFactor=J.maxEstimateFactor||NaN,p.triggers=J.Triggers||[],p.jitTime=J.JIT&&J.JIT.Timing&&J.JIT.Timing.Total||NaN,p.settings=J.Settings,c.value.planStats=p,Ml(()=>{q()}),window.addEventListener("hashchange",q),f.value&&(It.value=et.hierarchy(f.value,Z=>Z.Plans)),x.value=[],j.each(c.value?.ctes,Z=>{const C=et.hierarchy(Z,Mt=>Mt.Plans);x.value.push(C)}),Bt()});function Bt(){z.value=et(It.value);const Y=bt(z.value),P=[Y[0],Y[3]+pi];j.each(x.value,J=>{const Z=et(J),C=bt(Z),Mt=C[1]-C[0];Z.each(ne=>{ne.x+=P[0]-C[0],ne.y+=P[1]}),P[0]+=Mt+pi*2}),U.value=[],j.each(z.value.descendants(),J=>{if(j.has(J.data,m.CTE_NAME)){const Z=j.find(x.value,C=>C.data[m.SUBPLAN_NAME]=="CTE "+J.data[m.CTE_NAME]);Z&&U.value.push({source:J,target:Z})}}),j.each(x.value,J=>{j.each(J.descendants(),Z=>{if(j.has(Z.data,m.CTE_NAME)){const C=j.find(x.value,Mt=>Mt.data[m.SUBPLAN_NAME]=="CTE "+Z.data[m.CTE_NAME]);C&&U.value.push({source:Z,target:C})}})})}yo(()=>{d.value&&(gi(d.value.$el).call(g),Ml(()=>{if(z.value){const Y=bt(z.value),P=Y[0],J=Y[2],Z=Y[1],C=Y[3],Mt=d.value.$el.getBoundingClientRect();gi(d.value.$el).transition().call(g.transform,gd.translate(Mt.width/2,10).scale(Math.min(1,Math.max(UT,.8/Math.max((Z-P)/Mt.width,(C-J)/Mt.height)))).translate(-(P+Z)/2,10))}}))}),Sv(()=>{window.removeEventListener("hashchange",q)}),Un(b,dt);function dt(){localStorage.setItem("viewOptions",JSON.stringify(b))}Un(E,Ct);function Ct(Y){window.location.hash=Y?"plan/node/"+Y:"",c.value&&Y&&(R.value=FH(c.value,Y))}const B=Dt(()=>function(Y){const P=Y.source,J=Y.target,Z=Math.abs(J.y-(P.y+P.ySize)-pi),C=VR();return C.moveTo(P.x,P.y),C.lineTo(P.x,P.y+P.ySize-pi),C.bezierCurveTo(P.x,P.y+P.ySize-pi+Z/2,J.x,J.y-Z/2,J.x,J.y),C.toString()});function q(){const P=/#([a-zA-Z]*)(\/node\/([0-9]*))*/.exec(window.location.hash);if(P){const J=P[1]||"plan";ct(J);const Z=parseInt(P[3],0);J=="plan"&&Z!==void 0&&Z!=E.value&&setTimeout(()=>{At(Z,!0)},1)}}qn(sd,E),qn(Xd,O),qn("updateNodeSize",st);function At(Y,P){P=!!P,E.value=Y,P&&H(Y)}qn(Ro,At),qn(wo,b),qn(ii,c);function H(Y){const P=d.value.$el.getBoundingClientRect(),J=W(Y);if(!J)return;let Z=-J.x,C=-J.y;const Mt=N.value;Z=Z*Mt+P.width/2,C=C*Mt+P.height/2,gi(d.value.$el).transition().duration(500).call(g.transform,gd.translate(Z,C).scale(Mt))}function W(Y){const P=[z.value].concat(x.value);let J;return j.each(P,Z=>(J=j.find(Z?.descendants(),C=>C.data.nodeId==Y),!J)),J}const ct=Y=>{i.value=Y};function bt(Y){const P=j.min(j.map(Y.descendants(),Mt=>Mt.x-Mt.xSize/2))||0,J=j.max(j.map(Y.descendants(),Mt=>Mt.x+Mt.xSize/2))||0,Z=j.min(j.map(Y.descendants(),Mt=>Mt.y))||0,C=j.max(j.map(Y.descendants(),Mt=>Mt.y+Mt.ySize))||0;return[P,J,Z,C]}function Rt(Y){return!!p.executionTime&&!Y[m.ACTUAL_LOOPS]}Un(()=>{const Y=[];return Y.concat(It.value.descendants().map(P=>P.data.size)),j.each(x.value,P=>{Y.concat(P.descendants().map(J=>J.data.size))}),Y},()=>{Bt()});function st(Y,P){Y.size=[P[0]/N.value,P[1]/N.value]}return(Y,P)=>l.value?(w(),D("div",{key:1,class:"plan-container d-flex flex-column overflow-hidden flex-grow-1 bg-light",ref_key:"rootEl",ref:r},[v("div",BX,[v("ul",DX,[v("li",PX,[v("a",{class:Pt(["nav-link px-2 py-0",{active:i.value==="plan"}]),href:"#plan"},"Plan",2)]),P[17]||(P[17]=T()),v("li",MX,[v("a",{class:Pt(["nav-link px-2 py-0 position-relative",{active:i.value==="grid"}]),href:"#grid"},[P[16]||(P[16]=T(`Grid
            `)),h(I)?nt("",!0):(w(),D("span",HX,`
              new
            `))],2)]),P[18]||(P[18]=T()),v("li",WX,[v("a",{class:Pt(["nav-link px-2 py-0",{active:i.value==="raw"}]),href:"#raw"},"Raw",2)]),P[19]||(P[19]=T()),v("li",UX,[v("a",{class:Pt(["nav-link px-2 py-0",{active:i.value==="query",disabled:!o.value}]),href:"#query"},"Query",2)]),P[20]||(P[20]=T()),v("li",$X,[v("a",{class:Pt(["nav-link px-2 py-0",{active:i.value==="stats"}]),href:"#stats"},"Stats",2)])]),P[21]||(P[21]=T()),v("div",FX,[v("a",VX,[Lt(hT),T(" "+mt(h(n)),1)])])]),P[40]||(P[40]=T()),v("div",zX,[v("div",{class:Pt(["tab-pane flex-grow-1 overflow-hidden",{"show active d-flex":i.value==="plan"}])},[v("div",GX,[Lt(_T),P[32]||(P[32]=T()),v("div",XX,[v("div",KX,[Lt(h(y6),{class:"default-theme",onResize:P[4]||(P[4]=J=>b.diagramWidth=J[0].size)},{default:ze(()=>[c.value?(w(),Be(h(k1),{key:0,size:b.diagramWidth,class:"d-flex flex-column"},{default:ze(()=>[Lt(bW,{ref:"diagram",class:"d-flex flex-column flex-grow-1 overflow-hidden plan-diagram"},null,512)]),_:1},8,["size"])):nt("",!0),P[31]||(P[31]=T()),Lt(h(k1),{ref_key:"planEl",ref:d,class:"plan grab-bing position-relative"},{default:ze(()=>[c.value?(w(),D("div",YX,[v("div",qX,[v("button",{class:Pt(["btn btn-outline-secondary",{active:b.highlightType===h(Tr).NONE}]),onClick:P[0]||(P[0]=J=>b.highlightType=h(Tr).NONE)},`
                        none
                      `,2),P[22]||(P[22]=T()),v("button",{class:Pt(["btn btn-outline-secondary",{active:b.highlightType===h(Tr).DURATION}]),onClick:P[1]||(P[1]=J=>b.highlightType=h(Tr).DURATION),disabled:!c.value.isAnalyze},`
                        duration
                      `,10,jX),P[23]||(P[23]=T()),v("button",{class:Pt(["btn btn-outline-secondary",{active:b.highlightType===h(Tr).ROWS}]),onClick:P[2]||(P[2]=J=>b.highlightType=h(Tr).ROWS),disabled:!f.value||f.value[h(m).ACTUAL_ROWS]===void 0},`
                        rows
                      `,10,JX),P[24]||(P[24]=T()),v("button",{class:Pt(["btn btn-outline-secondary",{active:b.highlightType===h(Tr).COST}]),onClick:P[3]||(P[3]=J=>b.highlightType=h(Tr).COST)},`
                        cost
                      `,2)])])):nt("",!0),P[30]||(P[30]=T()),(w(),D("svg",QX,[v("g",{transform:A.value},[(w(!0),D($t,null,je(U.value,(J,Z)=>(w(),D("path",{key:`linkcte${Z}`,d:B.value(J),stroke:"#B3D7D7","stroke-width":K.value(J.target.data[h(m).ACTUAL_ROWS_REVISED]),fill:"none"},null,8,tK))),128)),P[27]||(P[27]=T()),(w(!0),D($t,null,je(z.value?.links(),(J,Z)=>(w(),D("path",{key:`link${Z}`,d:B.value(J),class:Pt({"never-executed":Rt(J.target.data)}),stroke:"grey","stroke-width":K.value(J.target.data[h(m).ACTUAL_ROWS_REVISED]),"stroke-linecap":"square",fill:"none"},null,10,eK))),128)),P[28]||(P[28]=T()),(w(!0),D($t,null,je(z.value?.descendants(),(J,Z)=>(w(),D("foreignObject",{key:Z,x:J.x-J.xSize/2,y:J.y,width:J.xSize,height:"1",ref_for:!0,ref:"root"},[Lt(mT,{node:J.data,class:"d-flex justify-content-center position-fixed"},null,8,["node"])],8,nK))),128)),P[29]||(P[29]=T()),(w(!0),D($t,null,je(x.value,J=>(w(),D("g",{key:J.data.nodeId},[v("rect",{x:bt(J)[0]-pi/4,y:bt(J)[2]-pi/2,width:bt(J)[1]-bt(J)[0]+pi/2,height:bt(J)[3]-bt(J)[2],stroke:"#cfcfcf","stroke-width":"2",fill:"#cfcfcf","fill-opacity":"10%",rx:"5",ry:"5"},null,8,rK),P[25]||(P[25]=T()),(w(!0),D($t,null,je(J.links(),(Z,C)=>(w(),D("path",{key:`link${C}`,d:B.value(Z),stroke:"grey","stroke-width":K.value(Z.target.data[h(m).ACTUAL_ROWS_REVISED]),"stroke-linecap":"square",fill:"none"},null,8,iK))),128)),P[26]||(P[26]=T()),(w(!0),D($t,null,je(J.descendants(),(Z,C)=>(w(),D("foreignObject",{key:C,x:Z.x-Z.xSize/2,y:Z.y,width:Z.xSize,height:"1",ref_for:!0,ref:"root"},[Lt(mT,{node:Z.data,class:"d-flex justify-content-center position-fixed"},null,8,["node"])],8,sK))),128))]))),128))],8,ZX)]))]),_:1},512)]),_:1})])])])],2),P[36]||(P[36]=T()),i.value==="grid"?(w(),D("div",{key:0,class:Pt(["tab-pane flex-grow-1 overflow-hidden position-relative",{"show active":i.value==="grid"}])},[v("div",oK,[Lt(_T),P[33]||(P[33]=T()),Lt(qU,{class:"flex-grow-1 overflow-auto plan-grid"})])],2)):nt("",!0),P[37]||(P[37]=T()),v("div",{class:Pt(["tab-pane flex-grow-1 overflow-hidden position-relative",{"show active":i.value==="raw"}])},[v("div",aK,[v("div",lK,[v("pre",cK,[v("code",{innerHTML:h(f5)(Y.planSource)},null,8,uK)])]),P[34]||(P[34]=T()),Lt(rh,{content:Y.planSource},null,8,["content"])])],2),P[38]||(P[38]=T()),o.value?(w(),D("div",{key:1,class:Pt(["tab-pane flex-grow-1 overflow-hidden position-relative",{"show active":i.value==="query"}])},[v("div",dK,[v("div",fK,[v("pre",pK,[v("code",{innerHTML:h(d5)(o.value)},null,8,hK)])])]),P[35]||(P[35]=T()),Lt(rh,{content:o.value},null,8,["content"])],2)):nt("",!0),P[39]||(P[39]=T()),v("div",{class:Pt(["tab-pane flex-grow-1 overflow-auto",{"show active":i.value==="stats"}])},[c.value?(w(),Be(D$,{key:0})):nt("",!0)],2)])],512)):(w(),D("div",OX,[v("div",LX,[v("div",yX,[P[9]||(P[9]=v("h5",{class:"card-title text-danger"},"Couldn't parse plan",-1)),P[10]||(P[10]=T()),P[11]||(P[11]=v("h6",{class:"card-subtitle mb-2 text-body-secondary"},`
          An error occured while parsing the plan
        `,-1)),P[12]||(P[12]=T()),v("div",NX,[v("div",CX,[v("pre",wX,[v("code",{innerHTML:Y.planSource},null,8,xX)])]),P[5]||(P[5]=T()),Lt(rh,{content:Y.planSource},null,8,["content"])]),P[13]||(P[13]=T()),P[14]||(P[14]=v("p",{class:"card-text text-body-dark"},`
          The plan you submited couldn't be parsed. This may be a bug. You can
          help us fix it by opening a new issue.
        `,-1)),P[15]||(P[15]=T()),v("div",IX,[v("span",kX,[Lt(hT),P[6]||(P[6]=T(`
            PEV2 `)),v("i",null,"version "+mt(h(n)),1)]),P[7]||(P[7]=T()),P[8]||(P[8]=v("a",{href:"https://github.com/dalibo/pev2/issues/new?template=parsing_error.md&labels=parsing&title=Failed+to+parse+plan",target:"_blank",class:"btn btn-primary ms-auto"},"Open an issue on Github",-1))])])])]))}}),_K=`Nested Loop Left Join  (cost=11.95..28.52 rows=5 width=157) (actual time=0.010..0.010 rows=0 loops=1)
  Output: rel_users_exams.user_username, rel_users_exams.exam_id, rel_users_exams.started_at, rel_users_exams.finished_at, exam_1.id, exam_1.title, exam_1.date_from, exam_1.date_to, exam_1.created, exam_1.created_by_, exam_1.duration, exam_1.success_threshold, exam_1.published
  Inner Unique: true
  Join Filter: (exam_1.id = rel_users_exams.exam_id)
  Buffers: shared hit=1
  ->  Bitmap Heap Scan on public.rel_users_exams  (cost=11.80..20.27 rows=5 width=52) (actual time=0.009..0.009 rows=0 loops=1)
        Output: rel_users_exams.user_username, rel_users_exams.exam_id, rel_users_exams.started_at, rel_users_exams.finished_at
        Recheck Cond: (1 = rel_users_exams.exam_id)
        Buffers: shared hit=1
        ->  Bitmap Index Scan on rel_users_exams_pkey  (cost=0.00..11.80 rows=5 width=0) (actual time=0.005..0.005 rows=0 loops=1)
              Index Cond: (1 = rel_users_exams.exam_id)
              Buffers: shared hit=1
  ->  Materialize  (cost=0.15..8.17 rows=1 width=105) (never executed)
        Output: exam_1.id, exam_1.title, exam_1.date_from, exam_1.date_to, exam_1.created, exam_1.created_by_, exam_1.duration, exam_1.success_threshold, exam_1.published
        ->  Index Scan using exam_pkey on public.exam exam_1  (cost=0.15..8.17 rows=1 width=105) (never executed)
              Output: exam_1.id, exam_1.title, exam_1.date_from, exam_1.date_to, exam_1.created, exam_1.created_by_, exam_1.duration, exam_1.success_threshold, exam_1.published
              Index Cond: (exam_1.id = 1)
Planning Time: 1.110 ms
Execution Time: 0.170 ms
`,$T=`/* A join between two tables */
SELECT rel_users_exams.user_username AS rel_users_exams_user_username,
         rel_users_exams.exam_id AS rel_users_exams_exam_id,
         rel_users_exams.started_at AS rel_users_exams_started_at,
         rel_users_exams.finished_at AS rel_users_exams_finished_at,
         exam_1.id AS exam_1_id,
         exam_1.title AS exam_1_title,
         exam_1.date_from AS exam_1_date_from,
         exam_1.date_to AS exam_1_date_to,
         exam_1.created AS exam_1_created,
         exam_1.created_by_ AS exam_1_created_by_,
         exam_1.duration AS exam_1_duration,
         exam_1.success_threshold AS exam_1_success_threshold,
         exam_1.published AS exam_1_published
FROM rel_users_exams LEFT OUTER
JOIN exam AS exam_1
    ON exam_1.id = rel_users_exams.exam_id
WHERE 1 = rel_users_exams.exam_id;
`,EK=`[
  {
    "Plan": {
      "Node Type": "Nested Loop",
      "Parallel Aware": false,
      "Join Type": "Left",
      "Startup Cost": 11.95,
      "Total Cost": 28.52,
      "Plan Rows": 5,
      "Plan Width": 157,
      "Actual Startup Time": 0.007,
      "Actual Total Time": 0.007,
      "Actual Rows": 0,
      "Actual Loops": 1,
      "Output": ["rel_users_exams.user_username", "rel_users_exams.exam_id", "rel_users_exams.started_at", "rel_users_exams.finished_at", "exam_1.id", "exam_1.title", "exam_1.date_from", "exam_1.date_to", "exam_1.created", "exam_1.created_by_", "exam_1.duration", "exam_1.success_threshold", "exam_1.published"],
      "Inner Unique": true,
      "Join Filter": "(exam_1.id = rel_users_exams.exam_id)",
      "Rows Removed by Join Filter": 0,
      "Shared Hit Blocks": 1,
      "Shared Read Blocks": 0,
      "Shared Dirtied Blocks": 0,
      "Shared Written Blocks": 0,
      "Local Hit Blocks": 0,
      "Local Read Blocks": 0,
      "Local Dirtied Blocks": 0,
      "Local Written Blocks": 0,
      "Temp Read Blocks": 0,
      "Temp Written Blocks": 0,
      "Plans": [
        {
          "Node Type": "Bitmap Heap Scan",
          "Parent Relationship": "Outer",
          "Parallel Aware": false,
          "Relation Name": "rel_users_exams",
          "Schema": "public",
          "Alias": "rel_users_exams",
          "Startup Cost": 11.80,
          "Total Cost": 20.27,
          "Plan Rows": 5,
          "Plan Width": 52,
          "Actual Startup Time": 0.006,
          "Actual Total Time": 0.006,
          "Actual Rows": 0,
          "Actual Loops": 1,
          "Output": ["rel_users_exams.user_username", "rel_users_exams.exam_id", "rel_users_exams.started_at", "rel_users_exams.finished_at"],
          "Recheck Cond": "(1 = rel_users_exams.exam_id)",
          "Rows Removed by Index Recheck": 0,
          "Exact Heap Blocks": 0,
          "Lossy Heap Blocks": 0,
          "Shared Hit Blocks": 1,
          "Shared Read Blocks": 0,
          "Shared Dirtied Blocks": 0,
          "Shared Written Blocks": 0,
          "Local Hit Blocks": 0,
          "Local Read Blocks": 0,
          "Local Dirtied Blocks": 0,
          "Local Written Blocks": 0,
          "Temp Read Blocks": 0,
          "Temp Written Blocks": 0,
          "Plans": [
            {
              "Node Type": "Bitmap Index Scan",
              "Parent Relationship": "Outer",
              "Parallel Aware": false,
              "Index Name": "rel_users_exams_pkey",
              "Startup Cost": 0.00,
              "Total Cost": 11.80,
              "Plan Rows": 5,
              "Plan Width": 0,
              "Actual Startup Time": 0.003,
              "Actual Total Time": 0.004,
              "Actual Rows": 0,
              "Actual Loops": 1,
              "Index Cond": "(1 = rel_users_exams.exam_id)",
              "Shared Hit Blocks": 1,
              "Shared Read Blocks": 0,
              "Shared Dirtied Blocks": 0,
              "Shared Written Blocks": 0,
              "Local Hit Blocks": 0,
              "Local Read Blocks": 0,
              "Local Dirtied Blocks": 0,
              "Local Written Blocks": 0,
              "Temp Read Blocks": 0,
              "Temp Written Blocks": 0
            }
          ]
        },
        {
          "Node Type": "Materialize",
          "Parent Relationship": "Inner",
          "Parallel Aware": false,
          "Startup Cost": 0.15,
          "Total Cost": 8.17,
          "Plan Rows": 1,
          "Plan Width": 105,
          "Actual Startup Time": 0.000,
          "Actual Total Time": 0.000,
          "Actual Rows": 0,
          "Actual Loops": 0,
          "Output": ["exam_1.id", "exam_1.title", "exam_1.date_from", "exam_1.date_to", "exam_1.created", "exam_1.created_by_", "exam_1.duration", "exam_1.success_threshold", "exam_1.published"],
          "Shared Hit Blocks": 0,
          "Shared Read Blocks": 0,
          "Shared Dirtied Blocks": 0,
          "Shared Written Blocks": 0,
          "Local Hit Blocks": 0,
          "Local Read Blocks": 0,
          "Local Dirtied Blocks": 0,
          "Local Written Blocks": 0,
          "Temp Read Blocks": 0,
          "Temp Written Blocks": 0,
          "Plans": [
            {
              "Node Type": "Index Scan",
              "Parent Relationship": "Outer",
              "Parallel Aware": false,
              "Scan Direction": "Forward",
              "Index Name": "exam_pkey",
              "Relation Name": "exam",
              "Schema": "public",
              "Alias": "exam_1",
              "Startup Cost": 0.15,
              "Total Cost": 8.17,
              "Plan Rows": 1,
              "Plan Width": 105,
              "Actual Startup Time": 0.000,
              "Actual Total Time": 0.000,
              "Actual Rows": 0,
              "Actual Loops": 0,
              "Output": ["exam_1.id", "exam_1.title", "exam_1.date_from", "exam_1.date_to", "exam_1.created", "exam_1.created_by_", "exam_1.duration", "exam_1.success_threshold", "exam_1.published"],
              "Index Cond": "(exam_1.id = 1)",
              "Rows Removed by Index Recheck": 0,
              "Shared Hit Blocks": 0,
              "Shared Read Blocks": 0,
              "Shared Dirtied Blocks": 0,
              "Shared Written Blocks": 0,
              "Local Hit Blocks": 0,
              "Local Read Blocks": 0,
              "Local Dirtied Blocks": 0,
              "Local Written Blocks": 0,
              "Temp Read Blocks": 0,
              "Temp Written Blocks": 0
            }
          ]
        }
      ]
    },
    "Planning Time": 0.905,
    "Triggers": [
    ],
    "Execution Time": 0.134
  }
]`,gK=`[
  {
    "Plan": {
      "Node Type": "Sort",
      "Parallel Aware": false,
      "Startup Cost": 624.86,
      "Total Cost": 625.88,
      "Plan Rows": 410,
      "Plan Width": 726,
      "Actual Startup Time": 6.039,
      "Actual Total Time": 6.088,
      "Actual Rows": 339,
      "Actual Loops": 1,
      "Output": ["rel_users_exams.user_username", "rel_users_exams.exam_id", "rel_users_exams.started_at", "rel_users_exams.finished_at", "answer_1.id", "answer_1.text", "answer_1.correct", "answer_1.fraction", "answer_1.question_id", "question_1.id", "question_1.title", "question_1.text", "question_1.file", "question_1.type", "question_1.source", "question_1.exam_id", "exam_1.id", "exam_1.title", "exam_1.date_from", "exam_1.date_to", "exam_1.created", "exam_1.created_by_", "exam_1.duration", "exam_1.success_threshold", "exam_1.published"],
      "Sort Key": ["question_1.id"],
      "Sort Method": "quicksort",
      "Sort Space Used": 409,
      "Sort Space Type": "Memory",
      "Shared Hit Blocks": 363,
      "Shared Read Blocks": 0,
      "Shared Dirtied Blocks": 0,
      "Shared Written Blocks": 0,
      "Local Hit Blocks": 0,
      "Local Read Blocks": 0,
      "Local Dirtied Blocks": 0,
      "Local Written Blocks": 0,
      "Temp Read Blocks": 0,
      "Temp Written Blocks": 0,
      "Plans": [
        {
          "Node Type": "Nested Loop",
          "Parent Relationship": "Outer",
          "Parallel Aware": false,
          "Join Type": "Left",
          "Startup Cost": 228.60,
          "Total Cost": 607.06,
          "Plan Rows": 410,
          "Plan Width": 726,
          "Actual Startup Time": 1.074,
          "Actual Total Time": 5.576,
          "Actual Rows": 339,
          "Actual Loops": 1,
          "Output": ["rel_users_exams.user_username", "rel_users_exams.exam_id", "rel_users_exams.started_at", "rel_users_exams.finished_at", "answer_1.id", "answer_1.text", "answer_1.correct", "answer_1.fraction", "answer_1.question_id", "question_1.id", "question_1.title", "question_1.text", "question_1.file", "question_1.type", "question_1.source", "question_1.exam_id", "exam_1.id", "exam_1.title", "exam_1.date_from", "exam_1.date_to", "exam_1.created", "exam_1.created_by_", "exam_1.duration", "exam_1.success_threshold", "exam_1.published"],
          "Join Filter": "(exam_1.id = question_1.exam_id)",
          "Rows Removed by Join Filter": 0,
          "Shared Hit Blocks": 360,
          "Shared Read Blocks": 0,
          "Shared Dirtied Blocks": 0,
          "Shared Written Blocks": 0,
          "Local Hit Blocks": 0,
          "Local Read Blocks": 0,
          "Local Dirtied Blocks": 0,
          "Local Written Blocks": 0,
          "Temp Read Blocks": 0,
          "Temp Written Blocks": 0,
          "Plans": [
            {
              "Node Type": "Nested Loop",
              "Parent Relationship": "Outer",
              "Parallel Aware": false,
              "Join Type": "Left",
              "Startup Cost": 0.00,
              "Total Cost": 2.94,
              "Plan Rows": 1,
              "Plan Width": 99,
              "Actual Startup Time": 0.025,
              "Actual Total Time": 0.033,
              "Actual Rows": 1,
              "Actual Loops": 1,
              "Output": ["rel_users_exams.user_username", "rel_users_exams.exam_id", "rel_users_exams.started_at", "rel_users_exams.finished_at", "exam_1.id", "exam_1.title", "exam_1.date_from", "exam_1.date_to", "exam_1.created", "exam_1.created_by_", "exam_1.duration", "exam_1.success_threshold", "exam_1.published"],
              "Join Filter": "(exam_1.id = rel_users_exams.exam_id)",
              "Rows Removed by Join Filter": 0,
              "Shared Hit Blocks": 2,
              "Shared Read Blocks": 0,
              "Shared Dirtied Blocks": 0,
              "Shared Written Blocks": 0,
              "Local Hit Blocks": 0,
              "Local Read Blocks": 0,
              "Local Dirtied Blocks": 0,
              "Local Written Blocks": 0,
              "Temp Read Blocks": 0,
              "Temp Written Blocks": 0,
              "Plans": [
                {
                  "Node Type": "Seq Scan",
                  "Parent Relationship": "Outer",
                  "Parallel Aware": false,
                  "Relation Name": "rel_users_exams",
                  "Schema": "public",
                  "Alias": "rel_users_exams",
                  "Startup Cost": 0.00,
                  "Total Cost": 1.73,
                  "Plan Rows": 1,
                  "Plan Width": 27,
                  "Actual Startup Time": 0.016,
                  "Actual Total Time": 0.021,
                  "Actual Rows": 1,
                  "Actual Loops": 1,
                  "Output": ["rel_users_exams.user_username", "rel_users_exams.exam_id", "rel_users_exams.started_at", "rel_users_exams.finished_at"],
                  "Filter": "((rel_users_exams.exam_id = 1) AND ((rel_users_exams.user_username)::text = 'nicolas1'::text))",
                  "Rows Removed by Filter": 56,
                  "Shared Hit Blocks": 1,
                  "Shared Read Blocks": 0,
                  "Shared Dirtied Blocks": 0,
                  "Shared Written Blocks": 0,
                  "Local Hit Blocks": 0,
                  "Local Read Blocks": 0,
                  "Local Dirtied Blocks": 0,
                  "Local Written Blocks": 0,
                  "Temp Read Blocks": 0,
                  "Temp Written Blocks": 0
                },
                {
                  "Node Type": "Seq Scan",
                  "Parent Relationship": "Inner",
                  "Parallel Aware": false,
                  "Relation Name": "exam",
                  "Schema": "public",
                  "Alias": "exam_1",
                  "Startup Cost": 0.00,
                  "Total Cost": 1.19,
                  "Plan Rows": 1,
                  "Plan Width": 72,
                  "Actual Startup Time": 0.006,
                  "Actual Total Time": 0.009,
                  "Actual Rows": 1,
                  "Actual Loops": 1,
                  "Output": ["exam_1.id", "exam_1.title", "exam_1.date_from", "exam_1.date_to", "exam_1.created", "exam_1.created_by_", "exam_1.duration", "exam_1.success_threshold", "exam_1.published"],
                  "Filter": "(exam_1.id = 1)",
                  "Rows Removed by Filter": 35,
                  "Shared Hit Blocks": 1,
                  "Shared Read Blocks": 0,
                  "Shared Dirtied Blocks": 0,
                  "Shared Written Blocks": 0,
                  "Local Hit Blocks": 0,
                  "Local Read Blocks": 0,
                  "Local Dirtied Blocks": 0,
                  "Local Written Blocks": 0,
                  "Temp Read Blocks": 0,
                  "Temp Written Blocks": 0
                }
              ]
            },
            {
              "Node Type": "Hash Join",
              "Parent Relationship": "Inner",
              "Parallel Aware": false,
              "Join Type": "Right",
              "Startup Cost": 228.60,
              "Total Cost": 599.00,
              "Plan Rows": 410,
              "Plan Width": 627,
              "Actual Startup Time": 1.047,
              "Actual Total Time": 5.420,
              "Actual Rows": 339,
              "Actual Loops": 1,
              "Output": ["question_1.id", "question_1.title", "question_1.text", "question_1.file", "question_1.type", "question_1.source", "question_1.exam_id", "answer_1.id", "answer_1.text", "answer_1.correct", "answer_1.fraction", "answer_1.question_id"],
              "Hash Cond": "(answer_1.question_id = question_1.id)",
              "Shared Hit Blocks": 358,
              "Shared Read Blocks": 0,
              "Shared Dirtied Blocks": 0,
              "Shared Written Blocks": 0,
              "Local Hit Blocks": 0,
              "Local Read Blocks": 0,
              "Local Dirtied Blocks": 0,
              "Local Written Blocks": 0,
              "Temp Read Blocks": 0,
              "Temp Written Blocks": 0,
              "Plans": [
                {
                  "Node Type": "Seq Scan",
                  "Parent Relationship": "Outer",
                  "Parallel Aware": false,
                  "Relation Name": "answer",
                  "Schema": "public",
                  "Alias": "answer_1",
                  "Startup Cost": 0.00,
                  "Total Cost": 311.13,
                  "Plan Rows": 14713,
                  "Plan Width": 55,
                  "Actual Startup Time": 0.007,
                  "Actual Total Time": 1.962,
                  "Actual Rows": 14726,
                  "Actual Loops": 1,
                  "Output": ["answer_1.id", "answer_1.text", "answer_1.correct", "answer_1.fraction", "answer_1.question_id"],
                  "Shared Hit Blocks": 164,
                  "Shared Read Blocks": 0,
                  "Shared Dirtied Blocks": 0,
                  "Shared Written Blocks": 0,
                  "Local Hit Blocks": 0,
                  "Local Read Blocks": 0,
                  "Local Dirtied Blocks": 0,
                  "Local Written Blocks": 0,
                  "Temp Read Blocks": 0,
                  "Temp Written Blocks": 0
                },
                {
                  "Node Type": "Hash",
                  "Parent Relationship": "Inner",
                  "Parallel Aware": false,
                  "Startup Cost": 227.66,
                  "Total Cost": 227.66,
                  "Plan Rows": 75,
                  "Plan Width": 572,
                  "Actual Startup Time": 1.025,
                  "Actual Total Time": 1.025,
                  "Actual Rows": 63,
                  "Actual Loops": 1,
                  "Output": ["question_1.id", "question_1.title", "question_1.text", "question_1.file", "question_1.type", "question_1.source", "question_1.exam_id"],
                  "Hash Buckets": 1024,
                  "Original Hash Buckets": 1024,
                  "Hash Batches": 1,
                  "Original Hash Batches": 1,
                  "Peak Memory Usage": 46,
                  "Shared Hit Blocks": 194,
                  "Shared Read Blocks": 0,
                  "Shared Dirtied Blocks": 0,
                  "Shared Written Blocks": 0,
                  "Local Hit Blocks": 0,
                  "Local Read Blocks": 0,
                  "Local Dirtied Blocks": 0,
                  "Local Written Blocks": 0,
                  "Temp Read Blocks": 0,
                  "Temp Written Blocks": 0,
                  "Plans": [
                    {
                      "Node Type": "Seq Scan",
                      "Parent Relationship": "Outer",
                      "Parallel Aware": false,
                      "Relation Name": "question",
                      "Schema": "public",
                      "Alias": "question_1",
                      "Startup Cost": 0.00,
                      "Total Cost": 227.66,
                      "Plan Rows": 75,
                      "Plan Width": 572,
                      "Actual Startup Time": 0.004,
                      "Actual Total Time": 0.984,
                      "Actual Rows": 63,
                      "Actual Loops": 1,
                      "Output": ["question_1.id", "question_1.title", "question_1.text", "question_1.file", "question_1.type", "question_1.source", "question_1.exam_id"],
                      "Filter": "(question_1.exam_id = 1)",
                      "Rows Removed by Filter": 2637,
                      "Shared Hit Blocks": 194,
                      "Shared Read Blocks": 0,
                      "Shared Dirtied Blocks": 0,
                      "Shared Written Blocks": 0,
                      "Local Hit Blocks": 0,
                      "Local Read Blocks": 0,
                      "Local Dirtied Blocks": 0,
                      "Local Written Blocks": 0,
                      "Temp Read Blocks": 0,
                      "Temp Written Blocks": 0
                    }
                  ]
                }
              ]
            }
          ]
        }
      ]
    },
    "Planning Time": 1.206,
    "Triggers": [
    ],
    "Execution Time": 6.248
  }
]
`,TK=`/* Joins between four tables */
SELECT rel_users_exams.user_username AS rel_users_exams_user_username,
         rel_users_exams.exam_id AS rel_users_exams_exam_id,
         rel_users_exams.started_at AS rel_users_exams_started_at,
         rel_users_exams.finished_at AS rel_users_exams_finished_at,
         answer_1.id AS answer_1_id,
         answer_1.text AS answer_1_text,
         answer_1.correct AS answer_1_correct,
         answer_1.fraction AS answer_1_fraction,
         answer_1.question_id AS answer_1_question_id,
         question_1.id AS question_1_id,
         question_1.title AS question_1_title,
         question_1.text AS question_1_text,
         question_1.file AS question_1_file,
         question_1.type AS question_1_type,
         question_1.source AS question_1_source,
         question_1.exam_id AS question_1_exam_id,
         exam_1.id AS exam_1_id,
         exam_1.title AS exam_1_title,
         exam_1.date_from AS exam_1_date_from,
         exam_1.date_to AS exam_1_date_to,
         exam_1.created AS exam_1_created,
         exam_1.created_by_ AS exam_1_created_by_,
         exam_1.duration AS exam_1_duration,
         exam_1.success_threshold AS exam_1_success_threshold,
         exam_1.published AS exam_1_published
FROM rel_users_exams LEFT OUTER
JOIN exam AS exam_1
    ON exam_1.id = rel_users_exams.exam_id LEFT OUTER
JOIN question AS question_1
    ON exam_1.id = question_1.exam_id LEFT OUTER
JOIN answer AS answer_1
    ON question_1.id = answer_1.question_id
WHERE rel_users_exams.user_username = %(param_1)s
        AND rel_users_exams.exam_id = %(param_2)s
ORDER BY  question_1.id;
`,vK=`[
  {
    "Plan": {
      "Node Type": "Sort",
      "Startup Cost": 1460.74,
      "Total Cost": 1470.87,
      "Plan Rows": 4050,
      "Plan Width": 183,
      "Actual Startup Time": 13.766,
      "Actual Total Time": 13.793,
      "Actual Rows": 352,
      "Actual Loops": 1,
      "Output": ["sv.variant_id", "sv.sku", "sp.slug", "sp.name", "vc.color", "pr.min_price", "pcc.available_colors", "sv.product_id"],
      "Sort Key": ["sv.product_id"],
      "Sort Method": "quicksort",
      "Sort Space Used": 101,
      "Sort Space Type": "Memory",
      "Shared Hit Blocks": 2695,
      "Shared Read Blocks": 0,
      "Shared Dirtied Blocks": 0,
      "Shared Written Blocks": 0,
      "Local Hit Blocks": 0,
      "Local Read Blocks": 0,
      "Local Dirtied Blocks": 0,
      "Local Written Blocks": 0,
      "Temp Read Blocks": 0,
      "Temp Written Blocks": 0,
      "I/O Read Time": 0.000,
      "I/O Write Time": 0.000,
      "Plans": [
        {
          "Node Type": "Seq Scan",
          "Parent Relationship": "InitPlan",
          "Subplan Name": "CTE catalog_variants",
          "Relation Name": "spree_variants",
          "Schema": "public",
          "Alias": "spree_variants",
          "Startup Cost": 0.00,
          "Total Cost": 80.47,
          "Plan Rows": 352,
          "Plan Width": 19,
          "Actual Startup Time": 0.022,
          "Actual Total Time": 0.740,
          "Actual Rows": 352,
          "Actual Loops": 1,
          "Output": ["spree_variants.id", "spree_variants.product_id", "spree_variants.sku"],
          "Filter": "((spree_variants.deleted_at IS NULL) AND spree_variants.show_in_catalog)",
          "Rows Removed by Filter": 3595,
          "Shared Hit Blocks": 41,
          "Shared Read Blocks": 0,
          "Shared Dirtied Blocks": 0,
          "Shared Written Blocks": 0,
          "Local Hit Blocks": 0,
          "Local Read Blocks": 0,
          "Local Dirtied Blocks": 0,
          "Local Written Blocks": 0,
          "Temp Read Blocks": 0,
          "Temp Written Blocks": 0,
          "I/O Read Time": 0.000,
          "I/O Write Time": 0.000
        },
        {
          "Node Type": "Aggregate",
          "Strategy": "Sorted",
          "Parent Relationship": "InitPlan",
          "Subplan Name": "CTE product_color_classifications",
          "Startup Cost": 288.86,
          "Total Cost": 292.38,
          "Plan Rows": 176,
          "Plan Width": 12,
          "Actual Startup Time": 2.799,
          "Actual Total Time": 3.980,
          "Actual Rows": 311,
          "Actual Loops": 1,
          "Output": ["sv_1.product_id", "array_agg(DISTINCT sov.presentation)"],
          "Group Key": ["sv_1.product_id"],
          "Shared Hit Blocks": 1295,
          "Shared Read Blocks": 0,
          "Shared Dirtied Blocks": 0,
          "Shared Written Blocks": 0,
          "Local Hit Blocks": 0,
          "Local Read Blocks": 0,
          "Local Dirtied Blocks": 0,
          "Local Written Blocks": 0,
          "Temp Read Blocks": 0,
          "Temp Written Blocks": 0,
          "I/O Read Time": 0.000,
          "I/O Write Time": 0.000,
          "Plans": [
            {
              "Node Type": "Sort",
              "Parent Relationship": "Outer",
              "Startup Cost": 288.86,
              "Total Cost": 289.30,
              "Plan Rows": 176,
              "Plan Width": 12,
              "Actual Startup Time": 2.676,
              "Actual Total Time": 2.705,
              "Actual Rows": 352,
              "Actual Loops": 1,
              "Output": ["sv_1.product_id", "sov.presentation"],
              "Sort Key": ["sv_1.product_id"],
              "Sort Method": "quicksort",
              "Sort Space Used": 41,
              "Sort Space Type": "Memory",
              "Shared Hit Blocks": 1287,
              "Shared Read Blocks": 0,
              "Shared Dirtied Blocks": 0,
              "Shared Written Blocks": 0,
              "Local Hit Blocks": 0,
              "Local Read Blocks": 0,
              "Local Dirtied Blocks": 0,
              "Local Written Blocks": 0,
              "Temp Read Blocks": 0,
              "Temp Written Blocks": 0,
              "I/O Read Time": 0.000,
              "I/O Write Time": 0.000,
              "Plans": [
                {
                  "Node Type": "Hash Join",
                  "Parent Relationship": "Outer",
                  "Join Type": "Inner",
                  "Startup Cost": 20.28,
                  "Total Cost": 282.30,
                  "Plan Rows": 176,
                  "Plan Width": 12,
                  "Actual Startup Time": 0.312,
                  "Actual Total Time": 2.450,
                  "Actual Rows": 352,
                  "Actual Loops": 1,
                  "Output": ["sv_1.product_id", "sov.presentation"],
                  "Hash Cond": "(sov_sv.option_value_id = sov.id)",
                  "Shared Hit Blocks": 1287,
                  "Shared Read Blocks": 0,
                  "Shared Dirtied Blocks": 0,
                  "Shared Written Blocks": 0,
                  "Local Hit Blocks": 0,
                  "Local Read Blocks": 0,
                  "Local Dirtied Blocks": 0,
                  "Local Written Blocks": 0,
                  "Temp Read Blocks": 0,
                  "Temp Written Blocks": 0,
                  "I/O Read Time": 0.000,
                  "I/O Write Time": 0.000,
                  "Plans": [
                    {
                      "Node Type": "Nested Loop",
                      "Parent Relationship": "Outer",
                      "Join Type": "Inner",
                      "Startup Cost": 12.71,
                      "Total Cost": 270.98,
                      "Plan Rows": 528,
                      "Plan Width": 8,
                      "Actual Startup Time": 0.229,
                      "Actual Total Time": 2.086,
                      "Actual Rows": 1056,
                      "Actual Loops": 1,
                      "Output": ["sv_1.product_id", "sov_sv.option_value_id"],
                      "Shared Hit Blocks": 1284,
                      "Shared Read Blocks": 0,
                      "Shared Dirtied Blocks": 0,
                      "Shared Written Blocks": 0,
                      "Local Hit Blocks": 0,
                      "Local Read Blocks": 0,
                      "Local Dirtied Blocks": 0,
                      "Local Written Blocks": 0,
                      "Temp Read Blocks": 0,
                      "Temp Written Blocks": 0,
                      "I/O Read Time": 0.000,
                      "I/O Write Time": 0.000,
                      "Plans": [
                        {
                          "Node Type": "Hash Join",
                          "Parent Relationship": "Outer",
                          "Join Type": "Inner",
                          "Startup Cost": 12.42,
                          "Total Cost": 24.30,
                          "Plan Rows": 176,
                          "Plan Width": 12,
                          "Actual Startup Time": 0.221,
                          "Actual Total Time": 0.468,
                          "Actual Rows": 352,
                          "Actual Loops": 1,
                          "Output": ["sv_1.product_id", "sv_1.variant_id", "catalog_variants.variant_id"],
                          "Hash Cond": "(sv_1.variant_id = catalog_variants.variant_id)",
                          "Shared Hit Blocks": 0,
                          "Shared Read Blocks": 0,
                          "Shared Dirtied Blocks": 0,
                          "Shared Written Blocks": 0,
                          "Local Hit Blocks": 0,
                          "Local Read Blocks": 0,
                          "Local Dirtied Blocks": 0,
                          "Local Written Blocks": 0,
                          "Temp Read Blocks": 0,
                          "Temp Written Blocks": 0,
                          "I/O Read Time": 0.000,
                          "I/O Write Time": 0.000,
                          "Plans": [
                            {
                              "Node Type": "CTE Scan",
                              "Parent Relationship": "Outer",
                              "CTE Name": "catalog_variants",
                              "Alias": "sv_1",
                              "Startup Cost": 0.00,
                              "Total Cost": 7.04,
                              "Plan Rows": 352,
                              "Plan Width": 8,
                              "Actual Startup Time": 0.000,
                              "Actual Total Time": 0.086,
                              "Actual Rows": 352,
                              "Actual Loops": 1,
                              "Output": ["sv_1.variant_id", "sv_1.product_id", "sv_1.sku"],
                              "Shared Hit Blocks": 0,
                              "Shared Read Blocks": 0,
                              "Shared Dirtied Blocks": 0,
                              "Shared Written Blocks": 0,
                              "Local Hit Blocks": 0,
                              "Local Read Blocks": 0,
                              "Local Dirtied Blocks": 0,
                              "Local Written Blocks": 0,
                              "Temp Read Blocks": 0,
                              "Temp Written Blocks": 0,
                              "I/O Read Time": 0.000,
                              "I/O Write Time": 0.000
                            },
                            {
                              "Node Type": "Hash",
                              "Parent Relationship": "Inner",
                              "Startup Cost": 9.92,
                              "Total Cost": 9.92,
                              "Plan Rows": 200,
                              "Plan Width": 4,
                              "Actual Startup Time": 0.212,
                              "Actual Total Time": 0.212,
                              "Actual Rows": 352,
                              "Actual Loops": 1,
                              "Output": ["catalog_variants.variant_id"],
                              "Hash Buckets": 1024,
                              "Original Hash Buckets": 1024,
                              "Hash Batches": 1,
                              "Original Hash Batches": 1,
                              "Peak Memory Usage": 21,
                              "Shared Hit Blocks": 0,
                              "Shared Read Blocks": 0,
                              "Shared Dirtied Blocks": 0,
                              "Shared Written Blocks": 0,
                              "Local Hit Blocks": 0,
                              "Local Read Blocks": 0,
                              "Local Dirtied Blocks": 0,
                              "Local Written Blocks": 0,
                              "Temp Read Blocks": 0,
                              "Temp Written Blocks": 0,
                              "I/O Read Time": 0.000,
                              "I/O Write Time": 0.000,
                              "Plans": [
                                {
                                  "Node Type": "Aggregate",
                                  "Strategy": "Hashed",
                                  "Parent Relationship": "Outer",
                                  "Startup Cost": 7.92,
                                  "Total Cost": 9.92,
                                  "Plan Rows": 200,
                                  "Plan Width": 4,
                                  "Actual Startup Time": 0.112,
                                  "Actual Total Time": 0.158,
                                  "Actual Rows": 352,
                                  "Actual Loops": 1,
                                  "Output": ["catalog_variants.variant_id"],
                                  "Group Key": ["catalog_variants.variant_id"],
                                  "Shared Hit Blocks": 0,
                                  "Shared Read Blocks": 0,
                                  "Shared Dirtied Blocks": 0,
                                  "Shared Written Blocks": 0,
                                  "Local Hit Blocks": 0,
                                  "Local Read Blocks": 0,
                                  "Local Dirtied Blocks": 0,
                                  "Local Written Blocks": 0,
                                  "Temp Read Blocks": 0,
                                  "Temp Written Blocks": 0,
                                  "I/O Read Time": 0.000,
                                  "I/O Write Time": 0.000,
                                  "Plans": [
                                    {
                                      "Node Type": "CTE Scan",
                                      "Parent Relationship": "Outer",
                                      "CTE Name": "catalog_variants",
                                      "Alias": "catalog_variants",
                                      "Startup Cost": 0.00,
                                      "Total Cost": 7.04,
                                      "Plan Rows": 352,
                                      "Plan Width": 4,
                                      "Actual Startup Time": 0.001,
                                      "Actual Total Time": 0.029,
                                      "Actual Rows": 352,
                                      "Actual Loops": 1,
                                      "Output": ["catalog_variants.variant_id", "catalog_variants.product_id", "catalog_variants.sku"],
                                      "Shared Hit Blocks": 0,
                                      "Shared Read Blocks": 0,
                                      "Shared Dirtied Blocks": 0,
                                      "Shared Written Blocks": 0,
                                      "Local Hit Blocks": 0,
                                      "Local Read Blocks": 0,
                                      "Local Dirtied Blocks": 0,
                                      "Local Written Blocks": 0,
                                      "Temp Read Blocks": 0,
                                      "Temp Written Blocks": 0,
                                      "I/O Read Time": 0.000,
                                      "I/O Write Time": 0.000
                                    }
                                  ]
                                }
                              ]
                            }
                          ]
                        },
                        {
                          "Node Type": "Index Scan",
                          "Parent Relationship": "Inner",
                          "Scan Direction": "Forward",
                          "Index Name": "index_spree_option_values_variants_on_variant_id",
                          "Relation Name": "spree_option_values_variants",
                          "Schema": "public",
                          "Alias": "sov_sv",
                          "Startup Cost": 0.29,
                          "Total Cost": 1.37,
                          "Plan Rows": 3,
                          "Plan Width": 8,
                          "Actual Startup Time": 0.002,
                          "Actual Total Time": 0.003,
                          "Actual Rows": 3,
                          "Actual Loops": 352,
                          "Output": ["sov_sv.variant_id", "sov_sv.option_value_id", "sov_sv.id"],
                          "Index Cond": "(sov_sv.variant_id = sv_1.variant_id)",
                          "Rows Removed by Index Recheck": 0,
                          "Shared Hit Blocks": 1284,
                          "Shared Read Blocks": 0,
                          "Shared Dirtied Blocks": 0,
                          "Shared Written Blocks": 0,
                          "Local Hit Blocks": 0,
                          "Local Read Blocks": 0,
                          "Local Dirtied Blocks": 0,
                          "Local Written Blocks": 0,
                          "Temp Read Blocks": 0,
                          "Temp Written Blocks": 0,
                          "I/O Read Time": 0.000,
                          "I/O Write Time": 0.000
                        }
                      ]
                    },
                    {
                      "Node Type": "Hash",
                      "Parent Relationship": "Inner",
                      "Startup Cost": 6.69,
                      "Total Cost": 6.69,
                      "Plan Rows": 71,
                      "Plan Width": 12,
                      "Actual Startup Time": 0.064,
                      "Actual Total Time": 0.064,
                      "Actual Rows": 11,
                      "Actual Loops": 1,
                      "Output": ["sov.presentation", "sov.id"],
                      "Hash Buckets": 1024,
                      "Original Hash Buckets": 1024,
                      "Hash Batches": 1,
                      "Original Hash Batches": 1,
                      "Peak Memory Usage": 9,
                      "Shared Hit Blocks": 3,
                      "Shared Read Blocks": 0,
                      "Shared Dirtied Blocks": 0,
                      "Shared Written Blocks": 0,
                      "Local Hit Blocks": 0,
                      "Local Read Blocks": 0,
                      "Local Dirtied Blocks": 0,
                      "Local Written Blocks": 0,
                      "Temp Read Blocks": 0,
                      "Temp Written Blocks": 0,
                      "I/O Read Time": 0.000,
                      "I/O Write Time": 0.000,
                      "Plans": [
                        {
                          "Node Type": "Hash Join",
                          "Parent Relationship": "Outer",
                          "Join Type": "Inner",
                          "Startup Cost": 1.05,
                          "Total Cost": 6.69,
                          "Plan Rows": 71,
                          "Plan Width": 12,
                          "Actual Startup Time": 0.020,
                          "Actual Total Time": 0.062,
                          "Actual Rows": 11,
                          "Actual Loops": 1,
                          "Output": ["sov.presentation", "sov.id"],
                          "Hash Cond": "(sov.option_type_id = sot.id)",
                          "Shared Hit Blocks": 3,
                          "Shared Read Blocks": 0,
                          "Shared Dirtied Blocks": 0,
                          "Shared Written Blocks": 0,
                          "Local Hit Blocks": 0,
                          "Local Read Blocks": 0,
                          "Local Dirtied Blocks": 0,
                          "Local Written Blocks": 0,
                          "Temp Read Blocks": 0,
                          "Temp Written Blocks": 0,
                          "I/O Read Time": 0.000,
                          "I/O Write Time": 0.000,
                          "Plans": [
                            {
                              "Node Type": "Seq Scan",
                              "Parent Relationship": "Outer",
                              "Relation Name": "spree_option_values",
                              "Schema": "public",
                              "Alias": "sov",
                              "Startup Cost": 0.00,
                              "Total Cost": 4.13,
                              "Plan Rows": 213,
                              "Plan Width": 16,
                              "Actual Startup Time": 0.003,
                              "Actual Total Time": 0.017,
                              "Actual Rows": 213,
                              "Actual Loops": 1,
                              "Output": ["sov.id", "sov.position", "sov.name", "sov.presentation", "sov.option_type_id", "sov.created_at", "sov.updated_at"],
                              "Shared Hit Blocks": 2,
                              "Shared Read Blocks": 0,
                              "Shared Dirtied Blocks": 0,
                              "Shared Written Blocks": 0,
                              "Local Hit Blocks": 0,
                              "Local Read Blocks": 0,
                              "Local Dirtied Blocks": 0,
                              "Local Written Blocks": 0,
                              "Temp Read Blocks": 0,
                              "Temp Written Blocks": 0,
                              "I/O Read Time": 0.000,
                              "I/O Write Time": 0.000
                            },
                            {
                              "Node Type": "Hash",
                              "Parent Relationship": "Inner",
                              "Startup Cost": 1.04,
                              "Total Cost": 1.04,
                              "Plan Rows": 1,
                              "Plan Width": 4,
                              "Actual Startup Time": 0.007,
                              "Actual Total Time": 0.007,
                              "Actual Rows": 1,
                              "Actual Loops": 1,
                              "Output": ["sot.id"],
                              "Hash Buckets": 1024,
                              "Original Hash Buckets": 1024,
                              "Hash Batches": 1,
                              "Original Hash Batches": 1,
                              "Peak Memory Usage": 9,
                              "Shared Hit Blocks": 1,
                              "Shared Read Blocks": 0,
                              "Shared Dirtied Blocks": 0,
                              "Shared Written Blocks": 0,
                              "Local Hit Blocks": 0,
                              "Local Read Blocks": 0,
                              "Local Dirtied Blocks": 0,
                              "Local Written Blocks": 0,
                              "Temp Read Blocks": 0,
                              "Temp Written Blocks": 0,
                              "I/O Read Time": 0.000,
                              "I/O Write Time": 0.000,
                              "Plans": [
                                {
                                  "Node Type": "Seq Scan",
                                  "Parent Relationship": "Outer",
                                  "Relation Name": "spree_option_types",
                                  "Schema": "public",
                                  "Alias": "sot",
                                  "Startup Cost": 0.00,
                                  "Total Cost": 1.04,
                                  "Plan Rows": 1,
                                  "Plan Width": 4,
                                  "Actual Startup Time": 0.003,
                                  "Actual Total Time": 0.003,
                                  "Actual Rows": 1,
                                  "Actual Loops": 1,
                                  "Output": ["sot.id"],
                                  "Filter": "((sot.name)::text = 'color_classification'::text)",
                                  "Rows Removed by Filter": 2,
                                  "Shared Hit Blocks": 1,
                                  "Shared Read Blocks": 0,
                                  "Shared Dirtied Blocks": 0,
                                  "Shared Written Blocks": 0,
                                  "Local Hit Blocks": 0,
                                  "Local Read Blocks": 0,
                                  "Local Dirtied Blocks": 0,
                                  "Local Written Blocks": 0,
                                  "Temp Read Blocks": 0,
                                  "Temp Written Blocks": 0,
                                  "I/O Read Time": 0.000,
                                  "I/O Write Time": 0.000
                                }
                              ]
                            }
                          ]
                        }
                      ]
                    }
                  ]
                }
              ]
            }
          ]
        },
        {
          "Node Type": "Hash Join",
          "Parent Relationship": "InitPlan",
          "Subplan Name": "CTE variant_colors",
          "Join Type": "Inner",
          "Startup Cost": 20.28,
          "Total Cost": 282.30,
          "Plan Rows": 176,
          "Plan Width": 12,
          "Actual Startup Time": 0.357,
          "Actual Total Time": 1.844,
          "Actual Rows": 352,
          "Actual Loops": 1,
          "Output": ["sv_2.variant_id", "sov_1.presentation"],
          "Hash Cond": "(sov_sv_1.option_value_id = sov_1.id)",
          "Shared Hit Blocks": 1287,
          "Shared Read Blocks": 0,
          "Shared Dirtied Blocks": 0,
          "Shared Written Blocks": 0,
          "Local Hit Blocks": 0,
          "Local Read Blocks": 0,
          "Local Dirtied Blocks": 0,
          "Local Written Blocks": 0,
          "Temp Read Blocks": 0,
          "Temp Written Blocks": 0,
          "I/O Read Time": 0.000,
          "I/O Write Time": 0.000,
          "Plans": [
            {
              "Node Type": "Nested Loop",
              "Parent Relationship": "Outer",
              "Join Type": "Inner",
              "Startup Cost": 12.71,
              "Total Cost": 270.98,
              "Plan Rows": 528,
              "Plan Width": 8,
              "Actual Startup Time": 0.233,
              "Actual Total Time": 1.555,
              "Actual Rows": 1056,
              "Actual Loops": 1,
              "Output": ["sv_2.variant_id", "sov_sv_1.option_value_id"],
              "Shared Hit Blocks": 1284,
              "Shared Read Blocks": 0,
              "Shared Dirtied Blocks": 0,
              "Shared Written Blocks": 0,
              "Local Hit Blocks": 0,
              "Local Read Blocks": 0,
              "Local Dirtied Blocks": 0,
              "Local Written Blocks": 0,
              "Temp Read Blocks": 0,
              "Temp Written Blocks": 0,
              "I/O Read Time": 0.000,
              "I/O Write Time": 0.000,
              "Plans": [
                {
                  "Node Type": "Hash Join",
                  "Parent Relationship": "Outer",
                  "Join Type": "Inner",
                  "Startup Cost": 12.42,
                  "Total Cost": 24.30,
                  "Plan Rows": 176,
                  "Plan Width": 8,
                  "Actual Startup Time": 0.214,
                  "Actual Total Time": 0.350,
                  "Actual Rows": 352,
                  "Actual Loops": 1,
                  "Output": ["sv_2.variant_id", "catalog_variants_1.variant_id"],
                  "Hash Cond": "(sv_2.variant_id = catalog_variants_1.variant_id)",
                  "Shared Hit Blocks": 0,
                  "Shared Read Blocks": 0,
                  "Shared Dirtied Blocks": 0,
                  "Shared Written Blocks": 0,
                  "Local Hit Blocks": 0,
                  "Local Read Blocks": 0,
                  "Local Dirtied Blocks": 0,
                  "Local Written Blocks": 0,
                  "Temp Read Blocks": 0,
                  "Temp Written Blocks": 0,
                  "I/O Read Time": 0.000,
                  "I/O Write Time": 0.000,
                  "Plans": [
                    {
                      "Node Type": "CTE Scan",
                      "Parent Relationship": "Outer",
                      "CTE Name": "catalog_variants",
                      "Alias": "sv_2",
                      "Startup Cost": 0.00,
                      "Total Cost": 7.04,
                      "Plan Rows": 352,
                      "Plan Width": 4,
                      "Actual Startup Time": 0.000,
                      "Actual Total Time": 0.046,
                      "Actual Rows": 352,
                      "Actual Loops": 1,
                      "Output": ["sv_2.variant_id", "sv_2.product_id", "sv_2.sku"],
                      "Shared Hit Blocks": 0,
                      "Shared Read Blocks": 0,
                      "Shared Dirtied Blocks": 0,
                      "Shared Written Blocks": 0,
                      "Local Hit Blocks": 0,
                      "Local Read Blocks": 0,
                      "Local Dirtied Blocks": 0,
                      "Local Written Blocks": 0,
                      "Temp Read Blocks": 0,
                      "Temp Written Blocks": 0,
                      "I/O Read Time": 0.000,
                      "I/O Write Time": 0.000
                    },
                    {
                      "Node Type": "Hash",
                      "Parent Relationship": "Inner",
                      "Startup Cost": 9.92,
                      "Total Cost": 9.92,
                      "Plan Rows": 200,
                      "Plan Width": 4,
                      "Actual Startup Time": 0.204,
                      "Actual Total Time": 0.204,
                      "Actual Rows": 352,
                      "Actual Loops": 1,
                      "Output": ["catalog_variants_1.variant_id"],
                      "Hash Buckets": 1024,
                      "Original Hash Buckets": 1024,
                      "Hash Batches": 1,
                      "Original Hash Batches": 1,
                      "Peak Memory Usage": 21,
                      "Shared Hit Blocks": 0,
                      "Shared Read Blocks": 0,
                      "Shared Dirtied Blocks": 0,
                      "Shared Written Blocks": 0,
                      "Local Hit Blocks": 0,
                      "Local Read Blocks": 0,
                      "Local Dirtied Blocks": 0,
                      "Local Written Blocks": 0,
                      "Temp Read Blocks": 0,
                      "Temp Written Blocks": 0,
                      "I/O Read Time": 0.000,
                      "I/O Write Time": 0.000,
                      "Plans": [
                        {
                          "Node Type": "Aggregate",
                          "Strategy": "Hashed",
                          "Parent Relationship": "Outer",
                          "Startup Cost": 7.92,
                          "Total Cost": 9.92,
                          "Plan Rows": 200,
                          "Plan Width": 4,
                          "Actual Startup Time": 0.115,
                          "Actual Total Time": 0.150,
                          "Actual Rows": 352,
                          "Actual Loops": 1,
                          "Output": ["catalog_variants_1.variant_id"],
                          "Group Key": ["catalog_variants_1.variant_id"],
                          "Shared Hit Blocks": 0,
                          "Shared Read Blocks": 0,
                          "Shared Dirtied Blocks": 0,
                          "Shared Written Blocks": 0,
                          "Local Hit Blocks": 0,
                          "Local Read Blocks": 0,
                          "Local Dirtied Blocks": 0,
                          "Local Written Blocks": 0,
                          "Temp Read Blocks": 0,
                          "Temp Written Blocks": 0,
                          "I/O Read Time": 0.000,
                          "I/O Write Time": 0.000,
                          "Plans": [
                            {
                              "Node Type": "CTE Scan",
                              "Parent Relationship": "Outer",
                              "CTE Name": "catalog_variants",
                              "Alias": "catalog_variants_1",
                              "Startup Cost": 0.00,
                              "Total Cost": 7.04,
                              "Plan Rows": 352,
                              "Plan Width": 4,
                              "Actual Startup Time": 0.001,
                              "Actual Total Time": 0.027,
                              "Actual Rows": 352,
                              "Actual Loops": 1,
                              "Output": ["catalog_variants_1.variant_id", "catalog_variants_1.product_id", "catalog_variants_1.sku"],
                              "Shared Hit Blocks": 0,
                              "Shared Read Blocks": 0,
                              "Shared Dirtied Blocks": 0,
                              "Shared Written Blocks": 0,
                              "Local Hit Blocks": 0,
                              "Local Read Blocks": 0,
                              "Local Dirtied Blocks": 0,
                              "Local Written Blocks": 0,
                              "Temp Read Blocks": 0,
                              "Temp Written Blocks": 0,
                              "I/O Read Time": 0.000,
                              "I/O Write Time": 0.000
                            }
                          ]
                        }
                      ]
                    }
                  ]
                },
                {
                  "Node Type": "Index Scan",
                  "Parent Relationship": "Inner",
                  "Scan Direction": "Forward",
                  "Index Name": "index_spree_option_values_variants_on_variant_id",
                  "Relation Name": "spree_option_values_variants",
                  "Schema": "public",
                  "Alias": "sov_sv_1",
                  "Startup Cost": 0.29,
                  "Total Cost": 1.37,
                  "Plan Rows": 3,
                  "Plan Width": 8,
                  "Actual Startup Time": 0.002,
                  "Actual Total Time": 0.003,
                  "Actual Rows": 3,
                  "Actual Loops": 352,
                  "Output": ["sov_sv_1.variant_id", "sov_sv_1.option_value_id", "sov_sv_1.id"],
                  "Index Cond": "(sov_sv_1.variant_id = sv_2.variant_id)",
                  "Rows Removed by Index Recheck": 0,
                  "Shared Hit Blocks": 1284,
                  "Shared Read Blocks": 0,
                  "Shared Dirtied Blocks": 0,
                  "Shared Written Blocks": 0,
                  "Local Hit Blocks": 0,
                  "Local Read Blocks": 0,
                  "Local Dirtied Blocks": 0,
                  "Local Written Blocks": 0,
                  "Temp Read Blocks": 0,
                  "Temp Written Blocks": 0,
                  "I/O Read Time": 0.000,
                  "I/O Write Time": 0.000
                }
              ]
            },
            {
              "Node Type": "Hash",
              "Parent Relationship": "Inner",
              "Startup Cost": 6.69,
              "Total Cost": 6.69,
              "Plan Rows": 71,
              "Plan Width": 12,
              "Actual Startup Time": 0.109,
              "Actual Total Time": 0.109,
              "Actual Rows": 88,
              "Actual Loops": 1,
              "Output": ["sov_1.presentation", "sov_1.id"],
              "Hash Buckets": 1024,
              "Original Hash Buckets": 1024,
              "Hash Batches": 1,
              "Original Hash Batches": 1,
              "Peak Memory Usage": 13,
              "Shared Hit Blocks": 3,
              "Shared Read Blocks": 0,
              "Shared Dirtied Blocks": 0,
              "Shared Written Blocks": 0,
              "Local Hit Blocks": 0,
              "Local Read Blocks": 0,
              "Local Dirtied Blocks": 0,
              "Local Written Blocks": 0,
              "Temp Read Blocks": 0,
              "Temp Written Blocks": 0,
              "I/O Read Time": 0.000,
              "I/O Write Time": 0.000,
              "Plans": [
                {
                  "Node Type": "Hash Join",
                  "Parent Relationship": "Outer",
                  "Join Type": "Inner",
                  "Startup Cost": 1.05,
                  "Total Cost": 6.69,
                  "Plan Rows": 71,
                  "Plan Width": 12,
                  "Actual Startup Time": 0.034,
                  "Actual Total Time": 0.090,
                  "Actual Rows": 88,
                  "Actual Loops": 1,
                  "Output": ["sov_1.presentation", "sov_1.id"],
                  "Hash Cond": "(sov_1.option_type_id = sot_1.id)",
                  "Shared Hit Blocks": 3,
                  "Shared Read Blocks": 0,
                  "Shared Dirtied Blocks": 0,
                  "Shared Written Blocks": 0,
                  "Local Hit Blocks": 0,
                  "Local Read Blocks": 0,
                  "Local Dirtied Blocks": 0,
                  "Local Written Blocks": 0,
                  "Temp Read Blocks": 0,
                  "Temp Written Blocks": 0,
                  "I/O Read Time": 0.000,
                  "I/O Write Time": 0.000,
                  "Plans": [
                    {
                      "Node Type": "Seq Scan",
                      "Parent Relationship": "Outer",
                      "Relation Name": "spree_option_values",
                      "Schema": "public",
                      "Alias": "sov_1",
                      "Startup Cost": 0.00,
                      "Total Cost": 4.13,
                      "Plan Rows": 213,
                      "Plan Width": 16,
                      "Actual Startup Time": 0.007,
                      "Actual Total Time": 0.028,
                      "Actual Rows": 213,
                      "Actual Loops": 1,
                      "Output": ["sov_1.id", "sov_1.position", "sov_1.name", "sov_1.presentation", "sov_1.option_type_id", "sov_1.created_at", "sov_1.updated_at"],
                      "Shared Hit Blocks": 2,
                      "Shared Read Blocks": 0,
                      "Shared Dirtied Blocks": 0,
                      "Shared Written Blocks": 0,
                      "Local Hit Blocks": 0,
                      "Local Read Blocks": 0,
                      "Local Dirtied Blocks": 0,
                      "Local Written Blocks": 0,
                      "Temp Read Blocks": 0,
                      "Temp Written Blocks": 0,
                      "I/O Read Time": 0.000,
                      "I/O Write Time": 0.000
                    },
                    {
                      "Node Type": "Hash",
                      "Parent Relationship": "Inner",
                      "Startup Cost": 1.04,
                      "Total Cost": 1.04,
                      "Plan Rows": 1,
                      "Plan Width": 4,
                      "Actual Startup Time": 0.018,
                      "Actual Total Time": 0.018,
                      "Actual Rows": 1,
                      "Actual Loops": 1,
                      "Output": ["sot_1.id"],
                      "Hash Buckets": 1024,
                      "Original Hash Buckets": 1024,
                      "Hash Batches": 1,
                      "Original Hash Batches": 1,
                      "Peak Memory Usage": 9,
                      "Shared Hit Blocks": 1,
                      "Shared Read Blocks": 0,
                      "Shared Dirtied Blocks": 0,
                      "Shared Written Blocks": 0,
                      "Local Hit Blocks": 0,
                      "Local Read Blocks": 0,
                      "Local Dirtied Blocks": 0,
                      "Local Written Blocks": 0,
                      "Temp Read Blocks": 0,
                      "Temp Written Blocks": 0,
                      "I/O Read Time": 0.000,
                      "I/O Write Time": 0.000,
                      "Plans": [
                        {
                          "Node Type": "Seq Scan",
                          "Parent Relationship": "Outer",
                          "Relation Name": "spree_option_types",
                          "Schema": "public",
                          "Alias": "sot_1",
                          "Startup Cost": 0.00,
                          "Total Cost": 1.04,
                          "Plan Rows": 1,
                          "Plan Width": 4,
                          "Actual Startup Time": 0.014,
                          "Actual Total Time": 0.015,
                          "Actual Rows": 1,
                          "Actual Loops": 1,
                          "Output": ["sot_1.id"],
                          "Filter": "((sot_1.name)::text = 'color'::text)",
                          "Rows Removed by Filter": 2,
                          "Shared Hit Blocks": 1,
                          "Shared Read Blocks": 0,
                          "Shared Dirtied Blocks": 0,
                          "Shared Written Blocks": 0,
                          "Local Hit Blocks": 0,
                          "Local Read Blocks": 0,
                          "Local Dirtied Blocks": 0,
                          "Local Written Blocks": 0,
                          "Temp Read Blocks": 0,
                          "Temp Written Blocks": 0,
                          "I/O Read Time": 0.000,
                          "I/O Write Time": 0.000
                        }
                      ]
                    }
                  ]
                }
              ]
            }
          ]
        },
        {
          "Node Type": "Aggregate",
          "Strategy": "Hashed",
          "Parent Relationship": "InitPlan",
          "Subplan Name": "CTE variants_min_prices",
          "Startup Cost": 225.63,
          "Total Cost": 271.84,
          "Plan Rows": 4621,
          "Plan Width": 7,
          "Actual Startup Time": 5.936,
          "Actual Total Time": 6.037,
          "Actual Rows": 352,
          "Actual Loops": 1,
          "Output": ["spree_prices.variant_id", "COALESCE(min(spree_prices.amount), '0'::numeric)"],
          "Group Key": ["spree_prices.variant_id"],
          "Shared Hit Blocks": 102,
          "Shared Read Blocks": 0,
          "Shared Dirtied Blocks": 0,
          "Shared Written Blocks": 0,
          "Local Hit Blocks": 0,
          "Local Read Blocks": 0,
          "Local Dirtied Blocks": 0,
          "Local Written Blocks": 0,
          "Temp Read Blocks": 0,
          "Temp Written Blocks": 0,
          "I/O Read Time": 0.000,
          "I/O Write Time": 0.000,
          "Plans": [
            {
              "Node Type": "Hash Join",
              "Parent Relationship": "Outer",
              "Join Type": "Inner",
              "Startup Cost": 12.42,
              "Total Cost": 202.53,
              "Plan Rows": 4621,
              "Plan Width": 7,
              "Actual Startup Time": 2.415,
              "Actual Total Time": 5.785,
              "Actual Rows": 352,
              "Actual Loops": 1,
              "Output": ["spree_prices.variant_id", "spree_prices.amount"],
              "Hash Cond": "(spree_prices.variant_id = catalog_variants_2.variant_id)",
              "Shared Hit Blocks": 102,
              "Shared Read Blocks": 0,
              "Shared Dirtied Blocks": 0,
              "Shared Written Blocks": 0,
              "Local Hit Blocks": 0,
              "Local Read Blocks": 0,
              "Local Dirtied Blocks": 0,
              "Local Written Blocks": 0,
              "Temp Read Blocks": 0,
              "Temp Written Blocks": 0,
              "I/O Read Time": 0.000,
              "I/O Write Time": 0.000,
              "Plans": [
                {
                  "Node Type": "Seq Scan",
                  "Parent Relationship": "Outer",
                  "Relation Name": "spree_prices",
                  "Schema": "public",
                  "Alias": "spree_prices",
                  "Startup Cost": 0.00,
                  "Total Cost": 153.42,
                  "Plan Rows": 9242,
                  "Plan Width": 7,
                  "Actual Startup Time": 0.023,
                  "Actual Total Time": 2.548,
                  "Actual Rows": 9242,
                  "Actual Loops": 1,
                  "Output": ["spree_prices.id", "spree_prices.variant_id", "spree_prices.amount", "spree_prices.currency", "spree_prices.deleted_at", "spree_prices.is_default"],
                  "Shared Hit Blocks": 61,
                  "Shared Read Blocks": 0,
                  "Shared Dirtied Blocks": 0,
                  "Shared Written Blocks": 0,
                  "Local Hit Blocks": 0,
                  "Local Read Blocks": 0,
                  "Local Dirtied Blocks": 0,
                  "Local Written Blocks": 0,
                  "Temp Read Blocks": 0,
                  "Temp Written Blocks": 0,
                  "I/O Read Time": 0.000,
                  "I/O Write Time": 0.000
                },
                {
                  "Node Type": "Hash",
                  "Parent Relationship": "Inner",
                  "Startup Cost": 9.92,
                  "Total Cost": 9.92,
                  "Plan Rows": 200,
                  "Plan Width": 4,
                  "Actual Startup Time": 1.229,
                  "Actual Total Time": 1.229,
                  "Actual Rows": 352,
                  "Actual Loops": 1,
                  "Output": ["catalog_variants_2.variant_id"],
                  "Hash Buckets": 1024,
                  "Original Hash Buckets": 1024,
                  "Hash Batches": 1,
                  "Original Hash Batches": 1,
                  "Peak Memory Usage": 21,
                  "Shared Hit Blocks": 41,
                  "Shared Read Blocks": 0,
                  "Shared Dirtied Blocks": 0,
                  "Shared Written Blocks": 0,
                  "Local Hit Blocks": 0,
                  "Local Read Blocks": 0,
                  "Local Dirtied Blocks": 0,
                  "Local Written Blocks": 0,
                  "Temp Read Blocks": 0,
                  "Temp Written Blocks": 0,
                  "I/O Read Time": 0.000,
                  "I/O Write Time": 0.000,
                  "Plans": [
                    {
                      "Node Type": "Aggregate",
                      "Strategy": "Hashed",
                      "Parent Relationship": "Outer",
                      "Startup Cost": 7.92,
                      "Total Cost": 9.92,
                      "Plan Rows": 200,
                      "Plan Width": 4,
                      "Actual Startup Time": 1.075,
                      "Actual Total Time": 1.140,
                      "Actual Rows": 352,
                      "Actual Loops": 1,
                      "Output": ["catalog_variants_2.variant_id"],
                      "Group Key": ["catalog_variants_2.variant_id"],
                      "Shared Hit Blocks": 41,
                      "Shared Read Blocks": 0,
                      "Shared Dirtied Blocks": 0,
                      "Shared Written Blocks": 0,
                      "Local Hit Blocks": 0,
                      "Local Read Blocks": 0,
                      "Local Dirtied Blocks": 0,
                      "Local Written Blocks": 0,
                      "Temp Read Blocks": 0,
                      "Temp Written Blocks": 0,
                      "I/O Read Time": 0.000,
                      "I/O Write Time": 0.000,
                      "Plans": [
                        {
                          "Node Type": "CTE Scan",
                          "Parent Relationship": "Outer",
                          "CTE Name": "catalog_variants",
                          "Alias": "catalog_variants_2",
                          "Startup Cost": 0.00,
                          "Total Cost": 7.04,
                          "Plan Rows": 352,
                          "Plan Width": 4,
                          "Actual Startup Time": 0.024,
                          "Actual Total Time": 0.915,
                          "Actual Rows": 352,
                          "Actual Loops": 1,
                          "Output": ["catalog_variants_2.variant_id", "catalog_variants_2.product_id", "catalog_variants_2.sku"],
                          "Shared Hit Blocks": 41,
                          "Shared Read Blocks": 0,
                          "Shared Dirtied Blocks": 0,
                          "Shared Written Blocks": 0,
                          "Local Hit Blocks": 0,
                          "Local Read Blocks": 0,
                          "Local Dirtied Blocks": 0,
                          "Local Written Blocks": 0,
                          "Temp Read Blocks": 0,
                          "Temp Written Blocks": 0,
                          "I/O Read Time": 0.000,
                          "I/O Write Time": 0.000
                        }
                      ]
                    }
                  ]
                }
              ]
            }
          ]
        },
        {
          "Node Type": "Hash Join",
          "Parent Relationship": "Outer",
          "Join Type": "Inner",
          "Startup Cost": 42.71,
          "Total Cost": 291.08,
          "Plan Rows": 4050,
          "Plan Width": 183,
          "Actual Startup Time": 13.149,
          "Actual Total Time": 13.526,
          "Actual Rows": 352,
          "Actual Loops": 1,
          "Output": ["sv.variant_id", "sv.sku", "sp.slug", "sp.name", "vc.color", "pr.min_price", "pcc.available_colors", "sv.product_id"],
          "Hash Cond": "(pr.variant_id = sv.variant_id)",
          "Shared Hit Blocks": 2692,
          "Shared Read Blocks": 0,
          "Shared Dirtied Blocks": 0,
          "Shared Written Blocks": 0,
          "Local Hit Blocks": 0,
          "Local Read Blocks": 0,
          "Local Dirtied Blocks": 0,
          "Local Written Blocks": 0,
          "Temp Read Blocks": 0,
          "Temp Written Blocks": 0,
          "I/O Read Time": 0.000,
          "I/O Write Time": 0.000,
          "Plans": [
            {
              "Node Type": "CTE Scan",
              "Parent Relationship": "Outer",
              "CTE Name": "variants_min_prices",
              "Alias": "pr",
              "Startup Cost": 0.00,
              "Total Cost": 92.42,
              "Plan Rows": 4621,
              "Plan Width": 36,
              "Actual Startup Time": 5.939,
              "Actual Total Time": 6.157,
              "Actual Rows": 352,
              "Actual Loops": 1,
              "Output": ["pr.variant_id", "pr.min_price"],
              "Shared Hit Blocks": 102,
              "Shared Read Blocks": 0,
              "Shared Dirtied Blocks": 0,
              "Shared Written Blocks": 0,
              "Local Hit Blocks": 0,
              "Local Read Blocks": 0,
              "Local Dirtied Blocks": 0,
              "Local Written Blocks": 0,
              "Temp Read Blocks": 0,
              "Temp Written Blocks": 0,
              "I/O Read Time": 0.000,
              "I/O Write Time": 0.000
            },
            {
              "Node Type": "Hash",
              "Parent Relationship": "Inner",
              "Startup Cost": 40.52,
              "Total Cost": 40.52,
              "Plan Rows": 175,
              "Plan Width": 155,
              "Actual Startup Time": 7.189,
              "Actual Total Time": 7.189,
              "Actual Rows": 352,
              "Actual Loops": 1,
              "Output": ["sv.variant_id", "sv.sku", "sv.product_id", "sp.slug", "sp.name", "vc.color", "vc.variant_id", "pcc.available_colors"],
              "Hash Buckets": 1024,
              "Original Hash Buckets": 1024,
              "Hash Batches": 1,
              "Original Hash Batches": 1,
              "Peak Memory Usage": 63,
              "Shared Hit Blocks": 2590,
              "Shared Read Blocks": 0,
              "Shared Dirtied Blocks": 0,
              "Shared Written Blocks": 0,
              "Local Hit Blocks": 0,
              "Local Read Blocks": 0,
              "Local Dirtied Blocks": 0,
              "Local Written Blocks": 0,
              "Temp Read Blocks": 0,
              "Temp Written Blocks": 0,
              "I/O Read Time": 0.000,
              "I/O Write Time": 0.000,
              "Plans": [
                {
                  "Node Type": "Hash Join",
                  "Parent Relationship": "Outer",
                  "Join Type": "Inner",
                  "Startup Cost": 27.68,
                  "Total Cost": 40.52,
                  "Plan Rows": 175,
                  "Plan Width": 155,
                  "Actual Startup Time": 6.664,
                  "Actual Total Time": 7.024,
                  "Actual Rows": 352,
                  "Actual Loops": 1,
                  "Output": ["sv.variant_id", "sv.sku", "sv.product_id", "sp.slug", "sp.name", "vc.color", "vc.variant_id", "pcc.available_colors"],
                  "Hash Cond": "(sv.variant_id = vc.variant_id)",
                  "Shared Hit Blocks": 2590,
                  "Shared Read Blocks": 0,
                  "Shared Dirtied Blocks": 0,
                  "Shared Written Blocks": 0,
                  "Local Hit Blocks": 0,
                  "Local Read Blocks": 0,
                  "Local Dirtied Blocks": 0,
                  "Local Written Blocks": 0,
                  "Temp Read Blocks": 0,
                  "Temp Written Blocks": 0,
                  "I/O Read Time": 0.000,
                  "I/O Write Time": 0.000,
                  "Plans": [
                    {
                      "Node Type": "Hash Join",
                      "Parent Relationship": "Outer",
                      "Join Type": "Inner",
                      "Startup Cost": 21.96,
                      "Total Cost": 32.31,
                      "Plan Rows": 199,
                      "Plan Width": 119,
                      "Actual Startup Time": 4.636,
                      "Actual Total Time": 4.846,
                      "Actual Rows": 352,
                      "Actual Loops": 1,
                      "Output": ["sv.variant_id", "sv.sku", "sv.product_id", "sp.slug", "sp.name", "pcc.available_colors"],
                      "Hash Cond": "(sv.product_id = sp.id)",
                      "Shared Hit Blocks": 1303,
                      "Shared Read Blocks": 0,
                      "Shared Dirtied Blocks": 0,
                      "Shared Written Blocks": 0,
                      "Local Hit Blocks": 0,
                      "Local Read Blocks": 0,
                      "Local Dirtied Blocks": 0,
                      "Local Written Blocks": 0,
                      "Temp Read Blocks": 0,
                      "Temp Written Blocks": 0,
                      "I/O Read Time": 0.000,
                      "I/O Write Time": 0.000,
                      "Plans": [
                        {
                          "Node Type": "CTE Scan",
                          "Parent Relationship": "Outer",
                          "CTE Name": "catalog_variants",
                          "Alias": "sv",
                          "Startup Cost": 0.00,
                          "Total Cost": 7.04,
                          "Plan Rows": 352,
                          "Plan Width": 40,
                          "Actual Startup Time": 0.001,
                          "Actual Total Time": 0.059,
                          "Actual Rows": 352,
                          "Actual Loops": 1,
                          "Output": ["sv.variant_id", "sv.product_id", "sv.sku"],
                          "Shared Hit Blocks": 0,
                          "Shared Read Blocks": 0,
                          "Shared Dirtied Blocks": 0,
                          "Shared Written Blocks": 0,
                          "Local Hit Blocks": 0,
                          "Local Read Blocks": 0,
                          "Local Dirtied Blocks": 0,
                          "Local Written Blocks": 0,
                          "Temp Read Blocks": 0,
                          "Temp Written Blocks": 0,
                          "I/O Read Time": 0.000,
                          "I/O Write Time": 0.000
                        },
                        {
                          "Node Type": "Hash",
                          "Parent Relationship": "Inner",
                          "Startup Cost": 19.76,
                          "Total Cost": 19.76,
                          "Plan Rows": 176,
                          "Plan Width": 87,
                          "Actual Startup Time": 4.622,
                          "Actual Total Time": 4.622,
                          "Actual Rows": 311,
                          "Actual Loops": 1,
                          "Output": ["sp.slug", "sp.name", "sp.id", "pcc.available_colors", "pcc.product_id"],
                          "Hash Buckets": 1024,
                          "Original Hash Buckets": 1024,
                          "Hash Batches": 1,
                          "Original Hash Batches": 1,
                          "Peak Memory Usage": 47,
                          "Shared Hit Blocks": 1303,
                          "Shared Read Blocks": 0,
                          "Shared Dirtied Blocks": 0,
                          "Shared Written Blocks": 0,
                          "Local Hit Blocks": 0,
                          "Local Read Blocks": 0,
                          "Local Dirtied Blocks": 0,
                          "Local Written Blocks": 0,
                          "Temp Read Blocks": 0,
                          "Temp Written Blocks": 0,
                          "I/O Read Time": 0.000,
                          "I/O Write Time": 0.000,
                          "Plans": [
                            {
                              "Node Type": "Hash Join",
                              "Parent Relationship": "Outer",
                              "Join Type": "Inner",
                              "Startup Cost": 5.72,
                              "Total Cost": 19.76,
                              "Plan Rows": 176,
                              "Plan Width": 87,
                              "Actual Startup Time": 4.258,
                              "Actual Total Time": 4.510,
                              "Actual Rows": 311,
                              "Actual Loops": 1,
                              "Output": ["sp.slug", "sp.name", "sp.id", "pcc.available_colors", "pcc.product_id"],
                              "Hash Cond": "(sp.id = pcc.product_id)",
                              "Shared Hit Blocks": 1303,
                              "Shared Read Blocks": 0,
                              "Shared Dirtied Blocks": 0,
                              "Shared Written Blocks": 0,
                              "Local Hit Blocks": 0,
                              "Local Read Blocks": 0,
                              "Local Dirtied Blocks": 0,
                              "Local Written Blocks": 0,
                              "Temp Read Blocks": 0,
                              "Temp Written Blocks": 0,
                              "I/O Read Time": 0.000,
                              "I/O Write Time": 0.000,
                              "Plans": [
                                {
                                  "Node Type": "Seq Scan",
                                  "Parent Relationship": "Outer",
                                  "Relation Name": "spree_products",
                                  "Schema": "public",
                                  "Alias": "sp",
                                  "Startup Cost": 0.00,
                                  "Total Cost": 11.11,
                                  "Plan Rows": 311,
                                  "Plan Width": 51,
                                  "Actual Startup Time": 0.016,
                                  "Actual Total Time": 0.115,
                                  "Actual Rows": 311,
                                  "Actual Loops": 1,
                                  "Output": ["sp.id", "sp.name", "sp.description", "sp.available_on", "sp.deleted_at", "sp.slug", "sp.meta_description", "sp.meta_keywords", "sp.tax_category_id", "sp.shipping_category_id", "sp.created_at", "sp.updated_at", "sp.promotionable", "sp.meta_title", "sp.fashion_xl_id"],
                                  "Filter": "(sp.deleted_at IS NULL)",
                                  "Rows Removed by Filter": 0,
                                  "Shared Hit Blocks": 8,
                                  "Shared Read Blocks": 0,
                                  "Shared Dirtied Blocks": 0,
                                  "Shared Written Blocks": 0,
                                  "Local Hit Blocks": 0,
                                  "Local Read Blocks": 0,
                                  "Local Dirtied Blocks": 0,
                                  "Local Written Blocks": 0,
                                  "Temp Read Blocks": 0,
                                  "Temp Written Blocks": 0,
                                  "I/O Read Time": 0.000,
                                  "I/O Write Time": 0.000
                                },
                                {
                                  "Node Type": "Hash",
                                  "Parent Relationship": "Inner",
                                  "Startup Cost": 3.52,
                                  "Total Cost": 3.52,
                                  "Plan Rows": 176,
                                  "Plan Width": 36,
                                  "Actual Startup Time": 4.228,
                                  "Actual Total Time": 4.228,
                                  "Actual Rows": 311,
                                  "Actual Loops": 1,
                                  "Output": ["pcc.available_colors", "pcc.product_id"],
                                  "Hash Buckets": 1024,
                                  "Original Hash Buckets": 1024,
                                  "Hash Batches": 1,
                                  "Original Hash Batches": 1,
                                  "Peak Memory Usage": 31,
                                  "Shared Hit Blocks": 1295,
                                  "Shared Read Blocks": 0,
                                  "Shared Dirtied Blocks": 0,
                                  "Shared Written Blocks": 0,
                                  "Local Hit Blocks": 0,
                                  "Local Read Blocks": 0,
                                  "Local Dirtied Blocks": 0,
                                  "Local Written Blocks": 0,
                                  "Temp Read Blocks": 0,
                                  "Temp Written Blocks": 0,
                                  "I/O Read Time": 0.000,
                                  "I/O Write Time": 0.000,
                                  "Plans": [
                                    {
                                      "Node Type": "CTE Scan",
                                      "Parent Relationship": "Outer",
                                      "CTE Name": "product_color_classifications",
                                      "Alias": "pcc",
                                      "Startup Cost": 0.00,
                                      "Total Cost": 3.52,
                                      "Plan Rows": 176,
                                      "Plan Width": 36,
                                      "Actual Startup Time": 2.801,
                                      "Actual Total Time": 4.136,
                                      "Actual Rows": 311,
                                      "Actual Loops": 1,
                                      "Output": ["pcc.available_colors", "pcc.product_id"],
                                      "Shared Hit Blocks": 1295,
                                      "Shared Read Blocks": 0,
                                      "Shared Dirtied Blocks": 0,
                                      "Shared Written Blocks": 0,
                                      "Local Hit Blocks": 0,
                                      "Local Read Blocks": 0,
                                      "Local Dirtied Blocks": 0,
                                      "Local Written Blocks": 0,
                                      "Temp Read Blocks": 0,
                                      "Temp Written Blocks": 0,
                                      "I/O Read Time": 0.000,
                                      "I/O Write Time": 0.000
                                    }
                                  ]
                                }
                              ]
                            }
                          ]
                        }
                      ]
                    },
                    {
                      "Node Type": "Hash",
                      "Parent Relationship": "Inner",
                      "Startup Cost": 3.52,
                      "Total Cost": 3.52,
                      "Plan Rows": 176,
                      "Plan Width": 36,
                      "Actual Startup Time": 2.018,
                      "Actual Total Time": 2.018,
                      "Actual Rows": 352,
                      "Actual Loops": 1,
                      "Output": ["vc.color", "vc.variant_id"],
                      "Hash Buckets": 1024,
                      "Original Hash Buckets": 1024,
                      "Hash Batches": 1,
                      "Original Hash Batches": 1,
                      "Peak Memory Usage": 26,
                      "Shared Hit Blocks": 1287,
                      "Shared Read Blocks": 0,
                      "Shared Dirtied Blocks": 0,
                      "Shared Written Blocks": 0,
                      "Local Hit Blocks": 0,
                      "Local Read Blocks": 0,
                      "Local Dirtied Blocks": 0,
                      "Local Written Blocks": 0,
                      "Temp Read Blocks": 0,
                      "Temp Written Blocks": 0,
                      "I/O Read Time": 0.000,
                      "I/O Write Time": 0.000,
                      "Plans": [
                        {
                          "Node Type": "CTE Scan",
                          "Parent Relationship": "Outer",
                          "CTE Name": "variant_colors",
                          "Alias": "vc",
                          "Startup Cost": 0.00,
                          "Total Cost": 3.52,
                          "Plan Rows": 176,
                          "Plan Width": 36,
                          "Actual Startup Time": 0.358,
                          "Actual Total Time": 1.945,
                          "Actual Rows": 352,
                          "Actual Loops": 1,
                          "Output": ["vc.color", "vc.variant_id"],
                          "Shared Hit Blocks": 1287,
                          "Shared Read Blocks": 0,
                          "Shared Dirtied Blocks": 0,
                          "Shared Written Blocks": 0,
                          "Local Hit Blocks": 0,
                          "Local Read Blocks": 0,
                          "Local Dirtied Blocks": 0,
                          "Local Written Blocks": 0,
                          "Temp Read Blocks": 0,
                          "Temp Written Blocks": 0,
                          "I/O Read Time": 0.000,
                          "I/O Write Time": 0.000
                        }
                      ]
                    }
                  ]
                }
              ]
            }
          ]
        }
      ]
    },
    "Planning Time": 4.462,
    "Triggers": [
    ],
    "Execution Time": 14.391
  }
]
`,SK=`
[
  {
    "Plan": {
      "Node Type": "Limit",
      "Startup Cost": 17024.84,
      "Total Cost": 17024.87,
      "Plan Rows": 10,
      "Plan Width": 133,
      "Actual Startup Time": 725.773,
      "Actual Total Time": 725.775,
      "Actual Rows": 10,
      "Actual Loops": 1,
      "Output": ["c.state", "cat.categoryname", "(sum(o.netamount))", "(sum(o.totalamount))"],
      "Shared Hit Blocks": 23,
      "Shared Read Blocks": 1392,
      "Shared Dirtied Blocks": 0,
      "Shared Written Blocks": 0,
      "Local Hit Blocks": 0,
      "Local Read Blocks": 0,
      "Local Dirtied Blocks": 0,
      "Local Written Blocks": 0,
      "Temp Read Blocks": 0,
      "Temp Written Blocks": 0,
      "I/O Read Time": 0.000,
      "I/O Write Time": 0.000,
      "Plans": [
        {
          "Node Type": "Sort",
          "Parent Relationship": "Outer",
          "Startup Cost": 17024.84,
          "Total Cost": 17026.88,
          "Plan Rows": 816,
          "Plan Width": 133,
          "Actual Startup Time": 725.771,
          "Actual Total Time": 725.772,
          "Actual Rows": 11,
          "Actual Loops": 1,
          "Output": ["c.state", "cat.categoryname", "(sum(o.netamount))", "(sum(o.totalamount))"],
          "Sort Key": ["c.state", "(sum(o.totalamount))"],
          "Sort Method": "top-N heapsort",
          "Sort Space Used": 25,
          "Sort Space Type": "Memory",
          "Shared Hit Blocks": 23,
          "Shared Read Blocks": 1392,
          "Shared Dirtied Blocks": 0,
          "Shared Written Blocks": 0,
          "Local Hit Blocks": 0,
          "Local Read Blocks": 0,
          "Local Dirtied Blocks": 0,
          "Local Written Blocks": 0,
          "Temp Read Blocks": 0,
          "Temp Written Blocks": 0,
          "I/O Read Time": 0.000,
          "I/O Write Time": 0.000,
          "Plans": [
            {
              "Node Type": "Aggregate",
              "Strategy": "Hashed",
              "Parent Relationship": "Outer",
              "Startup Cost": 16994.41,
              "Total Cost": 17006.65,
              "Plan Rows": 816,
              "Plan Width": 133,
              "Actual Startup Time": 723.877,
              "Actual Total Time": 724.417,
              "Actual Rows": 832,
              "Actual Loops": 1,
              "Output": ["c.state", "cat.categoryname", "sum(o.netamount)", "sum(o.totalamount)"],
              "Group Key": ["c.state", "cat.categoryname"],
              "Shared Hit Blocks": 13,
              "Shared Read Blocks": 1392,
              "Shared Dirtied Blocks": 0,
              "Shared Written Blocks": 0,
              "Local Hit Blocks": 0,
              "Local Read Blocks": 0,
              "Local Dirtied Blocks": 0,
              "Local Written Blocks": 0,
              "Temp Read Blocks": 0,
              "Temp Written Blocks": 0,
              "I/O Read Time": 0.000,
              "I/O Write Time": 0.000,
              "Plans": [
                {
                  "Node Type": "Hash Join",
                  "Parent Relationship": "Outer",
                  "Join Type": "Inner",
                  "Startup Cost": 4966.48,
                  "Total Cost": 13742.65,
                  "Plan Rows": 325176,
                  "Plan Width": 133,
                  "Actual Startup Time": 118.314,
                  "Actual Total Time": 354.285,
                  "Actual Rows": 383270,
                  "Actual Loops": 1,
                  "Output": ["c.state", "o.netamount", "o.totalamount", "cat.categoryname"],
                  "Hash Cond": "(o.orderid = ch.orderid)",
                  "Shared Hit Blocks": 13,
                  "Shared Read Blocks": 1392,
                  "Shared Dirtied Blocks": 0,
                  "Shared Written Blocks": 0,
                  "Local Hit Blocks": 0,
                  "Local Read Blocks": 0,
                  "Local Dirtied Blocks": 0,
                  "Local Written Blocks": 0,
                  "Temp Read Blocks": 0,
                  "Temp Written Blocks": 0,
                  "I/O Read Time": 0.000,
                  "I/O Write Time": 0.000,
                  "Plans": [
                    {
                      "Node Type": "Hash Join",
                      "Parent Relationship": "Outer",
                      "Join Type": "Inner",
                      "Startup Cost": 834.86,
                      "Total Cost": 4539.11,
                      "Plan Rows": 60350,
                      "Plan Width": 138,
                      "Actual Startup Time": 22.651,
                      "Actual Total Time": 133.484,
                      "Actual Rows": 60350,
                      "Actual Loops": 1,
                      "Output": ["o.netamount", "o.totalamount", "o.orderid", "ol.orderid", "cat.categoryname"],
                      "Hash Cond": "(ol.orderid = o.orderid)",
                      "Shared Hit Blocks": 9,
                      "Shared Read Blocks": 581,
                      "Shared Dirtied Blocks": 0,
                      "Shared Written Blocks": 0,
                      "Local Hit Blocks": 0,
                      "Local Read Blocks": 0,
                      "Local Dirtied Blocks": 0,
                      "Local Written Blocks": 0,
                      "Temp Read Blocks": 0,
                      "Temp Written Blocks": 0,
                      "I/O Read Time": 0.000,
                      "I/O Write Time": 0.000,
                      "Plans": [
                        {
                          "Node Type": "Hash Join",
                          "Parent Relationship": "Outer",
                          "Join Type": "Inner",
                          "Startup Cost": 464.86,
                          "Total Cost": 2962.11,
                          "Plan Rows": 60350,
                          "Plan Width": 122,
                          "Actual Startup Time": 12.467,
                          "Actual Total Time": 85.647,
                          "Actual Rows": 60350,
                          "Actual Loops": 1,
                          "Output": ["ol.orderid", "cat.categoryname"],
                          "Hash Cond": "(ol.prod_id = p.prod_id)",
                          "Shared Hit Blocks": 4,
                          "Shared Read Blocks": 483,
                          "Shared Dirtied Blocks": 0,
                          "Shared Written Blocks": 0,
                          "Local Hit Blocks": 0,
                          "Local Read Blocks": 0,
                          "Local Dirtied Blocks": 0,
                          "Local Written Blocks": 0,
                          "Temp Read Blocks": 0,
                          "Temp Written Blocks": 0,
                          "I/O Read Time": 0.000,
                          "I/O Write Time": 0.000,
                          "Plans": [
                            {
                              "Node Type": "Seq Scan",
                              "Parent Relationship": "Outer",
                              "Relation Name": "orderlines",
                              "Schema": "public",
                              "Alias": "ol",
                              "Startup Cost": 0.00,
                              "Total Cost": 988.50,
                              "Plan Rows": 60350,
                              "Plan Width": 8,
                              "Actual Startup Time": 0.005,
                              "Actual Total Time": 14.054,
                              "Actual Rows": 60350,
                              "Actual Loops": 1,
                              "Output": ["ol.orderlineid", "ol.orderid", "ol.prod_id", "ol.quantity", "ol.orderdate"],
                              "Shared Hit Blocks": 2,
                              "Shared Read Blocks": 383,
                              "Shared Dirtied Blocks": 0,
                              "Shared Written Blocks": 0,
                              "Local Hit Blocks": 0,
                              "Local Read Blocks": 0,
                              "Local Dirtied Blocks": 0,
                              "Local Written Blocks": 0,
                              "Temp Read Blocks": 0,
                              "Temp Written Blocks": 0,
                              "I/O Read Time": 0.000,
                              "I/O Write Time": 0.000
                            },
                            {
                              "Node Type": "Hash",
                              "Parent Relationship": "Inner",
                              "Startup Cost": 339.86,
                              "Total Cost": 339.86,
                              "Plan Rows": 10000,
                              "Plan Width": 122,
                              "Actual Startup Time": 12.446,
                              "Actual Total Time": 12.446,
                              "Actual Rows": 10000,
                              "Actual Loops": 1,
                              "Output": ["p.prod_id", "cat.categoryname"],
                              "Hash Buckets": 1024,
                              "Hash Batches": 1,
                              "Original Hash Batches": 1,
                              "Peak Memory Usage": 425,
                              "Shared Hit Blocks": 2,
                              "Shared Read Blocks": 100,
                              "Shared Dirtied Blocks": 0,
                              "Shared Written Blocks": 0,
                              "Local Hit Blocks": 0,
                              "Local Read Blocks": 0,
                              "Local Dirtied Blocks": 0,
                              "Local Written Blocks": 0,
                              "Temp Read Blocks": 0,
                              "Temp Written Blocks": 0,
                              "I/O Read Time": 0.000,
                              "I/O Write Time": 0.000,
                              "Plans": [
                                {
                                  "Node Type": "Hash Join",
                                  "Parent Relationship": "Outer",
                                  "Join Type": "Inner",
                                  "Startup Cost": 1.36,
                                  "Total Cost": 339.86,
                                  "Plan Rows": 10000,
                                  "Plan Width": 122,
                                  "Actual Startup Time": 0.283,
                                  "Actual Total Time": 9.015,
                                  "Actual Rows": 10000,
                                  "Actual Loops": 1,
                                  "Output": ["p.prod_id", "cat.categoryname"],
                                  "Hash Cond": "(p.category = cat.category)",
                                  "Shared Hit Blocks": 2,
                                  "Shared Read Blocks": 100,
                                  "Shared Dirtied Blocks": 0,
                                  "Shared Written Blocks": 0,
                                  "Local Hit Blocks": 0,
                                  "Local Read Blocks": 0,
                                  "Local Dirtied Blocks": 0,
                                  "Local Written Blocks": 0,
                                  "Temp Read Blocks": 0,
                                  "Temp Written Blocks": 0,
                                  "I/O Read Time": 0.000,
                                  "I/O Write Time": 0.000,
                                  "Plans": [
                                    {
                                      "Node Type": "Seq Scan",
                                      "Parent Relationship": "Outer",
                                      "Relation Name": "products",
                                      "Schema": "public",
                                      "Alias": "p",
                                      "Startup Cost": 0.00,
                                      "Total Cost": 201.00,
                                      "Plan Rows": 10000,
                                      "Plan Width": 8,
                                      "Actual Startup Time": 0.003,
                                      "Actual Total Time": 4.330,
                                      "Actual Rows": 10000,
                                      "Actual Loops": 1,
                                      "Output": ["p.prod_id", "p.category", "p.title", "p.actor", "p.price", "p.special", "p.common_prod_id"],
                                      "Shared Hit Blocks": 2,
                                      "Shared Read Blocks": 99,
                                      "Shared Dirtied Blocks": 0,
                                      "Shared Written Blocks": 0,
                                      "Local Hit Blocks": 0,
                                      "Local Read Blocks": 0,
                                      "Local Dirtied Blocks": 0,
                                      "Local Written Blocks": 0,
                                      "Temp Read Blocks": 0,
                                      "Temp Written Blocks": 0,
                                      "I/O Read Time": 0.000,
                                      "I/O Write Time": 0.000
                                    },
                                    {
                                      "Node Type": "Hash",
                                      "Parent Relationship": "Inner",
                                      "Startup Cost": 1.16,
                                      "Total Cost": 1.16,
                                      "Plan Rows": 16,
                                      "Plan Width": 122,
                                      "Actual Startup Time": 0.265,
                                      "Actual Total Time": 0.265,
                                      "Actual Rows": 16,
                                      "Actual Loops": 1,
                                      "Output": ["cat.categoryname", "cat.category"],
                                      "Hash Buckets": 1024,
                                      "Hash Batches": 1,
                                      "Original Hash Batches": 1,
                                      "Peak Memory Usage": 1,
                                      "Shared Hit Blocks": 0,
                                      "Shared Read Blocks": 1,
                                      "Shared Dirtied Blocks": 0,
                                      "Shared Written Blocks": 0,
                                      "Local Hit Blocks": 0,
                                      "Local Read Blocks": 0,
                                      "Local Dirtied Blocks": 0,
                                      "Local Written Blocks": 0,
                                      "Temp Read Blocks": 0,
                                      "Temp Written Blocks": 0,
                                      "I/O Read Time": 0.000,
                                      "I/O Write Time": 0.000,
                                      "Plans": [
                                        {
                                          "Node Type": "Seq Scan",
                                          "Parent Relationship": "Outer",
                                          "Relation Name": "categories",
                                          "Schema": "public",
                                          "Alias": "cat",
                                          "Startup Cost": 0.00,
                                          "Total Cost": 1.16,
                                          "Plan Rows": 16,
                                          "Plan Width": 122,
                                          "Actual Startup Time": 0.250,
                                          "Actual Total Time": 0.252,
                                          "Actual Rows": 16,
                                          "Actual Loops": 1,
                                          "Output": ["cat.categoryname", "cat.category"],
                                          "Shared Hit Blocks": 0,
                                          "Shared Read Blocks": 1,
                                          "Shared Dirtied Blocks": 0,
                                          "Shared Written Blocks": 0,
                                          "Local Hit Blocks": 0,
                                          "Local Read Blocks": 0,
                                          "Local Dirtied Blocks": 0,
                                          "Local Written Blocks": 0,
                                          "Temp Read Blocks": 0,
                                          "Temp Written Blocks": 0,
                                          "I/O Read Time": 0.000,
                                          "I/O Write Time": 0.000
                                        }
                                      ]
                                    }
                                  ]
                                }
                              ]
                            }
                          ]
                        },
                        {
                          "Node Type": "Hash",
                          "Parent Relationship": "Inner",
                          "Startup Cost": 220.00,
                          "Total Cost": 220.00,
                          "Plan Rows": 12000,
                          "Plan Width": 16,
                          "Actual Startup Time": 10.159,
                          "Actual Total Time": 10.159,
                          "Actual Rows": 12000,
                          "Actual Loops": 1,
                          "Output": ["o.netamount", "o.totalamount", "o.orderid"],
                          "Hash Buckets": 2048,
                          "Hash Batches": 1,
                          "Original Hash Batches": 1,
                          "Peak Memory Usage": 609,
                          "Shared Hit Blocks": 2,
                          "Shared Read Blocks": 98,
                          "Shared Dirtied Blocks": 0,
                          "Shared Written Blocks": 0,
                          "Local Hit Blocks": 0,
                          "Local Read Blocks": 0,
                          "Local Dirtied Blocks": 0,
                          "Local Written Blocks": 0,
                          "Temp Read Blocks": 0,
                          "Temp Written Blocks": 0,
                          "I/O Read Time": 0.000,
                          "I/O Write Time": 0.000,
                          "Plans": [
                            {
                              "Node Type": "Seq Scan",
                              "Parent Relationship": "Outer",
                              "Relation Name": "orders",
                              "Schema": "public",
                              "Alias": "o",
                              "Startup Cost": 0.00,
                              "Total Cost": 220.00,
                              "Plan Rows": 12000,
                              "Plan Width": 16,
                              "Actual Startup Time": 0.008,
                              "Actual Total Time": 5.548,
                              "Actual Rows": 12000,
                              "Actual Loops": 1,
                              "Output": ["o.netamount", "o.totalamount", "o.orderid"],
                              "Shared Hit Blocks": 2,
                              "Shared Read Blocks": 98,
                              "Shared Dirtied Blocks": 0,
                              "Shared Written Blocks": 0,
                              "Local Hit Blocks": 0,
                              "Local Read Blocks": 0,
                              "Local Dirtied Blocks": 0,
                              "Local Written Blocks": 0,
                              "Temp Read Blocks": 0,
                              "Temp Written Blocks": 0,
                              "I/O Read Time": 0.000,
                              "I/O Write Time": 0.000
                            }
                          ]
                        }
                      ]
                    },
                    {
                      "Node Type": "Hash",
                      "Parent Relationship": "Inner",
                      "Startup Cost": 3377.25,
                      "Total Cost": 3377.25,
                      "Plan Rows": 60350,
                      "Plan Width": 7,
                      "Actual Startup Time": 95.610,
                      "Actual Total Time": 95.610,
                      "Actual Rows": 60350,
                      "Actual Loops": 1,
                      "Output": ["c.state", "ch.orderid"],
                      "Hash Buckets": 8192,
                      "Hash Batches": 1,
                      "Original Hash Batches": 1,
                      "Peak Memory Usage": 2239,
                      "Shared Hit Blocks": 4,
                      "Shared Read Blocks": 811,
                      "Shared Dirtied Blocks": 0,
                      "Shared Written Blocks": 0,
                      "Local Hit Blocks": 0,
                      "Local Read Blocks": 0,
                      "Local Dirtied Blocks": 0,
                      "Local Written Blocks": 0,
                      "Temp Read Blocks": 0,
                      "Temp Written Blocks": 0,
                      "I/O Read Time": 0.000,
                      "I/O Write Time": 0.000,
                      "Plans": [
                        {
                          "Node Type": "Hash Join",
                          "Parent Relationship": "Outer",
                          "Join Type": "Inner",
                          "Startup Cost": 938.00,
                          "Total Cost": 3377.25,
                          "Plan Rows": 60350,
                          "Plan Width": 7,
                          "Actual Startup Time": 24.115,
                          "Actual Total Time": 74.639,
                          "Actual Rows": 60350,
                          "Actual Loops": 1,
                          "Output": ["c.state", "ch.orderid"],
                          "Hash Cond": "(ch.customerid = c.customerid)",
                          "Shared Hit Blocks": 4,
                          "Shared Read Blocks": 811,
                          "Shared Dirtied Blocks": 0,
                          "Shared Written Blocks": 0,
                          "Local Hit Blocks": 0,
                          "Local Read Blocks": 0,
                          "Local Dirtied Blocks": 0,
                          "Local Written Blocks": 0,
                          "Temp Read Blocks": 0,
                          "Temp Written Blocks": 0,
                          "I/O Read Time": 0.000,
                          "I/O Write Time": 0.000,
                          "Plans": [
                            {
                              "Node Type": "Seq Scan",
                              "Parent Relationship": "Outer",
                              "Relation Name": "cust_hist",
                              "Schema": "public",
                              "Alias": "ch",
                              "Startup Cost": 0.00,
                              "Total Cost": 930.50,
                              "Plan Rows": 60350,
                              "Plan Width": 8,
                              "Actual Startup Time": 0.294,
                              "Actual Total Time": 11.812,
                              "Actual Rows": 60350,
                              "Actual Loops": 1,
                              "Output": ["ch.customerid", "ch.orderid", "ch.prod_id"],
                              "Shared Hit Blocks": 2,
                              "Shared Read Blocks": 325,
                              "Shared Dirtied Blocks": 0,
                              "Shared Written Blocks": 0,
                              "Local Hit Blocks": 0,
                              "Local Read Blocks": 0,
                              "Local Dirtied Blocks": 0,
                              "Local Written Blocks": 0,
                              "Temp Read Blocks": 0,
                              "Temp Written Blocks": 0,
                              "I/O Read Time": 0.000,
                              "I/O Write Time": 0.000
                            },
                            {
                              "Node Type": "Hash",
                              "Parent Relationship": "Inner",
                              "Startup Cost": 688.00,
                              "Total Cost": 688.00,
                              "Plan Rows": 20000,
                              "Plan Width": 7,
                              "Actual Startup Time": 23.786,
                              "Actual Total Time": 23.786,
                              "Actual Rows": 20000,
                              "Actual Loops": 1,
                              "Output": ["c.state", "c.customerid"],
                              "Hash Buckets": 2048,
                              "Hash Batches": 1,
                              "Original Hash Batches": 1,
                              "Peak Memory Usage": 743,
                              "Shared Hit Blocks": 2,
                              "Shared Read Blocks": 486,
                              "Shared Dirtied Blocks": 0,
                              "Shared Written Blocks": 0,
                              "Local Hit Blocks": 0,
                              "Local Read Blocks": 0,
                              "Local Dirtied Blocks": 0,
                              "Local Written Blocks": 0,
                              "Temp Read Blocks": 0,
                              "Temp Written Blocks": 0,
                              "I/O Read Time": 0.000,
                              "I/O Write Time": 0.000,
                              "Plans": [
                                {
                                  "Node Type": "Seq Scan",
                                  "Parent Relationship": "Outer",
                                  "Relation Name": "customers",
                                  "Schema": "public",
                                  "Alias": "c",
                                  "Startup Cost": 0.00,
                                  "Total Cost": 688.00,
                                  "Plan Rows": 20000,
                                  "Plan Width": 7,
                                  "Actual Startup Time": 0.005,
                                  "Actual Total Time": 16.771,
                                  "Actual Rows": 20000,
                                  "Actual Loops": 1,
                                  "Output": ["c.state", "c.customerid"],
                                  "Shared Hit Blocks": 2,
                                  "Shared Read Blocks": 486,
                                  "Shared Dirtied Blocks": 0,
                                  "Shared Written Blocks": 0,
                                  "Local Hit Blocks": 0,
                                  "Local Read Blocks": 0,
                                  "Local Dirtied Blocks": 0,
                                  "Local Written Blocks": 0,
                                  "Temp Read Blocks": 0,
                                  "Temp Written Blocks": 0,
                                  "I/O Read Time": 0.000,
                                  "I/O Write Time": 0.000
                                }
                              ]
                            }
                          ]
                        }
                      ]
                    }
                  ]
                }
              ]
            }
          ]
        }
      ]
    },
    "Planning Time": 26.171,
    "Triggers": [
    ],
    "Execution Time": 726.800
  }
]
`,AK=`/* An aggregate with four joins */
SELECT c.state,
  cat.categoryname,
  sum(o.netamount),
  sum(o.totalamount)
FROM customers c
  INNER JOIN cust_hist ch ON c.customerid = ch.customerid
  INNER JOIN orders o ON ch.orderid = o.orderid
  INNER JOIN orderlines ol ON ol.orderid = o.orderid
  INNER JOIN products p ON ol.prod_id = p.prod_id
  INNER JOIN categories cat ON p.category = cat.category
GROUP BY c.state, cat.categoryname
ORDER BY c.state, sum(o.totalamount) DESC LIMIT 10 OFFSET 1;
`,RK=`"Limit  (cost=1.27..3878.21 rows=5 width=172) (actual time=0.245..2.544 rows=5 loops=1)"
"  ->  Nested Loop  (cost=1.27..48075.41 rows=62 width=172) (actual time=0.244..2.539 rows=5 loops=1)"
"        ->  Nested Loop  (cost=0.84..2420.02 rows=65 width=85) (actual time=0.137..0.151 rows=5 loops=1)"
"              ->  Nested Loop  (cost=0.42..2356.20 rows=5 width=85) (actual time=0.118..0.119 rows=1 loops=1)"
"                    ->  Seq Scan on top_challenge_list  (cost=0.00..30.26 rows=58 width=57) (actual time=0.036..0.043 rows=4 loops=1)"
"                          Filter: (is_active AND ((template_challenge)::text = 'top_turnover'::text))"
"                          Rows Removed by Filter: 26"
"                    ->  Index Scan using ref_people_xperf1 on ref_people  (cost=0.42..40.09 rows=1 width=28) (actual time=0.017..0.017 rows=0 loops=4)"
"                          Index Cond: (id_int = top_challenge_list.id_int_manager)"
"                          Filter: (is_active AND (id_statut <> 2) AND (COALESCE(id_qualification, 1) >= 1) AND (id_type = 5))"
"                          Rows Removed by Filter: 4"
"              ->  Index Scan using ref_genealogy_xperf5 on ref_genealogy  (cost=0.42..12.56 rows=20 width=8) (actual time=0.017..0.026 rows=5 loops=1)"
"                    Index Cond: (id_int = ref_people.id_int)"
"                    Filter: is_active"
"        ->  Index Scan using ref_people_xperf1 on ref_people filleuls  (cost=0.42..0.82 rows=1 width=47) (actual time=0.012..0.030 rows=1 loops=5)"
"              Index Cond: (id_int = ref_genealogy.id_int_level)"
"              Filter: (is_active AND (id_type = ANY ('{5,14}'::integer[])))"
"              Rows Removed by Filter: 7"
"        SubPlan 1"
"          ->  Aggregate  (cost=361.46..361.47 rows=1 width=8) (actual time=0.233..0.233 rows=1 loops=5)"
"                ->  Index Scan using ref_transaction_xperf4 on ref_transaction  (cost=0.42..361.46 rows=1 width=8) (actual time=0.155..0.229 rows=0 loops=5)"
"                      Index Cond: (id_int_agent_out = filleuls.id_int)"
"                      Filter: (is_active AND (date_acte IS NOT NULL) AND (date_acte >= top_challenge_list.date_deb_challenge) AND (date_acte <= top_challenge_list.date_fin_challenge) AND (id_type_transaction = 1))"
"                      Rows Removed by Filter: 100"
"        SubPlan 2"
"          ->  Aggregate  (cost=373.99..374.00 rows=1 width=8) (actual time=0.177..0.178 rows=1 loops=5)"
"                ->  Index Scan using ref_transaction_xperf3 on ref_transaction ref_transaction_1  (cost=0.42..373.99 rows=1 width=8) (actual time=0.117..0.174 rows=0 loops=5)"
"                      Index Cond: (id_int_agent_in = filleuls.id_int)"
"                      Filter: (is_active AND (date_acte IS NOT NULL) AND (date_acte >= top_challenge_list.date_deb_challenge) AND (date_acte <= top_challenge_list.date_fin_challenge) AND (id_type_transaction = 1))"
"                      Rows Removed by Filter: 102"
"Planning Time: 2.916 ms"
"Execution Time: 2.900 ms"`,bK=String.raw`
                                                                         QUERY PLAN
═══════════════════════════════════════════════════════════════════════════════════════════════════════════════════════════════════════════════════════════════
 Merge on public.t1  (cost=1824058.07..1336099696.57 rows=0 width=0) (actual time=16254.981..16254.984 rows=0 loops=1)
   Tuples: deleted=2499999
   Buffers: shared hit=5002762 read=51294 dirtied=13514 written=8006, local hit=7541658 read=25779 dirtied=46608 written=67441, temp read=98262 written=150446
   WAL: records=2500630 fpi=8047 bytes=200763653
   CTE t2bb
     ->  Update on pg_temp.t2  (cost=0.00..54898.62 rows=2912462 width=14) (actual time=244.180..2939.572 rows=2499999 loops=1)
           Output: t2.i, t2.x, t2.filler
           Buffers: local hit=7541658 read=25779 dirtied=46608 written=67441
           ->  Seq Scan on pg_temp.t2  (cost=0.00..54898.62 rows=2912462 width=14) (actual time=226.341..690.083 rows=2499999 loops=1)
                 Output: NULL::double precision, t2.ctid
                 Buffers: local read=25774 dirtied=25774 written=25771
   CTE t2b
     ->  Sort  (cost=650151.19..657432.35 rows=2912462 width=52) (actual time=5387.848..5800.321 rows=2499999 loops=1)
           Output: t2bb.i, t2bb.x, t2bb.filler, (random())
           Sort Key: (random())
           Sort Method: external merge  Disk: 141936kB
           Buffers: shared hit=3, local hit=7541658 read=25779 dirtied=46608 written=67441, temp read=35480 written=49892
           ->  CTE Scan on t2bb  (cost=0.00..65530.39 rows=2912462 width=52) (actual time=244.188..3856.231 rows=2499999 loops=1)
                 Output: t2bb.i, t2bb.x, t2bb.filler, random()
                 Buffers: local hit=7541658 read=25779 dirtied=46608 written=67441, temp written=14343
   ->  Merge Left Join  (cost=1111727.10..1335387365.61 rows=88949720377 width=42) (actual time=10989.361..12903.243 rows=2499999 loops=1)
         Output: t1.ctid, t2b.i, t2b.filler
         Merge Cond: (t2b.i = t1.i)
         Buffers: shared hit=15647 read=38411 dirtied=631, local hit=7541658 read=25779 dirtied=46608 written=67441, temp read=98262 written=150446
         WAL: records=631 fpi=631 bytes=5182403
         ->  Sort  (cost=530235.49..537516.64 rows=2912462 width=36) (actual time=7556.652..7928.837 rows=2499999 loops=1)
               Output: t2b.i, t2b.filler
               Sort Key: t2b.i
               Sort Method: external merge  Disk: 115072kB
               Buffers: shared hit=3, local hit=7541658 read=25779 dirtied=46608 written=67441, temp read=64238 written=96414
               ->  CTE Scan on t2b  (cost=0.00..58249.24 rows=2912462 width=36) (actual time=5387.869..6356.641 rows=2499999 loops=1)
                     Output: t2b.i, t2b.filler
                     Buffers: shared hit=3, local hit=7541658 read=25779 dirtied=46608 written=67441, temp read=35480 written=67592
         ->  Materialize  (cost=1012385.82..1042926.89 rows=6108215 width=10) (actual time=3432.664..4124.070 rows=2500000 loops=1)
               Output: t1.ctid, t1.i
               Buffers: shared hit=15644 read=38411 dirtied=631, temp read=34024 written=54032
               WAL: records=631 fpi=631 bytes=5182403
               ->  Sort  (cost=1012385.82..1027656.36 rows=6108215 width=10) (actual time=3432.659..3773.369 rows=2500000 loops=1)
                     Output: t1.ctid, t1.i
                     Sort Key: t1.i
                     Sort Method: external merge  Disk: 215352kB
                     Buffers: shared hit=15644 read=38411 dirtied=631, temp read=34024 written=54032
                     WAL: records=631 fpi=631 bytes=5182403
                     ->  Seq Scan on public.t1  (cost=0.00..115137.15 rows=6108215 width=10) (actual time=0.031..1073.371 rows=10000000 loops=1)
                           Output: t1.ctid, t1.i
                           Buffers: shared hit=15644 read=38411 dirtied=631
                           WAL: records=631 fpi=631 bytes=5182403
 Planning:
   Buffers: shared hit=21 read=7
 Planning Time: 0.237 ms
 JIT:
   Functions: 20
   Options: Inlining true, Optimization true, Expressions true, Deforming true
   Timing: Generation 0.948 ms, Inlining 76.071 ms, Optimization 97.998 ms, Emission 70.028 ms, Total 245.045 ms
 Execution Time: 16365.829 ms
(55 lignes)
`,OK=String.raw`
-- create a plan with all written/buffers/shared/local/temp at once

\timing off

\set NB 10000000
\set MINIMUM :NB/4


SET synchronous_commit TO off;

\set ON_ERROR_STOP 1

\set ECHO queries

DROP TABLE  IF EXISTS t1, t2 ;

CREATE TABLE t1 (i int GENERATED BY DEFAULT AS IDENTITY, x float DEFAULT random(), filler text DEFAULT NULL) ;

CREATE TEMP TABLE t2 (LIKE t1);
VACUUM (ANALYZE,VERBOSE) t1,t2;

\d+ t1
\d+ t2

INSERT INTO t1 SELECT FROM generate_series (1,:NB) i ;

INSERT INTO t2 SELECT i,x,md5(i::text) FROM t1 WHERE i < :MINIMUM ;

\dt+ t?

SET work_mem TO '4MB' ;

\echo "Update T1 from a modified version of T2"

EXPLAIN (ANALYZE,BUFFERS,VERBOSE,SETTINGS,WAL)
WITH t2bb AS ( UPDATE t2 SET x=null RETURNING * ),
t2b AS ( SELECT * FROM t2bb ORDER BY random())
MERGE INTO t1
USING t2b
ON (t1.i=t2b.i)
WHEN NOT MATCHED AND t2b.i >= :MINIMUM THEN
  INSERT VALUES (t2b.i, null, t2b.filler)
WHEN MATCHED AND t2b.i < :MINIMUM THEN
  DELETE
WHEN MATCHED THEN
  UPDATE SET filler=t2b.filler, x=null ;
`,LK=`Append (actual time=102.409..302.675 rows=3 loops=1)
  CTE init
    ->  Append (actual time=102.397..302.649 rows=2 loops=1)
          ->  Function Scan on pg_sleep pg_sleep_for (actual time=102.396..102.398 rows=1 loops=1)
          ->  Function Scan on pg_sleep pg_sleep_for_1 (actual time=200.243..200.245 rows=1 loops=1)
  ->  Limit (actual time=102.407..102.409 rows=1 loops=1)
        ->  CTE Scan on init init_1 (actual time=102.402..102.402 rows=1 loops=1)
  ->  CTE Scan on init (actual time=0.001..200.256 rows=2 loops=1)
Planning Time: 47.003 ms
Execution Time: 303.905 ms
`,yK=`WITH init AS (
 SELECT * FROM pg_sleep_for('100ms')
 UNION ALL
 SELECT * FROM pg_sleep_for('200ms')
)
(SELECT * FROM init LIMIT 1)
UNION ALL
(SELECT * FROM init);
`,NK=String.raw`{
  "Plan": {
    "Node Type": "Hash Join",
    "Parallel Aware": false,
    "Join Type": "Left",
    "Startup Cost": 394.93,
    "Total Cost": 417.11,
    "Plan Rows": 12,
    "Plan Width": 316,
    "Actual Startup Time": 226.103,
    "Actual Total Time": 232.217,
    "Actual Rows": 62,
    "Actual Loops": 1,
    "Output": [
      "c.relname",
      "(pg_total_relation_size((c.oid)::regclass))",
      "(pg_indexes_size((c.oid)::regclass))",
      "(COALESCE(pg_total_relation_size((c.reltoastrelid)::regclass), '0'::bigint))",
      "(((pg_total_relation_size((c.oid)::regclass)) - (pg_indexes_size((c.oid)::regclass))) - (COALESCE(pg_total_relation_size((c.reltoastrelid)::regclass), '0'::bigint)))",
      "COALESCE((count(*)), '0'::bigint)",
      "pg_size_pretty((pg_total_relation_size((c.oid)::regclass)))",
      "pg_size_pretty((pg_indexes_size((c.oid)::regclass)))",
      "pg_size_pretty((COALESCE(pg_total_relation_size((c.reltoastrelid)::regclass), '0'::bigint)))",
      "pg_size_pretty((((pg_total_relation_size((c.oid)::regclass)) - (pg_indexes_size((c.oid)::regclass))) - (COALESCE(pg_total_relation_size((c.reltoastrelid)::regclass), '0'::bigint))))",
      "CASE WHEN ((((s.heappages + s.toastpages))::double precision - (ceil((s.reltuples / ((((s.bs - (s.page_hdr)::numeric) * (s.fillfactor)::numeric))::double precision / (((((((4 + s.tpl_hdr_size))::double precision + s.tpl_data_size) + ((2 * s.ma))::double precision) - (CASE WHEN ((s.tpl_hdr_size % (s.ma)::bigint) = 0) THEN (s.ma)::bigint ELSE (s.tpl_hdr_size % (s.ma)::bigint) END)::double precision) - (CASE WHEN (((ceil(s.tpl_data_size))::integer % s.ma) = 0) THEN s.ma ELSE ((ceil(s.tpl_data_size))::integer % s.ma) END)::double precision) * '100'::double precision)))) + ceil((s.toasttuples / '4'::double precision)))) > '0'::double precision) THEN ((((s.heappages + s.toastpages))::double precision - (ceil((s.reltuples / ((((s.bs - (s.page_hdr)::numeric) * (s.fillfactor)::numeric))::double precision / (((((((4 + s.tpl_hdr_size))::double precision + s.tpl_data_size) + ((2 * s.ma))::double precision) - (CASE WHEN ((s.tpl_hdr_size % (s.ma)::bigint) = 0) THEN (s.ma)::bigint ELSE (s.tpl_hdr_size % (s.ma)::bigint) END)::double precision) - (CASE WHEN (((ceil(s.tpl_data_size))::integer % s.ma) = 0) THEN s.ma ELSE ((ceil(s.tpl_data_size))::integer % s.ma) END)::double precision) * '100'::double precision)))) + ceil((s.toasttuples / '4'::double precision)))) * (s.bs)::double precision) ELSE '0'::double precision END",
      "pg_size_pretty((CASE WHEN ((((s.heappages + s.toastpages))::double precision - (ceil((s.reltuples / ((((s.bs - (s.page_hdr)::numeric) * (s.fillfactor)::numeric))::double precision / (((((((4 + s.tpl_hdr_size))::double precision + s.tpl_data_size) + ((2 * s.ma))::double precision) - (CASE WHEN ((s.tpl_hdr_size % (s.ma)::bigint) = 0) THEN (s.ma)::bigint ELSE (s.tpl_hdr_size % (s.ma)::bigint) END)::double precision) - (CASE WHEN (((ceil(s.tpl_data_size))::integer % s.ma) = 0) THEN s.ma ELSE ((ceil(s.tpl_data_size))::integer % s.ma) END)::double precision) * '100'::double precision)))) + ceil((s.toasttuples / '4'::double precision)))) > '0'::double precision) THEN ((((s.heappages + s.toastpages))::double precision - (ceil((s.reltuples / ((((s.bs - (s.page_hdr)::numeric) * (s.fillfactor)::numeric))::double precision / (((((((4 + s.tpl_hdr_size))::double precision + s.tpl_data_size) + ((2 * s.ma))::double precision) - (CASE WHEN ((s.tpl_hdr_size % (s.ma)::bigint) = 0) THEN (s.ma)::bigint ELSE (s.tpl_hdr_size % (s.ma)::bigint) END)::double precision) - (CASE WHEN (((ceil(s.tpl_data_size))::integer % s.ma) = 0) THEN s.ma ELSE ((ceil(s.tpl_data_size))::integer % s.ma) END)::double precision) * '100'::double precision)))) + ceil((s.toasttuples / '4'::double precision)))) * (s.bs)::double precision) ELSE '0'::double precision END)::bigint)",
      "(sum((CASE WHEN ((q.relpages)::double precision > COALESCE(('1'::double precision + ceil((q.reltuples / floor((((((((current_setting('block_size'::text))::numeric) - ((16))::numeric) - ((24))::numeric) * (q.fillfactor)::numeric))::double precision / ('100'::double precision * (('4'::numeric + ((((((((CASE WHEN (max(COALESCE(s_3.stanullfrac, '0'::real)) = '0'::double precision) THEN 2 ELSE 6 END) + (CASE WHEN ((version() ~ 'mingw32'::text) OR (version() ~ '64-bit|x86_64|ppc64|ia64|amd64'::text)) THEN 8 ELSE 4 END)) - CASE WHEN (((CASE WHEN (max(COALESCE(s_3.stanullfrac, '0'::real)) = '0'::double precision) THEN 2 ELSE 6 END) % (CASE WHEN ((version() ~ 'mingw32'::text) OR (version() ~ '64-bit|x86_64|ppc64|ia64|amd64'::text)) THEN 8 ELSE 4 END)) = 0) THEN (CASE WHEN ((version() ~ 'mingw32'::text) OR (version() ~ '64-bit|x86_64|ppc64|ia64|amd64'::text)) THEN 8 ELSE 4 END) ELSE ((CASE WHEN (max(COALESCE(s_3.stanullfrac, '0'::real)) = '0'::double precision) THEN 2 ELSE 6 END) % (CASE WHEN ((version() ~ 'mingw32'::text) OR (version() ~ '64-bit|x86_64|ppc64|ia64|amd64'::text)) THEN 8 ELSE 4 END)) END))::double precision + (sum((('1'::double precision - COALESCE(s_3.stanullfrac, '0'::real)) * (COALESCE(s_3.stawidth, 1024))::double precision)))) + ((CASE WHEN ((version() ~ 'mingw32'::text) OR (version() ~ '64-bit|x86_64|ppc64|ia64|amd64'::text)) THEN 8 ELSE 4 END))::double precision) - (CASE WHEN ((sum((('1'::double precision - COALESCE(s_3.stanullfrac, '0'::real)) * (COALESCE(s_3.stawidth, 1024))::double precision))) = '0'::double precision) THEN 0 WHEN ((((sum((('1'::double precision - COALESCE(s_3.stanullfrac, '0'::real)) * (COALESCE(s_3.stawidth, 1024))::double precision))))::integer % (CASE WHEN ((version() ~ 'mingw32'::text) OR (version() ~ '64-bit|x86_64|ppc64|ia64|amd64'::text)) THEN 8 ELSE 4 END)) = 0) THEN (CASE WHEN ((version() ~ 'mingw32'::text) OR (version() ~ '64-bit|x86_64|ppc64|ia64|amd64'::text)) THEN 8 ELSE 4 END) ELSE (((sum((('1'::double precision - COALESCE(s_3.stanullfrac, '0'::real)) * (COALESCE(s_3.stawidth, 1024))::double precision))))::integer % (CASE WHEN ((version() ~ 'mingw32'::text) OR (version() ~ '64-bit|x86_64|ppc64|ia64|amd64'::text)) THEN 8 ELSE 4 END)) END)::double precision))::numeric))::double precision)))))), '0'::double precision)) THEN ((((current_setting('block_size'::text))::numeric))::double precision * ((q.relpages)::double precision - COALESCE(('1'::double precision + ceil((q.reltuples / floor((((((((current_setting('block_size'::text))::numeric) - ((16))::numeric) - ((24))::numeric) * (q.fillfactor)::numeric))::double precision / ('100'::double precision * (('4'::numeric + ((((((((CASE WHEN (max(COALESCE(s_3.stanullfrac, '0'::real)) = '0'::double precision) THEN 2 ELSE 6 END) + (CASE WHEN ((version() ~ 'mingw32'::text) OR (version() ~ '64-bit|x86_64|ppc64|ia64|amd64'::text)) THEN 8 ELSE 4 END)) - CASE WHEN (((CASE WHEN (max(COALESCE(s_3.stanullfrac, '0'::real)) = '0'::double precision) THEN 2 ELSE 6 END) % (CASE WHEN ((version() ~ 'mingw32'::text) OR (version() ~ '64-bit|x86_64|ppc64|ia64|amd64'::text)) THEN 8 ELSE 4 END)) = 0) THEN (CASE WHEN ((version() ~ 'mingw32'::text) OR (version() ~ '64-bit|x86_64|ppc64|ia64|amd64'::text)) THEN 8 ELSE 4 END) ELSE ((CASE WHEN (max(COALESCE(s_3.stanullfrac, '0'::real)) = '0'::double precision) THEN 2 ELSE 6 END) % (CASE WHEN ((version() ~ 'mingw32'::text) OR (version() ~ '64-bit|x86_64|ppc64|ia64|amd64'::text)) THEN 8 ELSE 4 END)) END))::double precision + (sum((('1'::double precision - COALESCE(s_3.stanullfrac, '0'::real)) * (COALESCE(s_3.stawidth, 1024))::double precision)))) + ((CASE WHEN ((version() ~ 'mingw32'::text) OR (version() ~ '64-bit|x86_64|ppc64|ia64|amd64'::text)) THEN 8 ELSE 4 END))::double precision) - (CASE WHEN ((sum((('1'::double precision - COALESCE(s_3.stanullfrac, '0'::real)) * (COALESCE(s_3.stawidth, 1024))::double precision))) = '0'::double precision) THEN 0 WHEN ((((sum((('1'::double precision - COALESCE(s_3.stanullfrac, '0'::real)) * (COALESCE(s_3.stawidth, 1024))::double precision))))::integer % (CASE WHEN ((version() ~ 'mingw32'::text) OR (version() ~ '64-bit|x86_64|ppc64|ia64|amd64'::text)) THEN 8 ELSE 4 END)) = 0) THEN (CASE WHEN ((version() ~ 'mingw32'::text) OR (version() ~ '64-bit|x86_64|ppc64|ia64|amd64'::text)) THEN 8 ELSE 4 END) ELSE (((sum((('1'::double precision - COALESCE(s_3.stanullfrac, '0'::real)) * (COALESCE(s_3.stawidth, 1024))::double precision))))::integer % (CASE WHEN ((version() ~ 'mingw32'::text) OR (version() ~ '64-bit|x86_64|ppc64|ia64|amd64'::text)) THEN 8 ELSE 4 END)) END)::double precision))::numeric))::double precision)))))), '0'::double precision))) ELSE '0'::double precision END)))",
      "pg_size_pretty(((sum((CASE WHEN ((q.relpages)::double precision > COALESCE(('1'::double precision + ceil((q.reltuples / floor((((((((current_setting('block_size'::text))::numeric) - ((16))::numeric) - ((24))::numeric) * (q.fillfactor)::numeric))::double precision / ('100'::double precision * (('4'::numeric + ((((((((CASE WHEN (max(COALESCE(s_3.stanullfrac, '0'::real)) = '0'::double precision) THEN 2 ELSE 6 END) + (CASE WHEN ((version() ~ 'mingw32'::text) OR (version() ~ '64-bit|x86_64|ppc64|ia64|amd64'::text)) THEN 8 ELSE 4 END)) - CASE WHEN (((CASE WHEN (max(COALESCE(s_3.stanullfrac, '0'::real)) = '0'::double precision) THEN 2 ELSE 6 END) % (CASE WHEN ((version() ~ 'mingw32'::text) OR (version() ~ '64-bit|x86_64|ppc64|ia64|amd64'::text)) THEN 8 ELSE 4 END)) = 0) THEN (CASE WHEN ((version() ~ 'mingw32'::text) OR (version() ~ '64-bit|x86_64|ppc64|ia64|amd64'::text)) THEN 8 ELSE 4 END) ELSE ((CASE WHEN (max(COALESCE(s_3.stanullfrac, '0'::real)) = '0'::double precision) THEN 2 ELSE 6 END) % (CASE WHEN ((version() ~ 'mingw32'::text) OR (version() ~ '64-bit|x86_64|ppc64|ia64|amd64'::text)) THEN 8 ELSE 4 END)) END))::double precision + (sum((('1'::double precision - COALESCE(s_3.stanullfrac, '0'::real)) * (COALESCE(s_3.stawidth, 1024))::double precision)))) + ((CASE WHEN ((version() ~ 'mingw32'::text) OR (version() ~ '64-bit|x86_64|ppc64|ia64|amd64'::text)) THEN 8 ELSE 4 END))::double precision) - (CASE WHEN ((sum((('1'::double precision - COALESCE(s_3.stanullfrac, '0'::real)) * (COALESCE(s_3.stawidth, 1024))::double precision))) = '0'::double precision) THEN 0 WHEN ((((sum((('1'::double precision - COALESCE(s_3.stanullfrac, '0'::real)) * (COALESCE(s_3.stawidth, 1024))::double precision))))::integer % (CASE WHEN ((version() ~ 'mingw32'::text) OR (version() ~ '64-bit|x86_64|ppc64|ia64|amd64'::text)) THEN 8 ELSE 4 END)) = 0) THEN (CASE WHEN ((version() ~ 'mingw32'::text) OR (version() ~ '64-bit|x86_64|ppc64|ia64|amd64'::text)) THEN 8 ELSE 4 END) ELSE (((sum((('1'::double precision - COALESCE(s_3.stanullfrac, '0'::real)) * (COALESCE(s_3.stawidth, 1024))::double precision))))::integer % (CASE WHEN ((version() ~ 'mingw32'::text) OR (version() ~ '64-bit|x86_64|ppc64|ia64|amd64'::text)) THEN 8 ELSE 4 END)) END)::double precision))::numeric))::double precision)))))), '0'::double precision)) THEN ((((current_setting('block_size'::text))::numeric))::double precision * ((q.relpages)::double precision - COALESCE(('1'::double precision + ceil((q.reltuples / floor((((((((current_setting('block_size'::text))::numeric) - ((16))::numeric) - ((24))::numeric) * (q.fillfactor)::numeric))::double precision / ('100'::double precision * (('4'::numeric + ((((((((CASE WHEN (max(COALESCE(s_3.stanullfrac, '0'::real)) = '0'::double precision) THEN 2 ELSE 6 END) + (CASE WHEN ((version() ~ 'mingw32'::text) OR (version() ~ '64-bit|x86_64|ppc64|ia64|amd64'::text)) THEN 8 ELSE 4 END)) - CASE WHEN (((CASE WHEN (max(COALESCE(s_3.stanullfrac, '0'::real)) = '0'::double precision) THEN 2 ELSE 6 END) % (CASE WHEN ((version() ~ 'mingw32'::text) OR (version() ~ '64-bit|x86_64|ppc64|ia64|amd64'::text)) THEN 8 ELSE 4 END)) = 0) THEN (CASE WHEN ((version() ~ 'mingw32'::text) OR (version() ~ '64-bit|x86_64|ppc64|ia64|amd64'::text)) THEN 8 ELSE 4 END) ELSE ((CASE WHEN (max(COALESCE(s_3.stanullfrac, '0'::real)) = '0'::double precision) THEN 2 ELSE 6 END) % (CASE WHEN ((version() ~ 'mingw32'::text) OR (version() ~ '64-bit|x86_64|ppc64|ia64|amd64'::text)) THEN 8 ELSE 4 END)) END))::double precision + (sum((('1'::double precision - COALESCE(s_3.stanullfrac, '0'::real)) * (COALESCE(s_3.stawidth, 1024))::double precision)))) + ((CASE WHEN ((version() ~ 'mingw32'::text) OR (version() ~ '64-bit|x86_64|ppc64|ia64|amd64'::text)) THEN 8 ELSE 4 END))::double precision) - (CASE WHEN ((sum((('1'::double precision - COALESCE(s_3.stanullfrac, '0'::real)) * (COALESCE(s_3.stawidth, 1024))::double precision))) = '0'::double precision) THEN 0 WHEN ((((sum((('1'::double precision - COALESCE(s_3.stanullfrac, '0'::real)) * (COALESCE(s_3.stawidth, 1024))::double precision))))::integer % (CASE WHEN ((version() ~ 'mingw32'::text) OR (version() ~ '64-bit|x86_64|ppc64|ia64|amd64'::text)) THEN 8 ELSE 4 END)) = 0) THEN (CASE WHEN ((version() ~ 'mingw32'::text) OR (version() ~ '64-bit|x86_64|ppc64|ia64|amd64'::text)) THEN 8 ELSE 4 END) ELSE (((sum((('1'::double precision - COALESCE(s_3.stanullfrac, '0'::real)) * (COALESCE(s_3.stawidth, 1024))::double precision))))::integer % (CASE WHEN ((version() ~ 'mingw32'::text) OR (version() ~ '64-bit|x86_64|ppc64|ia64|amd64'::text)) THEN 8 ELSE 4 END)) END)::double precision))::numeric))::double precision)))))), '0'::double precision))) ELSE '0'::double precision END))))::bigint)",
      "c.reltuples"
    ],
    "Inner Unique": true,
    "Hash Cond": "((n.nspname = q.nspname) AND (c.relname = q.tblname))",
    "Shared Hit Blocks": 218101,
    "Shared Read Blocks": 0,
    "Shared Dirtied Blocks": 0,
    "Shared Written Blocks": 0,
    "Local Hit Blocks": 0,
    "Local Read Blocks": 0,
    "Local Dirtied Blocks": 0,
    "Local Written Blocks": 0,
    "Temp Read Blocks": 0,
    "Temp Written Blocks": 0,
    "Plans": [
      {
        "Node Type": "Hash Join",
        "Parent Relationship": "Outer",
        "Parallel Aware": false,
        "Join Type": "Inner",
        "Startup Cost": 211.58,
        "Total Cost": 228.59,
        "Plan Rows": 12,
        "Plan Width": 240,
        "Actual Startup Time": 35.727,
        "Actual Total Time": 41.452,
        "Actual Rows": 62,
        "Actual Loops": 1,
        "Output": [
          "c.relname",
          "(pg_total_relation_size((c.oid)::regclass))",
          "(pg_indexes_size((c.oid)::regclass))",
          "(COALESCE(pg_total_relation_size((c.reltoastrelid)::regclass), '0'::bigint))",
          "c.reltuples",
          "n.nspname",
          "(count(*))",
          "s.heappages",
          "s.toastpages",
          "s.reltuples",
          "s.bs",
          "s.page_hdr",
          "s.fillfactor",
          "s.tpl_hdr_size",
          "s.tpl_data_size",
          "s.ma",
          "s.toasttuples"
        ],
        "Inner Unique": false,
        "Hash Cond": "(c.relname = s.tblname)",
        "Shared Hit Blocks": 2449,
        "Shared Read Blocks": 0,
        "Shared Dirtied Blocks": 0,
        "Shared Written Blocks": 0,
        "Local Hit Blocks": 0,
        "Local Read Blocks": 0,
        "Local Dirtied Blocks": 0,
        "Local Written Blocks": 0,
        "Temp Read Blocks": 0,
        "Temp Written Blocks": 0,
        "Plans": [
          {
            "Node Type": "Hash Join",
            "Parent Relationship": "Outer",
            "Parallel Aware": false,
            "Join Type": "Left",
            "Startup Cost": 42.71,
            "Total Cost": 59.55,
            "Plan Rows": 12,
            "Plan Width": 164,
            "Actual Startup Time": 0.697,
            "Actual Total Time": 6.325,
            "Actual Rows": 62,
            "Actual Loops": 1,
            "Output": [
              "c.relname",
              "(pg_total_relation_size((c.oid)::regclass))",
              "(pg_indexes_size((c.oid)::regclass))",
              "(COALESCE(pg_total_relation_size((c.reltoastrelid)::regclass), '0'::bigint))",
              "c.reltuples",
              "n.nspname",
              "(count(*))"
            ],
            "Inner Unique": true,
            "Hash Cond": "(c.relname = c_1.relname)",
            "Shared Hit Blocks": 694,
            "Shared Read Blocks": 0,
            "Shared Dirtied Blocks": 0,
            "Shared Written Blocks": 0,
            "Local Hit Blocks": 0,
            "Local Read Blocks": 0,
            "Local Dirtied Blocks": 0,
            "Local Written Blocks": 0,
            "Temp Read Blocks": 0,
            "Temp Written Blocks": 0,
            "Plans": [
              {
                "Node Type": "Hash Join",
                "Parent Relationship": "Outer",
                "Parallel Aware": false,
                "Join Type": "Inner",
                "Startup Cost": 1.09,
                "Total Cost": 17.77,
                "Plan Rows": 12,
                "Plan Width": 160,
                "Actual Startup Time": 0.151,
                "Actual Total Time": 5.685,
                "Actual Rows": 62,
                "Actual Loops": 1,
                "Output": [
                  "NULL::oid",
                  "n.nspname",
                  "c.relname",
                  "c.reltuples",
                  "pg_total_relation_size((c.oid)::regclass)",
                  "pg_indexes_size((c.oid)::regclass)",
                  "COALESCE(pg_total_relation_size((c.reltoastrelid)::regclass), '0'::bigint)"
                ],
                "Inner Unique": true,
                "Hash Cond": "(c.relnamespace = n.oid)",
                "Shared Hit Blocks": 663,
                "Shared Read Blocks": 0,
                "Shared Dirtied Blocks": 0,
                "Shared Written Blocks": 0,
                "Local Hit Blocks": 0,
                "Local Read Blocks": 0,
                "Local Dirtied Blocks": 0,
                "Local Written Blocks": 0,
                "Temp Read Blocks": 0,
                "Temp Written Blocks": 0,
                "Plans": [
                  {
                    "Node Type": "Seq Scan",
                    "Parent Relationship": "Outer",
                    "Parallel Aware": false,
                    "Relation Name": "pg_class",
                    "Schema": "pg_catalog",
                    "Alias": "c",
                    "Startup Cost": 0.0,
                    "Total Cost": 16.27,
                    "Plan Rows": 69,
                    "Plan Width": 80,
                    "Actual Startup Time": 0.014,
                    "Actual Total Time": 0.135,
                    "Actual Rows": 71,
                    "Actual Loops": 1,
                    "Output": [
                      "c.relname",
                      "c.reltuples",
                      "c.oid",
                      "c.reltoastrelid",
                      "c.relnamespace"
                    ],
                    "Filter": "(c.relkind = 'r'::\"char\")",
                    "Rows Removed by Filter": 277,
                    "Shared Hit Blocks": 12,
                    "Shared Read Blocks": 0,
                    "Shared Dirtied Blocks": 0,
                    "Shared Written Blocks": 0,
                    "Local Hit Blocks": 0,
                    "Local Read Blocks": 0,
                    "Local Dirtied Blocks": 0,
                    "Local Written Blocks": 0,
                    "Temp Read Blocks": 0,
                    "Temp Written Blocks": 0
                  },
                  {
                    "Node Type": "Hash",
                    "Parent Relationship": "Inner",
                    "Parallel Aware": false,
                    "Startup Cost": 1.07,
                    "Total Cost": 1.07,
                    "Plan Rows": 1,
                    "Plan Width": 68,
                    "Actual Startup Time": 0.014,
                    "Actual Total Time": 0.014,
                    "Actual Rows": 1,
                    "Actual Loops": 1,
                    "Output": ["n.nspname", "n.oid"],
                    "Hash Buckets": 1024,
                    "Original Hash Buckets": 1024,
                    "Hash Batches": 1,
                    "Original Hash Batches": 1,
                    "Peak Memory Usage": 9,
                    "Shared Hit Blocks": 1,
                    "Shared Read Blocks": 0,
                    "Shared Dirtied Blocks": 0,
                    "Shared Written Blocks": 0,
                    "Local Hit Blocks": 0,
                    "Local Read Blocks": 0,
                    "Local Dirtied Blocks": 0,
                    "Local Written Blocks": 0,
                    "Temp Read Blocks": 0,
                    "Temp Written Blocks": 0,
                    "Plans": [
                      {
                        "Node Type": "Seq Scan",
                        "Parent Relationship": "Outer",
                        "Parallel Aware": false,
                        "Relation Name": "pg_namespace",
                        "Schema": "pg_catalog",
                        "Alias": "n",
                        "Startup Cost": 0.0,
                        "Total Cost": 1.07,
                        "Plan Rows": 1,
                        "Plan Width": 68,
                        "Actual Startup Time": 0.006,
                        "Actual Total Time": 0.007,
                        "Actual Rows": 1,
                        "Actual Loops": 1,
                        "Output": ["n.nspname", "n.oid"],
                        "Filter": "(n.nspname = 'pg_catalog'::name)",
                        "Rows Removed by Filter": 6,
                        "Shared Hit Blocks": 1,
                        "Shared Read Blocks": 0,
                        "Shared Dirtied Blocks": 0,
                        "Shared Written Blocks": 0,
                        "Local Hit Blocks": 0,
                        "Local Read Blocks": 0,
                        "Local Dirtied Blocks": 0,
                        "Local Written Blocks": 0,
                        "Temp Read Blocks": 0,
                        "Temp Written Blocks": 0
                      }
                    ]
                  }
                ]
              },
              {
                "Node Type": "Hash",
                "Parent Relationship": "Inner",
                "Parallel Aware": false,
                "Startup Cost": 41.44,
                "Total Cost": 41.44,
                "Plan Rows": 14,
                "Plan Width": 72,
                "Actual Startup Time": 0.529,
                "Actual Total Time": 0.529,
                "Actual Rows": 62,
                "Actual Loops": 1,
                "Output": ["(count(*))", "c_1.relname"],
                "Hash Buckets": 1024,
                "Original Hash Buckets": 1024,
                "Hash Batches": 1,
                "Original Hash Batches": 1,
                "Peak Memory Usage": 15,
                "Shared Hit Blocks": 31,
                "Shared Read Blocks": 0,
                "Shared Dirtied Blocks": 0,
                "Shared Written Blocks": 0,
                "Local Hit Blocks": 0,
                "Local Read Blocks": 0,
                "Local Dirtied Blocks": 0,
                "Local Written Blocks": 0,
                "Temp Read Blocks": 0,
                "Temp Written Blocks": 0,
                "Plans": [
                  {
                    "Node Type": "Aggregate",
                    "Strategy": "Sorted",
                    "Partial Mode": "Simple",
                    "Parent Relationship": "Outer",
                    "Parallel Aware": false,
                    "Startup Cost": 41.06,
                    "Total Cost": 41.3,
                    "Plan Rows": 14,
                    "Plan Width": 72,
                    "Actual Startup Time": 0.474,
                    "Actual Total Time": 0.504,
                    "Actual Rows": 62,
                    "Actual Loops": 1,
                    "Output": ["count(*)", "c_1.relname"],
                    "Group Key": ["c_1.relname"],
                    "Shared Hit Blocks": 31,
                    "Shared Read Blocks": 0,
                    "Shared Dirtied Blocks": 0,
                    "Shared Written Blocks": 0,
                    "Local Hit Blocks": 0,
                    "Local Read Blocks": 0,
                    "Local Dirtied Blocks": 0,
                    "Local Written Blocks": 0,
                    "Temp Read Blocks": 0,
                    "Temp Written Blocks": 0,
                    "Plans": [
                      {
                        "Node Type": "Sort",
                        "Parent Relationship": "Outer",
                        "Parallel Aware": false,
                        "Startup Cost": 41.06,
                        "Total Cost": 41.09,
                        "Plan Rows": 14,
                        "Plan Width": 64,
                        "Actual Startup Time": 0.463,
                        "Actual Total Time": 0.469,
                        "Actual Rows": 116,
                        "Actual Loops": 1,
                        "Output": ["c_1.relname"],
                        "Sort Key": ["c_1.relname"],
                        "Sort Method": "quicksort",
                        "Sort Space Used": 41,
                        "Sort Space Type": "Memory",
                        "Shared Hit Blocks": 31,
                        "Shared Read Blocks": 0,
                        "Shared Dirtied Blocks": 0,
                        "Shared Written Blocks": 0,
                        "Local Hit Blocks": 0,
                        "Local Read Blocks": 0,
                        "Local Dirtied Blocks": 0,
                        "Local Written Blocks": 0,
                        "Temp Read Blocks": 0,
                        "Temp Written Blocks": 0,
                        "Plans": [
                          {
                            "Node Type": "Hash Join",
                            "Parent Relationship": "Outer",
                            "Parallel Aware": false,
                            "Join Type": "Inner",
                            "Startup Cost": 23.87,
                            "Total Cost": 40.79,
                            "Plan Rows": 14,
                            "Plan Width": 64,
                            "Actual Startup Time": 0.266,
                            "Actual Total Time": 0.366,
                            "Actual Rows": 116,
                            "Actual Loops": 1,
                            "Output": ["c_1.relname"],
                            "Inner Unique": false,
                            "Hash Cond": "(i.oid = x.indexrelid)",
                            "Shared Hit Blocks": 28,
                            "Shared Read Blocks": 0,
                            "Shared Dirtied Blocks": 0,
                            "Shared Written Blocks": 0,
                            "Local Hit Blocks": 0,
                            "Local Read Blocks": 0,
                            "Local Dirtied Blocks": 0,
                            "Local Written Blocks": 0,
                            "Temp Read Blocks": 0,
                            "Temp Written Blocks": 0,
                            "Plans": [
                              {
                                "Node Type": "Seq Scan",
                                "Parent Relationship": "Outer",
                                "Parallel Aware": false,
                                "Relation Name": "pg_class",
                                "Schema": "pg_catalog",
                                "Alias": "i",
                                "Startup Cost": 0.0,
                                "Total Cost": 16.27,
                                "Plan Rows": 135,
                                "Plan Width": 8,
                                "Actual Startup Time": 0.009,
                                "Actual Total Time": 0.09,
                                "Actual Rows": 137,
                                "Actual Loops": 1,
                                "Output": ["i.oid", "i.reltablespace"],
                                "Filter": "(i.relkind = 'i'::\"char\")",
                                "Rows Removed by Filter": 211,
                                "Shared Hit Blocks": 12,
                                "Shared Read Blocks": 0,
                                "Shared Dirtied Blocks": 0,
                                "Shared Written Blocks": 0,
                                "Local Hit Blocks": 0,
                                "Local Read Blocks": 0,
                                "Local Dirtied Blocks": 0,
                                "Local Written Blocks": 0,
                                "Temp Read Blocks": 0,
                                "Temp Written Blocks": 0
                              },
                              {
                                "Node Type": "Hash",
                                "Parent Relationship": "Inner",
                                "Parallel Aware": false,
                                "Startup Cost": 23.42,
                                "Total Cost": 23.42,
                                "Plan Rows": 36,
                                "Plan Width": 68,
                                "Actual Startup Time": 0.237,
                                "Actual Total Time": 0.237,
                                "Actual Rows": 116,
                                "Actual Loops": 1,
                                "Output": ["x.indexrelid", "c_1.relname"],
                                "Hash Buckets": 1024,
                                "Original Hash Buckets": 1024,
                                "Hash Batches": 1,
                                "Original Hash Batches": 1,
                                "Peak Memory Usage": 20,
                                "Shared Hit Blocks": 16,
                                "Shared Read Blocks": 0,
                                "Shared Dirtied Blocks": 0,
                                "Shared Written Blocks": 0,
                                "Local Hit Blocks": 0,
                                "Local Read Blocks": 0,
                                "Local Dirtied Blocks": 0,
                                "Local Written Blocks": 0,
                                "Temp Read Blocks": 0,
                                "Temp Written Blocks": 0,
                                "Plans": [
                                  {
                                    "Node Type": "Hash Join",
                                    "Parent Relationship": "Outer",
                                    "Parallel Aware": false,
                                    "Join Type": "Inner",
                                    "Startup Cost": 17.14,
                                    "Total Cost": 23.42,
                                    "Plan Rows": 36,
                                    "Plan Width": 68,
                                    "Actual Startup Time": 0.145,
                                    "Actual Total Time": 0.21,
                                    "Actual Rows": 116,
                                    "Actual Loops": 1,
                                    "Output": ["x.indexrelid", "c_1.relname"],
                                    "Inner Unique": true,
                                    "Hash Cond": "(x.indrelid = c_1.oid)",
                                    "Shared Hit Blocks": 16,
                                    "Shared Read Blocks": 0,
                                    "Shared Dirtied Blocks": 0,
                                    "Shared Written Blocks": 0,
                                    "Local Hit Blocks": 0,
                                    "Local Read Blocks": 0,
                                    "Local Dirtied Blocks": 0,
                                    "Local Written Blocks": 0,
                                    "Temp Read Blocks": 0,
                                    "Temp Written Blocks": 0,
                                    "Plans": [
                                      {
                                        "Node Type": "Seq Scan",
                                        "Parent Relationship": "Outer",
                                        "Parallel Aware": false,
                                        "Relation Name": "pg_index",
                                        "Schema": "pg_catalog",
                                        "Alias": "x",
                                        "Startup Cost": 0.0,
                                        "Total Cost": 5.8,
                                        "Plan Rows": 180,
                                        "Plan Width": 8,
                                        "Actual Startup Time": 0.005,
                                        "Actual Total Time": 0.018,
                                        "Actual Rows": 137,
                                        "Actual Loops": 1,
                                        "Output": [
                                          "x.indexrelid",
                                          "x.indrelid",
                                          "x.indnatts",
                                          "x.indnkeyatts",
                                          "x.indisunique",
                                          "x.indisprimary",
                                          "x.indisexclusion",
                                          "x.indimmediate",
                                          "x.indisclustered",
                                          "x.indisvalid",
                                          "x.indcheckxmin",
                                          "x.indisready",
                                          "x.indislive",
                                          "x.indisreplident",
                                          "x.indkey",
                                          "x.indcollation",
                                          "x.indclass",
                                          "x.indoption",
                                          "x.indexprs",
                                          "x.indpred"
                                        ],
                                        "Shared Hit Blocks": 4,
                                        "Shared Read Blocks": 0,
                                        "Shared Dirtied Blocks": 0,
                                        "Shared Written Blocks": 0,
                                        "Local Hit Blocks": 0,
                                        "Local Read Blocks": 0,
                                        "Local Dirtied Blocks": 0,
                                        "Local Written Blocks": 0,
                                        "Temp Read Blocks": 0,
                                        "Temp Written Blocks": 0
                                      },
                                      {
                                        "Node Type": "Hash",
                                        "Parent Relationship": "Inner",
                                        "Parallel Aware": false,
                                        "Startup Cost": 16.27,
                                        "Total Cost": 16.27,
                                        "Plan Rows": 69,
                                        "Plan Width": 72,
                                        "Actual Startup Time": 0.124,
                                        "Actual Total Time": 0.124,
                                        "Actual Rows": 71,
                                        "Actual Loops": 1,
                                        "Output": [
                                          "c_1.relname",
                                          "c_1.oid",
                                          "c_1.relnamespace"
                                        ],
                                        "Hash Buckets": 1024,
                                        "Original Hash Buckets": 1024,
                                        "Hash Batches": 1,
                                        "Original Hash Batches": 1,
                                        "Peak Memory Usage": 16,
                                        "Shared Hit Blocks": 12,
                                        "Shared Read Blocks": 0,
                                        "Shared Dirtied Blocks": 0,
                                        "Shared Written Blocks": 0,
                                        "Local Hit Blocks": 0,
                                        "Local Read Blocks": 0,
                                        "Local Dirtied Blocks": 0,
                                        "Local Written Blocks": 0,
                                        "Temp Read Blocks": 0,
                                        "Temp Written Blocks": 0,
                                        "Plans": [
                                          {
                                            "Node Type": "Seq Scan",
                                            "Parent Relationship": "Outer",
                                            "Parallel Aware": false,
                                            "Relation Name": "pg_class",
                                            "Schema": "pg_catalog",
                                            "Alias": "c_1",
                                            "Startup Cost": 0.0,
                                            "Total Cost": 16.27,
                                            "Plan Rows": 69,
                                            "Plan Width": 72,
                                            "Actual Startup Time": 0.005,
                                            "Actual Total Time": 0.11,
                                            "Actual Rows": 71,
                                            "Actual Loops": 1,
                                            "Output": [
                                              "c_1.relname",
                                              "c_1.oid",
                                              "c_1.relnamespace"
                                            ],
                                            "Filter": "(c_1.relkind = ANY ('{r,m}'::\"char\"[]))",
                                            "Rows Removed by Filter": 277,
                                            "Shared Hit Blocks": 12,
                                            "Shared Read Blocks": 0,
                                            "Shared Dirtied Blocks": 0,
                                            "Shared Written Blocks": 0,
                                            "Local Hit Blocks": 0,
                                            "Local Read Blocks": 0,
                                            "Local Dirtied Blocks": 0,
                                            "Local Written Blocks": 0,
                                            "Temp Read Blocks": 0,
                                            "Temp Written Blocks": 0
                                          }
                                        ]
                                      }
                                    ]
                                  }
                                ]
                              }
                            ]
                          }
                        ]
                      }
                    ]
                  }
                ]
              }
            ]
          },
          {
            "Node Type": "Hash",
            "Parent Relationship": "Inner",
            "Parallel Aware": false,
            "Startup Cost": 168.03,
            "Total Cost": 168.03,
            "Plan Rows": 68,
            "Plan Width": 204,
            "Actual Startup Time": 34.99,
            "Actual Total Time": 34.99,
            "Actual Rows": 62,
            "Actual Loops": 1,
            "Output": [
              "s.heappages",
              "s.toastpages",
              "s.reltuples",
              "s.bs",
              "s.page_hdr",
              "s.fillfactor",
              "s.tpl_hdr_size",
              "s.tpl_data_size",
              "s.ma",
              "s.toasttuples",
              "s.schemaname",
              "s.tblname"
            ],
            "Hash Buckets": 1024,
            "Original Hash Buckets": 1024,
            "Hash Batches": 1,
            "Original Hash Batches": 1,
            "Peak Memory Usage": 22,
            "Shared Hit Blocks": 1755,
            "Shared Read Blocks": 0,
            "Shared Dirtied Blocks": 0,
            "Shared Written Blocks": 0,
            "Local Hit Blocks": 0,
            "Local Read Blocks": 0,
            "Local Dirtied Blocks": 0,
            "Local Written Blocks": 0,
            "Temp Read Blocks": 0,
            "Temp Written Blocks": 0,
            "Plans": [
              {
                "Node Type": "Subquery Scan",
                "Parent Relationship": "Outer",
                "Parallel Aware": false,
                "Alias": "s",
                "Startup Cost": 160.72,
                "Total Cost": 168.03,
                "Plan Rows": 68,
                "Plan Width": 204,
                "Actual Startup Time": 34.381,
                "Actual Total Time": 34.907,
                "Actual Rows": 62,
                "Actual Loops": 1,
                "Output": [
                  "s.heappages",
                  "s.toastpages",
                  "s.reltuples",
                  "s.bs",
                  "s.page_hdr",
                  "s.fillfactor",
                  "s.tpl_hdr_size",
                  "s.tpl_data_size",
                  "s.ma",
                  "s.toasttuples",
                  "s.schemaname",
                  "s.tblname"
                ],
                "Shared Hit Blocks": 1755,
                "Shared Read Blocks": 0,
                "Shared Dirtied Blocks": 0,
                "Shared Written Blocks": 0,
                "Local Hit Blocks": 0,
                "Local Read Blocks": 0,
                "Local Dirtied Blocks": 0,
                "Local Written Blocks": 0,
                "Temp Read Blocks": 0,
                "Temp Written Blocks": 0,
                "Plans": [
                  {
                    "Node Type": "Aggregate",
                    "Strategy": "Sorted",
                    "Partial Mode": "Simple",
                    "Parent Relationship": "Subquery",
                    "Parallel Aware": false,
                    "Startup Cost": 160.72,
                    "Total Cost": 167.35,
                    "Plan Rows": 68,
                    "Plan Width": 210,
                    "Actual Startup Time": 34.375,
                    "Actual Total Time": 34.86,
                    "Actual Rows": 62,
                    "Actual Loops": 1,
                    "Output": [
                      "tbl.oid",
                      "ns.nspname",
                      "tbl.relname",
                      "tbl.reltuples",
                      "tbl.relpages",
                      "(COALESCE(toast.relpages, 0))",
                      "(COALESCE(toast.reltuples, '0'::real))",
                      "(COALESCE(((\"substring\"(array_to_string(tbl.reloptions, ' '::text), 'fillfactor=([0-9]+)'::text))::smallint)::integer, 100))",
                      "((current_setting('block_size'::text))::numeric)",
                      "(CASE WHEN ((version() ~ 'mingw32'::text) OR (version() ~ '64-bit|x86_64|ppc64|ia64|amd64'::text)) THEN 8 ELSE 4 END)",
                      "24",
                      "((23 + CASE WHEN (max(COALESCE(s_1.null_frac, '0'::real)) > '0'::double precision) THEN ((7 + count(*)) / 8) ELSE '0'::bigint END) + CASE WHEN tbl.relhasoids THEN 4 ELSE 0 END)",
                      "sum((('1'::double precision - COALESCE(s_1.null_frac, '0'::real)) * (COALESCE(s_1.avg_width, 1024))::double precision))",
                      "NULL::boolean",
                      "tbl.relhasoids"
                    ],
                    "Group Key": [
                      "ns.nspname",
                      "tbl.relname",
                      "tbl.oid",
                      "tbl.reltuples",
                      "tbl.relpages",
                      "(COALESCE(toast.relpages, 0))",
                      "(COALESCE(toast.reltuples, '0'::real))",
                      "(COALESCE(((\"substring\"(array_to_string(tbl.reloptions, ' '::text), 'fillfactor=([0-9]+)'::text))::smallint)::integer, 100))",
                      "((current_setting('block_size'::text))::numeric)",
                      "(CASE WHEN ((version() ~ 'mingw32'::text) OR (version() ~ '64-bit|x86_64|ppc64|ia64|amd64'::text)) THEN 8 ELSE 4 END)",
                      "tbl.relhasoids"
                    ],
                    "Shared Hit Blocks": 1755,
                    "Shared Read Blocks": 0,
                    "Shared Dirtied Blocks": 0,
                    "Shared Written Blocks": 0,
                    "Local Hit Blocks": 0,
                    "Local Read Blocks": 0,
                    "Local Dirtied Blocks": 0,
                    "Local Written Blocks": 0,
                    "Temp Read Blocks": 0,
                    "Temp Written Blocks": 0,
                    "Plans": [
                      {
                        "Node Type": "Sort",
                        "Parent Relationship": "Outer",
                        "Parallel Aware": false,
                        "Startup Cost": 160.72,
                        "Total Cost": 160.89,
                        "Plan Rows": 68,
                        "Plan Width": 197,
                        "Actual Startup Time": 34.295,
                        "Actual Total Time": 34.371,
                        "Actual Rows": 522,
                        "Actual Loops": 1,
                        "Output": [
                          "tbl.oid",
                          "ns.nspname",
                          "tbl.relname",
                          "tbl.reltuples",
                          "tbl.relpages",
                          "(COALESCE(toast.relpages, 0))",
                          "(COALESCE(toast.reltuples, '0'::real))",
                          "(COALESCE(((\"substring\"(array_to_string(tbl.reloptions, ' '::text), 'fillfactor=([0-9]+)'::text))::smallint)::integer, 100))",
                          "((current_setting('block_size'::text))::numeric)",
                          "(CASE WHEN ((version() ~ 'mingw32'::text) OR (version() ~ '64-bit|x86_64|ppc64|ia64|amd64'::text)) THEN 8 ELSE 4 END)",
                          "tbl.relhasoids",
                          "s_1.null_frac",
                          "s_1.avg_width"
                        ],
                        "Sort Key": [
                          "tbl.relname",
                          "tbl.oid",
                          "tbl.reltuples",
                          "tbl.relpages",
                          "(COALESCE(toast.relpages, 0))",
                          "(COALESCE(toast.reltuples, '0'::real))",
                          "(COALESCE(((\"substring\"(array_to_string(tbl.reloptions, ' '::text), 'fillfactor=([0-9]+)'::text))::smallint)::integer, 100))",
                          "tbl.relhasoids"
                        ],
                        "Sort Method": "quicksort",
                        "Sort Space Used": 163,
                        "Sort Space Type": "Memory",
                        "Shared Hit Blocks": 1755,
                        "Shared Read Blocks": 0,
                        "Shared Dirtied Blocks": 0,
                        "Shared Written Blocks": 0,
                        "Local Hit Blocks": 0,
                        "Local Read Blocks": 0,
                        "Local Dirtied Blocks": 0,
                        "Local Written Blocks": 0,
                        "Temp Read Blocks": 0,
                        "Temp Written Blocks": 0,
                        "Plans": [
                          {
                            "Node Type": "Nested Loop",
                            "Parent Relationship": "Outer",
                            "Parallel Aware": false,
                            "Join Type": "Left",
                            "Startup Cost": 21.53,
                            "Total Cost": 158.65,
                            "Plan Rows": 68,
                            "Plan Width": 197,
                            "Actual Startup Time": 4.752,
                            "Actual Total Time": 33.21,
                            "Actual Rows": 522,
                            "Actual Loops": 1,
                            "Output": [
                              "tbl.oid",
                              "ns.nspname",
                              "tbl.relname",
                              "tbl.reltuples",
                              "tbl.relpages",
                              "COALESCE(toast.relpages, 0)",
                              "COALESCE(toast.reltuples, '0'::real)",
                              "COALESCE(((\"substring\"(array_to_string(tbl.reloptions, ' '::text), 'fillfactor=([0-9]+)'::text))::smallint)::integer, 100)",
                              "(current_setting('block_size'::text))::numeric",
                              "CASE WHEN ((version() ~ 'mingw32'::text) OR (version() ~ '64-bit|x86_64|ppc64|ia64|amd64'::text)) THEN 8 ELSE 4 END",
                              "tbl.relhasoids",
                              "s_1.null_frac",
                              "s_1.avg_width"
                            ],
                            "Inner Unique": false,
                            "Join Filter": "((s_1.schemaname = ns.nspname) AND (s_1.tablename = tbl.relname) AND (s_1.attname = att.attname))",
                            "Rows Removed by Join Filter": 190165,
                            "Shared Hit Blocks": 1741,
                            "Shared Read Blocks": 0,
                            "Shared Dirtied Blocks": 0,
                            "Shared Written Blocks": 0,
                            "Local Hit Blocks": 0,
                            "Local Read Blocks": 0,
                            "Local Dirtied Blocks": 0,
                            "Local Written Blocks": 0,
                            "Temp Read Blocks": 0,
                            "Temp Written Blocks": 0,
                            "Plans": [
                              {
                                "Node Type": "Nested Loop",
                                "Parent Relationship": "Outer",
                                "Parallel Aware": false,
                                "Join Type": "Inner",
                                "Startup Cost": 1.64,
                                "Total Cost": 76.04,
                                "Plan Rows": 68,
                                "Plan Width": 262,
                                "Actual Startup Time": 0.083,
                                "Actual Total Time": 1.493,
                                "Actual Rows": 522,
                                "Actual Loops": 1,
                                "Output": [
                                  "att.attname",
                                  "tbl.oid",
                                  "tbl.relname",
                                  "tbl.reltuples",
                                  "tbl.relpages",
                                  "tbl.reloptions",
                                  "tbl.relhasoids",
                                  "ns.nspname",
                                  "toast.relpages",
                                  "toast.reltuples"
                                ],
                                "Inner Unique": false,
                                "Shared Hit Blocks": 351,
                                "Shared Read Blocks": 0,
                                "Shared Dirtied Blocks": 0,
                                "Shared Written Blocks": 0,
                                "Local Hit Blocks": 0,
                                "Local Read Blocks": 0,
                                "Local Dirtied Blocks": 0,
                                "Local Written Blocks": 0,
                                "Temp Read Blocks": 0,
                                "Temp Written Blocks": 0,
                                "Plans": [
                                  {
                                    "Node Type": "Nested Loop",
                                    "Parent Relationship": "Outer",
                                    "Parallel Aware": false,
                                    "Join Type": "Left",
                                    "Startup Cost": 1.36,
                                    "Total Cost": 32.29,
                                    "Plan Rows": 12,
                                    "Plan Width": 198,
                                    "Actual Startup Time": 0.033,
                                    "Actual Total Time": 0.576,
                                    "Actual Rows": 62,
                                    "Actual Loops": 1,
                                    "Output": [
                                      "tbl.oid",
                                      "tbl.relname",
                                      "tbl.reltuples",
                                      "tbl.relpages",
                                      "tbl.reloptions",
                                      "tbl.relhasoids",
                                      "ns.nspname",
                                      "toast.relpages",
                                      "toast.reltuples"
                                    ],
                                    "Inner Unique": true,
                                    "Shared Hit Blocks": 149,
                                    "Shared Read Blocks": 0,
                                    "Shared Dirtied Blocks": 0,
                                    "Shared Written Blocks": 0,
                                    "Local Hit Blocks": 0,
                                    "Local Read Blocks": 0,
                                    "Local Dirtied Blocks": 0,
                                    "Local Written Blocks": 0,
                                    "Temp Read Blocks": 0,
                                    "Temp Written Blocks": 0,
                                    "Plans": [
                                      {
                                        "Node Type": "Hash Join",
                                        "Parent Relationship": "Outer",
                                        "Parallel Aware": false,
                                        "Join Type": "Inner",
                                        "Startup Cost": 1.09,
                                        "Total Cost": 17.68,
                                        "Plan Rows": 12,
                                        "Plan Width": 194,
                                        "Actual Startup Time": 0.023,
                                        "Actual Total Time": 0.32,
                                        "Actual Rows": 62,
                                        "Actual Loops": 1,
                                        "Output": [
                                          "tbl.oid",
                                          "tbl.relname",
                                          "tbl.reltuples",
                                          "tbl.relpages",
                                          "tbl.reloptions",
                                          "tbl.relhasoids",
                                          "tbl.reltoastrelid",
                                          "ns.nspname"
                                        ],
                                        "Inner Unique": true,
                                        "Hash Cond": "(tbl.relnamespace = ns.oid)",
                                        "Shared Hit Blocks": 13,
                                        "Shared Read Blocks": 0,
                                        "Shared Dirtied Blocks": 0,
                                        "Shared Written Blocks": 0,
                                        "Local Hit Blocks": 0,
                                        "Local Read Blocks": 0,
                                        "Local Dirtied Blocks": 0,
                                        "Local Written Blocks": 0,
                                        "Temp Read Blocks": 0,
                                        "Temp Written Blocks": 0,
                                        "Plans": [
                                          {
                                            "Node Type": "Seq Scan",
                                            "Parent Relationship": "Outer",
                                            "Parallel Aware": false,
                                            "Relation Name": "pg_class",
                                            "Schema": "pg_catalog",
                                            "Alias": "tbl",
                                            "Startup Cost": 0.0,
                                            "Total Cost": 16.27,
                                            "Plan Rows": 69,
                                            "Plan Width": 134,
                                            "Actual Startup Time": 0.005,
                                            "Actual Total Time": 0.235,
                                            "Actual Rows": 71,
                                            "Actual Loops": 1,
                                            "Output": [
                                              "tbl.oid",
                                              "tbl.relname",
                                              "tbl.reltuples",
                                              "tbl.relpages",
                                              "tbl.reloptions",
                                              "tbl.relhasoids",
                                              "tbl.relnamespace",
                                              "tbl.reltoastrelid"
                                            ],
                                            "Filter": "(tbl.relkind = 'r'::\"char\")",
                                            "Rows Removed by Filter": 277,
                                            "Shared Hit Blocks": 12,
                                            "Shared Read Blocks": 0,
                                            "Shared Dirtied Blocks": 0,
                                            "Shared Written Blocks": 0,
                                            "Local Hit Blocks": 0,
                                            "Local Read Blocks": 0,
                                            "Local Dirtied Blocks": 0,
                                            "Local Written Blocks": 0,
                                            "Temp Read Blocks": 0,
                                            "Temp Written Blocks": 0
                                          },
                                          {
                                            "Node Type": "Hash",
                                            "Parent Relationship": "Inner",
                                            "Parallel Aware": false,
                                            "Startup Cost": 1.07,
                                            "Total Cost": 1.07,
                                            "Plan Rows": 1,
                                            "Plan Width": 68,
                                            "Actual Startup Time": 0.007,
                                            "Actual Total Time": 0.007,
                                            "Actual Rows": 1,
                                            "Actual Loops": 1,
                                            "Output": ["ns.nspname", "ns.oid"],
                                            "Hash Buckets": 1024,
                                            "Original Hash Buckets": 1024,
                                            "Hash Batches": 1,
                                            "Original Hash Batches": 1,
                                            "Peak Memory Usage": 9,
                                            "Shared Hit Blocks": 1,
                                            "Shared Read Blocks": 0,
                                            "Shared Dirtied Blocks": 0,
                                            "Shared Written Blocks": 0,
                                            "Local Hit Blocks": 0,
                                            "Local Read Blocks": 0,
                                            "Local Dirtied Blocks": 0,
                                            "Local Written Blocks": 0,
                                            "Temp Read Blocks": 0,
                                            "Temp Written Blocks": 0,
                                            "Plans": [
                                              {
                                                "Node Type": "Seq Scan",
                                                "Parent Relationship": "Outer",
                                                "Parallel Aware": false,
                                                "Relation Name": "pg_namespace",
                                                "Schema": "pg_catalog",
                                                "Alias": "ns",
                                                "Startup Cost": 0.0,
                                                "Total Cost": 1.07,
                                                "Plan Rows": 1,
                                                "Plan Width": 68,
                                                "Actual Startup Time": 0.003,
                                                "Actual Total Time": 0.003,
                                                "Actual Rows": 1,
                                                "Actual Loops": 1,
                                                "Output": [
                                                  "ns.nspname",
                                                  "ns.oid"
                                                ],
                                                "Filter": "(ns.nspname = 'pg_catalog'::name)",
                                                "Rows Removed by Filter": 6,
                                                "Shared Hit Blocks": 1,
                                                "Shared Read Blocks": 0,
                                                "Shared Dirtied Blocks": 0,
                                                "Shared Written Blocks": 0,
                                                "Local Hit Blocks": 0,
                                                "Local Read Blocks": 0,
                                                "Local Dirtied Blocks": 0,
                                                "Local Written Blocks": 0,
                                                "Temp Read Blocks": 0,
                                                "Temp Written Blocks": 0
                                              }
                                            ]
                                          }
                                        ]
                                      },
                                      {
                                        "Node Type": "Index Scan",
                                        "Parent Relationship": "Inner",
                                        "Parallel Aware": false,
                                        "Scan Direction": "Forward",
                                        "Index Name": "pg_class_oid_index",
                                        "Relation Name": "pg_class",
                                        "Schema": "pg_catalog",
                                        "Alias": "toast",
                                        "Startup Cost": 0.27,
                                        "Total Cost": 1.22,
                                        "Plan Rows": 1,
                                        "Plan Width": 12,
                                        "Actual Startup Time": 0.003,
                                        "Actual Total Time": 0.003,
                                        "Actual Rows": 0,
                                        "Actual Loops": 62,
                                        "Output": [
                                          "toast.relpages",
                                          "toast.reltuples",
                                          "toast.oid"
                                        ],
                                        "Index Cond": "(tbl.reltoastrelid = toast.oid)",
                                        "Rows Removed by Index Recheck": 0,
                                        "Shared Hit Blocks": 136,
                                        "Shared Read Blocks": 0,
                                        "Shared Dirtied Blocks": 0,
                                        "Shared Written Blocks": 0,
                                        "Local Hit Blocks": 0,
                                        "Local Read Blocks": 0,
                                        "Local Dirtied Blocks": 0,
                                        "Local Written Blocks": 0,
                                        "Temp Read Blocks": 0,
                                        "Temp Written Blocks": 0
                                      }
                                    ]
                                  },
                                  {
                                    "Node Type": "Index Scan",
                                    "Parent Relationship": "Inner",
                                    "Parallel Aware": false,
                                    "Scan Direction": "Forward",
                                    "Index Name": "pg_attribute_relid_attnum_index",
                                    "Relation Name": "pg_attribute",
                                    "Schema": "pg_catalog",
                                    "Alias": "att",
                                    "Startup Cost": 0.28,
                                    "Total Cost": 3.59,
                                    "Plan Rows": 6,
                                    "Plan Width": 68,
                                    "Actual Startup Time": 0.006,
                                    "Actual Total Time": 0.013,
                                    "Actual Rows": 8,
                                    "Actual Loops": 62,
                                    "Output": [
                                      "att.attrelid",
                                      "att.attname",
                                      "att.atttypid",
                                      "att.attstattarget",
                                      "att.attlen",
                                      "att.attnum",
                                      "att.attndims",
                                      "att.attcacheoff",
                                      "att.atttypmod",
                                      "att.attbyval",
                                      "att.attstorage",
                                      "att.attalign",
                                      "att.attnotnull",
                                      "att.atthasdef",
                                      "att.atthasmissing",
                                      "att.attidentity",
                                      "att.attisdropped",
                                      "att.attislocal",
                                      "att.attinhcount",
                                      "att.attcollation",
                                      "att.attacl",
                                      "att.attoptions",
                                      "att.attfdwoptions",
                                      "att.attmissingval"
                                    ],
                                    "Index Cond": "((att.attrelid = tbl.oid) AND (att.attnum > 0))",
                                    "Rows Removed by Index Recheck": 0,
                                    "Filter": "(NOT att.attisdropped)",
                                    "Rows Removed by Filter": 0,
                                    "Shared Hit Blocks": 202,
                                    "Shared Read Blocks": 0,
                                    "Shared Dirtied Blocks": 0,
                                    "Shared Written Blocks": 0,
                                    "Local Hit Blocks": 0,
                                    "Local Read Blocks": 0,
                                    "Local Dirtied Blocks": 0,
                                    "Local Written Blocks": 0,
                                    "Temp Read Blocks": 0,
                                    "Temp Written Blocks": 0
                                  }
                                ]
                              },
                              {
                                "Node Type": "Materialize",
                                "Parent Relationship": "Inner",
                                "Parallel Aware": false,
                                "Startup Cost": 19.89,
                                "Total Cost": 79.21,
                                "Plan Rows": 1,
                                "Plan Width": 200,
                                "Actual Startup Time": 0.001,
                                "Actual Total Time": 0.021,
                                "Actual Rows": 365,
                                "Actual Loops": 522,
                                "Output": [
                                  "s_1.null_frac",
                                  "s_1.avg_width",
                                  "s_1.schemaname",
                                  "s_1.tablename",
                                  "s_1.attname"
                                ],
                                "Shared Hit Blocks": 1390,
                                "Shared Read Blocks": 0,
                                "Shared Dirtied Blocks": 0,
                                "Shared Written Blocks": 0,
                                "Local Hit Blocks": 0,
                                "Local Read Blocks": 0,
                                "Local Dirtied Blocks": 0,
                                "Local Written Blocks": 0,
                                "Temp Read Blocks": 0,
                                "Temp Written Blocks": 0,
                                "Plans": [
                                  {
                                    "Node Type": "Subquery Scan",
                                    "Parent Relationship": "Outer",
                                    "Parallel Aware": false,
                                    "Alias": "s_1",
                                    "Startup Cost": 19.89,
                                    "Total Cost": 79.2,
                                    "Plan Rows": 1,
                                    "Plan Width": 200,
                                    "Actual Startup Time": 0.464,
                                    "Actual Total Time": 4.067,
                                    "Actual Rows": 365,
                                    "Actual Loops": 1,
                                    "Output": [
                                      "s_1.null_frac",
                                      "s_1.avg_width",
                                      "s_1.schemaname",
                                      "s_1.tablename",
                                      "s_1.attname"
                                    ],
                                    "Shared Hit Blocks": 1390,
                                    "Shared Read Blocks": 0,
                                    "Shared Dirtied Blocks": 0,
                                    "Shared Written Blocks": 0,
                                    "Local Hit Blocks": 0,
                                    "Local Read Blocks": 0,
                                    "Local Dirtied Blocks": 0,
                                    "Local Written Blocks": 0,
                                    "Temp Read Blocks": 0,
                                    "Temp Written Blocks": 0,
                                    "Plans": [
                                      {
                                        "Node Type": "Nested Loop",
                                        "Parent Relationship": "Subquery",
                                        "Parallel Aware": false,
                                        "Join Type": "Inner",
                                        "Startup Cost": 19.89,
                                        "Total Cost": 79.19,
                                        "Plan Rows": 1,
                                        "Plan Width": 401,
                                        "Actual Startup Time": 0.459,
                                        "Actual Total Time": 4.022,
                                        "Actual Rows": 365,
                                        "Actual Loops": 1,
                                        "Output": [
                                          "n_1.nspname",
                                          "c_2.relname",
                                          "a.attname",
                                          "NULL::boolean",
                                          "s_2.stanullfrac",
                                          "s_2.stawidth",
                                          "NULL::real",
                                          "NULL::anyarray",
                                          "NULL::real[]",
                                          "NULL::anyarray",
                                          "NULL::real",
                                          "NULL::anyarray",
                                          "NULL::real[]",
                                          "NULL::real[]"
                                        ],
                                        "Inner Unique": true,
                                        "Join Filter": "(s_2.staattnum = a.attnum)",
                                        "Rows Removed by Join Filter": 5375,
                                        "Shared Hit Blocks": 1390,
                                        "Shared Read Blocks": 0,
                                        "Shared Dirtied Blocks": 0,
                                        "Shared Written Blocks": 0,
                                        "Local Hit Blocks": 0,
                                        "Local Read Blocks": 0,
                                        "Local Dirtied Blocks": 0,
                                        "Local Written Blocks": 0,
                                        "Temp Read Blocks": 0,
                                        "Temp Written Blocks": 0,
                                        "Plans": [
                                          {
                                            "Node Type": "Hash Join",
                                            "Parent Relationship": "Outer",
                                            "Parallel Aware": false,
                                            "Join Type": "Inner",
                                            "Startup Cost": 19.61,
                                            "Total Cost": 40.66,
                                            "Plan Rows": 33,
                                            "Plan Width": 146,
                                            "Actual Startup Time": 0.365,
                                            "Actual Total Time": 0.749,
                                            "Actual Rows": 365,
                                            "Actual Loops": 1,
                                            "Output": [
                                              "s_2.stanullfrac",
                                              "s_2.stawidth",
                                              "s_2.starelid",
                                              "s_2.staattnum",
                                              "c_2.relname",
                                              "c_2.oid",
                                              "n_1.nspname"
                                            ],
                                            "Inner Unique": false,
                                            "Hash Cond": "(s_2.starelid = c_2.oid)",
                                            "Shared Hit Blocks": 29,
                                            "Shared Read Blocks": 0,
                                            "Shared Dirtied Blocks": 0,
                                            "Shared Written Blocks": 0,
                                            "Local Hit Blocks": 0,
                                            "Local Read Blocks": 0,
                                            "Local Dirtied Blocks": 0,
                                            "Local Written Blocks": 0,
                                            "Temp Read Blocks": 0,
                                            "Temp Written Blocks": 0,
                                            "Plans": [
                                              {
                                                "Node Type": "Seq Scan",
                                                "Parent Relationship": "Outer",
                                                "Parallel Aware": false,
                                                "Relation Name": "pg_statistic",
                                                "Schema": "pg_catalog",
                                                "Alias": "s_2",
                                                "Startup Cost": 0.0,
                                                "Total Cost": 19.98,
                                                "Plan Rows": 199,
                                                "Plan Width": 14,
                                                "Actual Startup Time": 0.011,
                                                "Actual Total Time": 0.294,
                                                "Actual Rows": 398,
                                                "Actual Loops": 1,
                                                "Output": [
                                                  "s_2.starelid",
                                                  "s_2.staattnum",
                                                  "s_2.stainherit",
                                                  "s_2.stanullfrac",
                                                  "s_2.stawidth",
                                                  "s_2.stadistinct",
                                                  "s_2.stakind1",
                                                  "s_2.stakind2",
                                                  "s_2.stakind3",
                                                  "s_2.stakind4",
                                                  "s_2.stakind5",
                                                  "s_2.staop1",
                                                  "s_2.staop2",
                                                  "s_2.staop3",
                                                  "s_2.staop4",
                                                  "s_2.staop5",
                                                  "s_2.stanumbers1",
                                                  "s_2.stanumbers2",
                                                  "s_2.stanumbers3",
                                                  "s_2.stanumbers4",
                                                  "s_2.stanumbers5",
                                                  "s_2.stavalues1",
                                                  "s_2.stavalues2",
                                                  "s_2.stavalues3",
                                                  "s_2.stavalues4",
                                                  "s_2.stavalues5"
                                                ],
                                                "Filter": "(NOT s_2.stainherit)",
                                                "Rows Removed by Filter": 0,
                                                "Shared Hit Blocks": 16,
                                                "Shared Read Blocks": 0,
                                                "Shared Dirtied Blocks": 0,
                                                "Shared Written Blocks": 0,
                                                "Local Hit Blocks": 0,
                                                "Local Read Blocks": 0,
                                                "Local Dirtied Blocks": 0,
                                                "Local Written Blocks": 0,
                                                "Temp Read Blocks": 0,
                                                "Temp Written Blocks": 0
                                              },
                                              {
                                                "Node Type": "Hash",
                                                "Parent Relationship": "Inner",
                                                "Parallel Aware": false,
                                                "Startup Cost": 18.89,
                                                "Total Cost": 18.89,
                                                "Plan Rows": 57,
                                                "Plan Width": 132,
                                                "Actual Startup Time": 0.313,
                                                "Actual Total Time": 0.313,
                                                "Actual Rows": 237,
                                                "Actual Loops": 1,
                                                "Output": [
                                                  "c_2.relname",
                                                  "c_2.oid",
                                                  "n_1.nspname"
                                                ],
                                                "Hash Buckets": 1024,
                                                "Original Hash Buckets": 1024,
                                                "Hash Batches": 1,
                                                "Original Hash Batches": 1,
                                                "Peak Memory Usage": 46,
                                                "Shared Hit Blocks": 13,
                                                "Shared Read Blocks": 0,
                                                "Shared Dirtied Blocks": 0,
                                                "Shared Written Blocks": 0,
                                                "Local Hit Blocks": 0,
                                                "Local Read Blocks": 0,
                                                "Local Dirtied Blocks": 0,
                                                "Local Written Blocks": 0,
                                                "Temp Read Blocks": 0,
                                                "Temp Written Blocks": 0,
                                                "Plans": [
                                                  {
                                                    "Node Type": "Hash Join",
                                                    "Parent Relationship": "Outer",
                                                    "Parallel Aware": false,
                                                    "Join Type": "Inner",
                                                    "Startup Cost": 1.09,
                                                    "Total Cost": 18.89,
                                                    "Plan Rows": 57,
                                                    "Plan Width": 132,
                                                    "Actual Startup Time": 0.074,
                                                    "Actual Total Time": 0.216,
                                                    "Actual Rows": 237,
                                                    "Actual Loops": 1,
                                                    "Output": [
                                                      "c_2.relname",
                                                      "c_2.oid",
                                                      "n_1.nspname"
                                                    ],
                                                    "Inner Unique": true,
                                                    "Hash Cond": "(c_2.relnamespace = n_1.oid)",
                                                    "Shared Hit Blocks": 13,
                                                    "Shared Read Blocks": 0,
                                                    "Shared Dirtied Blocks": 0,
                                                    "Shared Written Blocks": 0,
                                                    "Local Hit Blocks": 0,
                                                    "Local Read Blocks": 0,
                                                    "Local Dirtied Blocks": 0,
                                                    "Local Written Blocks": 0,
                                                    "Temp Read Blocks": 0,
                                                    "Temp Written Blocks": 0,
                                                    "Plans": [
                                                      {
                                                        "Node Type": "Seq Scan",
                                                        "Parent Relationship": "Outer",
                                                        "Parallel Aware": false,
                                                        "Relation Name": "pg_class",
                                                        "Schema": "pg_catalog",
                                                        "Alias": "c_2",
                                                        "Startup Cost": 0.0,
                                                        "Total Cost": 16.27,
                                                        "Plan Rows": 342,
                                                        "Plan Width": 72,
                                                        "Actual Startup Time": 0.006,
                                                        "Actual Total Time": 0.106,
                                                        "Actual Rows": 348,
                                                        "Actual Loops": 1,
                                                        "Output": [
                                                          "c_2.relname",
                                                          "c_2.oid",
                                                          "c_2.relnamespace"
                                                        ],
                                                        "Filter": "((NOT c_2.relrowsecurity) OR (NOT row_security_active(c_2.oid)))",
                                                        "Rows Removed by Filter": 0,
                                                        "Shared Hit Blocks": 12,
                                                        "Shared Read Blocks": 0,
                                                        "Shared Dirtied Blocks": 0,
                                                        "Shared Written Blocks": 0,
                                                        "Local Hit Blocks": 0,
                                                        "Local Read Blocks": 0,
                                                        "Local Dirtied Blocks": 0,
                                                        "Local Written Blocks": 0,
                                                        "Temp Read Blocks": 0,
                                                        "Temp Written Blocks": 0
                                                      },
                                                      {
                                                        "Node Type": "Hash",
                                                        "Parent Relationship": "Inner",
                                                        "Parallel Aware": false,
                                                        "Startup Cost": 1.07,
                                                        "Total Cost": 1.07,
                                                        "Plan Rows": 1,
                                                        "Plan Width": 68,
                                                        "Actual Startup Time": 0.018,
                                                        "Actual Total Time": 0.018,
                                                        "Actual Rows": 1,
                                                        "Actual Loops": 1,
                                                        "Output": [
                                                          "n_1.nspname",
                                                          "n_1.oid"
                                                        ],
                                                        "Hash Buckets": 1024,
                                                        "Original Hash Buckets": 1024,
                                                        "Hash Batches": 1,
                                                        "Original Hash Batches": 1,
                                                        "Peak Memory Usage": 9,
                                                        "Shared Hit Blocks": 1,
                                                        "Shared Read Blocks": 0,
                                                        "Shared Dirtied Blocks": 0,
                                                        "Shared Written Blocks": 0,
                                                        "Local Hit Blocks": 0,
                                                        "Local Read Blocks": 0,
                                                        "Local Dirtied Blocks": 0,
                                                        "Local Written Blocks": 0,
                                                        "Temp Read Blocks": 0,
                                                        "Temp Written Blocks": 0,
                                                        "Plans": [
                                                          {
                                                            "Node Type": "Seq Scan",
                                                            "Parent Relationship": "Outer",
                                                            "Parallel Aware": false,
                                                            "Relation Name": "pg_namespace",
                                                            "Schema": "pg_catalog",
                                                            "Alias": "n_1",
                                                            "Startup Cost": 0.0,
                                                            "Total Cost": 1.07,
                                                            "Plan Rows": 1,
                                                            "Plan Width": 68,
                                                            "Actual Startup Time": 0.007,
                                                            "Actual Total Time": 0.008,
                                                            "Actual Rows": 1,
                                                            "Actual Loops": 1,
                                                            "Output": [
                                                              "n_1.nspname",
                                                              "n_1.oid"
                                                            ],
                                                            "Filter": "(n_1.nspname = 'pg_catalog'::name)",
                                                            "Rows Removed by Filter": 6,
                                                            "Shared Hit Blocks": 1,
                                                            "Shared Read Blocks": 0,
                                                            "Shared Dirtied Blocks": 0,
                                                            "Shared Written Blocks": 0,
                                                            "Local Hit Blocks": 0,
                                                            "Local Read Blocks": 0,
                                                            "Local Dirtied Blocks": 0,
                                                            "Local Written Blocks": 0,
                                                            "Temp Read Blocks": 0,
                                                            "Temp Written Blocks": 0
                                                          }
                                                        ]
                                                      }
                                                    ]
                                                  }
                                                ]
                                              }
                                            ]
                                          },
                                          {
                                            "Node Type": "Index Scan",
                                            "Parent Relationship": "Inner",
                                            "Parallel Aware": false,
                                            "Scan Direction": "Forward",
                                            "Index Name": "pg_attribute_relid_attnum_index",
                                            "Relation Name": "pg_attribute",
                                            "Schema": "pg_catalog",
                                            "Alias": "a",
                                            "Startup Cost": 0.28,
                                            "Total Cost": 1.13,
                                            "Plan Rows": 3,
                                            "Plan Width": 70,
                                            "Actual Startup Time": 0.002,
                                            "Actual Total Time": 0.008,
                                            "Actual Rows": 16,
                                            "Actual Loops": 365,
                                            "Output": [
                                              "a.attrelid",
                                              "a.attname",
                                              "a.atttypid",
                                              "a.attstattarget",
                                              "a.attlen",
                                              "a.attnum",
                                              "a.attndims",
                                              "a.attcacheoff",
                                              "a.atttypmod",
                                              "a.attbyval",
                                              "a.attstorage",
                                              "a.attalign",
                                              "a.attnotnull",
                                              "a.atthasdef",
                                              "a.atthasmissing",
                                              "a.attidentity",
                                              "a.attisdropped",
                                              "a.attislocal",
                                              "a.attinhcount",
                                              "a.attcollation",
                                              "a.attacl",
                                              "a.attoptions",
                                              "a.attfdwoptions",
                                              "a.attmissingval"
                                            ],
                                            "Index Cond": "(a.attrelid = c_2.oid)",
                                            "Rows Removed by Index Recheck": 0,
                                            "Filter": "((NOT a.attisdropped) AND has_column_privilege(c_2.oid, a.attnum, 'select'::text))",
                                            "Rows Removed by Filter": 0,
                                            "Shared Hit Blocks": 1361,
                                            "Shared Read Blocks": 0,
                                            "Shared Dirtied Blocks": 0,
                                            "Shared Written Blocks": 0,
                                            "Local Hit Blocks": 0,
                                            "Local Read Blocks": 0,
                                            "Local Dirtied Blocks": 0,
                                            "Local Written Blocks": 0,
                                            "Temp Read Blocks": 0,
                                            "Temp Written Blocks": 0
                                          }
                                        ]
                                      }
                                    ]
                                  }
                                ]
                              }
                            ]
                          }
                        ]
                      }
                    ]
                  }
                ]
              }
            ]
          }
        ]
      },
      {
        "Node Type": "Hash",
        "Parent Relationship": "Inner",
        "Parallel Aware": false,
        "Startup Cost": 183.33,
        "Total Cost": 183.33,
        "Plan Rows": 1,
        "Plan Width": 136,
        "Actual Startup Time": 190.33,
        "Actual Total Time": 190.33,
        "Actual Rows": 36,
        "Actual Loops": 1,
        "Output": [
          "(sum((CASE WHEN ((q.relpages)::double precision > COALESCE(('1'::double precision + ceil((q.reltuples / floor((((((((current_setting('block_size'::text))::numeric) - ((16))::numeric) - ((24))::numeric) * (q.fillfactor)::numeric))::double precision / ('100'::double precision * (('4'::numeric + ((((((((CASE WHEN (max(COALESCE(s_3.stanullfrac, '0'::real)) = '0'::double precision) THEN 2 ELSE 6 END) + (CASE WHEN ((version() ~ 'mingw32'::text) OR (version() ~ '64-bit|x86_64|ppc64|ia64|amd64'::text)) THEN 8 ELSE 4 END)) - CASE WHEN (((CASE WHEN (max(COALESCE(s_3.stanullfrac, '0'::real)) = '0'::double precision) THEN 2 ELSE 6 END) % (CASE WHEN ((version() ~ 'mingw32'::text) OR (version() ~ '64-bit|x86_64|ppc64|ia64|amd64'::text)) THEN 8 ELSE 4 END)) = 0) THEN (CASE WHEN ((version() ~ 'mingw32'::text) OR (version() ~ '64-bit|x86_64|ppc64|ia64|amd64'::text)) THEN 8 ELSE 4 END) ELSE ((CASE WHEN (max(COALESCE(s_3.stanullfrac, '0'::real)) = '0'::double precision) THEN 2 ELSE 6 END) % (CASE WHEN ((version() ~ 'mingw32'::text) OR (version() ~ '64-bit|x86_64|ppc64|ia64|amd64'::text)) THEN 8 ELSE 4 END)) END))::double precision + (sum((('1'::double precision - COALESCE(s_3.stanullfrac, '0'::real)) * (COALESCE(s_3.stawidth, 1024))::double precision)))) + ((CASE WHEN ((version() ~ 'mingw32'::text) OR (version() ~ '64-bit|x86_64|ppc64|ia64|amd64'::text)) THEN 8 ELSE 4 END))::double precision) - (CASE WHEN ((sum((('1'::double precision - COALESCE(s_3.stanullfrac, '0'::real)) * (COALESCE(s_3.stawidth, 1024))::double precision))) = '0'::double precision) THEN 0 WHEN ((((sum((('1'::double precision - COALESCE(s_3.stanullfrac, '0'::real)) * (COALESCE(s_3.stawidth, 1024))::double precision))))::integer % (CASE WHEN ((version() ~ 'mingw32'::text) OR (version() ~ '64-bit|x86_64|ppc64|ia64|amd64'::text)) THEN 8 ELSE 4 END)) = 0) THEN (CASE WHEN ((version() ~ 'mingw32'::text) OR (version() ~ '64-bit|x86_64|ppc64|ia64|amd64'::text)) THEN 8 ELSE 4 END) ELSE (((sum((('1'::double precision - COALESCE(s_3.stanullfrac, '0'::real)) * (COALESCE(s_3.stawidth, 1024))::double precision))))::integer % (CASE WHEN ((version() ~ 'mingw32'::text) OR (version() ~ '64-bit|x86_64|ppc64|ia64|amd64'::text)) THEN 8 ELSE 4 END)) END)::double precision))::numeric))::double precision)))))), '0'::double precision)) THEN ((((current_setting('block_size'::text))::numeric))::double precision * ((q.relpages)::double precision - COALESCE(('1'::double precision + ceil((q.reltuples / floor((((((((current_setting('block_size'::text))::numeric) - ((16))::numeric) - ((24))::numeric) * (q.fillfactor)::numeric))::double precision / ('100'::double precision * (('4'::numeric + ((((((((CASE WHEN (max(COALESCE(s_3.stanullfrac, '0'::real)) = '0'::double precision) THEN 2 ELSE 6 END) + (CASE WHEN ((version() ~ 'mingw32'::text) OR (version() ~ '64-bit|x86_64|ppc64|ia64|amd64'::text)) THEN 8 ELSE 4 END)) - CASE WHEN (((CASE WHEN (max(COALESCE(s_3.stanullfrac, '0'::real)) = '0'::double precision) THEN 2 ELSE 6 END) % (CASE WHEN ((version() ~ 'mingw32'::text) OR (version() ~ '64-bit|x86_64|ppc64|ia64|amd64'::text)) THEN 8 ELSE 4 END)) = 0) THEN (CASE WHEN ((version() ~ 'mingw32'::text) OR (version() ~ '64-bit|x86_64|ppc64|ia64|amd64'::text)) THEN 8 ELSE 4 END) ELSE ((CASE WHEN (max(COALESCE(s_3.stanullfrac, '0'::real)) = '0'::double precision) THEN 2 ELSE 6 END) % (CASE WHEN ((version() ~ 'mingw32'::text) OR (version() ~ '64-bit|x86_64|ppc64|ia64|amd64'::text)) THEN 8 ELSE 4 END)) END))::double precision + (sum((('1'::double precision - COALESCE(s_3.stanullfrac, '0'::real)) * (COALESCE(s_3.stawidth, 1024))::double precision)))) + ((CASE WHEN ((version() ~ 'mingw32'::text) OR (version() ~ '64-bit|x86_64|ppc64|ia64|amd64'::text)) THEN 8 ELSE 4 END))::double precision) - (CASE WHEN ((sum((('1'::double precision - COALESCE(s_3.stanullfrac, '0'::real)) * (COALESCE(s_3.stawidth, 1024))::double precision))) = '0'::double precision) THEN 0 WHEN ((((sum((('1'::double precision - COALESCE(s_3.stanullfrac, '0'::real)) * (COALESCE(s_3.stawidth, 1024))::double precision))))::integer % (CASE WHEN ((version() ~ 'mingw32'::text) OR (version() ~ '64-bit|x86_64|ppc64|ia64|amd64'::text)) THEN 8 ELSE 4 END)) = 0) THEN (CASE WHEN ((version() ~ 'mingw32'::text) OR (version() ~ '64-bit|x86_64|ppc64|ia64|amd64'::text)) THEN 8 ELSE 4 END) ELSE (((sum((('1'::double precision - COALESCE(s_3.stanullfrac, '0'::real)) * (COALESCE(s_3.stawidth, 1024))::double precision))))::integer % (CASE WHEN ((version() ~ 'mingw32'::text) OR (version() ~ '64-bit|x86_64|ppc64|ia64|amd64'::text)) THEN 8 ELSE 4 END)) END)::double precision))::numeric))::double precision)))))), '0'::double precision))) ELSE '0'::double precision END)))",
          "q.nspname",
          "q.tblname"
        ],
        "Hash Buckets": 1024,
        "Original Hash Buckets": 1024,
        "Hash Batches": 1,
        "Original Hash Batches": 1,
        "Peak Memory Usage": 14,
        "Shared Hit Blocks": 215652,
        "Shared Read Blocks": 0,
        "Shared Dirtied Blocks": 0,
        "Shared Written Blocks": 0,
        "Local Hit Blocks": 0,
        "Local Read Blocks": 0,
        "Local Dirtied Blocks": 0,
        "Local Written Blocks": 0,
        "Temp Read Blocks": 0,
        "Temp Written Blocks": 0,
        "Plans": [
          {
            "Node Type": "Aggregate",
            "Strategy": "Sorted",
            "Partial Mode": "Simple",
            "Parent Relationship": "Outer",
            "Parallel Aware": false,
            "Startup Cost": 181.95,
            "Total Cost": 183.32,
            "Plan Rows": 1,
            "Plan Width": 136,
            "Actual Startup Time": 190.008,
            "Actual Total Time": 190.312,
            "Actual Rows": 36,
            "Actual Loops": 1,
            "Output": [
              "sum((CASE WHEN ((q.relpages)::double precision > COALESCE(('1'::double precision + ceil((q.reltuples / floor((((((((current_setting('block_size'::text))::numeric) - ((16))::numeric) - ((24))::numeric) * (q.fillfactor)::numeric))::double precision / ('100'::double precision * (('4'::numeric + ((((((((CASE WHEN (max(COALESCE(s_3.stanullfrac, '0'::real)) = '0'::double precision) THEN 2 ELSE 6 END) + (CASE WHEN ((version() ~ 'mingw32'::text) OR (version() ~ '64-bit|x86_64|ppc64|ia64|amd64'::text)) THEN 8 ELSE 4 END)) - CASE WHEN (((CASE WHEN (max(COALESCE(s_3.stanullfrac, '0'::real)) = '0'::double precision) THEN 2 ELSE 6 END) % (CASE WHEN ((version() ~ 'mingw32'::text) OR (version() ~ '64-bit|x86_64|ppc64|ia64|amd64'::text)) THEN 8 ELSE 4 END)) = 0) THEN (CASE WHEN ((version() ~ 'mingw32'::text) OR (version() ~ '64-bit|x86_64|ppc64|ia64|amd64'::text)) THEN 8 ELSE 4 END) ELSE ((CASE WHEN (max(COALESCE(s_3.stanullfrac, '0'::real)) = '0'::double precision) THEN 2 ELSE 6 END) % (CASE WHEN ((version() ~ 'mingw32'::text) OR (version() ~ '64-bit|x86_64|ppc64|ia64|amd64'::text)) THEN 8 ELSE 4 END)) END))::double precision + (sum((('1'::double precision - COALESCE(s_3.stanullfrac, '0'::real)) * (COALESCE(s_3.stawidth, 1024))::double precision)))) + ((CASE WHEN ((version() ~ 'mingw32'::text) OR (version() ~ '64-bit|x86_64|ppc64|ia64|amd64'::text)) THEN 8 ELSE 4 END))::double precision) - (CASE WHEN ((sum((('1'::double precision - COALESCE(s_3.stanullfrac, '0'::real)) * (COALESCE(s_3.stawidth, 1024))::double precision))) = '0'::double precision) THEN 0 WHEN ((((sum((('1'::double precision - COALESCE(s_3.stanullfrac, '0'::real)) * (COALESCE(s_3.stawidth, 1024))::double precision))))::integer % (CASE WHEN ((version() ~ 'mingw32'::text) OR (version() ~ '64-bit|x86_64|ppc64|ia64|amd64'::text)) THEN 8 ELSE 4 END)) = 0) THEN (CASE WHEN ((version() ~ 'mingw32'::text) OR (version() ~ '64-bit|x86_64|ppc64|ia64|amd64'::text)) THEN 8 ELSE 4 END) ELSE (((sum((('1'::double precision - COALESCE(s_3.stanullfrac, '0'::real)) * (COALESCE(s_3.stawidth, 1024))::double precision))))::integer % (CASE WHEN ((version() ~ 'mingw32'::text) OR (version() ~ '64-bit|x86_64|ppc64|ia64|amd64'::text)) THEN 8 ELSE 4 END)) END)::double precision))::numeric))::double precision)))))), '0'::double precision)) THEN ((((current_setting('block_size'::text))::numeric))::double precision * ((q.relpages)::double precision - COALESCE(('1'::double precision + ceil((q.reltuples / floor((((((((current_setting('block_size'::text))::numeric) - ((16))::numeric) - ((24))::numeric) * (q.fillfactor)::numeric))::double precision / ('100'::double precision * (('4'::numeric + ((((((((CASE WHEN (max(COALESCE(s_3.stanullfrac, '0'::real)) = '0'::double precision) THEN 2 ELSE 6 END) + (CASE WHEN ((version() ~ 'mingw32'::text) OR (version() ~ '64-bit|x86_64|ppc64|ia64|amd64'::text)) THEN 8 ELSE 4 END)) - CASE WHEN (((CASE WHEN (max(COALESCE(s_3.stanullfrac, '0'::real)) = '0'::double precision) THEN 2 ELSE 6 END) % (CASE WHEN ((version() ~ 'mingw32'::text) OR (version() ~ '64-bit|x86_64|ppc64|ia64|amd64'::text)) THEN 8 ELSE 4 END)) = 0) THEN (CASE WHEN ((version() ~ 'mingw32'::text) OR (version() ~ '64-bit|x86_64|ppc64|ia64|amd64'::text)) THEN 8 ELSE 4 END) ELSE ((CASE WHEN (max(COALESCE(s_3.stanullfrac, '0'::real)) = '0'::double precision) THEN 2 ELSE 6 END) % (CASE WHEN ((version() ~ 'mingw32'::text) OR (version() ~ '64-bit|x86_64|ppc64|ia64|amd64'::text)) THEN 8 ELSE 4 END)) END))::double precision + (sum((('1'::double precision - COALESCE(s_3.stanullfrac, '0'::real)) * (COALESCE(s_3.stawidth, 1024))::double precision)))) + ((CASE WHEN ((version() ~ 'mingw32'::text) OR (version() ~ '64-bit|x86_64|ppc64|ia64|amd64'::text)) THEN 8 ELSE 4 END))::double precision) - (CASE WHEN ((sum((('1'::double precision - COALESCE(s_3.stanullfrac, '0'::real)) * (COALESCE(s_3.stawidth, 1024))::double precision))) = '0'::double precision) THEN 0 WHEN ((((sum((('1'::double precision - COALESCE(s_3.stanullfrac, '0'::real)) * (COALESCE(s_3.stawidth, 1024))::double precision))))::integer % (CASE WHEN ((version() ~ 'mingw32'::text) OR (version() ~ '64-bit|x86_64|ppc64|ia64|amd64'::text)) THEN 8 ELSE 4 END)) = 0) THEN (CASE WHEN ((version() ~ 'mingw32'::text) OR (version() ~ '64-bit|x86_64|ppc64|ia64|amd64'::text)) THEN 8 ELSE 4 END) ELSE (((sum((('1'::double precision - COALESCE(s_3.stanullfrac, '0'::real)) * (COALESCE(s_3.stawidth, 1024))::double precision))))::integer % (CASE WHEN ((version() ~ 'mingw32'::text) OR (version() ~ '64-bit|x86_64|ppc64|ia64|amd64'::text)) THEN 8 ELSE 4 END)) END)::double precision))::numeric))::double precision)))))), '0'::double precision))) ELSE '0'::double precision END))",
              "q.nspname",
              "q.tblname"
            ],
            "Group Key": ["q.nspname", "q.tblname"],
            "Shared Hit Blocks": 215652,
            "Shared Read Blocks": 0,
            "Shared Dirtied Blocks": 0,
            "Shared Written Blocks": 0,
            "Local Hit Blocks": 0,
            "Local Read Blocks": 0,
            "Local Dirtied Blocks": 0,
            "Local Written Blocks": 0,
            "Temp Read Blocks": 0,
            "Temp Written Blocks": 0,
            "Plans": [
              {
                "Node Type": "Nested Loop",
                "Parent Relationship": "Outer",
                "Parallel Aware": false,
                "Join Type": "Inner",
                "Startup Cost": 181.95,
                "Total Cost": 183.3,
                "Plan Rows": 1,
                "Plan Width": 349,
                "Actual Startup Time": 189.991,
                "Actual Total Time": 190.29,
                "Actual Rows": 47,
                "Actual Loops": 1,
                "Output": [
                  "NULL::name",
                  "q.nspname",
                  "q.tblname",
                  "q.idxname",
                  "NULL::numeric",
                  "NULL::numeric",
                  "NULL::double precision",
                  "NULL::integer",
                  "CASE WHEN ((q.relpages)::double precision > COALESCE(('1'::double precision + ceil((q.reltuples / floor((((((((current_setting('block_size'::text))::numeric) - ((16))::numeric) - ((24))::numeric) * (q.fillfactor)::numeric))::double precision / ('100'::double precision * (('4'::numeric + ((((((((CASE WHEN (max(COALESCE(s_3.stanullfrac, '0'::real)) = '0'::double precision) THEN 2 ELSE 6 END) + (CASE WHEN ((version() ~ 'mingw32'::text) OR (version() ~ '64-bit|x86_64|ppc64|ia64|amd64'::text)) THEN 8 ELSE 4 END)) - CASE WHEN (((CASE WHEN (max(COALESCE(s_3.stanullfrac, '0'::real)) = '0'::double precision) THEN 2 ELSE 6 END) % (CASE WHEN ((version() ~ 'mingw32'::text) OR (version() ~ '64-bit|x86_64|ppc64|ia64|amd64'::text)) THEN 8 ELSE 4 END)) = 0) THEN (CASE WHEN ((version() ~ 'mingw32'::text) OR (version() ~ '64-bit|x86_64|ppc64|ia64|amd64'::text)) THEN 8 ELSE 4 END) ELSE ((CASE WHEN (max(COALESCE(s_3.stanullfrac, '0'::real)) = '0'::double precision) THEN 2 ELSE 6 END) % (CASE WHEN ((version() ~ 'mingw32'::text) OR (version() ~ '64-bit|x86_64|ppc64|ia64|amd64'::text)) THEN 8 ELSE 4 END)) END))::double precision + (sum((('1'::double precision - COALESCE(s_3.stanullfrac, '0'::real)) * (COALESCE(s_3.stawidth, 1024))::double precision)))) + ((CASE WHEN ((version() ~ 'mingw32'::text) OR (version() ~ '64-bit|x86_64|ppc64|ia64|amd64'::text)) THEN 8 ELSE 4 END))::double precision) - (CASE WHEN ((sum((('1'::double precision - COALESCE(s_3.stanullfrac, '0'::real)) * (COALESCE(s_3.stawidth, 1024))::double precision))) = '0'::double precision) THEN 0 WHEN ((((sum((('1'::double precision - COALESCE(s_3.stanullfrac, '0'::real)) * (COALESCE(s_3.stawidth, 1024))::double precision))))::integer % (CASE WHEN ((version() ~ 'mingw32'::text) OR (version() ~ '64-bit|x86_64|ppc64|ia64|amd64'::text)) THEN 8 ELSE 4 END)) = 0) THEN (CASE WHEN ((version() ~ 'mingw32'::text) OR (version() ~ '64-bit|x86_64|ppc64|ia64|amd64'::text)) THEN 8 ELSE 4 END) ELSE (((sum((('1'::double precision - COALESCE(s_3.stanullfrac, '0'::real)) * (COALESCE(s_3.stawidth, 1024))::double precision))))::integer % (CASE WHEN ((version() ~ 'mingw32'::text) OR (version() ~ '64-bit|x86_64|ppc64|ia64|amd64'::text)) THEN 8 ELSE 4 END)) END)::double precision))::numeric))::double precision)))))), '0'::double precision)) THEN ((((current_setting('block_size'::text))::numeric))::double precision * ((q.relpages)::double precision - COALESCE(('1'::double precision + ceil((q.reltuples / floor((((((((current_setting('block_size'::text))::numeric) - ((16))::numeric) - ((24))::numeric) * (q.fillfactor)::numeric))::double precision / ('100'::double precision * (('4'::numeric + ((((((((CASE WHEN (max(COALESCE(s_3.stanullfrac, '0'::real)) = '0'::double precision) THEN 2 ELSE 6 END) + (CASE WHEN ((version() ~ 'mingw32'::text) OR (version() ~ '64-bit|x86_64|ppc64|ia64|amd64'::text)) THEN 8 ELSE 4 END)) - CASE WHEN (((CASE WHEN (max(COALESCE(s_3.stanullfrac, '0'::real)) = '0'::double precision) THEN 2 ELSE 6 END) % (CASE WHEN ((version() ~ 'mingw32'::text) OR (version() ~ '64-bit|x86_64|ppc64|ia64|amd64'::text)) THEN 8 ELSE 4 END)) = 0) THEN (CASE WHEN ((version() ~ 'mingw32'::text) OR (version() ~ '64-bit|x86_64|ppc64|ia64|amd64'::text)) THEN 8 ELSE 4 END) ELSE ((CASE WHEN (max(COALESCE(s_3.stanullfrac, '0'::real)) = '0'::double precision) THEN 2 ELSE 6 END) % (CASE WHEN ((version() ~ 'mingw32'::text) OR (version() ~ '64-bit|x86_64|ppc64|ia64|amd64'::text)) THEN 8 ELSE 4 END)) END))::double precision + (sum((('1'::double precision - COALESCE(s_3.stanullfrac, '0'::real)) * (COALESCE(s_3.stawidth, 1024))::double precision)))) + ((CASE WHEN ((version() ~ 'mingw32'::text) OR (version() ~ '64-bit|x86_64|ppc64|ia64|amd64'::text)) THEN 8 ELSE 4 END))::double precision) - (CASE WHEN ((sum((('1'::double precision - COALESCE(s_3.stanullfrac, '0'::real)) * (COALESCE(s_3.stawidth, 1024))::double precision))) = '0'::double precision) THEN 0 WHEN ((((sum((('1'::double precision - COALESCE(s_3.stanullfrac, '0'::real)) * (COALESCE(s_3.stawidth, 1024))::double precision))))::integer % (CASE WHEN ((version() ~ 'mingw32'::text) OR (version() ~ '64-bit|x86_64|ppc64|ia64|amd64'::text)) THEN 8 ELSE 4 END)) = 0) THEN (CASE WHEN ((version() ~ 'mingw32'::text) OR (version() ~ '64-bit|x86_64|ppc64|ia64|amd64'::text)) THEN 8 ELSE 4 END) ELSE (((sum((('1'::double precision - COALESCE(s_3.stanullfrac, '0'::real)) * (COALESCE(s_3.stawidth, 1024))::double precision))))::integer % (CASE WHEN ((version() ~ 'mingw32'::text) OR (version() ~ '64-bit|x86_64|ppc64|ia64|amd64'::text)) THEN 8 ELSE 4 END)) END)::double precision))::numeric))::double precision)))))), '0'::double precision))) ELSE '0'::double precision END",
                  "NULL::double precision",
                  "NULL::boolean"
                ],
                "Inner Unique": true,
                "Join Filter": "(q.relam = am.oid)",
                "Rows Removed by Join Filter": 0,
                "Shared Hit Blocks": 215652,
                "Shared Read Blocks": 0,
                "Shared Dirtied Blocks": 0,
                "Shared Written Blocks": 0,
                "Local Hit Blocks": 0,
                "Local Read Blocks": 0,
                "Local Dirtied Blocks": 0,
                "Local Written Blocks": 0,
                "Temp Read Blocks": 0,
                "Temp Written Blocks": 0,
                "Plans": [
                  {
                    "Node Type": "Aggregate",
                    "Strategy": "Sorted",
                    "Partial Mode": "Simple",
                    "Parent Relationship": "Outer",
                    "Parallel Aware": false,
                    "Startup Cost": 181.95,
                    "Total Cost": 182.02,
                    "Plan Rows": 1,
                    "Plan Width": 269,
                    "Actual Startup Time": 189.969,
                    "Actual Total Time": 190.143,
                    "Actual Rows": 47,
                    "Actual Loops": 1,
                    "Output": [
                      "q.nspname",
                      "q.tblname",
                      "q.idxname",
                      "q.reltuples",
                      "q.relpages",
                      "q.relam",
                      "q.attrelid",
                      "((current_setting('block_size'::text))::numeric)",
                      "q.fillfactor",
                      "CASE WHEN ((version() ~ 'mingw32'::text) OR (version() ~ '64-bit|x86_64|ppc64|ia64|amd64'::text)) THEN 8 ELSE 4 END",
                      "24",
                      "16",
                      "CASE WHEN (max(COALESCE(s_3.stanullfrac, '0'::real)) = '0'::double precision) THEN 2 ELSE 6 END",
                      "sum((('1'::double precision - COALESCE(s_3.stanullfrac, '0'::real)) * (COALESCE(s_3.stawidth, 1024))::double precision))",
                      "NULL::boolean"
                    ],
                    "Group Key": [
                      "q.nspname",
                      "q.tblname",
                      "q.idxname",
                      "q.reltuples",
                      "q.relpages",
                      "q.relam",
                      "q.attrelid",
                      "((current_setting('block_size'::text))::numeric)",
                      "q.fillfactor"
                    ],
                    "Shared Hit Blocks": 215605,
                    "Shared Read Blocks": 0,
                    "Shared Dirtied Blocks": 0,
                    "Shared Written Blocks": 0,
                    "Local Hit Blocks": 0,
                    "Local Read Blocks": 0,
                    "Local Dirtied Blocks": 0,
                    "Local Written Blocks": 0,
                    "Temp Read Blocks": 0,
                    "Temp Written Blocks": 0,
                    "Plans": [
                      {
                        "Node Type": "Sort",
                        "Parent Relationship": "Outer",
                        "Parallel Aware": false,
                        "Startup Cost": 181.95,
                        "Total Cost": 181.95,
                        "Plan Rows": 1,
                        "Plan Width": 252,
                        "Actual Startup Time": 189.921,
                        "Actual Total Time": 189.926,
                        "Actual Rows": 100,
                        "Actual Loops": 1,
                        "Output": [
                          "q.nspname",
                          "q.tblname",
                          "q.idxname",
                          "q.reltuples",
                          "q.relpages",
                          "q.relam",
                          "q.attrelid",
                          "((current_setting('block_size'::text))::numeric)",
                          "q.fillfactor",
                          "s_3.stanullfrac",
                          "s_3.stawidth"
                        ],
                        "Sort Key": [
                          "q.tblname",
                          "q.idxname",
                          "q.reltuples",
                          "q.relpages",
                          "q.relam",
                          "q.attrelid",
                          "q.fillfactor"
                        ],
                        "Sort Method": "quicksort",
                        "Sort Space Used": 51,
                        "Sort Space Type": "Memory",
                        "Shared Hit Blocks": 215605,
                        "Shared Read Blocks": 0,
                        "Shared Dirtied Blocks": 0,
                        "Shared Written Blocks": 0,
                        "Local Hit Blocks": 0,
                        "Local Read Blocks": 0,
                        "Local Dirtied Blocks": 0,
                        "Local Written Blocks": 0,
                        "Temp Read Blocks": 0,
                        "Temp Written Blocks": 0,
                        "Plans": [
                          {
                            "Node Type": "Nested Loop",
                            "Parent Relationship": "Outer",
                            "Parallel Aware": false,
                            "Join Type": "Inner",
                            "Startup Cost": 93.79,
                            "Total Cost": 181.94,
                            "Plan Rows": 1,
                            "Plan Width": 252,
                            "Actual Startup Time": 2.371,
                            "Actual Total Time": 189.594,
                            "Actual Rows": 100,
                            "Actual Loops": 1,
                            "Output": [
                              "q.nspname",
                              "q.tblname",
                              "q.idxname",
                              "q.reltuples",
                              "q.relpages",
                              "q.relam",
                              "q.attrelid",
                              "(current_setting('block_size'::text))::numeric",
                              "q.fillfactor",
                              "s_3.stanullfrac",
                              "s_3.stawidth"
                            ],
                            "Inner Unique": true,
                            "Shared Hit Blocks": 215605,
                            "Shared Read Blocks": 0,
                            "Shared Dirtied Blocks": 0,
                            "Shared Written Blocks": 0,
                            "Local Hit Blocks": 0,
                            "Local Read Blocks": 0,
                            "Local Dirtied Blocks": 0,
                            "Local Written Blocks": 0,
                            "Temp Read Blocks": 0,
                            "Temp Written Blocks": 0,
                            "Plans": [
                              {
                                "Node Type": "Nested Loop",
                                "Parent Relationship": "Outer",
                                "Parallel Aware": false,
                                "Join Type": "Inner",
                                "Startup Cost": 93.65,
                                "Total Cost": 177.74,
                                "Plan Rows": 1,
                                "Plan Width": 224,
                                "Actual Startup Time": 2.26,
                                "Actual Total Time": 188.458,
                                "Actual Rows": 100,
                                "Actual Loops": 1,
                                "Output": [
                                  "q.nspname",
                                  "q.tblname",
                                  "q.idxname",
                                  "q.reltuples",
                                  "q.relpages",
                                  "q.relam",
                                  "q.attrelid",
                                  "q.fillfactor",
                                  "q.atttypid",
                                  "s_3.stanullfrac",
                                  "s_3.stawidth"
                                ],
                                "Inner Unique": false,
                                "Join Filter": "(((c_3.relname = q.tblname) AND ((a_1.attname)::text = pg_get_indexdef(q.attrelid, (q.attnum)::integer, true))) OR ((c_3.relname = q.idxname) AND (a_1.attname = q.attname)))",
                                "Rows Removed by Join Filter": 70345,
                                "Shared Hit Blocks": 215504,
                                "Shared Read Blocks": 0,
                                "Shared Dirtied Blocks": 0,
                                "Shared Written Blocks": 0,
                                "Local Hit Blocks": 0,
                                "Local Read Blocks": 0,
                                "Local Dirtied Blocks": 0,
                                "Local Written Blocks": 0,
                                "Temp Read Blocks": 0,
                                "Temp Written Blocks": 0,
                                "Plans": [
                                  {
                                    "Node Type": "CTE Scan",
                                    "Parent Relationship": "Outer",
                                    "Parallel Aware": false,
                                    "CTE Name": "q",
                                    "Alias": "q",
                                    "Startup Cost": 73.76,
                                    "Total Cost": 76.03,
                                    "Plan Rows": 1,
                                    "Plan Width": 453,
                                    "Actual Startup Time": 0.663,
                                    "Actual Total Time": 4.145,
                                    "Actual Rows": 193,
                                    "Actual Loops": 1,
                                    "Output": [
                                      "q.nspname",
                                      "q.tblname",
                                      "q.idxname",
                                      "q.reltuples",
                                      "q.relpages",
                                      "q.relam",
                                      "NULL::oid",
                                      "NULL::oid",
                                      "q.fillfactor",
                                      "q.attrelid",
                                      "q.attname",
                                      "q.atttypid",
                                      "NULL::integer",
                                      "NULL::smallint",
                                      "q.attnum",
                                      "NULL::integer",
                                      "NULL::integer",
                                      "NULL::integer",
                                      "NULL::boolean",
                                      "NULL::\"char\"",
                                      "NULL::\"char\"",
                                      "NULL::boolean",
                                      "NULL::boolean",
                                      "NULL::boolean",
                                      "NULL::\"char\"",
                                      "NULL::boolean",
                                      "NULL::boolean",
                                      "NULL::integer",
                                      "NULL::oid",
                                      "NULL::aclitem[]",
                                      "NULL::text[]",
                                      "NULL::text[]",
                                      "NULL::anyarray"
                                    ],
                                    "Filter": "(q.nspname = 'pg_catalog'::name)",
                                    "Rows Removed by Filter": 0,
                                    "Shared Hit Blocks": 380,
                                    "Shared Read Blocks": 0,
                                    "Shared Dirtied Blocks": 0,
                                    "Shared Written Blocks": 0,
                                    "Local Hit Blocks": 0,
                                    "Local Read Blocks": 0,
                                    "Local Dirtied Blocks": 0,
                                    "Local Written Blocks": 0,
                                    "Temp Read Blocks": 0,
                                    "Temp Written Blocks": 0,
                                    "Plans": [
                                      {
                                        "Node Type": "Nested Loop",
                                        "Parent Relationship": "InitPlan",
                                        "Subplan Name": "CTE q",
                                        "Parallel Aware": false,
                                        "Join Type": "Inner",
                                        "Startup Cost": 25.29,
                                        "Total Cost": 73.76,
                                        "Plan Rows": 101,
                                        "Plan Width": 454,
                                        "Actual Startup Time": 0.643,
                                        "Actual Total Time": 2.855,
                                        "Actual Rows": 193,
                                        "Actual Loops": 1,
                                        "Output": [
                                          "pg_namespace.nspname",
                                          "tbl_1.relname",
                                          "idx.relname",
                                          "idx.reltuples",
                                          "idx.relpages",
                                          "idx.relam",
                                          "pg_index.indrelid",
                                          "pg_index.indexrelid",
                                          "COALESCE(((\"substring\"(array_to_string(idx.reloptions, ' '::text), 'fillfactor=([0-9]+)'::text))::smallint)::integer, 90)",
                                          "a_2.attrelid",
                                          "a_2.attname",
                                          "a_2.atttypid",
                                          "a_2.attstattarget",
                                          "a_2.attlen",
                                          "a_2.attnum",
                                          "a_2.attndims",
                                          "a_2.attcacheoff",
                                          "a_2.atttypmod",
                                          "a_2.attbyval",
                                          "a_2.attstorage",
                                          "a_2.attalign",
                                          "a_2.attnotnull",
                                          "a_2.atthasdef",
                                          "a_2.atthasmissing",
                                          "a_2.attidentity",
                                          "a_2.attisdropped",
                                          "a_2.attislocal",
                                          "a_2.attinhcount",
                                          "a_2.attcollation",
                                          "a_2.attacl",
                                          "a_2.attoptions",
                                          "a_2.attfdwoptions",
                                          "a_2.attmissingval"
                                        ],
                                        "Inner Unique": false,
                                        "Join Filter": "(idx.oid = a_2.attrelid)",
                                        "Rows Removed by Join Filter": 0,
                                        "Shared Hit Blocks": 380,
                                        "Shared Read Blocks": 0,
                                        "Shared Dirtied Blocks": 0,
                                        "Shared Written Blocks": 0,
                                        "Local Hit Blocks": 0,
                                        "Local Read Blocks": 0,
                                        "Local Dirtied Blocks": 0,
                                        "Local Written Blocks": 0,
                                        "Temp Read Blocks": 0,
                                        "Temp Written Blocks": 0,
                                        "Plans": [
                                          {
                                            "Node Type": "Hash Join",
                                            "Parent Relationship": "Outer",
                                            "Parallel Aware": false,
                                            "Join Type": "Inner",
                                            "Startup Cost": 25.01,
                                            "Total Cost": 42.13,
                                            "Plan Rows": 17,
                                            "Plan Width": 265,
                                            "Actual Startup Time": 0.604,
                                            "Actual Total Time": 1.613,
                                            "Actual Rows": 116,
                                            "Actual Loops": 1,
                                            "Output": [
                                              "pg_index.indrelid",
                                              "pg_index.indexrelid",
                                              "idx.relname",
                                              "idx.reltuples",
                                              "idx.relpages",
                                              "idx.relam",
                                              "idx.reloptions",
                                              "idx.oid",
                                              "tbl_1.relname",
                                              "pg_namespace.nspname"
                                            ],
                                            "Inner Unique": true,
                                            "Hash Cond": "(idx.relnamespace = pg_namespace.oid)",
                                            "Shared Hit Blocks": 29,
                                            "Shared Read Blocks": 0,
                                            "Shared Dirtied Blocks": 0,
                                            "Shared Written Blocks": 0,
                                            "Local Hit Blocks": 0,
                                            "Local Read Blocks": 0,
                                            "Local Dirtied Blocks": 0,
                                            "Local Written Blocks": 0,
                                            "Temp Read Blocks": 0,
                                            "Temp Written Blocks": 0,
                                            "Plans": [
                                              {
                                                "Node Type": "Hash Join",
                                                "Parent Relationship": "Outer",
                                                "Parallel Aware": false,
                                                "Join Type": "Inner",
                                                "Startup Cost": 23.87,
                                                "Total Cost": 40.92,
                                                "Plan Rows": 17,
                                                "Plan Width": 205,
                                                "Actual Startup Time": 0.534,
                                                "Actual Total Time": 1.282,
                                                "Actual Rows": 116,
                                                "Actual Loops": 1,
                                                "Output": [
                                                  "pg_index.indrelid",
                                                  "pg_index.indexrelid",
                                                  "idx.relname",
                                                  "idx.reltuples",
                                                  "idx.relpages",
                                                  "idx.relam",
                                                  "idx.reloptions",
                                                  "idx.oid",
                                                  "idx.relnamespace",
                                                  "tbl_1.relname"
                                                ],
                                                "Inner Unique": false,
                                                "Hash Cond": "(idx.oid = pg_index.indexrelid)",
                                                "Shared Hit Blocks": 28,
                                                "Shared Read Blocks": 0,
                                                "Shared Dirtied Blocks": 0,
                                                "Shared Written Blocks": 0,
                                                "Local Hit Blocks": 0,
                                                "Local Read Blocks": 0,
                                                "Local Dirtied Blocks": 0,
                                                "Local Written Blocks": 0,
                                                "Temp Read Blocks": 0,
                                                "Temp Written Blocks": 0,
                                                "Plans": [
                                                  {
                                                    "Node Type": "Seq Scan",
                                                    "Parent Relationship": "Outer",
                                                    "Parallel Aware": false,
                                                    "Relation Name": "pg_class",
                                                    "Schema": "pg_catalog",
                                                    "Alias": "idx",
                                                    "Startup Cost": 0.0,
                                                    "Total Cost": 16.27,
                                                    "Plan Rows": 161,
                                                    "Plan Width": 133,
                                                    "Actual Startup Time": 0.013,
                                                    "Actual Total Time": 0.407,
                                                    "Actual Rows": 182,
                                                    "Actual Loops": 1,
                                                    "Output": [
                                                      "idx.relname",
                                                      "idx.reltuples",
                                                      "idx.relpages",
                                                      "idx.relam",
                                                      "idx.reloptions",
                                                      "idx.oid",
                                                      "idx.relnamespace"
                                                    ],
                                                    "Filter": "(idx.relpages > 0)",
                                                    "Rows Removed by Filter": 166,
                                                    "Shared Hit Blocks": 12,
                                                    "Shared Read Blocks": 0,
                                                    "Shared Dirtied Blocks": 0,
                                                    "Shared Written Blocks": 0,
                                                    "Local Hit Blocks": 0,
                                                    "Local Read Blocks": 0,
                                                    "Local Dirtied Blocks": 0,
                                                    "Local Written Blocks": 0,
                                                    "Temp Read Blocks": 0,
                                                    "Temp Written Blocks": 0
                                                  },
                                                  {
                                                    "Node Type": "Hash",
                                                    "Parent Relationship": "Inner",
                                                    "Parallel Aware": false,
                                                    "Startup Cost": 23.42,
                                                    "Total Cost": 23.42,
                                                    "Plan Rows": 36,
                                                    "Plan Width": 72,
                                                    "Actual Startup Time": 0.441,
                                                    "Actual Total Time": 0.442,
                                                    "Actual Rows": 116,
                                                    "Actual Loops": 1,
                                                    "Output": [
                                                      "pg_index.indrelid",
                                                      "pg_index.indexrelid",
                                                      "tbl_1.relname"
                                                    ],
                                                    "Hash Buckets": 1024,
                                                    "Original Hash Buckets": 1024,
                                                    "Hash Batches": 1,
                                                    "Original Hash Batches": 1,
                                                    "Peak Memory Usage": 20,
                                                    "Shared Hit Blocks": 16,
                                                    "Shared Read Blocks": 0,
                                                    "Shared Dirtied Blocks": 0,
                                                    "Shared Written Blocks": 0,
                                                    "Local Hit Blocks": 0,
                                                    "Local Read Blocks": 0,
                                                    "Local Dirtied Blocks": 0,
                                                    "Local Written Blocks": 0,
                                                    "Temp Read Blocks": 0,
                                                    "Temp Written Blocks": 0,
                                                    "Plans": [
                                                      {
                                                        "Node Type": "Hash Join",
                                                        "Parent Relationship": "Outer",
                                                        "Parallel Aware": false,
                                                        "Join Type": "Inner",
                                                        "Startup Cost": 17.14,
                                                        "Total Cost": 23.42,
                                                        "Plan Rows": 36,
                                                        "Plan Width": 72,
                                                        "Actual Startup Time": 0.266,
                                                        "Actual Total Time": 0.378,
                                                        "Actual Rows": 116,
                                                        "Actual Loops": 1,
                                                        "Output": [
                                                          "pg_index.indrelid",
                                                          "pg_index.indexrelid",
                                                          "tbl_1.relname"
                                                        ],
                                                        "Inner Unique": true,
                                                        "Hash Cond": "(pg_index.indrelid = tbl_1.oid)",
                                                        "Shared Hit Blocks": 16,
                                                        "Shared Read Blocks": 0,
                                                        "Shared Dirtied Blocks": 0,
                                                        "Shared Written Blocks": 0,
                                                        "Local Hit Blocks": 0,
                                                        "Local Read Blocks": 0,
                                                        "Local Dirtied Blocks": 0,
                                                        "Local Written Blocks": 0,
                                                        "Temp Read Blocks": 0,
                                                        "Temp Written Blocks": 0,
                                                        "Plans": [
                                                          {
                                                            "Node Type": "Seq Scan",
                                                            "Parent Relationship": "Outer",
                                                            "Parallel Aware": false,
                                                            "Relation Name": "pg_index",
                                                            "Schema": "pg_catalog",
                                                            "Alias": "pg_index",
                                                            "Startup Cost": 0.0,
                                                            "Total Cost": 5.8,
                                                            "Plan Rows": 180,
                                                            "Plan Width": 8,
                                                            "Actual Startup Time": 0.003,
                                                            "Actual Total Time": 0.073,
                                                            "Actual Rows": 137,
                                                            "Actual Loops": 1,
                                                            "Output": [
                                                              "pg_index.indexrelid",
                                                              "pg_index.indrelid",
                                                              "pg_index.indnatts",
                                                              "pg_index.indnkeyatts",
                                                              "pg_index.indisunique",
                                                              "pg_index.indisprimary",
                                                              "pg_index.indisexclusion",
                                                              "pg_index.indimmediate",
                                                              "pg_index.indisclustered",
                                                              "pg_index.indisvalid",
                                                              "pg_index.indcheckxmin",
                                                              "pg_index.indisready",
                                                              "pg_index.indislive",
                                                              "pg_index.indisreplident",
                                                              "pg_index.indkey",
                                                              "pg_index.indcollation",
                                                              "pg_index.indclass",
                                                              "pg_index.indoption",
                                                              "pg_index.indexprs",
                                                              "pg_index.indpred"
                                                            ],
                                                            "Filter": "pg_index.indisvalid",
                                                            "Rows Removed by Filter": 0,
                                                            "Shared Hit Blocks": 4,
                                                            "Shared Read Blocks": 0,
                                                            "Shared Dirtied Blocks": 0,
                                                            "Shared Written Blocks": 0,
                                                            "Local Hit Blocks": 0,
                                                            "Local Read Blocks": 0,
                                                            "Local Dirtied Blocks": 0,
                                                            "Local Written Blocks": 0,
                                                            "Temp Read Blocks": 0,
                                                            "Temp Written Blocks": 0
                                                          },
                                                          {
                                                            "Node Type": "Hash",
                                                            "Parent Relationship": "Inner",
                                                            "Parallel Aware": false,
                                                            "Startup Cost": 16.27,
                                                            "Total Cost": 16.27,
                                                            "Plan Rows": 69,
                                                            "Plan Width": 68,
                                                            "Actual Startup Time": 0.229,
                                                            "Actual Total Time": 0.229,
                                                            "Actual Rows": 71,
                                                            "Actual Loops": 1,
                                                            "Output": [
                                                              "tbl_1.relname",
                                                              "tbl_1.oid"
                                                            ],
                                                            "Hash Buckets": 1024,
                                                            "Original Hash Buckets": 1024,
                                                            "Hash Batches": 1,
                                                            "Original Hash Batches": 1,
                                                            "Peak Memory Usage": 15,
                                                            "Shared Hit Blocks": 12,
                                                            "Shared Read Blocks": 0,
                                                            "Shared Dirtied Blocks": 0,
                                                            "Shared Written Blocks": 0,
                                                            "Local Hit Blocks": 0,
                                                            "Local Read Blocks": 0,
                                                            "Local Dirtied Blocks": 0,
                                                            "Local Written Blocks": 0,
                                                            "Temp Read Blocks": 0,
                                                            "Temp Written Blocks": 0,
                                                            "Plans": [
                                                              {
                                                                "Node Type": "Seq Scan",
                                                                "Parent Relationship": "Outer",
                                                                "Parallel Aware": false,
                                                                "Relation Name": "pg_class",
                                                                "Schema": "pg_catalog",
                                                                "Alias": "tbl_1",
                                                                "Startup Cost": 0.0,
                                                                "Total Cost": 16.27,
                                                                "Plan Rows": 69,
                                                                "Plan Width": 68,
                                                                "Actual Startup Time": 0.01,
                                                                "Actual Total Time": 0.182,
                                                                "Actual Rows": 71,
                                                                "Actual Loops": 1,
                                                                "Output": [
                                                                  "tbl_1.relname",
                                                                  "tbl_1.oid"
                                                                ],
                                                                "Filter": "(tbl_1.relkind = 'r'::\"char\")",
                                                                "Rows Removed by Filter": 277,
                                                                "Shared Hit Blocks": 12,
                                                                "Shared Read Blocks": 0,
                                                                "Shared Dirtied Blocks": 0,
                                                                "Shared Written Blocks": 0,
                                                                "Local Hit Blocks": 0,
                                                                "Local Read Blocks": 0,
                                                                "Local Dirtied Blocks": 0,
                                                                "Local Written Blocks": 0,
                                                                "Temp Read Blocks": 0,
                                                                "Temp Written Blocks": 0
                                                              }
                                                            ]
                                                          }
                                                        ]
                                                      }
                                                    ]
                                                  }
                                                ]
                                              },
                                              {
                                                "Node Type": "Hash",
                                                "Parent Relationship": "Inner",
                                                "Parallel Aware": false,
                                                "Startup Cost": 1.06,
                                                "Total Cost": 1.06,
                                                "Plan Rows": 6,
                                                "Plan Width": 68,
                                                "Actual Startup Time": 0.037,
                                                "Actual Total Time": 0.037,
                                                "Actual Rows": 7,
                                                "Actual Loops": 1,
                                                "Output": [
                                                  "pg_namespace.nspname",
                                                  "pg_namespace.oid"
                                                ],
                                                "Hash Buckets": 1024,
                                                "Original Hash Buckets": 1024,
                                                "Hash Batches": 1,
                                                "Original Hash Batches": 1,
                                                "Peak Memory Usage": 9,
                                                "Shared Hit Blocks": 1,
                                                "Shared Read Blocks": 0,
                                                "Shared Dirtied Blocks": 0,
                                                "Shared Written Blocks": 0,
                                                "Local Hit Blocks": 0,
                                                "Local Read Blocks": 0,
                                                "Local Dirtied Blocks": 0,
                                                "Local Written Blocks": 0,
                                                "Temp Read Blocks": 0,
                                                "Temp Written Blocks": 0,
                                                "Plans": [
                                                  {
                                                    "Node Type": "Seq Scan",
                                                    "Parent Relationship": "Outer",
                                                    "Parallel Aware": false,
                                                    "Relation Name": "pg_namespace",
                                                    "Schema": "pg_catalog",
                                                    "Alias": "pg_namespace",
                                                    "Startup Cost": 0.0,
                                                    "Total Cost": 1.06,
                                                    "Plan Rows": 6,
                                                    "Plan Width": 68,
                                                    "Actual Startup Time": 0.022,
                                                    "Actual Total Time": 0.024,
                                                    "Actual Rows": 7,
                                                    "Actual Loops": 1,
                                                    "Output": [
                                                      "pg_namespace.nspname",
                                                      "pg_namespace.oid"
                                                    ],
                                                    "Shared Hit Blocks": 1,
                                                    "Shared Read Blocks": 0,
                                                    "Shared Dirtied Blocks": 0,
                                                    "Shared Written Blocks": 0,
                                                    "Local Hit Blocks": 0,
                                                    "Local Read Blocks": 0,
                                                    "Local Dirtied Blocks": 0,
                                                    "Local Written Blocks": 0,
                                                    "Temp Read Blocks": 0,
                                                    "Temp Written Blocks": 0
                                                  }
                                                ]
                                              }
                                            ]
                                          },
                                          {
                                            "Node Type": "Index Scan",
                                            "Parent Relationship": "Inner",
                                            "Parallel Aware": false,
                                            "Scan Direction": "Forward",
                                            "Index Name": "pg_attribute_relid_attnum_index",
                                            "Relation Name": "pg_attribute",
                                            "Schema": "pg_catalog",
                                            "Alias": "a_2",
                                            "Startup Cost": 0.28,
                                            "Total Cost": 1.71,
                                            "Plan Rows": 6,
                                            "Plan Width": 238,
                                            "Actual Startup Time": 0.004,
                                            "Actual Total Time": 0.005,
                                            "Actual Rows": 2,
                                            "Actual Loops": 116,
                                            "Output": [
                                              "a_2.attrelid",
                                              "a_2.attname",
                                              "a_2.atttypid",
                                              "a_2.attstattarget",
                                              "a_2.attlen",
                                              "a_2.attnum",
                                              "a_2.attndims",
                                              "a_2.attcacheoff",
                                              "a_2.atttypmod",
                                              "a_2.attbyval",
                                              "a_2.attstorage",
                                              "a_2.attalign",
                                              "a_2.attnotnull",
                                              "a_2.atthasdef",
                                              "a_2.atthasmissing",
                                              "a_2.attidentity",
                                              "a_2.attisdropped",
                                              "a_2.attislocal",
                                              "a_2.attinhcount",
                                              "a_2.attcollation",
                                              "a_2.attacl",
                                              "a_2.attoptions",
                                              "a_2.attfdwoptions",
                                              "a_2.attmissingval"
                                            ],
                                            "Index Cond": "((a_2.attrelid = pg_index.indexrelid) AND (a_2.attnum > 0))",
                                            "Rows Removed by Index Recheck": 0,
                                            "Shared Hit Blocks": 351,
                                            "Shared Read Blocks": 0,
                                            "Shared Dirtied Blocks": 0,
                                            "Shared Written Blocks": 0,
                                            "Local Hit Blocks": 0,
                                            "Local Read Blocks": 0,
                                            "Local Dirtied Blocks": 0,
                                            "Local Written Blocks": 0,
                                            "Temp Read Blocks": 0,
                                            "Temp Written Blocks": 0
                                          }
                                        ]
                                      }
                                    ]
                                  },
                                  {
                                    "Node Type": "Nested Loop",
                                    "Parent Relationship": "Inner",
                                    "Parallel Aware": false,
                                    "Join Type": "Inner",
                                    "Startup Cost": 19.89,
                                    "Total Cost": 101.67,
                                    "Plan Rows": 1,
                                    "Plan Width": 401,
                                    "Actual Startup Time": 0.008,
                                    "Actual Total Time": 0.857,
                                    "Actual Rows": 365,
                                    "Actual Loops": 193,
                                    "Output": [
                                      "n_2.nspname",
                                      "c_3.relname",
                                      "a_1.attname",
                                      "NULL::boolean",
                                      "s_3.stanullfrac",
                                      "s_3.stawidth",
                                      "NULL::real",
                                      "NULL::anyarray",
                                      "NULL::real[]",
                                      "NULL::anyarray",
                                      "NULL::real",
                                      "NULL::anyarray",
                                      "NULL::real[]",
                                      "NULL::real[]"
                                    ],
                                    "Inner Unique": true,
                                    "Join Filter": "(has_column_privilege(c_3.oid, a_1.attnum, 'select'::text) AND (c_3.oid = a_1.attrelid))",
                                    "Rows Removed by Join Filter": 0,
                                    "Shared Hit Blocks": 214436,
                                    "Shared Read Blocks": 0,
                                    "Shared Dirtied Blocks": 0,
                                    "Shared Written Blocks": 0,
                                    "Local Hit Blocks": 0,
                                    "Local Read Blocks": 0,
                                    "Local Dirtied Blocks": 0,
                                    "Local Written Blocks": 0,
                                    "Temp Read Blocks": 0,
                                    "Temp Written Blocks": 0,
                                    "Plans": [
                                      {
                                        "Node Type": "Hash Join",
                                        "Parent Relationship": "Outer",
                                        "Parallel Aware": false,
                                        "Join Type": "Inner",
                                        "Startup Cost": 19.61,
                                        "Total Cost": 41.74,
                                        "Plan Rows": 66,
                                        "Plan Width": 146,
                                        "Actual Startup Time": 0.004,
                                        "Actual Total Time": 0.157,
                                        "Actual Rows": 365,
                                        "Actual Loops": 193,
                                        "Output": [
                                          "s_3.stanullfrac",
                                          "s_3.stawidth",
                                          "s_3.starelid",
                                          "s_3.staattnum",
                                          "c_3.relname",
                                          "c_3.oid",
                                          "n_2.nspname"
                                        ],
                                        "Inner Unique": false,
                                        "Hash Cond": "(s_3.starelid = c_3.oid)",
                                        "Shared Hit Blocks": 3101,
                                        "Shared Read Blocks": 0,
                                        "Shared Dirtied Blocks": 0,
                                        "Shared Written Blocks": 0,
                                        "Local Hit Blocks": 0,
                                        "Local Read Blocks": 0,
                                        "Local Dirtied Blocks": 0,
                                        "Local Written Blocks": 0,
                                        "Temp Read Blocks": 0,
                                        "Temp Written Blocks": 0,
                                        "Plans": [
                                          {
                                            "Node Type": "Seq Scan",
                                            "Parent Relationship": "Outer",
                                            "Parallel Aware": false,
                                            "Relation Name": "pg_statistic",
                                            "Schema": "pg_catalog",
                                            "Alias": "s_3",
                                            "Startup Cost": 0.0,
                                            "Total Cost": 19.98,
                                            "Plan Rows": 398,
                                            "Plan Width": 14,
                                            "Actual Startup Time": 0.001,
                                            "Actual Total Time": 0.035,
                                            "Actual Rows": 398,
                                            "Actual Loops": 193,
                                            "Output": [
                                              "s_3.starelid",
                                              "s_3.staattnum",
                                              "s_3.stainherit",
                                              "s_3.stanullfrac",
                                              "s_3.stawidth",
                                              "s_3.stadistinct",
                                              "s_3.stakind1",
                                              "s_3.stakind2",
                                              "s_3.stakind3",
                                              "s_3.stakind4",
                                              "s_3.stakind5",
                                              "s_3.staop1",
                                              "s_3.staop2",
                                              "s_3.staop3",
                                              "s_3.staop4",
                                              "s_3.staop5",
                                              "s_3.stanumbers1",
                                              "s_3.stanumbers2",
                                              "s_3.stanumbers3",
                                              "s_3.stanumbers4",
                                              "s_3.stanumbers5",
                                              "s_3.stavalues1",
                                              "s_3.stavalues2",
                                              "s_3.stavalues3",
                                              "s_3.stavalues4",
                                              "s_3.stavalues5"
                                            ],
                                            "Shared Hit Blocks": 3088,
                                            "Shared Read Blocks": 0,
                                            "Shared Dirtied Blocks": 0,
                                            "Shared Written Blocks": 0,
                                            "Local Hit Blocks": 0,
                                            "Local Read Blocks": 0,
                                            "Local Dirtied Blocks": 0,
                                            "Local Written Blocks": 0,
                                            "Temp Read Blocks": 0,
                                            "Temp Written Blocks": 0
                                          },
                                          {
                                            "Node Type": "Hash",
                                            "Parent Relationship": "Inner",
                                            "Parallel Aware": false,
                                            "Startup Cost": 18.89,
                                            "Total Cost": 18.89,
                                            "Plan Rows": 57,
                                            "Plan Width": 132,
                                            "Actual Startup Time": 0.476,
                                            "Actual Total Time": 0.476,
                                            "Actual Rows": 237,
                                            "Actual Loops": 1,
                                            "Output": [
                                              "c_3.relname",
                                              "c_3.oid",
                                              "n_2.nspname"
                                            ],
                                            "Hash Buckets": 1024,
                                            "Original Hash Buckets": 1024,
                                            "Hash Batches": 1,
                                            "Original Hash Batches": 1,
                                            "Peak Memory Usage": 46,
                                            "Shared Hit Blocks": 13,
                                            "Shared Read Blocks": 0,
                                            "Shared Dirtied Blocks": 0,
                                            "Shared Written Blocks": 0,
                                            "Local Hit Blocks": 0,
                                            "Local Read Blocks": 0,
                                            "Local Dirtied Blocks": 0,
                                            "Local Written Blocks": 0,
                                            "Temp Read Blocks": 0,
                                            "Temp Written Blocks": 0,
                                            "Plans": [
                                              {
                                                "Node Type": "Hash Join",
                                                "Parent Relationship": "Outer",
                                                "Parallel Aware": false,
                                                "Join Type": "Inner",
                                                "Startup Cost": 1.09,
                                                "Total Cost": 18.89,
                                                "Plan Rows": 57,
                                                "Plan Width": 132,
                                                "Actual Startup Time": 0.098,
                                                "Actual Total Time": 0.355,
                                                "Actual Rows": 237,
                                                "Actual Loops": 1,
                                                "Output": [
                                                  "c_3.relname",
                                                  "c_3.oid",
                                                  "n_2.nspname"
                                                ],
                                                "Inner Unique": true,
                                                "Hash Cond": "(c_3.relnamespace = n_2.oid)",
                                                "Shared Hit Blocks": 13,
                                                "Shared Read Blocks": 0,
                                                "Shared Dirtied Blocks": 0,
                                                "Shared Written Blocks": 0,
                                                "Local Hit Blocks": 0,
                                                "Local Read Blocks": 0,
                                                "Local Dirtied Blocks": 0,
                                                "Local Written Blocks": 0,
                                                "Temp Read Blocks": 0,
                                                "Temp Written Blocks": 0,
                                                "Plans": [
                                                  {
                                                    "Node Type": "Seq Scan",
                                                    "Parent Relationship": "Outer",
                                                    "Parallel Aware": false,
                                                    "Relation Name": "pg_class",
                                                    "Schema": "pg_catalog",
                                                    "Alias": "c_3",
                                                    "Startup Cost": 0.0,
                                                    "Total Cost": 16.27,
                                                    "Plan Rows": 342,
                                                    "Plan Width": 72,
                                                    "Actual Startup Time": 0.012,
                                                    "Actual Total Time": 0.206,
                                                    "Actual Rows": 348,
                                                    "Actual Loops": 1,
                                                    "Output": [
                                                      "c_3.relname",
                                                      "c_3.oid",
                                                      "c_3.relnamespace"
                                                    ],
                                                    "Filter": "((NOT c_3.relrowsecurity) OR (NOT row_security_active(c_3.oid)))",
                                                    "Rows Removed by Filter": 0,
                                                    "Shared Hit Blocks": 12,
                                                    "Shared Read Blocks": 0,
                                                    "Shared Dirtied Blocks": 0,
                                                    "Shared Written Blocks": 0,
                                                    "Local Hit Blocks": 0,
                                                    "Local Read Blocks": 0,
                                                    "Local Dirtied Blocks": 0,
                                                    "Local Written Blocks": 0,
                                                    "Temp Read Blocks": 0,
                                                    "Temp Written Blocks": 0
                                                  },
                                                  {
                                                    "Node Type": "Hash",
                                                    "Parent Relationship": "Inner",
                                                    "Parallel Aware": false,
                                                    "Startup Cost": 1.07,
                                                    "Total Cost": 1.07,
                                                    "Plan Rows": 1,
                                                    "Plan Width": 68,
                                                    "Actual Startup Time": 0.027,
                                                    "Actual Total Time": 0.027,
                                                    "Actual Rows": 1,
                                                    "Actual Loops": 1,
                                                    "Output": [
                                                      "n_2.nspname",
                                                      "n_2.oid"
                                                    ],
                                                    "Hash Buckets": 1024,
                                                    "Original Hash Buckets": 1024,
                                                    "Hash Batches": 1,
                                                    "Original Hash Batches": 1,
                                                    "Peak Memory Usage": 9,
                                                    "Shared Hit Blocks": 1,
                                                    "Shared Read Blocks": 0,
                                                    "Shared Dirtied Blocks": 0,
                                                    "Shared Written Blocks": 0,
                                                    "Local Hit Blocks": 0,
                                                    "Local Read Blocks": 0,
                                                    "Local Dirtied Blocks": 0,
                                                    "Local Written Blocks": 0,
                                                    "Temp Read Blocks": 0,
                                                    "Temp Written Blocks": 0,
                                                    "Plans": [
                                                      {
                                                        "Node Type": "Seq Scan",
                                                        "Parent Relationship": "Outer",
                                                        "Parallel Aware": false,
                                                        "Relation Name": "pg_namespace",
                                                        "Schema": "pg_catalog",
                                                        "Alias": "n_2",
                                                        "Startup Cost": 0.0,
                                                        "Total Cost": 1.07,
                                                        "Plan Rows": 1,
                                                        "Plan Width": 68,
                                                        "Actual Startup Time": 0.021,
                                                        "Actual Total Time": 0.022,
                                                        "Actual Rows": 1,
                                                        "Actual Loops": 1,
                                                        "Output": [
                                                          "n_2.nspname",
                                                          "n_2.oid"
                                                        ],
                                                        "Filter": "(n_2.nspname = 'pg_catalog'::name)",
                                                        "Rows Removed by Filter": 6,
                                                        "Shared Hit Blocks": 1,
                                                        "Shared Read Blocks": 0,
                                                        "Shared Dirtied Blocks": 0,
                                                        "Shared Written Blocks": 0,
                                                        "Local Hit Blocks": 0,
                                                        "Local Read Blocks": 0,
                                                        "Local Dirtied Blocks": 0,
                                                        "Local Written Blocks": 0,
                                                        "Temp Read Blocks": 0,
                                                        "Temp Written Blocks": 0
                                                      }
                                                    ]
                                                  }
                                                ]
                                              }
                                            ]
                                          }
                                        ]
                                      },
                                      {
                                        "Node Type": "Index Scan",
                                        "Parent Relationship": "Inner",
                                        "Parallel Aware": false,
                                        "Scan Direction": "Forward",
                                        "Index Name": "pg_attribute_relid_attnum_index",
                                        "Relation Name": "pg_attribute",
                                        "Schema": "pg_catalog",
                                        "Alias": "a_1",
                                        "Startup Cost": 0.28,
                                        "Total Cost": 0.89,
                                        "Plan Rows": 1,
                                        "Plan Width": 70,
                                        "Actual Startup Time": 0.001,
                                        "Actual Total Time": 0.001,
                                        "Actual Rows": 1,
                                        "Actual Loops": 70445,
                                        "Output": [
                                          "a_1.attrelid",
                                          "a_1.attname",
                                          "a_1.atttypid",
                                          "a_1.attstattarget",
                                          "a_1.attlen",
                                          "a_1.attnum",
                                          "a_1.attndims",
                                          "a_1.attcacheoff",
                                          "a_1.atttypmod",
                                          "a_1.attbyval",
                                          "a_1.attstorage",
                                          "a_1.attalign",
                                          "a_1.attnotnull",
                                          "a_1.atthasdef",
                                          "a_1.atthasmissing",
                                          "a_1.attidentity",
                                          "a_1.attisdropped",
                                          "a_1.attislocal",
                                          "a_1.attinhcount",
                                          "a_1.attcollation",
                                          "a_1.attacl",
                                          "a_1.attoptions",
                                          "a_1.attfdwoptions",
                                          "a_1.attmissingval"
                                        ],
                                        "Index Cond": "((a_1.attrelid = s_3.starelid) AND (a_1.attnum = s_3.staattnum))",
                                        "Rows Removed by Index Recheck": 0,
                                        "Filter": "(NOT a_1.attisdropped)",
                                        "Rows Removed by Filter": 0,
                                        "Shared Hit Blocks": 211335,
                                        "Shared Read Blocks": 0,
                                        "Shared Dirtied Blocks": 0,
                                        "Shared Written Blocks": 0,
                                        "Local Hit Blocks": 0,
                                        "Local Read Blocks": 0,
                                        "Local Dirtied Blocks": 0,
                                        "Local Written Blocks": 0,
                                        "Temp Read Blocks": 0,
                                        "Temp Written Blocks": 0
                                      }
                                    ]
                                  }
                                ]
                              },
                              {
                                "Node Type": "Index Only Scan",
                                "Parent Relationship": "Inner",
                                "Parallel Aware": false,
                                "Scan Direction": "Forward",
                                "Index Name": "pg_type_oid_index",
                                "Relation Name": "pg_type",
                                "Schema": "pg_catalog",
                                "Alias": "t",
                                "Startup Cost": 0.15,
                                "Total Cost": 4.17,
                                "Plan Rows": 1,
                                "Plan Width": 4,
                                "Actual Startup Time": 0.005,
                                "Actual Total Time": 0.005,
                                "Actual Rows": 1,
                                "Actual Loops": 100,
                                "Output": ["t.oid"],
                                "Index Cond": "(t.oid = q.atttypid)",
                                "Rows Removed by Index Recheck": 0,
                                "Heap Fetches": 0,
                                "Shared Hit Blocks": 101,
                                "Shared Read Blocks": 0,
                                "Shared Dirtied Blocks": 0,
                                "Shared Written Blocks": 0,
                                "Local Hit Blocks": 0,
                                "Local Read Blocks": 0,
                                "Local Dirtied Blocks": 0,
                                "Local Written Blocks": 0,
                                "Temp Read Blocks": 0,
                                "Temp Written Blocks": 0
                              }
                            ]
                          }
                        ]
                      }
                    ]
                  },
                  {
                    "Node Type": "Seq Scan",
                    "Parent Relationship": "Inner",
                    "Parallel Aware": false,
                    "Relation Name": "pg_am",
                    "Schema": "pg_catalog",
                    "Alias": "am",
                    "Startup Cost": 0.0,
                    "Total Cost": 1.07,
                    "Plan Rows": 1,
                    "Plan Width": 4,
                    "Actual Startup Time": 0.0,
                    "Actual Total Time": 0.0,
                    "Actual Rows": 1,
                    "Actual Loops": 47,
                    "Output": ["am.oid"],
                    "Filter": "(am.amname = 'btree'::name)",
                    "Rows Removed by Filter": 0,
                    "Shared Hit Blocks": 47,
                    "Shared Read Blocks": 0,
                    "Shared Dirtied Blocks": 0,
                    "Shared Written Blocks": 0,
                    "Local Hit Blocks": 0,
                    "Local Read Blocks": 0,
                    "Local Dirtied Blocks": 0,
                    "Local Written Blocks": 0,
                    "Temp Read Blocks": 0,
                    "Temp Written Blocks": 0
                  }
                ]
              }
            ]
          }
        ]
      }
    ]
  }
}
`,CK=` Merge on public.tb  (cost=262602.88..306621.45 rows=0 width=0) (actual time=7798.118..7798.122 rows=0 loops=1)
   Tuples: inserted=9995 updated=9679 deleted=326
   Buffers: shared hit=7731564 read=22226 dirtied=27295 written=38115, temp read=9593 written=27592
   I/O Timings: shared read=22.960 write=186.426, temp read=17.017 write=119.861
   WAL: records=5049414 fpi=5192 bytes=416135793
   CTE tbl
     ->  Insert on pg_temp.tblog  (cost=8704.82..8705.65 rows=0 width=0) (actual time=509.761..509.761 rows=0 loops=1)
           Buffers: shared hit=3 read=5448 written=5276, local hit=494411 dirtied=2644 written=4269, temp read=1559 written=1568
           I/O Timings: shared read=10.578 write=13.760, local write=54.430, temp read=2.942 write=6.888
           ->  Sort  (cost=8704.82..8705.65 rows=333 width=12) (actual time=286.491..347.529 rows=489127 loops=1)
                 Output: tb_1.i, tb_1.x
                 Sort Key: tb_1.x
                 Sort Method: external merge  Disk: 12472kB
                 Buffers: shared hit=3 read=5448 written=5276, temp read=1559 written=1568
                 I/O Timings: shared read=10.578 write=13.760, temp read=2.942 write=6.888
                 ->  Bitmap Heap Scan on public.tb tb_1  (cost=180.48..8690.86 rows=333 width=12) (actual time=30.582..122.685 rows=489127 loops=1)
                       Output: tb_1.i, tb_1.x
                       Recheck Cond: ((tb_1.i >= 4000000) AND (tb_1.i <= 5000000))
                       Filter: ((mod(tb_1.i, 99) > 0) AND (mod(tb_1.i, 98) > 0) AND (mod(tb_1.i, 98) > 0) AND ((tb_1.i + 1) > 0))
                       Rows Removed by Filter: 10068
                       Heap Blocks: exact=3181
                       Buffers: shared hit=3 read=5448 written=5276
                       I/O Timings: shared read=10.578 write=13.760
                       ->  Bitmap Index Scan on tb_pkey  (cost=0.00..180.40 rows=8997 width=0) (actual time=30.251..30.251 rows=499195 loops=1)
                             Index Cond: ((tb_1.i >= 4000000) AND (tb_1.i <= 5000000))
                             Buffers: shared hit=2 read=2268 written=2181
                             I/O Timings: shared read=4.315 write=5.384
   CTE tabb
     ->  Update on public.ta  (cost=96.13..93079.47 rows=1667044 width=18) (actual time=11.270..6418.935 rows=2499947 loops=1)
           Output: ta_1.i, ta_1.x, ta_1.filler
           Update on public.ta1 ta_1
           Update on public.ta2 ta_2
           Buffers: shared hit=7542762 read=22126 dirtied=26988 written=37604
           I/O Timings: shared read=22.722 write=184.053
           WAL: records=4999894 fpi=5162 bytes=412139886
           InitPlan 3
             ->  Result  (cost=96.12..96.13 rows=1 width=4) (actual time=0.052..0.053 rows=1 loops=1)
                   Output: ((InitPlan 2).col1 / 2)
                   Buffers: shared hit=2 read=2
                   I/O Timings: shared read=0.007
                   InitPlan 2
                     ->  Limit  (cost=0.43..96.12 rows=1 width=4) (actual time=0.048..0.048 rows=1 loops=1)
                           Output: tb_2.i
                           Buffers: shared hit=2 read=2
                           I/O Timings: shared read=0.007
                           ->  Index Only Scan Backward using tb_pkey on public.tb tb_2  (cost=0.43..95690.29 rows=1000 width=4) (actual time=0.045..0.045 rows=1 loops=1)
                                 Output: tb_2.i
                                 Filter: (((tb_2.i + 1) > 0) AND ((tb_2.i + 2) > 0) AND (mod(tb_2.i, 99) = 0))
                                 Rows Removed by Filter: 38
                                 Heap Fetches: 39
                                 Buffers: shared hit=2 read=2
                                 I/O Timings: shared read=0.007
           ->  Append  (cost=0.00..92983.35 rows=1667044 width=18) (actual time=0.078..650.328 rows=2499947 loops=1)
                 Buffers: shared hit=2 read=22126 written=8891
                 I/O Timings: shared read=22.722 write=25.883
                 ->  Seq Scan on public.ta1 ta_1  (cost=0.00..84624.00 rows=1666667 width=18) (actual time=0.016..486.444 rows=2499947 loops=1)
                       Output: '2'::double precision, ta_1.tableoid, ta_1.ctid
                       Filter: (ta_1.i < (InitPlan 3).col1)
                       Rows Removed by Filter: 2500053
                       Buffers: shared read=22124 written=8891
                       I/O Timings: shared read=22.715 write=25.883
                 ->  Seq Scan on public.ta2 ta_2  (cost=0.00..24.12 rows=377 width=18) (never executed)
                       Output: '2'::double precision, ta_2.tableoid, ta_2.ctid
                       Filter: (ta_2.i < (InitPlan 3).col1)
   CTE tab
     ->  Limit  (cost=160767.33..160817.33 rows=20000 width=44) (actual time=7700.673..7704.219 rows=20000 loops=1)
           Output: tabb.i, tabb.x, tabb.filler
           Buffers: shared hit=7542762 read=22126 dirtied=26988 written=37604, temp read=9593 written=27592
           I/O Timings: shared read=22.722 write=184.053, temp read=17.017 write=119.861
           WAL: records=4999894 fpi=5162 bytes=412139886
           ->  Sort  (cost=160767.33..164934.94 rows=1667044 width=44) (actual time=7563.572..7565.984 rows=20000 loops=1)
                 Output: tabb.i, tabb.x, tabb.filler
                 Sort Key: tabb.x
                 Sort Method: external merge  Disk: 73440kB
                 Buffers: shared hit=7542762 read=22126 dirtied=26988 written=37604, temp read=9593 written=27592
                 I/O Timings: shared read=22.722 write=184.053, temp read=17.017 write=119.861
                 WAL: records=4999894 fpi=5162 bytes=412139886
                 ->  CTE Scan on tabb  (cost=0.00..33340.88 rows=1667044 width=44) (actual time=11.274..7104.296 rows=2499947 loops=1)
                       Output: tabb.i, tabb.x, tabb.filler
                       Buffers: shared hit=7542762 read=22126 dirtied=26988 written=37604, temp written=9155
                       I/O Timings: shared read=22.722 write=184.053, temp write=58.774
                       WAL: records=4999894 fpi=5162 bytes=412139886
   ->  Nested Loop Left Join  (cost=0.43..44019.00 rows=20000 width=102) (actual time=7700.749..7733.331 rows=20000 loops=1)
         Output: tb.ctid, tab.i, tab.filler, tab.*
         Inner Unique: true
         Buffers: shared hit=7612704 read=22189 dirtied=26988 written=37663, temp read=9593 written=27592
         I/O Timings: shared read=22.871 write=184.243, temp read=17.017 write=119.861
         WAL: records=4999894 fpi=5162 bytes=412139886
         ->  CTE Scan on tab  (cost=0.00..400.00 rows=20000 width=96) (actual time=7700.708..7709.042 rows=20000 loops=1)
               Output: tab.i, tab.filler, tab.*
               Buffers: shared hit=7542762 read=22126 dirtied=26988 written=37604, temp read=9593 written=27592
               I/O Timings: shared read=22.722 write=184.053, temp read=17.017 write=119.861
               WAL: records=4999894 fpi=5162 bytes=412139886
         ->  Index Scan using tb_pkey on public.tb  (cost=0.43..2.18 rows=1 width=10) (actual time=0.001..0.001 rows=1 loops=20000)
               Output: tb.ctid, tb.i
               Index Cond: (tb.i = tab.i)
               Buffers: shared hit=69942 read=63 written=59
               I/O Timings: shared read=0.149 write=0.190
 Settings: work_mem = '3MB', random_page_cost = '1.5', parallel_tuple_cost = '0', jit_above_cost = '0', jit_inline_above_cost = '0', jit_optimize_above_cost = '0'
 Planning:
   Buffers: shared hit=26 read=1
   I/O Timings: shared read=0.003
   Memory: used=165kB  allocated=264kB
 Planning Time: 0.289 ms
 Trigger RI_ConstraintTrigger_a_18153 for constraint tc1_fkey on tb: time=4399.335 calls=326
 Trigger RI_ConstraintTrigger_a_18161 for constraint tc2_fkey on tc1: time=6000.010 calls=326
 JIT:
   Functions: 31
   Options: Inlining true, Optimization true, Expressions true, Deforming true
   Timing: Generation 1.340 ms (Deform 0.303 ms), Inlining 9.145 ms, Optimization 82.044 ms, Emission 57.043 ms, Total 149.572 ms
 Serialization: time=0.000 ms  output=0kB  format=text
 Execution Time: 18733.542 ms
(112 lignes)
`,wK=`EXPLAIN (ANALYZE,BUFFERS,VERBOSE,SETTINGS,WAL,SERIALIZE,MEMORY,FORMAT TEXT)
WITH
tBl  AS ( INSERT INTO tBlog SELECT i,x FROM tB
          WHERE i BETWEEN 4000000 AND 5000000
          AND mod(i,99)>0 AND mod(i,98)>0 AND mod(i,98)>0 and i+1>0 /* force bitmap index */
          ORDER BY x),
tAbb AS ( UPDATE tA SET x=2 WHERE i < (
            SELECT max(i)/2 FROM tB  WHERE mod(i,99)=0  AND i+1>0 AND i+2>0  /* for bad stats */
            )
          RETURNING * ),
tAb  AS MATERIALIZED ( SELECT * FROM tAbb ORDER BY x LIMIT 20000)
MERGE INTO tB
USING tAb ON (tB.i=tAb.i)
WHEN NOT MATCHED THEN
   INSERT VALUES (tAb.i, 0.0, '000')
WHEN MATCHED AND tB.x > 0.97 THEN
   DELETE  /*  will raise the ON DELETE trigger (very costly) */
WHEN MATCHED THEN
   UPDATE SET filler=tAb.filler
;
`,xK=`[
  {
    "Plan": {
      "Node Type": "Aggregate",
      "Strategy": "Plain",
      "Partial Mode": "Finalize",
      "Parallel Aware": false,
      "Startup Cost": 144975.01,
      "Total Cost": 144975.02,
      "Plan Rows": 1,
      "Plan Width": 32,
      "Actual Startup Time": 484.97,
      "Actual Total Time": 484.97,
      "Actual Rows": 1,
      "Actual Loops": 1,
      "Output": ["sum(l_quantity)"],
      "Plans": [
        {
          "Node Type": "Gather",
          "Parent Relationship": "Outer",
          "Parallel Aware": false,
          "Startup Cost": 144974.57,
          "Total Cost": 144974.98,
          "Plan Rows": 4,
          "Plan Width": 32,
          "Actual Startup Time": 484.868,
          "Actual Total Time": 486.428,
          "Actual Rows": 3,
          "Actual Loops": 1,
          "Output": ["(PARTIAL sum(l_quantity))"],
          "Workers Planned": 4,
          "Workers Launched": 2,
          "Single Copy": false,
          "Plans": [
            {
              "Node Type": "Aggregate",
              "Strategy": "Plain",
              "Partial Mode": "Partial",
              "Parent Relationship": "Outer",
              "Parallel Aware": false,
              "Startup Cost": 143974.57,
              "Total Cost": 143974.58,
              "Plan Rows": 1,
              "Plan Width": 32,
              "Actual Startup Time": 482.39,
              "Actual Total Time": 482.39,
              "Actual Rows": 1,
              "Actual Loops": 3,
              "Output": ["PARTIAL sum(l_quantity)"],
              "Workers": [
                {
                  "Worker Number": 0,
                  "Actual Startup Time": 481.485,
                  "Actual Total Time": 481.485,
                  "Actual Rows": 1,
                  "Actual Loops": 1
                },
                {
                  "Worker Number": 1,
                  "Actual Startup Time": 481.56,
                  "Actual Total Time": 481.56,
                  "Actual Rows": 1,
                  "Actual Loops": 1
                }
              ],
              "Plans": [
                {
                  "Node Type": "Seq Scan",
                  "Parent Relationship": "Outer",
                  "Parallel Aware": true,
                  "Relation Name": "lineitem",
                  "Schema": "public",
                  "Alias": "lineitem",
                  "Startup Cost": 0.0,
                  "Total Cost": 140298.89,
                  "Plan Rows": 1470273,
                  "Plan Width": 5,
                  "Actual Startup Time": 0.652,
                  "Actual Total Time": 344.447,
                  "Actual Rows": 1962085,
                  "Actual Loops": 3,
                  "Output": [
                    "l_orderkey",
                    "l_partkey",
                    "l_suppkey",
                    "l_linenumber",
                    "l_quantity",
                    "l_extendedprice",
                    "l_discount",
                    "l_tax",
                    "l_returnflag",
                    "l_linestatus",
                    "l_shipdate",
                    "l_commitdate",
                    "l_receiptdate",
                    "l_shipinstruct",
                    "l_shipmode",
                    "l_comment"
                  ],
                  "Filter": "(lineitem.l_shipdate <= '1998-08-18 00:00:00'::timestamp without time zone)",
                  "Rows Removed by Filter": 38320,
                  "Workers": [
                    {
                      "Worker Number": 0,
                      "Actual Startup Time": 0.414,
                      "Actual Total Time": 344.435,
                      "Actual Rows": 1962858,
                      "Actual Loops": 1
                    },
                    {
                      "Worker Number": 1,
                      "Actual Startup Time": 0.441,
                      "Actual Total Time": 344.431,
                      "Actual Rows": 1971199,
                      "Actual Loops": 1
                    }
                  ]
                }
              ]
            }
          ]
        }
      ]
    },
    "Planning Time": 0.591,
    "Triggers": [],
    "Execution Time": 486.495
  }
]`,IK=`select
        l_shipmode,
        sum(case
                when o_orderpriority = '1-URGENT'
                        or o_orderpriority = '2-HIGH'
                        then 1
                else 0
        end) as high_line_count,
        sum(case
                when o_orderpriority <> '1-URGENT'
                        and o_orderpriority <> '2-HIGH'
                        then 1
                else 0
        end) as low_line_count
from
        orders,
        lineitem
where
        o_orderkey = l_orderkey
        and l_shipmode in ('MAIL', 'AIR')
        and l_commitdate < l_receiptdate
        and l_shipdate < l_commitdate
        and l_receiptdate >= date '1996-01-01'
        and l_receiptdate < date '1996-01-01' + interval '1' year
group by
        l_shipmode
order by
        l_shipmode
LIMIT 1;
`,kK=` Limit  (cost=1964755.66..1964961.44 rows=1 width=27) (actual time=7579.592..7922.997 rows=1 loops=1)
   ->  Finalize GroupAggregate  (cost=1964755.66..1966196.11 rows=7 width=27) (actual time=7579.590..7579.591 rows=1 loops=1)
         Group Key: lineitem.l_shipmode
         ->  Gather Merge  (cost=1964755.66..1966195.83 rows=28 width=27) (actual time=7559.593..7922.319 rows=6 loops=1)
               Workers Planned: 4
               Workers Launched: 4
               ->  Partial GroupAggregate  (cost=1963755.61..1965192.44 rows=7 width=27) (actual time=7548.103..7564.592 rows=2 loops=5)
                     Group Key: lineitem.l_shipmode
                     ->  Sort  (cost=1963755.61..1963935.20 rows=71838 width=27) (actual time=7530.280..7539.688 rows=62519 loops=5)
                           Sort Key: lineitem.l_shipmode
                           Sort Method: external merge  Disk: 2304kB
                           Worker 0:  Sort Method: external merge  Disk: 2064kB
                           Worker 1:  Sort Method: external merge  Disk: 2384kB
                           Worker 2:  Sort Method: external merge  Disk: 2264kB
                           Worker 3:  Sort Method: external merge  Disk: 2336kB
                           ->  Parallel Hash Join  (cost=382571.01..1957960.99 rows=71838 width=27) (actual time=7036.917..7499.692 rows=62519 loops=5)
                                 Hash Cond: (lineitem.l_orderkey = orders.o_orderkey)
                                 ->  Parallel Seq Scan on lineitem  (cost=0.00..1552386.40 rows=71838 width=19) (actual time=0.583..4901.063 rows=62519 loops=5)
                                       Filter: ((l_shipmode = ANY ('{MAIL,AIR}'::bpchar[])) AND (l_commitdate < l_receiptdate) AND (l_shipdate < l_commitdate) AND (l_receiptdate >= '1996-01-01'::date) AND (l_receiptdate < '1997-01-01 00:00:00'::timestamp without time zone))
                                       Rows Removed by Filter: 11934691
                                 ->  Parallel Hash  (cost=313722.45..313722.45 rows=3750045 width=20) (actual time=2011.518..2011.518 rows=3000000 loops=5)
                                       Buckets: 65536  Batches: 256  Memory Usage: 3840kB
                                       ->  Parallel Seq Scan on orders  (cost=0.00..313722.45 rows=3750045 width=20) (actual time=0.029..995.948 rows=3000000 loops=5)
 Planning Time: 0.977 ms
 Execution Time: 7923.770 ms`,BK=`                                                                                            QUERY PLAN
--------------------------------------------------------------------------------------------------------------------------------------------------------------------------------------------------
 Delete on emailmessages  (cost=224.85..38989.92 rows=5000 width=34) (actual time=217158.570..217158.570 rows=0 loops=1)
   Buffers: shared hit=2579331 read=506594 dirtied=503671
   ->  Nested Loop  (cost=224.85..38989.92 rows=5000 width=34) (actual time=7.105..4576.019 rows=5000 loops=1)
         Buffers: shared hit=20223 read=395
         ->  HashAggregate  (cost=224.42..274.42 rows=5000 width=32) (actual time=7.072..23.891 rows=5000 loops=1)
               Group Key: "ANY_subquery".emailmessageid
               Buffers: shared hit=583
               ->  Subquery Scan on "ANY_subquery"  (cost=0.43..211.92 rows=5000 width=32) (actual time=0.064..3.892 rows=5000 loops=1)
                     Buffers: shared hit=583
                     ->  Limit  (cost=0.43..161.92 rows=5000 width=4) (actual time=0.053..2.808 rows=5000 loops=1)
                           Buffers: shared hit=583
                           ->  Index Only Scan using emailmessages_pkey on emailmessages emailmessages_1  (cost=0.43..89834.20 rows=2781465 width=4) (actual time=0.051..2.260 rows=5000 loops=1)
                                 Heap Fetches: 609
                                 Buffers: shared hit=583
         ->  Index Scan using emailmessages_pkey on emailmessages  (cost=0.43..7.73 rows=1 width=10) (actual time=0.903..0.905 rows=1 loops=5000)
               Index Cond: (emailmessageid = "ANY_subquery".emailmessageid)
               Buffers: shared hit=19640 read=395
 Planning time: 2.482 ms
 Trigger for constraint headeremessageref: time=4038.247 calls=5000
 Trigger for constraint formdataemessageref: time=81.415 calls=5000
 Trigger for constraint attachemessageref: time=158945.774 calls=5000
 Trigger for constraint outgoingemessageref: time=332.316 calls=5000
 Trigger for constraint incomingemessageref: time=125.492 calls=5000
 Trigger for constraint eventemessageref: time=251.365 calls=5000
 Trigger for constraint filteredemessageref: time=125.894 calls=5000
 Execution time: 381072.164 ms
(26 rows)`,DK="DELETE FROM emailmessages where emailmessageid in ( select emailmessageid from emailmessages limit 5000 );",PK=`
 Append  (cost=0.43..170502.33 rows=4018259 width=97) (actual time=0.007..464.318 rows=4000001 loops=1)
   Buffers: shared hit=39 read=69641
   I/O Timings: shared read=66.219
   ->  Index Scan using pgbench_accounts_2_pkey on pgbench_accounts_2 pgbench_accounts_1  (cost=0.43..8.45 rows=1 width=97) (actual time=0.006..0.007 rows=1 loops=1)
         Index Cond: ((aid >= 5000000) AND (aid <= 9000000))
         Buffers: shared hit=4
   ->  Seq Scan on pgbench_accounts_3 pgbench_accounts_2  (cost=0.00..78484.00 rows=2500000 width=97) (actual time=0.032..163.701 rows=2500000 loops=1)
         Filter: ((aid >= 5000000) AND (aid <= 9000000))
         Buffers: shared hit=32 read=40952
         I/O Timings: shared read=32.345
   ->  Index Scan using pgbench_accounts_4_pkey on pgbench_accounts_4 pgbench_accounts_3  (cost=0.43..71918.59 rows=1518258 width=97) (actual time=0.020..148.504 rows=1500000 loops=1)
         Index Cond: ((aid >= 5000000) AND (aid <= 9000000))
         Buffers: shared hit=3 read=28689
         I/O Timings: shared read=33.874
 Settings: jit = 'off'
 Planning:
   Buffers: shared hit=20
 Planning Time: 0.271 ms
 Execution Time: 548.488 ms
`,MK=`
/* Query on a pgbench database with 4 partitions,
   only 3 are used */
EXPLAIN (ANALYZE,BUFFERS,SETTINGS)
SELECT * from pgbench_accounts where aid  BETWEEN  5000000 AND 9000000 ;
`,HK=[["Simple join (TEXT format)",_K,$T],["Simple join (JSON format)",EK,$T],["Three joins, missing an index",gK,TK],["Aggregate with four joins",SK,AK],["With subplan",RK,""],["With Buffers",bK,OK],["A single CTE",LK,yK],["Many CTEs",vK,""],["Very large plan",NK,""],["DELETE with triggers",BK,DK],["With many options",CK,wK],["Parallel (verbose)",xK,""],["Parallel (4 workers)",kK,IK],["Partitions",PK,MK]],WK="pev2",UK=1;let gl;const ph={async getDb(){return new Promise((t,e)=>{if(gl)return t(gl);console.log("OPENING DB",gl);const n=window.indexedDB.open(WK,UK);n.onerror=r=>{console.log("Error opening db",r),e("Error")},n.onsuccess=()=>{gl=n.result,t(gl)},n.onupgradeneeded=()=>{console.log("onupgradeneeded"),n.result.createObjectStore("plans",{autoIncrement:!0,keyPath:"id"})}})},async deletePlan(t){const e=await this.getDb();return new Promise(n=>{const r=e.transaction(["plans"],"readwrite");r.oncomplete=()=>{n()},r.objectStore("plans").delete(t.id)})},async getPlans(){const t=await this.getDb();return new Promise(e=>{const n=t.transaction(["plans"],"readonly");n.oncomplete=()=>{e(i)};const r=n.objectStore("plans"),i=[];r.openCursor().onsuccess=o=>{const l=o.target.result;l&&(i.push(l.value),l.continue())}})},async savePlan(t){const e=await this.getDb();return new Promise(n=>{const r=e.transaction(["plans"],"readwrite");r.oncomplete=()=>{n()},r.objectStore("plans").put(t)})}},$K={class:"container"},FK={class:"row mb-3"},VK={class:"col d-flex"},zK={class:"dropdown ms-auto"},GK={class:"dropdown-menu","aria-labelledby":"dropdownMenuButton"},XK=["onClick"],KK={class:"row"},YK={class:"col-sm-7"},qK={class:"mb-3"},jK={class:"mb-3"},JK={class:"mb-3"},QK={class:"col-sm-5 mb-4 mt-4 mt-md-0"},ZK={class:"list-group"},tY={class:"row"},eY={class:"col"},nY=["onClick"],rY=["onClick"],iY=["onClick"],sY={class:"row"},oY={class:"col"},aY={class:"text-secondary"},lY=["title"],cY={key:0,class:"text-secondary text-center"},uY=Ke({__name:"HomeView",setup(t){const e=Oe("setPlanData"),n=le(""),r=le(""),i=le(""),o=le(!1),l=le(!1),c=le();function d(){const k=["","",""];k[0]=i.value||"New Plan - "+new Date().toLocaleString("en-US",{dateStyle:"medium",timeStyle:"medium"}),k[1]=n.value,k[2]=r.value,k[3]=new Date().toISOString(),p(k),e(...k)}async function p(k){await ph.savePlan(k)}yo(()=>{const k=document.getElementsByTagName("textarea");Array.prototype.forEach.call(k,N=>{N.placeholder=N.placeholder.replace(/\\n/g,`
`)});const A=window.location.href.replace(/#.*$/,"");window.history.replaceState("",document.title,A),f()});async function f(){const k=await ph.getPlans();c.value=k.slice().reverse()}function E(k){k&&(i.value=k[0],n.value=k[1],r.value=k[2])}function R(k){e(k[0],k[1],k[2])}function O(k){E(k)}async function I(k){await ph.deletePlan(k),f()}function b(k){const A=k.srcElement;if(!(A instanceof HTMLTextAreaElement)||(o.value=!1,l.value=!1,!k.dataTransfer))return;const N=k.dataTransfer.files[0],K=new FileReader;K.onload=()=>{K.result instanceof ArrayBuffer||(A.value=K.result||"",A.dispatchEvent(new Event("input")))},K.readAsText(N)}return(k,A)=>(w(),Be(tm,null,{default:ze(()=>[v("div",$K,[A[32]||(A[32]=v("div",{class:"alert alert-warning"},[T(`
        This is the demo application for
        `),v("a",{href:"https://github.com/dalibo/pev2"},"PEV2"),T(`. It is serverless and
        doesn't store your plans.
        `),v("br"),T(`
        Please consider using
        `),v("a",{href:"https://explain.dalibo.com"},"explain.dalibo.com"),T(` instead if
        you want to save or share your plans.
      `)],-1)),A[33]||(A[33]=T()),v("div",FK,[v("div",VK,[A[9]||(A[9]=v("div",{class:"text-secondary"},[T(`
            For best results, use
            `),v("code",null,`
              EXPLAIN (ANALYZE, COSTS, VERBOSE, BUFFERS, FORMAT JSON)
            `),T(),v("br"),T(),v("em",null,"psql"),T(` users can export the plan to a file using
            `),v("code",null,"psql -XqAt -f explain.sql > analyze.json")],-1)),A[10]||(A[10]=T()),v("div",zK,[A[7]||(A[7]=v("button",{class:"btn btn-secondary dropdown-toggle",type:"button",id:"dropdownMenuButton","data-bs-toggle":"dropdown","aria-haspopup":"true","aria-expanded":"false"},`
              Sample Plans
            `,-1)),A[8]||(A[8]=T()),v("div",GK,[(w(!0),D($t,null,je(h(HK),(N,K)=>(w(),D("a",{key:K,class:"dropdown-item",onClick:Me(g=>E(N),["prevent"]),href:""},mt(N[0]),9,XK))),128))])])])]),A[34]||(A[34]=T()),v("div",KK,[v("div",YK,[v("form",{onSubmit:Me(d,["prevent"])},[v("div",qK,[A[11]||(A[11]=v("label",{for:"planInput",class:"form-label"},[T(`
                Plan `),v("span",{class:"small text-secondary"},"(text or JSON)")],-1)),A[12]||(A[12]=T()),Se(v("textarea",{class:Pt(["form-control",o.value?"dropzone-over":""]),id:"planInput",rows:"8","onUpdate:modelValue":A[0]||(A[0]=N=>n.value=N),onDragenter:A[1]||(A[1]=N=>o.value=!0),onDragleave:A[2]||(A[2]=N=>o.value=!1),onDrop:Me(b,["prevent"]),placeholder:"Paste execution plan\\nOr drop a file"},"              ",34),[[wp,n.value]])]),A[17]||(A[17]=T()),v("div",jK,[A[13]||(A[13]=v("label",{for:"queryInput",class:"form-label"},[T(`
                Query `),v("span",{class:"small text-secondary"},"(optional)")],-1)),A[14]||(A[14]=T()),Se(v("textarea",{class:Pt(["form-control",l.value?"dropzone-over":""]),id:"queryInput",rows:"8","onUpdate:modelValue":A[3]||(A[3]=N=>r.value=N),onDragenter:A[4]||(A[4]=N=>l.value=!0),onDragleave:A[5]||(A[5]=N=>l.value=!1),onDrop:Me(b,["prevent"]),placeholder:"Paste corresponding SQL query\\nOr drop a file"},"              ",34),[[wp,r.value]])]),A[18]||(A[18]=T()),v("div",JK,[A[15]||(A[15]=v("label",{for:"queryName",class:"form-label"},[T(`
                Plan Name `),v("span",{class:"small text-secondary"},"(optional)")],-1)),A[16]||(A[16]=T()),Se(v("input",{type:"text",class:"form-control",id:"queryName","onUpdate:modelValue":A[6]||(A[6]=N=>i.value=N),placeholder:"Name for the plan"},null,512),[[wp,i.value]])]),A[19]||(A[19]=T()),A[20]||(A[20]=v("button",{type:"submit",class:"btn btn-primary"},"Submit",-1))],32)]),A[31]||(A[31]=T()),v("div",QK,[A[28]||(A[28]=v("div",{class:"mb-2"},"Saved Plans",-1)),A[29]||(A[29]=T()),v("ul",ZK,[(w(!0),D($t,null,je(c.value,N=>(w(),D("li",{class:"list-group-item px-2 py-1",key:N.id},[v("div",tY,[v("div",eY,[v("button",{class:"btn btn-sm btn-outline-secondary py-0 ms-1 float-end",title:"Remove plan from list",onClick:Me(K=>I(N),["prevent"])},[Lt(h(Ae),{icon:h(OH)},null,8,["icon"])],8,nY),A[21]||(A[21]=T()),v("button",{class:"btn btn-sm btn-outline-secondary py-0 float-end",title:"Edit plan details",onClick:Me(K=>O(N),["prevent"])},[Lt(h(Ae),{icon:h(vH)},null,8,["icon"])],8,rY),A[22]||(A[22]=T()),v("a",{onClick:Me(K=>R(N),["prevent"]),href:"",title:"Open the plan details"},mt(N[0]),9,iY)])]),A[26]||(A[26]=T()),v("div",sY,[v("div",oY,[v("small",aY,[A[23]||(A[23]=T(`
                    created
                    `)),v("span",{title:N[3]?.toString()},mt(h(R6)(N[3])),9,lY)])]),A[24]||(A[24]=T()),A[25]||(A[25]=v("div",{class:"col-6 text-end"},null,-1))])]))),128))]),A[30]||(A[30]=T()),c.value?.length?nt("",!0):(w(),D("p",cY,A[27]||(A[27]=[v("em",null," You haven't saved any plan yet.",-1)])))])])])]),_:1}))}}),dY={};function fY(t,e){return"not found"}const pY=Om(dY,[["render",fY]]),hY=Ke({__name:"PlanView",setup(t){const e=Oe("planData");return(n,r)=>(w(),Be(tm,{title:h(e)[2]},{default:ze(()=>[h(e)[0]?(w(),Be(mK,{key:0,"plan-source":h(e)[0],"plan-query":h(e)[1]},null,8,["plan-source","plan-query"])):nt("",!0)]),_:1},8,["title"]))}}),mY=Ke({__name:"App",setup(t){const e={"/":uY,"/about":u3,"/plan":hY},n=le("/");qn("currentPath",n);const r=Dt(()=>e[n.value]||pY),i=["","",""];qn("planData",i);function o(l,c,d){i[0]=c,i[1]=d,i[2]=l,n.value="/plan"}return qn("setPlanData",o),window.setPlanData=o,(l,c)=>(w(),Be(Fw(r.value)))}});$l(mY).mount("#app");</script>
    <style rel="stylesheet" crossorigin>/*!
 * Bootstrap  v5.3.3 (https://getbootstrap.com/)
 * Copyright 2011-2024 The Bootstrap Authors
 * Licensed under MIT (https://github.com/twbs/bootstrap/blob/main/LICENSE)
 */:root,[data-bs-theme=light]{--bs-blue: #0d6efd;--bs-indigo: #6610f2;--bs-purple: #6f42c1;--bs-pink: #d63384;--bs-red: #dc3545;--bs-orange: #fd7e14;--bs-yellow: #ffc107;--bs-green: #198754;--bs-teal: #20c997;--bs-cyan: #0dcaf0;--bs-black: #000;--bs-white: #fff;--bs-gray: #6c757d;--bs-gray-dark: #343a40;--bs-gray-100: #f8f9fa;--bs-gray-200: #e9ecef;--bs-gray-300: #dee2e6;--bs-gray-400: #ced4da;--bs-gray-500: #adb5bd;--bs-gray-600: #6c757d;--bs-gray-700: #495057;--bs-gray-800: #343a40;--bs-gray-900: #212529;--bs-primary: #0d6efd;--bs-secondary: #6c757d;--bs-success: #198754;--bs-info: #0dcaf0;--bs-warning: #ffc107;--bs-danger: #dc3545;--bs-light: #f8f9fa;--bs-dark: #212529;--bs-primary-rgb: 13, 110, 253;--bs-secondary-rgb: 108, 117, 125;--bs-success-rgb: 25, 135, 84;--bs-info-rgb: 13, 202, 240;--bs-warning-rgb: 255, 193, 7;--bs-danger-rgb: 220, 53, 69;--bs-light-rgb: 248, 249, 250;--bs-dark-rgb: 33, 37, 41;--bs-primary-text-emphasis: #052c65;--bs-secondary-text-emphasis: #2b2f32;--bs-success-text-emphasis: #0a3622;--bs-info-text-emphasis: #055160;--bs-warning-text-emphasis: #664d03;--bs-danger-text-emphasis: #58151c;--bs-light-text-emphasis: #495057;--bs-dark-text-emphasis: #495057;--bs-primary-bg-subtle: #cfe2ff;--bs-secondary-bg-subtle: #e2e3e5;--bs-success-bg-subtle: #d1e7dd;--bs-info-bg-subtle: #cff4fc;--bs-warning-bg-subtle: #fff3cd;--bs-danger-bg-subtle: #f8d7da;--bs-light-bg-subtle: #fcfcfd;--bs-dark-bg-subtle: #ced4da;--bs-primary-border-subtle: #9ec5fe;--bs-secondary-border-subtle: #c4c8cb;--bs-success-border-subtle: #a3cfbb;--bs-info-border-subtle: #9eeaf9;--bs-warning-border-subtle: #ffe69c;--bs-danger-border-subtle: #f1aeb5;--bs-light-border-subtle: #e9ecef;--bs-dark-border-subtle: #adb5bd;--bs-white-rgb: 255, 255, 255;--bs-black-rgb: 0, 0, 0;--bs-font-sans-serif: system-ui, -apple-system, "Segoe UI", Roboto, "Helvetica Neue", "Noto Sans", "Liberation Sans", Arial, sans-serif, "Apple Color Emoji", "Segoe UI Emoji", "Segoe UI Symbol", "Noto Color Emoji";--bs-font-monospace: SFMono-Regular, Menlo, Monaco, Consolas, "Liberation Mono", "Courier New", monospace;--bs-gradient: linear-gradient(180deg, rgba(255, 255, 255, .15), rgba(255, 255, 255, 0));--bs-body-font-family: var(--bs-font-sans-serif);--bs-body-font-size: 1rem;--bs-body-font-weight: 400;--bs-body-line-height: 1.5;--bs-body-color: #212529;--bs-body-color-rgb: 33, 37, 41;--bs-body-bg: #fff;--bs-body-bg-rgb: 255, 255, 255;--bs-emphasis-color: #000;--bs-emphasis-color-rgb: 0, 0, 0;--bs-secondary-color: rgba(33, 37, 41, .75);--bs-secondary-color-rgb: 33, 37, 41;--bs-secondary-bg: #e9ecef;--bs-secondary-bg-rgb: 233, 236, 239;--bs-tertiary-color: rgba(33, 37, 41, .5);--bs-tertiary-color-rgb: 33, 37, 41;--bs-tertiary-bg: #f8f9fa;--bs-tertiary-bg-rgb: 248, 249, 250;--bs-heading-color: inherit;--bs-link-color: #0d6efd;--bs-link-color-rgb: 13, 110, 253;--bs-link-decoration: underline;--bs-link-hover-color: #0a58ca;--bs-link-hover-color-rgb: 10, 88, 202;--bs-code-color: #d63384;--bs-highlight-color: #212529;--bs-highlight-bg: #fff3cd;--bs-border-width: 1px;--bs-border-style: solid;--bs-border-color: #dee2e6;--bs-border-color-translucent: rgba(0, 0, 0, .175);--bs-border-radius: .375rem;--bs-border-radius-sm: .25rem;--bs-border-radius-lg: .5rem;--bs-border-radius-xl: 1rem;--bs-border-radius-xxl: 2rem;--bs-border-radius-2xl: var(--bs-border-radius-xxl);--bs-border-radius-pill: 50rem;--bs-box-shadow: 0 .5rem 1rem rgba(0, 0, 0, .15);--bs-box-shadow-sm: 0 .125rem .25rem rgba(0, 0, 0, .075);--bs-box-shadow-lg: 0 1rem 3rem rgba(0, 0, 0, .175);--bs-box-shadow-inset: inset 0 1px 2px rgba(0, 0, 0, .075);--bs-focus-ring-width: .25rem;--bs-focus-ring-opacity: .25;--bs-focus-ring-color: rgba(13, 110, 253, .25);--bs-form-valid-color: #198754;--bs-form-valid-border-color: #198754;--bs-form-invalid-color: #dc3545;--bs-form-invalid-border-color: #dc3545}[data-bs-theme=dark]{color-scheme:dark;--bs-body-color: #dee2e6;--bs-body-color-rgb: 222, 226, 230;--bs-body-bg: #212529;--bs-body-bg-rgb: 33, 37, 41;--bs-emphasis-color: #fff;--bs-emphasis-color-rgb: 255, 255, 255;--bs-secondary-color: rgba(222, 226, 230, .75);--bs-secondary-color-rgb: 222, 226, 230;--bs-secondary-bg: #343a40;--bs-secondary-bg-rgb: 52, 58, 64;--bs-tertiary-color: rgba(222, 226, 230, .5);--bs-tertiary-color-rgb: 222, 226, 230;--bs-tertiary-bg: #2b3035;--bs-tertiary-bg-rgb: 43, 48, 53;--bs-primary-text-emphasis: #6ea8fe;--bs-secondary-text-emphasis: #a7acb1;--bs-success-text-emphasis: #75b798;--bs-info-text-emphasis: #6edff6;--bs-warning-text-emphasis: #ffda6a;--bs-danger-text-emphasis: #ea868f;--bs-light-text-emphasis: #f8f9fa;--bs-dark-text-emphasis: #dee2e6;--bs-primary-bg-subtle: #031633;--bs-secondary-bg-subtle: #161719;--bs-success-bg-subtle: #051b11;--bs-info-bg-subtle: #032830;--bs-warning-bg-subtle: #332701;--bs-danger-bg-subtle: #2c0b0e;--bs-light-bg-subtle: #343a40;--bs-dark-bg-subtle: #1a1d20;--bs-primary-border-subtle: #084298;--bs-secondary-border-subtle: #41464b;--bs-success-border-subtle: #0f5132;--bs-info-border-subtle: #087990;--bs-warning-border-subtle: #997404;--bs-danger-border-subtle: #842029;--bs-light-border-subtle: #495057;--bs-dark-border-subtle: #343a40;--bs-heading-color: inherit;--bs-link-color: #6ea8fe;--bs-link-hover-color: #8bb9fe;--bs-link-color-rgb: 110, 168, 254;--bs-link-hover-color-rgb: 139, 185, 254;--bs-code-color: #e685b5;--bs-highlight-color: #dee2e6;--bs-highlight-bg: #664d03;--bs-border-color: #495057;--bs-border-color-translucent: rgba(255, 255, 255, .15);--bs-form-valid-color: #75b798;--bs-form-valid-border-color: #75b798;--bs-form-invalid-color: #ea868f;--bs-form-invalid-border-color: #ea868f}*,*:before,*:after{box-sizing:border-box}@media (prefers-reduced-motion: no-preference){:root{scroll-behavior:smooth}}body{margin:0;font-family:var(--bs-body-font-family);font-size:var(--bs-body-font-size);font-weight:var(--bs-body-font-weight);line-height:var(--bs-body-line-height);color:var(--bs-body-color);text-align:var(--bs-body-text-align);background-color:var(--bs-body-bg);-webkit-text-size-adjust:100%;-webkit-tap-highlight-color:rgba(0,0,0,0)}hr{margin:1rem 0;color:inherit;border:0;border-top:var(--bs-border-width) solid;opacity:.25}h6,.h6,h5,.h5,h4,.h4,h3,.h3,h2,.h2,h1,.h1{margin-top:0;margin-bottom:.5rem;font-weight:500;line-height:1.2;color:var(--bs-heading-color)}h1,.h1{font-size:calc(1.375rem + 1.5vw)}@media (min-width: 1200px){h1,.h1{font-size:2.5rem}}h2,.h2{font-size:calc(1.325rem + .9vw)}@media (min-width: 1200px){h2,.h2{font-size:2rem}}h3,.h3{font-size:calc(1.3rem + .6vw)}@media (min-width: 1200px){h3,.h3{font-size:1.75rem}}h4,.h4{font-size:calc(1.275rem + .3vw)}@media (min-width: 1200px){h4,.h4{font-size:1.5rem}}h5,.h5{font-size:1.25rem}h6,.h6{font-size:1rem}p{margin-top:0;margin-bottom:1rem}abbr[title]{-webkit-text-decoration:underline dotted;text-decoration:underline dotted;cursor:help;-webkit-text-decoration-skip-ink:none;text-decoration-skip-ink:none}address{margin-bottom:1rem;font-style:normal;line-height:inherit}ol,ul{padding-left:2rem}ol,ul,dl{margin-top:0;margin-bottom:1rem}ol ol,ul ul,ol ul,ul ol{margin-bottom:0}dt{font-weight:700}dd{margin-bottom:.5rem;margin-left:0}blockquote{margin:0 0 1rem}b,strong{font-weight:bolder}small,.small{font-size:.875em}mark,.mark{padding:.1875em;color:var(--bs-highlight-color);background-color:var(--bs-highlight-bg)}sub,sup{position:relative;font-size:.75em;line-height:0;vertical-align:baseline}sub{bottom:-.25em}sup{top:-.5em}a{color:rgba(var(--bs-link-color-rgb),var(--bs-link-opacity, 1));text-decoration:underline}a:hover{--bs-link-color-rgb: var(--bs-link-hover-color-rgb)}a:not([href]):not([class]),a:not([href]):not([class]):hover{color:inherit;text-decoration:none}pre,code,kbd,samp{font-family:var(--bs-font-monospace);font-size:1em}pre{display:block;margin-top:0;margin-bottom:1rem;overflow:auto;font-size:.875em}pre code{font-size:inherit;color:inherit;word-break:normal}code{font-size:.875em;color:var(--bs-code-color);word-wrap:break-word}a>code{color:inherit}kbd{padding:.1875rem .375rem;font-size:.875em;color:var(--bs-body-bg);background-color:var(--bs-body-color);border-radius:.25rem}kbd kbd{padding:0;font-size:1em}figure{margin:0 0 1rem}img,svg{vertical-align:middle}table{caption-side:bottom;border-collapse:collapse}caption{padding-top:.5rem;padding-bottom:.5rem;color:var(--bs-secondary-color);text-align:left}th{text-align:inherit;text-align:-webkit-match-parent}thead,tbody,tfoot,tr,td,th{border-color:inherit;border-style:solid;border-width:0}label{display:inline-block}button{border-radius:0}button:focus:not(:focus-visible){outline:0}input,button,select,optgroup,textarea{margin:0;font-family:inherit;font-size:inherit;line-height:inherit}button,select{text-transform:none}[role=button]{cursor:pointer}select{word-wrap:normal}select:disabled{opacity:1}[list]:not([type=date]):not([type=datetime-local]):not([type=month]):not([type=week]):not([type=time])::-webkit-calendar-picker-indicator{display:none!important}button,[type=button],[type=reset],[type=submit]{-webkit-appearance:button}button:not(:disabled),[type=button]:not(:disabled),[type=reset]:not(:disabled),[type=submit]:not(:disabled){cursor:pointer}::-moz-focus-inner{padding:0;border-style:none}textarea{resize:vertical}fieldset{min-width:0;padding:0;margin:0;border:0}legend{float:left;width:100%;padding:0;margin-bottom:.5rem;font-size:calc(1.275rem + .3vw);line-height:inherit}@media (min-width: 1200px){legend{font-size:1.5rem}}legend+*{clear:left}::-webkit-datetime-edit-fields-wrapper,::-webkit-datetime-edit-text,::-webkit-datetime-edit-minute,::-webkit-datetime-edit-hour-field,::-webkit-datetime-edit-day-field,::-webkit-datetime-edit-month-field,::-webkit-datetime-edit-year-field{padding:0}::-webkit-inner-spin-button{height:auto}[type=search]{-webkit-appearance:textfield;outline-offset:-2px}::-webkit-search-decoration{-webkit-appearance:none}::-webkit-color-swatch-wrapper{padding:0}::-webkit-file-upload-button{font:inherit;-webkit-appearance:button}::file-selector-button{font:inherit;-webkit-appearance:button}output{display:inline-block}iframe{border:0}summary{display:list-item;cursor:pointer}progress{vertical-align:baseline}[hidden]{display:none!important}.lead{font-size:1.25rem;font-weight:300}.display-1{font-size:calc(1.625rem + 4.5vw);font-weight:300;line-height:1.2}@media (min-width: 1200px){.display-1{font-size:5rem}}.display-2{font-size:calc(1.575rem + 3.9vw);font-weight:300;line-height:1.2}@media (min-width: 1200px){.display-2{font-size:4.5rem}}.display-3{font-size:calc(1.525rem + 3.3vw);font-weight:300;line-height:1.2}@media (min-width: 1200px){.display-3{font-size:4rem}}.display-4{font-size:calc(1.475rem + 2.7vw);font-weight:300;line-height:1.2}@media (min-width: 1200px){.display-4{font-size:3.5rem}}.display-5{font-size:calc(1.425rem + 2.1vw);font-weight:300;line-height:1.2}@media (min-width: 1200px){.display-5{font-size:3rem}}.display-6{font-size:calc(1.375rem + 1.5vw);font-weight:300;line-height:1.2}@media (min-width: 1200px){.display-6{font-size:2.5rem}}.list-unstyled,.list-inline{padding-left:0;list-style:none}.list-inline-item{display:inline-block}.list-inline-item:not(:last-child){margin-right:.5rem}.initialism{font-size:.875em;text-transform:uppercase}.blockquote{margin-bottom:1rem;font-size:1.25rem}.blockquote>:last-child{margin-bottom:0}.blockquote-footer{margin-top:-1rem;margin-bottom:1rem;font-size:.875em;color:#6c757d}.blockquote-footer:before{content:"— "}.img-fluid{max-width:100%;height:auto}.img-thumbnail{padding:.25rem;background-color:var(--bs-body-bg);border:var(--bs-border-width) solid var(--bs-border-color);border-radius:var(--bs-border-radius);max-width:100%;height:auto}.figure{display:inline-block}.figure-img{margin-bottom:.5rem;line-height:1}.figure-caption{font-size:.875em;color:var(--bs-secondary-color)}.container,.container-fluid,.container-xxl,.container-xl,.container-lg,.container-md,.container-sm{--bs-gutter-x: 1.5rem;--bs-gutter-y: 0;width:100%;padding-right:calc(var(--bs-gutter-x) * .5);padding-left:calc(var(--bs-gutter-x) * .5);margin-right:auto;margin-left:auto}@media (min-width: 576px){.container-sm,.container{max-width:540px}}@media (min-width: 768px){.container-md,.container-sm,.container{max-width:720px}}@media (min-width: 992px){.container-lg,.container-md,.container-sm,.container{max-width:960px}}@media (min-width: 1200px){.container-xl,.container-lg,.container-md,.container-sm,.container{max-width:1140px}}@media (min-width: 1400px){.container-xxl,.container-xl,.container-lg,.container-md,.container-sm,.container{max-width:1320px}}:root{--bs-breakpoint-xs: 0;--bs-breakpoint-sm: 576px;--bs-breakpoint-md: 768px;--bs-breakpoint-lg: 992px;--bs-breakpoint-xl: 1200px;--bs-breakpoint-xxl: 1400px}.row{--bs-gutter-x: 1.5rem;--bs-gutter-y: 0;display:flex;flex-wrap:wrap;margin-top:calc(-1 * var(--bs-gutter-y));margin-right:calc(-.5 * var(--bs-gutter-x));margin-left:calc(-.5 * var(--bs-gutter-x))}.row>*{flex-shrink:0;width:100%;max-width:100%;padding-right:calc(var(--bs-gutter-x) * .5);padding-left:calc(var(--bs-gutter-x) * .5);margin-top:var(--bs-gutter-y)}.col{flex:1 0 0%}.row-cols-auto>*{flex:0 0 auto;width:auto}.row-cols-1>*{flex:0 0 auto;width:100%}.row-cols-2>*{flex:0 0 auto;width:50%}.row-cols-3>*{flex:0 0 auto;width:33.33333333%}.row-cols-4>*{flex:0 0 auto;width:25%}.row-cols-5>*{flex:0 0 auto;width:20%}.row-cols-6>*{flex:0 0 auto;width:16.66666667%}.col-auto{flex:0 0 auto;width:auto}.col-1{flex:0 0 auto;width:8.33333333%}.col-2{flex:0 0 auto;width:16.66666667%}.col-3{flex:0 0 auto;width:25%}.col-4{flex:0 0 auto;width:33.33333333%}.col-5{flex:0 0 auto;width:41.66666667%}.col-6{flex:0 0 auto;width:50%}.col-7{flex:0 0 auto;width:58.33333333%}.col-8{flex:0 0 auto;width:66.66666667%}.col-9{flex:0 0 auto;width:75%}.col-10{flex:0 0 auto;width:83.33333333%}.col-11{flex:0 0 auto;width:91.66666667%}.col-12{flex:0 0 auto;width:100%}.offset-1{margin-left:8.33333333%}.offset-2{margin-left:16.66666667%}.offset-3{margin-left:25%}.offset-4{margin-left:33.33333333%}.offset-5{margin-left:41.66666667%}.offset-6{margin-left:50%}.offset-7{margin-left:58.33333333%}.offset-8{margin-left:66.66666667%}.offset-9{margin-left:75%}.offset-10{margin-left:83.33333333%}.offset-11{margin-left:91.66666667%}.g-0,.gx-0{--bs-gutter-x: 0}.g-0,.gy-0{--bs-gutter-y: 0}.g-1,.gx-1{--bs-gutter-x: .25rem}.g-1,.gy-1{--bs-gutter-y: .25rem}.g-2,.gx-2{--bs-gutter-x: .5rem}.g-2,.gy-2{--bs-gutter-y: .5rem}.g-3,.gx-3{--bs-gutter-x: 1rem}.g-3,.gy-3{--bs-gutter-y: 1rem}.g-4,.gx-4{--bs-gutter-x: 1.5rem}.g-4,.gy-4{--bs-gutter-y: 1.5rem}.g-5,.gx-5{--bs-gutter-x: 3rem}.g-5,.gy-5{--bs-gutter-y: 3rem}@media (min-width: 576px){.col-sm{flex:1 0 0%}.row-cols-sm-auto>*{flex:0 0 auto;width:auto}.row-cols-sm-1>*{flex:0 0 auto;width:100%}.row-cols-sm-2>*{flex:0 0 auto;width:50%}.row-cols-sm-3>*{flex:0 0 auto;width:33.33333333%}.row-cols-sm-4>*{flex:0 0 auto;width:25%}.row-cols-sm-5>*{flex:0 0 auto;width:20%}.row-cols-sm-6>*{flex:0 0 auto;width:16.66666667%}.col-sm-auto{flex:0 0 auto;width:auto}.col-sm-1{flex:0 0 auto;width:8.33333333%}.col-sm-2{flex:0 0 auto;width:16.66666667%}.col-sm-3{flex:0 0 auto;width:25%}.col-sm-4{flex:0 0 auto;width:33.33333333%}.col-sm-5{flex:0 0 auto;width:41.66666667%}.col-sm-6{flex:0 0 auto;width:50%}.col-sm-7{flex:0 0 auto;width:58.33333333%}.col-sm-8{flex:0 0 auto;width:66.66666667%}.col-sm-9{flex:0 0 auto;width:75%}.col-sm-10{flex:0 0 auto;width:83.33333333%}.col-sm-11{flex:0 0 auto;width:91.66666667%}.col-sm-12{flex:0 0 auto;width:100%}.offset-sm-0{margin-left:0}.offset-sm-1{margin-left:8.33333333%}.offset-sm-2{margin-left:16.66666667%}.offset-sm-3{margin-left:25%}.offset-sm-4{margin-left:33.33333333%}.offset-sm-5{margin-left:41.66666667%}.offset-sm-6{margin-left:50%}.offset-sm-7{margin-left:58.33333333%}.offset-sm-8{margin-left:66.66666667%}.offset-sm-9{margin-left:75%}.offset-sm-10{margin-left:83.33333333%}.offset-sm-11{margin-left:91.66666667%}.g-sm-0,.gx-sm-0{--bs-gutter-x: 0}.g-sm-0,.gy-sm-0{--bs-gutter-y: 0}.g-sm-1,.gx-sm-1{--bs-gutter-x: .25rem}.g-sm-1,.gy-sm-1{--bs-gutter-y: .25rem}.g-sm-2,.gx-sm-2{--bs-gutter-x: .5rem}.g-sm-2,.gy-sm-2{--bs-gutter-y: .5rem}.g-sm-3,.gx-sm-3{--bs-gutter-x: 1rem}.g-sm-3,.gy-sm-3{--bs-gutter-y: 1rem}.g-sm-4,.gx-sm-4{--bs-gutter-x: 1.5rem}.g-sm-4,.gy-sm-4{--bs-gutter-y: 1.5rem}.g-sm-5,.gx-sm-5{--bs-gutter-x: 3rem}.g-sm-5,.gy-sm-5{--bs-gutter-y: 3rem}}@media (min-width: 768px){.col-md{flex:1 0 0%}.row-cols-md-auto>*{flex:0 0 auto;width:auto}.row-cols-md-1>*{flex:0 0 auto;width:100%}.row-cols-md-2>*{flex:0 0 auto;width:50%}.row-cols-md-3>*{flex:0 0 auto;width:33.33333333%}.row-cols-md-4>*{flex:0 0 auto;width:25%}.row-cols-md-5>*{flex:0 0 auto;width:20%}.row-cols-md-6>*{flex:0 0 auto;width:16.66666667%}.col-md-auto{flex:0 0 auto;width:auto}.col-md-1{flex:0 0 auto;width:8.33333333%}.col-md-2{flex:0 0 auto;width:16.66666667%}.col-md-3{flex:0 0 auto;width:25%}.col-md-4{flex:0 0 auto;width:33.33333333%}.col-md-5{flex:0 0 auto;width:41.66666667%}.col-md-6{flex:0 0 auto;width:50%}.col-md-7{flex:0 0 auto;width:58.33333333%}.col-md-8{flex:0 0 auto;width:66.66666667%}.col-md-9{flex:0 0 auto;width:75%}.col-md-10{flex:0 0 auto;width:83.33333333%}.col-md-11{flex:0 0 auto;width:91.66666667%}.col-md-12{flex:0 0 auto;width:100%}.offset-md-0{margin-left:0}.offset-md-1{margin-left:8.33333333%}.offset-md-2{margin-left:16.66666667%}.offset-md-3{margin-left:25%}.offset-md-4{margin-left:33.33333333%}.offset-md-5{margin-left:41.66666667%}.offset-md-6{margin-left:50%}.offset-md-7{margin-left:58.33333333%}.offset-md-8{margin-left:66.66666667%}.offset-md-9{margin-left:75%}.offset-md-10{margin-left:83.33333333%}.offset-md-11{margin-left:91.66666667%}.g-md-0,.gx-md-0{--bs-gutter-x: 0}.g-md-0,.gy-md-0{--bs-gutter-y: 0}.g-md-1,.gx-md-1{--bs-gutter-x: .25rem}.g-md-1,.gy-md-1{--bs-gutter-y: .25rem}.g-md-2,.gx-md-2{--bs-gutter-x: .5rem}.g-md-2,.gy-md-2{--bs-gutter-y: .5rem}.g-md-3,.gx-md-3{--bs-gutter-x: 1rem}.g-md-3,.gy-md-3{--bs-gutter-y: 1rem}.g-md-4,.gx-md-4{--bs-gutter-x: 1.5rem}.g-md-4,.gy-md-4{--bs-gutter-y: 1.5rem}.g-md-5,.gx-md-5{--bs-gutter-x: 3rem}.g-md-5,.gy-md-5{--bs-gutter-y: 3rem}}@media (min-width: 992px){.col-lg{flex:1 0 0%}.row-cols-lg-auto>*{flex:0 0 auto;width:auto}.row-cols-lg-1>*{flex:0 0 auto;width:100%}.row-cols-lg-2>*{flex:0 0 auto;width:50%}.row-cols-lg-3>*{flex:0 0 auto;width:33.33333333%}.row-cols-lg-4>*{flex:0 0 auto;width:25%}.row-cols-lg-5>*{flex:0 0 auto;width:20%}.row-cols-lg-6>*{flex:0 0 auto;width:16.66666667%}.col-lg-auto{flex:0 0 auto;width:auto}.col-lg-1{flex:0 0 auto;width:8.33333333%}.col-lg-2{flex:0 0 auto;width:16.66666667%}.col-lg-3{flex:0 0 auto;width:25%}.col-lg-4{flex:0 0 auto;width:33.33333333%}.col-lg-5{flex:0 0 auto;width:41.66666667%}.col-lg-6{flex:0 0 auto;width:50%}.col-lg-7{flex:0 0 auto;width:58.33333333%}.col-lg-8{flex:0 0 auto;width:66.66666667%}.col-lg-9{flex:0 0 auto;width:75%}.col-lg-10{flex:0 0 auto;width:83.33333333%}.col-lg-11{flex:0 0 auto;width:91.66666667%}.col-lg-12{flex:0 0 auto;width:100%}.offset-lg-0{margin-left:0}.offset-lg-1{margin-left:8.33333333%}.offset-lg-2{margin-left:16.66666667%}.offset-lg-3{margin-left:25%}.offset-lg-4{margin-left:33.33333333%}.offset-lg-5{margin-left:41.66666667%}.offset-lg-6{margin-left:50%}.offset-lg-7{margin-left:58.33333333%}.offset-lg-8{margin-left:66.66666667%}.offset-lg-9{margin-left:75%}.offset-lg-10{margin-left:83.33333333%}.offset-lg-11{margin-left:91.66666667%}.g-lg-0,.gx-lg-0{--bs-gutter-x: 0}.g-lg-0,.gy-lg-0{--bs-gutter-y: 0}.g-lg-1,.gx-lg-1{--bs-gutter-x: .25rem}.g-lg-1,.gy-lg-1{--bs-gutter-y: .25rem}.g-lg-2,.gx-lg-2{--bs-gutter-x: .5rem}.g-lg-2,.gy-lg-2{--bs-gutter-y: .5rem}.g-lg-3,.gx-lg-3{--bs-gutter-x: 1rem}.g-lg-3,.gy-lg-3{--bs-gutter-y: 1rem}.g-lg-4,.gx-lg-4{--bs-gutter-x: 1.5rem}.g-lg-4,.gy-lg-4{--bs-gutter-y: 1.5rem}.g-lg-5,.gx-lg-5{--bs-gutter-x: 3rem}.g-lg-5,.gy-lg-5{--bs-gutter-y: 3rem}}@media (min-width: 1200px){.col-xl{flex:1 0 0%}.row-cols-xl-auto>*{flex:0 0 auto;width:auto}.row-cols-xl-1>*{flex:0 0 auto;width:100%}.row-cols-xl-2>*{flex:0 0 auto;width:50%}.row-cols-xl-3>*{flex:0 0 auto;width:33.33333333%}.row-cols-xl-4>*{flex:0 0 auto;width:25%}.row-cols-xl-5>*{flex:0 0 auto;width:20%}.row-cols-xl-6>*{flex:0 0 auto;width:16.66666667%}.col-xl-auto{flex:0 0 auto;width:auto}.col-xl-1{flex:0 0 auto;width:8.33333333%}.col-xl-2{flex:0 0 auto;width:16.66666667%}.col-xl-3{flex:0 0 auto;width:25%}.col-xl-4{flex:0 0 auto;width:33.33333333%}.col-xl-5{flex:0 0 auto;width:41.66666667%}.col-xl-6{flex:0 0 auto;width:50%}.col-xl-7{flex:0 0 auto;width:58.33333333%}.col-xl-8{flex:0 0 auto;width:66.66666667%}.col-xl-9{flex:0 0 auto;width:75%}.col-xl-10{flex:0 0 auto;width:83.33333333%}.col-xl-11{flex:0 0 auto;width:91.66666667%}.col-xl-12{flex:0 0 auto;width:100%}.offset-xl-0{margin-left:0}.offset-xl-1{margin-left:8.33333333%}.offset-xl-2{margin-left:16.66666667%}.offset-xl-3{margin-left:25%}.offset-xl-4{margin-left:33.33333333%}.offset-xl-5{margin-left:41.66666667%}.offset-xl-6{margin-left:50%}.offset-xl-7{margin-left:58.33333333%}.offset-xl-8{margin-left:66.66666667%}.offset-xl-9{margin-left:75%}.offset-xl-10{margin-left:83.33333333%}.offset-xl-11{margin-left:91.66666667%}.g-xl-0,.gx-xl-0{--bs-gutter-x: 0}.g-xl-0,.gy-xl-0{--bs-gutter-y: 0}.g-xl-1,.gx-xl-1{--bs-gutter-x: .25rem}.g-xl-1,.gy-xl-1{--bs-gutter-y: .25rem}.g-xl-2,.gx-xl-2{--bs-gutter-x: .5rem}.g-xl-2,.gy-xl-2{--bs-gutter-y: .5rem}.g-xl-3,.gx-xl-3{--bs-gutter-x: 1rem}.g-xl-3,.gy-xl-3{--bs-gutter-y: 1rem}.g-xl-4,.gx-xl-4{--bs-gutter-x: 1.5rem}.g-xl-4,.gy-xl-4{--bs-gutter-y: 1.5rem}.g-xl-5,.gx-xl-5{--bs-gutter-x: 3rem}.g-xl-5,.gy-xl-5{--bs-gutter-y: 3rem}}@media (min-width: 1400px){.col-xxl{flex:1 0 0%}.row-cols-xxl-auto>*{flex:0 0 auto;width:auto}.row-cols-xxl-1>*{flex:0 0 auto;width:100%}.row-cols-xxl-2>*{flex:0 0 auto;width:50%}.row-cols-xxl-3>*{flex:0 0 auto;width:33.33333333%}.row-cols-xxl-4>*{flex:0 0 auto;width:25%}.row-cols-xxl-5>*{flex:0 0 auto;width:20%}.row-cols-xxl-6>*{flex:0 0 auto;width:16.66666667%}.col-xxl-auto{flex:0 0 auto;width:auto}.col-xxl-1{flex:0 0 auto;width:8.33333333%}.col-xxl-2{flex:0 0 auto;width:16.66666667%}.col-xxl-3{flex:0 0 auto;width:25%}.col-xxl-4{flex:0 0 auto;width:33.33333333%}.col-xxl-5{flex:0 0 auto;width:41.66666667%}.col-xxl-6{flex:0 0 auto;width:50%}.col-xxl-7{flex:0 0 auto;width:58.33333333%}.col-xxl-8{flex:0 0 auto;width:66.66666667%}.col-xxl-9{flex:0 0 auto;width:75%}.col-xxl-10{flex:0 0 auto;width:83.33333333%}.col-xxl-11{flex:0 0 auto;width:91.66666667%}.col-xxl-12{flex:0 0 auto;width:100%}.offset-xxl-0{margin-left:0}.offset-xxl-1{margin-left:8.33333333%}.offset-xxl-2{margin-left:16.66666667%}.offset-xxl-3{margin-left:25%}.offset-xxl-4{margin-left:33.33333333%}.offset-xxl-5{margin-left:41.66666667%}.offset-xxl-6{margin-left:50%}.offset-xxl-7{margin-left:58.33333333%}.offset-xxl-8{margin-left:66.66666667%}.offset-xxl-9{margin-left:75%}.offset-xxl-10{margin-left:83.33333333%}.offset-xxl-11{margin-left:91.66666667%}.g-xxl-0,.gx-xxl-0{--bs-gutter-x: 0}.g-xxl-0,.gy-xxl-0{--bs-gutter-y: 0}.g-xxl-1,.gx-xxl-1{--bs-gutter-x: .25rem}.g-xxl-1,.gy-xxl-1{--bs-gutter-y: .25rem}.g-xxl-2,.gx-xxl-2{--bs-gutter-x: .5rem}.g-xxl-2,.gy-xxl-2{--bs-gutter-y: .5rem}.g-xxl-3,.gx-xxl-3{--bs-gutter-x: 1rem}.g-xxl-3,.gy-xxl-3{--bs-gutter-y: 1rem}.g-xxl-4,.gx-xxl-4{--bs-gutter-x: 1.5rem}.g-xxl-4,.gy-xxl-4{--bs-gutter-y: 1.5rem}.g-xxl-5,.gx-xxl-5{--bs-gutter-x: 3rem}.g-xxl-5,.gy-xxl-5{--bs-gutter-y: 3rem}}.table{--bs-table-color-type: initial;--bs-table-bg-type: initial;--bs-table-color-state: initial;--bs-table-bg-state: initial;--bs-table-color: var(--bs-emphasis-color);--bs-table-bg: var(--bs-body-bg);--bs-table-border-color: var(--bs-border-color);--bs-table-accent-bg: transparent;--bs-table-striped-color: var(--bs-emphasis-color);--bs-table-striped-bg: rgba(var(--bs-emphasis-color-rgb), .05);--bs-table-active-color: var(--bs-emphasis-color);--bs-table-active-bg: rgba(var(--bs-emphasis-color-rgb), .1);--bs-table-hover-color: var(--bs-emphasis-color);--bs-table-hover-bg: rgba(var(--bs-emphasis-color-rgb), .075);width:100%;margin-bottom:1rem;vertical-align:top;border-color:var(--bs-table-border-color)}.table>:not(caption)>*>*{padding:.5rem;color:var(--bs-table-color-state, var(--bs-table-color-type, var(--bs-table-color)));background-color:var(--bs-table-bg);border-bottom-width:var(--bs-border-width);box-shadow:inset 0 0 0 9999px var(--bs-table-bg-state, var(--bs-table-bg-type, var(--bs-table-accent-bg)))}.table>tbody{vertical-align:inherit}.table>thead{vertical-align:bottom}.table-group-divider{border-top:calc(var(--bs-border-width) * 2) solid currentcolor}.caption-top{caption-side:top}.table-sm>:not(caption)>*>*{padding:.25rem}.table-bordered>:not(caption)>*{border-width:var(--bs-border-width) 0}.table-bordered>:not(caption)>*>*{border-width:0 var(--bs-border-width)}.table-borderless>:not(caption)>*>*{border-bottom-width:0}.table-borderless>:not(:first-child){border-top-width:0}.table-striped>tbody>tr:nth-of-type(odd)>*{--bs-table-color-type: var(--bs-table-striped-color);--bs-table-bg-type: var(--bs-table-striped-bg)}.table-striped-columns>:not(caption)>tr>:nth-child(2n){--bs-table-color-type: var(--bs-table-striped-color);--bs-table-bg-type: var(--bs-table-striped-bg)}.table-active{--bs-table-color-state: var(--bs-table-active-color);--bs-table-bg-state: var(--bs-table-active-bg)}.table-hover>tbody>tr:hover>*{--bs-table-color-state: var(--bs-table-hover-color);--bs-table-bg-state: var(--bs-table-hover-bg)}.table-primary{--bs-table-color: #000;--bs-table-bg: #cfe2ff;--bs-table-border-color: #a6b5cc;--bs-table-striped-bg: #c5d7f2;--bs-table-striped-color: #000;--bs-table-active-bg: #bacbe6;--bs-table-active-color: #000;--bs-table-hover-bg: #bfd1ec;--bs-table-hover-color: #000;color:var(--bs-table-color);border-color:var(--bs-table-border-color)}.table-secondary{--bs-table-color: #000;--bs-table-bg: #e2e3e5;--bs-table-border-color: #b5b6b7;--bs-table-striped-bg: #d7d8da;--bs-table-striped-color: #000;--bs-table-active-bg: #cbccce;--bs-table-active-color: #000;--bs-table-hover-bg: #d1d2d4;--bs-table-hover-color: #000;color:var(--bs-table-color);border-color:var(--bs-table-border-color)}.table-success{--bs-table-color: #000;--bs-table-bg: #d1e7dd;--bs-table-border-color: #a7b9b1;--bs-table-striped-bg: #c7dbd2;--bs-table-striped-color: #000;--bs-table-active-bg: #bcd0c7;--bs-table-active-color: #000;--bs-table-hover-bg: #c1d6cc;--bs-table-hover-color: #000;color:var(--bs-table-color);border-color:var(--bs-table-border-color)}.table-info{--bs-table-color: #000;--bs-table-bg: #cff4fc;--bs-table-border-color: #a6c3ca;--bs-table-striped-bg: #c5e8ef;--bs-table-striped-color: #000;--bs-table-active-bg: #badce3;--bs-table-active-color: #000;--bs-table-hover-bg: #bfe2e9;--bs-table-hover-color: #000;color:var(--bs-table-color);border-color:var(--bs-table-border-color)}.table-warning{--bs-table-color: #000;--bs-table-bg: #fff3cd;--bs-table-border-color: #ccc2a4;--bs-table-striped-bg: #f2e7c3;--bs-table-striped-color: #000;--bs-table-active-bg: #e6dbb9;--bs-table-active-color: #000;--bs-table-hover-bg: #ece1be;--bs-table-hover-color: #000;color:var(--bs-table-color);border-color:var(--bs-table-border-color)}.table-danger{--bs-table-color: #000;--bs-table-bg: #f8d7da;--bs-table-border-color: #c6acae;--bs-table-striped-bg: #eccccf;--bs-table-striped-color: #000;--bs-table-active-bg: #dfc2c4;--bs-table-active-color: #000;--bs-table-hover-bg: #e5c7ca;--bs-table-hover-color: #000;color:var(--bs-table-color);border-color:var(--bs-table-border-color)}.table-light{--bs-table-color: #000;--bs-table-bg: #f8f9fa;--bs-table-border-color: #c6c7c8;--bs-table-striped-bg: #ecedee;--bs-table-striped-color: #000;--bs-table-active-bg: #dfe0e1;--bs-table-active-color: #000;--bs-table-hover-bg: #e5e6e7;--bs-table-hover-color: #000;color:var(--bs-table-color);border-color:var(--bs-table-border-color)}.table-dark{--bs-table-color: #fff;--bs-table-bg: #212529;--bs-table-border-color: #4d5154;--bs-table-striped-bg: #2c3034;--bs-table-striped-color: #fff;--bs-table-active-bg: #373b3e;--bs-table-active-color: #fff;--bs-table-hover-bg: #323539;--bs-table-hover-color: #fff;color:var(--bs-table-color);border-color:var(--bs-table-border-color)}.table-responsive{overflow-x:auto;-webkit-overflow-scrolling:touch}@media (max-width: 575.98px){.table-responsive-sm{overflow-x:auto;-webkit-overflow-scrolling:touch}}@media (max-width: 767.98px){.table-responsive-md{overflow-x:auto;-webkit-overflow-scrolling:touch}}@media (max-width: 991.98px){.table-responsive-lg{overflow-x:auto;-webkit-overflow-scrolling:touch}}@media (max-width: 1199.98px){.table-responsive-xl{overflow-x:auto;-webkit-overflow-scrolling:touch}}@media (max-width: 1399.98px){.table-responsive-xxl{overflow-x:auto;-webkit-overflow-scrolling:touch}}.form-label{margin-bottom:.5rem}.col-form-label{padding-top:calc(.375rem + var(--bs-border-width));padding-bottom:calc(.375rem + var(--bs-border-width));margin-bottom:0;font-size:inherit;line-height:1.5}.col-form-label-lg{padding-top:calc(.5rem + var(--bs-border-width));padding-bottom:calc(.5rem + var(--bs-border-width));font-size:1.25rem}.col-form-label-sm{padding-top:calc(.25rem + var(--bs-border-width));padding-bottom:calc(.25rem + var(--bs-border-width));font-size:.875rem}.form-text{margin-top:.25rem;font-size:.875em;color:var(--bs-secondary-color)}.form-control{display:block;width:100%;padding:.375rem .75rem;font-size:1rem;font-weight:400;line-height:1.5;color:var(--bs-body-color);-webkit-appearance:none;-moz-appearance:none;appearance:none;background-color:var(--bs-body-bg);background-clip:padding-box;border:var(--bs-border-width) solid var(--bs-border-color);border-radius:var(--bs-border-radius);transition:border-color .15s ease-in-out,box-shadow .15s ease-in-out}@media (prefers-reduced-motion: reduce){.form-control{transition:none}}.form-control[type=file]{overflow:hidden}.form-control[type=file]:not(:disabled):not([readonly]){cursor:pointer}.form-control:focus{color:var(--bs-body-color);background-color:var(--bs-body-bg);border-color:#86b7fe;outline:0;box-shadow:0 0 0 .25rem #0d6efd40}.form-control::-webkit-date-and-time-value{min-width:85px;height:1.5em;margin:0}.form-control::-webkit-datetime-edit{display:block;padding:0}.form-control::-moz-placeholder{color:var(--bs-secondary-color);opacity:1}.form-control::placeholder{color:var(--bs-secondary-color);opacity:1}.form-control:disabled{background-color:var(--bs-secondary-bg);opacity:1}.form-control::-webkit-file-upload-button{padding:.375rem .75rem;margin:-.375rem -.75rem;-webkit-margin-end:.75rem;margin-inline-end:.75rem;color:var(--bs-body-color);background-color:var(--bs-tertiary-bg);pointer-events:none;border-color:inherit;border-style:solid;border-width:0;border-inline-end-width:var(--bs-border-width);border-radius:0;-webkit-transition:color .15s ease-in-out,background-color .15s ease-in-out,border-color .15s ease-in-out,box-shadow .15s ease-in-out;transition:color .15s ease-in-out,background-color .15s ease-in-out,border-color .15s ease-in-out,box-shadow .15s ease-in-out}.form-control::file-selector-button{padding:.375rem .75rem;margin:-.375rem -.75rem;-webkit-margin-end:.75rem;margin-inline-end:.75rem;color:var(--bs-body-color);background-color:var(--bs-tertiary-bg);pointer-events:none;border-color:inherit;border-style:solid;border-width:0;border-inline-end-width:var(--bs-border-width);border-radius:0;transition:color .15s ease-in-out,background-color .15s ease-in-out,border-color .15s ease-in-out,box-shadow .15s ease-in-out}@media (prefers-reduced-motion: reduce){.form-control::-webkit-file-upload-button{-webkit-transition:none;transition:none}.form-control::file-selector-button{transition:none}}.form-control:hover:not(:disabled):not([readonly])::-webkit-file-upload-button{background-color:var(--bs-secondary-bg)}.form-control:hover:not(:disabled):not([readonly])::file-selector-button{background-color:var(--bs-secondary-bg)}.form-control-plaintext{display:block;width:100%;padding:.375rem 0;margin-bottom:0;line-height:1.5;color:var(--bs-body-color);background-color:transparent;border:solid transparent;border-width:var(--bs-border-width) 0}.form-control-plaintext:focus{outline:0}.form-control-plaintext.form-control-sm,.form-control-plaintext.form-control-lg{padding-right:0;padding-left:0}.form-control-sm{min-height:calc(1.5em + .5rem + calc(var(--bs-border-width) * 2));padding:.25rem .5rem;font-size:.875rem;border-radius:var(--bs-border-radius-sm)}.form-control-sm::-webkit-file-upload-button{padding:.25rem .5rem;margin:-.25rem -.5rem;-webkit-margin-end:.5rem;margin-inline-end:.5rem}.form-control-sm::file-selector-button{padding:.25rem .5rem;margin:-.25rem -.5rem;-webkit-margin-end:.5rem;margin-inline-end:.5rem}.form-control-lg{min-height:calc(1.5em + 1rem + calc(var(--bs-border-width) * 2));padding:.5rem 1rem;font-size:1.25rem;border-radius:var(--bs-border-radius-lg)}.form-control-lg::-webkit-file-upload-button{padding:.5rem 1rem;margin:-.5rem -1rem;-webkit-margin-end:1rem;margin-inline-end:1rem}.form-control-lg::file-selector-button{padding:.5rem 1rem;margin:-.5rem -1rem;-webkit-margin-end:1rem;margin-inline-end:1rem}textarea.form-control{min-height:calc(1.5em + .75rem + calc(var(--bs-border-width) * 2))}textarea.form-control-sm{min-height:calc(1.5em + .5rem + calc(var(--bs-border-width) * 2))}textarea.form-control-lg{min-height:calc(1.5em + 1rem + calc(var(--bs-border-width) * 2))}.form-control-color{width:3rem;height:calc(1.5em + .75rem + calc(var(--bs-border-width) * 2));padding:.375rem}.form-control-color:not(:disabled):not([readonly]){cursor:pointer}.form-control-color::-moz-color-swatch{border:0!important;border-radius:var(--bs-border-radius)}.form-control-color::-webkit-color-swatch{border:0!important;border-radius:var(--bs-border-radius)}.form-control-color.form-control-sm{height:calc(1.5em + .5rem + calc(var(--bs-border-width) * 2))}.form-control-color.form-control-lg{height:calc(1.5em + 1rem + calc(var(--bs-border-width) * 2))}.form-select{--bs-form-select-bg-img: url("data:image/svg+xml,%3csvg xmlns='http://www.w3.org/2000/svg' viewBox='0 0 16 16'%3e%3cpath fill='none' stroke='%23343a40' stroke-linecap='round' stroke-linejoin='round' stroke-width='2' d='m2 5 6 6 6-6'/%3e%3c/svg%3e");display:block;width:100%;padding:.375rem 2.25rem .375rem .75rem;font-size:1rem;font-weight:400;line-height:1.5;color:var(--bs-body-color);-webkit-appearance:none;-moz-appearance:none;appearance:none;background-color:var(--bs-body-bg);background-image:var(--bs-form-select-bg-img),var(--bs-form-select-bg-icon, none);background-repeat:no-repeat;background-position:right .75rem center;background-size:16px 12px;border:var(--bs-border-width) solid var(--bs-border-color);border-radius:var(--bs-border-radius);transition:border-color .15s ease-in-out,box-shadow .15s ease-in-out}@media (prefers-reduced-motion: reduce){.form-select{transition:none}}.form-select:focus{border-color:#86b7fe;outline:0;box-shadow:0 0 0 .25rem #0d6efd40}.form-select[multiple],.form-select[size]:not([size="1"]){padding-right:.75rem;background-image:none}.form-select:disabled{background-color:var(--bs-secondary-bg)}.form-select:-moz-focusring{color:transparent;text-shadow:0 0 0 var(--bs-body-color)}.form-select-sm{padding-top:.25rem;padding-bottom:.25rem;padding-left:.5rem;font-size:.875rem;border-radius:var(--bs-border-radius-sm)}.form-select-lg{padding-top:.5rem;padding-bottom:.5rem;padding-left:1rem;font-size:1.25rem;border-radius:var(--bs-border-radius-lg)}[data-bs-theme=dark] .form-select{--bs-form-select-bg-img: url("data:image/svg+xml,%3csvg xmlns='http://www.w3.org/2000/svg' viewBox='0 0 16 16'%3e%3cpath fill='none' stroke='%23dee2e6' stroke-linecap='round' stroke-linejoin='round' stroke-width='2' d='m2 5 6 6 6-6'/%3e%3c/svg%3e")}.form-check{display:block;min-height:1.5rem;padding-left:1.5em;margin-bottom:.125rem}.form-check .form-check-input{float:left;margin-left:-1.5em}.form-check-reverse{padding-right:1.5em;padding-left:0;text-align:right}.form-check-reverse .form-check-input{float:right;margin-right:-1.5em;margin-left:0}.form-check-input{--bs-form-check-bg: var(--bs-body-bg);flex-shrink:0;width:1em;height:1em;margin-top:.25em;vertical-align:top;-webkit-appearance:none;-moz-appearance:none;appearance:none;background-color:var(--bs-form-check-bg);background-image:var(--bs-form-check-bg-image);background-repeat:no-repeat;background-position:center;background-size:contain;border:var(--bs-border-width) solid var(--bs-border-color);-webkit-print-color-adjust:exact;color-adjust:exact;print-color-adjust:exact}.form-check-input[type=checkbox]{border-radius:.25em}.form-check-input[type=radio]{border-radius:50%}.form-check-input:active{filter:brightness(90%)}.form-check-input:focus{border-color:#86b7fe;outline:0;box-shadow:0 0 0 .25rem #0d6efd40}.form-check-input:checked{background-color:#0d6efd;border-color:#0d6efd}.form-check-input:checked[type=checkbox]{--bs-form-check-bg-image: url("data:image/svg+xml,%3csvg xmlns='http://www.w3.org/2000/svg' viewBox='0 0 20 20'%3e%3cpath fill='none' stroke='%23fff' stroke-linecap='round' stroke-linejoin='round' stroke-width='3' d='m6 10 3 3 6-6'/%3e%3c/svg%3e")}.form-check-input:checked[type=radio]{--bs-form-check-bg-image: url("data:image/svg+xml,%3csvg xmlns='http://www.w3.org/2000/svg' viewBox='-4 -4 8 8'%3e%3ccircle r='2' fill='%23fff'/%3e%3c/svg%3e")}.form-check-input[type=checkbox]:indeterminate{background-color:#0d6efd;border-color:#0d6efd;--bs-form-check-bg-image: url("data:image/svg+xml,%3csvg xmlns='http://www.w3.org/2000/svg' viewBox='0 0 20 20'%3e%3cpath fill='none' stroke='%23fff' stroke-linecap='round' stroke-linejoin='round' stroke-width='3' d='M6 10h8'/%3e%3c/svg%3e")}.form-check-input:disabled{pointer-events:none;filter:none;opacity:.5}.form-check-input[disabled]~.form-check-label,.form-check-input:disabled~.form-check-label{cursor:default;opacity:.5}.form-switch{padding-left:2.5em}.form-switch .form-check-input{--bs-form-switch-bg: url("data:image/svg+xml,%3csvg xmlns='http://www.w3.org/2000/svg' viewBox='-4 -4 8 8'%3e%3ccircle r='3' fill='rgba%280, 0, 0, 0.25%29'/%3e%3c/svg%3e");width:2em;margin-left:-2.5em;background-image:var(--bs-form-switch-bg);background-position:left center;border-radius:2em;transition:background-position .15s ease-in-out}@media (prefers-reduced-motion: reduce){.form-switch .form-check-input{transition:none}}.form-switch .form-check-input:focus{--bs-form-switch-bg: url("data:image/svg+xml,%3csvg xmlns='http://www.w3.org/2000/svg' viewBox='-4 -4 8 8'%3e%3ccircle r='3' fill='%2386b7fe'/%3e%3c/svg%3e")}.form-switch .form-check-input:checked{background-position:right center;--bs-form-switch-bg: url("data:image/svg+xml,%3csvg xmlns='http://www.w3.org/2000/svg' viewBox='-4 -4 8 8'%3e%3ccircle r='3' fill='%23fff'/%3e%3c/svg%3e")}.form-switch.form-check-reverse{padding-right:2.5em;padding-left:0}.form-switch.form-check-reverse .form-check-input{margin-right:-2.5em;margin-left:0}.form-check-inline{display:inline-block;margin-right:1rem}.btn-check{position:absolute;clip:rect(0,0,0,0);pointer-events:none}.btn-check[disabled]+.btn,.btn-check:disabled+.btn{pointer-events:none;filter:none;opacity:.65}[data-bs-theme=dark] .form-switch .form-check-input:not(:checked):not(:focus){--bs-form-switch-bg: url("data:image/svg+xml,%3csvg xmlns='http://www.w3.org/2000/svg' viewBox='-4 -4 8 8'%3e%3ccircle r='3' fill='rgba%28255, 255, 255, 0.25%29'/%3e%3c/svg%3e")}.form-range{width:100%;height:1.5rem;padding:0;-webkit-appearance:none;-moz-appearance:none;appearance:none;background-color:transparent}.form-range:focus{outline:0}.form-range:focus::-webkit-slider-thumb{box-shadow:0 0 0 1px #fff,0 0 0 .25rem #0d6efd40}.form-range:focus::-moz-range-thumb{box-shadow:0 0 0 1px #fff,0 0 0 .25rem #0d6efd40}.form-range::-moz-focus-outer{border:0}.form-range::-webkit-slider-thumb{width:1rem;height:1rem;margin-top:-.25rem;-webkit-appearance:none;appearance:none;background-color:#0d6efd;border:0;border-radius:1rem;-webkit-transition:background-color .15s ease-in-out,border-color .15s ease-in-out,box-shadow .15s ease-in-out;transition:background-color .15s ease-in-out,border-color .15s ease-in-out,box-shadow .15s ease-in-out}@media (prefers-reduced-motion: reduce){.form-range::-webkit-slider-thumb{-webkit-transition:none;transition:none}}.form-range::-webkit-slider-thumb:active{background-color:#b6d4fe}.form-range::-webkit-slider-runnable-track{width:100%;height:.5rem;color:transparent;cursor:pointer;background-color:var(--bs-secondary-bg);border-color:transparent;border-radius:1rem}.form-range::-moz-range-thumb{width:1rem;height:1rem;-moz-appearance:none;appearance:none;background-color:#0d6efd;border:0;border-radius:1rem;-moz-transition:background-color .15s ease-in-out,border-color .15s ease-in-out,box-shadow .15s ease-in-out;transition:background-color .15s ease-in-out,border-color .15s ease-in-out,box-shadow .15s ease-in-out}@media (prefers-reduced-motion: reduce){.form-range::-moz-range-thumb{-moz-transition:none;transition:none}}.form-range::-moz-range-thumb:active{background-color:#b6d4fe}.form-range::-moz-range-track{width:100%;height:.5rem;color:transparent;cursor:pointer;background-color:var(--bs-secondary-bg);border-color:transparent;border-radius:1rem}.form-range:disabled{pointer-events:none}.form-range:disabled::-webkit-slider-thumb{background-color:var(--bs-secondary-color)}.form-range:disabled::-moz-range-thumb{background-color:var(--bs-secondary-color)}.form-floating{position:relative}.form-floating>.form-control,.form-floating>.form-control-plaintext,.form-floating>.form-select{height:calc(3.5rem + calc(var(--bs-border-width) * 2));min-height:calc(3.5rem + calc(var(--bs-border-width) * 2));line-height:1.25}.form-floating>label{position:absolute;top:0;left:0;z-index:2;height:100%;padding:1rem .75rem;overflow:hidden;text-align:start;text-overflow:ellipsis;white-space:nowrap;pointer-events:none;border:var(--bs-border-width) solid transparent;transform-origin:0 0;transition:opacity .1s ease-in-out,transform .1s ease-in-out}@media (prefers-reduced-motion: reduce){.form-floating>label{transition:none}}.form-floating>.form-control,.form-floating>.form-control-plaintext{padding:1rem .75rem}.form-floating>.form-control::-moz-placeholder,.form-floating>.form-control-plaintext::-moz-placeholder{color:transparent}.form-floating>.form-control::placeholder,.form-floating>.form-control-plaintext::placeholder{color:transparent}.form-floating>.form-control:not(:-moz-placeholder-shown),.form-floating>.form-control-plaintext:not(:-moz-placeholder-shown){padding-top:1.625rem;padding-bottom:.625rem}.form-floating>.form-control:focus,.form-floating>.form-control:not(:placeholder-shown),.form-floating>.form-control-plaintext:focus,.form-floating>.form-control-plaintext:not(:placeholder-shown){padding-top:1.625rem;padding-bottom:.625rem}.form-floating>.form-control:-webkit-autofill,.form-floating>.form-control-plaintext:-webkit-autofill{padding-top:1.625rem;padding-bottom:.625rem}.form-floating>.form-select{padding-top:1.625rem;padding-bottom:.625rem}.form-floating>.form-control:not(:-moz-placeholder-shown)~label{color:rgba(var(--bs-body-color-rgb),.65);transform:scale(.85) translateY(-.5rem) translate(.15rem)}.form-floating>.form-control:focus~label,.form-floating>.form-control:not(:placeholder-shown)~label,.form-floating>.form-control-plaintext~label,.form-floating>.form-select~label{color:rgba(var(--bs-body-color-rgb),.65);transform:scale(.85) translateY(-.5rem) translate(.15rem)}.form-floating>.form-control:not(:-moz-placeholder-shown)~label:after{position:absolute;inset:1rem .375rem;z-index:-1;height:1.5em;content:"";background-color:var(--bs-body-bg);border-radius:var(--bs-border-radius)}.form-floating>.form-control:focus~label:after,.form-floating>.form-control:not(:placeholder-shown)~label:after,.form-floating>.form-control-plaintext~label:after,.form-floating>.form-select~label:after{position:absolute;inset:1rem .375rem;z-index:-1;height:1.5em;content:"";background-color:var(--bs-body-bg);border-radius:var(--bs-border-radius)}.form-floating>.form-control:-webkit-autofill~label{color:rgba(var(--bs-body-color-rgb),.65);transform:scale(.85) translateY(-.5rem) translate(.15rem)}.form-floating>.form-control-plaintext~label{border-width:var(--bs-border-width) 0}.form-floating>:disabled~label,.form-floating>.form-control:disabled~label{color:#6c757d}.form-floating>:disabled~label:after,.form-floating>.form-control:disabled~label:after{background-color:var(--bs-secondary-bg)}.input-group{position:relative;display:flex;flex-wrap:wrap;align-items:stretch;width:100%}.input-group>.form-control,.input-group>.form-select,.input-group>.form-floating{position:relative;flex:1 1 auto;width:1%;min-width:0}.input-group>.form-control:focus,.input-group>.form-select:focus,.input-group>.form-floating:focus-within{z-index:5}.input-group .btn{position:relative;z-index:2}.input-group .btn:focus{z-index:5}.input-group-text{display:flex;align-items:center;padding:.375rem .75rem;font-size:1rem;font-weight:400;line-height:1.5;color:var(--bs-body-color);text-align:center;white-space:nowrap;background-color:var(--bs-tertiary-bg);border:var(--bs-border-width) solid var(--bs-border-color);border-radius:var(--bs-border-radius)}.input-group-lg>.form-control,.input-group-lg>.form-select,.input-group-lg>.input-group-text,.input-group-lg>.btn{padding:.5rem 1rem;font-size:1.25rem;border-radius:var(--bs-border-radius-lg)}.input-group-sm>.form-control,.input-group-sm>.form-select,.input-group-sm>.input-group-text,.input-group-sm>.btn{padding:.25rem .5rem;font-size:.875rem;border-radius:var(--bs-border-radius-sm)}.input-group-lg>.form-select,.input-group-sm>.form-select{padding-right:3rem}.input-group:not(.has-validation)>:not(:last-child):not(.dropdown-toggle):not(.dropdown-menu):not(.form-floating),.input-group:not(.has-validation)>.dropdown-toggle:nth-last-child(n+3),.input-group:not(.has-validation)>.form-floating:not(:last-child)>.form-control,.input-group:not(.has-validation)>.form-floating:not(:last-child)>.form-select{border-top-right-radius:0;border-bottom-right-radius:0}.input-group.has-validation>:nth-last-child(n+3):not(.dropdown-toggle):not(.dropdown-menu):not(.form-floating),.input-group.has-validation>.dropdown-toggle:nth-last-child(n+4),.input-group.has-validation>.form-floating:nth-last-child(n+3)>.form-control,.input-group.has-validation>.form-floating:nth-last-child(n+3)>.form-select{border-top-right-radius:0;border-bottom-right-radius:0}.input-group>:not(:first-child):not(.dropdown-menu):not(.valid-tooltip):not(.valid-feedback):not(.invalid-tooltip):not(.invalid-feedback){margin-left:calc(var(--bs-border-width) * -1);border-top-left-radius:0;border-bottom-left-radius:0}.input-group>.form-floating:not(:first-child)>.form-control,.input-group>.form-floating:not(:first-child)>.form-select{border-top-left-radius:0;border-bottom-left-radius:0}.valid-feedback{display:none;width:100%;margin-top:.25rem;font-size:.875em;color:var(--bs-form-valid-color)}.valid-tooltip{position:absolute;top:100%;z-index:5;display:none;max-width:100%;padding:.25rem .5rem;margin-top:.1rem;font-size:.875rem;color:#fff;background-color:var(--bs-success);border-radius:var(--bs-border-radius)}.was-validated :valid~.valid-feedback,.was-validated :valid~.valid-tooltip,.is-valid~.valid-feedback,.is-valid~.valid-tooltip{display:block}.was-validated .form-control:valid,.form-control.is-valid{border-color:var(--bs-form-valid-border-color);padding-right:calc(1.5em + .75rem);background-image:url("data:image/svg+xml,%3csvg xmlns='http://www.w3.org/2000/svg' viewBox='0 0 8 8'%3e%3cpath fill='%23198754' d='M2.3 6.73.6 4.53c-.4-1.04.46-1.4 1.1-.8l1.1 1.4 3.4-3.8c.6-.63 1.6-.27 1.2.7l-4 4.6c-.43.5-.8.4-1.1.1z'/%3e%3c/svg%3e");background-repeat:no-repeat;background-position:right calc(.375em + .1875rem) center;background-size:calc(.75em + .375rem) calc(.75em + .375rem)}.was-validated .form-control:valid:focus,.form-control.is-valid:focus{border-color:var(--bs-form-valid-border-color);box-shadow:0 0 0 .25rem rgba(var(--bs-success-rgb),.25)}.was-validated textarea.form-control:valid,textarea.form-control.is-valid{padding-right:calc(1.5em + .75rem);background-position:top calc(.375em + .1875rem) right calc(.375em + .1875rem)}.was-validated .form-select:valid,.form-select.is-valid{border-color:var(--bs-form-valid-border-color)}.was-validated .form-select:valid:not([multiple]):not([size]),.was-validated .form-select:valid:not([multiple])[size="1"],.form-select.is-valid:not([multiple]):not([size]),.form-select.is-valid:not([multiple])[size="1"]{--bs-form-select-bg-icon: url("data:image/svg+xml,%3csvg xmlns='http://www.w3.org/2000/svg' viewBox='0 0 8 8'%3e%3cpath fill='%23198754' d='M2.3 6.73.6 4.53c-.4-1.04.46-1.4 1.1-.8l1.1 1.4 3.4-3.8c.6-.63 1.6-.27 1.2.7l-4 4.6c-.43.5-.8.4-1.1.1z'/%3e%3c/svg%3e");padding-right:4.125rem;background-position:right .75rem center,center right 2.25rem;background-size:16px 12px,calc(.75em + .375rem) calc(.75em + .375rem)}.was-validated .form-select:valid:focus,.form-select.is-valid:focus{border-color:var(--bs-form-valid-border-color);box-shadow:0 0 0 .25rem rgba(var(--bs-success-rgb),.25)}.was-validated .form-control-color:valid,.form-control-color.is-valid{width:calc(3.75rem + 1.5em)}.was-validated .form-check-input:valid,.form-check-input.is-valid{border-color:var(--bs-form-valid-border-color)}.was-validated .form-check-input:valid:checked,.form-check-input.is-valid:checked{background-color:var(--bs-form-valid-color)}.was-validated .form-check-input:valid:focus,.form-check-input.is-valid:focus{box-shadow:0 0 0 .25rem rgba(var(--bs-success-rgb),.25)}.was-validated .form-check-input:valid~.form-check-label,.form-check-input.is-valid~.form-check-label{color:var(--bs-form-valid-color)}.form-check-inline .form-check-input~.valid-feedback{margin-left:.5em}.was-validated .input-group>.form-control:not(:focus):valid,.input-group>.form-control:not(:focus).is-valid,.was-validated .input-group>.form-select:not(:focus):valid,.input-group>.form-select:not(:focus).is-valid,.was-validated .input-group>.form-floating:not(:focus-within):valid,.input-group>.form-floating:not(:focus-within).is-valid{z-index:3}.invalid-feedback{display:none;width:100%;margin-top:.25rem;font-size:.875em;color:var(--bs-form-invalid-color)}.invalid-tooltip{position:absolute;top:100%;z-index:5;display:none;max-width:100%;padding:.25rem .5rem;margin-top:.1rem;font-size:.875rem;color:#fff;background-color:var(--bs-danger);border-radius:var(--bs-border-radius)}.was-validated :invalid~.invalid-feedback,.was-validated :invalid~.invalid-tooltip,.is-invalid~.invalid-feedback,.is-invalid~.invalid-tooltip{display:block}.was-validated .form-control:invalid,.form-control.is-invalid{border-color:var(--bs-form-invalid-border-color);padding-right:calc(1.5em + .75rem);background-image:url("data:image/svg+xml,%3csvg xmlns='http://www.w3.org/2000/svg' viewBox='0 0 12 12' width='12' height='12' fill='none' stroke='%23dc3545'%3e%3ccircle cx='6' cy='6' r='4.5'/%3e%3cpath stroke-linejoin='round' d='M5.8 3.6h.4L6 6.5z'/%3e%3ccircle cx='6' cy='8.2' r='.6' fill='%23dc3545' stroke='none'/%3e%3c/svg%3e");background-repeat:no-repeat;background-position:right calc(.375em + .1875rem) center;background-size:calc(.75em + .375rem) calc(.75em + .375rem)}.was-validated .form-control:invalid:focus,.form-control.is-invalid:focus{border-color:var(--bs-form-invalid-border-color);box-shadow:0 0 0 .25rem rgba(var(--bs-danger-rgb),.25)}.was-validated textarea.form-control:invalid,textarea.form-control.is-invalid{padding-right:calc(1.5em + .75rem);background-position:top calc(.375em + .1875rem) right calc(.375em + .1875rem)}.was-validated .form-select:invalid,.form-select.is-invalid{border-color:var(--bs-form-invalid-border-color)}.was-validated .form-select:invalid:not([multiple]):not([size]),.was-validated .form-select:invalid:not([multiple])[size="1"],.form-select.is-invalid:not([multiple]):not([size]),.form-select.is-invalid:not([multiple])[size="1"]{--bs-form-select-bg-icon: url("data:image/svg+xml,%3csvg xmlns='http://www.w3.org/2000/svg' viewBox='0 0 12 12' width='12' height='12' fill='none' stroke='%23dc3545'%3e%3ccircle cx='6' cy='6' r='4.5'/%3e%3cpath stroke-linejoin='round' d='M5.8 3.6h.4L6 6.5z'/%3e%3ccircle cx='6' cy='8.2' r='.6' fill='%23dc3545' stroke='none'/%3e%3c/svg%3e");padding-right:4.125rem;background-position:right .75rem center,center right 2.25rem;background-size:16px 12px,calc(.75em + .375rem) calc(.75em + .375rem)}.was-validated .form-select:invalid:focus,.form-select.is-invalid:focus{border-color:var(--bs-form-invalid-border-color);box-shadow:0 0 0 .25rem rgba(var(--bs-danger-rgb),.25)}.was-validated .form-control-color:invalid,.form-control-color.is-invalid{width:calc(3.75rem + 1.5em)}.was-validated .form-check-input:invalid,.form-check-input.is-invalid{border-color:var(--bs-form-invalid-border-color)}.was-validated .form-check-input:invalid:checked,.form-check-input.is-invalid:checked{background-color:var(--bs-form-invalid-color)}.was-validated .form-check-input:invalid:focus,.form-check-input.is-invalid:focus{box-shadow:0 0 0 .25rem rgba(var(--bs-danger-rgb),.25)}.was-validated .form-check-input:invalid~.form-check-label,.form-check-input.is-invalid~.form-check-label{color:var(--bs-form-invalid-color)}.form-check-inline .form-check-input~.invalid-feedback{margin-left:.5em}.was-validated .input-group>.form-control:not(:focus):invalid,.input-group>.form-control:not(:focus).is-invalid,.was-validated .input-group>.form-select:not(:focus):invalid,.input-group>.form-select:not(:focus).is-invalid,.was-validated .input-group>.form-floating:not(:focus-within):invalid,.input-group>.form-floating:not(:focus-within).is-invalid{z-index:4}.btn{--bs-btn-padding-x: .75rem;--bs-btn-padding-y: .375rem;--bs-btn-font-family: ;--bs-btn-font-size: 1rem;--bs-btn-font-weight: 400;--bs-btn-line-height: 1.5;--bs-btn-color: var(--bs-body-color);--bs-btn-bg: transparent;--bs-btn-border-width: var(--bs-border-width);--bs-btn-border-color: transparent;--bs-btn-border-radius: var(--bs-border-radius);--bs-btn-hover-border-color: transparent;--bs-btn-box-shadow: inset 0 1px 0 rgba(255, 255, 255, .15), 0 1px 1px rgba(0, 0, 0, .075);--bs-btn-disabled-opacity: .65;--bs-btn-focus-box-shadow: 0 0 0 .25rem rgba(var(--bs-btn-focus-shadow-rgb), .5);display:inline-block;padding:var(--bs-btn-padding-y) var(--bs-btn-padding-x);font-family:var(--bs-btn-font-family);font-size:var(--bs-btn-font-size);font-weight:var(--bs-btn-font-weight);line-height:var(--bs-btn-line-height);color:var(--bs-btn-color);text-align:center;text-decoration:none;vertical-align:middle;cursor:pointer;-webkit-user-select:none;-moz-user-select:none;user-select:none;border:var(--bs-btn-border-width) solid var(--bs-btn-border-color);border-radius:var(--bs-btn-border-radius);background-color:var(--bs-btn-bg);transition:color .15s ease-in-out,background-color .15s ease-in-out,border-color .15s ease-in-out,box-shadow .15s ease-in-out}@media (prefers-reduced-motion: reduce){.btn{transition:none}}.btn:hover{color:var(--bs-btn-hover-color);background-color:var(--bs-btn-hover-bg);border-color:var(--bs-btn-hover-border-color)}.btn-check+.btn:hover{color:var(--bs-btn-color);background-color:var(--bs-btn-bg);border-color:var(--bs-btn-border-color)}.btn:focus-visible{color:var(--bs-btn-hover-color);background-color:var(--bs-btn-hover-bg);border-color:var(--bs-btn-hover-border-color);outline:0;box-shadow:var(--bs-btn-focus-box-shadow)}.btn-check:focus-visible+.btn{border-color:var(--bs-btn-hover-border-color);outline:0;box-shadow:var(--bs-btn-focus-box-shadow)}.btn-check:checked+.btn,:not(.btn-check)+.btn:active,.btn:first-child:active,.btn.active,.btn.show{color:var(--bs-btn-active-color);background-color:var(--bs-btn-active-bg);border-color:var(--bs-btn-active-border-color)}.btn-check:checked+.btn:focus-visible,:not(.btn-check)+.btn:active:focus-visible,.btn:first-child:active:focus-visible,.btn.active:focus-visible,.btn.show:focus-visible{box-shadow:var(--bs-btn-focus-box-shadow)}.btn-check:checked:focus-visible+.btn{box-shadow:var(--bs-btn-focus-box-shadow)}.btn:disabled,.btn.disabled,fieldset:disabled .btn{color:var(--bs-btn-disabled-color);pointer-events:none;background-color:var(--bs-btn-disabled-bg);border-color:var(--bs-btn-disabled-border-color);opacity:var(--bs-btn-disabled-opacity)}.btn-primary{--bs-btn-color: #fff;--bs-btn-bg: #0d6efd;--bs-btn-border-color: #0d6efd;--bs-btn-hover-color: #fff;--bs-btn-hover-bg: #0b5ed7;--bs-btn-hover-border-color: #0a58ca;--bs-btn-focus-shadow-rgb: 49, 132, 253;--bs-btn-active-color: #fff;--bs-btn-active-bg: #0a58ca;--bs-btn-active-border-color: #0a53be;--bs-btn-active-shadow: inset 0 3px 5px rgba(0, 0, 0, .125);--bs-btn-disabled-color: #fff;--bs-btn-disabled-bg: #0d6efd;--bs-btn-disabled-border-color: #0d6efd}.btn-secondary{--bs-btn-color: #fff;--bs-btn-bg: #6c757d;--bs-btn-border-color: #6c757d;--bs-btn-hover-color: #fff;--bs-btn-hover-bg: #5c636a;--bs-btn-hover-border-color: #565e64;--bs-btn-focus-shadow-rgb: 130, 138, 145;--bs-btn-active-color: #fff;--bs-btn-active-bg: #565e64;--bs-btn-active-border-color: #51585e;--bs-btn-active-shadow: inset 0 3px 5px rgba(0, 0, 0, .125);--bs-btn-disabled-color: #fff;--bs-btn-disabled-bg: #6c757d;--bs-btn-disabled-border-color: #6c757d}.btn-success{--bs-btn-color: #fff;--bs-btn-bg: #198754;--bs-btn-border-color: #198754;--bs-btn-hover-color: #fff;--bs-btn-hover-bg: #157347;--bs-btn-hover-border-color: #146c43;--bs-btn-focus-shadow-rgb: 60, 153, 110;--bs-btn-active-color: #fff;--bs-btn-active-bg: #146c43;--bs-btn-active-border-color: #13653f;--bs-btn-active-shadow: inset 0 3px 5px rgba(0, 0, 0, .125);--bs-btn-disabled-color: #fff;--bs-btn-disabled-bg: #198754;--bs-btn-disabled-border-color: #198754}.btn-info{--bs-btn-color: #000;--bs-btn-bg: #0dcaf0;--bs-btn-border-color: #0dcaf0;--bs-btn-hover-color: #000;--bs-btn-hover-bg: #31d2f2;--bs-btn-hover-border-color: #25cff2;--bs-btn-focus-shadow-rgb: 11, 172, 204;--bs-btn-active-color: #000;--bs-btn-active-bg: #3dd5f3;--bs-btn-active-border-color: #25cff2;--bs-btn-active-shadow: inset 0 3px 5px rgba(0, 0, 0, .125);--bs-btn-disabled-color: #000;--bs-btn-disabled-bg: #0dcaf0;--bs-btn-disabled-border-color: #0dcaf0}.btn-warning{--bs-btn-color: #000;--bs-btn-bg: #ffc107;--bs-btn-border-color: #ffc107;--bs-btn-hover-color: #000;--bs-btn-hover-bg: #ffca2c;--bs-btn-hover-border-color: #ffc720;--bs-btn-focus-shadow-rgb: 217, 164, 6;--bs-btn-active-color: #000;--bs-btn-active-bg: #ffcd39;--bs-btn-active-border-color: #ffc720;--bs-btn-active-shadow: inset 0 3px 5px rgba(0, 0, 0, .125);--bs-btn-disabled-color: #000;--bs-btn-disabled-bg: #ffc107;--bs-btn-disabled-border-color: #ffc107}.btn-danger{--bs-btn-color: #fff;--bs-btn-bg: #dc3545;--bs-btn-border-color: #dc3545;--bs-btn-hover-color: #fff;--bs-btn-hover-bg: #bb2d3b;--bs-btn-hover-border-color: #b02a37;--bs-btn-focus-shadow-rgb: 225, 83, 97;--bs-btn-active-color: #fff;--bs-btn-active-bg: #b02a37;--bs-btn-active-border-color: #a52834;--bs-btn-active-shadow: inset 0 3px 5px rgba(0, 0, 0, .125);--bs-btn-disabled-color: #fff;--bs-btn-disabled-bg: #dc3545;--bs-btn-disabled-border-color: #dc3545}.btn-light{--bs-btn-color: #000;--bs-btn-bg: #f8f9fa;--bs-btn-border-color: #f8f9fa;--bs-btn-hover-color: #000;--bs-btn-hover-bg: #d3d4d5;--bs-btn-hover-border-color: #c6c7c8;--bs-btn-focus-shadow-rgb: 211, 212, 213;--bs-btn-active-color: #000;--bs-btn-active-bg: #c6c7c8;--bs-btn-active-border-color: #babbbc;--bs-btn-active-shadow: inset 0 3px 5px rgba(0, 0, 0, .125);--bs-btn-disabled-color: #000;--bs-btn-disabled-bg: #f8f9fa;--bs-btn-disabled-border-color: #f8f9fa}.btn-dark{--bs-btn-color: #fff;--bs-btn-bg: #212529;--bs-btn-border-color: #212529;--bs-btn-hover-color: #fff;--bs-btn-hover-bg: #424649;--bs-btn-hover-border-color: #373b3e;--bs-btn-focus-shadow-rgb: 66, 70, 73;--bs-btn-active-color: #fff;--bs-btn-active-bg: #4d5154;--bs-btn-active-border-color: #373b3e;--bs-btn-active-shadow: inset 0 3px 5px rgba(0, 0, 0, .125);--bs-btn-disabled-color: #fff;--bs-btn-disabled-bg: #212529;--bs-btn-disabled-border-color: #212529}.btn-outline-primary{--bs-btn-color: #0d6efd;--bs-btn-border-color: #0d6efd;--bs-btn-hover-color: #fff;--bs-btn-hover-bg: #0d6efd;--bs-btn-hover-border-color: #0d6efd;--bs-btn-focus-shadow-rgb: 13, 110, 253;--bs-btn-active-color: #fff;--bs-btn-active-bg: #0d6efd;--bs-btn-active-border-color: #0d6efd;--bs-btn-active-shadow: inset 0 3px 5px rgba(0, 0, 0, .125);--bs-btn-disabled-color: #0d6efd;--bs-btn-disabled-bg: transparent;--bs-btn-disabled-border-color: #0d6efd;--bs-gradient: none}.btn-outline-secondary{--bs-btn-color: #6c757d;--bs-btn-border-color: #6c757d;--bs-btn-hover-color: #fff;--bs-btn-hover-bg: #6c757d;--bs-btn-hover-border-color: #6c757d;--bs-btn-focus-shadow-rgb: 108, 117, 125;--bs-btn-active-color: #fff;--bs-btn-active-bg: #6c757d;--bs-btn-active-border-color: #6c757d;--bs-btn-active-shadow: inset 0 3px 5px rgba(0, 0, 0, .125);--bs-btn-disabled-color: #6c757d;--bs-btn-disabled-bg: transparent;--bs-btn-disabled-border-color: #6c757d;--bs-gradient: none}.btn-outline-success{--bs-btn-color: #198754;--bs-btn-border-color: #198754;--bs-btn-hover-color: #fff;--bs-btn-hover-bg: #198754;--bs-btn-hover-border-color: #198754;--bs-btn-focus-shadow-rgb: 25, 135, 84;--bs-btn-active-color: #fff;--bs-btn-active-bg: #198754;--bs-btn-active-border-color: #198754;--bs-btn-active-shadow: inset 0 3px 5px rgba(0, 0, 0, .125);--bs-btn-disabled-color: #198754;--bs-btn-disabled-bg: transparent;--bs-btn-disabled-border-color: #198754;--bs-gradient: none}.btn-outline-info{--bs-btn-color: #0dcaf0;--bs-btn-border-color: #0dcaf0;--bs-btn-hover-color: #000;--bs-btn-hover-bg: #0dcaf0;--bs-btn-hover-border-color: #0dcaf0;--bs-btn-focus-shadow-rgb: 13, 202, 240;--bs-btn-active-color: #000;--bs-btn-active-bg: #0dcaf0;--bs-btn-active-border-color: #0dcaf0;--bs-btn-active-shadow: inset 0 3px 5px rgba(0, 0, 0, .125);--bs-btn-disabled-color: #0dcaf0;--bs-btn-disabled-bg: transparent;--bs-btn-disabled-border-color: #0dcaf0;--bs-gradient: none}.btn-outline-warning{--bs-btn-color: #ffc107;--bs-btn-border-color: #ffc107;--bs-btn-hover-color: #000;--bs-btn-hover-bg: #ffc107;--bs-btn-hover-border-color: #ffc107;--bs-btn-focus-shadow-rgb: 255, 193, 7;--bs-btn-active-color: #000;--bs-btn-active-bg: #ffc107;--bs-btn-active-border-color: #ffc107;--bs-btn-active-shadow: inset 0 3px 5px rgba(0, 0, 0, .125);--bs-btn-disabled-color: #ffc107;--bs-btn-disabled-bg: transparent;--bs-btn-disabled-border-color: #ffc107;--bs-gradient: none}.btn-outline-danger{--bs-btn-color: #dc3545;--bs-btn-border-color: #dc3545;--bs-btn-hover-color: #fff;--bs-btn-hover-bg: #dc3545;--bs-btn-hover-border-color: #dc3545;--bs-btn-focus-shadow-rgb: 220, 53, 69;--bs-btn-active-color: #fff;--bs-btn-active-bg: #dc3545;--bs-btn-active-border-color: #dc3545;--bs-btn-active-shadow: inset 0 3px 5px rgba(0, 0, 0, .125);--bs-btn-disabled-color: #dc3545;--bs-btn-disabled-bg: transparent;--bs-btn-disabled-border-color: #dc3545;--bs-gradient: none}.btn-outline-light{--bs-btn-color: #f8f9fa;--bs-btn-border-color: #f8f9fa;--bs-btn-hover-color: #000;--bs-btn-hover-bg: #f8f9fa;--bs-btn-hover-border-color: #f8f9fa;--bs-btn-focus-shadow-rgb: 248, 249, 250;--bs-btn-active-color: #000;--bs-btn-active-bg: #f8f9fa;--bs-btn-active-border-color: #f8f9fa;--bs-btn-active-shadow: inset 0 3px 5px rgba(0, 0, 0, .125);--bs-btn-disabled-color: #f8f9fa;--bs-btn-disabled-bg: transparent;--bs-btn-disabled-border-color: #f8f9fa;--bs-gradient: none}.btn-outline-dark{--bs-btn-color: #212529;--bs-btn-border-color: #212529;--bs-btn-hover-color: #fff;--bs-btn-hover-bg: #212529;--bs-btn-hover-border-color: #212529;--bs-btn-focus-shadow-rgb: 33, 37, 41;--bs-btn-active-color: #fff;--bs-btn-active-bg: #212529;--bs-btn-active-border-color: #212529;--bs-btn-active-shadow: inset 0 3px 5px rgba(0, 0, 0, .125);--bs-btn-disabled-color: #212529;--bs-btn-disabled-bg: transparent;--bs-btn-disabled-border-color: #212529;--bs-gradient: none}.btn-link{--bs-btn-font-weight: 400;--bs-btn-color: var(--bs-link-color);--bs-btn-bg: transparent;--bs-btn-border-color: transparent;--bs-btn-hover-color: var(--bs-link-hover-color);--bs-btn-hover-border-color: transparent;--bs-btn-active-color: var(--bs-link-hover-color);--bs-btn-active-border-color: transparent;--bs-btn-disabled-color: #6c757d;--bs-btn-disabled-border-color: transparent;--bs-btn-box-shadow: 0 0 0 #000;--bs-btn-focus-shadow-rgb: 49, 132, 253;text-decoration:underline}.btn-link:focus-visible{color:var(--bs-btn-color)}.btn-link:hover{color:var(--bs-btn-hover-color)}.btn-lg,.btn-group-lg>.btn{--bs-btn-padding-y: .5rem;--bs-btn-padding-x: 1rem;--bs-btn-font-size: 1.25rem;--bs-btn-border-radius: var(--bs-border-radius-lg)}.btn-sm,.btn-group-sm>.btn{--bs-btn-padding-y: .25rem;--bs-btn-padding-x: .5rem;--bs-btn-font-size: .875rem;--bs-btn-border-radius: var(--bs-border-radius-sm)}.fade{transition:opacity .15s linear}@media (prefers-reduced-motion: reduce){.fade{transition:none}}.fade:not(.show){opacity:0}.collapse:not(.show){display:none}.collapsing{height:0;overflow:hidden;transition:height .35s ease}@media (prefers-reduced-motion: reduce){.collapsing{transition:none}}.collapsing.collapse-horizontal{width:0;height:auto;transition:width .35s ease}@media (prefers-reduced-motion: reduce){.collapsing.collapse-horizontal{transition:none}}.dropup,.dropend,.dropdown,.dropstart,.dropup-center,.dropdown-center{position:relative}.dropdown-toggle{white-space:nowrap}.dropdown-toggle:after{display:inline-block;margin-left:.255em;vertical-align:.255em;content:"";border-top:.3em solid;border-right:.3em solid transparent;border-bottom:0;border-left:.3em solid transparent}.dropdown-toggle:empty:after{margin-left:0}.dropdown-menu{--bs-dropdown-zindex: 1000;--bs-dropdown-min-width: 10rem;--bs-dropdown-padding-x: 0;--bs-dropdown-padding-y: .5rem;--bs-dropdown-spacer: .125rem;--bs-dropdown-font-size: 1rem;--bs-dropdown-color: var(--bs-body-color);--bs-dropdown-bg: var(--bs-body-bg);--bs-dropdown-border-color: var(--bs-border-color-translucent);--bs-dropdown-border-radius: var(--bs-border-radius);--bs-dropdown-border-width: var(--bs-border-width);--bs-dropdown-inner-border-radius: calc(var(--bs-border-radius) - var(--bs-border-width));--bs-dropdown-divider-bg: var(--bs-border-color-translucent);--bs-dropdown-divider-margin-y: .5rem;--bs-dropdown-box-shadow: var(--bs-box-shadow);--bs-dropdown-link-color: var(--bs-body-color);--bs-dropdown-link-hover-color: var(--bs-body-color);--bs-dropdown-link-hover-bg: var(--bs-tertiary-bg);--bs-dropdown-link-active-color: #fff;--bs-dropdown-link-active-bg: #0d6efd;--bs-dropdown-link-disabled-color: var(--bs-tertiary-color);--bs-dropdown-item-padding-x: 1rem;--bs-dropdown-item-padding-y: .25rem;--bs-dropdown-header-color: #6c757d;--bs-dropdown-header-padding-x: 1rem;--bs-dropdown-header-padding-y: .5rem;position:absolute;z-index:var(--bs-dropdown-zindex);display:none;min-width:var(--bs-dropdown-min-width);padding:var(--bs-dropdown-padding-y) var(--bs-dropdown-padding-x);margin:0;font-size:var(--bs-dropdown-font-size);color:var(--bs-dropdown-color);text-align:left;list-style:none;background-color:var(--bs-dropdown-bg);background-clip:padding-box;border:var(--bs-dropdown-border-width) solid var(--bs-dropdown-border-color);border-radius:var(--bs-dropdown-border-radius)}.dropdown-menu[data-bs-popper]{top:100%;left:0;margin-top:var(--bs-dropdown-spacer)}.dropdown-menu-start{--bs-position: start}.dropdown-menu-start[data-bs-popper]{right:auto;left:0}.dropdown-menu-end{--bs-position: end}.dropdown-menu-end[data-bs-popper]{right:0;left:auto}@media (min-width: 576px){.dropdown-menu-sm-start{--bs-position: start}.dropdown-menu-sm-start[data-bs-popper]{right:auto;left:0}.dropdown-menu-sm-end{--bs-position: end}.dropdown-menu-sm-end[data-bs-popper]{right:0;left:auto}}@media (min-width: 768px){.dropdown-menu-md-start{--bs-position: start}.dropdown-menu-md-start[data-bs-popper]{right:auto;left:0}.dropdown-menu-md-end{--bs-position: end}.dropdown-menu-md-end[data-bs-popper]{right:0;left:auto}}@media (min-width: 992px){.dropdown-menu-lg-start{--bs-position: start}.dropdown-menu-lg-start[data-bs-popper]{right:auto;left:0}.dropdown-menu-lg-end{--bs-position: end}.dropdown-menu-lg-end[data-bs-popper]{right:0;left:auto}}@media (min-width: 1200px){.dropdown-menu-xl-start{--bs-position: start}.dropdown-menu-xl-start[data-bs-popper]{right:auto;left:0}.dropdown-menu-xl-end{--bs-position: end}.dropdown-menu-xl-end[data-bs-popper]{right:0;left:auto}}@media (min-width: 1400px){.dropdown-menu-xxl-start{--bs-position: start}.dropdown-menu-xxl-start[data-bs-popper]{right:auto;left:0}.dropdown-menu-xxl-end{--bs-position: end}.dropdown-menu-xxl-end[data-bs-popper]{right:0;left:auto}}.dropup .dropdown-menu[data-bs-popper]{top:auto;bottom:100%;margin-top:0;margin-bottom:var(--bs-dropdown-spacer)}.dropup .dropdown-toggle:after{display:inline-block;margin-left:.255em;vertical-align:.255em;content:"";border-top:0;border-right:.3em solid transparent;border-bottom:.3em solid;border-left:.3em solid transparent}.dropup .dropdown-toggle:empty:after{margin-left:0}.dropend .dropdown-menu[data-bs-popper]{top:0;right:auto;left:100%;margin-top:0;margin-left:var(--bs-dropdown-spacer)}.dropend .dropdown-toggle:after{display:inline-block;margin-left:.255em;vertical-align:.255em;content:"";border-top:.3em solid transparent;border-right:0;border-bottom:.3em solid transparent;border-left:.3em solid}.dropend .dropdown-toggle:empty:after{margin-left:0}.dropend .dropdown-toggle:after{vertical-align:0}.dropstart .dropdown-menu[data-bs-popper]{top:0;right:100%;left:auto;margin-top:0;margin-right:var(--bs-dropdown-spacer)}.dropstart .dropdown-toggle:after{display:inline-block;margin-left:.255em;vertical-align:.255em;content:""}.dropstart .dropdown-toggle:after{display:none}.dropstart .dropdown-toggle:before{display:inline-block;margin-right:.255em;vertical-align:.255em;content:"";border-top:.3em solid transparent;border-right:.3em solid;border-bottom:.3em solid transparent}.dropstart .dropdown-toggle:empty:after{margin-left:0}.dropstart .dropdown-toggle:before{vertical-align:0}.dropdown-divider{height:0;margin:var(--bs-dropdown-divider-margin-y) 0;overflow:hidden;border-top:1px solid var(--bs-dropdown-divider-bg);opacity:1}.dropdown-item{display:block;width:100%;padding:var(--bs-dropdown-item-padding-y) var(--bs-dropdown-item-padding-x);clear:both;font-weight:400;color:var(--bs-dropdown-link-color);text-align:inherit;text-decoration:none;white-space:nowrap;background-color:transparent;border:0;border-radius:var(--bs-dropdown-item-border-radius, 0)}.dropdown-item:hover,.dropdown-item:focus{color:var(--bs-dropdown-link-hover-color);background-color:var(--bs-dropdown-link-hover-bg)}.dropdown-item.active,.dropdown-item:active{color:var(--bs-dropdown-link-active-color);text-decoration:none;background-color:var(--bs-dropdown-link-active-bg)}.dropdown-item.disabled,.dropdown-item:disabled{color:var(--bs-dropdown-link-disabled-color);pointer-events:none;background-color:transparent}.dropdown-menu.show{display:block}.dropdown-header{display:block;padding:var(--bs-dropdown-header-padding-y) var(--bs-dropdown-header-padding-x);margin-bottom:0;font-size:.875rem;color:var(--bs-dropdown-header-color);white-space:nowrap}.dropdown-item-text{display:block;padding:var(--bs-dropdown-item-padding-y) var(--bs-dropdown-item-padding-x);color:var(--bs-dropdown-link-color)}.dropdown-menu-dark{--bs-dropdown-color: #dee2e6;--bs-dropdown-bg: #343a40;--bs-dropdown-border-color: var(--bs-border-color-translucent);--bs-dropdown-box-shadow: ;--bs-dropdown-link-color: #dee2e6;--bs-dropdown-link-hover-color: #fff;--bs-dropdown-divider-bg: var(--bs-border-color-translucent);--bs-dropdown-link-hover-bg: rgba(255, 255, 255, .15);--bs-dropdown-link-active-color: #fff;--bs-dropdown-link-active-bg: #0d6efd;--bs-dropdown-link-disabled-color: #adb5bd;--bs-dropdown-header-color: #adb5bd}.btn-group,.btn-group-vertical{position:relative;display:inline-flex;vertical-align:middle}.btn-group>.btn,.btn-group-vertical>.btn{position:relative;flex:1 1 auto}.btn-group>.btn-check:checked+.btn,.btn-group>.btn-check:focus+.btn,.btn-group>.btn:hover,.btn-group>.btn:focus,.btn-group>.btn:active,.btn-group>.btn.active,.btn-group-vertical>.btn-check:checked+.btn,.btn-group-vertical>.btn-check:focus+.btn,.btn-group-vertical>.btn:hover,.btn-group-vertical>.btn:focus,.btn-group-vertical>.btn:active,.btn-group-vertical>.btn.active{z-index:1}.btn-toolbar{display:flex;flex-wrap:wrap;justify-content:flex-start}.btn-toolbar .input-group{width:auto}.btn-group{border-radius:var(--bs-border-radius)}.btn-group>:not(.btn-check:first-child)+.btn,.btn-group>.btn-group:not(:first-child){margin-left:calc(var(--bs-border-width) * -1)}.btn-group>.btn:not(:last-child):not(.dropdown-toggle),.btn-group>.btn.dropdown-toggle-split:first-child,.btn-group>.btn-group:not(:last-child)>.btn{border-top-right-radius:0;border-bottom-right-radius:0}.btn-group>.btn:nth-child(n+3),.btn-group>:not(.btn-check)+.btn,.btn-group>.btn-group:not(:first-child)>.btn{border-top-left-radius:0;border-bottom-left-radius:0}.dropdown-toggle-split{padding-right:.5625rem;padding-left:.5625rem}.dropdown-toggle-split:after,.dropup .dropdown-toggle-split:after,.dropend .dropdown-toggle-split:after{margin-left:0}.dropstart .dropdown-toggle-split:before{margin-right:0}.btn-sm+.dropdown-toggle-split,.btn-group-sm>.btn+.dropdown-toggle-split{padding-right:.375rem;padding-left:.375rem}.btn-lg+.dropdown-toggle-split,.btn-group-lg>.btn+.dropdown-toggle-split{padding-right:.75rem;padding-left:.75rem}.btn-group-vertical{flex-direction:column;align-items:flex-start;justify-content:center}.btn-group-vertical>.btn,.btn-group-vertical>.btn-group{width:100%}.btn-group-vertical>.btn:not(:first-child),.btn-group-vertical>.btn-group:not(:first-child){margin-top:calc(var(--bs-border-width) * -1)}.btn-group-vertical>.btn:not(:last-child):not(.dropdown-toggle),.btn-group-vertical>.btn-group:not(:last-child)>.btn{border-bottom-right-radius:0;border-bottom-left-radius:0}.btn-group-vertical>.btn~.btn,.btn-group-vertical>.btn-group:not(:first-child)>.btn{border-top-left-radius:0;border-top-right-radius:0}.nav{--bs-nav-link-padding-x: 1rem;--bs-nav-link-padding-y: .5rem;--bs-nav-link-font-weight: ;--bs-nav-link-color: var(--bs-link-color);--bs-nav-link-hover-color: var(--bs-link-hover-color);--bs-nav-link-disabled-color: var(--bs-secondary-color);display:flex;flex-wrap:wrap;padding-left:0;margin-bottom:0;list-style:none}.nav-link{display:block;padding:var(--bs-nav-link-padding-y) var(--bs-nav-link-padding-x);font-size:var(--bs-nav-link-font-size);font-weight:var(--bs-nav-link-font-weight);color:var(--bs-nav-link-color);text-decoration:none;background:none;border:0;transition:color .15s ease-in-out,background-color .15s ease-in-out,border-color .15s ease-in-out}@media (prefers-reduced-motion: reduce){.nav-link{transition:none}}.nav-link:hover,.nav-link:focus{color:var(--bs-nav-link-hover-color)}.nav-link:focus-visible{outline:0;box-shadow:0 0 0 .25rem #0d6efd40}.nav-link.disabled,.nav-link:disabled{color:var(--bs-nav-link-disabled-color);pointer-events:none;cursor:default}.nav-tabs{--bs-nav-tabs-border-width: var(--bs-border-width);--bs-nav-tabs-border-color: var(--bs-border-color);--bs-nav-tabs-border-radius: var(--bs-border-radius);--bs-nav-tabs-link-hover-border-color: var(--bs-secondary-bg) var(--bs-secondary-bg) var(--bs-border-color);--bs-nav-tabs-link-active-color: var(--bs-emphasis-color);--bs-nav-tabs-link-active-bg: var(--bs-body-bg);--bs-nav-tabs-link-active-border-color: var(--bs-border-color) var(--bs-border-color) var(--bs-body-bg);border-bottom:var(--bs-nav-tabs-border-width) solid var(--bs-nav-tabs-border-color)}.nav-tabs .nav-link{margin-bottom:calc(-1 * var(--bs-nav-tabs-border-width));border:var(--bs-nav-tabs-border-width) solid transparent;border-top-left-radius:var(--bs-nav-tabs-border-radius);border-top-right-radius:var(--bs-nav-tabs-border-radius)}.nav-tabs .nav-link:hover,.nav-tabs .nav-link:focus{isolation:isolate;border-color:var(--bs-nav-tabs-link-hover-border-color)}.nav-tabs .nav-link.active,.nav-tabs .nav-item.show .nav-link{color:var(--bs-nav-tabs-link-active-color);background-color:var(--bs-nav-tabs-link-active-bg);border-color:var(--bs-nav-tabs-link-active-border-color)}.nav-tabs .dropdown-menu{margin-top:calc(-1 * var(--bs-nav-tabs-border-width));border-top-left-radius:0;border-top-right-radius:0}.nav-pills{--bs-nav-pills-border-radius: var(--bs-border-radius);--bs-nav-pills-link-active-color: #fff;--bs-nav-pills-link-active-bg: #0d6efd}.nav-pills .nav-link{border-radius:var(--bs-nav-pills-border-radius)}.nav-pills .nav-link.active,.nav-pills .show>.nav-link{color:var(--bs-nav-pills-link-active-color);background-color:var(--bs-nav-pills-link-active-bg)}.nav-underline{--bs-nav-underline-gap: 1rem;--bs-nav-underline-border-width: .125rem;--bs-nav-underline-link-active-color: var(--bs-emphasis-color);gap:var(--bs-nav-underline-gap)}.nav-underline .nav-link{padding-right:0;padding-left:0;border-bottom:var(--bs-nav-underline-border-width) solid transparent}.nav-underline .nav-link:hover,.nav-underline .nav-link:focus{border-bottom-color:currentcolor}.nav-underline .nav-link.active,.nav-underline .show>.nav-link{font-weight:700;color:var(--bs-nav-underline-link-active-color);border-bottom-color:currentcolor}.nav-fill>.nav-link,.nav-fill .nav-item{flex:1 1 auto;text-align:center}.nav-justified>.nav-link,.nav-justified .nav-item{flex-basis:0;flex-grow:1;text-align:center}.nav-fill .nav-item .nav-link,.nav-justified .nav-item .nav-link{width:100%}.tab-content>.tab-pane{display:none}.tab-content>.active{display:block}.navbar{--bs-navbar-padding-x: 0;--bs-navbar-padding-y: .5rem;--bs-navbar-color: rgba(var(--bs-emphasis-color-rgb), .65);--bs-navbar-hover-color: rgba(var(--bs-emphasis-color-rgb), .8);--bs-navbar-disabled-color: rgba(var(--bs-emphasis-color-rgb), .3);--bs-navbar-active-color: rgba(var(--bs-emphasis-color-rgb), 1);--bs-navbar-brand-padding-y: .3125rem;--bs-navbar-brand-margin-end: 1rem;--bs-navbar-brand-font-size: 1.25rem;--bs-navbar-brand-color: rgba(var(--bs-emphasis-color-rgb), 1);--bs-navbar-brand-hover-color: rgba(var(--bs-emphasis-color-rgb), 1);--bs-navbar-nav-link-padding-x: .5rem;--bs-navbar-toggler-padding-y: .25rem;--bs-navbar-toggler-padding-x: .75rem;--bs-navbar-toggler-font-size: 1.25rem;--bs-navbar-toggler-icon-bg: url("data:image/svg+xml,%3csvg xmlns='http://www.w3.org/2000/svg' viewBox='0 0 30 30'%3e%3cpath stroke='rgba%2833, 37, 41, 0.75%29' stroke-linecap='round' stroke-miterlimit='10' stroke-width='2' d='M4 7h22M4 15h22M4 23h22'/%3e%3c/svg%3e");--bs-navbar-toggler-border-color: rgba(var(--bs-emphasis-color-rgb), .15);--bs-navbar-toggler-border-radius: var(--bs-border-radius);--bs-navbar-toggler-focus-width: .25rem;--bs-navbar-toggler-transition: box-shadow .15s ease-in-out;position:relative;display:flex;flex-wrap:wrap;align-items:center;justify-content:space-between;padding:var(--bs-navbar-padding-y) var(--bs-navbar-padding-x)}.navbar>.container,.navbar>.container-fluid,.navbar>.container-sm,.navbar>.container-md,.navbar>.container-lg,.navbar>.container-xl,.navbar>.container-xxl{display:flex;flex-wrap:inherit;align-items:center;justify-content:space-between}.navbar-brand{padding-top:var(--bs-navbar-brand-padding-y);padding-bottom:var(--bs-navbar-brand-padding-y);margin-right:var(--bs-navbar-brand-margin-end);font-size:var(--bs-navbar-brand-font-size);color:var(--bs-navbar-brand-color);text-decoration:none;white-space:nowrap}.navbar-brand:hover,.navbar-brand:focus{color:var(--bs-navbar-brand-hover-color)}.navbar-nav{--bs-nav-link-padding-x: 0;--bs-nav-link-padding-y: .5rem;--bs-nav-link-font-weight: ;--bs-nav-link-color: var(--bs-navbar-color);--bs-nav-link-hover-color: var(--bs-navbar-hover-color);--bs-nav-link-disabled-color: var(--bs-navbar-disabled-color);display:flex;flex-direction:column;padding-left:0;margin-bottom:0;list-style:none}.navbar-nav .nav-link.active,.navbar-nav .nav-link.show{color:var(--bs-navbar-active-color)}.navbar-nav .dropdown-menu{position:static}.navbar-text{padding-top:.5rem;padding-bottom:.5rem;color:var(--bs-navbar-color)}.navbar-text a,.navbar-text a:hover,.navbar-text a:focus{color:var(--bs-navbar-active-color)}.navbar-collapse{flex-basis:100%;flex-grow:1;align-items:center}.navbar-toggler{padding:var(--bs-navbar-toggler-padding-y) var(--bs-navbar-toggler-padding-x);font-size:var(--bs-navbar-toggler-font-size);line-height:1;color:var(--bs-navbar-color);background-color:transparent;border:var(--bs-border-width) solid var(--bs-navbar-toggler-border-color);border-radius:var(--bs-navbar-toggler-border-radius);transition:var(--bs-navbar-toggler-transition)}@media (prefers-reduced-motion: reduce){.navbar-toggler{transition:none}}.navbar-toggler:hover{text-decoration:none}.navbar-toggler:focus{text-decoration:none;outline:0;box-shadow:0 0 0 var(--bs-navbar-toggler-focus-width)}.navbar-toggler-icon{display:inline-block;width:1.5em;height:1.5em;vertical-align:middle;background-image:var(--bs-navbar-toggler-icon-bg);background-repeat:no-repeat;background-position:center;background-size:100%}.navbar-nav-scroll{max-height:var(--bs-scroll-height, 75vh);overflow-y:auto}@media (min-width: 576px){.navbar-expand-sm{flex-wrap:nowrap;justify-content:flex-start}.navbar-expand-sm .navbar-nav{flex-direction:row}.navbar-expand-sm .navbar-nav .dropdown-menu{position:absolute}.navbar-expand-sm .navbar-nav .nav-link{padding-right:var(--bs-navbar-nav-link-padding-x);padding-left:var(--bs-navbar-nav-link-padding-x)}.navbar-expand-sm .navbar-nav-scroll{overflow:visible}.navbar-expand-sm .navbar-collapse{display:flex!important;flex-basis:auto}.navbar-expand-sm .navbar-toggler{display:none}.navbar-expand-sm .offcanvas{position:static;z-index:auto;flex-grow:1;width:auto!important;height:auto!important;visibility:visible!important;background-color:transparent!important;border:0!important;transform:none!important;transition:none}.navbar-expand-sm .offcanvas .offcanvas-header{display:none}.navbar-expand-sm .offcanvas .offcanvas-body{display:flex;flex-grow:0;padding:0;overflow-y:visible}}@media (min-width: 768px){.navbar-expand-md{flex-wrap:nowrap;justify-content:flex-start}.navbar-expand-md .navbar-nav{flex-direction:row}.navbar-expand-md .navbar-nav .dropdown-menu{position:absolute}.navbar-expand-md .navbar-nav .nav-link{padding-right:var(--bs-navbar-nav-link-padding-x);padding-left:var(--bs-navbar-nav-link-padding-x)}.navbar-expand-md .navbar-nav-scroll{overflow:visible}.navbar-expand-md .navbar-collapse{display:flex!important;flex-basis:auto}.navbar-expand-md .navbar-toggler{display:none}.navbar-expand-md .offcanvas{position:static;z-index:auto;flex-grow:1;width:auto!important;height:auto!important;visibility:visible!important;background-color:transparent!important;border:0!important;transform:none!important;transition:none}.navbar-expand-md .offcanvas .offcanvas-header{display:none}.navbar-expand-md .offcanvas .offcanvas-body{display:flex;flex-grow:0;padding:0;overflow-y:visible}}@media (min-width: 992px){.navbar-expand-lg{flex-wrap:nowrap;justify-content:flex-start}.navbar-expand-lg .navbar-nav{flex-direction:row}.navbar-expand-lg .navbar-nav .dropdown-menu{position:absolute}.navbar-expand-lg .navbar-nav .nav-link{padding-right:var(--bs-navbar-nav-link-padding-x);padding-left:var(--bs-navbar-nav-link-padding-x)}.navbar-expand-lg .navbar-nav-scroll{overflow:visible}.navbar-expand-lg .navbar-collapse{display:flex!important;flex-basis:auto}.navbar-expand-lg .navbar-toggler{display:none}.navbar-expand-lg .offcanvas{position:static;z-index:auto;flex-grow:1;width:auto!important;height:auto!important;visibility:visible!important;background-color:transparent!important;border:0!important;transform:none!important;transition:none}.navbar-expand-lg .offcanvas .offcanvas-header{display:none}.navbar-expand-lg .offcanvas .offcanvas-body{display:flex;flex-grow:0;padding:0;overflow-y:visible}}@media (min-width: 1200px){.navbar-expand-xl{flex-wrap:nowrap;justify-content:flex-start}.navbar-expand-xl .navbar-nav{flex-direction:row}.navbar-expand-xl .navbar-nav .dropdown-menu{position:absolute}.navbar-expand-xl .navbar-nav .nav-link{padding-right:var(--bs-navbar-nav-link-padding-x);padding-left:var(--bs-navbar-nav-link-padding-x)}.navbar-expand-xl .navbar-nav-scroll{overflow:visible}.navbar-expand-xl .navbar-collapse{display:flex!important;flex-basis:auto}.navbar-expand-xl .navbar-toggler{display:none}.navbar-expand-xl .offcanvas{position:static;z-index:auto;flex-grow:1;width:auto!important;height:auto!important;visibility:visible!important;background-color:transparent!important;border:0!important;transform:none!important;transition:none}.navbar-expand-xl .offcanvas .offcanvas-header{display:none}.navbar-expand-xl .offcanvas .offcanvas-body{display:flex;flex-grow:0;padding:0;overflow-y:visible}}@media (min-width: 1400px){.navbar-expand-xxl{flex-wrap:nowrap;justify-content:flex-start}.navbar-expand-xxl .navbar-nav{flex-direction:row}.navbar-expand-xxl .navbar-nav .dropdown-menu{position:absolute}.navbar-expand-xxl .navbar-nav .nav-link{padding-right:var(--bs-navbar-nav-link-padding-x);padding-left:var(--bs-navbar-nav-link-padding-x)}.navbar-expand-xxl .navbar-nav-scroll{overflow:visible}.navbar-expand-xxl .navbar-collapse{display:flex!important;flex-basis:auto}.navbar-expand-xxl .navbar-toggler{display:none}.navbar-expand-xxl .offcanvas{position:static;z-index:auto;flex-grow:1;width:auto!important;height:auto!important;visibility:visible!important;background-color:transparent!important;border:0!important;transform:none!important;transition:none}.navbar-expand-xxl .offcanvas .offcanvas-header{display:none}.navbar-expand-xxl .offcanvas .offcanvas-body{display:flex;flex-grow:0;padding:0;overflow-y:visible}}.navbar-expand{flex-wrap:nowrap;justify-content:flex-start}.navbar-expand .navbar-nav{flex-direction:row}.navbar-expand .navbar-nav .dropdown-menu{position:absolute}.navbar-expand .navbar-nav .nav-link{padding-right:var(--bs-navbar-nav-link-padding-x);padding-left:var(--bs-navbar-nav-link-padding-x)}.navbar-expand .navbar-nav-scroll{overflow:visible}.navbar-expand .navbar-collapse{display:flex!important;flex-basis:auto}.navbar-expand .navbar-toggler{display:none}.navbar-expand .offcanvas{position:static;z-index:auto;flex-grow:1;width:auto!important;height:auto!important;visibility:visible!important;background-color:transparent!important;border:0!important;transform:none!important;transition:none}.navbar-expand .offcanvas .offcanvas-header{display:none}.navbar-expand .offcanvas .offcanvas-body{display:flex;flex-grow:0;padding:0;overflow-y:visible}.navbar-dark,.navbar[data-bs-theme=dark]{--bs-navbar-color: rgba(255, 255, 255, .55);--bs-navbar-hover-color: rgba(255, 255, 255, .75);--bs-navbar-disabled-color: rgba(255, 255, 255, .25);--bs-navbar-active-color: #fff;--bs-navbar-brand-color: #fff;--bs-navbar-brand-hover-color: #fff;--bs-navbar-toggler-border-color: rgba(255, 255, 255, .1);--bs-navbar-toggler-icon-bg: url("data:image/svg+xml,%3csvg xmlns='http://www.w3.org/2000/svg' viewBox='0 0 30 30'%3e%3cpath stroke='rgba%28255, 255, 255, 0.55%29' stroke-linecap='round' stroke-miterlimit='10' stroke-width='2' d='M4 7h22M4 15h22M4 23h22'/%3e%3c/svg%3e")}[data-bs-theme=dark] .navbar-toggler-icon{--bs-navbar-toggler-icon-bg: url("data:image/svg+xml,%3csvg xmlns='http://www.w3.org/2000/svg' viewBox='0 0 30 30'%3e%3cpath stroke='rgba%28255, 255, 255, 0.55%29' stroke-linecap='round' stroke-miterlimit='10' stroke-width='2' d='M4 7h22M4 15h22M4 23h22'/%3e%3c/svg%3e")}.card{--bs-card-spacer-y: 1rem;--bs-card-spacer-x: 1rem;--bs-card-title-spacer-y: .5rem;--bs-card-title-color: ;--bs-card-subtitle-color: ;--bs-card-border-width: var(--bs-border-width);--bs-card-border-color: var(--bs-border-color-translucent);--bs-card-border-radius: var(--bs-border-radius);--bs-card-box-shadow: ;--bs-card-inner-border-radius: calc(var(--bs-border-radius) - (var(--bs-border-width)));--bs-card-cap-padding-y: .5rem;--bs-card-cap-padding-x: 1rem;--bs-card-cap-bg: rgba(var(--bs-body-color-rgb), .03);--bs-card-cap-color: ;--bs-card-height: ;--bs-card-color: ;--bs-card-bg: var(--bs-body-bg);--bs-card-img-overlay-padding: 1rem;--bs-card-group-margin: .75rem;position:relative;display:flex;flex-direction:column;min-width:0;height:var(--bs-card-height);color:var(--bs-body-color);word-wrap:break-word;background-color:var(--bs-card-bg);background-clip:border-box;border:var(--bs-card-border-width) solid var(--bs-card-border-color);border-radius:var(--bs-card-border-radius)}.card>hr{margin-right:0;margin-left:0}.card>.list-group{border-top:inherit;border-bottom:inherit}.card>.list-group:first-child{border-top-width:0;border-top-left-radius:var(--bs-card-inner-border-radius);border-top-right-radius:var(--bs-card-inner-border-radius)}.card>.list-group:last-child{border-bottom-width:0;border-bottom-right-radius:var(--bs-card-inner-border-radius);border-bottom-left-radius:var(--bs-card-inner-border-radius)}.card>.card-header+.list-group,.card>.list-group+.card-footer{border-top:0}.card-body{flex:1 1 auto;padding:var(--bs-card-spacer-y) var(--bs-card-spacer-x);color:var(--bs-card-color)}.card-title{margin-bottom:var(--bs-card-title-spacer-y);color:var(--bs-card-title-color)}.card-subtitle{margin-top:calc(-.5 * var(--bs-card-title-spacer-y));margin-bottom:0;color:var(--bs-card-subtitle-color)}.card-text:last-child{margin-bottom:0}.card-link+.card-link{margin-left:var(--bs-card-spacer-x)}.card-header{padding:var(--bs-card-cap-padding-y) var(--bs-card-cap-padding-x);margin-bottom:0;color:var(--bs-card-cap-color);background-color:var(--bs-card-cap-bg);border-bottom:var(--bs-card-border-width) solid var(--bs-card-border-color)}.card-header:first-child{border-radius:var(--bs-card-inner-border-radius) var(--bs-card-inner-border-radius) 0 0}.card-footer{padding:var(--bs-card-cap-padding-y) var(--bs-card-cap-padding-x);color:var(--bs-card-cap-color);background-color:var(--bs-card-cap-bg);border-top:var(--bs-card-border-width) solid var(--bs-card-border-color)}.card-footer:last-child{border-radius:0 0 var(--bs-card-inner-border-radius) var(--bs-card-inner-border-radius)}.card-header-tabs{margin-right:calc(-.5 * var(--bs-card-cap-padding-x));margin-bottom:calc(-1 * var(--bs-card-cap-padding-y));margin-left:calc(-.5 * var(--bs-card-cap-padding-x));border-bottom:0}.card-header-tabs .nav-link.active{background-color:var(--bs-card-bg);border-bottom-color:var(--bs-card-bg)}.card-header-pills{margin-right:calc(-.5 * var(--bs-card-cap-padding-x));margin-left:calc(-.5 * var(--bs-card-cap-padding-x))}.card-img-overlay{position:absolute;inset:0;padding:var(--bs-card-img-overlay-padding);border-radius:var(--bs-card-inner-border-radius)}.card-img,.card-img-top,.card-img-bottom{width:100%}.card-img,.card-img-top{border-top-left-radius:var(--bs-card-inner-border-radius);border-top-right-radius:var(--bs-card-inner-border-radius)}.card-img,.card-img-bottom{border-bottom-right-radius:var(--bs-card-inner-border-radius);border-bottom-left-radius:var(--bs-card-inner-border-radius)}.card-group>.card{margin-bottom:var(--bs-card-group-margin)}@media (min-width: 576px){.card-group{display:flex;flex-flow:row wrap}.card-group>.card{flex:1 0 0%;margin-bottom:0}.card-group>.card+.card{margin-left:0;border-left:0}.card-group>.card:not(:last-child){border-top-right-radius:0;border-bottom-right-radius:0}.card-group>.card:not(:last-child) .card-img-top,.card-group>.card:not(:last-child) .card-header{border-top-right-radius:0}.card-group>.card:not(:last-child) .card-img-bottom,.card-group>.card:not(:last-child) .card-footer{border-bottom-right-radius:0}.card-group>.card:not(:first-child){border-top-left-radius:0;border-bottom-left-radius:0}.card-group>.card:not(:first-child) .card-img-top,.card-group>.card:not(:first-child) .card-header{border-top-left-radius:0}.card-group>.card:not(:first-child) .card-img-bottom,.card-group>.card:not(:first-child) .card-footer{border-bottom-left-radius:0}}.accordion{--bs-accordion-color: var(--bs-body-color);--bs-accordion-bg: var(--bs-body-bg);--bs-accordion-transition: color .15s ease-in-out, background-color .15s ease-in-out, border-color .15s ease-in-out, box-shadow .15s ease-in-out, border-radius .15s ease;--bs-accordion-border-color: var(--bs-border-color);--bs-accordion-border-width: var(--bs-border-width);--bs-accordion-border-radius: var(--bs-border-radius);--bs-accordion-inner-border-radius: calc(var(--bs-border-radius) - (var(--bs-border-width)));--bs-accordion-btn-padding-x: 1.25rem;--bs-accordion-btn-padding-y: 1rem;--bs-accordion-btn-color: var(--bs-body-color);--bs-accordion-btn-bg: var(--bs-accordion-bg);--bs-accordion-btn-icon: url("data:image/svg+xml,%3csvg xmlns='http://www.w3.org/2000/svg' viewBox='0 0 16 16' fill='none' stroke='%23212529' stroke-linecap='round' stroke-linejoin='round'%3e%3cpath d='M2 5L8 11L14 5'/%3e%3c/svg%3e");--bs-accordion-btn-icon-width: 1.25rem;--bs-accordion-btn-icon-transform: rotate(-180deg);--bs-accordion-btn-icon-transition: transform .2s ease-in-out;--bs-accordion-btn-active-icon: url("data:image/svg+xml,%3csvg xmlns='http://www.w3.org/2000/svg' viewBox='0 0 16 16' fill='none' stroke='%23052c65' stroke-linecap='round' stroke-linejoin='round'%3e%3cpath d='M2 5L8 11L14 5'/%3e%3c/svg%3e");--bs-accordion-btn-focus-box-shadow: 0 0 0 .25rem rgba(13, 110, 253, .25);--bs-accordion-body-padding-x: 1.25rem;--bs-accordion-body-padding-y: 1rem;--bs-accordion-active-color: var(--bs-primary-text-emphasis);--bs-accordion-active-bg: var(--bs-primary-bg-subtle)}.accordion-button{position:relative;display:flex;align-items:center;width:100%;padding:var(--bs-accordion-btn-padding-y) var(--bs-accordion-btn-padding-x);font-size:1rem;color:var(--bs-accordion-btn-color);text-align:left;background-color:var(--bs-accordion-btn-bg);border:0;border-radius:0;overflow-anchor:none;transition:var(--bs-accordion-transition)}@media (prefers-reduced-motion: reduce){.accordion-button{transition:none}}.accordion-button:not(.collapsed){color:var(--bs-accordion-active-color);background-color:var(--bs-accordion-active-bg);box-shadow:inset 0 calc(-1 * var(--bs-accordion-border-width)) 0 var(--bs-accordion-border-color)}.accordion-button:not(.collapsed):after{background-image:var(--bs-accordion-btn-active-icon);transform:var(--bs-accordion-btn-icon-transform)}.accordion-button:after{flex-shrink:0;width:var(--bs-accordion-btn-icon-width);height:var(--bs-accordion-btn-icon-width);margin-left:auto;content:"";background-image:var(--bs-accordion-btn-icon);background-repeat:no-repeat;background-size:var(--bs-accordion-btn-icon-width);transition:var(--bs-accordion-btn-icon-transition)}@media (prefers-reduced-motion: reduce){.accordion-button:after{transition:none}}.accordion-button:hover{z-index:2}.accordion-button:focus{z-index:3;outline:0;box-shadow:var(--bs-accordion-btn-focus-box-shadow)}.accordion-header{margin-bottom:0}.accordion-item{color:var(--bs-accordion-color);background-color:var(--bs-accordion-bg);border:var(--bs-accordion-border-width) solid var(--bs-accordion-border-color)}.accordion-item:first-of-type{border-top-left-radius:var(--bs-accordion-border-radius);border-top-right-radius:var(--bs-accordion-border-radius)}.accordion-item:first-of-type>.accordion-header .accordion-button{border-top-left-radius:var(--bs-accordion-inner-border-radius);border-top-right-radius:var(--bs-accordion-inner-border-radius)}.accordion-item:not(:first-of-type){border-top:0}.accordion-item:last-of-type{border-bottom-right-radius:var(--bs-accordion-border-radius);border-bottom-left-radius:var(--bs-accordion-border-radius)}.accordion-item:last-of-type>.accordion-header .accordion-button.collapsed{border-bottom-right-radius:var(--bs-accordion-inner-border-radius);border-bottom-left-radius:var(--bs-accordion-inner-border-radius)}.accordion-item:last-of-type>.accordion-collapse{border-bottom-right-radius:var(--bs-accordion-border-radius);border-bottom-left-radius:var(--bs-accordion-border-radius)}.accordion-body{padding:var(--bs-accordion-body-padding-y) var(--bs-accordion-body-padding-x)}.accordion-flush>.accordion-item{border-right:0;border-left:0;border-radius:0}.accordion-flush>.accordion-item:first-child{border-top:0}.accordion-flush>.accordion-item:last-child{border-bottom:0}.accordion-flush>.accordion-item>.accordion-header .accordion-button,.accordion-flush>.accordion-item>.accordion-header .accordion-button.collapsed{border-radius:0}.accordion-flush>.accordion-item>.accordion-collapse{border-radius:0}[data-bs-theme=dark] .accordion-button:after{--bs-accordion-btn-icon: url("data:image/svg+xml,%3csvg xmlns='http://www.w3.org/2000/svg' viewBox='0 0 16 16' fill='%236ea8fe'%3e%3cpath fill-rule='evenodd' d='M1.646 4.646a.5.5 0 0 1 .708 0L8 10.293l5.646-5.647a.5.5 0 0 1 .708.708l-6 6a.5.5 0 0 1-.708 0l-6-6a.5.5 0 0 1 0-.708z'/%3e%3c/svg%3e");--bs-accordion-btn-active-icon: url("data:image/svg+xml,%3csvg xmlns='http://www.w3.org/2000/svg' viewBox='0 0 16 16' fill='%236ea8fe'%3e%3cpath fill-rule='evenodd' d='M1.646 4.646a.5.5 0 0 1 .708 0L8 10.293l5.646-5.647a.5.5 0 0 1 .708.708l-6 6a.5.5 0 0 1-.708 0l-6-6a.5.5 0 0 1 0-.708z'/%3e%3c/svg%3e")}.breadcrumb{--bs-breadcrumb-padding-x: 0;--bs-breadcrumb-padding-y: 0;--bs-breadcrumb-margin-bottom: 1rem;--bs-breadcrumb-bg: ;--bs-breadcrumb-border-radius: ;--bs-breadcrumb-divider-color: var(--bs-secondary-color);--bs-breadcrumb-item-padding-x: .5rem;--bs-breadcrumb-item-active-color: var(--bs-secondary-color);display:flex;flex-wrap:wrap;padding:var(--bs-breadcrumb-padding-y) var(--bs-breadcrumb-padding-x);margin-bottom:var(--bs-breadcrumb-margin-bottom);font-size:var(--bs-breadcrumb-font-size);list-style:none;background-color:var(--bs-breadcrumb-bg);border-radius:var(--bs-breadcrumb-border-radius)}.breadcrumb-item+.breadcrumb-item{padding-left:var(--bs-breadcrumb-item-padding-x)}.breadcrumb-item+.breadcrumb-item:before{float:left;padding-right:var(--bs-breadcrumb-item-padding-x);color:var(--bs-breadcrumb-divider-color);content:var(--bs-breadcrumb-divider, "/")}.breadcrumb-item.active{color:var(--bs-breadcrumb-item-active-color)}.pagination{--bs-pagination-padding-x: .75rem;--bs-pagination-padding-y: .375rem;--bs-pagination-font-size: 1rem;--bs-pagination-color: var(--bs-link-color);--bs-pagination-bg: var(--bs-body-bg);--bs-pagination-border-width: var(--bs-border-width);--bs-pagination-border-color: var(--bs-border-color);--bs-pagination-border-radius: var(--bs-border-radius);--bs-pagination-hover-color: var(--bs-link-hover-color);--bs-pagination-hover-bg: var(--bs-tertiary-bg);--bs-pagination-hover-border-color: var(--bs-border-color);--bs-pagination-focus-color: var(--bs-link-hover-color);--bs-pagination-focus-bg: var(--bs-secondary-bg);--bs-pagination-focus-box-shadow: 0 0 0 .25rem rgba(13, 110, 253, .25);--bs-pagination-active-color: #fff;--bs-pagination-active-bg: #0d6efd;--bs-pagination-active-border-color: #0d6efd;--bs-pagination-disabled-color: var(--bs-secondary-color);--bs-pagination-disabled-bg: var(--bs-secondary-bg);--bs-pagination-disabled-border-color: var(--bs-border-color);display:flex;padding-left:0;list-style:none}.page-link{position:relative;display:block;padding:var(--bs-pagination-padding-y) var(--bs-pagination-padding-x);font-size:var(--bs-pagination-font-size);color:var(--bs-pagination-color);text-decoration:none;background-color:var(--bs-pagination-bg);border:var(--bs-pagination-border-width) solid var(--bs-pagination-border-color);transition:color .15s ease-in-out,background-color .15s ease-in-out,border-color .15s ease-in-out,box-shadow .15s ease-in-out}@media (prefers-reduced-motion: reduce){.page-link{transition:none}}.page-link:hover{z-index:2;color:var(--bs-pagination-hover-color);background-color:var(--bs-pagination-hover-bg);border-color:var(--bs-pagination-hover-border-color)}.page-link:focus{z-index:3;color:var(--bs-pagination-focus-color);background-color:var(--bs-pagination-focus-bg);outline:0;box-shadow:var(--bs-pagination-focus-box-shadow)}.page-link.active,.active>.page-link{z-index:3;color:var(--bs-pagination-active-color);background-color:var(--bs-pagination-active-bg);border-color:var(--bs-pagination-active-border-color)}.page-link.disabled,.disabled>.page-link{color:var(--bs-pagination-disabled-color);pointer-events:none;background-color:var(--bs-pagination-disabled-bg);border-color:var(--bs-pagination-disabled-border-color)}.page-item:not(:first-child) .page-link{margin-left:calc(var(--bs-border-width) * -1)}.page-item:first-child .page-link{border-top-left-radius:var(--bs-pagination-border-radius);border-bottom-left-radius:var(--bs-pagination-border-radius)}.page-item:last-child .page-link{border-top-right-radius:var(--bs-pagination-border-radius);border-bottom-right-radius:var(--bs-pagination-border-radius)}.pagination-lg{--bs-pagination-padding-x: 1.5rem;--bs-pagination-padding-y: .75rem;--bs-pagination-font-size: 1.25rem;--bs-pagination-border-radius: var(--bs-border-radius-lg)}.pagination-sm{--bs-pagination-padding-x: .5rem;--bs-pagination-padding-y: .25rem;--bs-pagination-font-size: .875rem;--bs-pagination-border-radius: var(--bs-border-radius-sm)}.badge{--bs-badge-padding-x: .65em;--bs-badge-padding-y: .35em;--bs-badge-font-size: .75em;--bs-badge-font-weight: 700;--bs-badge-color: #fff;--bs-badge-border-radius: var(--bs-border-radius);display:inline-block;padding:var(--bs-badge-padding-y) var(--bs-badge-padding-x);font-size:var(--bs-badge-font-size);font-weight:var(--bs-badge-font-weight);line-height:1;color:var(--bs-badge-color);text-align:center;white-space:nowrap;vertical-align:baseline;border-radius:var(--bs-badge-border-radius)}.badge:empty{display:none}.btn .badge{position:relative;top:-1px}.alert{--bs-alert-bg: transparent;--bs-alert-padding-x: 1rem;--bs-alert-padding-y: 1rem;--bs-alert-margin-bottom: 1rem;--bs-alert-color: inherit;--bs-alert-border-color: transparent;--bs-alert-border: var(--bs-border-width) solid var(--bs-alert-border-color);--bs-alert-border-radius: var(--bs-border-radius);--bs-alert-link-color: inherit;position:relative;padding:var(--bs-alert-padding-y) var(--bs-alert-padding-x);margin-bottom:var(--bs-alert-margin-bottom);color:var(--bs-alert-color);background-color:var(--bs-alert-bg);border:var(--bs-alert-border);border-radius:var(--bs-alert-border-radius)}.alert-heading{color:inherit}.alert-link{font-weight:700;color:var(--bs-alert-link-color)}.alert-dismissible{padding-right:3rem}.alert-dismissible .btn-close{position:absolute;top:0;right:0;z-index:2;padding:1.25rem 1rem}.alert-primary{--bs-alert-color: var(--bs-primary-text-emphasis);--bs-alert-bg: var(--bs-primary-bg-subtle);--bs-alert-border-color: var(--bs-primary-border-subtle);--bs-alert-link-color: var(--bs-primary-text-emphasis)}.alert-secondary{--bs-alert-color: var(--bs-secondary-text-emphasis);--bs-alert-bg: var(--bs-secondary-bg-subtle);--bs-alert-border-color: var(--bs-secondary-border-subtle);--bs-alert-link-color: var(--bs-secondary-text-emphasis)}.alert-success{--bs-alert-color: var(--bs-success-text-emphasis);--bs-alert-bg: var(--bs-success-bg-subtle);--bs-alert-border-color: var(--bs-success-border-subtle);--bs-alert-link-color: var(--bs-success-text-emphasis)}.alert-info{--bs-alert-color: var(--bs-info-text-emphasis);--bs-alert-bg: var(--bs-info-bg-subtle);--bs-alert-border-color: var(--bs-info-border-subtle);--bs-alert-link-color: var(--bs-info-text-emphasis)}.alert-warning{--bs-alert-color: var(--bs-warning-text-emphasis);--bs-alert-bg: var(--bs-warning-bg-subtle);--bs-alert-border-color: var(--bs-warning-border-subtle);--bs-alert-link-color: var(--bs-warning-text-emphasis)}.alert-danger{--bs-alert-color: var(--bs-danger-text-emphasis);--bs-alert-bg: var(--bs-danger-bg-subtle);--bs-alert-border-color: var(--bs-danger-border-subtle);--bs-alert-link-color: var(--bs-danger-text-emphasis)}.alert-light{--bs-alert-color: var(--bs-light-text-emphasis);--bs-alert-bg: var(--bs-light-bg-subtle);--bs-alert-border-color: var(--bs-light-border-subtle);--bs-alert-link-color: var(--bs-light-text-emphasis)}.alert-dark{--bs-alert-color: var(--bs-dark-text-emphasis);--bs-alert-bg: var(--bs-dark-bg-subtle);--bs-alert-border-color: var(--bs-dark-border-subtle);--bs-alert-link-color: var(--bs-dark-text-emphasis)}@keyframes progress-bar-stripes{0%{background-position-x:1rem}}.progress,.progress-stacked{--bs-progress-height: 1rem;--bs-progress-font-size: .75rem;--bs-progress-bg: var(--bs-secondary-bg);--bs-progress-border-radius: var(--bs-border-radius);--bs-progress-box-shadow: var(--bs-box-shadow-inset);--bs-progress-bar-color: #fff;--bs-progress-bar-bg: #0d6efd;--bs-progress-bar-transition: width .6s ease;display:flex;height:var(--bs-progress-height);overflow:hidden;font-size:var(--bs-progress-font-size);background-color:var(--bs-progress-bg);border-radius:var(--bs-progress-border-radius)}.progress-bar{display:flex;flex-direction:column;justify-content:center;overflow:hidden;color:var(--bs-progress-bar-color);text-align:center;white-space:nowrap;background-color:var(--bs-progress-bar-bg);transition:var(--bs-progress-bar-transition)}@media (prefers-reduced-motion: reduce){.progress-bar{transition:none}}.progress-bar-striped{background-image:linear-gradient(45deg,rgba(255,255,255,.15) 25%,transparent 25%,transparent 50%,rgba(255,255,255,.15) 50%,rgba(255,255,255,.15) 75%,transparent 75%,transparent);background-size:var(--bs-progress-height) var(--bs-progress-height)}.progress-stacked>.progress{overflow:visible}.progress-stacked>.progress>.progress-bar{width:100%}.progress-bar-animated{animation:1s linear infinite progress-bar-stripes}@media (prefers-reduced-motion: reduce){.progress-bar-animated{animation:none}}.list-group{--bs-list-group-color: var(--bs-body-color);--bs-list-group-bg: var(--bs-body-bg);--bs-list-group-border-color: var(--bs-border-color);--bs-list-group-border-width: var(--bs-border-width);--bs-list-group-border-radius: var(--bs-border-radius);--bs-list-group-item-padding-x: 1rem;--bs-list-group-item-padding-y: .5rem;--bs-list-group-action-color: var(--bs-secondary-color);--bs-list-group-action-hover-color: var(--bs-emphasis-color);--bs-list-group-action-hover-bg: var(--bs-tertiary-bg);--bs-list-group-action-active-color: var(--bs-body-color);--bs-list-group-action-active-bg: var(--bs-secondary-bg);--bs-list-group-disabled-color: var(--bs-secondary-color);--bs-list-group-disabled-bg: var(--bs-body-bg);--bs-list-group-active-color: #fff;--bs-list-group-active-bg: #0d6efd;--bs-list-group-active-border-color: #0d6efd;display:flex;flex-direction:column;padding-left:0;margin-bottom:0;border-radius:var(--bs-list-group-border-radius)}.list-group-numbered{list-style-type:none;counter-reset:section}.list-group-numbered>.list-group-item:before{content:counters(section,".") ". ";counter-increment:section}.list-group-item-action{width:100%;color:var(--bs-list-group-action-color);text-align:inherit}.list-group-item-action:hover,.list-group-item-action:focus{z-index:1;color:var(--bs-list-group-action-hover-color);text-decoration:none;background-color:var(--bs-list-group-action-hover-bg)}.list-group-item-action:active{color:var(--bs-list-group-action-active-color);background-color:var(--bs-list-group-action-active-bg)}.list-group-item{position:relative;display:block;padding:var(--bs-list-group-item-padding-y) var(--bs-list-group-item-padding-x);color:var(--bs-list-group-color);text-decoration:none;background-color:var(--bs-list-group-bg);border:var(--bs-list-group-border-width) solid var(--bs-list-group-border-color)}.list-group-item:first-child{border-top-left-radius:inherit;border-top-right-radius:inherit}.list-group-item:last-child{border-bottom-right-radius:inherit;border-bottom-left-radius:inherit}.list-group-item.disabled,.list-group-item:disabled{color:var(--bs-list-group-disabled-color);pointer-events:none;background-color:var(--bs-list-group-disabled-bg)}.list-group-item.active{z-index:2;color:var(--bs-list-group-active-color);background-color:var(--bs-list-group-active-bg);border-color:var(--bs-list-group-active-border-color)}.list-group-item+.list-group-item{border-top-width:0}.list-group-item+.list-group-item.active{margin-top:calc(-1 * var(--bs-list-group-border-width));border-top-width:var(--bs-list-group-border-width)}.list-group-horizontal{flex-direction:row}.list-group-horizontal>.list-group-item:first-child:not(:last-child){border-bottom-left-radius:var(--bs-list-group-border-radius);border-top-right-radius:0}.list-group-horizontal>.list-group-item:last-child:not(:first-child){border-top-right-radius:var(--bs-list-group-border-radius);border-bottom-left-radius:0}.list-group-horizontal>.list-group-item.active{margin-top:0}.list-group-horizontal>.list-group-item+.list-group-item{border-top-width:var(--bs-list-group-border-width);border-left-width:0}.list-group-horizontal>.list-group-item+.list-group-item.active{margin-left:calc(-1 * var(--bs-list-group-border-width));border-left-width:var(--bs-list-group-border-width)}@media (min-width: 576px){.list-group-horizontal-sm{flex-direction:row}.list-group-horizontal-sm>.list-group-item:first-child:not(:last-child){border-bottom-left-radius:var(--bs-list-group-border-radius);border-top-right-radius:0}.list-group-horizontal-sm>.list-group-item:last-child:not(:first-child){border-top-right-radius:var(--bs-list-group-border-radius);border-bottom-left-radius:0}.list-group-horizontal-sm>.list-group-item.active{margin-top:0}.list-group-horizontal-sm>.list-group-item+.list-group-item{border-top-width:var(--bs-list-group-border-width);border-left-width:0}.list-group-horizontal-sm>.list-group-item+.list-group-item.active{margin-left:calc(-1 * var(--bs-list-group-border-width));border-left-width:var(--bs-list-group-border-width)}}@media (min-width: 768px){.list-group-horizontal-md{flex-direction:row}.list-group-horizontal-md>.list-group-item:first-child:not(:last-child){border-bottom-left-radius:var(--bs-list-group-border-radius);border-top-right-radius:0}.list-group-horizontal-md>.list-group-item:last-child:not(:first-child){border-top-right-radius:var(--bs-list-group-border-radius);border-bottom-left-radius:0}.list-group-horizontal-md>.list-group-item.active{margin-top:0}.list-group-horizontal-md>.list-group-item+.list-group-item{border-top-width:var(--bs-list-group-border-width);border-left-width:0}.list-group-horizontal-md>.list-group-item+.list-group-item.active{margin-left:calc(-1 * var(--bs-list-group-border-width));border-left-width:var(--bs-list-group-border-width)}}@media (min-width: 992px){.list-group-horizontal-lg{flex-direction:row}.list-group-horizontal-lg>.list-group-item:first-child:not(:last-child){border-bottom-left-radius:var(--bs-list-group-border-radius);border-top-right-radius:0}.list-group-horizontal-lg>.list-group-item:last-child:not(:first-child){border-top-right-radius:var(--bs-list-group-border-radius);border-bottom-left-radius:0}.list-group-horizontal-lg>.list-group-item.active{margin-top:0}.list-group-horizontal-lg>.list-group-item+.list-group-item{border-top-width:var(--bs-list-group-border-width);border-left-width:0}.list-group-horizontal-lg>.list-group-item+.list-group-item.active{margin-left:calc(-1 * var(--bs-list-group-border-width));border-left-width:var(--bs-list-group-border-width)}}@media (min-width: 1200px){.list-group-horizontal-xl{flex-direction:row}.list-group-horizontal-xl>.list-group-item:first-child:not(:last-child){border-bottom-left-radius:var(--bs-list-group-border-radius);border-top-right-radius:0}.list-group-horizontal-xl>.list-group-item:last-child:not(:first-child){border-top-right-radius:var(--bs-list-group-border-radius);border-bottom-left-radius:0}.list-group-horizontal-xl>.list-group-item.active{margin-top:0}.list-group-horizontal-xl>.list-group-item+.list-group-item{border-top-width:var(--bs-list-group-border-width);border-left-width:0}.list-group-horizontal-xl>.list-group-item+.list-group-item.active{margin-left:calc(-1 * var(--bs-list-group-border-width));border-left-width:var(--bs-list-group-border-width)}}@media (min-width: 1400px){.list-group-horizontal-xxl{flex-direction:row}.list-group-horizontal-xxl>.list-group-item:first-child:not(:last-child){border-bottom-left-radius:var(--bs-list-group-border-radius);border-top-right-radius:0}.list-group-horizontal-xxl>.list-group-item:last-child:not(:first-child){border-top-right-radius:var(--bs-list-group-border-radius);border-bottom-left-radius:0}.list-group-horizontal-xxl>.list-group-item.active{margin-top:0}.list-group-horizontal-xxl>.list-group-item+.list-group-item{border-top-width:var(--bs-list-group-border-width);border-left-width:0}.list-group-horizontal-xxl>.list-group-item+.list-group-item.active{margin-left:calc(-1 * var(--bs-list-group-border-width));border-left-width:var(--bs-list-group-border-width)}}.list-group-flush{border-radius:0}.list-group-flush>.list-group-item{border-width:0 0 var(--bs-list-group-border-width)}.list-group-flush>.list-group-item:last-child{border-bottom-width:0}.list-group-item-primary{--bs-list-group-color: var(--bs-primary-text-emphasis);--bs-list-group-bg: var(--bs-primary-bg-subtle);--bs-list-group-border-color: var(--bs-primary-border-subtle);--bs-list-group-action-hover-color: var(--bs-emphasis-color);--bs-list-group-action-hover-bg: var(--bs-primary-border-subtle);--bs-list-group-action-active-color: var(--bs-emphasis-color);--bs-list-group-action-active-bg: var(--bs-primary-border-subtle);--bs-list-group-active-color: var(--bs-primary-bg-subtle);--bs-list-group-active-bg: var(--bs-primary-text-emphasis);--bs-list-group-active-border-color: var(--bs-primary-text-emphasis)}.list-group-item-secondary{--bs-list-group-color: var(--bs-secondary-text-emphasis);--bs-list-group-bg: var(--bs-secondary-bg-subtle);--bs-list-group-border-color: var(--bs-secondary-border-subtle);--bs-list-group-action-hover-color: var(--bs-emphasis-color);--bs-list-group-action-hover-bg: var(--bs-secondary-border-subtle);--bs-list-group-action-active-color: var(--bs-emphasis-color);--bs-list-group-action-active-bg: var(--bs-secondary-border-subtle);--bs-list-group-active-color: var(--bs-secondary-bg-subtle);--bs-list-group-active-bg: var(--bs-secondary-text-emphasis);--bs-list-group-active-border-color: var(--bs-secondary-text-emphasis)}.list-group-item-success{--bs-list-group-color: var(--bs-success-text-emphasis);--bs-list-group-bg: var(--bs-success-bg-subtle);--bs-list-group-border-color: var(--bs-success-border-subtle);--bs-list-group-action-hover-color: var(--bs-emphasis-color);--bs-list-group-action-hover-bg: var(--bs-success-border-subtle);--bs-list-group-action-active-color: var(--bs-emphasis-color);--bs-list-group-action-active-bg: var(--bs-success-border-subtle);--bs-list-group-active-color: var(--bs-success-bg-subtle);--bs-list-group-active-bg: var(--bs-success-text-emphasis);--bs-list-group-active-border-color: var(--bs-success-text-emphasis)}.list-group-item-info{--bs-list-group-color: var(--bs-info-text-emphasis);--bs-list-group-bg: var(--bs-info-bg-subtle);--bs-list-group-border-color: var(--bs-info-border-subtle);--bs-list-group-action-hover-color: var(--bs-emphasis-color);--bs-list-group-action-hover-bg: var(--bs-info-border-subtle);--bs-list-group-action-active-color: var(--bs-emphasis-color);--bs-list-group-action-active-bg: var(--bs-info-border-subtle);--bs-list-group-active-color: var(--bs-info-bg-subtle);--bs-list-group-active-bg: var(--bs-info-text-emphasis);--bs-list-group-active-border-color: var(--bs-info-text-emphasis)}.list-group-item-warning{--bs-list-group-color: var(--bs-warning-text-emphasis);--bs-list-group-bg: var(--bs-warning-bg-subtle);--bs-list-group-border-color: var(--bs-warning-border-subtle);--bs-list-group-action-hover-color: var(--bs-emphasis-color);--bs-list-group-action-hover-bg: var(--bs-warning-border-subtle);--bs-list-group-action-active-color: var(--bs-emphasis-color);--bs-list-group-action-active-bg: var(--bs-warning-border-subtle);--bs-list-group-active-color: var(--bs-warning-bg-subtle);--bs-list-group-active-bg: var(--bs-warning-text-emphasis);--bs-list-group-active-border-color: var(--bs-warning-text-emphasis)}.list-group-item-danger{--bs-list-group-color: var(--bs-danger-text-emphasis);--bs-list-group-bg: var(--bs-danger-bg-subtle);--bs-list-group-border-color: var(--bs-danger-border-subtle);--bs-list-group-action-hover-color: var(--bs-emphasis-color);--bs-list-group-action-hover-bg: var(--bs-danger-border-subtle);--bs-list-group-action-active-color: var(--bs-emphasis-color);--bs-list-group-action-active-bg: var(--bs-danger-border-subtle);--bs-list-group-active-color: var(--bs-danger-bg-subtle);--bs-list-group-active-bg: var(--bs-danger-text-emphasis);--bs-list-group-active-border-color: var(--bs-danger-text-emphasis)}.list-group-item-light{--bs-list-group-color: var(--bs-light-text-emphasis);--bs-list-group-bg: var(--bs-light-bg-subtle);--bs-list-group-border-color: var(--bs-light-border-subtle);--bs-list-group-action-hover-color: var(--bs-emphasis-color);--bs-list-group-action-hover-bg: var(--bs-light-border-subtle);--bs-list-group-action-active-color: var(--bs-emphasis-color);--bs-list-group-action-active-bg: var(--bs-light-border-subtle);--bs-list-group-active-color: var(--bs-light-bg-subtle);--bs-list-group-active-bg: var(--bs-light-text-emphasis);--bs-list-group-active-border-color: var(--bs-light-text-emphasis)}.list-group-item-dark{--bs-list-group-color: var(--bs-dark-text-emphasis);--bs-list-group-bg: var(--bs-dark-bg-subtle);--bs-list-group-border-color: var(--bs-dark-border-subtle);--bs-list-group-action-hover-color: var(--bs-emphasis-color);--bs-list-group-action-hover-bg: var(--bs-dark-border-subtle);--bs-list-group-action-active-color: var(--bs-emphasis-color);--bs-list-group-action-active-bg: var(--bs-dark-border-subtle);--bs-list-group-active-color: var(--bs-dark-bg-subtle);--bs-list-group-active-bg: var(--bs-dark-text-emphasis);--bs-list-group-active-border-color: var(--bs-dark-text-emphasis)}.btn-close{--bs-btn-close-color: #000;--bs-btn-close-bg: url("data:image/svg+xml,%3csvg xmlns='http://www.w3.org/2000/svg' viewBox='0 0 16 16' fill='%23000'%3e%3cpath d='M.293.293a1 1 0 0 1 1.414 0L8 6.586 14.293.293a1 1 0 1 1 1.414 1.414L9.414 8l6.293 6.293a1 1 0 0 1-1.414 1.414L8 9.414l-6.293 6.293a1 1 0 0 1-1.414-1.414L6.586 8 .293 1.707a1 1 0 0 1 0-1.414z'/%3e%3c/svg%3e");--bs-btn-close-opacity: .5;--bs-btn-close-hover-opacity: .75;--bs-btn-close-focus-shadow: 0 0 0 .25rem rgba(13, 110, 253, .25);--bs-btn-close-focus-opacity: 1;--bs-btn-close-disabled-opacity: .25;--bs-btn-close-white-filter: invert(1) grayscale(100%) brightness(200%);box-sizing:content-box;width:1em;height:1em;padding:.25em;color:var(--bs-btn-close-color);background:transparent var(--bs-btn-close-bg) center/1em auto no-repeat;border:0;border-radius:.375rem;opacity:var(--bs-btn-close-opacity)}.btn-close:hover{color:var(--bs-btn-close-color);text-decoration:none;opacity:var(--bs-btn-close-hover-opacity)}.btn-close:focus{outline:0;box-shadow:var(--bs-btn-close-focus-shadow);opacity:var(--bs-btn-close-focus-opacity)}.btn-close:disabled,.btn-close.disabled{pointer-events:none;-webkit-user-select:none;-moz-user-select:none;user-select:none;opacity:var(--bs-btn-close-disabled-opacity)}.btn-close-white,[data-bs-theme=dark] .btn-close{filter:var(--bs-btn-close-white-filter)}.toast{--bs-toast-zindex: 1090;--bs-toast-padding-x: .75rem;--bs-toast-padding-y: .5rem;--bs-toast-spacing: 1.5rem;--bs-toast-max-width: 350px;--bs-toast-font-size: .875rem;--bs-toast-color: ;--bs-toast-bg: rgba(var(--bs-body-bg-rgb), .85);--bs-toast-border-width: var(--bs-border-width);--bs-toast-border-color: var(--bs-border-color-translucent);--bs-toast-border-radius: var(--bs-border-radius);--bs-toast-box-shadow: var(--bs-box-shadow);--bs-toast-header-color: var(--bs-secondary-color);--bs-toast-header-bg: rgba(var(--bs-body-bg-rgb), .85);--bs-toast-header-border-color: var(--bs-border-color-translucent);width:var(--bs-toast-max-width);max-width:100%;font-size:var(--bs-toast-font-size);color:var(--bs-toast-color);pointer-events:auto;background-color:var(--bs-toast-bg);background-clip:padding-box;border:var(--bs-toast-border-width) solid var(--bs-toast-border-color);box-shadow:var(--bs-toast-box-shadow);border-radius:var(--bs-toast-border-radius)}.toast.showing{opacity:0}.toast:not(.show){display:none}.toast-container{--bs-toast-zindex: 1090;position:absolute;z-index:var(--bs-toast-zindex);width:-webkit-max-content;width:-moz-max-content;width:max-content;max-width:100%;pointer-events:none}.toast-container>:not(:last-child){margin-bottom:var(--bs-toast-spacing)}.toast-header{display:flex;align-items:center;padding:var(--bs-toast-padding-y) var(--bs-toast-padding-x);color:var(--bs-toast-header-color);background-color:var(--bs-toast-header-bg);background-clip:padding-box;border-bottom:var(--bs-toast-border-width) solid var(--bs-toast-header-border-color);border-top-left-radius:calc(var(--bs-toast-border-radius) - var(--bs-toast-border-width));border-top-right-radius:calc(var(--bs-toast-border-radius) - var(--bs-toast-border-width))}.toast-header .btn-close{margin-right:calc(-.5 * var(--bs-toast-padding-x));margin-left:var(--bs-toast-padding-x)}.toast-body{padding:var(--bs-toast-padding-x);word-wrap:break-word}.modal{--bs-modal-zindex: 1055;--bs-modal-width: 500px;--bs-modal-padding: 1rem;--bs-modal-margin: .5rem;--bs-modal-color: ;--bs-modal-bg: var(--bs-body-bg);--bs-modal-border-color: var(--bs-border-color-translucent);--bs-modal-border-width: var(--bs-border-width);--bs-modal-border-radius: var(--bs-border-radius-lg);--bs-modal-box-shadow: var(--bs-box-shadow-sm);--bs-modal-inner-border-radius: calc(var(--bs-border-radius-lg) - (var(--bs-border-width)));--bs-modal-header-padding-x: 1rem;--bs-modal-header-padding-y: 1rem;--bs-modal-header-padding: 1rem 1rem;--bs-modal-header-border-color: var(--bs-border-color);--bs-modal-header-border-width: var(--bs-border-width);--bs-modal-title-line-height: 1.5;--bs-modal-footer-gap: .5rem;--bs-modal-footer-bg: ;--bs-modal-footer-border-color: var(--bs-border-color);--bs-modal-footer-border-width: var(--bs-border-width);position:fixed;top:0;left:0;z-index:var(--bs-modal-zindex);display:none;width:100%;height:100%;overflow-x:hidden;overflow-y:auto;outline:0}.modal-dialog{position:relative;width:auto;margin:var(--bs-modal-margin);pointer-events:none}.modal.fade .modal-dialog{transition:transform .3s ease-out;transform:translateY(-50px)}@media (prefers-reduced-motion: reduce){.modal.fade .modal-dialog{transition:none}}.modal.show .modal-dialog{transform:none}.modal.modal-static .modal-dialog{transform:scale(1.02)}.modal-dialog-scrollable{height:calc(100% - var(--bs-modal-margin) * 2)}.modal-dialog-scrollable .modal-content{max-height:100%;overflow:hidden}.modal-dialog-scrollable .modal-body{overflow-y:auto}.modal-dialog-centered{display:flex;align-items:center;min-height:calc(100% - var(--bs-modal-margin) * 2)}.modal-content{position:relative;display:flex;flex-direction:column;width:100%;color:var(--bs-modal-color);pointer-events:auto;background-color:var(--bs-modal-bg);background-clip:padding-box;border:var(--bs-modal-border-width) solid var(--bs-modal-border-color);border-radius:var(--bs-modal-border-radius);outline:0}.modal-backdrop{--bs-backdrop-zindex: 1050;--bs-backdrop-bg: #000;--bs-backdrop-opacity: .5;position:fixed;top:0;left:0;z-index:var(--bs-backdrop-zindex);width:100vw;height:100vh;background-color:var(--bs-backdrop-bg)}.modal-backdrop.fade{opacity:0}.modal-backdrop.show{opacity:var(--bs-backdrop-opacity)}.modal-header{display:flex;flex-shrink:0;align-items:center;padding:var(--bs-modal-header-padding);border-bottom:var(--bs-modal-header-border-width) solid var(--bs-modal-header-border-color);border-top-left-radius:var(--bs-modal-inner-border-radius);border-top-right-radius:var(--bs-modal-inner-border-radius)}.modal-header .btn-close{padding:calc(var(--bs-modal-header-padding-y) * .5) calc(var(--bs-modal-header-padding-x) * .5);margin:calc(-.5 * var(--bs-modal-header-padding-y)) calc(-.5 * var(--bs-modal-header-padding-x)) calc(-.5 * var(--bs-modal-header-padding-y)) auto}.modal-title{margin-bottom:0;line-height:var(--bs-modal-title-line-height)}.modal-body{position:relative;flex:1 1 auto;padding:var(--bs-modal-padding)}.modal-footer{display:flex;flex-shrink:0;flex-wrap:wrap;align-items:center;justify-content:flex-end;padding:calc(var(--bs-modal-padding) - var(--bs-modal-footer-gap) * .5);background-color:var(--bs-modal-footer-bg);border-top:var(--bs-modal-footer-border-width) solid var(--bs-modal-footer-border-color);border-bottom-right-radius:var(--bs-modal-inner-border-radius);border-bottom-left-radius:var(--bs-modal-inner-border-radius)}.modal-footer>*{margin:calc(var(--bs-modal-footer-gap) * .5)}@media (min-width: 576px){.modal{--bs-modal-margin: 1.75rem;--bs-modal-box-shadow: var(--bs-box-shadow)}.modal-dialog{max-width:var(--bs-modal-width);margin-right:auto;margin-left:auto}.modal-sm{--bs-modal-width: 300px}}@media (min-width: 992px){.modal-lg,.modal-xl{--bs-modal-width: 800px}}@media (min-width: 1200px){.modal-xl{--bs-modal-width: 1140px}}.modal-fullscreen{width:100vw;max-width:none;height:100%;margin:0}.modal-fullscreen .modal-content{height:100%;border:0;border-radius:0}.modal-fullscreen .modal-header,.modal-fullscreen .modal-footer{border-radius:0}.modal-fullscreen .modal-body{overflow-y:auto}@media (max-width: 575.98px){.modal-fullscreen-sm-down{width:100vw;max-width:none;height:100%;margin:0}.modal-fullscreen-sm-down .modal-content{height:100%;border:0;border-radius:0}.modal-fullscreen-sm-down .modal-header,.modal-fullscreen-sm-down .modal-footer{border-radius:0}.modal-fullscreen-sm-down .modal-body{overflow-y:auto}}@media (max-width: 767.98px){.modal-fullscreen-md-down{width:100vw;max-width:none;height:100%;margin:0}.modal-fullscreen-md-down .modal-content{height:100%;border:0;border-radius:0}.modal-fullscreen-md-down .modal-header,.modal-fullscreen-md-down .modal-footer{border-radius:0}.modal-fullscreen-md-down .modal-body{overflow-y:auto}}@media (max-width: 991.98px){.modal-fullscreen-lg-down{width:100vw;max-width:none;height:100%;margin:0}.modal-fullscreen-lg-down .modal-content{height:100%;border:0;border-radius:0}.modal-fullscreen-lg-down .modal-header,.modal-fullscreen-lg-down .modal-footer{border-radius:0}.modal-fullscreen-lg-down .modal-body{overflow-y:auto}}@media (max-width: 1199.98px){.modal-fullscreen-xl-down{width:100vw;max-width:none;height:100%;margin:0}.modal-fullscreen-xl-down .modal-content{height:100%;border:0;border-radius:0}.modal-fullscreen-xl-down .modal-header,.modal-fullscreen-xl-down .modal-footer{border-radius:0}.modal-fullscreen-xl-down .modal-body{overflow-y:auto}}@media (max-width: 1399.98px){.modal-fullscreen-xxl-down{width:100vw;max-width:none;height:100%;margin:0}.modal-fullscreen-xxl-down .modal-content{height:100%;border:0;border-radius:0}.modal-fullscreen-xxl-down .modal-header,.modal-fullscreen-xxl-down .modal-footer{border-radius:0}.modal-fullscreen-xxl-down .modal-body{overflow-y:auto}}.tooltip{--bs-tooltip-zindex: 1080;--bs-tooltip-max-width: 200px;--bs-tooltip-padding-x: .5rem;--bs-tooltip-padding-y: .25rem;--bs-tooltip-margin: ;--bs-tooltip-font-size: .875rem;--bs-tooltip-color: var(--bs-body-bg);--bs-tooltip-bg: var(--bs-emphasis-color);--bs-tooltip-border-radius: var(--bs-border-radius);--bs-tooltip-opacity: .9;--bs-tooltip-arrow-width: .8rem;--bs-tooltip-arrow-height: .4rem;z-index:var(--bs-tooltip-zindex);display:block;margin:var(--bs-tooltip-margin);font-family:var(--bs-font-sans-serif);font-style:normal;font-weight:400;line-height:1.5;text-align:left;text-align:start;text-decoration:none;text-shadow:none;text-transform:none;letter-spacing:normal;word-break:normal;white-space:normal;word-spacing:normal;line-break:auto;font-size:var(--bs-tooltip-font-size);word-wrap:break-word;opacity:0}.tooltip.show{opacity:var(--bs-tooltip-opacity)}.tooltip .tooltip-arrow{display:block;width:var(--bs-tooltip-arrow-width);height:var(--bs-tooltip-arrow-height)}.tooltip .tooltip-arrow:before{position:absolute;content:"";border-color:transparent;border-style:solid}.bs-tooltip-top .tooltip-arrow,.bs-tooltip-auto[data-popper-placement^=top] .tooltip-arrow{bottom:calc(-1 * var(--bs-tooltip-arrow-height))}.bs-tooltip-top .tooltip-arrow:before,.bs-tooltip-auto[data-popper-placement^=top] .tooltip-arrow:before{top:-1px;border-width:var(--bs-tooltip-arrow-height) calc(var(--bs-tooltip-arrow-width) * .5) 0;border-top-color:var(--bs-tooltip-bg)}.bs-tooltip-end .tooltip-arrow,.bs-tooltip-auto[data-popper-placement^=right] .tooltip-arrow{left:calc(-1 * var(--bs-tooltip-arrow-height));width:var(--bs-tooltip-arrow-height);height:var(--bs-tooltip-arrow-width)}.bs-tooltip-end .tooltip-arrow:before,.bs-tooltip-auto[data-popper-placement^=right] .tooltip-arrow:before{right:-1px;border-width:calc(var(--bs-tooltip-arrow-width) * .5) var(--bs-tooltip-arrow-height) calc(var(--bs-tooltip-arrow-width) * .5) 0;border-right-color:var(--bs-tooltip-bg)}.bs-tooltip-bottom .tooltip-arrow,.bs-tooltip-auto[data-popper-placement^=bottom] .tooltip-arrow{top:calc(-1 * var(--bs-tooltip-arrow-height))}.bs-tooltip-bottom .tooltip-arrow:before,.bs-tooltip-auto[data-popper-placement^=bottom] .tooltip-arrow:before{bottom:-1px;border-width:0 calc(var(--bs-tooltip-arrow-width) * .5) var(--bs-tooltip-arrow-height);border-bottom-color:var(--bs-tooltip-bg)}.bs-tooltip-start .tooltip-arrow,.bs-tooltip-auto[data-popper-placement^=left] .tooltip-arrow{right:calc(-1 * var(--bs-tooltip-arrow-height));width:var(--bs-tooltip-arrow-height);height:var(--bs-tooltip-arrow-width)}.bs-tooltip-start .tooltip-arrow:before,.bs-tooltip-auto[data-popper-placement^=left] .tooltip-arrow:before{left:-1px;border-width:calc(var(--bs-tooltip-arrow-width) * .5) 0 calc(var(--bs-tooltip-arrow-width) * .5) var(--bs-tooltip-arrow-height);border-left-color:var(--bs-tooltip-bg)}.tooltip-inner{max-width:var(--bs-tooltip-max-width);padding:var(--bs-tooltip-padding-y) var(--bs-tooltip-padding-x);color:var(--bs-tooltip-color);text-align:center;background-color:var(--bs-tooltip-bg);border-radius:var(--bs-tooltip-border-radius)}.popover{--bs-popover-zindex: 1070;--bs-popover-max-width: 276px;--bs-popover-font-size: .875rem;--bs-popover-bg: var(--bs-body-bg);--bs-popover-border-width: var(--bs-border-width);--bs-popover-border-color: var(--bs-border-color-translucent);--bs-popover-border-radius: var(--bs-border-radius-lg);--bs-popover-inner-border-radius: calc(var(--bs-border-radius-lg) - var(--bs-border-width));--bs-popover-box-shadow: var(--bs-box-shadow);--bs-popover-header-padding-x: 1rem;--bs-popover-header-padding-y: .5rem;--bs-popover-header-font-size: 1rem;--bs-popover-header-color: inherit;--bs-popover-header-bg: var(--bs-secondary-bg);--bs-popover-body-padding-x: 1rem;--bs-popover-body-padding-y: 1rem;--bs-popover-body-color: var(--bs-body-color);--bs-popover-arrow-width: 1rem;--bs-popover-arrow-height: .5rem;--bs-popover-arrow-border: var(--bs-popover-border-color);z-index:var(--bs-popover-zindex);display:block;max-width:var(--bs-popover-max-width);font-family:var(--bs-font-sans-serif);font-style:normal;font-weight:400;line-height:1.5;text-align:left;text-align:start;text-decoration:none;text-shadow:none;text-transform:none;letter-spacing:normal;word-break:normal;white-space:normal;word-spacing:normal;line-break:auto;font-size:var(--bs-popover-font-size);word-wrap:break-word;background-color:var(--bs-popover-bg);background-clip:padding-box;border:var(--bs-popover-border-width) solid var(--bs-popover-border-color);border-radius:var(--bs-popover-border-radius)}.popover .popover-arrow{display:block;width:var(--bs-popover-arrow-width);height:var(--bs-popover-arrow-height)}.popover .popover-arrow:before,.popover .popover-arrow:after{position:absolute;display:block;content:"";border-color:transparent;border-style:solid;border-width:0}.bs-popover-top>.popover-arrow,.bs-popover-auto[data-popper-placement^=top]>.popover-arrow{bottom:calc(-1 * (var(--bs-popover-arrow-height)) - var(--bs-popover-border-width))}.bs-popover-top>.popover-arrow:before,.bs-popover-auto[data-popper-placement^=top]>.popover-arrow:before,.bs-popover-top>.popover-arrow:after,.bs-popover-auto[data-popper-placement^=top]>.popover-arrow:after{border-width:var(--bs-popover-arrow-height) calc(var(--bs-popover-arrow-width) * .5) 0}.bs-popover-top>.popover-arrow:before,.bs-popover-auto[data-popper-placement^=top]>.popover-arrow:before{bottom:0;border-top-color:var(--bs-popover-arrow-border)}.bs-popover-top>.popover-arrow:after,.bs-popover-auto[data-popper-placement^=top]>.popover-arrow:after{bottom:var(--bs-popover-border-width);border-top-color:var(--bs-popover-bg)}.bs-popover-end>.popover-arrow,.bs-popover-auto[data-popper-placement^=right]>.popover-arrow{left:calc(-1 * (var(--bs-popover-arrow-height)) - var(--bs-popover-border-width));width:var(--bs-popover-arrow-height);height:var(--bs-popover-arrow-width)}.bs-popover-end>.popover-arrow:before,.bs-popover-auto[data-popper-placement^=right]>.popover-arrow:before,.bs-popover-end>.popover-arrow:after,.bs-popover-auto[data-popper-placement^=right]>.popover-arrow:after{border-width:calc(var(--bs-popover-arrow-width) * .5) var(--bs-popover-arrow-height) calc(var(--bs-popover-arrow-width) * .5) 0}.bs-popover-end>.popover-arrow:before,.bs-popover-auto[data-popper-placement^=right]>.popover-arrow:before{left:0;border-right-color:var(--bs-popover-arrow-border)}.bs-popover-end>.popover-arrow:after,.bs-popover-auto[data-popper-placement^=right]>.popover-arrow:after{left:var(--bs-popover-border-width);border-right-color:var(--bs-popover-bg)}.bs-popover-bottom>.popover-arrow,.bs-popover-auto[data-popper-placement^=bottom]>.popover-arrow{top:calc(-1 * (var(--bs-popover-arrow-height)) - var(--bs-popover-border-width))}.bs-popover-bottom>.popover-arrow:before,.bs-popover-auto[data-popper-placement^=bottom]>.popover-arrow:before,.bs-popover-bottom>.popover-arrow:after,.bs-popover-auto[data-popper-placement^=bottom]>.popover-arrow:after{border-width:0 calc(var(--bs-popover-arrow-width) * .5) var(--bs-popover-arrow-height)}.bs-popover-bottom>.popover-arrow:before,.bs-popover-auto[data-popper-placement^=bottom]>.popover-arrow:before{top:0;border-bottom-color:var(--bs-popover-arrow-border)}.bs-popover-bottom>.popover-arrow:after,.bs-popover-auto[data-popper-placement^=bottom]>.popover-arrow:after{top:var(--bs-popover-border-width);border-bottom-color:var(--bs-popover-bg)}.bs-popover-bottom .popover-header:before,.bs-popover-auto[data-popper-placement^=bottom] .popover-header:before{position:absolute;top:0;left:50%;display:block;width:var(--bs-popover-arrow-width);margin-left:calc(-.5 * var(--bs-popover-arrow-width));content:"";border-bottom:var(--bs-popover-border-width) solid var(--bs-popover-header-bg)}.bs-popover-start>.popover-arrow,.bs-popover-auto[data-popper-placement^=left]>.popover-arrow{right:calc(-1 * (var(--bs-popover-arrow-height)) - var(--bs-popover-border-width));width:var(--bs-popover-arrow-height);height:var(--bs-popover-arrow-width)}.bs-popover-start>.popover-arrow:before,.bs-popover-auto[data-popper-placement^=left]>.popover-arrow:before,.bs-popover-start>.popover-arrow:after,.bs-popover-auto[data-popper-placement^=left]>.popover-arrow:after{border-width:calc(var(--bs-popover-arrow-width) * .5) 0 calc(var(--bs-popover-arrow-width) * .5) var(--bs-popover-arrow-height)}.bs-popover-start>.popover-arrow:before,.bs-popover-auto[data-popper-placement^=left]>.popover-arrow:before{right:0;border-left-color:var(--bs-popover-arrow-border)}.bs-popover-start>.popover-arrow:after,.bs-popover-auto[data-popper-placement^=left]>.popover-arrow:after{right:var(--bs-popover-border-width);border-left-color:var(--bs-popover-bg)}.popover-header{padding:var(--bs-popover-header-padding-y) var(--bs-popover-header-padding-x);margin-bottom:0;font-size:var(--bs-popover-header-font-size);color:var(--bs-popover-header-color);background-color:var(--bs-popover-header-bg);border-bottom:var(--bs-popover-border-width) solid var(--bs-popover-border-color);border-top-left-radius:var(--bs-popover-inner-border-radius);border-top-right-radius:var(--bs-popover-inner-border-radius)}.popover-header:empty{display:none}.popover-body{padding:var(--bs-popover-body-padding-y) var(--bs-popover-body-padding-x);color:var(--bs-popover-body-color)}.carousel{position:relative}.carousel.pointer-event{touch-action:pan-y}.carousel-inner{position:relative;width:100%;overflow:hidden}.carousel-inner:after{display:block;clear:both;content:""}.carousel-item{position:relative;display:none;float:left;width:100%;margin-right:-100%;-webkit-backface-visibility:hidden;backface-visibility:hidden;transition:transform .6s ease-in-out}@media (prefers-reduced-motion: reduce){.carousel-item{transition:none}}.carousel-item.active,.carousel-item-next,.carousel-item-prev{display:block}.carousel-item-next:not(.carousel-item-start),.active.carousel-item-end{transform:translate(100%)}.carousel-item-prev:not(.carousel-item-end),.active.carousel-item-start{transform:translate(-100%)}.carousel-fade .carousel-item{opacity:0;transition-property:opacity;transform:none}.carousel-fade .carousel-item.active,.carousel-fade .carousel-item-next.carousel-item-start,.carousel-fade .carousel-item-prev.carousel-item-end{z-index:1;opacity:1}.carousel-fade .active.carousel-item-start,.carousel-fade .active.carousel-item-end{z-index:0;opacity:0;transition:opacity 0s .6s}@media (prefers-reduced-motion: reduce){.carousel-fade .active.carousel-item-start,.carousel-fade .active.carousel-item-end{transition:none}}.carousel-control-prev,.carousel-control-next{position:absolute;top:0;bottom:0;z-index:1;display:flex;align-items:center;justify-content:center;width:15%;padding:0;color:#fff;text-align:center;background:none;border:0;opacity:.5;transition:opacity .15s ease}@media (prefers-reduced-motion: reduce){.carousel-control-prev,.carousel-control-next{transition:none}}.carousel-control-prev:hover,.carousel-control-prev:focus,.carousel-control-next:hover,.carousel-control-next:focus{color:#fff;text-decoration:none;outline:0;opacity:.9}.carousel-control-prev{left:0}.carousel-control-next{right:0}.carousel-control-prev-icon,.carousel-control-next-icon{display:inline-block;width:2rem;height:2rem;background-repeat:no-repeat;background-position:50%;background-size:100% 100%}.carousel-control-prev-icon{background-image:url("data:image/svg+xml,%3csvg xmlns='http://www.w3.org/2000/svg' viewBox='0 0 16 16' fill='%23fff'%3e%3cpath d='M11.354 1.646a.5.5 0 0 1 0 .708L5.707 8l5.647 5.646a.5.5 0 0 1-.708.708l-6-6a.5.5 0 0 1 0-.708l6-6a.5.5 0 0 1 .708 0z'/%3e%3c/svg%3e")}.carousel-control-next-icon{background-image:url("data:image/svg+xml,%3csvg xmlns='http://www.w3.org/2000/svg' viewBox='0 0 16 16' fill='%23fff'%3e%3cpath d='M4.646 1.646a.5.5 0 0 1 .708 0l6 6a.5.5 0 0 1 0 .708l-6 6a.5.5 0 0 1-.708-.708L10.293 8 4.646 2.354a.5.5 0 0 1 0-.708z'/%3e%3c/svg%3e")}.carousel-indicators{position:absolute;right:0;bottom:0;left:0;z-index:2;display:flex;justify-content:center;padding:0;margin-right:15%;margin-bottom:1rem;margin-left:15%}.carousel-indicators [data-bs-target]{box-sizing:content-box;flex:0 1 auto;width:30px;height:3px;padding:0;margin-right:3px;margin-left:3px;text-indent:-999px;cursor:pointer;background-color:#fff;background-clip:padding-box;border:0;border-top:10px solid transparent;border-bottom:10px solid transparent;opacity:.5;transition:opacity .6s ease}@media (prefers-reduced-motion: reduce){.carousel-indicators [data-bs-target]{transition:none}}.carousel-indicators .active{opacity:1}.carousel-caption{position:absolute;right:15%;bottom:1.25rem;left:15%;padding-top:1.25rem;padding-bottom:1.25rem;color:#fff;text-align:center}.carousel-dark .carousel-control-prev-icon,.carousel-dark .carousel-control-next-icon{filter:invert(1) grayscale(100)}.carousel-dark .carousel-indicators [data-bs-target]{background-color:#000}.carousel-dark .carousel-caption{color:#000}[data-bs-theme=dark] .carousel .carousel-control-prev-icon,[data-bs-theme=dark] .carousel .carousel-control-next-icon,[data-bs-theme=dark].carousel .carousel-control-prev-icon,[data-bs-theme=dark].carousel .carousel-control-next-icon{filter:invert(1) grayscale(100)}[data-bs-theme=dark] .carousel .carousel-indicators [data-bs-target],[data-bs-theme=dark].carousel .carousel-indicators [data-bs-target]{background-color:#000}[data-bs-theme=dark] .carousel .carousel-caption,[data-bs-theme=dark].carousel .carousel-caption{color:#000}.spinner-grow,.spinner-border{display:inline-block;width:var(--bs-spinner-width);height:var(--bs-spinner-height);vertical-align:var(--bs-spinner-vertical-align);border-radius:50%;animation:var(--bs-spinner-animation-speed) linear infinite var(--bs-spinner-animation-name)}@keyframes spinner-border{to{transform:rotate(360deg)}}.spinner-border{--bs-spinner-width: 2rem;--bs-spinner-height: 2rem;--bs-spinner-vertical-align: -.125em;--bs-spinner-border-width: .25em;--bs-spinner-animation-speed: .75s;--bs-spinner-animation-name: spinner-border;border:var(--bs-spinner-border-width) solid currentcolor;border-right-color:transparent}.spinner-border-sm{--bs-spinner-width: 1rem;--bs-spinner-height: 1rem;--bs-spinner-border-width: .2em}@keyframes spinner-grow{0%{transform:scale(0)}50%{opacity:1;transform:none}}.spinner-grow{--bs-spinner-width: 2rem;--bs-spinner-height: 2rem;--bs-spinner-vertical-align: -.125em;--bs-spinner-animation-speed: .75s;--bs-spinner-animation-name: spinner-grow;background-color:currentcolor;opacity:0}.spinner-grow-sm{--bs-spinner-width: 1rem;--bs-spinner-height: 1rem}@media (prefers-reduced-motion: reduce){.spinner-border,.spinner-grow{--bs-spinner-animation-speed: 1.5s}}.offcanvas,.offcanvas-xxl,.offcanvas-xl,.offcanvas-lg,.offcanvas-md,.offcanvas-sm{--bs-offcanvas-zindex: 1045;--bs-offcanvas-width: 400px;--bs-offcanvas-height: 30vh;--bs-offcanvas-padding-x: 1rem;--bs-offcanvas-padding-y: 1rem;--bs-offcanvas-color: var(--bs-body-color);--bs-offcanvas-bg: var(--bs-body-bg);--bs-offcanvas-border-width: var(--bs-border-width);--bs-offcanvas-border-color: var(--bs-border-color-translucent);--bs-offcanvas-box-shadow: var(--bs-box-shadow-sm);--bs-offcanvas-transition: transform .3s ease-in-out;--bs-offcanvas-title-line-height: 1.5}@media (max-width: 575.98px){.offcanvas-sm{position:fixed;bottom:0;z-index:var(--bs-offcanvas-zindex);display:flex;flex-direction:column;max-width:100%;color:var(--bs-offcanvas-color);visibility:hidden;background-color:var(--bs-offcanvas-bg);background-clip:padding-box;outline:0;transition:var(--bs-offcanvas-transition)}}@media (max-width: 575.98px) and (prefers-reduced-motion: reduce){.offcanvas-sm{transition:none}}@media (max-width: 575.98px){.offcanvas-sm.offcanvas-start{top:0;left:0;width:var(--bs-offcanvas-width);border-right:var(--bs-offcanvas-border-width) solid var(--bs-offcanvas-border-color);transform:translate(-100%)}.offcanvas-sm.offcanvas-end{top:0;right:0;width:var(--bs-offcanvas-width);border-left:var(--bs-offcanvas-border-width) solid var(--bs-offcanvas-border-color);transform:translate(100%)}.offcanvas-sm.offcanvas-top{top:0;right:0;left:0;height:var(--bs-offcanvas-height);max-height:100%;border-bottom:var(--bs-offcanvas-border-width) solid var(--bs-offcanvas-border-color);transform:translateY(-100%)}.offcanvas-sm.offcanvas-bottom{right:0;left:0;height:var(--bs-offcanvas-height);max-height:100%;border-top:var(--bs-offcanvas-border-width) solid var(--bs-offcanvas-border-color);transform:translateY(100%)}.offcanvas-sm.showing,.offcanvas-sm.show:not(.hiding){transform:none}.offcanvas-sm.showing,.offcanvas-sm.hiding,.offcanvas-sm.show{visibility:visible}}@media (min-width: 576px){.offcanvas-sm{--bs-offcanvas-height: auto;--bs-offcanvas-border-width: 0;background-color:transparent!important}.offcanvas-sm .offcanvas-header{display:none}.offcanvas-sm .offcanvas-body{display:flex;flex-grow:0;padding:0;overflow-y:visible;background-color:transparent!important}}@media (max-width: 767.98px){.offcanvas-md{position:fixed;bottom:0;z-index:var(--bs-offcanvas-zindex);display:flex;flex-direction:column;max-width:100%;color:var(--bs-offcanvas-color);visibility:hidden;background-color:var(--bs-offcanvas-bg);background-clip:padding-box;outline:0;transition:var(--bs-offcanvas-transition)}}@media (max-width: 767.98px) and (prefers-reduced-motion: reduce){.offcanvas-md{transition:none}}@media (max-width: 767.98px){.offcanvas-md.offcanvas-start{top:0;left:0;width:var(--bs-offcanvas-width);border-right:var(--bs-offcanvas-border-width) solid var(--bs-offcanvas-border-color);transform:translate(-100%)}.offcanvas-md.offcanvas-end{top:0;right:0;width:var(--bs-offcanvas-width);border-left:var(--bs-offcanvas-border-width) solid var(--bs-offcanvas-border-color);transform:translate(100%)}.offcanvas-md.offcanvas-top{top:0;right:0;left:0;height:var(--bs-offcanvas-height);max-height:100%;border-bottom:var(--bs-offcanvas-border-width) solid var(--bs-offcanvas-border-color);transform:translateY(-100%)}.offcanvas-md.offcanvas-bottom{right:0;left:0;height:var(--bs-offcanvas-height);max-height:100%;border-top:var(--bs-offcanvas-border-width) solid var(--bs-offcanvas-border-color);transform:translateY(100%)}.offcanvas-md.showing,.offcanvas-md.show:not(.hiding){transform:none}.offcanvas-md.showing,.offcanvas-md.hiding,.offcanvas-md.show{visibility:visible}}@media (min-width: 768px){.offcanvas-md{--bs-offcanvas-height: auto;--bs-offcanvas-border-width: 0;background-color:transparent!important}.offcanvas-md .offcanvas-header{display:none}.offcanvas-md .offcanvas-body{display:flex;flex-grow:0;padding:0;overflow-y:visible;background-color:transparent!important}}@media (max-width: 991.98px){.offcanvas-lg{position:fixed;bottom:0;z-index:var(--bs-offcanvas-zindex);display:flex;flex-direction:column;max-width:100%;color:var(--bs-offcanvas-color);visibility:hidden;background-color:var(--bs-offcanvas-bg);background-clip:padding-box;outline:0;transition:var(--bs-offcanvas-transition)}}@media (max-width: 991.98px) and (prefers-reduced-motion: reduce){.offcanvas-lg{transition:none}}@media (max-width: 991.98px){.offcanvas-lg.offcanvas-start{top:0;left:0;width:var(--bs-offcanvas-width);border-right:var(--bs-offcanvas-border-width) solid var(--bs-offcanvas-border-color);transform:translate(-100%)}.offcanvas-lg.offcanvas-end{top:0;right:0;width:var(--bs-offcanvas-width);border-left:var(--bs-offcanvas-border-width) solid var(--bs-offcanvas-border-color);transform:translate(100%)}.offcanvas-lg.offcanvas-top{top:0;right:0;left:0;height:var(--bs-offcanvas-height);max-height:100%;border-bottom:var(--bs-offcanvas-border-width) solid var(--bs-offcanvas-border-color);transform:translateY(-100%)}.offcanvas-lg.offcanvas-bottom{right:0;left:0;height:var(--bs-offcanvas-height);max-height:100%;border-top:var(--bs-offcanvas-border-width) solid var(--bs-offcanvas-border-color);transform:translateY(100%)}.offcanvas-lg.showing,.offcanvas-lg.show:not(.hiding){transform:none}.offcanvas-lg.showing,.offcanvas-lg.hiding,.offcanvas-lg.show{visibility:visible}}@media (min-width: 992px){.offcanvas-lg{--bs-offcanvas-height: auto;--bs-offcanvas-border-width: 0;background-color:transparent!important}.offcanvas-lg .offcanvas-header{display:none}.offcanvas-lg .offcanvas-body{display:flex;flex-grow:0;padding:0;overflow-y:visible;background-color:transparent!important}}@media (max-width: 1199.98px){.offcanvas-xl{position:fixed;bottom:0;z-index:var(--bs-offcanvas-zindex);display:flex;flex-direction:column;max-width:100%;color:var(--bs-offcanvas-color);visibility:hidden;background-color:var(--bs-offcanvas-bg);background-clip:padding-box;outline:0;transition:var(--bs-offcanvas-transition)}}@media (max-width: 1199.98px) and (prefers-reduced-motion: reduce){.offcanvas-xl{transition:none}}@media (max-width: 1199.98px){.offcanvas-xl.offcanvas-start{top:0;left:0;width:var(--bs-offcanvas-width);border-right:var(--bs-offcanvas-border-width) solid var(--bs-offcanvas-border-color);transform:translate(-100%)}.offcanvas-xl.offcanvas-end{top:0;right:0;width:var(--bs-offcanvas-width);border-left:var(--bs-offcanvas-border-width) solid var(--bs-offcanvas-border-color);transform:translate(100%)}.offcanvas-xl.offcanvas-top{top:0;right:0;left:0;height:var(--bs-offcanvas-height);max-height:100%;border-bottom:var(--bs-offcanvas-border-width) solid var(--bs-offcanvas-border-color);transform:translateY(-100%)}.offcanvas-xl.offcanvas-bottom{right:0;left:0;height:var(--bs-offcanvas-height);max-height:100%;border-top:var(--bs-offcanvas-border-width) solid var(--bs-offcanvas-border-color);transform:translateY(100%)}.offcanvas-xl.showing,.offcanvas-xl.show:not(.hiding){transform:none}.offcanvas-xl.showing,.offcanvas-xl.hiding,.offcanvas-xl.show{visibility:visible}}@media (min-width: 1200px){.offcanvas-xl{--bs-offcanvas-height: auto;--bs-offcanvas-border-width: 0;background-color:transparent!important}.offcanvas-xl .offcanvas-header{display:none}.offcanvas-xl .offcanvas-body{display:flex;flex-grow:0;padding:0;overflow-y:visible;background-color:transparent!important}}@media (max-width: 1399.98px){.offcanvas-xxl{position:fixed;bottom:0;z-index:var(--bs-offcanvas-zindex);display:flex;flex-direction:column;max-width:100%;color:var(--bs-offcanvas-color);visibility:hidden;background-color:var(--bs-offcanvas-bg);background-clip:padding-box;outline:0;transition:var(--bs-offcanvas-transition)}}@media (max-width: 1399.98px) and (prefers-reduced-motion: reduce){.offcanvas-xxl{transition:none}}@media (max-width: 1399.98px){.offcanvas-xxl.offcanvas-start{top:0;left:0;width:var(--bs-offcanvas-width);border-right:var(--bs-offcanvas-border-width) solid var(--bs-offcanvas-border-color);transform:translate(-100%)}.offcanvas-xxl.offcanvas-end{top:0;right:0;width:var(--bs-offcanvas-width);border-left:var(--bs-offcanvas-border-width) solid var(--bs-offcanvas-border-color);transform:translate(100%)}.offcanvas-xxl.offcanvas-top{top:0;right:0;left:0;height:var(--bs-offcanvas-height);max-height:100%;border-bottom:var(--bs-offcanvas-border-width) solid var(--bs-offcanvas-border-color);transform:translateY(-100%)}.offcanvas-xxl.offcanvas-bottom{right:0;left:0;height:var(--bs-offcanvas-height);max-height:100%;border-top:var(--bs-offcanvas-border-width) solid var(--bs-offcanvas-border-color);transform:translateY(100%)}.offcanvas-xxl.showing,.offcanvas-xxl.show:not(.hiding){transform:none}.offcanvas-xxl.showing,.offcanvas-xxl.hiding,.offcanvas-xxl.show{visibility:visible}}@media (min-width: 1400px){.offcanvas-xxl{--bs-offcanvas-height: auto;--bs-offcanvas-border-width: 0;background-color:transparent!important}.offcanvas-xxl .offcanvas-header{display:none}.offcanvas-xxl .offcanvas-body{display:flex;flex-grow:0;padding:0;overflow-y:visible;background-color:transparent!important}}.offcanvas{position:fixed;bottom:0;z-index:var(--bs-offcanvas-zindex);display:flex;flex-direction:column;max-width:100%;color:var(--bs-offcanvas-color);visibility:hidden;background-color:var(--bs-offcanvas-bg);background-clip:padding-box;outline:0;transition:var(--bs-offcanvas-transition)}@media (prefers-reduced-motion: reduce){.offcanvas{transition:none}}.offcanvas.offcanvas-start{top:0;left:0;width:var(--bs-offcanvas-width);border-right:var(--bs-offcanvas-border-width) solid var(--bs-offcanvas-border-color);transform:translate(-100%)}.offcanvas.offcanvas-end{top:0;right:0;width:var(--bs-offcanvas-width);border-left:var(--bs-offcanvas-border-width) solid var(--bs-offcanvas-border-color);transform:translate(100%)}.offcanvas.offcanvas-top{top:0;right:0;left:0;height:var(--bs-offcanvas-height);max-height:100%;border-bottom:var(--bs-offcanvas-border-width) solid var(--bs-offcanvas-border-color);transform:translateY(-100%)}.offcanvas.offcanvas-bottom{right:0;left:0;height:var(--bs-offcanvas-height);max-height:100%;border-top:var(--bs-offcanvas-border-width) solid var(--bs-offcanvas-border-color);transform:translateY(100%)}.offcanvas.showing,.offcanvas.show:not(.hiding){transform:none}.offcanvas.showing,.offcanvas.hiding,.offcanvas.show{visibility:visible}.offcanvas-backdrop{position:fixed;top:0;left:0;z-index:1040;width:100vw;height:100vh;background-color:#000}.offcanvas-backdrop.fade{opacity:0}.offcanvas-backdrop.show{opacity:.5}.offcanvas-header{display:flex;align-items:center;padding:var(--bs-offcanvas-padding-y) var(--bs-offcanvas-padding-x)}.offcanvas-header .btn-close{padding:calc(var(--bs-offcanvas-padding-y) * .5) calc(var(--bs-offcanvas-padding-x) * .5);margin:calc(-.5 * var(--bs-offcanvas-padding-y)) calc(-.5 * var(--bs-offcanvas-padding-x)) calc(-.5 * var(--bs-offcanvas-padding-y)) auto}.offcanvas-title{margin-bottom:0;line-height:var(--bs-offcanvas-title-line-height)}.offcanvas-body{flex-grow:1;padding:var(--bs-offcanvas-padding-y) var(--bs-offcanvas-padding-x);overflow-y:auto}.placeholder{display:inline-block;min-height:1em;vertical-align:middle;cursor:wait;background-color:currentcolor;opacity:.5}.placeholder.btn:before{display:inline-block;content:""}.placeholder-xs{min-height:.6em}.placeholder-sm{min-height:.8em}.placeholder-lg{min-height:1.2em}.placeholder-glow .placeholder{animation:placeholder-glow 2s ease-in-out infinite}@keyframes placeholder-glow{50%{opacity:.2}}.placeholder-wave{-webkit-mask-image:linear-gradient(130deg,#000 55%,rgba(0,0,0,.8) 75%,#000 95%);mask-image:linear-gradient(130deg,#000 55%,#000c,#000 95%);-webkit-mask-size:200% 100%;mask-size:200% 100%;animation:placeholder-wave 2s linear infinite}@keyframes placeholder-wave{to{-webkit-mask-position:-200% 0%;mask-position:-200% 0%}}.clearfix:after{display:block;clear:both;content:""}.text-bg-primary{color:#fff!important;background-color:RGBA(var(--bs-primary-rgb),var(--bs-bg-opacity, 1))!important}.text-bg-secondary{color:#fff!important;background-color:RGBA(var(--bs-secondary-rgb),var(--bs-bg-opacity, 1))!important}.text-bg-success{color:#fff!important;background-color:RGBA(var(--bs-success-rgb),var(--bs-bg-opacity, 1))!important}.text-bg-info{color:#000!important;background-color:RGBA(var(--bs-info-rgb),var(--bs-bg-opacity, 1))!important}.text-bg-warning{color:#000!important;background-color:RGBA(var(--bs-warning-rgb),var(--bs-bg-opacity, 1))!important}.text-bg-danger{color:#fff!important;background-color:RGBA(var(--bs-danger-rgb),var(--bs-bg-opacity, 1))!important}.text-bg-light{color:#000!important;background-color:RGBA(var(--bs-light-rgb),var(--bs-bg-opacity, 1))!important}.text-bg-dark{color:#fff!important;background-color:RGBA(var(--bs-dark-rgb),var(--bs-bg-opacity, 1))!important}.link-primary{color:RGBA(var(--bs-primary-rgb),var(--bs-link-opacity, 1))!important;-webkit-text-decoration-color:RGBA(var(--bs-primary-rgb),var(--bs-link-underline-opacity, 1))!important;text-decoration-color:RGBA(var(--bs-primary-rgb),var(--bs-link-underline-opacity, 1))!important}.link-primary:hover,.link-primary:focus{color:RGBA(10,88,202,var(--bs-link-opacity, 1))!important;-webkit-text-decoration-color:RGBA(10,88,202,var(--bs-link-underline-opacity, 1))!important;text-decoration-color:RGBA(10,88,202,var(--bs-link-underline-opacity, 1))!important}.link-secondary{color:RGBA(var(--bs-secondary-rgb),var(--bs-link-opacity, 1))!important;-webkit-text-decoration-color:RGBA(var(--bs-secondary-rgb),var(--bs-link-underline-opacity, 1))!important;text-decoration-color:RGBA(var(--bs-secondary-rgb),var(--bs-link-underline-opacity, 1))!important}.link-secondary:hover,.link-secondary:focus{color:RGBA(86,94,100,var(--bs-link-opacity, 1))!important;-webkit-text-decoration-color:RGBA(86,94,100,var(--bs-link-underline-opacity, 1))!important;text-decoration-color:RGBA(86,94,100,var(--bs-link-underline-opacity, 1))!important}.link-success{color:RGBA(var(--bs-success-rgb),var(--bs-link-opacity, 1))!important;-webkit-text-decoration-color:RGBA(var(--bs-success-rgb),var(--bs-link-underline-opacity, 1))!important;text-decoration-color:RGBA(var(--bs-success-rgb),var(--bs-link-underline-opacity, 1))!important}.link-success:hover,.link-success:focus{color:RGBA(20,108,67,var(--bs-link-opacity, 1))!important;-webkit-text-decoration-color:RGBA(20,108,67,var(--bs-link-underline-opacity, 1))!important;text-decoration-color:RGBA(20,108,67,var(--bs-link-underline-opacity, 1))!important}.link-info{color:RGBA(var(--bs-info-rgb),var(--bs-link-opacity, 1))!important;-webkit-text-decoration-color:RGBA(var(--bs-info-rgb),var(--bs-link-underline-opacity, 1))!important;text-decoration-color:RGBA(var(--bs-info-rgb),var(--bs-link-underline-opacity, 1))!important}.link-info:hover,.link-info:focus{color:RGBA(61,213,243,var(--bs-link-opacity, 1))!important;-webkit-text-decoration-color:RGBA(61,213,243,var(--bs-link-underline-opacity, 1))!important;text-decoration-color:RGBA(61,213,243,var(--bs-link-underline-opacity, 1))!important}.link-warning{color:RGBA(var(--bs-warning-rgb),var(--bs-link-opacity, 1))!important;-webkit-text-decoration-color:RGBA(var(--bs-warning-rgb),var(--bs-link-underline-opacity, 1))!important;text-decoration-color:RGBA(var(--bs-warning-rgb),var(--bs-link-underline-opacity, 1))!important}.link-warning:hover,.link-warning:focus{color:RGBA(255,205,57,var(--bs-link-opacity, 1))!important;-webkit-text-decoration-color:RGBA(255,205,57,var(--bs-link-underline-opacity, 1))!important;text-decoration-color:RGBA(255,205,57,var(--bs-link-underline-opacity, 1))!important}.link-danger{color:RGBA(var(--bs-danger-rgb),var(--bs-link-opacity, 1))!important;-webkit-text-decoration-color:RGBA(var(--bs-danger-rgb),var(--bs-link-underline-opacity, 1))!important;text-decoration-color:RGBA(var(--bs-danger-rgb),var(--bs-link-underline-opacity, 1))!important}.link-danger:hover,.link-danger:focus{color:RGBA(176,42,55,var(--bs-link-opacity, 1))!important;-webkit-text-decoration-color:RGBA(176,42,55,var(--bs-link-underline-opacity, 1))!important;text-decoration-color:RGBA(176,42,55,var(--bs-link-underline-opacity, 1))!important}.link-light{color:RGBA(var(--bs-light-rgb),var(--bs-link-opacity, 1))!important;-webkit-text-decoration-color:RGBA(var(--bs-light-rgb),var(--bs-link-underline-opacity, 1))!important;text-decoration-color:RGBA(var(--bs-light-rgb),var(--bs-link-underline-opacity, 1))!important}.link-light:hover,.link-light:focus{color:RGBA(249,250,251,var(--bs-link-opacity, 1))!important;-webkit-text-decoration-color:RGBA(249,250,251,var(--bs-link-underline-opacity, 1))!important;text-decoration-color:RGBA(249,250,251,var(--bs-link-underline-opacity, 1))!important}.link-dark{color:RGBA(var(--bs-dark-rgb),var(--bs-link-opacity, 1))!important;-webkit-text-decoration-color:RGBA(var(--bs-dark-rgb),var(--bs-link-underline-opacity, 1))!important;text-decoration-color:RGBA(var(--bs-dark-rgb),var(--bs-link-underline-opacity, 1))!important}.link-dark:hover,.link-dark:focus{color:RGBA(26,30,33,var(--bs-link-opacity, 1))!important;-webkit-text-decoration-color:RGBA(26,30,33,var(--bs-link-underline-opacity, 1))!important;text-decoration-color:RGBA(26,30,33,var(--bs-link-underline-opacity, 1))!important}.link-body-emphasis{color:RGBA(var(--bs-emphasis-color-rgb),var(--bs-link-opacity, 1))!important;-webkit-text-decoration-color:RGBA(var(--bs-emphasis-color-rgb),var(--bs-link-underline-opacity, 1))!important;text-decoration-color:RGBA(var(--bs-emphasis-color-rgb),var(--bs-link-underline-opacity, 1))!important}.link-body-emphasis:hover,.link-body-emphasis:focus{color:RGBA(var(--bs-emphasis-color-rgb),var(--bs-link-opacity, .75))!important;-webkit-text-decoration-color:RGBA(var(--bs-emphasis-color-rgb),var(--bs-link-underline-opacity, .75))!important;text-decoration-color:RGBA(var(--bs-emphasis-color-rgb),var(--bs-link-underline-opacity, .75))!important}.focus-ring:focus{outline:0;box-shadow:var(--bs-focus-ring-x, 0) var(--bs-focus-ring-y, 0) var(--bs-focus-ring-blur, 0) var(--bs-focus-ring-width) var(--bs-focus-ring-color)}.icon-link{display:inline-flex;gap:.375rem;align-items:center;-webkit-text-decoration-color:rgba(var(--bs-link-color-rgb),var(--bs-link-opacity, .5));text-decoration-color:rgba(var(--bs-link-color-rgb),var(--bs-link-opacity, .5));text-underline-offset:.25em;-webkit-backface-visibility:hidden;backface-visibility:hidden}.icon-link>.bi{flex-shrink:0;width:1em;height:1em;fill:currentcolor;transition:.2s ease-in-out transform}@media (prefers-reduced-motion: reduce){.icon-link>.bi{transition:none}}.icon-link-hover:hover>.bi,.icon-link-hover:focus-visible>.bi{transform:var(--bs-icon-link-transform, translate3d(.25em, 0, 0))}.ratio{position:relative;width:100%}.ratio:before{display:block;padding-top:var(--bs-aspect-ratio);content:""}.ratio>*{position:absolute;top:0;left:0;width:100%;height:100%}.ratio-1x1{--bs-aspect-ratio: 100%}.ratio-4x3{--bs-aspect-ratio: 75%}.ratio-16x9{--bs-aspect-ratio: 56.25%}.ratio-21x9{--bs-aspect-ratio: 42.8571428571%}.fixed-top{position:fixed;top:0;right:0;left:0;z-index:1030}.fixed-bottom{position:fixed;right:0;bottom:0;left:0;z-index:1030}.sticky-top{position:-webkit-sticky;position:sticky;top:0;z-index:1020}.sticky-bottom{position:-webkit-sticky;position:sticky;bottom:0;z-index:1020}@media (min-width: 576px){.sticky-sm-top{position:-webkit-sticky;position:sticky;top:0;z-index:1020}.sticky-sm-bottom{position:-webkit-sticky;position:sticky;bottom:0;z-index:1020}}@media (min-width: 768px){.sticky-md-top{position:-webkit-sticky;position:sticky;top:0;z-index:1020}.sticky-md-bottom{position:-webkit-sticky;position:sticky;bottom:0;z-index:1020}}@media (min-width: 992px){.sticky-lg-top{position:-webkit-sticky;position:sticky;top:0;z-index:1020}.sticky-lg-bottom{position:-webkit-sticky;position:sticky;bottom:0;z-index:1020}}@media (min-width: 1200px){.sticky-xl-top{position:-webkit-sticky;position:sticky;top:0;z-index:1020}.sticky-xl-bottom{position:-webkit-sticky;position:sticky;bottom:0;z-index:1020}}@media (min-width: 1400px){.sticky-xxl-top{position:-webkit-sticky;position:sticky;top:0;z-index:1020}.sticky-xxl-bottom{position:-webkit-sticky;position:sticky;bottom:0;z-index:1020}}.hstack{display:flex;flex-direction:row;align-items:center;align-self:stretch}.vstack{display:flex;flex:1 1 auto;flex-direction:column;align-self:stretch}.visually-hidden,.visually-hidden-focusable:not(:focus):not(:focus-within){width:1px!important;height:1px!important;padding:0!important;margin:-1px!important;overflow:hidden!important;clip:rect(0,0,0,0)!important;white-space:nowrap!important;border:0!important}.visually-hidden:not(caption),.visually-hidden-focusable:not(:focus):not(:focus-within):not(caption){position:absolute!important}.stretched-link:after{position:absolute;inset:0;z-index:1;content:""}.text-truncate{overflow:hidden;text-overflow:ellipsis;white-space:nowrap}.vr{display:inline-block;align-self:stretch;width:var(--bs-border-width);min-height:1em;background-color:currentcolor;opacity:.25}.align-baseline{vertical-align:baseline!important}.align-top{vertical-align:top!important}.align-middle{vertical-align:middle!important}.align-bottom{vertical-align:bottom!important}.align-text-bottom{vertical-align:text-bottom!important}.align-text-top{vertical-align:text-top!important}.float-start{float:left!important}.float-end{float:right!important}.float-none{float:none!important}.object-fit-contain{-o-object-fit:contain!important;object-fit:contain!important}.object-fit-cover{-o-object-fit:cover!important;object-fit:cover!important}.object-fit-fill{-o-object-fit:fill!important;object-fit:fill!important}.object-fit-scale{-o-object-fit:scale-down!important;object-fit:scale-down!important}.object-fit-none{-o-object-fit:none!important;object-fit:none!important}.opacity-0{opacity:0!important}.opacity-25{opacity:.25!important}.opacity-50{opacity:.5!important}.opacity-75{opacity:.75!important}.opacity-100{opacity:1!important}.overflow-auto{overflow:auto!important}.overflow-hidden{overflow:hidden!important}.overflow-visible{overflow:visible!important}.overflow-scroll{overflow:scroll!important}.overflow-x-auto{overflow-x:auto!important}.overflow-x-hidden{overflow-x:hidden!important}.overflow-x-visible{overflow-x:visible!important}.overflow-x-scroll{overflow-x:scroll!important}.overflow-y-auto{overflow-y:auto!important}.overflow-y-hidden{overflow-y:hidden!important}.overflow-y-visible{overflow-y:visible!important}.overflow-y-scroll{overflow-y:scroll!important}.d-inline{display:inline!important}.d-inline-block{display:inline-block!important}.d-block{display:block!important}.d-grid{display:grid!important}.d-inline-grid{display:inline-grid!important}.d-table{display:table!important}.d-table-row{display:table-row!important}.d-table-cell{display:table-cell!important}.d-flex{display:flex!important}.d-inline-flex{display:inline-flex!important}.d-none{display:none!important}.shadow{box-shadow:var(--bs-box-shadow)!important}.shadow-sm{box-shadow:var(--bs-box-shadow-sm)!important}.shadow-lg{box-shadow:var(--bs-box-shadow-lg)!important}.shadow-none{box-shadow:none!important}.focus-ring-primary{--bs-focus-ring-color: rgba(var(--bs-primary-rgb), var(--bs-focus-ring-opacity))}.focus-ring-secondary{--bs-focus-ring-color: rgba(var(--bs-secondary-rgb), var(--bs-focus-ring-opacity))}.focus-ring-success{--bs-focus-ring-color: rgba(var(--bs-success-rgb), var(--bs-focus-ring-opacity))}.focus-ring-info{--bs-focus-ring-color: rgba(var(--bs-info-rgb), var(--bs-focus-ring-opacity))}.focus-ring-warning{--bs-focus-ring-color: rgba(var(--bs-warning-rgb), var(--bs-focus-ring-opacity))}.focus-ring-danger{--bs-focus-ring-color: rgba(var(--bs-danger-rgb), var(--bs-focus-ring-opacity))}.focus-ring-light{--bs-focus-ring-color: rgba(var(--bs-light-rgb), var(--bs-focus-ring-opacity))}.focus-ring-dark{--bs-focus-ring-color: rgba(var(--bs-dark-rgb), var(--bs-focus-ring-opacity))}.position-static{position:static!important}.position-relative{position:relative!important}.position-absolute{position:absolute!important}.position-fixed{position:fixed!important}.position-sticky{position:-webkit-sticky!important;position:sticky!important}.top-0{top:0!important}.top-50{top:50%!important}.top-100{top:100%!important}.bottom-0{bottom:0!important}.bottom-50{bottom:50%!important}.bottom-100{bottom:100%!important}.start-0{left:0!important}.start-50{left:50%!important}.start-100{left:100%!important}.end-0{right:0!important}.end-50{right:50%!important}.end-100{right:100%!important}.translate-middle{transform:translate(-50%,-50%)!important}.translate-middle-x{transform:translate(-50%)!important}.translate-middle-y{transform:translateY(-50%)!important}.border{border:var(--bs-border-width) var(--bs-border-style) var(--bs-border-color)!important}.border-0{border:0!important}.border-top{border-top:var(--bs-border-width) var(--bs-border-style) var(--bs-border-color)!important}.border-top-0{border-top:0!important}.border-end{border-right:var(--bs-border-width) var(--bs-border-style) var(--bs-border-color)!important}.border-end-0{border-right:0!important}.border-bottom{border-bottom:var(--bs-border-width) var(--bs-border-style) var(--bs-border-color)!important}.border-bottom-0{border-bottom:0!important}.border-start{border-left:var(--bs-border-width) var(--bs-border-style) var(--bs-border-color)!important}.border-start-0{border-left:0!important}.border-primary{--bs-border-opacity: 1;border-color:rgba(var(--bs-primary-rgb),var(--bs-border-opacity))!important}.border-secondary{--bs-border-opacity: 1;border-color:rgba(var(--bs-secondary-rgb),var(--bs-border-opacity))!important}.border-success{--bs-border-opacity: 1;border-color:rgba(var(--bs-success-rgb),var(--bs-border-opacity))!important}.border-info{--bs-border-opacity: 1;border-color:rgba(var(--bs-info-rgb),var(--bs-border-opacity))!important}.border-warning{--bs-border-opacity: 1;border-color:rgba(var(--bs-warning-rgb),var(--bs-border-opacity))!important}.border-danger{--bs-border-opacity: 1;border-color:rgba(var(--bs-danger-rgb),var(--bs-border-opacity))!important}.border-light{--bs-border-opacity: 1;border-color:rgba(var(--bs-light-rgb),var(--bs-border-opacity))!important}.border-dark{--bs-border-opacity: 1;border-color:rgba(var(--bs-dark-rgb),var(--bs-border-opacity))!important}.border-black{--bs-border-opacity: 1;border-color:rgba(var(--bs-black-rgb),var(--bs-border-opacity))!important}.border-white{--bs-border-opacity: 1;border-color:rgba(var(--bs-white-rgb),var(--bs-border-opacity))!important}.border-primary-subtle{border-color:var(--bs-primary-border-subtle)!important}.border-secondary-subtle{border-color:var(--bs-secondary-border-subtle)!important}.border-success-subtle{border-color:var(--bs-success-border-subtle)!important}.border-info-subtle{border-color:var(--bs-info-border-subtle)!important}.border-warning-subtle{border-color:var(--bs-warning-border-subtle)!important}.border-danger-subtle{border-color:var(--bs-danger-border-subtle)!important}.border-light-subtle{border-color:var(--bs-light-border-subtle)!important}.border-dark-subtle{border-color:var(--bs-dark-border-subtle)!important}.border-1{border-width:1px!important}.border-2{border-width:2px!important}.border-3{border-width:3px!important}.border-4{border-width:4px!important}.border-5{border-width:5px!important}.border-opacity-10{--bs-border-opacity: .1}.border-opacity-25{--bs-border-opacity: .25}.border-opacity-50{--bs-border-opacity: .5}.border-opacity-75{--bs-border-opacity: .75}.border-opacity-100{--bs-border-opacity: 1}.w-25{width:25%!important}.w-50{width:50%!important}.w-75{width:75%!important}.w-100{width:100%!important}.w-auto{width:auto!important}.mw-100{max-width:100%!important}.vw-100{width:100vw!important}.min-vw-100{min-width:100vw!important}.h-25{height:25%!important}.h-50{height:50%!important}.h-75{height:75%!important}.h-100{height:100%!important}.h-auto{height:auto!important}.mh-100{max-height:100%!important}.vh-100{height:100vh!important}.min-vh-100{min-height:100vh!important}.flex-fill{flex:1 1 auto!important}.flex-row{flex-direction:row!important}.flex-column{flex-direction:column!important}.flex-row-reverse{flex-direction:row-reverse!important}.flex-column-reverse{flex-direction:column-reverse!important}.flex-grow-0{flex-grow:0!important}.flex-grow-1{flex-grow:1!important}.flex-shrink-0{flex-shrink:0!important}.flex-shrink-1{flex-shrink:1!important}.flex-wrap{flex-wrap:wrap!important}.flex-nowrap{flex-wrap:nowrap!important}.flex-wrap-reverse{flex-wrap:wrap-reverse!important}.justify-content-start{justify-content:flex-start!important}.justify-content-end{justify-content:flex-end!important}.justify-content-center{justify-content:center!important}.justify-content-between{justify-content:space-between!important}.justify-content-around{justify-content:space-around!important}.justify-content-evenly{justify-content:space-evenly!important}.align-items-start{align-items:flex-start!important}.align-items-end{align-items:flex-end!important}.align-items-center{align-items:center!important}.align-items-baseline{align-items:baseline!important}.align-items-stretch{align-items:stretch!important}.align-content-start{align-content:flex-start!important}.align-content-end{align-content:flex-end!important}.align-content-center{align-content:center!important}.align-content-between{align-content:space-between!important}.align-content-around{align-content:space-around!important}.align-content-stretch{align-content:stretch!important}.align-self-auto{align-self:auto!important}.align-self-start{align-self:flex-start!important}.align-self-end{align-self:flex-end!important}.align-self-center{align-self:center!important}.align-self-baseline{align-self:baseline!important}.align-self-stretch{align-self:stretch!important}.order-first{order:-1!important}.order-0{order:0!important}.order-1{order:1!important}.order-2{order:2!important}.order-3{order:3!important}.order-4{order:4!important}.order-5{order:5!important}.order-last{order:6!important}.m-0{margin:0!important}.m-1{margin:.25rem!important}.m-2{margin:.5rem!important}.m-3{margin:1rem!important}.m-4{margin:1.5rem!important}.m-5{margin:3rem!important}.m-auto{margin:auto!important}.mx-0{margin-right:0!important;margin-left:0!important}.mx-1{margin-right:.25rem!important;margin-left:.25rem!important}.mx-2{margin-right:.5rem!important;margin-left:.5rem!important}.mx-3{margin-right:1rem!important;margin-left:1rem!important}.mx-4{margin-right:1.5rem!important;margin-left:1.5rem!important}.mx-5{margin-right:3rem!important;margin-left:3rem!important}.mx-auto{margin-right:auto!important;margin-left:auto!important}.my-0{margin-top:0!important;margin-bottom:0!important}.my-1{margin-top:.25rem!important;margin-bottom:.25rem!important}.my-2{margin-top:.5rem!important;margin-bottom:.5rem!important}.my-3{margin-top:1rem!important;margin-bottom:1rem!important}.my-4{margin-top:1.5rem!important;margin-bottom:1.5rem!important}.my-5{margin-top:3rem!important;margin-bottom:3rem!important}.my-auto{margin-top:auto!important;margin-bottom:auto!important}.mt-0{margin-top:0!important}.mt-1{margin-top:.25rem!important}.mt-2{margin-top:.5rem!important}.mt-3{margin-top:1rem!important}.mt-4{margin-top:1.5rem!important}.mt-5{margin-top:3rem!important}.mt-auto{margin-top:auto!important}.me-0{margin-right:0!important}.me-1{margin-right:.25rem!important}.me-2{margin-right:.5rem!important}.me-3{margin-right:1rem!important}.me-4{margin-right:1.5rem!important}.me-5{margin-right:3rem!important}.me-auto{margin-right:auto!important}.mb-0{margin-bottom:0!important}.mb-1{margin-bottom:.25rem!important}.mb-2{margin-bottom:.5rem!important}.mb-3{margin-bottom:1rem!important}.mb-4{margin-bottom:1.5rem!important}.mb-5{margin-bottom:3rem!important}.mb-auto{margin-bottom:auto!important}.ms-0{margin-left:0!important}.ms-1{margin-left:.25rem!important}.ms-2{margin-left:.5rem!important}.ms-3{margin-left:1rem!important}.ms-4{margin-left:1.5rem!important}.ms-5{margin-left:3rem!important}.ms-auto{margin-left:auto!important}.p-0{padding:0!important}.p-1{padding:.25rem!important}.p-2{padding:.5rem!important}.p-3{padding:1rem!important}.p-4{padding:1.5rem!important}.p-5{padding:3rem!important}.px-0{padding-right:0!important;padding-left:0!important}.px-1{padding-right:.25rem!important;padding-left:.25rem!important}.px-2{padding-right:.5rem!important;padding-left:.5rem!important}.px-3{padding-right:1rem!important;padding-left:1rem!important}.px-4{padding-right:1.5rem!important;padding-left:1.5rem!important}.px-5{padding-right:3rem!important;padding-left:3rem!important}.py-0{padding-top:0!important;padding-bottom:0!important}.py-1{padding-top:.25rem!important;padding-bottom:.25rem!important}.py-2{padding-top:.5rem!important;padding-bottom:.5rem!important}.py-3{padding-top:1rem!important;padding-bottom:1rem!important}.py-4{padding-top:1.5rem!important;padding-bottom:1.5rem!important}.py-5{padding-top:3rem!important;padding-bottom:3rem!important}.pt-0{padding-top:0!important}.pt-1{padding-top:.25rem!important}.pt-2{padding-top:.5rem!important}.pt-3{padding-top:1rem!important}.pt-4{padding-top:1.5rem!important}.pt-5{padding-top:3rem!important}.pe-0{padding-right:0!important}.pe-1{padding-right:.25rem!important}.pe-2{padding-right:.5rem!important}.pe-3{padding-right:1rem!important}.pe-4{padding-right:1.5rem!important}.pe-5{padding-right:3rem!important}.pb-0{padding-bottom:0!important}.pb-1{padding-bottom:.25rem!important}.pb-2{padding-bottom:.5rem!important}.pb-3{padding-bottom:1rem!important}.pb-4{padding-bottom:1.5rem!important}.pb-5{padding-bottom:3rem!important}.ps-0{padding-left:0!important}.ps-1{padding-left:.25rem!important}.ps-2{padding-left:.5rem!important}.ps-3{padding-left:1rem!important}.ps-4{padding-left:1.5rem!important}.ps-5{padding-left:3rem!important}.gap-0{gap:0!important}.gap-1{gap:.25rem!important}.gap-2{gap:.5rem!important}.gap-3{gap:1rem!important}.gap-4{gap:1.5rem!important}.gap-5{gap:3rem!important}.row-gap-0{row-gap:0!important}.row-gap-1{row-gap:.25rem!important}.row-gap-2{row-gap:.5rem!important}.row-gap-3{row-gap:1rem!important}.row-gap-4{row-gap:1.5rem!important}.row-gap-5{row-gap:3rem!important}.column-gap-0{-moz-column-gap:0!important;column-gap:0!important}.column-gap-1{-moz-column-gap:.25rem!important;column-gap:.25rem!important}.column-gap-2{-moz-column-gap:.5rem!important;column-gap:.5rem!important}.column-gap-3{-moz-column-gap:1rem!important;column-gap:1rem!important}.column-gap-4{-moz-column-gap:1.5rem!important;column-gap:1.5rem!important}.column-gap-5{-moz-column-gap:3rem!important;column-gap:3rem!important}.font-monospace{font-family:var(--bs-font-monospace)!important}.fs-1{font-size:calc(1.375rem + 1.5vw)!important}.fs-2{font-size:calc(1.325rem + .9vw)!important}.fs-3{font-size:calc(1.3rem + .6vw)!important}.fs-4{font-size:calc(1.275rem + .3vw)!important}.fs-5{font-size:1.25rem!important}.fs-6{font-size:1rem!important}.fst-italic{font-style:italic!important}.fst-normal{font-style:normal!important}.fw-lighter{font-weight:lighter!important}.fw-light{font-weight:300!important}.fw-normal{font-weight:400!important}.fw-medium{font-weight:500!important}.fw-semibold{font-weight:600!important}.fw-bold{font-weight:700!important}.fw-bolder{font-weight:bolder!important}.lh-1{line-height:1!important}.lh-sm{line-height:1.25!important}.lh-base{line-height:1.5!important}.lh-lg{line-height:2!important}.text-start{text-align:left!important}.text-end{text-align:right!important}.text-center{text-align:center!important}.text-decoration-none{text-decoration:none!important}.text-decoration-underline{text-decoration:underline!important}.text-decoration-line-through{text-decoration:line-through!important}.text-lowercase{text-transform:lowercase!important}.text-uppercase{text-transform:uppercase!important}.text-capitalize{text-transform:capitalize!important}.text-wrap{white-space:normal!important}.text-nowrap{white-space:nowrap!important}.text-break{word-wrap:break-word!important;word-break:break-word!important}.text-primary{--bs-text-opacity: 1;color:rgba(var(--bs-primary-rgb),var(--bs-text-opacity))!important}.text-secondary{--bs-text-opacity: 1;color:rgba(var(--bs-secondary-rgb),var(--bs-text-opacity))!important}.text-success{--bs-text-opacity: 1;color:rgba(var(--bs-success-rgb),var(--bs-text-opacity))!important}.text-info{--bs-text-opacity: 1;color:rgba(var(--bs-info-rgb),var(--bs-text-opacity))!important}.text-warning{--bs-text-opacity: 1;color:rgba(var(--bs-warning-rgb),var(--bs-text-opacity))!important}.text-danger{--bs-text-opacity: 1;color:rgba(var(--bs-danger-rgb),var(--bs-text-opacity))!important}.text-light{--bs-text-opacity: 1;color:rgba(var(--bs-light-rgb),var(--bs-text-opacity))!important}.text-dark{--bs-text-opacity: 1;color:rgba(var(--bs-dark-rgb),var(--bs-text-opacity))!important}.text-black{--bs-text-opacity: 1;color:rgba(var(--bs-black-rgb),var(--bs-text-opacity))!important}.text-white{--bs-text-opacity: 1;color:rgba(var(--bs-white-rgb),var(--bs-text-opacity))!important}.text-body{--bs-text-opacity: 1;color:rgba(var(--bs-body-color-rgb),var(--bs-text-opacity))!important}.text-muted{--bs-text-opacity: 1;color:var(--bs-secondary-color)!important}.text-black-50{--bs-text-opacity: 1;color:#00000080!important}.text-white-50{--bs-text-opacity: 1;color:#ffffff80!important}.text-body-secondary{--bs-text-opacity: 1;color:var(--bs-secondary-color)!important}.text-body-tertiary{--bs-text-opacity: 1;color:var(--bs-tertiary-color)!important}.text-body-emphasis{--bs-text-opacity: 1;color:var(--bs-emphasis-color)!important}.text-reset{--bs-text-opacity: 1;color:inherit!important}.text-opacity-25{--bs-text-opacity: .25}.text-opacity-50{--bs-text-opacity: .5}.text-opacity-75{--bs-text-opacity: .75}.text-opacity-100{--bs-text-opacity: 1}.text-primary-emphasis{color:var(--bs-primary-text-emphasis)!important}.text-secondary-emphasis{color:var(--bs-secondary-text-emphasis)!important}.text-success-emphasis{color:var(--bs-success-text-emphasis)!important}.text-info-emphasis{color:var(--bs-info-text-emphasis)!important}.text-warning-emphasis{color:var(--bs-warning-text-emphasis)!important}.text-danger-emphasis{color:var(--bs-danger-text-emphasis)!important}.text-light-emphasis{color:var(--bs-light-text-emphasis)!important}.text-dark-emphasis{color:var(--bs-dark-text-emphasis)!important}.link-opacity-10,.link-opacity-10-hover:hover{--bs-link-opacity: .1}.link-opacity-25,.link-opacity-25-hover:hover{--bs-link-opacity: .25}.link-opacity-50,.link-opacity-50-hover:hover{--bs-link-opacity: .5}.link-opacity-75,.link-opacity-75-hover:hover{--bs-link-opacity: .75}.link-opacity-100,.link-opacity-100-hover:hover{--bs-link-opacity: 1}.link-offset-1,.link-offset-1-hover:hover{text-underline-offset:.125em!important}.link-offset-2,.link-offset-2-hover:hover{text-underline-offset:.25em!important}.link-offset-3,.link-offset-3-hover:hover{text-underline-offset:.375em!important}.link-underline-primary{--bs-link-underline-opacity: 1;-webkit-text-decoration-color:rgba(var(--bs-primary-rgb),var(--bs-link-underline-opacity))!important;text-decoration-color:rgba(var(--bs-primary-rgb),var(--bs-link-underline-opacity))!important}.link-underline-secondary{--bs-link-underline-opacity: 1;-webkit-text-decoration-color:rgba(var(--bs-secondary-rgb),var(--bs-link-underline-opacity))!important;text-decoration-color:rgba(var(--bs-secondary-rgb),var(--bs-link-underline-opacity))!important}.link-underline-success{--bs-link-underline-opacity: 1;-webkit-text-decoration-color:rgba(var(--bs-success-rgb),var(--bs-link-underline-opacity))!important;text-decoration-color:rgba(var(--bs-success-rgb),var(--bs-link-underline-opacity))!important}.link-underline-info{--bs-link-underline-opacity: 1;-webkit-text-decoration-color:rgba(var(--bs-info-rgb),var(--bs-link-underline-opacity))!important;text-decoration-color:rgba(var(--bs-info-rgb),var(--bs-link-underline-opacity))!important}.link-underline-warning{--bs-link-underline-opacity: 1;-webkit-text-decoration-color:rgba(var(--bs-warning-rgb),var(--bs-link-underline-opacity))!important;text-decoration-color:rgba(var(--bs-warning-rgb),var(--bs-link-underline-opacity))!important}.link-underline-danger{--bs-link-underline-opacity: 1;-webkit-text-decoration-color:rgba(var(--bs-danger-rgb),var(--bs-link-underline-opacity))!important;text-decoration-color:rgba(var(--bs-danger-rgb),var(--bs-link-underline-opacity))!important}.link-underline-light{--bs-link-underline-opacity: 1;-webkit-text-decoration-color:rgba(var(--bs-light-rgb),var(--bs-link-underline-opacity))!important;text-decoration-color:rgba(var(--bs-light-rgb),var(--bs-link-underline-opacity))!important}.link-underline-dark{--bs-link-underline-opacity: 1;-webkit-text-decoration-color:rgba(var(--bs-dark-rgb),var(--bs-link-underline-opacity))!important;text-decoration-color:rgba(var(--bs-dark-rgb),var(--bs-link-underline-opacity))!important}.link-underline{--bs-link-underline-opacity: 1;-webkit-text-decoration-color:rgba(var(--bs-link-color-rgb),var(--bs-link-underline-opacity, 1))!important;text-decoration-color:rgba(var(--bs-link-color-rgb),var(--bs-link-underline-opacity, 1))!important}.link-underline-opacity-0,.link-underline-opacity-0-hover:hover{--bs-link-underline-opacity: 0}.link-underline-opacity-10,.link-underline-opacity-10-hover:hover{--bs-link-underline-opacity: .1}.link-underline-opacity-25,.link-underline-opacity-25-hover:hover{--bs-link-underline-opacity: .25}.link-underline-opacity-50,.link-underline-opacity-50-hover:hover{--bs-link-underline-opacity: .5}.link-underline-opacity-75,.link-underline-opacity-75-hover:hover{--bs-link-underline-opacity: .75}.link-underline-opacity-100,.link-underline-opacity-100-hover:hover{--bs-link-underline-opacity: 1}.bg-primary{--bs-bg-opacity: 1;background-color:rgba(var(--bs-primary-rgb),var(--bs-bg-opacity))!important}.bg-secondary{--bs-bg-opacity: 1;background-color:rgba(var(--bs-secondary-rgb),var(--bs-bg-opacity))!important}.bg-success{--bs-bg-opacity: 1;background-color:rgba(var(--bs-success-rgb),var(--bs-bg-opacity))!important}.bg-info{--bs-bg-opacity: 1;background-color:rgba(var(--bs-info-rgb),var(--bs-bg-opacity))!important}.bg-warning{--bs-bg-opacity: 1;background-color:rgba(var(--bs-warning-rgb),var(--bs-bg-opacity))!important}.bg-danger{--bs-bg-opacity: 1;background-color:rgba(var(--bs-danger-rgb),var(--bs-bg-opacity))!important}.bg-light{--bs-bg-opacity: 1;background-color:rgba(var(--bs-light-rgb),var(--bs-bg-opacity))!important}.bg-dark{--bs-bg-opacity: 1;background-color:rgba(var(--bs-dark-rgb),var(--bs-bg-opacity))!important}.bg-black{--bs-bg-opacity: 1;background-color:rgba(var(--bs-black-rgb),var(--bs-bg-opacity))!important}.bg-white{--bs-bg-opacity: 1;background-color:rgba(var(--bs-white-rgb),var(--bs-bg-opacity))!important}.bg-body{--bs-bg-opacity: 1;background-color:rgba(var(--bs-body-bg-rgb),var(--bs-bg-opacity))!important}.bg-transparent{--bs-bg-opacity: 1;background-color:transparent!important}.bg-body-secondary{--bs-bg-opacity: 1;background-color:rgba(var(--bs-secondary-bg-rgb),var(--bs-bg-opacity))!important}.bg-body-tertiary{--bs-bg-opacity: 1;background-color:rgba(var(--bs-tertiary-bg-rgb),var(--bs-bg-opacity))!important}.bg-opacity-10{--bs-bg-opacity: .1}.bg-opacity-25{--bs-bg-opacity: .25}.bg-opacity-50{--bs-bg-opacity: .5}.bg-opacity-75{--bs-bg-opacity: .75}.bg-opacity-100{--bs-bg-opacity: 1}.bg-primary-subtle{background-color:var(--bs-primary-bg-subtle)!important}.bg-secondary-subtle{background-color:var(--bs-secondary-bg-subtle)!important}.bg-success-subtle{background-color:var(--bs-success-bg-subtle)!important}.bg-info-subtle{background-color:var(--bs-info-bg-subtle)!important}.bg-warning-subtle{background-color:var(--bs-warning-bg-subtle)!important}.bg-danger-subtle{background-color:var(--bs-danger-bg-subtle)!important}.bg-light-subtle{background-color:var(--bs-light-bg-subtle)!important}.bg-dark-subtle{background-color:var(--bs-dark-bg-subtle)!important}.bg-gradient{background-image:var(--bs-gradient)!important}.user-select-all{-webkit-user-select:all!important;-moz-user-select:all!important;user-select:all!important}.user-select-auto{-webkit-user-select:auto!important;-moz-user-select:auto!important;user-select:auto!important}.user-select-none{-webkit-user-select:none!important;-moz-user-select:none!important;user-select:none!important}.pe-none{pointer-events:none!important}.pe-auto{pointer-events:auto!important}.rounded{border-radius:var(--bs-border-radius)!important}.rounded-0{border-radius:0!important}.rounded-1{border-radius:var(--bs-border-radius-sm)!important}.rounded-2{border-radius:var(--bs-border-radius)!important}.rounded-3{border-radius:var(--bs-border-radius-lg)!important}.rounded-4{border-radius:var(--bs-border-radius-xl)!important}.rounded-5{border-radius:var(--bs-border-radius-xxl)!important}.rounded-circle{border-radius:50%!important}.rounded-pill{border-radius:var(--bs-border-radius-pill)!important}.rounded-top{border-top-left-radius:var(--bs-border-radius)!important;border-top-right-radius:var(--bs-border-radius)!important}.rounded-top-0{border-top-left-radius:0!important;border-top-right-radius:0!important}.rounded-top-1{border-top-left-radius:var(--bs-border-radius-sm)!important;border-top-right-radius:var(--bs-border-radius-sm)!important}.rounded-top-2{border-top-left-radius:var(--bs-border-radius)!important;border-top-right-radius:var(--bs-border-radius)!important}.rounded-top-3{border-top-left-radius:var(--bs-border-radius-lg)!important;border-top-right-radius:var(--bs-border-radius-lg)!important}.rounded-top-4{border-top-left-radius:var(--bs-border-radius-xl)!important;border-top-right-radius:var(--bs-border-radius-xl)!important}.rounded-top-5{border-top-left-radius:var(--bs-border-radius-xxl)!important;border-top-right-radius:var(--bs-border-radius-xxl)!important}.rounded-top-circle{border-top-left-radius:50%!important;border-top-right-radius:50%!important}.rounded-top-pill{border-top-left-radius:var(--bs-border-radius-pill)!important;border-top-right-radius:var(--bs-border-radius-pill)!important}.rounded-end{border-top-right-radius:var(--bs-border-radius)!important;border-bottom-right-radius:var(--bs-border-radius)!important}.rounded-end-0{border-top-right-radius:0!important;border-bottom-right-radius:0!important}.rounded-end-1{border-top-right-radius:var(--bs-border-radius-sm)!important;border-bottom-right-radius:var(--bs-border-radius-sm)!important}.rounded-end-2{border-top-right-radius:var(--bs-border-radius)!important;border-bottom-right-radius:var(--bs-border-radius)!important}.rounded-end-3{border-top-right-radius:var(--bs-border-radius-lg)!important;border-bottom-right-radius:var(--bs-border-radius-lg)!important}.rounded-end-4{border-top-right-radius:var(--bs-border-radius-xl)!important;border-bottom-right-radius:var(--bs-border-radius-xl)!important}.rounded-end-5{border-top-right-radius:var(--bs-border-radius-xxl)!important;border-bottom-right-radius:var(--bs-border-radius-xxl)!important}.rounded-end-circle{border-top-right-radius:50%!important;border-bottom-right-radius:50%!important}.rounded-end-pill{border-top-right-radius:var(--bs-border-radius-pill)!important;border-bottom-right-radius:var(--bs-border-radius-pill)!important}.rounded-bottom{border-bottom-right-radius:var(--bs-border-radius)!important;border-bottom-left-radius:var(--bs-border-radius)!important}.rounded-bottom-0{border-bottom-right-radius:0!important;border-bottom-left-radius:0!important}.rounded-bottom-1{border-bottom-right-radius:var(--bs-border-radius-sm)!important;border-bottom-left-radius:var(--bs-border-radius-sm)!important}.rounded-bottom-2{border-bottom-right-radius:var(--bs-border-radius)!important;border-bottom-left-radius:var(--bs-border-radius)!important}.rounded-bottom-3{border-bottom-right-radius:var(--bs-border-radius-lg)!important;border-bottom-left-radius:var(--bs-border-radius-lg)!important}.rounded-bottom-4{border-bottom-right-radius:var(--bs-border-radius-xl)!important;border-bottom-left-radius:var(--bs-border-radius-xl)!important}.rounded-bottom-5{border-bottom-right-radius:var(--bs-border-radius-xxl)!important;border-bottom-left-radius:var(--bs-border-radius-xxl)!important}.rounded-bottom-circle{border-bottom-right-radius:50%!important;border-bottom-left-radius:50%!important}.rounded-bottom-pill{border-bottom-right-radius:var(--bs-border-radius-pill)!important;border-bottom-left-radius:var(--bs-border-radius-pill)!important}.rounded-start{border-bottom-left-radius:var(--bs-border-radius)!important;border-top-left-radius:var(--bs-border-radius)!important}.rounded-start-0{border-bottom-left-radius:0!important;border-top-left-radius:0!important}.rounded-start-1{border-bottom-left-radius:var(--bs-border-radius-sm)!important;border-top-left-radius:var(--bs-border-radius-sm)!important}.rounded-start-2{border-bottom-left-radius:var(--bs-border-radius)!important;border-top-left-radius:var(--bs-border-radius)!important}.rounded-start-3{border-bottom-left-radius:var(--bs-border-radius-lg)!important;border-top-left-radius:var(--bs-border-radius-lg)!important}.rounded-start-4{border-bottom-left-radius:var(--bs-border-radius-xl)!important;border-top-left-radius:var(--bs-border-radius-xl)!important}.rounded-start-5{border-bottom-left-radius:var(--bs-border-radius-xxl)!important;border-top-left-radius:var(--bs-border-radius-xxl)!important}.rounded-start-circle{border-bottom-left-radius:50%!important;border-top-left-radius:50%!important}.rounded-start-pill{border-bottom-left-radius:var(--bs-border-radius-pill)!important;border-top-left-radius:var(--bs-border-radius-pill)!important}.visible{visibility:visible!important}.invisible{visibility:hidden!important}.z-n1{z-index:-1!important}.z-0{z-index:0!important}.z-1{z-index:1!important}.z-2{z-index:2!important}.z-3{z-index:3!important}@media (min-width: 576px){.float-sm-start{float:left!important}.float-sm-end{float:right!important}.float-sm-none{float:none!important}.object-fit-sm-contain{-o-object-fit:contain!important;object-fit:contain!important}.object-fit-sm-cover{-o-object-fit:cover!important;object-fit:cover!important}.object-fit-sm-fill{-o-object-fit:fill!important;object-fit:fill!important}.object-fit-sm-scale{-o-object-fit:scale-down!important;object-fit:scale-down!important}.object-fit-sm-none{-o-object-fit:none!important;object-fit:none!important}.d-sm-inline{display:inline!important}.d-sm-inline-block{display:inline-block!important}.d-sm-block{display:block!important}.d-sm-grid{display:grid!important}.d-sm-inline-grid{display:inline-grid!important}.d-sm-table{display:table!important}.d-sm-table-row{display:table-row!important}.d-sm-table-cell{display:table-cell!important}.d-sm-flex{display:flex!important}.d-sm-inline-flex{display:inline-flex!important}.d-sm-none{display:none!important}.flex-sm-fill{flex:1 1 auto!important}.flex-sm-row{flex-direction:row!important}.flex-sm-column{flex-direction:column!important}.flex-sm-row-reverse{flex-direction:row-reverse!important}.flex-sm-column-reverse{flex-direction:column-reverse!important}.flex-sm-grow-0{flex-grow:0!important}.flex-sm-grow-1{flex-grow:1!important}.flex-sm-shrink-0{flex-shrink:0!important}.flex-sm-shrink-1{flex-shrink:1!important}.flex-sm-wrap{flex-wrap:wrap!important}.flex-sm-nowrap{flex-wrap:nowrap!important}.flex-sm-wrap-reverse{flex-wrap:wrap-reverse!important}.justify-content-sm-start{justify-content:flex-start!important}.justify-content-sm-end{justify-content:flex-end!important}.justify-content-sm-center{justify-content:center!important}.justify-content-sm-between{justify-content:space-between!important}.justify-content-sm-around{justify-content:space-around!important}.justify-content-sm-evenly{justify-content:space-evenly!important}.align-items-sm-start{align-items:flex-start!important}.align-items-sm-end{align-items:flex-end!important}.align-items-sm-center{align-items:center!important}.align-items-sm-baseline{align-items:baseline!important}.align-items-sm-stretch{align-items:stretch!important}.align-content-sm-start{align-content:flex-start!important}.align-content-sm-end{align-content:flex-end!important}.align-content-sm-center{align-content:center!important}.align-content-sm-between{align-content:space-between!important}.align-content-sm-around{align-content:space-around!important}.align-content-sm-stretch{align-content:stretch!important}.align-self-sm-auto{align-self:auto!important}.align-self-sm-start{align-self:flex-start!important}.align-self-sm-end{align-self:flex-end!important}.align-self-sm-center{align-self:center!important}.align-self-sm-baseline{align-self:baseline!important}.align-self-sm-stretch{align-self:stretch!important}.order-sm-first{order:-1!important}.order-sm-0{order:0!important}.order-sm-1{order:1!important}.order-sm-2{order:2!important}.order-sm-3{order:3!important}.order-sm-4{order:4!important}.order-sm-5{order:5!important}.order-sm-last{order:6!important}.m-sm-0{margin:0!important}.m-sm-1{margin:.25rem!important}.m-sm-2{margin:.5rem!important}.m-sm-3{margin:1rem!important}.m-sm-4{margin:1.5rem!important}.m-sm-5{margin:3rem!important}.m-sm-auto{margin:auto!important}.mx-sm-0{margin-right:0!important;margin-left:0!important}.mx-sm-1{margin-right:.25rem!important;margin-left:.25rem!important}.mx-sm-2{margin-right:.5rem!important;margin-left:.5rem!important}.mx-sm-3{margin-right:1rem!important;margin-left:1rem!important}.mx-sm-4{margin-right:1.5rem!important;margin-left:1.5rem!important}.mx-sm-5{margin-right:3rem!important;margin-left:3rem!important}.mx-sm-auto{margin-right:auto!important;margin-left:auto!important}.my-sm-0{margin-top:0!important;margin-bottom:0!important}.my-sm-1{margin-top:.25rem!important;margin-bottom:.25rem!important}.my-sm-2{margin-top:.5rem!important;margin-bottom:.5rem!important}.my-sm-3{margin-top:1rem!important;margin-bottom:1rem!important}.my-sm-4{margin-top:1.5rem!important;margin-bottom:1.5rem!important}.my-sm-5{margin-top:3rem!important;margin-bottom:3rem!important}.my-sm-auto{margin-top:auto!important;margin-bottom:auto!important}.mt-sm-0{margin-top:0!important}.mt-sm-1{margin-top:.25rem!important}.mt-sm-2{margin-top:.5rem!important}.mt-sm-3{margin-top:1rem!important}.mt-sm-4{margin-top:1.5rem!important}.mt-sm-5{margin-top:3rem!important}.mt-sm-auto{margin-top:auto!important}.me-sm-0{margin-right:0!important}.me-sm-1{margin-right:.25rem!important}.me-sm-2{margin-right:.5rem!important}.me-sm-3{margin-right:1rem!important}.me-sm-4{margin-right:1.5rem!important}.me-sm-5{margin-right:3rem!important}.me-sm-auto{margin-right:auto!important}.mb-sm-0{margin-bottom:0!important}.mb-sm-1{margin-bottom:.25rem!important}.mb-sm-2{margin-bottom:.5rem!important}.mb-sm-3{margin-bottom:1rem!important}.mb-sm-4{margin-bottom:1.5rem!important}.mb-sm-5{margin-bottom:3rem!important}.mb-sm-auto{margin-bottom:auto!important}.ms-sm-0{margin-left:0!important}.ms-sm-1{margin-left:.25rem!important}.ms-sm-2{margin-left:.5rem!important}.ms-sm-3{margin-left:1rem!important}.ms-sm-4{margin-left:1.5rem!important}.ms-sm-5{margin-left:3rem!important}.ms-sm-auto{margin-left:auto!important}.p-sm-0{padding:0!important}.p-sm-1{padding:.25rem!important}.p-sm-2{padding:.5rem!important}.p-sm-3{padding:1rem!important}.p-sm-4{padding:1.5rem!important}.p-sm-5{padding:3rem!important}.px-sm-0{padding-right:0!important;padding-left:0!important}.px-sm-1{padding-right:.25rem!important;padding-left:.25rem!important}.px-sm-2{padding-right:.5rem!important;padding-left:.5rem!important}.px-sm-3{padding-right:1rem!important;padding-left:1rem!important}.px-sm-4{padding-right:1.5rem!important;padding-left:1.5rem!important}.px-sm-5{padding-right:3rem!important;padding-left:3rem!important}.py-sm-0{padding-top:0!important;padding-bottom:0!important}.py-sm-1{padding-top:.25rem!important;padding-bottom:.25rem!important}.py-sm-2{padding-top:.5rem!important;padding-bottom:.5rem!important}.py-sm-3{padding-top:1rem!important;padding-bottom:1rem!important}.py-sm-4{padding-top:1.5rem!important;padding-bottom:1.5rem!important}.py-sm-5{padding-top:3rem!important;padding-bottom:3rem!important}.pt-sm-0{padding-top:0!important}.pt-sm-1{padding-top:.25rem!important}.pt-sm-2{padding-top:.5rem!important}.pt-sm-3{padding-top:1rem!important}.pt-sm-4{padding-top:1.5rem!important}.pt-sm-5{padding-top:3rem!important}.pe-sm-0{padding-right:0!important}.pe-sm-1{padding-right:.25rem!important}.pe-sm-2{padding-right:.5rem!important}.pe-sm-3{padding-right:1rem!important}.pe-sm-4{padding-right:1.5rem!important}.pe-sm-5{padding-right:3rem!important}.pb-sm-0{padding-bottom:0!important}.pb-sm-1{padding-bottom:.25rem!important}.pb-sm-2{padding-bottom:.5rem!important}.pb-sm-3{padding-bottom:1rem!important}.pb-sm-4{padding-bottom:1.5rem!important}.pb-sm-5{padding-bottom:3rem!important}.ps-sm-0{padding-left:0!important}.ps-sm-1{padding-left:.25rem!important}.ps-sm-2{padding-left:.5rem!important}.ps-sm-3{padding-left:1rem!important}.ps-sm-4{padding-left:1.5rem!important}.ps-sm-5{padding-left:3rem!important}.gap-sm-0{gap:0!important}.gap-sm-1{gap:.25rem!important}.gap-sm-2{gap:.5rem!important}.gap-sm-3{gap:1rem!important}.gap-sm-4{gap:1.5rem!important}.gap-sm-5{gap:3rem!important}.row-gap-sm-0{row-gap:0!important}.row-gap-sm-1{row-gap:.25rem!important}.row-gap-sm-2{row-gap:.5rem!important}.row-gap-sm-3{row-gap:1rem!important}.row-gap-sm-4{row-gap:1.5rem!important}.row-gap-sm-5{row-gap:3rem!important}.column-gap-sm-0{-moz-column-gap:0!important;column-gap:0!important}.column-gap-sm-1{-moz-column-gap:.25rem!important;column-gap:.25rem!important}.column-gap-sm-2{-moz-column-gap:.5rem!important;column-gap:.5rem!important}.column-gap-sm-3{-moz-column-gap:1rem!important;column-gap:1rem!important}.column-gap-sm-4{-moz-column-gap:1.5rem!important;column-gap:1.5rem!important}.column-gap-sm-5{-moz-column-gap:3rem!important;column-gap:3rem!important}.text-sm-start{text-align:left!important}.text-sm-end{text-align:right!important}.text-sm-center{text-align:center!important}}@media (min-width: 768px){.float-md-start{float:left!important}.float-md-end{float:right!important}.float-md-none{float:none!important}.object-fit-md-contain{-o-object-fit:contain!important;object-fit:contain!important}.object-fit-md-cover{-o-object-fit:cover!important;object-fit:cover!important}.object-fit-md-fill{-o-object-fit:fill!important;object-fit:fill!important}.object-fit-md-scale{-o-object-fit:scale-down!important;object-fit:scale-down!important}.object-fit-md-none{-o-object-fit:none!important;object-fit:none!important}.d-md-inline{display:inline!important}.d-md-inline-block{display:inline-block!important}.d-md-block{display:block!important}.d-md-grid{display:grid!important}.d-md-inline-grid{display:inline-grid!important}.d-md-table{display:table!important}.d-md-table-row{display:table-row!important}.d-md-table-cell{display:table-cell!important}.d-md-flex{display:flex!important}.d-md-inline-flex{display:inline-flex!important}.d-md-none{display:none!important}.flex-md-fill{flex:1 1 auto!important}.flex-md-row{flex-direction:row!important}.flex-md-column{flex-direction:column!important}.flex-md-row-reverse{flex-direction:row-reverse!important}.flex-md-column-reverse{flex-direction:column-reverse!important}.flex-md-grow-0{flex-grow:0!important}.flex-md-grow-1{flex-grow:1!important}.flex-md-shrink-0{flex-shrink:0!important}.flex-md-shrink-1{flex-shrink:1!important}.flex-md-wrap{flex-wrap:wrap!important}.flex-md-nowrap{flex-wrap:nowrap!important}.flex-md-wrap-reverse{flex-wrap:wrap-reverse!important}.justify-content-md-start{justify-content:flex-start!important}.justify-content-md-end{justify-content:flex-end!important}.justify-content-md-center{justify-content:center!important}.justify-content-md-between{justify-content:space-between!important}.justify-content-md-around{justify-content:space-around!important}.justify-content-md-evenly{justify-content:space-evenly!important}.align-items-md-start{align-items:flex-start!important}.align-items-md-end{align-items:flex-end!important}.align-items-md-center{align-items:center!important}.align-items-md-baseline{align-items:baseline!important}.align-items-md-stretch{align-items:stretch!important}.align-content-md-start{align-content:flex-start!important}.align-content-md-end{align-content:flex-end!important}.align-content-md-center{align-content:center!important}.align-content-md-between{align-content:space-between!important}.align-content-md-around{align-content:space-around!important}.align-content-md-stretch{align-content:stretch!important}.align-self-md-auto{align-self:auto!important}.align-self-md-start{align-self:flex-start!important}.align-self-md-end{align-self:flex-end!important}.align-self-md-center{align-self:center!important}.align-self-md-baseline{align-self:baseline!important}.align-self-md-stretch{align-self:stretch!important}.order-md-first{order:-1!important}.order-md-0{order:0!important}.order-md-1{order:1!important}.order-md-2{order:2!important}.order-md-3{order:3!important}.order-md-4{order:4!important}.order-md-5{order:5!important}.order-md-last{order:6!important}.m-md-0{margin:0!important}.m-md-1{margin:.25rem!important}.m-md-2{margin:.5rem!important}.m-md-3{margin:1rem!important}.m-md-4{margin:1.5rem!important}.m-md-5{margin:3rem!important}.m-md-auto{margin:auto!important}.mx-md-0{margin-right:0!important;margin-left:0!important}.mx-md-1{margin-right:.25rem!important;margin-left:.25rem!important}.mx-md-2{margin-right:.5rem!important;margin-left:.5rem!important}.mx-md-3{margin-right:1rem!important;margin-left:1rem!important}.mx-md-4{margin-right:1.5rem!important;margin-left:1.5rem!important}.mx-md-5{margin-right:3rem!important;margin-left:3rem!important}.mx-md-auto{margin-right:auto!important;margin-left:auto!important}.my-md-0{margin-top:0!important;margin-bottom:0!important}.my-md-1{margin-top:.25rem!important;margin-bottom:.25rem!important}.my-md-2{margin-top:.5rem!important;margin-bottom:.5rem!important}.my-md-3{margin-top:1rem!important;margin-bottom:1rem!important}.my-md-4{margin-top:1.5rem!important;margin-bottom:1.5rem!important}.my-md-5{margin-top:3rem!important;margin-bottom:3rem!important}.my-md-auto{margin-top:auto!important;margin-bottom:auto!important}.mt-md-0{margin-top:0!important}.mt-md-1{margin-top:.25rem!important}.mt-md-2{margin-top:.5rem!important}.mt-md-3{margin-top:1rem!important}.mt-md-4{margin-top:1.5rem!important}.mt-md-5{margin-top:3rem!important}.mt-md-auto{margin-top:auto!important}.me-md-0{margin-right:0!important}.me-md-1{margin-right:.25rem!important}.me-md-2{margin-right:.5rem!important}.me-md-3{margin-right:1rem!important}.me-md-4{margin-right:1.5rem!important}.me-md-5{margin-right:3rem!important}.me-md-auto{margin-right:auto!important}.mb-md-0{margin-bottom:0!important}.mb-md-1{margin-bottom:.25rem!important}.mb-md-2{margin-bottom:.5rem!important}.mb-md-3{margin-bottom:1rem!important}.mb-md-4{margin-bottom:1.5rem!important}.mb-md-5{margin-bottom:3rem!important}.mb-md-auto{margin-bottom:auto!important}.ms-md-0{margin-left:0!important}.ms-md-1{margin-left:.25rem!important}.ms-md-2{margin-left:.5rem!important}.ms-md-3{margin-left:1rem!important}.ms-md-4{margin-left:1.5rem!important}.ms-md-5{margin-left:3rem!important}.ms-md-auto{margin-left:auto!important}.p-md-0{padding:0!important}.p-md-1{padding:.25rem!important}.p-md-2{padding:.5rem!important}.p-md-3{padding:1rem!important}.p-md-4{padding:1.5rem!important}.p-md-5{padding:3rem!important}.px-md-0{padding-right:0!important;padding-left:0!important}.px-md-1{padding-right:.25rem!important;padding-left:.25rem!important}.px-md-2{padding-right:.5rem!important;padding-left:.5rem!important}.px-md-3{padding-right:1rem!important;padding-left:1rem!important}.px-md-4{padding-right:1.5rem!important;padding-left:1.5rem!important}.px-md-5{padding-right:3rem!important;padding-left:3rem!important}.py-md-0{padding-top:0!important;padding-bottom:0!important}.py-md-1{padding-top:.25rem!important;padding-bottom:.25rem!important}.py-md-2{padding-top:.5rem!important;padding-bottom:.5rem!important}.py-md-3{padding-top:1rem!important;padding-bottom:1rem!important}.py-md-4{padding-top:1.5rem!important;padding-bottom:1.5rem!important}.py-md-5{padding-top:3rem!important;padding-bottom:3rem!important}.pt-md-0{padding-top:0!important}.pt-md-1{padding-top:.25rem!important}.pt-md-2{padding-top:.5rem!important}.pt-md-3{padding-top:1rem!important}.pt-md-4{padding-top:1.5rem!important}.pt-md-5{padding-top:3rem!important}.pe-md-0{padding-right:0!important}.pe-md-1{padding-right:.25rem!important}.pe-md-2{padding-right:.5rem!important}.pe-md-3{padding-right:1rem!important}.pe-md-4{padding-right:1.5rem!important}.pe-md-5{padding-right:3rem!important}.pb-md-0{padding-bottom:0!important}.pb-md-1{padding-bottom:.25rem!important}.pb-md-2{padding-bottom:.5rem!important}.pb-md-3{padding-bottom:1rem!important}.pb-md-4{padding-bottom:1.5rem!important}.pb-md-5{padding-bottom:3rem!important}.ps-md-0{padding-left:0!important}.ps-md-1{padding-left:.25rem!important}.ps-md-2{padding-left:.5rem!important}.ps-md-3{padding-left:1rem!important}.ps-md-4{padding-left:1.5rem!important}.ps-md-5{padding-left:3rem!important}.gap-md-0{gap:0!important}.gap-md-1{gap:.25rem!important}.gap-md-2{gap:.5rem!important}.gap-md-3{gap:1rem!important}.gap-md-4{gap:1.5rem!important}.gap-md-5{gap:3rem!important}.row-gap-md-0{row-gap:0!important}.row-gap-md-1{row-gap:.25rem!important}.row-gap-md-2{row-gap:.5rem!important}.row-gap-md-3{row-gap:1rem!important}.row-gap-md-4{row-gap:1.5rem!important}.row-gap-md-5{row-gap:3rem!important}.column-gap-md-0{-moz-column-gap:0!important;column-gap:0!important}.column-gap-md-1{-moz-column-gap:.25rem!important;column-gap:.25rem!important}.column-gap-md-2{-moz-column-gap:.5rem!important;column-gap:.5rem!important}.column-gap-md-3{-moz-column-gap:1rem!important;column-gap:1rem!important}.column-gap-md-4{-moz-column-gap:1.5rem!important;column-gap:1.5rem!important}.column-gap-md-5{-moz-column-gap:3rem!important;column-gap:3rem!important}.text-md-start{text-align:left!important}.text-md-end{text-align:right!important}.text-md-center{text-align:center!important}}@media (min-width: 992px){.float-lg-start{float:left!important}.float-lg-end{float:right!important}.float-lg-none{float:none!important}.object-fit-lg-contain{-o-object-fit:contain!important;object-fit:contain!important}.object-fit-lg-cover{-o-object-fit:cover!important;object-fit:cover!important}.object-fit-lg-fill{-o-object-fit:fill!important;object-fit:fill!important}.object-fit-lg-scale{-o-object-fit:scale-down!important;object-fit:scale-down!important}.object-fit-lg-none{-o-object-fit:none!important;object-fit:none!important}.d-lg-inline{display:inline!important}.d-lg-inline-block{display:inline-block!important}.d-lg-block{display:block!important}.d-lg-grid{display:grid!important}.d-lg-inline-grid{display:inline-grid!important}.d-lg-table{display:table!important}.d-lg-table-row{display:table-row!important}.d-lg-table-cell{display:table-cell!important}.d-lg-flex{display:flex!important}.d-lg-inline-flex{display:inline-flex!important}.d-lg-none{display:none!important}.flex-lg-fill{flex:1 1 auto!important}.flex-lg-row{flex-direction:row!important}.flex-lg-column{flex-direction:column!important}.flex-lg-row-reverse{flex-direction:row-reverse!important}.flex-lg-column-reverse{flex-direction:column-reverse!important}.flex-lg-grow-0{flex-grow:0!important}.flex-lg-grow-1{flex-grow:1!important}.flex-lg-shrink-0{flex-shrink:0!important}.flex-lg-shrink-1{flex-shrink:1!important}.flex-lg-wrap{flex-wrap:wrap!important}.flex-lg-nowrap{flex-wrap:nowrap!important}.flex-lg-wrap-reverse{flex-wrap:wrap-reverse!important}.justify-content-lg-start{justify-content:flex-start!important}.justify-content-lg-end{justify-content:flex-end!important}.justify-content-lg-center{justify-content:center!important}.justify-content-lg-between{justify-content:space-between!important}.justify-content-lg-around{justify-content:space-around!important}.justify-content-lg-evenly{justify-content:space-evenly!important}.align-items-lg-start{align-items:flex-start!important}.align-items-lg-end{align-items:flex-end!important}.align-items-lg-center{align-items:center!important}.align-items-lg-baseline{align-items:baseline!important}.align-items-lg-stretch{align-items:stretch!important}.align-content-lg-start{align-content:flex-start!important}.align-content-lg-end{align-content:flex-end!important}.align-content-lg-center{align-content:center!important}.align-content-lg-between{align-content:space-between!important}.align-content-lg-around{align-content:space-around!important}.align-content-lg-stretch{align-content:stretch!important}.align-self-lg-auto{align-self:auto!important}.align-self-lg-start{align-self:flex-start!important}.align-self-lg-end{align-self:flex-end!important}.align-self-lg-center{align-self:center!important}.align-self-lg-baseline{align-self:baseline!important}.align-self-lg-stretch{align-self:stretch!important}.order-lg-first{order:-1!important}.order-lg-0{order:0!important}.order-lg-1{order:1!important}.order-lg-2{order:2!important}.order-lg-3{order:3!important}.order-lg-4{order:4!important}.order-lg-5{order:5!important}.order-lg-last{order:6!important}.m-lg-0{margin:0!important}.m-lg-1{margin:.25rem!important}.m-lg-2{margin:.5rem!important}.m-lg-3{margin:1rem!important}.m-lg-4{margin:1.5rem!important}.m-lg-5{margin:3rem!important}.m-lg-auto{margin:auto!important}.mx-lg-0{margin-right:0!important;margin-left:0!important}.mx-lg-1{margin-right:.25rem!important;margin-left:.25rem!important}.mx-lg-2{margin-right:.5rem!important;margin-left:.5rem!important}.mx-lg-3{margin-right:1rem!important;margin-left:1rem!important}.mx-lg-4{margin-right:1.5rem!important;margin-left:1.5rem!important}.mx-lg-5{margin-right:3rem!important;margin-left:3rem!important}.mx-lg-auto{margin-right:auto!important;margin-left:auto!important}.my-lg-0{margin-top:0!important;margin-bottom:0!important}.my-lg-1{margin-top:.25rem!important;margin-bottom:.25rem!important}.my-lg-2{margin-top:.5rem!important;margin-bottom:.5rem!important}.my-lg-3{margin-top:1rem!important;margin-bottom:1rem!important}.my-lg-4{margin-top:1.5rem!important;margin-bottom:1.5rem!important}.my-lg-5{margin-top:3rem!important;margin-bottom:3rem!important}.my-lg-auto{margin-top:auto!important;margin-bottom:auto!important}.mt-lg-0{margin-top:0!important}.mt-lg-1{margin-top:.25rem!important}.mt-lg-2{margin-top:.5rem!important}.mt-lg-3{margin-top:1rem!important}.mt-lg-4{margin-top:1.5rem!important}.mt-lg-5{margin-top:3rem!important}.mt-lg-auto{margin-top:auto!important}.me-lg-0{margin-right:0!important}.me-lg-1{margin-right:.25rem!important}.me-lg-2{margin-right:.5rem!important}.me-lg-3{margin-right:1rem!important}.me-lg-4{margin-right:1.5rem!important}.me-lg-5{margin-right:3rem!important}.me-lg-auto{margin-right:auto!important}.mb-lg-0{margin-bottom:0!important}.mb-lg-1{margin-bottom:.25rem!important}.mb-lg-2{margin-bottom:.5rem!important}.mb-lg-3{margin-bottom:1rem!important}.mb-lg-4{margin-bottom:1.5rem!important}.mb-lg-5{margin-bottom:3rem!important}.mb-lg-auto{margin-bottom:auto!important}.ms-lg-0{margin-left:0!important}.ms-lg-1{margin-left:.25rem!important}.ms-lg-2{margin-left:.5rem!important}.ms-lg-3{margin-left:1rem!important}.ms-lg-4{margin-left:1.5rem!important}.ms-lg-5{margin-left:3rem!important}.ms-lg-auto{margin-left:auto!important}.p-lg-0{padding:0!important}.p-lg-1{padding:.25rem!important}.p-lg-2{padding:.5rem!important}.p-lg-3{padding:1rem!important}.p-lg-4{padding:1.5rem!important}.p-lg-5{padding:3rem!important}.px-lg-0{padding-right:0!important;padding-left:0!important}.px-lg-1{padding-right:.25rem!important;padding-left:.25rem!important}.px-lg-2{padding-right:.5rem!important;padding-left:.5rem!important}.px-lg-3{padding-right:1rem!important;padding-left:1rem!important}.px-lg-4{padding-right:1.5rem!important;padding-left:1.5rem!important}.px-lg-5{padding-right:3rem!important;padding-left:3rem!important}.py-lg-0{padding-top:0!important;padding-bottom:0!important}.py-lg-1{padding-top:.25rem!important;padding-bottom:.25rem!important}.py-lg-2{padding-top:.5rem!important;padding-bottom:.5rem!important}.py-lg-3{padding-top:1rem!important;padding-bottom:1rem!important}.py-lg-4{padding-top:1.5rem!important;padding-bottom:1.5rem!important}.py-lg-5{padding-top:3rem!important;padding-bottom:3rem!important}.pt-lg-0{padding-top:0!important}.pt-lg-1{padding-top:.25rem!important}.pt-lg-2{padding-top:.5rem!important}.pt-lg-3{padding-top:1rem!important}.pt-lg-4{padding-top:1.5rem!important}.pt-lg-5{padding-top:3rem!important}.pe-lg-0{padding-right:0!important}.pe-lg-1{padding-right:.25rem!important}.pe-lg-2{padding-right:.5rem!important}.pe-lg-3{padding-right:1rem!important}.pe-lg-4{padding-right:1.5rem!important}.pe-lg-5{padding-right:3rem!important}.pb-lg-0{padding-bottom:0!important}.pb-lg-1{padding-bottom:.25rem!important}.pb-lg-2{padding-bottom:.5rem!important}.pb-lg-3{padding-bottom:1rem!important}.pb-lg-4{padding-bottom:1.5rem!important}.pb-lg-5{padding-bottom:3rem!important}.ps-lg-0{padding-left:0!important}.ps-lg-1{padding-left:.25rem!important}.ps-lg-2{padding-left:.5rem!important}.ps-lg-3{padding-left:1rem!important}.ps-lg-4{padding-left:1.5rem!important}.ps-lg-5{padding-left:3rem!important}.gap-lg-0{gap:0!important}.gap-lg-1{gap:.25rem!important}.gap-lg-2{gap:.5rem!important}.gap-lg-3{gap:1rem!important}.gap-lg-4{gap:1.5rem!important}.gap-lg-5{gap:3rem!important}.row-gap-lg-0{row-gap:0!important}.row-gap-lg-1{row-gap:.25rem!important}.row-gap-lg-2{row-gap:.5rem!important}.row-gap-lg-3{row-gap:1rem!important}.row-gap-lg-4{row-gap:1.5rem!important}.row-gap-lg-5{row-gap:3rem!important}.column-gap-lg-0{-moz-column-gap:0!important;column-gap:0!important}.column-gap-lg-1{-moz-column-gap:.25rem!important;column-gap:.25rem!important}.column-gap-lg-2{-moz-column-gap:.5rem!important;column-gap:.5rem!important}.column-gap-lg-3{-moz-column-gap:1rem!important;column-gap:1rem!important}.column-gap-lg-4{-moz-column-gap:1.5rem!important;column-gap:1.5rem!important}.column-gap-lg-5{-moz-column-gap:3rem!important;column-gap:3rem!important}.text-lg-start{text-align:left!important}.text-lg-end{text-align:right!important}.text-lg-center{text-align:center!important}}@media (min-width: 1200px){.float-xl-start{float:left!important}.float-xl-end{float:right!important}.float-xl-none{float:none!important}.object-fit-xl-contain{-o-object-fit:contain!important;object-fit:contain!important}.object-fit-xl-cover{-o-object-fit:cover!important;object-fit:cover!important}.object-fit-xl-fill{-o-object-fit:fill!important;object-fit:fill!important}.object-fit-xl-scale{-o-object-fit:scale-down!important;object-fit:scale-down!important}.object-fit-xl-none{-o-object-fit:none!important;object-fit:none!important}.d-xl-inline{display:inline!important}.d-xl-inline-block{display:inline-block!important}.d-xl-block{display:block!important}.d-xl-grid{display:grid!important}.d-xl-inline-grid{display:inline-grid!important}.d-xl-table{display:table!important}.d-xl-table-row{display:table-row!important}.d-xl-table-cell{display:table-cell!important}.d-xl-flex{display:flex!important}.d-xl-inline-flex{display:inline-flex!important}.d-xl-none{display:none!important}.flex-xl-fill{flex:1 1 auto!important}.flex-xl-row{flex-direction:row!important}.flex-xl-column{flex-direction:column!important}.flex-xl-row-reverse{flex-direction:row-reverse!important}.flex-xl-column-reverse{flex-direction:column-reverse!important}.flex-xl-grow-0{flex-grow:0!important}.flex-xl-grow-1{flex-grow:1!important}.flex-xl-shrink-0{flex-shrink:0!important}.flex-xl-shrink-1{flex-shrink:1!important}.flex-xl-wrap{flex-wrap:wrap!important}.flex-xl-nowrap{flex-wrap:nowrap!important}.flex-xl-wrap-reverse{flex-wrap:wrap-reverse!important}.justify-content-xl-start{justify-content:flex-start!important}.justify-content-xl-end{justify-content:flex-end!important}.justify-content-xl-center{justify-content:center!important}.justify-content-xl-between{justify-content:space-between!important}.justify-content-xl-around{justify-content:space-around!important}.justify-content-xl-evenly{justify-content:space-evenly!important}.align-items-xl-start{align-items:flex-start!important}.align-items-xl-end{align-items:flex-end!important}.align-items-xl-center{align-items:center!important}.align-items-xl-baseline{align-items:baseline!important}.align-items-xl-stretch{align-items:stretch!important}.align-content-xl-start{align-content:flex-start!important}.align-content-xl-end{align-content:flex-end!important}.align-content-xl-center{align-content:center!important}.align-content-xl-between{align-content:space-between!important}.align-content-xl-around{align-content:space-around!important}.align-content-xl-stretch{align-content:stretch!important}.align-self-xl-auto{align-self:auto!important}.align-self-xl-start{align-self:flex-start!important}.align-self-xl-end{align-self:flex-end!important}.align-self-xl-center{align-self:center!important}.align-self-xl-baseline{align-self:baseline!important}.align-self-xl-stretch{align-self:stretch!important}.order-xl-first{order:-1!important}.order-xl-0{order:0!important}.order-xl-1{order:1!important}.order-xl-2{order:2!important}.order-xl-3{order:3!important}.order-xl-4{order:4!important}.order-xl-5{order:5!important}.order-xl-last{order:6!important}.m-xl-0{margin:0!important}.m-xl-1{margin:.25rem!important}.m-xl-2{margin:.5rem!important}.m-xl-3{margin:1rem!important}.m-xl-4{margin:1.5rem!important}.m-xl-5{margin:3rem!important}.m-xl-auto{margin:auto!important}.mx-xl-0{margin-right:0!important;margin-left:0!important}.mx-xl-1{margin-right:.25rem!important;margin-left:.25rem!important}.mx-xl-2{margin-right:.5rem!important;margin-left:.5rem!important}.mx-xl-3{margin-right:1rem!important;margin-left:1rem!important}.mx-xl-4{margin-right:1.5rem!important;margin-left:1.5rem!important}.mx-xl-5{margin-right:3rem!important;margin-left:3rem!important}.mx-xl-auto{margin-right:auto!important;margin-left:auto!important}.my-xl-0{margin-top:0!important;margin-bottom:0!important}.my-xl-1{margin-top:.25rem!important;margin-bottom:.25rem!important}.my-xl-2{margin-top:.5rem!important;margin-bottom:.5rem!important}.my-xl-3{margin-top:1rem!important;margin-bottom:1rem!important}.my-xl-4{margin-top:1.5rem!important;margin-bottom:1.5rem!important}.my-xl-5{margin-top:3rem!important;margin-bottom:3rem!important}.my-xl-auto{margin-top:auto!important;margin-bottom:auto!important}.mt-xl-0{margin-top:0!important}.mt-xl-1{margin-top:.25rem!important}.mt-xl-2{margin-top:.5rem!important}.mt-xl-3{margin-top:1rem!important}.mt-xl-4{margin-top:1.5rem!important}.mt-xl-5{margin-top:3rem!important}.mt-xl-auto{margin-top:auto!important}.me-xl-0{margin-right:0!important}.me-xl-1{margin-right:.25rem!important}.me-xl-2{margin-right:.5rem!important}.me-xl-3{margin-right:1rem!important}.me-xl-4{margin-right:1.5rem!important}.me-xl-5{margin-right:3rem!important}.me-xl-auto{margin-right:auto!important}.mb-xl-0{margin-bottom:0!important}.mb-xl-1{margin-bottom:.25rem!important}.mb-xl-2{margin-bottom:.5rem!important}.mb-xl-3{margin-bottom:1rem!important}.mb-xl-4{margin-bottom:1.5rem!important}.mb-xl-5{margin-bottom:3rem!important}.mb-xl-auto{margin-bottom:auto!important}.ms-xl-0{margin-left:0!important}.ms-xl-1{margin-left:.25rem!important}.ms-xl-2{margin-left:.5rem!important}.ms-xl-3{margin-left:1rem!important}.ms-xl-4{margin-left:1.5rem!important}.ms-xl-5{margin-left:3rem!important}.ms-xl-auto{margin-left:auto!important}.p-xl-0{padding:0!important}.p-xl-1{padding:.25rem!important}.p-xl-2{padding:.5rem!important}.p-xl-3{padding:1rem!important}.p-xl-4{padding:1.5rem!important}.p-xl-5{padding:3rem!important}.px-xl-0{padding-right:0!important;padding-left:0!important}.px-xl-1{padding-right:.25rem!important;padding-left:.25rem!important}.px-xl-2{padding-right:.5rem!important;padding-left:.5rem!important}.px-xl-3{padding-right:1rem!important;padding-left:1rem!important}.px-xl-4{padding-right:1.5rem!important;padding-left:1.5rem!important}.px-xl-5{padding-right:3rem!important;padding-left:3rem!important}.py-xl-0{padding-top:0!important;padding-bottom:0!important}.py-xl-1{padding-top:.25rem!important;padding-bottom:.25rem!important}.py-xl-2{padding-top:.5rem!important;padding-bottom:.5rem!important}.py-xl-3{padding-top:1rem!important;padding-bottom:1rem!important}.py-xl-4{padding-top:1.5rem!important;padding-bottom:1.5rem!important}.py-xl-5{padding-top:3rem!important;padding-bottom:3rem!important}.pt-xl-0{padding-top:0!important}.pt-xl-1{padding-top:.25rem!important}.pt-xl-2{padding-top:.5rem!important}.pt-xl-3{padding-top:1rem!important}.pt-xl-4{padding-top:1.5rem!important}.pt-xl-5{padding-top:3rem!important}.pe-xl-0{padding-right:0!important}.pe-xl-1{padding-right:.25rem!important}.pe-xl-2{padding-right:.5rem!important}.pe-xl-3{padding-right:1rem!important}.pe-xl-4{padding-right:1.5rem!important}.pe-xl-5{padding-right:3rem!important}.pb-xl-0{padding-bottom:0!important}.pb-xl-1{padding-bottom:.25rem!important}.pb-xl-2{padding-bottom:.5rem!important}.pb-xl-3{padding-bottom:1rem!important}.pb-xl-4{padding-bottom:1.5rem!important}.pb-xl-5{padding-bottom:3rem!important}.ps-xl-0{padding-left:0!important}.ps-xl-1{padding-left:.25rem!important}.ps-xl-2{padding-left:.5rem!important}.ps-xl-3{padding-left:1rem!important}.ps-xl-4{padding-left:1.5rem!important}.ps-xl-5{padding-left:3rem!important}.gap-xl-0{gap:0!important}.gap-xl-1{gap:.25rem!important}.gap-xl-2{gap:.5rem!important}.gap-xl-3{gap:1rem!important}.gap-xl-4{gap:1.5rem!important}.gap-xl-5{gap:3rem!important}.row-gap-xl-0{row-gap:0!important}.row-gap-xl-1{row-gap:.25rem!important}.row-gap-xl-2{row-gap:.5rem!important}.row-gap-xl-3{row-gap:1rem!important}.row-gap-xl-4{row-gap:1.5rem!important}.row-gap-xl-5{row-gap:3rem!important}.column-gap-xl-0{-moz-column-gap:0!important;column-gap:0!important}.column-gap-xl-1{-moz-column-gap:.25rem!important;column-gap:.25rem!important}.column-gap-xl-2{-moz-column-gap:.5rem!important;column-gap:.5rem!important}.column-gap-xl-3{-moz-column-gap:1rem!important;column-gap:1rem!important}.column-gap-xl-4{-moz-column-gap:1.5rem!important;column-gap:1.5rem!important}.column-gap-xl-5{-moz-column-gap:3rem!important;column-gap:3rem!important}.text-xl-start{text-align:left!important}.text-xl-end{text-align:right!important}.text-xl-center{text-align:center!important}}@media (min-width: 1400px){.float-xxl-start{float:left!important}.float-xxl-end{float:right!important}.float-xxl-none{float:none!important}.object-fit-xxl-contain{-o-object-fit:contain!important;object-fit:contain!important}.object-fit-xxl-cover{-o-object-fit:cover!important;object-fit:cover!important}.object-fit-xxl-fill{-o-object-fit:fill!important;object-fit:fill!important}.object-fit-xxl-scale{-o-object-fit:scale-down!important;object-fit:scale-down!important}.object-fit-xxl-none{-o-object-fit:none!important;object-fit:none!important}.d-xxl-inline{display:inline!important}.d-xxl-inline-block{display:inline-block!important}.d-xxl-block{display:block!important}.d-xxl-grid{display:grid!important}.d-xxl-inline-grid{display:inline-grid!important}.d-xxl-table{display:table!important}.d-xxl-table-row{display:table-row!important}.d-xxl-table-cell{display:table-cell!important}.d-xxl-flex{display:flex!important}.d-xxl-inline-flex{display:inline-flex!important}.d-xxl-none{display:none!important}.flex-xxl-fill{flex:1 1 auto!important}.flex-xxl-row{flex-direction:row!important}.flex-xxl-column{flex-direction:column!important}.flex-xxl-row-reverse{flex-direction:row-reverse!important}.flex-xxl-column-reverse{flex-direction:column-reverse!important}.flex-xxl-grow-0{flex-grow:0!important}.flex-xxl-grow-1{flex-grow:1!important}.flex-xxl-shrink-0{flex-shrink:0!important}.flex-xxl-shrink-1{flex-shrink:1!important}.flex-xxl-wrap{flex-wrap:wrap!important}.flex-xxl-nowrap{flex-wrap:nowrap!important}.flex-xxl-wrap-reverse{flex-wrap:wrap-reverse!important}.justify-content-xxl-start{justify-content:flex-start!important}.justify-content-xxl-end{justify-content:flex-end!important}.justify-content-xxl-center{justify-content:center!important}.justify-content-xxl-between{justify-content:space-between!important}.justify-content-xxl-around{justify-content:space-around!important}.justify-content-xxl-evenly{justify-content:space-evenly!important}.align-items-xxl-start{align-items:flex-start!important}.align-items-xxl-end{align-items:flex-end!important}.align-items-xxl-center{align-items:center!important}.align-items-xxl-baseline{align-items:baseline!important}.align-items-xxl-stretch{align-items:stretch!important}.align-content-xxl-start{align-content:flex-start!important}.align-content-xxl-end{align-content:flex-end!important}.align-content-xxl-center{align-content:center!important}.align-content-xxl-between{align-content:space-between!important}.align-content-xxl-around{align-content:space-around!important}.align-content-xxl-stretch{align-content:stretch!important}.align-self-xxl-auto{align-self:auto!important}.align-self-xxl-start{align-self:flex-start!important}.align-self-xxl-end{align-self:flex-end!important}.align-self-xxl-center{align-self:center!important}.align-self-xxl-baseline{align-self:baseline!important}.align-self-xxl-stretch{align-self:stretch!important}.order-xxl-first{order:-1!important}.order-xxl-0{order:0!important}.order-xxl-1{order:1!important}.order-xxl-2{order:2!important}.order-xxl-3{order:3!important}.order-xxl-4{order:4!important}.order-xxl-5{order:5!important}.order-xxl-last{order:6!important}.m-xxl-0{margin:0!important}.m-xxl-1{margin:.25rem!important}.m-xxl-2{margin:.5rem!important}.m-xxl-3{margin:1rem!important}.m-xxl-4{margin:1.5rem!important}.m-xxl-5{margin:3rem!important}.m-xxl-auto{margin:auto!important}.mx-xxl-0{margin-right:0!important;margin-left:0!important}.mx-xxl-1{margin-right:.25rem!important;margin-left:.25rem!important}.mx-xxl-2{margin-right:.5rem!important;margin-left:.5rem!important}.mx-xxl-3{margin-right:1rem!important;margin-left:1rem!important}.mx-xxl-4{margin-right:1.5rem!important;margin-left:1.5rem!important}.mx-xxl-5{margin-right:3rem!important;margin-left:3rem!important}.mx-xxl-auto{margin-right:auto!important;margin-left:auto!important}.my-xxl-0{margin-top:0!important;margin-bottom:0!important}.my-xxl-1{margin-top:.25rem!important;margin-bottom:.25rem!important}.my-xxl-2{margin-top:.5rem!important;margin-bottom:.5rem!important}.my-xxl-3{margin-top:1rem!important;margin-bottom:1rem!important}.my-xxl-4{margin-top:1.5rem!important;margin-bottom:1.5rem!important}.my-xxl-5{margin-top:3rem!important;margin-bottom:3rem!important}.my-xxl-auto{margin-top:auto!important;margin-bottom:auto!important}.mt-xxl-0{margin-top:0!important}.mt-xxl-1{margin-top:.25rem!important}.mt-xxl-2{margin-top:.5rem!important}.mt-xxl-3{margin-top:1rem!important}.mt-xxl-4{margin-top:1.5rem!important}.mt-xxl-5{margin-top:3rem!important}.mt-xxl-auto{margin-top:auto!important}.me-xxl-0{margin-right:0!important}.me-xxl-1{margin-right:.25rem!important}.me-xxl-2{margin-right:.5rem!important}.me-xxl-3{margin-right:1rem!important}.me-xxl-4{margin-right:1.5rem!important}.me-xxl-5{margin-right:3rem!important}.me-xxl-auto{margin-right:auto!important}.mb-xxl-0{margin-bottom:0!important}.mb-xxl-1{margin-bottom:.25rem!important}.mb-xxl-2{margin-bottom:.5rem!important}.mb-xxl-3{margin-bottom:1rem!important}.mb-xxl-4{margin-bottom:1.5rem!important}.mb-xxl-5{margin-bottom:3rem!important}.mb-xxl-auto{margin-bottom:auto!important}.ms-xxl-0{margin-left:0!important}.ms-xxl-1{margin-left:.25rem!important}.ms-xxl-2{margin-left:.5rem!important}.ms-xxl-3{margin-left:1rem!important}.ms-xxl-4{margin-left:1.5rem!important}.ms-xxl-5{margin-left:3rem!important}.ms-xxl-auto{margin-left:auto!important}.p-xxl-0{padding:0!important}.p-xxl-1{padding:.25rem!important}.p-xxl-2{padding:.5rem!important}.p-xxl-3{padding:1rem!important}.p-xxl-4{padding:1.5rem!important}.p-xxl-5{padding:3rem!important}.px-xxl-0{padding-right:0!important;padding-left:0!important}.px-xxl-1{padding-right:.25rem!important;padding-left:.25rem!important}.px-xxl-2{padding-right:.5rem!important;padding-left:.5rem!important}.px-xxl-3{padding-right:1rem!important;padding-left:1rem!important}.px-xxl-4{padding-right:1.5rem!important;padding-left:1.5rem!important}.px-xxl-5{padding-right:3rem!important;padding-left:3rem!important}.py-xxl-0{padding-top:0!important;padding-bottom:0!important}.py-xxl-1{padding-top:.25rem!important;padding-bottom:.25rem!important}.py-xxl-2{padding-top:.5rem!important;padding-bottom:.5rem!important}.py-xxl-3{padding-top:1rem!important;padding-bottom:1rem!important}.py-xxl-4{padding-top:1.5rem!important;padding-bottom:1.5rem!important}.py-xxl-5{padding-top:3rem!important;padding-bottom:3rem!important}.pt-xxl-0{padding-top:0!important}.pt-xxl-1{padding-top:.25rem!important}.pt-xxl-2{padding-top:.5rem!important}.pt-xxl-3{padding-top:1rem!important}.pt-xxl-4{padding-top:1.5rem!important}.pt-xxl-5{padding-top:3rem!important}.pe-xxl-0{padding-right:0!important}.pe-xxl-1{padding-right:.25rem!important}.pe-xxl-2{padding-right:.5rem!important}.pe-xxl-3{padding-right:1rem!important}.pe-xxl-4{padding-right:1.5rem!important}.pe-xxl-5{padding-right:3rem!important}.pb-xxl-0{padding-bottom:0!important}.pb-xxl-1{padding-bottom:.25rem!important}.pb-xxl-2{padding-bottom:.5rem!important}.pb-xxl-3{padding-bottom:1rem!important}.pb-xxl-4{padding-bottom:1.5rem!important}.pb-xxl-5{padding-bottom:3rem!important}.ps-xxl-0{padding-left:0!important}.ps-xxl-1{padding-left:.25rem!important}.ps-xxl-2{padding-left:.5rem!important}.ps-xxl-3{padding-left:1rem!important}.ps-xxl-4{padding-left:1.5rem!important}.ps-xxl-5{padding-left:3rem!important}.gap-xxl-0{gap:0!important}.gap-xxl-1{gap:.25rem!important}.gap-xxl-2{gap:.5rem!important}.gap-xxl-3{gap:1rem!important}.gap-xxl-4{gap:1.5rem!important}.gap-xxl-5{gap:3rem!important}.row-gap-xxl-0{row-gap:0!important}.row-gap-xxl-1{row-gap:.25rem!important}.row-gap-xxl-2{row-gap:.5rem!important}.row-gap-xxl-3{row-gap:1rem!important}.row-gap-xxl-4{row-gap:1.5rem!important}.row-gap-xxl-5{row-gap:3rem!important}.column-gap-xxl-0{-moz-column-gap:0!important;column-gap:0!important}.column-gap-xxl-1{-moz-column-gap:.25rem!important;column-gap:.25rem!important}.column-gap-xxl-2{-moz-column-gap:.5rem!important;column-gap:.5rem!important}.column-gap-xxl-3{-moz-column-gap:1rem!important;column-gap:1rem!important}.column-gap-xxl-4{-moz-column-gap:1.5rem!important;column-gap:1.5rem!important}.column-gap-xxl-5{-moz-column-gap:3rem!important;column-gap:3rem!important}.text-xxl-start{text-align:left!important}.text-xxl-end{text-align:right!important}.text-xxl-center{text-align:center!important}}@media (min-width: 1200px){.fs-1{font-size:2.5rem!important}.fs-2{font-size:2rem!important}.fs-3{font-size:1.75rem!important}.fs-4{font-size:1.5rem!important}}@media print{.d-print-inline{display:inline!important}.d-print-inline-block{display:inline-block!important}.d-print-block{display:block!important}.d-print-grid{display:grid!important}.d-print-inline-grid{display:inline-grid!important}.d-print-table{display:table!important}.d-print-table-row{display:table-row!important}.d-print-table-cell{display:table-cell!important}.d-print-flex{display:flex!important}.d-print-inline-flex{display:inline-flex!important}.d-print-none{display:none!important}}table{thead tr.table-group{th[data-v-4e715fe8]{border-left:1px solid #b5b6b7;border-bottom:0}th:empty+th[data-v-4e715fe8]:empty{border-left:0}}}.tippy-box[data-animation=fade][data-state=hidden]{opacity:0}[data-tippy-root]{max-width:calc(100vw - 10px)}.tippy-box{position:relative;background-color:#333;color:#fff;border-radius:4px;font-size:14px;line-height:1.4;white-space:normal;outline:0;transition-property:transform,visibility,opacity}.tippy-box[data-placement^=top]>.tippy-arrow{bottom:0}.tippy-box[data-placement^=top]>.tippy-arrow:before{bottom:-7px;left:0;border-width:8px 8px 0;border-top-color:initial;transform-origin:center top}.tippy-box[data-placement^=bottom]>.tippy-arrow{top:0}.tippy-box[data-placement^=bottom]>.tippy-arrow:before{top:-7px;left:0;border-width:0 8px 8px;border-bottom-color:initial;transform-origin:center bottom}.tippy-box[data-placement^=left]>.tippy-arrow{right:0}.tippy-box[data-placement^=left]>.tippy-arrow:before{border-width:8px 0 8px 8px;border-left-color:initial;right:-7px;transform-origin:center left}.tippy-box[data-placement^=right]>.tippy-arrow{left:0}.tippy-box[data-placement^=right]>.tippy-arrow:before{left:-7px;border-width:8px 8px 8px 0;border-right-color:initial;transform-origin:center right}.tippy-box[data-inertia][data-state=visible]{transition-timing-function:cubic-bezier(.54,1.5,.38,1.11)}.tippy-arrow{width:16px;height:16px;color:#333}.tippy-arrow:before{content:"";position:absolute;border-color:transparent;border-style:solid}.tippy-content{position:relative;padding:5px 9px;z-index:1}.splitpanes{display:flex;width:100%;height:100%}.splitpanes--vertical{flex-direction:row}.splitpanes--horizontal{flex-direction:column}.splitpanes--dragging *{-webkit-user-select:none;user-select:none}.splitpanes__pane{width:100%;height:100%;overflow:hidden}.splitpanes--vertical .splitpanes__pane{transition:width .2s ease-out}.splitpanes--horizontal .splitpanes__pane{transition:height .2s ease-out}.splitpanes--dragging .splitpanes__pane{transition:none}.splitpanes__splitter{touch-action:none}.splitpanes--vertical>.splitpanes__splitter{min-width:1px;cursor:col-resize}.splitpanes--horizontal>.splitpanes__splitter{min-height:1px;cursor:row-resize}.splitpanes.default-theme .splitpanes__pane{background-color:#f2f2f2}.splitpanes.default-theme .splitpanes__splitter{background-color:#fff;box-sizing:border-box;position:relative;flex-shrink:0}.splitpanes.default-theme .splitpanes__splitter:before,.splitpanes.default-theme .splitpanes__splitter:after{content:"";position:absolute;top:50%;left:50%;background-color:#00000026;transition:background-color .3s}.splitpanes.default-theme .splitpanes__splitter:hover:before,.splitpanes.default-theme .splitpanes__splitter:hover:after{background-color:#00000040}.splitpanes.default-theme .splitpanes__splitter:first-child{cursor:auto}.default-theme.splitpanes .splitpanes .splitpanes__splitter{z-index:1}.default-theme.splitpanes--vertical>.splitpanes__splitter,.default-theme .splitpanes--vertical>.splitpanes__splitter{width:7px;border-left:1px solid #eee;margin-left:-1px}.default-theme.splitpanes--vertical>.splitpanes__splitter:before,.default-theme.splitpanes--vertical>.splitpanes__splitter:after,.default-theme .splitpanes--vertical>.splitpanes__splitter:before,.default-theme .splitpanes--vertical>.splitpanes__splitter:after{transform:translateY(-50%);width:1px;height:30px}.default-theme.splitpanes--vertical>.splitpanes__splitter:before,.default-theme .splitpanes--vertical>.splitpanes__splitter:before{margin-left:-2px}.default-theme.splitpanes--vertical>.splitpanes__splitter:after,.default-theme .splitpanes--vertical>.splitpanes__splitter:after{margin-left:1px}.default-theme.splitpanes--horizontal>.splitpanes__splitter,.default-theme .splitpanes--horizontal>.splitpanes__splitter{height:7px;border-top:1px solid #eee;margin-top:-1px}.default-theme.splitpanes--horizontal>.splitpanes__splitter:before,.default-theme.splitpanes--horizontal>.splitpanes__splitter:after,.default-theme .splitpanes--horizontal>.splitpanes__splitter:before,.default-theme .splitpanes--horizontal>.splitpanes__splitter:after{transform:translate(-50%);width:30px;height:1px}.default-theme.splitpanes--horizontal>.splitpanes__splitter:before,.default-theme .splitpanes--horizontal>.splitpanes__splitter:before{margin-top:-2px}.default-theme.splitpanes--horizontal>.splitpanes__splitter:after,.default-theme .splitpanes--horizontal>.splitpanes__splitter:after{margin-top:1px}.alert.c-1{background-color:#ccc;color:#454545;font-weight:700}.alert.c-1 .text-secondary{color:#454545!important;font-weight:400}.progress-bar.c-1{background-color:#ccc;border-color:#ccc!important}.text-c-1{color:#ccc}svg circle.c-1{fill:#ccc}.alert.c-2{background-color:#fddb61;color:#454545;font-weight:700}.alert.c-2 .text-secondary{color:#454545!important;font-weight:400}.progress-bar.c-2{background-color:#fddb61;border-color:#fddb61!important}.text-c-2{color:#fddb61}svg circle.c-2{fill:#fddb61}.alert.c-3{background-color:#e80;color:#454545;font-weight:700}.alert.c-3 .text-secondary{color:#454545!important;font-weight:400}.progress-bar.c-3{background-color:#e80;border-color:#e80!important}.text-c-3{color:#e80}svg circle.c-3{fill:#e80}.alert.c-4{background-color:#800;color:#fff;font-weight:700}.alert.c-4 .text-secondary{color:#fff!important;font-weight:400}.progress-bar.c-4{background-color:#800;border-color:#800!important}.text-c-4{color:#800}svg circle.c-4{fill:#800}.bg-hit{background-color:#ccc}.border-hit{border-color:#ccc!important}.bg-read{background-color:#fddb61}.border-read{border-color:#fddb61!important}.bg-dirtied{background-color:#e80}.border-dirtied{border-color:#e80!important}.bg-written{background-color:#800}.border-written{border-color:#800!important}.btn-group-xs>.btn,.btn-xs{padding:.25rem .4rem;font-size:12px;border-radius:.2rem}.btn-group-xs>.btn,.btn-group-xs>.btn .fa,.btn-xs,.btn-xs .fa{line-height:.5}.plan-node.never-executed .plan-node-body,.bg-hatched{background-image:linear-gradient(45deg,#f7f7f7 25%,transparent 25%,transparent 50%,#f7f7f7 50%,#f7f7f7 75%,transparent 75%,transparent);background-size:1rem 1rem}.border-dashed{border-style:dashed!important;background-color:transparent!important}.line-clamp-2{display:-webkit-box;-webkit-line-clamp:2;-webkit-box-orient:vertical;text-overflow:ellipsis;overflow:hidden}.opacity-20{opacity:.2!important}.bg-secondary-light{background-color:#dedede!important}.plan-container{font-family:Noto Sans,sans-serif;-webkit-font-smoothing:antialiased;-moz-osx-font-smoothing:grayscale}.plan-container .menu{position:absolute;z-index:1;right:0}.plan-container .menu-hidden ul,.plan-container .menu-hidden h3{display:none}.plan-container .grab-bing{cursor:-webkit-grab;cursor:-moz-grab;cursor:-o-grab;cursor:grab}.plan-container .grab-bing:active{cursor:-webkit-grabbing;cursor:-moz-grabbing;cursor:-o-grabbing;cursor:grabbing}.plan-container .text-secondary{color:#ababab!important}.plan-container .cursor-help{cursor:help}.plan-container pre{overflow:initial}.plan-stats{font-size:13px}.plan-stats .stat-dropdown-container{border:1px solid #dedede;padding:10px;background-color:#fff;position:absolute;box-shadow:0 0 10px 2px #0000004d;border-radius:3px;margin-bottom:18px;z-index:6;right:0;width:300px;max-height:70vh;overflow:auto}.plan-stats .stat-dropdown-container h3{font-size:17px;width:93%;text-align:left;border-bottom:1px solid #dedede;padding-bottom:6px;margin-bottom:10px}.tippy-popper .tippy-tooltip{text-align:left}.tippy-popper .text-secondary{color:inherit!important}.splitpanes__pane{transition:none!important}.no-focus-outline:focus{outline:none}.table-nonfluid{width:auto!important}.more-info[title]{text-decoration-line:underline;text-decoration-style:dotted;text-decoration-color:#ababab;cursor:help}foreignObject{overflow:visible}.plan-diagram{line-height:.85em;font-family:Noto Sans,sans-serif}.plan-diagram.plan-diagram-top{max-height:30%}.plan-diagram table tr td:nth-child(3){width:50%}.plan-diagram table tr td:nth-child(2){max-width:0;width:60%;overflow:hidden;text-overflow:ellipsis;white-space:nowrap}.plan-diagram .legend ul li{font-size:13px}.plan-diagram .legend ul li span{display:inline-block;width:8px;height:8px;border-radius:50%}.plan-diagram tbody:after{content:"";display:block;height:10px}.plan-diagram th,.plan-diagram td{margin:0;color:#4d525a;white-space:nowrap}.plan-diagram th.node-index,.plan-diagram th.node-type,.plan-diagram th.subplan,.plan-diagram td.node-index,.plan-diagram td.node-type,.plan-diagram td.subplan{font-size:13px}.plan-diagram th.node-type,.plan-diagram td.node-type{font-weight:700}.plan-diagram th{font-size:13px}.plan-diagram tr.node{cursor:pointer}.plan-diagram tr.selected{outline:1px solid #00B5E2;box-shadow:0 0 5px 2px #00b5e266}.plan-diagram tr.highlight,.plan-diagram tr.selected{background-color:#fff}.plan-diagram table.highlight tr{opacity:50%}.plan-diagram table.highlight tr.highlight{opacity:100%}.plan-diagram .tree-lines{font-family:"monospace"}.plan-grid{background-color:#fff;line-height:.85em}.plan-grid>table{border-collapse:separate;border-spacing:0}.plan-grid>table>tbody>tr>th,.plan-grid>table>tbody>tr>td,.plan-grid>table>thead>tr>th,.plan-grid>table>thead>tr>td,.plan-grid>table>tr>th,.plan-grid>table>tr>td{font-size:13px;min-width:20px;padding-left:.5rem;padding-right:.5rem}.plan-grid .detailed{line-height:initial;margin:5px;width:calc(100% - 10px)!important;max-width:700px}.plan-grid .tree-lines{font-family:"monospace"}.plan-grid tr.node{cursor:pointer}.plan-grid .grid-progress-cell{position:relative;background-color:transparent}.plan-grid .grid-progress-cell .grid-progress{margin-top:1px}.plan-grid .grid-progress{position:absolute;width:100%;height:initial;left:calc(.5rem - 2px);top:calc(-3px + .25rem);height:calc(1em + 4px);width:calc(100% - 1rem + 4px);z-index:0;font-size:inherit}.plan-node{cursor:default;text-decoration:none;color:#4d525a;display:inline-block;position:relative;font-size:12px;margin-bottom:4px;overflow-wrap:break-word;word-wrap:break-word;width:240px}.plan-node .plan-node-body{position:relative;border:1px solid #dedede;border-radius:3px;background-color:#fff;box-shadow:1px 1px 3px #0000001a}.plan-node .plan-node-body.card .card-body,.plan-node .plan-node-body.card .card-header{padding:6px 10px}.plan-node .plan-node-body.card .card-header .card-header-tabs{margin:6px 0 -6px}.plan-node .plan-node-body.card .card-header .card-header-tabs .nav-link{padding:3px 10px}.plan-node.parallel .plan-node-body{box-shadow:none}.plan-node header{margin-bottom:6px;overflow:hidden}.plan-node header h4{font-size:13px;font-weight:600;margin:0;line-height:inherit;color:#000!important}.plan-node header .node-duration{float:right;margin-left:10px;font-size:13px}.plan-node .prop-list{color:inherit;table-layout:fixed}.plan-node:hover .plan-node-body,.plan-node.highlight .plan-node-body{box-shadow:1px 1px 5px #0006}.plan-node:hover .workers>div,.plan-node.highlight .workers>div{border-color:#0003}.plan-node.selected .plan-node-body{border-color:#00b5e2;box-shadow:0 0 5px 2px #00b5e266}.plan-node.selected .workers>div{border-color:#00b5e233}.plan-node .node-description{text-align:left;font-style:italic;word-break:normal}.plan-node .node-description .node-type{font-weight:600;background-color:#00b5e2;color:#fff;padding:0 6px}.plan-node .btn-default{border:0}.plan-node .text-secondary{color:#999ea7}.plan-node .plan-query-container{border:1px solid #dedede;padding:18px;background-color:#fff;position:absolute;box-shadow:0 0 10px 2px #0000004d;border-radius:3px;margin-bottom:18px;z-index:1;left:0}.plan-node .plan-query-container h3{font-size:17px;width:93%;text-align:left;border-bottom:1px solid #dedede;padding-bottom:6px;margin-bottom:10px}.plan-node .workers{position:absolute;left:-1px;top:1px;width:100%;height:100%;cursor:pointer}.plan-node .workers>div{border:1px solid #dedede;border-radius:3px;background-color:#fff;width:100%;height:100%;position:absolute}.plan-node .workers-handle{cursor:pointer;position:absolute;top:0;right:-5px}.plan-node .workers-handle>div{position:absolute;top:0;background-color:#fff;border:1px solid #efefef;border-radius:3px}.plan-node .workers-handle>div:hover{background-color:#f7f7f7;border-color:#dedede}.plan-node .subplan-name{background-color:#b3d7d7;border-radius:3px}.plan-node button .fa-chevron-right{display:inline-block}.plan-node button .fa-chevron-down{display:none}.plan-node button[aria-expanded=true] .fa-chevron-right{display:none!important}.plan-node button[aria-expanded=true] .fa-chevron-down{display:inline-block!important}.plan-node.plan-node-detail .text-truncate{overflow:initial;white-space:initial;text-overflow:initial}.node-bar-container{height:5px;margin-top:10px;margin-bottom:3px;border-radius:6px;background-color:#dedede;position:relative}.node-bar-container .node-bar{border-radius:6px;height:100%;text-align:left;position:absolute;left:0;top:0}.node-bar-label{text-align:left;display:block}.detailed{width:400px!important}*>.copy{display:none}*:hover>.copy{display:block}pre code.hljs{display:block;overflow-x:auto;padding:1em}code.hljs{padding:3px 5px}/*!
  Theme: StackOverflow Light
  Description: Light theme as used on stackoverflow.com
  Author: stackoverflow.com
  Maintainer: @Hirse
  Website: https://github.com/StackExchange/Stacks
  License: MIT
  Updated: 2021-05-15

  Updated for @stackoverflow/stacks v0.64.0
  Code Blocks: /blob/v0.64.0/lib/css/components/_stacks-code-blocks.less
  Colors: /blob/v0.64.0/lib/css/exports/_stacks-constants-colors.less
*/.hljs{color:#2f3337;background:#f6f6f6}.hljs-subst{color:#2f3337}.hljs-comment{color:#656e77}.hljs-keyword,.hljs-selector-tag,.hljs-meta .hljs-keyword,.hljs-doctag,.hljs-section,.hljs-attr{color:#015692}.hljs-attribute{color:#803378}.hljs-name,.hljs-type,.hljs-number,.hljs-selector-id,.hljs-quote,.hljs-template-tag{color:#b75501}.hljs-selector-class{color:#015692}.hljs-string,.hljs-regexp,.hljs-symbol,.hljs-variable,.hljs-template-variable,.hljs-link,.hljs-selector-attr{color:#54790d}.hljs-meta,.hljs-selector-pseudo{color:#015692}.hljs-built_in,.hljs-title,.hljs-literal{color:#b75501}.hljs-bullet,.hljs-code{color:#535a60}.hljs-meta .hljs-string{color:#54790d}.hljs-deletion{color:#c02d2e}.hljs-addition{color:#2f6f44}.hljs-emphasis{font-style:italic}.hljs-strong{font-weight:700}path{stroke-linecap:butt}path.never-executed{stroke-dasharray:.5em;stroke-opacity:.5}</style>
  </head>
  <body>
    <div id="app"></div>
  </body>
</html>
